<?xml version="1.0" encoding="UTF-8"?>
<rss version="2.0" xmlns:dc="http://purl.org/dc/elements/1.1/"><channel><title>My Reading List</title><link>https://raw.githubusercontent.com/bryan-crompton/custom-rss/main/test-feed.xml</link><description>My personal reading list feed created from bookmarks</description><language>en-US</language><lastBuildDate>Sat, 23 Oct 2021 15:11:55 GMT</lastBuildDate><generator>rfeed v1.0.0</generator><docs>https://github.com/svpino/rfeed/blob/master/README.md</docs><item><title>Mighty have the fallen</title><link>https://www.189778.com</link><description>&lt;div id="readability-page-1" class="page"&gt;&lt;div&gt;&lt;p&gt;Python provides a large set of APIs for the developer to choose from. Each and every service provided by Google has an associated API. Being one of them, YouTube Transcript API is very simple to use provides various features.&lt;/p&gt;&lt;p&gt;In this article, we will learn how to download captions or subtitles from a YouTube video. The subtitles can be auto-generated by YouTube or can be manually added by the mentor, in case it has both types available we would take a look at how to get specifically manual or automatic captions too. We would also explore how to get captions of specific languages and translate captions from one language to another. Then we would also see how to write the transcript in a text file.&lt;/p&gt;&lt;div&gt;&lt;p&gt;&amp;nbsp;Attention geek! Strengthen your foundations with the &lt;a href="https://practice.geeksforgeeks.org/courses/Python-Foundation?utm_source=geeksforgeeks&amp;amp;utm_medium=article&amp;amp;utm_campaign=GFG_Article_Bottom_Python_Foundation"&gt;&lt;strong&gt;Python Programming Foundation&lt;/strong&gt;&lt;/a&gt; Course and learn the basics. &amp;nbsp;&lt;/p&gt;&lt;p&gt;To begin with, your interview preparations Enhance your Data Structures concepts with the &lt;a href="https://practice.geeksforgeeks.org/courses/Data-Structures-With-Python?utm_source=geeksforgeeks&amp;amp;utm_medium=article&amp;amp;utm_campaign=GFG_Article_Bottom_Python_DS"&gt;&lt;strong&gt;Python DS&lt;/strong&gt;&lt;/a&gt; Course. And to begin with your Machine Learning Journey, join the &lt;strong&gt;&lt;a href="https://practice.geeksforgeeks.org/courses/machine-learning?utm_source=geeksforgeeks&amp;amp;utm_medium=article&amp;amp;utm_campaign=GFG_Article_Bottom_Python_ML" target="_blank" rel="noopener"&gt;Machine Learning - Basic Level Course&lt;/a&gt;&lt;/strong&gt;&lt;/p&gt;&lt;/div&gt;&lt;p&gt;&lt;strong&gt;youtube_transcript_api:&lt;/strong&gt; This module is used for getting the captions/subtitles from a YouTube Video. It can be installed using:&lt;/p&gt;&lt;br&gt;&lt;br&gt;&lt;pre&gt;pip install youtube-transcript-api # for windows
or 
pip3 install youtube-transcript-api # for Linux and MacOs &lt;/pre&gt;&lt;p&gt;Before starting with the process we would like to explain how we can get the video id of a YouTube video. For Example, if a YouTube video has the following URL&lt;/p&gt;&lt;pre&gt;https://youtu.be/SW14tOda_kI&lt;/pre&gt;&lt;p&gt;Then the video id for this video would be “&lt;i&gt;SW14tOda_kI”, &lt;/i&gt;i.e.&lt;i&gt; &lt;/i&gt;all the phrases after the &lt;i&gt;?v= &lt;/i&gt;counts as the video id.&lt;i&gt; &lt;/i&gt;This is unique for each video on YouTube.&lt;/p&gt;&lt;h3&gt;Getting Started&lt;/h3&gt;&lt;ul&gt;&lt;li&gt;Now we would start with the basics, In the first code snippet, we are trying to get the transcript of the video id using the &lt;strong&gt;.get_transcript()&lt;/strong&gt; function.&lt;/li&gt;&lt;li&gt;It returns us a list of dictionaries in which each dictionary contains 3 key-value pair inside it, the first one being the content, the second one being the time instant from which the caption sentence/phrase start to be spoken and the third one being the duration in seconds that is taken to speak the sentence or phrase completely.&lt;/li&gt;&lt;li&gt;First-line basically imports the required packages and the next line assigns a variable to store the list of dictionaries and finally on the 3rd line it prints out the variable.&lt;/li&gt;&lt;/ul&gt;&lt;div&gt;&lt;ul role="tablist"&gt;&lt;li id="tablist1-tab1" aria-controls="tablist1-panel1" role="tab" tabindex="0"&gt;Python3&lt;/li&gt;&lt;/ul&gt;&lt;div id="tablist1-panel1" aria-hidden="false" role="tabpanel" aria-labelledby="tablist1-tab1"&gt;&lt;p&gt;&lt;code&gt;from&lt;/code&gt; &lt;code&gt;youtube_transcript_api &lt;/code&gt;&lt;code&gt;import&lt;/code&gt; &lt;code&gt;YouTubeTranscriptApi&lt;/code&gt;&lt;/p&gt;&lt;p&gt;&lt;code&gt;srt &lt;/code&gt;&lt;code&gt;=&lt;/code&gt; &lt;code&gt;YouTubeTranscriptApi.get_transcript(&lt;/code&gt;&lt;code&gt;"SW14tOda_kI"&lt;/code&gt;&lt;code&gt;)&lt;/code&gt;&lt;/p&gt;&lt;p&gt;&lt;code&gt;print&lt;/code&gt;&lt;code&gt;(srt)&lt;/code&gt;&lt;/p&gt;&lt;/div&gt;&lt;/div&gt;&lt;p&gt;&lt;strong&gt;Output:&lt;/strong&gt;&lt;/p&gt;&lt;p&gt;&lt;img src="data:image/png;base64,iVBORw0KGgoAAAANSUhEUgAAA8IAAAFOCAYAAABNBqQnAAEAAElEQVR42uxdd1RU19fdjzpgAVS6SldARUBQxAYYe8USFGPFGBWNsSRRNMnPFo2oKYomscWCJSo2LFGxoYgiTUGw0FSqEbBRhJnz/TEwzMAAb4YZ1C9vr8VaOvPmvXvPPWWfe+87lzl9+jSBAwcOHDhw4MCBAwcOHDhw+I9ATVdXl5MCBw4cOHDgwIEDBw4cOHD47yTCOjo6nBQ4cODAgQMHDhw4cODAgcN/JxFu1qwZJwUOHDhw4MCBAwcOHDhw4PDfSYS1tbU5KXDgwIEDBw4cOHDgwIEDh/9OIszj8TgpcODAgQMHDhw4cODAgQOH/04irK6uLvULgeZ9/GrnjCXJQFMMwJqcs/hc912N617enoOJXx7G7fvFcFmcgdAAPU6qMqJcMwyLTIag4H/F2D2Zke8mT5fBzW494soBTbjh+8QILLSqGi++5g0sNeqLX3IBQBMjfs3BoS+0lNcplRI8OuCLz785g8hcwAK/I6x0GkxIwPoWfPU9+Ez1RxifScNGr1Klj8OlGTzMe3wW9y55ftD68vpQUzhNXoRdZavQi1/eKM98/rcpbCa9QAkAIyzG3kZ8Noda7EPzBpYa9kXyomwc/1L5frc0dg0mzVyPf+LfQhMjsPlVCMZqlHEDweGjw/vwoTKFz6h+sO1lhbVlOzCcz9mYvGDuTkT7HsfwsqULhn27C3/OslDq8zg+/HH5gM6T/bG7bIPSfYBAIw1/9LZDSPd0XFhp1MjOpARnJuhiWf4VxJx2+3Db+T4TYTU1NekCgSpUGKDfD89x9js9AAIAktcKVLNwPGA78gQnce/FUBhr1UxyXh/QgOvEn3Fa8CWsBPwa399ZpAbfE3/j1uPR0CPlnOSkcs0Rbb1c8SvtxAg+X7pR1NNOhRBX1etYYumB/JWE7ePEn6EKFQIYVTWoqcmZCFusxZ2StUDGSvSxOgcVVQbiY6vG74P1meX4SfU6lhh6IFVFDbWNvWL6egZrJp+H/q8P8e+EFtDS0IOmKgFQYT9uZIOBk0ajhQWU2lbRKDAAA7VGeVaDjFZFAEAFqmqqkFddZIWxby7e+ArtpNPExn22UvSzfCu8eb/ANvwx1nXnf5R9YKAKFQAMo3ydFahm4fh3y5GqdxL3XvSAriYPejyqERMaTE7eqx9mK4tE/OzaGae9nuLSj8ZKkzmb2KhseeVe8Yf/on04l6gG09aDMGv7H/iqTxPWvyfVAkRtGo8FG8MR90QPHV2m4vvDP2KwKf+9juv78KGyjCtjNBbeo5uhjaoK1Bgl2XbGSnhYRWLav+cwSVex40GqBbi+aQbWHriL+JgUoDQAxwSr4SqLjqqU4G7wdCxYfQ4304qhbeyOsQt/wYZZHaEFAgkSceT7APxxLA5xac8B/Q7wHLocP20YCkteBRd1PoBH7wqQEGiLQfN/w6WvtqA/n688H8nx4Ubzw4rgUUwj+QBiWsFpiC+KrLWUFqtrHVcVNagyABjVep/9XtvZyPeQ0AWGYWohWQwYAGAY1HYNkI2MZ4D+FHeYaBOAmtcxjJrwbgyk3ocBwKgIn6EsXWQq/AkBtfalvnYqhrgyYs9jJGRQoYUNfzajUnH/2uTNiJ6vrH4CgGruI+TCGX1620BPT1C9p+zugd6Yvqt3xSRM47EVZcpFMe1Tq7KdRm7r+3y2oseYAQHMx9uPxrLlSl//4DFgNssLlrpaStav9+OHZfl9/bFREe2sPzYqVV4ZqzBxyHaoTDyLqBMtkfLLYMzsOwX6T0LwmSm7nT3Pj3lg7Jfq6H8wCvu6pCPEbzi+6mQMs5dz0VEgeG/j+l59KBvOY+mPdX8DIIEwmCulISpK0x1CCQqLDNDHdzVG2Y7Dyl2Q+TmlkeMxZuJDOG29gMSRLfAyZjXmDh+CWQbJ2D1GC3jxD07eaI1+X3+OZXYGYNJ2YdkXw/FZSjgu/dMDWhASP0bQAp379YUOcpBdAjAajNJ8JMeHG88Pf0xchhG0QK9v9qKXMp9R27gyMvjF99nORr6HpMOqBXxKoEBbUL/l+bVdQuUUTkvNQYM31H7Nq2AVssEmelzt8/BZoIp+SPw5jogWXSPgJ9Cemd3J1kiFeCpGZN9zAQXfLRd+R/l0YRbIqskmuidq8zVa2gHUfWI0FRHRu5DWxJPyjLYIFP2mvnZWoZgKs7Moq4jkRjmF00Jz0NT9kp+X0XnyNwINWRdKSwa2Il0NDWprOo12xElelxOxjMa76ZOuhgbpGXWn8cvvUA3Jpy+nHuhGPz2qow36oFFB0jtSkLSRprrpka6GBumaOpHvkuuUKUsnMxaTkxSZW2K76D58SqFNvUDus0Lp7wX2ZNtchTSbGZH7t9EV8jhIEyp+pw5bmnOx5mPq0g2iYjrlA2rbfzP9Nq4dmRk1o5YtPWne3heS8rw0kwbZgngqRuTSbxOtGwVq7x4mZgMpdHKpCzkagnjqOmRo1Z3GrUtkLQoB5dOtHSNpoKMxGWmoE6+lLX0yfBtdF2tG3g5Qq5azacPPA8nRXJv0tMxp0JLrEuNanLqLZnk2I10NDbKxmU1bv3OiNlhKV1m04VWwCplhKd2W8l3eAZAFhPZT2VYPOzXS1NQkExtv+uboC6n3q+vZORHLaHw3c9LV0KAWzR1p2OjDYrZWTMkhPuRhq0uamppkZDeIvg1+Jvr20XpQc+dR5N1Omwx1fGn9zrnU3QBkbraALuRLyrS+dtY6JrmB5CVFP5thEG0tUJwdCCifbgW5kaMhSFvdlgau3UTTTCTtrm4drr+vlbZc6X/5gijaNADUqc02SihWjA6X0XnyN64pL12MogOl7MaVjc2z98MNR21+mIiIXvxD60aakrmOGmk2MyJzJ2/6OYxf8bsoWmpRUxYMdGncfvY2T0R0LwDUuv0mOrtzDLmZaxJPXYc6tdlG91jGxsaIW/cCQG3EfEc5nSC/pqD+i7NY/b5yzDu4h5Ho8Q/8yB7taeHNxh3X+nxo3g6QOQJFfa3kP31XZbHW4dyLS2mchz2Z66gRT8WIbPvMpu1i9sxqXCOHkEXF5/qYRiEyxmgRl1i1l2Z5mJJR8+ZSuUQlV+iJgfRXQe0yLczOouz8kgaNy6P1knrEFlHzhfHpsZguX58MamdxhPLr+I0JFtSMT/E+5ABv2lmqXL/C8WEF+eHsnUJ7VdchG5vZ9Pt3PWrwjvr4cH3x9VWwCpmK6UrOldHkrN2Z5oZUOevC6A0iW+Npm5NLtwAKfca+j3zKpG09K2WtSX2q+U6Z7LUW1D+uQj5sMWQf/T1T6J+q8+H62qkILsFG/+rzw7LosCxocCK8UB807KfareHl2U/Iree+Wg0qaj7IyrKmY+NTJh0ZBjK3X0pHo59Q9pNo+nuWCbXFAgovqTL0BZ1AvRYmUhEVU9RXIEsE0p3iaje70ola1xJU2LaTMhaTk6p0MsLe8KMosLstLT4unWzqG46iVaH3KO1eKC3oJunwS+KmkzM606Sfr9P9tHRKilhLo0y1ajrdBiTC/NID5KsDch19hKLT0ynpij95aapKkAHWiUDeCuqBbhQYVztBatHckUasvk4pJaVU/PwOHT//sJpcdtFoWNRIhOvXDaHha6A7fX3mLREVU/wWXWqD2XS+RCwhUtMlj4AbdD8jia5ucCAjTclE+FWINRlgEAVef0bZuWmUfG0v/brznkxO8MSa+bT18G1KSs2h1JRQCuwFsu1aNa55O4SJ+OAfEimfiArufkZd0FlEFMspipZ2BHVw3k430jMo+exU6t4UZMwyEaaMxeSCgRJJXmUguzAF5NjvBhERPQxSIUPGmzacukepuWkUeWAkdYBbjfGrKxEuifclO+hTvx9CKSY1l1IfXaQdPhvpXOX3kcPJHu1pzO/RlJaRRFe2dCZTONLqiCrCZIjZdDLlCgV0BRkZLqVrOWdooUWVvrJtZ722WBZEQ2AplZArwg5enu1KJnCkaX8nUsqzG7R3HIgHTVE/2Pi3+voqngjzBVG0rZ9kEqwIHa5O8qT5+vrGVRabr9cPK4SwSvfDlTZhYr+UTifmUXb6fYo8uYl2XX5TMza6oBayUL/NVyaZGgbm5NFjL93IfEfFr1LoVugliX7XFhsbI27xKZP29gPZ21QlsQLKp739QO07h1IRKzkLJzTFdaacTpAf6k4WFD2ubHyoLIlwbTr84Ig/fb3tAkXcz6DsJ9F0coG+RMyRZVzpVi+yksJZ6vNNlVyiVcvZFPqMSFCWQntH1JI85gTRWM2ZYhNaUriCQcNJpryJcPhM4QT642qfSU10K+w3fBbIrKmUBO6BH3WSGgcVPBHD8WGF2GugLcjWbROFJWVQ0hV/8tSXtNf6+DAbeYknwtKS4HKKoqXmILcRoRSdk0s5ydH0z67NMiXC1X2H1ESYrb3Wh1rHVciHm8KJxv58nZIexNLhqSBjKb6ptnYqkkvUpX9s/DBbHW6kRLiYsm9NIme0a9Dsbq1B4YEfucCDfsmsHlhb0owTYq1IXkLucKApP0+mDvCgzXGyCV6mlc4GGn6dqy5GILd5qVJnqwSUT6d8hElLUbUAI77S2tBE+FWwChlhGh0vkRwfeQIhm0TYSndfnatstSXC9euG0PDF9UqQt4L6oquoPY/WSwbUSrIkngg/Wg8ylSOA1zkrdtaJzDBblBzm7YCEzCudryiYxvuQNdzExrOYwmeC9YpwGZ0nfzShGSeENr13ug9tDSsnPiXQeluhHpTRefLXB/nsLqpBhMV1sq5EWED5dHh4XQ5cmGRY6e4Tfc+nFNrkXGVTj9ZXkezwWaAO/W6IxrLPvBSZ2tmQRLihdlCZMIivhPFfrycviNldPTrMpq+VtvzJmos1VoIVrcO1J8L1j6ssNv8+UTlu1f2s1NhYSyLMxuYrE2F9+NKhfDliYyPErcr47zgimgpveZO9uhutiuSLxprNGApeBdFggD49JKC7G0AWmE1nSm/RQn3Z7bVBYOFDZUmE2fZf6GM61vAxDUmE6/NNlVxCXDdfhVhLrHzJlNi9x0T4VYgrtYIjzT4nTE4KkjbSqDa1r5RT+nLyYkwkfKZo7N7tpFHQIu81KZSvFCXj+LAi7bVDHfbKig+zkNerYBUyxmzac2FqjSRYfCKvtt2TCkuEFWSv9SXCEn6rIk+ozs/rSoQVxoc/wERYRZ7t1OU4hAmqWjDudgjM4C1Y6qb4feSvE68iAVfwlSkjegdOjRmHYLxBfkZVEQFe+x/xV9BdHJp/HG1+2Q//zkra2N52DWLKCbHHnZW2d761lbno38307EEoQTEAAVIQeRuIu9AD2kyVPGwWAW+RhkxFvRKWKIAWnNBRs+qz9r2sUYYkPFJCf40HOsFEmbphZQxRzUZeS/BQhJxi4X/TEwAtS3d0Er2P3BFuHSSfYz06EJ1brcYACy+M+zwAv+6OQnaxbG3NC1sG3+4G0NUStlNjUCxeoxBFEu9CG8NEs/K9GS3o8oCSkhJhX1Oi8Qb2sLEWdQTtXWV5z9oFbiPe4sHNbDDPQ7Al+Bh2/RYPlN3GzWQXdO+hBdXnkUh6DhyarC2SpypjiokXgNf3s1k9R4BERCYAbfzcoSf1+ywkpwA6w+xE36vAErYOwOurSSiobG+RFrQqXv5oos0DwIMWAUVqJQppZ2PYgQCJSH4EmPa2Q+XbtIKmDrAzYq/DrPvKAFFrR+PrfzSh0c0eljzF63DdfWU3rg21+cZ5d1MP/Wd1x8tLA9G+1yjMmr0Of51/BlnFxcbmAaAZvNBT2UVlFRG3NOxgaG8EHW2AKZLvFjxdZ5gZmkMb1Ojj2lAfyjZulaT9hfmj28FCV11oz+r+OIc3KH2LRvdNLdpVOZtmPJ6IS8gCVfTE+lxCBi1Cx/dgj028j+PA/FcIGdESPB4PtvbhcJnaB6rSLi44AX+vHyD47BR2TapZw0BFfSrW7DTCzSVWMGacsfKu4trJ8WHF2+uLOuyVDR9mK68C9WDMHbYLqUUmcOjYQlJn0B8z5wNX/O3Rbdg0zFu9DWcT3ihFnIqw13p9sKuFyG9Ri1bQxVsRH2YDZXOJ9wm5EmE1+CCYX4ycyz6gM7OxOlI5jWuB2TgnXLUW+yvB4bmMBBG7ew4QaJYg5++axOtjgnqTOqtPoO+qrGqyIOTQKrh+pP1VNeQpVTdYOYe6vjRfhNDsFJz91Rfdm8fgr2+7wss1GFls37/PW4/xA4PwYthxxBRUtPFyL2gBEk5OHbo1EwzVEjEj5UFb/EutFjKRe7deQM7ZGDy9eASYsQgW4WGIi4vAfXRFp4pAWQIbLLxJNfQr4bx7o+oEX7/iH2IdJm1AM/PDamdj+DdWfSXAuHUQbtyeiOIj0zD3bLFCdfhDsvnGgIF3BO7nXMa2z92h+zIYS4Z0QP/vUtnX3GBp8wDA6PKg9cFKQg9GbYB39wuh4bgal+KOwb/TS2QXAGpmumCTvwuatYQegOL0EthMi8blnK/RUyMXhc+BFm11G5noyO9D2egwH3ewavhUXM37ASH3i0BE4L/biYEoeS+jxyN89FCBCT7ZmILsl/nISM1FmiAEY5tfhSqM0bpaEryw90jEOd9AyB5nqTYlKNuFJdNy0H1NCrIpBt85KK6dHB9+D2DBh9nIS73MEj5nE7D5k7NY124HEqpxp54bCakPt2H+SD28urQYYzu5Ys5l+m/a6wfGJd57IlyZQrTy+Bye+g/x8FoDpwXyawaLZh36wBg3cKEep5K50xVfn5qG3Xd/h2X8eEz9Q4rpk64CKvCVICcnB7kv3scgWcHRAXi6I6Jex0baDHgoQmlR7ePGa1K14igOsw4qKEYsEsSO7H0Q/hiasIPNB6S0bHWjLpi5AvzUNKSIBZB0Kct9jJolug2fjnkbzuHWIU+UJB7FP+9YJqHRu/GwfBRmBriLVuqe3g+HLKdCNrPqgqZIQ4aYt8mIypepr9Y9h4CJP4OfT6vAZYo/+jkEY9eR++BbeKErANJ3g5PRI8SF1b+qytMygQDFNUi9CjrArWPtOqoCE9haAS9PVQVnAVKRfBdo1seOFbGWpZ1sIW21pqF2oIIOsLUBMq8lieSk8uYuknLY67AsfbWcNhjOrpuwO+ABTg2eg1MFitNhNmS1oeMqqx9+mZONnALlnSvOa9UFAyYtwprgeJya+wpZqy6L/ERFFgWeAOCrFSvF5uuLjY0Rt1RgAkdX4PWjSyJySLiDyHuA2aCaycbLnGzkPiutNgnnCrdeQOqJmyI7UH14EjfRHnbueo02rmx8KI+ngnfIFrVTgCykp8sgr9e3EZdgCa/ACXAyURd+dv860qCh0HFt7BgtbVwVbtEvs5Gb9bL2FTBNPRia6EADd3B8O6Dfb7BohZpKzmNh75GIbHsRhw+71+pvVNJu4BH6oP9My1qvqWwHx4ffLx9uZtUFLXEfjx5XPetBlGx8mK28msMTEzw6wDckCJ10p2O+lElPHZtPMM5vA3aEXcNa52TE/5n0gU4O6Cr9bBWFcIk62snaDyu4ryoNvQGvCcBXkz9Ym3UEXhWeweG0txLJm6BdAL4aEY99Y/yw6+JjpD9JRtyN7Vj/6Tf4u0L7Sx4EYJxfE/Q7vBk+7aZg614rJM6cgO3VExrLHtDHdYSeyJKaALLCk+UY3NoYA/1iGl2/Gehh2EpfNE2bCZ//nUZsWh4y4iNwfOcsTAtMlLiWr+8GR/17OL0mDGk5uXiZX1ojqXbrBtzfsAMR6XnILqwKQE3GBMNLZydWTziKmIwMJF+dg2+3qKLd4gnvZWtUbWCjG/Umh2MCYYk/8OsxISF6fvUbbKk2tA+PzsGafeFITstFztMYHNpzGWWwR0cNlg3tMBSGiMaFisBYkr4Vi9cAshzdzndYhLEdzuLA4hih08/ZhZ8Py3YPgfNo2GMLQoK9MMTRBH2GxmPvH4kwmOAEPQAq6Id536kgftlozN0bjbS8dCTfPo09S0dg3QnJe6l3+QyGCEXwzlTkZr1EYbGYjgaMh1raAoz/LgyxaXnIeXgDR/234FoFUeg1cziocCVm/BGDtLx0hG8dhbUxjui72Jmls2Lfznp9sZoNzI1SkbA7BtmlpRIkrKF2wEAPwxd0RWHEUnx7KAVZL2IQPG8RbmhqstZh2fvKg/Pqa/i8405873FaNEvbYB1mQQAbOq6ygF++E77GJujpeVHxfgVZOLl2Af4KvYe0nFxkpx3GgYtA8352ElthVWACcxvg2eEziC4sk5x0VIDN1xcbGytudZyxHDaaaxEwIwz3n8Xh9MIJOJrjjc/mSp6dzMd1rOxsgq5tNkmsqKjAEp8usEdBxEJ8fTgRaY/DsH76DpQ2mYMpbo03rmx8aDOXqTBGGP6+TABKkHpwMY4K1Nn7k2Y2MDdMRfzpVKEveXsHm7/diQwpFKsh49qYMbq2cWWdKuUl4kFcLJJSgVJk48Hde3iQkFsj4b34hQlsTMdjd2F1e0zEqfVbcOzybcRdO4otI12xOtkT0wPdoVWRBC/rMwCn8gOx9Ed95MXFIS4uTuozUPIGDLSgqV2b7Sdi8ycmcDRdURGvOD78vvgw32ERpthGYo+PkKOm316I749W2SsbPiwrR2SazcbWXfZIXjUBq28JKnTiAoKm/Y6QmKfIycnBg8jDOJaoCoNeFh9mIqyIca0DCuMSdbSTtR9WdF/lL5ZVVdinrmvqf4n8Gv02wpCMNKWXi/97fldyNNASlesePfkwJRRXlYbvMuaGRFXLU1MkS8hXFpkJX9KJbJuryF9quxGKZY3fIaj68ExHMqlWYEX8aBqetjl19ppKG8/+W+N+2ZEzydNMrfa+Zh2g2d2aEU/KsTHi5eK1dZxo5LKLchW3YVMsq8+8FKm/vRcg/SgB8YI8delGZXGADhUVkSsLt1QvXJJzaSYNat+MDMyEZfHnD5EslpV+ZjIN7G5FhrrqxKgKj8MQL7/PpoBG/A4vcjNrQYZtbKmL82zauXUEWWA8BctQHKDy6A8jfTOydxhP38x1YF0sS7y4j6h40wM/skdbiSIboqN6Ko7A0TV1Io8RAXT0Yc2CQreC3ES2VN0exI800G1hW+P4pAf7Pq06Dqj1IPoyOFNkv4/WV8k/fAGoa8W9L0wB9RyXKFM72SD97FjyNFNTih0IKJ9uB9Y8PmnMbwJW/o1NX6sfn1RVLKUFjfg9X0E6XF+xrPrHlY3Ny+JXujMg54mK98MCyqer63uQm11L4birC48+ipZyOldx2hahflQ7PomNzVf6OHF/JmtsbKy4lXNpJnk7apOmpia1tvClDVfeyFRUSUD5dGvzJ8IjN1SMqKOb9ONHlDmubHyogPLp6gYHMm/ejAytutOI+dtotoP0Ylm16XDhjQDydtQmAzNzsrMdRF/s/4mGwEjKqQfSx7Xy/jVjn+RxJnX5JrZcojGKZZ3yqdmXFvCVsIPK66r730p5HJ5sIjqOyr7LbNoiXsH9gR/Zgd0zKN6H2tdxfFLl0WgWDTi6jePDCkTl8UkVx51VHp90WwY+XF98rX58Ep8yKfRTYUGo8BLhcYTbPu1MjuZC/6dn1F3240Rv9SIjKTpaWfBNkfZa+7iy4MP1tFORXKIu/WPjhxWmw2JgiIhqmyHbaNcR58fn4/z3erXOoO/sZYqgV6E4EzkExh/uC08cOHDg8N7AxyFMZvzR5MS/+GM4Jw958fqYDdqNssHyzDOYYcLJgxtXDhzqWexBARI2WGDAognYRUEYIO2a5yvxicEG6O/OxsFJ8hFZjg8rD483MBiwaDvCyQ+ce+CgaNS9NbopcO1HY+gzo/B7obQfm2Bs4AwYqfrCXlcT/VcUcBLlwIHDfx4CuoNTf5xDTM4rFJdl48bGb3EVPhgzgJON/CjBrZOP0XbEKkzk2BA3rhw41Ie742CpYYA+6+0x4LeFqM39vrm+B+lYhmWT5M9eOT6sOGRc/xPHrz9FQUkpCtN2Y80fgMWqwVwSzEEpqHVFmAMHDhw4yJkI4wI29hqGoHt85BQ1gaXDBCza/BumuqlywuHAgQMHDhxqwdP9g/FpwC3E5ryFKs8e/ecGImhlXy4R5sAlwhw4cODAgQMHDhw4cODAgUNDocKJgAMHDhw4cODAgQMHDhw4cIkwBw4cOHDgwIEDBw4cOHDgwCXCcuJ2b1gzfjgm6++eLIGzGgOGYaDFuGPd449f2AKkYnNvBh5LsmXua+g44fcMw8C2xyWZn83HdSwyrLwHD6O3FH+0cizHBcwxZuC7k9vVz+E/hIwV6Mm4fbC+sBx/YQxjiblh3FA1TI6H8BnDQKuVHfpNrDoTWlmglwex0MMYxpoasHY8jWJuCDhwaFTwcR2LDBgM2fiBFNiSl7dzkI37c/iPJML6PvAe0wetZf1d2zWIKSdQ+nJ0geD/hbAZ6KHz0AkY6Kohc1+HHiQQES5Mke/ZquiJ9bmEcgrHQv1STvNlwOv9qmjHbEaKkpOcXswg7C6UM5CWb8FQxgqLIpUrizsLGFhbHUVd4friVAbdRsYopwGpuzB/gjucLJqAYXgYu0mOyZCCEwj0bg0LXXXwmhujS7+lOJ0p9n3WCazzc4WTRRPweDwY2w/GzC2JSksQlCovReGqA9rUQ4xUYIWBk0fDs62SCaMFg2kHlJAQChLxd8AweNq2hp6mJvRaO2PMrNNILZHxPijA7Z3e8LTTA4/Hg4mRO2Ztk5bOluDOfAZaDE+CAKvBB/uIkHPaBQX7lmLHXeUObeJP43Hwqi/25rzD47gh0JLVN7HQjQaPOwv/pkzdYGuvjeWHOTRyovpfG1d5eTsH2bg/x4eVwodlhZrSn2Dhj8DDnCFUGkOvb/ahFycKDhzkQ+kLwHAc/H/pgQMj18v8cwFSsWvYSPxSsBR/Rn6BLmoPEbroE8xvbQwzmoOOAF7f3IVzr30wb31XtG/Dx78nv8EX/n1R2DRN7jMm/wtQQS9M/+sj9m7/nsWJ8Nbo/80MfG9vACZ1JwJmDMX4lBu4ct4dbEf+8ZZWGLywG0b9dBg/ejRFaW4qcstrEqCXtz7H9AgPOOGK1Ps07TYUtjiIZ+kAHJTX7ZxsQKuzF3rocTrMgQMHjrdz3P+/xl1qIYunlnrCyYiBloYuOrj4Y/89vsQ1wm1whph6KBQBo6xgrKmBJrrOmPl3xQrNraGwrNjKayBltliAROyd5Y7u5i2hp6mJFsbumBBwQ2HbwOj5SvRiPPCrtBs+WQJXZhB+LxSbvbdXB4/Hg2m7Ufg2JJ/VM/i4jkWWjNRVqXJcwBwDBlP+JgiQhe29qrYlf8jbI0qyDyFglBWM9DSg1cQC/YfsQ7TYikhe2DKM9+wAC111aKkaw87DHztk0I3Kbc1DV+/DbM/WMNbRgVlrP+yMl72tr16cQcAgfehpata4R106/Hq/KsyZZYiScs/nBxlYMpuR8CENSv55iRVMC+dR+OWScOcA5a1HX4aBmro/TiMVG7oL9aw5M1h09jdbW0tYyqCN7Wac2zUW3S140NLQhUPb7UgAcH228L6uPwMpqWPQosK2neRZySwtQE5ODgrlWWK1W4SfN36JKSNcYCxPQHp9DiE3gH4/rMQQ2zYwsu4Lvz8D0Ra/4q+K2f5mo4/j0t+LMGV0b3Tv6okhq/7CApdcxP1xs1GHXUB3sG2cFSw01NGqlRdmnc2S4sc8JXzc9YXCFftiluNan26UHWsDLYYB43EPz7AToyrG3YxZL7KRyq28DMNAg7GTvjU6/zzW+doL/UYTC/QasR03RG62BKHjGJgNCMKm8e1hbtwcrVp54at9+fL5sJfZyM16KfMKPmOwCMHhW7Fk2jB4unWDh+8f+G0G8OzCUam+QnpMOImfFgowYEMY/vzyE3R3cINHP1/4DGolObalJ7D0s1SM3bMA9rXFMGiBh3KUNIKuqQGQdYqHjW7UF1/zjneAOTMKe7Oqrr84m4F1U6EPZuPfZMHLnGzkFCh+RxTbdhYm/4xp3VuIdhzIw3nq414kENq0nbEqtFSN0aHXQlHsq+Qs1bfgPtrCwEJ83Oq4Bxu/AgAvYzaK+qrVxAKubpI7bxrCvcR/P8jJBMaaGsJXCST8yocVX0uyDyHA20HkA2vsRKrm+zcPZODQdjsSWTqA5zuFYxglxrHX2zH4ZHU2q76y4e2VMWfm7vkY5GQCXV1dOHfZLsERBXQHe6eaC+NWm8GYvXW+zK/0VG4l7jH7NA4v7AA7HVXwmhujx+IqvpF78zv4djcQydx3RXSNnWq5N7+Dr5sF9DQ10VLHCcPHHKnQT2HM6dg/okqfXm/BUKaTxKp/fbYmQCpOLXMV8Uwja3eMD7wv1g8W3L/O2CgcV/1W/tj4yyA4WTRBC20LDA64AVk20dfXTkX5pvfNhxWaCCdutMKkH7XwWfAjJKadwRKbLVjk8CUulFZ3RHk4v2gLyieH4/7L18iMXg7vNhXOslsoUolAt3qhudRHZ+Fl+af4dsdlxGQ8QUTICJTs7YlJqxWTJPL13dBZ/ypir9dMUl9HH0Eh+qKnrnD2fvh0BsPWxSLpSTJCVhBOjx6C9SwSM1W4wKMr8CQstuZ3zyMR/7wPnHoyUIEJpocT+JSCTb0+3G3JgtIT8Hceh2s663As4jGSbm2Ga9FETO97SWR0hYWFaDPhV+y/mYK09NNY1+UwlsuqGwxw6+ebGLLvGbJexGK1y0785H1UJsMGA9zesBNN5lxGbHQIxrSWvEddOtys5zfQRzSiaxCpEsT/A+j0c0ZH8b608ELLnkpeLuG1grGmOTS1a7bp4sIB+OXhFARFZCH93iUcXO4FXZViEXkPI0J5WRCGwBILbwq30L+iM5ipK7ut5RVswE87RmDDjdcoeBGD7VutoAWg5xbhfaPmA1aWR5BPwv/HHneu2RU9oJUjr/aAHWINS2NbzDre+DpOTDFKoAPiMVWfaTMgPMbDa8W1EK5iFP4LNG9rpJyhlyqvEkTMdkXAEQ+sikxD1LWpKP3jD0TL+TZLbeNan26oez9FMRHoSie0xjSEVIx7Bi0S2UjlVt4y2oXhKJUahLePH4Bf40dhc2Qq7ketgEP655g+6KhEoM05H4ynk2KRnp2HSytjETLxuxp+BeDByNgWhtq19/XiFyawMR2vgG1VJSgpAdSbWsCU5S9U7+5HVIk3Opv+T0jQDczRu9f6GgnAmZkjkTBkL75tX9fWfi1AG1B9q9SpTzBFAJpoyeyb2OhGffFVf+R1bJ5yDGvtg5EC4PW5TzFr6yAsjhXuzmDn39jpBh/XsbKzCbq12NSgiU5p9sqmnYJ3B+HvtgAJptsQ9vAhbga7I2djH7k4T23xVYAshIzsiO+veWH16XSkpZ/G/zodxBKHb3C9VPiK1LiRwOMVZ0S2J0Ai/tkBGM0bjY4V5L2ue7DxK3zcQeDohUgy3IuwJ0+RHnMUq2dKngLbEO5V6Zdz8iwwYukJXE5+ivu312NAgdCvFMig/40RXwXvDsLfZRyO5czA5shUpCUfxZrhL/AkQ3oSvHOAK/68vw0HHk5HB57ibL2uvrLj7QBf5Qqub3fB+ptZKMj4HU45n+PbDdkScWve8R747lIaov4ZD+b3X5AgZ9xKDl6G4JZ/4nReMQpTQ/FN32bCufT4zzHY/RTUfY4h4sFDRISMQOmfvfCZ2ARP6d0J8HT/A/8O3IxLyU9xJ3o9Rqo9RaaCbA0A3h4bgOmr9THh6DOkPYvD1V2z0b2VQCzBqpv7s42NbwpCEFa4AZfS3iL1Vk/krfHHahm26dfXTll804fMh+UnhtVQTuG00BLUZ3FW1WdlQTQYoPE7BKLPymgXjQKoz7wUqhO3epEVplEI1Y+o+SC7lqFUJP5h+nLqgW700yOSCQLKp8PDQT3HJRIRUfz2YTTztxTRcxycb9ArukD++iCf3VVP5FMm7e0HcpuXyuo5T3aCbLCdMomo8EYA+X1xijKJ6N1ZJ7LAUrotdi2fUmhTL0nZkox9vTAF1N49jORFOYXTQn3QqKCiGt/l7QBZI5DuiX8Y70O2GE8HSmu5X1kQDUFHWniTWOlGGZ0nfyNJGbwKsSZTLKCrLPtQeQ/xMXoVrCK6R306XEbnyR9NaMYJIj4l0N7pPrQ1rJz4lEDrbaXL5n1BQPm0tx/Isd8NqqtVwnGwlBgHWW3tXgBIH750KL/u31lZHqH8BvQpb38L0oIOjdsv/z3K6CBNAGjMbwIZ9T+KAm1Bth32UUIxEb3LpAvzm5Kuhkatdpl7zJ7aYBBte9h4415OJ2gCQGN/KpKwE310r/IPGYvJBR70S2bV78IXCMdH1nGt1w9f6USt6/HjZbSLRsOC5lyspsN5K8gdNhKfl17xJDMMoj8yiYiK6ZSPpF4J8lZQX3SlwDjZZXfKB9QMg2hrQQMHIX05eTEmEvGhXlzpRLrqOtTawpc2h92j+4lHKMADZIFNIr+aG9KduiCQbhNRGZ0gP4AGb6g5OHxKoW09QV08QimlWDl6VpS9i6aZ1BGTWPZZmm6U0XlW8VVQ/A/NtgR1/yaQRhkb0Ijf8xvs32qNfQagttVjnCLtto52vgpWISNMo+MlkrYma3vq5F4P/Gr4hHI6SBPQkmacqIrpnTCwwvaEttYD3WhFvAz3qMevlFf459piKVvdkBXvzjqRGWbTuQ8svj7dDDLGbDpfUjcv+2TNRdo0ANSpzTZhfJIlru4AmVf4FaE8EyjQFtR3VZZMfa2Tt2csJme0k5DDhSkge5swUdzyqxa3Xp7tKhm3WKCSK1vp7qNMKWN2yqdmPx6tB1lWcPFK/t/OojauIow5HfrdqLrvK9m4bOUzTavx/Lr6U93P1h8bheMq7jfKKYqWmoOG/cQ+LtXXTkX5pg+FD8sKlZqzH4+RlgpYOohtPFTrCidzIOtRTrVFOR7ae1nKl4CjALc3j4SnnR50taq2Xb7jFypkKxgDPXQbAOSdjcVz3MDuX08h7MsziEcGIu8AZj5OaPr8JpKeA4cma4sqMqsypph4AXh9n90sbZsuPtDGDUSV8RH15484/ccWnCwEHoTHQtvdS2Jl8UNHfDjwGF+jE1NVoZrpfAhPkIPcfyvmY9L+wvzR7WChqw6mYsvQObxB6VvIpBst2lWtrjXj8UAokXkrY2sr86p76NmL7lGfDqvCBW4j3uLBzWwwz0OwJfgYdv0WD5Tdxs1kF3Tv8eG8B8pAD/1ndcfLSwPRvtcozJq9Dn+dfyaTrGSxtWbwgrIn+/THv0ARFeLA+MaXpypcMDdkPZzLPkNHLR60eF2wtOAHeNu/k3p94d2Z8J5chgEh+zDdpvHaqfI8HmmwQdveVbrYzH402spZOLC2cVW2HwYAJvECstARLl3EVhPtPWGKx7iXJDYJbGUMURN5LcFDEXLkmOgderC2FUMZUHAC/l4/QPDZKeyS4b3wsmI1lJYBPf63Hf5eHWFnPxqrf/WBCnbg2F2AXu3C7Cll8I5cANd6t2tZYuKmJdC4MxRWWjz0X6G4irKEAuzrz0DbeCou8Jdi1f+MFW9rzyNZxVeG1x8bj/micN3XeGCwE7u+0FOS7QsLRoqvWDcmMhIF0IITOmpWfda+lzXKkIRHMscF6fH1deJVJOAKvjKtiuFqzDgE4w3yM4S7D/gOizDc7BxOHBTq07PD3yMLn8Hbgf096vMrKuiPmfOBK/726DZsGuat3oazCW9k1o16d7qELYNvdwOR79IYFIvXKETRBxZfk+8A2pZe6KlZ9y63qLWj8fU/mtDoZg9LnmL1TxF9rVzlbCNWEJHXAijlF6C4Im4lVYtbze295I5bxgOdYFJjFTUFkbeBuAs9oC3GVW0WAW+RhsyKXQ6RCUAbP3foNVhutXNZ69GB6NxqNQZYeGHc5wH4dXcUsmUQKNvYqApjmGhWtkcLujygpIR9hK6vnYr0TR86H5au0w1Cc2g0ke+Xb451xbC5r+C6NhFpxVXbLhWJNj19oPoyArEpl3FXKwDDux/DtX/jERluB9eBWhUL7Tai7S7ifwnn3Vk9g+/gjY6IxJ1HN/FPxBhMmpuJi2ezEB8FmAxwwsdWWsfK8giKqsniLV3CPBPhdqdVw6fiat4PCLlfBCIC/91ODJRKmevWDZ4CTj5SbyK/Mbn1AnLOxuDpxSPAjEWwCA9DXFwE7qMrOnX+sMbEwDsC93MuY9vn7tB9GYwlQzqg/3epSrE1RpeH/+/loDTtFiL4AaEkKw3pedmI2NUG7+IAfRPJrc8v45ZidI8wtN5wBdu8W7wHp19tJLSY+n9UJNu4NoYf/uhQcAILe49EnPMNhOxxlske1PVMYAILtG5X9SsycoEZ8vAsHWBidiHs1R2s7KMNHo+HprxPsQPAmQATWJvtkNgOJ0Aq9s5dgzeuoUgpLsH57/UUqFt6+Ow8oSh7F3qpr8bK/ymnbgXb+Prk+kFka2jg5f1LSOQONWgQ92qB2ThH1WVegsNzGdFk4LgJwu3RT5GOEzuAtotHS0wO1HeP+vwKAz303EhIfbgN80fq4dWlxRjbyRVzLpPMulFrApq3HuMHBuHFsOOIKaj4/eVe0AJkIsaNGV/ryahh3DoIN25PRPGRaZh7VvHnFDS0r40+cW3Iq1VWfVdl1dCdHFpV7wRjreJnilECRjYua74IodkpOPurL7o3j8Ff33aFl2uwwt+tVUfNWV2BqgxT1Y3Uzo+BD7NKhBlYw8ISSL0rFhjLbyM2HTCxUdw7cg/CH6OZpT+WjzCBXsWsWrqUetykzYCHIpQWyf4MvoM37HEboX9eAQ2fg8mjo3FuzTkkwA1u7QHSd4OT0SPEhclPAhj0gmePJERsP4Zo3XGYP9EGGWc34PItWzj0l424sO7r2+IGzIDwwGsifTapfW+gKPVSjfeARMry+jbiEizhFTgBTibqws/uX0caPqyS8Gx02LrnEDDxZ/DzaRW4TPFHP4dg7DpyH3wLL3SVg+4pqwiLaNRadcGASYuwJjgep+a+Qtaqy1LL15e+ld/WWCO/gWuFDSmWJcOY5OTkIPdFHQmxsTEMWwJvz23ENXii96CqIFgaF4BRnn+h1c9XcWi6Se1PqSjMpGgI9DvDVvsusu5XEcd3abeQKxaoSUsbmigW8xclyMlSjh8G6YKRsy/UoR9MkIA70VWfld2/jExYo5OdEkZezmJZAEAl57Gw90hEtr2Iw4frWE2oRYf5XQajPVIkxo3JuYNc6KO1OYAeBxGbkYS4uDjExcUh+uEmjFIFvObdwKnIsRKrHwKkIDIGcPl8SO2rQ2VZcvcVALSMxmGaO5BxLUl+gdeiG2zja8mDAEzx74ixFyLwrdtGfDUqrNZ3PEsb+L70y5xs5D5TfqYtrZ1mHVRQjFgklEranybsoKjNJs069IExbuBCPe8PdpzsB82X+xCacBwHY7phsJ+xzPdgAx2bTzDObwN2hF3DWudkxP+ZJJNu1Bnno3fjYfkozAxwF9nH0/vhKPsA46utS93cqhKW0wbD2XUTdgc8wKnBc3BKhk0gPJ4K3iFb5AsEyEJ6uvx9lTdu2Wk/QlpMlUd6df8SnijwpFYVWMHRAXi6I6JWP6GCDnDrWNc1PPC0gPK3VVxGJSsJhXK0k1GzRLfh0zFvwzncOuSJksSj+Ofdhxcb62qnYn3Th8OH5U6EVdETk/2B+LV+2BD2GNnPInBgoj9iMRs+ExiFdcSsI1CSegaXKt5cf352On48LSWZ1XeDo/49nF4ThrScXLzMZy9cBq7wdL6DA+uK0GeYMTr1G4jsP/7CG92+cNEEVNAP875TQfyy0Zi7NxppeelIvn0ae5aOwLoTbAVogm59gJjtwWg6xAv6rpPgcHEj/nnljl5OMibuLPrauX8LvIzfgR3RL+QiQCqwgls34P6GHYhIz0N2YdU9TH2PY5DJFiwcvhmnk58i7Wksrh4OxJxpe5ECgJrZwNwwFfGnU4W/eXsHm7/diYxGOI5apllEFjoscB4Ne2xBSLAXhjiaoM/QeOz9IxEGE5xk3krDL98JX2MT9PS8qPiECFk4uXYB/gq9h7ScXGSnHcaBi0DzfnYSpJnUbGBulIqE3THILi2V0Au2tsbWbl8VnsHhtLdyTU4BDSyWVVqA9AexiHuUgQIA+c9iER/zAOnVE94nyzG4tTEG+tWsal12bQt+3H8BkZGRuLL/C4ycdBsGg5fiM+sKN568CoP6rUPZ0D+xxCVPlLQ8SHlVbWwSsfkTEziarsA1hetwf0yZBNz+MgiJJcIqrn+uuYx/xRNhfTc4Gt7Chd1Ceyx5sAJbLirHD8OyB/RxHaEnsmTakiVs5wRM6/EIIV8uE/qV+3sx/8vLaGrhh6Emird/eYtlUcl5LOszAKfyA7H0R33kVY57Qm4NP1ubDquojccsn9c498N0HLj+DGmpp7F+ziG8rtx6qm4C87a2sLUV/rVvawg9PsAztICdcfXyNMVAEcCvY+fLnW9N0cbUE+vlPmuYB9IWTq7KjVp0g018FeAClo5dA5q4C7/27gL/I4HQOTsJX+yTpK91+TfWfrqiWFbXNpuUdipAXe1sMiYYXjo7sXrCUcRkZCD56hx8u0UV7RZPUNhWbUG7AHw1Ih77xvhh18XHSH+SjLgb27H+02/wt5hI+e1mYnjHc/hl0u/IwmcYbS37PeqOWxcQNO13hMQ8RU5ODh5EHsaxRFUY9LJgrRv1osNQGCIaFyqKHJakb8XiNUD5BxhfTT4/gEEmW/D1oO24lPwEORlJuLp3Bf6KkG6Tzquv4fOOO/G9x2nWq3bNXKbCGGH4+zIBKEHqwcU4KlCXua+KiFvXvpyD7bHPkJ12GIuX38Y7BdoYAz0MW+mLpmkz4fO/04hNy0NGfASO75yFaYGJVdcEjIda2gKM/y4MsWl5yHl4A0f9t4hidfveQEFEME4VCGUTumYHHsnIZR8enYM1+8KRnJaLnKcxOLTnMspgj44aH1ZsrK+divRNHwIflt1x1/Ji98n5LmRrpEI8dR2y7zKbdt4sl1IYxaBGYRTxF8OB6n+aopfFBfwE+numPZkbGFDb9rbUs98m+mOO8OX46i+3Z0fOJE8zNQJkf3k7aj7IRFRE6QT5Na1WqIPy6daOkeRhq0uampqka+pEHiMC6OhD2Qo0VBYDqHxJv/Kl/crCA0aoKQ99KcUI6uurgJ9Ae320yEgTxEBXvoJDWQdodrdmxEPNojLFWQdpychOZK6jRprNjKityyCauf6OaEwKbwSQt6M2GZiZk53tIPpi/080BEYSelCXblQWuhIvvEZnOpKJDAUu2NyjPh3mUwIFuoA6uIcJX7p/4Ef2aCtRDIT1C/x5K6g7A3KeGK2U4gBX1/cgN7uWpKuhQdrqtvTJ8G0U/UJKbZ+zY8nTTK3GuLK1tXsB0u1P0rav0W8jDMlIU6jDjiNk73ODimVlLCYnVSl+pXoxi4rrpLWv9MZi8rDVJV0NDdI1daIx0y/SY/ECeEEgnhR7rS6bcoqipRbCQkiPlVAYgi+Ioj+nWpG5gQGZW7mR7/c+1KVaMb3cMxPJzVyTmrcVjuuv06UXy6ptXNnqBp8yKXxJJ7JtrlLDN90LkObrq93jxT+0bqQpmeuoEU/bnHr220TXX8hWuETpxbIe+JGdlH60gC8Fy6DDgqJrwnHTUSOeihG5dKs9ntRVLKuMTtAEqNXhk4rpwhSQDkbRnkz59ezCFJBV51C5i4/UpRt1xVcB5dOFySBLBNIdscJAGQdMyQzeNYrT1ebfPqRiWfW1szB6A0110xP6ch0nGrnsIsk6dHXFV5FNz+9KjgZaxFPXIUOr7jR68uEaxZfuLRH6zv5SCqWxuUddfoUviKJtn3YmR3Nt0tTUJD2j7uS75LpEXxvOvYopfocXuZm1IMM2ttTFeTbt3DqCLDC+hr1+CPG1OOsgLfG2FPlA508CKPSZZLEscT9QnLyE3NFCavG4WvuywYHMmzcjQ6vuNGL+NprtIFksq66+suHtbAo0VsYtIw11atnSk7746yvqiT70mxzFsuoqxpsTsYzGdzMnXQ0N4mmbU2evqbTx7L81r3HTF8b6FrY0bPRhke3zBVG0bThIt5khmdsNoi92Laa+6FSjWFZdtpZ+ZjIN7G5FhrrqxKgakW2f2RR8t1yi6Fi93L/O2Fh/ETRWPqm+dirIN31IfFgWMERE4MCBg9x4fcwG7UbZYHnmGcww4eTxXwE9X4lPDDZAf3c2Dk7S4gTCQaF4eWsi+rrdw4j4OHznIG2F8w5+sHDFhc7RuHLcWe53+xMCGAxYswC78zfgEz1O7hw4cFAg7o6DXWcV/FC6H+M0OHFwfPjDgwo3bBw4NAQluHXyMdqOWIWJXBL8n8Kb63uQjmVYxiXBHBSIchzCBFUGRkPuQO+z1fBzqCV4Pz+LW+kD4LfFuUEF7jp8ewDj+uzHRGMG1o6nUcwNAQcOHOTF4xPCrasF71Dy4jq2f38Iqp0nYACXBHN8+AMFtyLMgQMHDhw4cODAgQOHhiF5BUaN24LLSQUoUTOBS4+FWHtwDnq04ETDgUuEOXDgwIEDBw4cOHDgwIEDh/cObms0Bw4cOHDgwIEDBw4cOHDgEmEOHDhw4MCBAwcOHDhw4MCBS4Q5/P9Dxgr0ZNyw7vGH2bxy/IUxjCXmhnFDpWw83sBAS0MX1ha+2HBLoOSnleDe5r5wsmiC5owzVt7l5C8XniyBK+OJX7M+niYnLGVgrReMAk5eDbKfIyMYOIyNqPWK5wdaQothwDAMTJhlCj/nmrMDDhw4cGh88HEdiwwYjN7yYZY1FCAVm3sz8FiS/fEnwvzyLRjKWGFRpHIbcGcBA2uro3USo4tTGXQbGaN0cnFnPgMthochG2WjadcXCgmH+F91kiKgO9iz0B1OhtqihCMoXjk9aRx5NRBXHdCG8cOxOpXTCgMnj4ZnWyU7FQsG0w4o/t4kSMTfAcPgadsaepqa0GvtjDGzTiO1RHH3EJTtwhCmpv6pMHrw3Uki3b67fzw87fTA4/HQwsILM7ckSlSHtV5IKCqKwf86H8C2L84qtXJsOQ7if19egun0R8ilGKlHw9Slw/813/R6vyraMZuR8v8giDfvMQsD5tuCpyx7biTd+NChP/4FionwKlgFahx3/KDAxq9waHx8FL6cBW9qDB+qTN4EAIQC3N7pLeIsJkbumLVNtpmukrS/MGtIGxhraoDX3Bhdei7E0RS+iBNd29ATnratoavFQKuJBbr0W4qQR5I5QX286b/G29noBgM9dB46AQNdP54y4VyMrMDLW59jeoQHnHBFrt+3br8Jpw72FCqCQAuahhZiMyRZ2O/tim/uTMM3W3+Cp7U68pLuQ8CdulLPLE0vTP+r18fbgX/P4kR4a/T/Zga+tzcAk7oTATOGYnzKDVw5787uyJN67sFTH4mgZEcUFjOin7y7+RlGzm6HAaOEn5Xe8oH3hAdw/j0MSd4t8DJmFfyHDsQXhg+xZ3RVKxg1S7j1AspO5CALgJWSxKL6/CleUif0GWYCzgT+W2g7eAuCBnNy4MCBAwcO0vF4SysMXtgNo346jB89mqI0NxW55ewTKz6uY9knU3HFYBOOPvgUluX3sG/aJ1hkbYy2tAguKAaa9IfPd274wdIQuvwE7Pn+M3zVjkEbWgVXGXgTh5qJcK9v9uGjYu5UDYLcQPICCNX+mmEQbS0QXsOnBNozszu5mbUgXQ0N0jPqTr5LrlNmtXvdCwC1br+Jzu4cQ27mmsRT16FObbbRPSIKn1XzGQDIcUR09SbRhSmgrlI+F6Ekn7Kzs6mgiOQCv+Q4+Vu706rkk+QH0OAN+TL9PnwByKpzKNX6+Hgf6ggP+u0RNQpqkxdfEEV/+liSuboatWzpSTO3fkE90I1+qmxXxmJygQf9klmtb5ZHJPpW17jWpxvvQloTT8q4t0Ug3au4powO0oSKz9VhS3MuSunki3/op/F2ZK6jRjxtc+o5fBtdf1H5ZTGd8gG17b+ZfhvXjsyMmlHLlp40b++LGrcpp3BaaA6aur92eRYXZlFOZiEVKWBsouaDTLCArirpHgLKp8PDQR3cw0TtjZoPssAmelzVI7o+GdTO4ghV1/QnQSCzpuLXKh6CvBXUAw60Il42HWbjm4iIirMO0hJvSzLUVSeetjn1G7yX7hRX+q5rtLQDqPvE6KrxTF9OXrCmiUeEn3xIvomI6FWwCtlAyphU2OvyY2vJ21GbeOo65OS8TdTXSn24tWMkedipkaamJpnYeNM3RyXtoIx20WgY0JSDp2iJtyUZaaiTto4TfXFIILwHX2jTtkYqxFMxIvueCyj4brlMfXi0vkqOVrr7augdn1Lo5FIXcjQE8dR1yNCqO41bl8hep9joBht5NbCvZXSC/LRBfecFkHdnQzI0NKSObgEU+ox9bCQiKkjaSFPd9EhXQ4N0TZ2qxddiOjwcZDU4kNaNNCUjDXVqbehNq8/9K1V32mCpdF9RR1+FPtiM+o3pSuZNDKjL/O3020iQnpY5Dd+UUq8cyimcFlqAxvwmkCKj8+SvD5pcoV912Ssr1DOulTYw0NGYjDTUidfSlj4RixeVba0e9x8GgczF4lJDdYONX+FTCp0M8BDZgX2X2TLbGp9SaFMvkPusUPp7gT3ZNlchzWZG5P5t1XNyIpbReDd9UYwev/yOyCbz9rcg82rxpZxOkB8P5LO7SGF+hY3NN1g3sg7QfO/OZGvYlHjqOmRp403fBj+TiTcpErX6ciIqjN4gsnmetjm5dKvyG2x4E5u+1qUbbOOrsnlTpa75BskfNPmv15MXVCXa9y6kNenDm3aW1vKjyCHUBp4iPiwLb1ImbxdQPl1d34McDUHa6rY04KdAmmYCGlUhnzI6T/5GoPE7xHztmY5kgtl0TkG8nV1emEnbelZ+p0l9FmfJyNvfH1CrMpYF0RBY0sKb0hztedo0/Wc6djGeUrNzKCliLY1qDeq7KqtGsNcwMCePHnvpRuY7Kn6VQrdCL0k4gaj5wkSrLsUKnw8a/EPtpChvfwvSgg6N2y8HKad8OjUF1GdeipDEyJkIo7kRGeqqk24LySBbmVy0sl9KBzcMIzezFmRk6khDJh+mhGLlDKp0eRVT+ExQK9VptC/6KaUm7qGpjiAeusuVCNc2rmx1g650otaYRiF1kspdNBoWNRJhPqXQtv4gE/ulFJr0hFIT99BsB5Bt1yMVhitMhDXQnb4+85aIiil+iy61wWw6X1Ld6UZRYHdbWny89nac8pEeDGRHMYXPamiiWfc9+K/XkxdjQl+eqnKK4TNBltgucX34TOnJ9JOd1Z2/EpCxWHICRkabr9M3lRynaUagHlOOUMT9DEq7F0oBHiBH9zCRjylOWknusKEvTwmITwkU2AXUZcyNGgH7ffumSrw8+wm59dwnNRF2ghbZdF5AR2If0v2bP9DgVpK29jBIhQwZb9pw6h6l5qZR5IGR1AFuFBgnaWejADJpPYi+Pp5J+cUlVPD4JJ2LKCM+ZdKRYSBz+6V0NPoJZT+Jpr9nmVBbLKDwEtn7ci9AeiL8KsSaDDCIAq8/o+zcNEq+tpd+3XlP5vvXpRv1yUsRfS2jE+TXDKSjOo1CnwnveWoKyKaa/dXpQ0sPkK8OyHX0EYpOT6ekK/7kpakqNq7CRFgF5jR8QzSlZSTR+aWWZIRB9Ecmu0S4vr5WTkYO/iGRHuz3IGMYks9vKRS/qz1ZYyndZuGnTvnUQuzyVlBP9KFfMtnZKxt/Ut+4nlgzn7Yevk1JqTmUmhJKgb2E8SJfzNbb6ewTET8+JdAmZ5DbvFSF6QYbv3J3A0gXg2j9xUeU8uwG7R0HMpYSt9gkwi2aO9KI1dcppaSUip/foePnHwrn5uKmkzM606Sfr9P9tHRhjDbVEvEewasgGgwjibhbesWTzOFLB0oV41fY2LxCdON+IH31v7/pUswDsXZ2luof6vPlikBtvrycomipOchtRChF5+RSTnI0/bNrc40JtDp5E4u+1qcb9frQxuBN8T7kAG/66fg3wskrfTPq1TOwpiyonvbZgroMvkiZRCQoS6HDPiDbDvtqLNgREdHrBDrsI+RElbYmC29SHm8nyj1mT6Zwo7kHH1PKsxv053gQD5pyJcIN5e1sdKNSx6onwvXz9o8sEa7Nudu1DK2RMOnDlw7lyxcU2KIhZDM3pDt1QSDdriQxciTCD06uoV1HrlJEbBxdDplHg9pKEp+o+cJEuVu3TXQ69gHFXvofDW4lJAlFjTTQ5XSCJgA09qciCfKpL2ciXN+41qcbDUmEBXkryB02NQK1mYgICkmYuF4J8lZQX3SVCNRsobBEOH05eTEmoll1Zdzj0XqQaTWi+irElVrBkWafeyFabRrVBqQvRf4lkcPJGh60+spb5awGUz7d3mBErTGNjpfIqct1+Ka8HSBr8VnyisBqi/EiEkdE9GSHCZmrTKM139iTGZZKJbPv2zexSQCc0YbmnahKPi5MAdnbhEmsvInrCp8yaW+/KoIvTlj7zJOy0vfAr4ZPKKeDNAEtacYJxSXC0vRW0bpRn7wU0dcyOkF+TUE9l6VIPLcLuknsgKjLh74KViGjavYRNV989UeYCIuTNH4FGeq3PJ9VIlxfX4WJsB2tjhCuBnyC3sJrMxZTV4yv02+LT6rZYDtlElHhjQDy++IUZRLRu7NOZFEx1mzttSF2IA3vzjqRmThRjPehThgomkgQ7loRGzMF2kFtfqWcwmmhpSSBLC8LosGoRnJZJsJWujVJv4Dy6ZQPyLGf5MTfo/VCfcqsuGbvCPFJDKE8O1TselOIX2Fh8wrRjRqySaBAl5p28r5RXjHxNKq+VVAWvKmuvtalG/Jyf4XzpiudSFddh1pb+NLmsHt0P/EIBXgIJ+hlmhrNP04LuoGgySMeQDYmgTVXHy/3IqOK1U1D02m093G5XLxJWai0K/EdfpWrs/Ikwg3l7Q1JhOvn7e8PclWNJhTg9uaR8LTTg66WsDiP68/AO34hqtcBagYv9NRT7vZu/fEvUESFODBexn682oXZU8rgHbkArg14frthizFldG90d+wMD+9fcHyPJwTYjK1iL5Rrv7LDtJA5GOzYDo6eP+DXxUDmiWBENdb7ts/jkQYbtO1d9W5DM/vRaAv5KgTXNq6y6Ibc7yAkXkAWOsKlS9Vn6vaeMMVj3Euq+oxnZQxRE3ktwUMRcuSodDD0IOEVncFM3QY0uuAE/L1+gOCzU9g1SUsp9+DjOn7fAlgv9pfQ5ybex3Fg/iuEjGgJHo8HW/twuEztA1Upj1DvthVrfK5gpUcTGDD++EeRSnh3HKyYFnBbyIP7tpUYoal4PY8PBx7ja3QSLx7W+RCeIAe5/1ZdZzotHKv67sTydTqYEbEKPTU/LN/E/j16K1i4iJQcvBZAKb8AxQBUn0ci6TlwaLK2SBaqjCkmXgBe38+u9l4PD+29LGvc/3XiVSTgCr4yrZKnGjMOwXiD/AxSWD+sRweic6vVGGDhhXGfB+DX3VHILm5ceSmyr20sqmpElLdtDzPcQloiOx+akSiAFpzQUUwn2/eyRhmSIF7LRaufndh7/B3g1gl4fj2JVfvY9JWBNjS0AWhpgwceNLUBkBY0UYzSdyxk0MUH2riBqDI+ov78Eaf/2IKThcCD8Fhou3uhowz22pBxBYC8sGXw7W4gikkag2LxGoUoqvSdDosw3OwcThwUlrB6dvh7ZOEzeDs0nh0QHiMtFbB0MK76UK0rnMyBrEc5Mt/PeKATTKp9JkAKIm8DcRd6QFtM5jaLgLdIQ2bFO34jJlsj50QwrgHg4zwOHgRcAgZDS0F+hY3NK0Q33t7B3lkVRUoZBqpMR3x9RxPv8j+sUmUq6I+Z84Er/vboNmwa5q3ehrMJb2S7iQx9laYbioa8vKmsWA2lZUCP/22Hv1dH2NmPxupffaCCHTjG8oQJAVKxb8pIhDGbcDoyHrFRRzC23deYYRksWaisx0FcTkpCbPg++FnvxDrPXUiQgzcp7dVVpCIuBWjV205UT4Vv0Bl2RvLd72Pg7e/H/uTAm2NdMWzuK7iuTURaMYGIEDW/ls7r8j7YgjhMzC6EvbqDlX20wePx0JT3KXYAOBNgAmuzHZD3NAa1LkNghnvITxP+X9cU0IUdzMQ8j5lla5QjB1nvGrG/1UdCi6n/R0WyjassuvGfQcEJLOw9EnHONxCyx1k+e2BxD/7V73E4dRB85xpXM3ITfLIxBdkv85GRmos0QQjGNr8KVRijdfUgdGsWlhzywHdX3iKDgjBAkXJwOIjUknxEbihBxOff4USpcsRtZXkERcLdLqK/t3QJ88Qjf+k9XEoHoJKGqNv/f89dKYENFt6UlAURIeG8e7Urm0OjifR7tMBsnKPq9yjB4bmM4hpqvgih2Sk4+6svujePwV/fdoWXazAae2QU1dcSFpcrIzbydRq/r7W2xcEbHRGJO49u4p+IMZg0NxMXz2YhPgowGeAk6jsre20Imcxbj/EDg/Bi2HHEFFQ843IvaAGiRFkVLhg3AXi84gyeIh0ndgBtF49Gx8a2AwVC1ZBXG7tG31VZNXxCTkWRIABoMjQArjiGw2EA/+ovuFwyDd4jGIX6FTY23zDdKMH1Ra5YcNgJ34XlIZ8IfErBJufSD26sGOih50ZC6sNtmD9SD68uLcbYTq6Yc5lYe3pZ+lqrbnwAUNczgQks0LpdlXckIxeYIQ/P0lkmNre+xIqTHvDbK1x8snUZjdV/+IH3coXEAhXUTWBrawvHnhOw6lQQ2jxdgMCTsvMmZYInANSaVvuMX89kAqPO8XZFJsKlb2t+9iD8MZpZ+mP5CBPoVcwmpDfkbI/8Bs45lBYgJycHhbKuIPQ4iNiMJMTFxSEuLg7RDzdhlCrgNe8GTkWOrTZjVoKcnBzkvmAxo5V4DRnohBYViwJtXTyhjjRkiHn4nOxnUIMR9KoVwit5mY3crJcKH2iBfmfYat9F1v0qx/ou7RZyURXcSEtbONtfJNZnGZkoa90gXchLH6hDP5ggAXeixWR+/zIyYY1OdkpIJirGRJ4FKio5j4W9RyKy7UUcPuwOPTl0mM09BMjCyY2XwbPww9jaSIKmHgxNdKCBOzi+HdDvN1iC6AFA3v2T4GM0fPpo10LSS/AyJxs5BXKSCU09uI6ZAjMk4sHTBpq9FN/UvjdQlHoJ1+tongBZCJk8EpF5+xBxthsSvppQ+1Fm78s3KSIB0HeDk9EjxIXJf55fsw59YIwbuNAIxxExapboNnw65m04h1uHPFGSeBT/vFOcbjRmX5+fr5riVnt4HQ/gBosO7H5r1kEFxYhFQqmkX9WEHWzEriu+kCS2upGIyHuAUTUHyNMygQDFNXxXY4wrg17w7JGEiO3HEK07DvMn2iDj7AZcvmULh/56rO21we2I3o2H5aMwM8AdlhX8/+n9cJRVu67jZD9ovtyH0ITjOBjTDYP9jJUnLyl+hYE1LCyB1Lti9lp+G7HpgImNkUIeqwIrODoAT3dE1Hl8E6M+EuOGp+Hm7xE4v/sytNwnoL+m4vwKG5tvqG4IkILIK4Dz58swqmNTaAEgJCDuoZyNLcuSmwewhY7NJxjntwE7wq5hrXMy4v9MYsWbFN5XOX2oIngTv8tgtEeKBFdlcu4gF/pobc4uvpYVZOFfMBBoi8uuFYBilOfVNZ3wGmX/ksy8SVm6oYIOsLUBXkRV2RpT/ghJz8X9hhZ42sCbf6t8SmFWrHJ4ewN0o7F5u0ISYVKzgblRKhJ2xyC7tFRigM06AiWpZ3ApsyLon52OH0/L1wCzjsCrwjM4nPZWLAGTkXSEWMPS2Bazjss69WQC87a2sLUV/rVvawg9PsAztICdcXPJa58sx+DWxhjoF1PNAV3A+k+/wV9Hr+FmXDwun1kJ37EnoYI5mOVWQYT6LMEYy7P4+bMduJT8BMkRv+GrtYDpiAnoLXGvRGz+xASOpitwTdGzw+iPKZOA218GIbFEeD7tn2su41/xRFjfDY6Gt3BhdyqKAZQ8WIEtF2UfT1a6YdkD+riO0BNZKCmRLdkg/QmY1uMRQr5chtPJT5F2fy/mf3kZTS38MFQJ+30ufmECG9Px2F0oexK8rM8AnMoPxNIf9ZFXMeHyICG3hsOsTYfZ3oN5vgNbT+qg+9pRNRJlARJxav0WHLt8G3HXjmLLSFesTvbE9EApRzgVA4KmdQSp8p3wNTZBT8+LcsuTtLQBiQkXGX9fh28y9T2OQSZbsHD4ZqFuPI3F1cOBmDNtryhpeHawKxYd8sbi+xPg2H8Xds28go2O6xFd8gH5JoU4936Y950K4peNxty90UjLS0fy7dPYs3QE1p1gSSbbBeCrEfHYN8YPuy4+RvqTZMTd2I71n36DvxW4u/Dh0TlYsy8cyWm5yHkag0N7LqMM9uiooTjdaLS+MkDCwUVYFZaCtMdhCJy3AyVNJsDXgd3Pm4wJhpfOTqyecBQxGRlIvjoH325RRbvFEyQIWDpWIWBjNFL/TUbYspkIyfHGmOmS1q/e5TMYIhTBO1ORm/VSRBgbY1xVYIJufYCY7cFoOsQL+q6T4HBxI/555Y5eTuzttcHoMBSGiMaFa8LOl6RvxeI1QHl139ZuJoZ3PIdfJv2OLHyG0dbKsYPa/IoqemKyPxC/1g8bwh4j+1kEDkz0Ryxmw2eCYladGehh2EpfNE2bCZ//nUZsWh4y4iNwfOcsTAtMlLhuwBRrpNycg+9DW8FlnqcoVijCr7Cx+YbqBgMT2HYGnpy6hJQKch+xbASOvpHvfNM735qijakn1t9VvK8W4AKCpv2OkJinyMnJwYPIwziWqAqDXhaseJMi+9oQH6oI3qSiNh6zfF7j3A/TceD6M6Slnsb6OYfwWuxVhfriq1qP6fBUvYxdn23HpeQnSEs9jc1f/oRn6AfPAYCg9ASWjluMrSHhuBkXj8iLO7BwhD+iMAqDBjIy8yZl6QYDPYyY5YoXJ1Zh+yPhuMb+4I9L0JRIlj1cgUd7QoRjX3Iea3+p6d8UwdsbohuNzdtlU/q66vKcHUueZmrEq1YmW8BPoL9n2pO5gQG1bW9LPfttoj/m1CyCUlthFMkXq6/RbyMMyUiz9iNKGqsgTZ3FsjIWk5NqzfaVUxT9NsKQzIyFcuK1tCUv35olwYtTd9EsD+FRF9rqttRv9JEaVaPLKYqWWiivai9fEEV/TrUicwMDMrdyI9/vfahLteq9uWcmkpu5JjVvKxzXX6dLL5ZV27iy1Q0+ZVL4kk5k21ylxjEA9wKkHzMhcY8X/9C6kaZVZdj7bapxfFKHfjeq2vUqiIago1wFIOQu+vDAj+yk9KMFfCmYrQ6zvMe9JSBTsYqH1YsXHJ5sIpSVihHZd5lNWy6/qbWASfVKidULHnRnQM4T5T9mQli4rFOdxyfVWzOsFt9EVHHkxshOZK6jRprNjKityyCaub7ieJCKYmNj94oXEDlPCy2qHan0gfmm2ooE1VfcTnTMia0uaWpqkq6pE3mMCKCjD6sXpTOQfkxZpU3P70qOBlqiY05Gy1D1vrJoTnUdFj8aLf3MZBrY3YoMddWJUTUi2z6yHxtTr26wkVeD+yo8Pmng2k00vrO68AicngukHp9UV2wUP0pFW8eJRi67WMvxSVqkq6FR6/FJAsqnW0FuIj8rrsN19bWMDtJn6EKBcULfORT9hXJMX069MJJ1saJ3Z51EBRkrj3arLMrEyl4VYgfFFL/Di9zMWpBhG1vq4jybdm4dQRYYX8MP31siPPqjv5SjPxqqG2z8Cp9S6OR8F+ERTRXHJ+28Kd/xSbUVqSKqOD6pm7noqJ7OXlNp41lJ/eG/20m+KqCWUgobKsKvsLH5ButG/nGaP8iIjPTNyNbKjUZ+uZcWuNUtG+kQFgzTwSjao4TCPnxBFG37tDM5mmuTpqZmrUeS1sWb2PSVjW7UF18bo8iooOiakKtWcBaXbpK6xSa+FsasoqmebUmHB5F+ba/QL74giv6c3IMczVqRroYGaTYzIqc+s2nH7Tdy8Cbl6obo+CSzVmTepj31+GIBjWpTrbBayk6a5gDS0TenLs6zadfGT6QWy2oob69TN25VFR4T/5MoLlYnb39/YIiIwOGDAD1fiU8MNkB/dzYOTuIO7ObQyPpXnorgMVZYlR6K2LghUrdGvz5mg3ajbLA88wxmyDmLV46/4KMyFaUrM3F4qQk4Tefw/wXlOImZTUbg7XZSWoE0Dhw4NC74uIMfLFxxoXM0rhx35mIWB043/h9BhRPBh4M31/cgHcuwjEuCOTQyHm9goK3tjP/Fj8fnfwyq9f3gWycfo+2IVZjYgK0sahiHbze7IXO7DQwZZ6y8y8mfAwcOHDh8oET5+VncSh8Avy1cosOB043/b+BWhDlw4MCBAwcFgFsR5sCBAwcOHLhEmAMHDhw4cODAgQMHDhw4cPggwW2N5sCBAwcOHDhw4MCBAwcOXCLMgQMHDhw4cODAgQMHDhw4cIkwh1rxeAMDLQ1dWFv4YsMtgZKfVoJ7m/vCyaIJmnOFhj5+ZKxAT6bzhzeOGSvQk3HDusfcEH2s4OM6FhkyYBgGDMPD6C01T/17fqAltBjhNSbMMoWfX87pHwcOHz9e71dF2w/JP1RDwlIG1nrBKOCG6iPissDLyC8wyFkHepqa6L+CGz258GQJnNWEMVyLcf+oY2bouEq+wsC2x6VGs/kGJcJ8XMciCwbTDiheICRIxN8Bw+Bp2xp6mprQa+2MMbNOI7VERj51xR/jB7vCQlcdTRgvbHosmVRe29ATnratoavFQKuJBbr0W4qQR2LtQAGuBY3CIHdrGPOEZDGq2jOsFxKKimLwv84HsO2Ls3IfQM4G5TiI/315CabTHyGXYvCdQ81rLk5l0G1kjPQxK9+CoYwVFkUqV6HvLGBgbXW0TiWtq52KDODtmM1IkVfHG0leHP6juOqANowfjinh1qroifW5hHIKx0L9UqnX6I9/gWIivApWgdr/h+T//5G9KjO+KtQPK1GHZRlXZcurJO0vzBrSBsaaGuA1N0aXngtxNIUvyx1wd/94eNrpgcfjoYWFF2ZuSRTxBUHZLgxhqohg5Z8KowffnUoo5ZKxAr2YQdhd+GHbARsu0bzHLAyYbwveB8wl6uS7LHgmKw3LPoSAUVaw0FUHr7kx3BzW43qF6xcgEevtqusXD59tez9cVoAsHP76T+Tw9+N+YSnOf68nk28SIBHrXRl4LMl+7/qnTN2o117brkFMOYHSl6MLBPiYMfQggYhwYUr91yrS5j9c7vPvWZwIb43+38zA9/YGYFJ3ImDGUIxPuYEr591ZlykvfcHAoMcMrOl3EN8soGrOpxho0h8+37nhB0tD6PITsOf7z/BVOwZtaBVcK64pfGuIPhN+xCg7H6zcKf05jJol3HoBZSdykAXASkliUX3+FC+pE/oM485f5cCBAwcOHBpjUmLZJ1NxxWATjj74FJbl97Bv2idYZG2MtrQIrmy4yC0feE94AOffw5Dk3QIvY1bBf+hAfGH4EHtGa4FRH4mgZEcUFjOi37y7+RlGzm6HAaMYbhDqQNvBWxA0+ONtP1ueWWdiWXoC/i7jEGUViNXHe8Ne6y2e3H0JvWpzKL2n3sCvX2oLn8vTgpHZ++GyhCykPwP0p7rDmCOzHN6jzUtZES5B6DgGZgOCsGl8e5gbN0erVl74al++XA8oeZmN3KyXMs8sMQaLEBy+FUumDYOnWzd4+P6B32YAzy4clWmmrN3ozfh16ecY564FHiQ9AgM99J75PWZO6A+P7p3h2HMCNq4ZAiAClx9XCsgEw7/ZisX+n8LTvu5naWoB/KbFSleAEsgeFClvPfoyDNTU/XEaqdjQXTgj2JwZjN8Lxe5dMaNopKcBrSYW6D9kH6IrVuEFCMeyjgzcJ8VUjWfGCvRlbDDpqPCT67OF93X9GUhJHYMWFTOPTvKsOJQWICcnB4VKEunLmI2Y1r0F9DQ1odXEAq5uS3E6k728BEjE3lnu6G7eEnqammhh7I4JATeQVe05uTe/g6+bBfQ0NdFSxwnDxxxBQm2NytmFCSbq6PttDOstH3lhyzDeswMsdNWhpWoMOw9/7LgntlLxZAlcGU/M3D0fg5xMoKurC+cu20XjCgACuoNt46xgoaGOVq28MOtsFnvder4SvRgP/CrtJ0+WwJUZJJJZ7s3v4NvdQCQv3xXRMm1tqbevAMrxF8Ywhph6KBQBo6xgrKmBJrrOmPk3VQTgAtze6Q1Pe3XweDyYthuFb0PY+7dyXMAcYwZDV+/DbM/WMNbRgVlrP+yMl7TSB8fGiVZ/jO0HY/H+TNG3ZcfaCLcke9zDM+zEqAo7MWPW164b1YkPS/1rMPLPY52vvVDmTSzQa8R23MgX9vHiVAYd+0egtjhSOZtPAmFb7YxVoaVqjA69FmK/2Lg1RP9k8W+FyT+LbF6vtbPM8nq+k4EFs14UgypXWT5ZnS0hr0Dv1qJVGQvnUfjlkkCMADZM/xoPkjqsY2aH/mOOilY92OhwQ+2V7biy9vk52cgpKJX5d8ybW4hNVUX3L+fA3dwARtZ9MW9+a7xFBBLesbvHvUMnQZiDtV84w8LAHI4DN2PdZ89w6+szKKjgI+btneDo6AhHR0d0djTDk3OJaOE+B5/qNvLIp/2F2V7NoaepiXbt/BGc3LmGbYvbPb3egqFMJ4kV+/r8cH26wYZLPN5QtbopfZtk3X6YnS9nby8vc7KRLQdfkYVn1obMHSNxKSsQO64tgq9HVzh288Twz0eiQ7UlM01zO5GOOdm2l5qENg6XFRIQ9aayTkrdwTJLBqpMR3x9B7i61kS0c2K82G6QumJOo3PZBuiGIiBAKk4t9YSTkXDrewcXf4n4W19sJBTgyAgG5oMWYsFgY1gYGsK03SisPVPEmlMrCvXbvEIS4Qo+fj4YTyfFIj07D5dWxiJk4ne4UCN+8GBkbAtD7dofcPELE9iYjlfA9psSlJQA6k0tYKosbXmTiCM/nwYfTnBqI8fvtQCVN8pVaKa4CIAWNOuQOU8PaOXIqzGxEEaE8rIgDIElFt4UbkF4RWcwU1dsRtF5HK7prMOxiMdIurUZrkUTMb3vJRQAUEEvLDuyEszecVgcSkISOPoHvByzG3+MFnrTnluE942aD1hZHkE+Cf8fe9yZVTslSGeINSyNbTHreANmHVt4oWVPPanONHD0QiQZ7kXYk6dIjzmK1TNNZJIXkIWX5Z/i2x2XEZPxBBEhI1CytycmiZHi0rsT4On+B/4duBmXkp/iTvR6jFR7iszakmDnGciZeAtHfnKGHss+FhYWos2EX7H/ZgrS0k9jXZfDWO7wpYS98lWu4Pp2F6y/mYWCjN/hlPM5vt2QLbKtiNmuCDjigVWRaYi6NhWlf/yBaJZvTvD13dBZ/ypir9fcvvc6+ggK0Rc9dYHS+M8x2P0U1H2OIeLBQ0SEjEDpn73w2Ub2roxNX4WOOw/nF21B+eRw3H/5GpnRy+HdRuj4H29pheHTGQxbF4ukJ8kIWUE4PXoI1stCfhjg1s83MWTfM2S9iMVql534ybtq+1TpLR+MGhWHVl+FIflhHA7OzcK+CUPx403h9+reT1FMBLrSCa0xDSEVdpJBi9CRdSPq1z9FBNDt4wfg1/hR2ByZivtRK+CQ/jmmDzqKLPDQuX8LFF2IqZG885GAyEjAargTBMhCyMiO+P6aF1afTkda+mn8r9NBLHH4pmLbXsP0j7V/e3cQ/m4LkGC6DWEPH+JmsDtyNvZRqLyAElxcOAC/PJyCoIgspN+7hIPLvaCrUsWA2Otf/fFVEajND9PzQMweFQ79uTeQlJ6B+FOb8VlvNRFxZKPDDbVXdn6Ynbz4uI6VnU3QrcUm1pNNovY17YNBtnzc3ReGLABUnooTh56hZYfRGKDBUjOKAUZiHxcPpAW8SYvAPWnPfLMTW0+ZoO8ST+Xs/uK1grGmeQ0uwccdrBo+Fdde/ozTDx/h1G/F2PNzLMrlib91+OH6dIMNl7BeKPzsXkAtc+n1+GE2vrw+LlE16bscnq1NMHi8cl/3ki7nAtwOAXjTjRE3zRp2hgawrLb1vhK3ttjXP3HaCFwWAEreAqrlPJl8kypcsCqVwKcEBLoAfRZngYggoALR2e31xRxFc9lG0Y1a7JUNEjdaYdKPWvgs+BES085gic0WLBKzNbaxMevcZTCLU5CWm4Gby1Pw+5DPsDeLHadWFOqzefkMqAaK6ZQPyMryCOVXfCLIW0F90ZUC40hmnPIBNcMg2lpADUP6cvJiTMhnd5F8v48cQjbwoN8eSfnuci8yAggAGZpOo72Py6Xe4tF6UBsspdu1PKIkcjhZw4NWX3lLyoCA8un2BiNqjWl0vES+e5SXBdEQWNLCmzW/y9sBskYg3RP/MN6HbDGeDpRWffRkhwmZq0yjNd/YkxmWUriUtkTNl9QheZC3vwVpQYfG7Ve8LMvpIE0AaFRQkdzykoao+SC7lqFUVDFeh4eD2lnUIYf05dQDDjTn8h7ytVEnr2+iGySzqjZ3rGpzxmJyRjuJPlyYArK3CauQxQmaANDYn6pk8SrEmvTRnX56xE4vDw8H9RyXKFSZ7cNo5m8pInk4ON+gt1RAp3xAjv1uUFE1m7LEdspUVF+JqIx20SiA+sxLqXF9GZ0nf31I+BE+ZdLefiC3eamsnllG58nfCNRncZaEvEyxgK5W+NALU0BWuvtEY8mnFNrkDHIcES15syudqDWmUYiC9Fpc/6p0PZwW6tet66+CVagNlla0X2xs81aQO2xozsWqz0qveJIZBtEfmUT0wI+6VvgHQeEBWua9li7kEwleBdFQ9Bb62wd+5AIP+iWzuv21pBknGq5/bO31VbAKGVXznVHzQW2r+7y6fNIOkDkCRTGATwkUaAvquypLZAt7+9XUc0XqX6Mh3odsqo2bVMigw7Laq7x+WLrPD6eFBrKNtwTyj9OCbiBo8ogHkI1JIF1/wf7nr0JcqRUcafY54Y8KkjbSqDYg/Vpk92g9yLQOvqHMcbeGm5jtFVP4TIj5ByFH7NDvRpWfeCXfuNanG2y5xL0ASX9LLP1w/b5cBmQsJidVKT5eRtTHM6WBTwkU6ALS0zInr5mhFPMglq7sHED2aEsTjxSJ/Mz5oM0UcukWxcTfpGNbhpCdqgr1HJdYw1cpm8sSFVP2rUk1eAnJ0WfxsROhnpjT2FxWUbpRX47UA91qxMxyCqeFlpJyKi8LosEAjd8hYBUbKzmeuC1V8orBG/Jl4tRscGEKqL17WJ3XSLd5+VDrlDvPyrhqRYrXEjwUIUeOZf2hB2ubvZUBBSfg7/UDBJ+dwq5JSpgb7XEQl5OSEBu+D37WO7HOc5fMM8YAoN5tK9b4XMFKjyYwYPzxjyLbeHccrJgWcFvIg/u2lRihqXgxxIcDj/E1OokXU+h8CE+Qg9x/q64znRaOVX13Yvk6HcyIWIWemsqZLdQf/wJFVCia5VMkVNAfM+cDV/zt0W3YNMxbvQ1nE2SbAiUU4PbmkfC004OuVtU2mnf8QpRUbJuMTADa+LnXuborwF3s9Z6Og49M0bKTBeuVYPFtbPNHt4OFrjqYim2E5/AGpW8lt161aStm3y2AUn4BigGoPI9HGmzQtneVbTWzH422LAsvMNBDtwFA3tlYPMcN7P71FMK+PIN4ZCDyDmDm4wRNPEbkbSDuQg9oi+mXzSLgLdKQqcC+CtvEQ3svyxq/V30eiaTnwKHJ2qI2qDKmmHgBeH1ftpXBFu2MquTF44FQguKK2ejkFEBnmJ1oLFVgCVsH4PXVJIVVNq1P/xSyAyXxArLQES5dxPycvSdM8Rj3kgB+u+HohOu4EQ68OT0BO85txb4LhHdJR5AEF3S2Bl4nXkUCruAr06pxV2PGIRhvkJ9BDdY/tshIFEALTugo5q/a97JGGZLwSFHygh76z+qOl5cGon2vUZg1ex3+Ov9MtCqjSP1T+nY6B3/M6HIFAfbOGDR6Ab7dfAox+Yr3TXXZqyJRWTxOtl0XVTsj9k0ZiTBmE05HxiM26gjGtvsaMyyDWRfIaeJ9HAfmv0LIiJbg8XiwtQ+Hy9Q+UK1l9fr3LYD1Yn9W7x8rEq9TovEG9rCxrlq5bu8qrz3UPq5sdUP+3Szs/XBtvlwmVBQtkrZi2Ch4A+gU++PXrUPg1M4RvacewJJ+T3B75SVhnIcJ+s32h7dnVzg5uGHkrFD8/Y0AqQeDalQDVyaXLcchTFDVgnG3Q2AGb8FSNyXocD0xp7G57PvUDcJjpKUClg7GVR+qdYWTOZD1KEem2NjMtYqfMrCEbXvg32tpCuPU7wsf/vFJBSewsPdIxDnfQMgeZ+VsEVI3ga2tLRx7TsCqU0Fo83QBAk/KfpuyW7Ow5JAHvrvyFhkUhAGKbKPDQaSW5CNyQwkiPv8OJ0qVI24ryyMoqtgCUvn3li5hnvgOh9J7uJQOQCUNUbez8DGCgR56biSkPtyG+SP18OrSYozt5Io5l9lX53xzrCuGzX0F17WJSCuu2kYje1s00GXGTdzckI7wiX6irSZsULmN7WreDwi5XwQiAv/dTgyUMRViqluWlmzvobfp6QPVlxGITbmMu1oBGN79GK79G4/IcDu4DtSq9MjouypLQreICDkVhekU29fm0GhSCzmHjWiLpfhfwnl32XYq0fvVYUXpX8PsyAWe/Z4i4U4qrv6jhyELPfDk75t4GH4Zap29ROPaArNxjqrLvASH5zIK0b8PCQbeEbifcxnbPneH7stgLBnSAf2/S1W4/imfHPTCwjv5iDkZgBHuL3EvaDgGtfTDqQJl+Kba7fWDkMWtL7HipAf89s7BYMd2sHUZjdV/+IH3cgW2RrKVpwk+2ZiC7Jf5yEjNRZogBGObX4UqjNG6uuyufo/DqYPgO9f4PY09DxI7MLVa1E22meJaapdIH1dFxS1F4X378oZDD0ZtAFVLC1FxKwZ6MLcGBPGFtU6+tu/dFmXIRk5h43FZNfggmF+MnMs+oDOzsVpJFf7rizn/X7hsY6KsGpMqYRTLqf/fJsLyFssCACo5j4W9RyKy7UUcPlzHqpqCiyqV4DXK/pV98PLunwQfo+HTR7uWhL1E7mIdAABNPbiOmQIzJOLB04b1Udqsa/veQFHqJVG5fWkQIAshk0ciMm8fIs52Q8JXExBU27uV+Q0MakoulgUAOjafYJzfBuwIu4a1zsmI/zOJtbwehD9GM0t/LB9hAj0IV+jSU8SNqwPcOgJPd0TUuQrIwBYeE5zhsiABS3sdw4/92a8yqLy+jbgES3gFToCTibrws/vXkQYN1jIQ6HeGrfZdZN2v0vl3abeQK0NRNr6DN+xxG6F/XgENn4PJo6Nxbs05JMANbu0BFVjB0aF+WSi7r6TvBiejR4gLy1aiUzWBrRXw8lTVqoMAqUi+CzTrYyfpx0gX8qZ89emfGM0DrwlQUlK7PfK0TCBAcQ0/TR36wQQJuBMtFgzvX0YmrNHJTtjXzi5AXNQWnLg8BoO+9Ubr64exMxJoPVY4cdmsQx8Y4wYuRCpP/9jYq1kHFRQjFgmlkjLUhB1s2BJmngreIbvqyBtkIT1dynWtumDApEVYExyPU3NfIWvVZaQoQ//KsuSOr2wnDNv3HoOZC3fg1L0guOAwQsOrK4l0HVaEvbIZV1nwMicbuc9kj79lBVn4FwwE4tkhtQJQjPI8GTmPph4MTXSggTs4vh3Q7zdYYoVagCyc3HgZPAs/jDWpnaU0iEvUgWZWXdAUacgQywsyovIl/YkWUP62yp+oZCWhUAY6KbNuyMElZPLDCmKOOTk5yH2hXE4tTYdVYALbjkBZapqIOxAKkP4YUOmsW2tfH1x7AnUYw0i3kbkseGjl8Tk89R/i4TV5vZcWeAKAr1bz9/XFnEbnso2gG6TNgIcilBZV9+HWsLAEUu+KxZzy24hNB0xsjGSKjcUXksT0KwFxsUCr3hZycep68bYYjVVbTOmJsLzFsqjkPJb1GYBT+YFY+qM+8uLiEBcXhwcJuTWEU2dRpVcpeBAXi/i0EhShEEkPExGb/ADZxcLiUEvHLcbWkHDcjItH5MUdWDjCH1EYhUEDq0J7SV4iHsTFIikVKEU2Hty9J7UdKAYEdVTA45fvhK+xCXp6XpRf2bW0ARTXUHbWv1ezgblRKhJ2xyC7tFSiD6a+xzHIZAsWDt+M08lPkfY0FlcPB2LOtL0i5X92sCsWHfLG4vsT4Nh/F3bNvIKNjuslKhADgFlH4FXhGRxOeyt3WxVRLKt2J3gBQdN+R0jMU+Tk5OBB5GEcS1SFQS8L1vIy6wiUpJ7BpYp9vc/PTsePpyVJ5LCA8VBLW4Dx34UhNi0POQ9v4Kj/lhpbkSoT5zl7AmHyeDLmrWY3O0nNbGBumIr406nCtr29g83f7kSGDKativ6YMgm4/WUQEkuE1Rb/XHMZ/8qQiDBwhafzHRxYV4Q+w4zRqd9AZP/xF97o9oWLZoUsVvqiadpM+PzvNGLT8pARH4HjO2dhWmBio/VVBf0w7zsVxC8bjbl7o5GWl47k26exZ+kIrDuhKO3iodfM4aDClZjxRwzS8tIRvnUU1sY4ou/ialujLHtAH9cReiKrzkRVGurTv6o+W8GtG3B/ww5EpOchu7AmSVfv8hkMEYrgnanIzXopmnwi/QmY1uMRQr5cJvQJ9/di/peX0dTCD0MrSHq7AZ7gXdiGO3rDMLBpVwzo9Av2nLCFnZtwNUvQLgBfjYjHvjF+2HXxMdKfJCPuxnas//Qb/F2gGP1jY69NxgTDS2cnVk84ipiMDCRfnYNvt6ii3eIJrLfKNnOZCmOE4e/LBKAEqQcX46hAXTKJWbsAf4XeQ1pOLrLTDuPARaB5PzuYKEH/7nxrijamnlh/VwnBO2k9vvopFJGJecjJS8edvfvwEF3QsXpV21p0WBH2ymZcWU/WVRTL6tpG9mJZaj2mw1P1MnZ9th2Xkp8gLfU0Nn/5E56hHzwHsOM8AiTi1PotOHb5NuKuHcWWka5YneyJ6YGSx0Eyz3dg60kddF87qtYERhFcovZJzUUY2+EsDiyuOLkgZxd+PgyJYlntewMFEcE4VSDU+dA1O/BIhnGVRTfk5xIy+GFF4MlyDG5tjIF+8hVEYsMz69Jhly++RSv8hEXfhSEpPQO3D07Djxf00X2+l1C/ktbD//NtOHj6NmLvRuL41qGY9BNgOc4fvd8DlwUAXhOAryZfkqkCE5jbAM8On0F0YZmEbtQXcxqbyzZUN1jZrb4bHPXv4fSaMKTl5OJlfmkFv+uJyf5A/Fo/bAh7jOxnETgw0R+xmA2fCYxMsTEdq7BgYwzSnyTj8oIJOP3GG+PG6cnEqdmgc/8WeBm/AzuiXyh1orfKIdVSLKu+QghKL5b1wI/sKgpYif+1gC8Fy1BUKW9/C+JVu4cqzGnORSK+IIr+nNyDHM1aka6GBmk2MyKnPrNpx+03NfrAph2VhX8e11ZUKG8FdWdAzhPlf2FeWLisE62Ib8A79WfHkqeZGvFQc2yKsw7SkpGdyFxHjTSbGVFbl0E0c/0d4QvpFQXLxu7NFytYcJ4WWoC6T4yWKLjAp2v02whDMtIUykueIgHKLJbFF0TRtk87k6O5NmlqapKeUXfyXXJdatGm2uQl4CfQ3zPtydzAgNq2t6We/TbRH3NqvsCfE7GMxrvpk66GBum2sKVhow9XFWupKJYlPp5PdpiQATxZF6crvBFA3o7aZGBmTna2g+iL/T/REBhVFTjKWFyjcET4AmEBiCIxefw51YrMDQzI3MqNfL/3oS5SCi/UV6jJpKLISDmdIL+mNQsA5UQso/HdzElXQ4N42ubU2WsqbTz7L+tn1NvXiiIto2Eg8Vn14l63dowkD1td0tTUJF1TJ/IYEUBHH7JrQ2WBlcpCE0REdKYjmWA2nRPzow/2fUoedmqkqalJJq0H0ZfBmTWKkvApk8KXdCLb5ioEyFbIh63+ERFR1gGa3a2ZVJsXySTITdQOCXt98Q+tG2lK5jpqxNM2p579NkkUCRK8EhbeGFZR7OrpZpABfCUK7An4CfT3/K7kaKBFPHUdMrTqTqMnH6aEYsXpHxv/Vhi9gaa66ZGuhgZp6zjRyGUXZSrUJqB8urrBgcybNyNDq+40Yv42mu0gWSzr6voe5GbXUvgMdVv6ZPg2in6hOP2rXgxIB6NoT6bifSSlbqYpg+zIzFiNeOo6ZGLjTd8GP5NStKZ2HVaEvbIZ18YollUYs4qmerYlHR6IUTUi2z6zafvdctach08pdHiyidCOVIzIvsts2nL5Tc0iMEtAplhA50vq5gEN5RJ1albqLprl2YyM9M3I3mE8fTPXQaKYHl8QRduGg3SbGZK53SD6Ytdi6otONYpl1TWubHSjLi5RWYyrOjdTh63YPer2w+x8eeMURGLDM+vT4YzTs2igU3MRp5lcyd0q7Hl8N3My1FUnQJP0zD3JZ5V0ztMYXLacomipOajfcvnLHRWnbRH6c4AY6EpwxTpjTiNz2UYplkVE2ZEzydNMrYYf5lMKnZzvQrZGKsRT1yH7LrNp501J31VXbKwslmX2aSAtGSjMl0xsvGnN6bdycWo23GavjxYZaUqOKzublx0MEX30b0d8CKDyVASPscKq9FDExg2Rup3k9TEbtBtlg+WZZzBDzqri5fgLPipTUboyE4eXmoA7h5wDBw4c/nvg4w5+sHDFhc7RuHLcmYsF/yEogktw4PA+uawAWdjZyxRBr0JxJnKI1POMOXwgOoECHB3RAquZ6PdXDE6JUOGGuOF4vIGBtrYz/hc/Hp//MajWdypunXyMtiNWYWIDApcaxuHbzW7I3G4DQ8YZK+9y8ufAgQOH/xpUnp/FrfQB8NvCJcH/LSiGS3Dg8D65rApMMDZwBoxUfWGvq4n+Kwq4AeDwXsCtCHPgwIEDBw4cOHDgwIEDBwn8f18R5hJhDhw4cODAgQMHDhw4cODwnwK3NZoDBw4cOHDgwIEDBw4cOHCJMAcOHDhw4MCBAwcOHDhw4PCfSoRf71dFa2ah1LNOGwvluIA5xgx8dxKLa//CGMYSc8OqffFkCZzVGDAMAy3GHeseK7fNVHIeAYP0oavFQJUxxhcnOQXjwIEDB2kxpi2z7L3GmLqQsJSBtV4wuPItDcPjDQy0NHRhbeGLDbcESn/ey8gvMMhZB3qaXPEdRaA0diVGOTWBFsNAjxmNg+84e1UuSvBw/1C4Gwp5qxWzA1kfoW9Xdv4QOk4oH4ZhYNvjkly60Zh5jgCp2NybgceSbM6pfCyJ8MfXCSsMnDwanm2rfdF2DWLKCZS+HF2g/CCcEjQAu8Im42jaK/xbnI5fhn+c8ryzgIG11VGOBH6EAagdsxkpSnwGH9exyILBtAPyBoRErHdVfkBgo8PKlJeA7mDbrP7wtNODFsOgY/8IqdfsnWoOC111NNGwwydTjyK1RPbn7FnoDidDbVHCERQv/I5QgFv7P4d3dysY6WlAq4kFeg5ej0vPlCT0jBXoxQzC7sKP37817zELA+bbgveR2ysAIHcLRrdiYCwH6cu9PEuYCFXo1sarbyVt2a6KkAr/ePhsW9XvrRcSiopi8L/OB7Dti7MoVirZzMLhr/9EDn8/7heW4vz3ejWuuTiVQbeRMf9p38TWXgXIwuFvv8djvb9xv7AQqcX7MU7jv2uvjQE+TmDFhH+g/10KCgoKcP+tHxReGPyqA9owfjj2Ectp6EECEeHClPqv/RB0g4EeOg+dgIGuGh+3fpZvwVDGCosi/39xZ7X/H4lwL0z/q9d7b0d6AtDCfDD6GjXjsjIOHP7LYApQWtIZwxZPgP3GKbha7WtCAS5NdcW8E74IPLMcPXAGS8eNwWczohG2h91xOAJkYb+3K765Mw3fbP0JntbqyEu6D4FW5fcpCA9+hraj1+KLLm2hK4jCn4vmwq8N8Dctgis3SrWi7eAtCBr88fdDgFTsnLAU/zraQDVM9kTJd9A2qEz6B9GnWiLl5/6Y4TER+pkhEsem9J56A79+qS3Ua54WjMyqmYKaJdx6AWUncpAFwEpJfSVkIf0ZoD/VnTuTVEHyTH4EmM/ygoWOFmevjcFlnz9EDpzRp7cldHU5Hfz/ohsM9NDrm33oxQ3HB+rspOBVsAqZYgFdrfh/zpXR5KzdmeaGvBBdU5x1kJZ4W5KhrjrxtM2p3+C9dKeYWOFVsAqZYSndlvJd3gGQBTZRDF0ifyPQkHWhtGRgK9LV0KC2ptNoR1zVtWV0kCYABIDUYUtzLtbywPTl1APd6KdHNb8SUD7d2jGSPOzUSFNTk0xsvOmboy+IPYrplI+wDeJ/KjCiGSeqripI2khT3fRIV0ODdE2dyHfJdcoU9eM8+RuBxu8QVP3gTEcywWw6J/6oW73IAuPp91s/03g3fdLV0CBDHV/ak8mupfX1NXxWzX4AIMcR0ZI9zjpIS0Z2InMdNeJpm5PzJwEU+ozF8/NWUE/0oV+ktTdjMblgIG0tqNC5iGWiPuoZdafxy+9QPsmGutrJpwTaM7M7uZm1ED1DfEwqx7Vt/83027h2ZGbUjFq29KR5e9nrBrtxLabkEB/ysNUlTU1Nat7WlvqNPkKPxeXGF7bV1kiFeCpGZN9zAQXfLZdqVzbYJPFbRaOcwmmhOWjqfilfvviH1o00JXMdNdJsZkTmTt70cxi/4ndRtNSipm4x0KVx+yX1c6CjMRlpqBOvpS19MnwbXa8m8nsBoNbtN9HZnWPIzVyTeOo61KnNNrongw6zk1cxFWZnUVaR/PLiUyZt6wnq0O+G5OfvdtIoBjQqqOrmT3aCjDCNjpewvHm8D3WEB/32iH17Sq84kz66S/WFDUb6cuqJgfRXgRRJpu6iWZ7NSFdDg2xsZtPW75yoDZZWxBihrYnLSPAqiIagIy28KW5Pu2g0DGjKwVO0xNuSjDTUSVvHib44JLSv3ItLaZyHvdDeVYzIts9s2i5mJ2x049H6qs+tdPdJ8TmS9mpkN4i+DX5Ww+aHrNpLszxMyah58xpxqzH172GQCrl7hNKtrZCI6WxwLwDURixOl9MJ8msK6r84S+RDA21B/ZbX75mfBIHMmirfNy01Bw3eUHt7LkwBda3mC9j4pvr8MJ+u0dIOoO4To6lIzB68YE0TjxTJFF8bSzdqs9cyOk/+xjXbqYtRdKCUpb1mLCYXeNAXf31FAx2NSUdHh5yct9XgiHXF6A/FXvmUQieXupCjIYinrkOGVt1p3LpEGeNACp0M8BDdw77LbMkYnrGYnKT01RLbKZP1U+rmEu9CWhNPyjPaIpDuVVxTnw+V4JEVzzE296RJQYkivWeTPxRGbxDxYZ62Obl0Y8chpdlze/cwqd/VpxvKznPE47+wHZrUp8J3suVNbFEnR4wcQpYtPGn4UCNq0dyRpmz7jaZ2BjWHJ62KrHjOAz/qADfy++5TcrNrSUb6ZtRv9BFKqOirIDeQvKToTjMMquDsxRQ+E9ROZ5+EvgryVlAPOEjE8frihF7rabTYz43am+uTsaHQ1opkzZVkRL2JsDTl4Jccp2lGoB5TjlDE/QxKuxdKAR4gR/cwdslKtaRH3JAvTAE59rshcsb6hqNoVeg9SrsXSgu6gdpZHKnxDCFBspArEX4YpEKGjDdtOHWPUnPTKPLASOoANwqMU5xR8ksPkK8OyHX0EYpOT6ekK/7kpalKfVdlyZwIGzOGZNVlNu1LeEPFpQX04HJojUShLlLEpq9R80FWlkekjiW/9ABNMwHZum2i0KQnlP0kmv757QvacoNlYqgPmnxIUFPnQqzJusIhl8RNJ2d0pkk/X6f7aemUFLGWRplq1UlwZG0nn87Tpuk/07GL8ZSanSN8RmuIxqQy2GugO3195i0RFVP8Fl1qg9l0nmWiwmZcBXkryAsmNDYokVKzcygt/iLt/vW4KDDxKZOODAOZ2y+lo9HCfvw9y4TaYgGFV2vHy7OfkFvPfUomm1EU2N2WFh+Xbrsm9kvpdGIeZaffp8iTm2jX5TfVAkMCBbpAakDgUyadWDOfth6+TUmpOZSaEkqBvUC2XSV18V4ASMPAnDx67KUbme+o+FUK3Qq9JNHvunSYtbwyFpOTqnSi2tBEmOJ9yLq67cX7UAd0phXx7INGK/uldHDDMHIza0FGpo40ZPJhUfCS6ttDrMkY3lKT1QYjJ4jGas6sIMvVEo2OoA7O2+lGegYln51K3ZuCjOVIhEcBZNJ6EH19PJPyi0uo4PFJOhdRJozlR/zp620XKOJ+BmU/iaaTC/Sl2isb3bgXIJ08lUQOJ3u0pzG/R1NaRhJd2dKZTOFIqyMkk4hWLWdT6DMiQVkK7R0hPW4pXf+Sv6V+mEKH8oW6IksizKdM2tsPZG8TJiIhAsqnvf1A7TuHUpFYItzc0KiWyUSSmOSxaIxJOn3QsJ9qzw7D54MG/5BYS5/r9k31+eHipJXkDhv68pRAeK8uoC5jblD11nwovqk2e60+sVBTnuwSYScVUIee+yihmEhQKIzHVfGVPZd43/b6KsSaDDCIAq8/o+zcNEq+tpd+3XlPJlHf3QDSxSBaf/ERpTy7QXvHgYyl+CZh4tBNLv5ZH5cQ4Uonao1pFCLlHmx86MMgUCt0pzl77lBqdg7dj/6Tlnx3skpe9eQP5RRFS81BbiNCKTonl3KSo+mfXZsVngjXpxtKz3OqTYRs6iXNt7DjTfX56jp9U+QQsoYbfXkzhS7MAmnBk9bGPabD4jb8wI/sALLtsI9SiokExf/Qgk6gnuMkfWV5WRANgaX0xLZiYl58oevResmJFjacRgs65PmDMPktTl5CXowJfR4qeD+JsDFm054LU2soBxFR3g6IkhZxIdhifK1OtUaCgCY044Qw+Oyd7kNbw8qJTwm03la4SlLZYbd5qbXO4DQ0Ea5MzHx2F9UgAOLPbahRvgpWqbHSEzW/SkFkSYRNYEb+lwQyt02WvtYVeJ5ulu7A2a5IHx5eZVzx24fRzN9SRM90cL5Bb6mATvkIJ0OKqs3uyTI7Kk87o+aD7FqGVjxXGOzF5SDIW0F90ZV1kGI1rvE+ZFPNeUhGJj9yqfZ9OR2kCWgpsePgfaOSJFcfN1nIpjS8O+tEZtXs4F4ASB++dCi/7rGsjzyxmbBTWiJ8piO1xCDanP+ItvUDdep6hDKf/EjuaF27H5PSRzQ3om7dNtHp2AcUe+l/NLiVcMWrSGpbhKtW0si5UlGR9Ff5X+HscRs5E+E+81LYJUZlNe/RMGItJC3in/MphTY5V+lIpc2L6/erEGuZV2Mbqn98QRQFOmqI/L3sibAwyXUcEU2Ft7zJXt2NVkXyRf3PrNDt80GbKeTSLYqJv0nHtgwhO1UV6jkusYZ+lUQOJ2t40Oorb5WkZMWUfWsSOaMd69UHmXwTSz/8ZIcJmatMozXf2JMZltaYrPyQfBObiYWGJMLVx+LCFOHEiqwx+n3b66P1INNadjCynqCxlHxGeVkQDUY1btDARLheLsEiEa7Ph1buChGf0JA1fyiv2MkpvhtKXjQ0EVZmnsMmEWbLm+pEfb4pcgjZVXCodyGtRbqct0O4gptfcQ97tJfgHnn7W9SIGXUlwuUURYG2VTuGKv9fl65IS4QlcyWhr6mcfFVWIlxrsawC9WDMHbYLqUUmcOjYQuK7+HDgMb5GJ/EiGZ0P4QlykPtv/duxVeECtxFv8eBmNpjnIdgSfAy7fosHym7jZrILuveoeh+ltZW56N/N9OxBKFFYwQ3V55FIeg4cmqwt6ocqY4qJF4DX9xVXMCMjUQAtOKGjZtVn7XtZowxJeCTjvTTgjC49mPfW1+Q7gLalF3pqyveeRLcBQN7ZWDzHDez+9RTCvjyDeGQg8g5g5uMETTxG5G0g7kIPaIvpl80i4C3SkKmgdhIKcHvzSHja6UFXS/gM15+Bd/xCiNcr4lkZQ1RyhdcSPBQhR4EVXwQO/pjR5QoC7J0xaPQCfLv5FGLyq75/nXgVCbiCr0yrZKHGjEMw3iA/gz6YVywY6KH/rO54eWkg2vcahVmz1+Gv889kttW8sGXw7W4gGhONQbF4jUIUVbuuGbzQU0/ZLxcJi+3FHndWntwEWtA1MYGxpXwvhGm/ssO0kDkY7NgOjp4/4NfFQOaJYERJeVc0ZFxvHH29Hbv3uqMx3/h7nRKNN7CHjbXIkNDeVV4946G9l6XU70rS/sL80e1goasutBN1f5zDG5S+VdT7tllITgF0htmJfIIKLGHrALy+miRRzKdFO6MqXeXx5ItbcutfCWKWuSJYEIKNkxQw0hp2MLQ3go42wIgZogpM0G+2P7w9u8LJwQ0jZ4Xi728ESD0YVKMol3q3rVjjcwUrPZrAgPHHPwrUr3IcwgRVLRh3OwRm8BYsdVOCDrP0w6bTwrGq704sX6eDGRGr5IqTH4pvavD7rjBBG7ECprwWQCm/QGQHDeESjWmv1qMD0bnVagyw8MK4zwPw6+4oZMtgzITHSEsFLB2Mqz5U6woncyDrUU6jcQlWnqMeH6ryPB5Jb2zg2Ne4zvvUlT+ooD9mzgeu+Nuj27BpmLd6G84mvHkvOqrMPKexeBMb38SABy0A6jxdaEIXWgB4PBXQyyo9V4ExOtlV3VffsjvUkIS0QpY5BlzgMxdIXhuMBACqD3/HnuSB+HSqsUwy4cEOVppV/zO3BN7Fpym1enqtibB6mSV8ziZg8ydnsa7dDiRU+97K8giKhCvKor+3dAnzTNgNvlsvIOdsDJ5ePALMWASL8DDExUXgPrqiU2exdjRRriGUwAYLb0r2g4iQcN79vQaRMka9ViKoqfHx9rVNTx+ovoxAbMpl3NUKwPDux3Dt33hEhtvBdaBWZeRA31VZNdqZQ6sUVuDnzbGuGDb3FVzXJiKtWHj/qPmNP64q6IWFd/IRczIAI9xf4l7QcAxq6YdTYlG6BWbjHFUftxIcnsvgQ4KBdwTu51zGts/dofsyGEuGdED/71LZE4a89Rg/MAgvhh1HTEFFPy/3ghZQIzAwujx81PVwTDtADwUoemaKMX9l4p8DfWFSEI+XaAkDfXa30DUFdGEHMzGfa2bZGuXIQda76kmwFQLCA7HtoR86vIfymSrgQVv8A60WdesCU4wSSNPv5tCQEhP4uINVw6fiat4PCLlfBCIC/91ODETJexle3nucoxIgC5HngLgHY2DJ44HH46GdP5CJjRjEWLA81k8PRm2Ad/cLoeG4GpfijsG/00tkFwBqZrqobQ6qfe+2KEM2cqqRp7Jbs7DkkAe+u/IWGRSEAQrsrxp8EMwvRs5lH9CZ2VitpIqmrPxw6T1cSgegkoao21n4r6B2e/04UKe9mi9CaHYKzv7qi+7NY/DXt13h5Rr8wR1rxIZL1AVF+tC68gcGeui5kZD6cBvmj9TDq0uLMbaTK+Zcbnynqcw8p7F4kyI5ogTPKn5V87P6aM2k9bDBHpy4JcCd33eg1GI6xsohq2LJpEeuXEkhiXBzeGKCRwf4hgShk+50zBcbmPa9gaLUS7heKv+DrXsOARN/Bj+fVoHLFH/0cwjGriP3wbfwQldFO2ltBjwUobTashLpu8HJ6BHiwpR7XIJZBxUUIxYJYvJ6EP4YmrCDDQAGWuBpA2/+rXI4hVmxipWBrH3Nl+78bF0aNvZ8B2/Y4zZC/7wCGj4Hk0dH49yac0iAG9zaC4/CcnQAnu6IaNDxTfW180H4YzSz9MfyESbQg3CFOF3BZ1WwHVcGemjfewxmLtyBU/eC4ILDCA0XftesQx8Y4wYuKITcleBlTjZyCkqVpuu8Vl0wYNIirAmOx6m5r5C16nK1I0C0wBMAfLWa7pWJ3o2H5aMwM8AdlhXJ2tP74SiTtzH5JQ2WV05ODnJfKCFZsRsAByYSN29UyeFp9CG8QBc4tK/WipfZyM16WSMgtXXxhDrSkCHGyHKyn0ENRtDTqEqCz0y1wreXl2LXvUV1rL4oTzeaWXVB02rtzIgSX6rggacFlL+tGi+VrCQUynC6n8rr24hLsIRX4AQ4mQgDo8r960iDhsJ0QwUmsLUCXp6qWk0SIBXJd4Fmfeyg+A0K8umfCizx2ZlUJMXFIi4uDnFxcbgwHzDCNPyRHI6f+kle/zInG7nPSmv01dEVeP3okogcEu4g8h5gNqj2quYPrj2BOoxhpCv5ed79k+BjNHz6aNfy24bqHw+tPD6Hp/5DPLwm75ad2n0TGz8sQBZCJo9EZN4+RJzthoSvJoiOMvuYfBMbWTfUXmXmEu/ZXhk1S3QbPh3zNpzDrUOeKEk8in9YnqnMwBoWlkDqXTHuVX4bsemAiY2RgjlH7VyiigzqSs0t2PhQgX5n2DWtn0fWlT9UQsfmE4zz24AdYdew1jkZ8X8mydfpt8Vy7xJVdp6jON5UR3xVEEfkIxGJsVWTEU/vh6McdrDXrXltrbusmo7H1H73sHP3Vvy1D3D632CZ4+IbROB+YWXMKUByAqDR2QImSsyV6vVcTLPZ2LrLHsmrJmD1LeFZvKa+xzHIZAsWDt+M08lPkfY0FlcPB2LOtL2sB0/gPBr22IKQYC8McTRBn6Hx2PtHIgwmOCmcUPD13eCofw+n14QhLScXL/NLKzrfD/O+U0H8stGYuzcaaXnp/8fedYc1db3/z2UGHIDKCipbARegKCAqaLHiBrUOap1tFbRWsVbB/lpHv1rBLldbBVw4quJCbd2K4mQpy8FSmVbABUFI3t8fgZBAgAQSqvV+nofn0eTm3nPedT7vOee+B2k3T2Bn0BisO6q457caH4HBOmH43vcQ4rKzkXZpHr7erIouS33RHYAKusHdCXiwMxLpAIh3Gmt/BioVOlsoe19NuwMvSk7iQObrOpMH3E/3wou7GV95bcP5tEfIz07FpV0rsT1G1kDtBA/H29i7rhSDRhmjh+cw5P2+Ha90h6CPpjCQj1o1Ba0z52DidycQn1mI7MQYHAmbi5nByTL3t7F2mnYHeBkncb5qr/XTU7PxvxOKnqGVQa+pIfjyhyhcTy5EfmEWbu/ajfvoje52VX7SJRBfjknE7vGzEH72IbIepSHh6jaEfLQEf8o5U8CvDMMUYy7cPM4qPrFDLo6tXYTtUXeRmV+AvMwD2HsWaOtpK3EOogq4MLMGnhw4idiSCkn76jYShojFmSoiy8vagqVrmuYHDdmwzHi0AsM7GmPYrLgmEdWC1FQk3r2HzDfA62epSEhIwL104Swroz4Wcz8BLn8xD2FXniA14Vd8+S1gPtUfQ2slq2c/58LaZHKd8z7VBi3DeItT+OnjUJxPe4S0mF/x5VrAZIwvBlbp5OQMS3yywweL9k5Cq0fCpCg+7V6drX3KtA1+z8WY0O0U9i6NExLS/HD8dEBSr10HAsUxETheLGx31JpQPJCDWFMba5gZZiDxRIaQFL2+jY1fhyFbyj2abhscDJgzGlSyCp/9HofMwixEb/HB2jh7DFmqhC2qzbA/XUNz2NjYiP5MrQBV6KJz147Q1RInP1ewqhcXfTttqLMa0v2zFbDWXIvAz84h5UkCTgT44lC+Nz6ebyyKXf6fbsW+EzcRf+c6jmwZiU9+ACwm+WOglCl+QWvlxyZOK4CvxmtivK4/NskSh5/s64vF+72xNMUX9kPDET7nIn60D0Es722LTc1Hc/1VHi7xb/vr/UPzsGZ3NNIyC5D/OA77d15ABezQXcadeapwwzR/IHHtLKw/9xB5T2Kwd6o/4uGHib4KXEVvhEuIYNEf+riCqKO54PF4csVQVYzGgu+AO8t9hTwyvwDZtw5iw/enpS5cSMsfBDiDTTN/Q2TcY+Tn5+Pe9QM4nKwKgwHmcne519B2eJ4YitDYZ1Ini2WeQFBSnqMo3tTgPRTGEZ/ihP9XOJT2GFnxv+DLtYD5pFkSsZzUrGFmlIGkHXHIKy+vI28VcDFqUV8UhS7CoaczMXmi/Pv2XuEkfpsozJUSj07Ht8c6wz1wOLSUmSvV97K7+EvSfMqhqI+EBQNEFRLFyt5rtjGizn28aE6I7EfcVBem6OZaVZXy3iyyQ2dR4QlZXoq+Gyi9vL60F+Pzrs8hD1O1OuXia5eC1zVxIPcxgXTovmJf3BcvF6+t40Bjl5+VLPyUHkYze4J09M2ot6Mfhf/4Qb3HJ0U0o6CRLH3l02X6dYwhGWk2cHySt4XcxyeJF7/gVtlXdfGF2gW78mOW0+R+ZqLy+r0Gz6AfT/0jX/mUBtop4CfRn3PsyMzAgDp3tSE3zw30+zxx25GtgE+jaEyvGRtpupctmRqrEUddh7jW3hLHO4jaurAv2RtoiY5vGNdIdeD6qkq6MCDHqYovsCKgIroU0p+cbdsLbVxdePRRrJSK5mWZm4W+UOeIkjJKDB1MzqbtyLCTDfV29KOwLWPq2Hx9xS/ksWFlF6SppGgKMGg4NvEFt2jndFMy01EjbXUbGjL9oFSdHp8ofkxBLVlmhAuP/dBQJ211G4kjDyroKM1qU7cNqjCrU5BLmbYhaqdHGzLSNyW7npNpyfyeYsWyhLLYOhqk28aQzGy96PPwpTQEPaQen1RfMbGSq4Hkba9NBqZmZGvjRZ/v+YFGwKjO9fXZRnUxrtrykjyar4zu7f6o5gi6jl70RUSOco53UGBBpPqKZVXbaX2VPfPPzyFve23S1NSkjuZTaP1FsWqmGRtpcj8zMtRVJ0CT9Mw8aOJq6VWjq4sdPlRibKquRivLcU712mm9samROJy1ggYzXJqwq0jMzk5TgHmtI5XegtjU/GJZMvhr1fFJ4gV8ohcJi16Vyskl/m1/zTo5jYa5WJKhrjoxqsIjhaQdX9hYsaRjC/sIj7epOj4p7FqlVD9ocrEsGbhENZ+PXtaDbNqq1OHDssRQaccnzViXVO/xSbXzB77gFm39qBfZmwnjSkPV5hvlHfwk2jVRi4w0Jf1VFttoiTyHbgwgIynt0K8qViYPb2pMDvXGpusjyK66nye7k0WVvoVHtFUVoL03i7rDneb8Po1cDCA8KmqcdD6SdWoCeZiqEQfSeUllFe9oSgGwR5uEFdx/XtybzHTUqDVH8vgkmXMlOcEQ0dtTcYcFCxZKw8vD1ujiY40VOSfxGZeVBwvWNlgoH1SZgYjxllidFYX4hBFSt0Yrwv4EyEXYABNsehGFk9dHwFiLlT0LFixYNL7tYTZ6ds2BX/EpzNFtZrx/uRmj2v4I87MPsWGIfL99vJmBm38wTtBidG/B7quwFsCCxfsAHm4ce4jOY1ZjKpvosGBtg0UL4OF6BtrajvgucTI+/d2r3veDFWF/KuBiQvBnMFKdAjtdTQxdWcwqgAULFixaiEeUPE3BiS/8kYw5+HzIu9NydkWYBQsWLFiwYMGCBQsWLN43KGJF+M4kWPQ6hFeGo/Hd0T/h109V7lv8WyvCbCLMggULFixYsGDBggULFizeK7Bbo1mwYMGCBQsWLFiwYMGCBZsIs2DBggULFixYsGDBggULFmwiLI5Hy+DEeOCXXFaALP47ODuDgU3/829t+5KCGFjpRYAtAdM8PFzPQEtDF1bmU7C+6sxA5YGHuxuHwMG8Fdoyjlh1h5U/6/MtgBYeo2WOTdkr4cY4Y93Dt1NsAmQgak5XmOuqg2EYDJic8s7qpDntdFRjwDAMtBhX5evq5kBYMbNwmB1fWbBgx9d3JhGWAy/3qKILs1FhB1DXN7gOYLywo6RpP+dXbsZIxhKLrytXFrcXMbCyPNRgoD07g0G/sXHKaUBGOBb6usLBvBUYhoMJGxp4PbxgM8Z1YGDMBOCyvGSCbmNngCscDLVFCcemxKovLw6EHiMcZMX/WjGDlUIQWsT+mk2+khHixMB9WV6D17XtPxcfLrQB5x3114ILc+HtYgkjPQ0wmnqw6OWL//39rMkJ5u2FDLQYDkb8KOZRuUexbpYTHMxbgcPhwNhuOOZsTpY4+N0qgFBaGofveu3F1s9P1TkUXpGoxD5898V5mMx+gAKKwzc95fP59yY2vUP++ragpWxDFrREbGoRQnTjCyz8nYsZ5wtQ8oyHs6F276xOmozOaxBXSaCsFegNgdLjCvQnwnv8IHT8j9uwomzjXYjDLeEHsvKmf5tTPzrpBx+HVtDT1IRWB1t8MGk3Ynnycycfh1YiPv3jpdcS3z+P/x5TXAxEzxg19QQyeG+nbbyXiTCLtwjlzwDDSfD/2Q+DUd5AgMnANt8g/GNvDXnrvgmQiz3eTliy3xZTt/yNmNt/YdPaD2BRfW5G/324di8e8fE1f7smAUbwxUj26JaG+cnwzdj0f73xrh6PyfA7oe+nPyPsr2jEX4nAdwOO4ddhE5q04vD8xqeYHeMOh1p2/PJaOP56ORELQk7hwuVT+MPnKY75D8GMnZLpLqNmAecBQEViPpS5QKP69DGeUw/0G8UFe6wpCzY2vd14mXsPZXCEu2M76LTThKY2q1ulw9wfwQc+gRNrwyz+a5w6eyUmjwjFs1HHcPXRI6SemQOdmKmYPTpG9gn47JWY4rUVL52OITbjIn7yOYtg96nYVUVc6EU4Zn6wHA9NtuB82mOknl4IgxsjMeGzOKVO8v+nQFLAp3Q6FtSH7A1BHHUdMrR0oUnrkmsuyF5KfeBOKw6vJW97beKo65CD41a6XVb3Xi8iVMgaG+ghKRFZK8gNw2h7sZTvnv1N68aakJmOGmm2MSIzB2/66RyfiIgEBcE0GCDU+msDL9pSXC2LJNo5x4WcTduRroYG6Rm50JRlVyin1mPuBoI6dt1Ap8LGk7OZJnHUdahHp610l4ii59Z9BgCyHxNbp7lnpoP6SvlcBF4R5eXlUXFp08VVQfvIF6Dxvwqkfn9/kwq5ukfRjS0gEyyiS/LcPHEidYc7/fpAtsv5dJr8DUHD1xcpxTQasr/883PIywbEUTGiPp4baJ0PqKvruapvy+j4RFA3z6ui6wUvNtEIdKeAa+KyDKdxMKDp+47TMm8LMtJQJ20dB/p8v4AEVEQ3QsfSMHtjMtJQJ057G/pg9Fa68kz420q6RUHmde2CgS5N2lPzjAchNd9Z6u6mImn+Gugu8le73n4Ucaeyjr9+vv1LGmZvTDo6zfHXMirJy6Xc0ubrpoLCyacBO6zXZnhHyN/KlVanHaNZaNh2+JREwX3E9VqDR5tApq2VG5sEhSupP3rSysT6r5Hm87LEJiKistx9tMzbggx11YmjbUaew3eJ9MqnyxTUDeQyNZZKxWLlYFjR1IPCT9622FSf/TUeh4X+2nnoRvp1UhcyNWpD7dt70IJdz+Tw+cbxaBNIr+NMWjrLmbqa6ZOxoXBsLK015vww2ZbMdNSIo21GbmI+L6AiOjAaZDpsES30MiIzAwPiWnvTmhOvZbcpWWxDhjFawBfK1MZIhTgqRmTntkgybsiARmOT4Bb9MdGCzNTVqH17D5qz5XPqj370wwPZbJiIqOBsEE1ytxPKU8WIbAb50TY529mQToiICkNBHCkydZuU3LI6qRoz3G3VSFNTk7jW3rTk0DO5+1of56n2lbTIieRuo0uamppkZOtFX0c8kcqrautK1rFRprhyfQSZV32uj5kUKaUrxak/0gxnPdLV0CBdEwcJn6+g0+RvBBqxehfNdTcho7ZtqbPJTApNIMXacGN8WBG20Uhf5YrDSuZNJbHrRe3kaJtRn36BFPVE9r7Kwqn5lE4bBoBc50bRn4vsyKatCmm2MSLXr2Nl5k2yyqusJJfyc0qoOZSmPk795pQD6cNbIjeJnguywDapupWGu4GgTgiim1TNG4/SrNagoUtzRc8wqmVLLyKtyBR+dJr39nDqan+dHComo5PdiQs/+kv8JjcGkDkm0283fqLJzvqkq6FBhjpTaGcONcqpmwqpifCLSCsygBcFX3lCeQWZlHZ5F/0SdleCWDtAi6x7LaKD8fcp5dq3NLwDaMjq3Dr3en7qA3J2263cRDh/E03QnEN7y+sG7DPTQVy7IDqRXEh5WSl0/dgGCr/wSuKqyopNNAIWEgmOeKK2YfZPdPhsImXk5VNqzFry6Vi3r3cDQRoGZuTefxddzXlDZS/S6UbUeYl+31oIsrQ4SA2lfNELQcO/rT/IFu5pR1rQkerwCkmE074mT0yn/UVC0idvIvxoE6iDXRDtWz+KnE3bkZGJPY2YdoCSyqRf//xUXzLDFNqvnDy4XvsTFATTYDVdcg+8SinZqXRpfU8y0mxaIuwDELejF311JIeKynhU/PAY/RVTQXzKoaNrFtKWAzcpNSOfMtKjKHgAyKavpA1UJ2uDluY2GhClDdR31oN04UUhZx9Q+pOrtGsSyFg8CGYvJQcVUDe33ZRURiQo2UszuU301+yl5KAqPVGSC29y6HqYC3WEc4NJYh1SQUV0fDpo0IJ0qqCjjSbClXSLgsxATlII7aMwkLmyJ+myl9ZDJmXz+QZjE+8IzTQC9Z9+kGJSsinzbhQFuoPsXc+JbKQsdRW5wpq+OC4Q2llvUO/xV+sM+m9LbKrP/hqPw0J/1YALfXXyNRGVUeJmXeok5geN+7xs8U0LOuTxrTD5LUtbRoMZLn0aJRARuK1DhWNOVOojykjeSX49hT6fI5YIq8OBFl0StjN7T08yhTftzJFPVg3ZRmNjNJ9y6OAokJldEB2KfUR5j2Lpz7lc6oxFFN0E8iQ9NpVR9BxQB9WZtDv2MWUk76QZ9iAOXET+IIsN3zvoT19tPUMxKdmU9yiWji3Sl9Br45OtDeukNveRe/JXQTqpnoQ2ZLxp/fG7lFGQSdf3jqVucKZgmZO7xjkP7/poskNXGv9bLGVmp9LFzb3IBPb0fYziEmF54grdGECWUhJhfvlemqIDchp3kGKzsij1oj8N1lQVyauCTpO/MahDez+KekIkqEinXWNAXcwbeZ6c42ujfFgBttFYX+WJw8rkTdXjqfOYKIrNL6D8tFj6O3yjKBFWFKeuToTbtbWnMd9foXReOZU9vU1HTt+Xmzc1Jq/jE+tOSiiKUwsKgmkww6XJP+UIx9yiI+RnCXJbni5j7MqhXZ4gO+tzojFbQEW0yxPUtVcUlYol22HltRNwlwZ5R0tzankSYWPGkCx7+9HupFdUVl5M9y5E0ZVnJDOnVkgi/CAEZCI2AyEtoDuiEy04Khl87azP0duEaoOx97za4GxPg4OXFNxaCLJtHyVxz7uBIP1GEjqZBoVGoMxEmC+4RcH2GjRxR6mI9MlLCm4tBKGtEfXrt4FOxN+j+PPf0fAOwhm5UilOvlsG/SgDD0JAXLG+VdItCure9ER40ALZAtubUw5kWsvxm5MIV1I0BVhI/rayYhMNh1jAyV5Kjugi0e4m+2szE2H+mzDyqZrB1YALzY+UbyqvINKFeiOYbhLJlAgXHLajTvCirfelLGBeH01WcKfvL75WWvy5ud6IOmImHWnizGxDsakwFGSFYJKgZIkTyQaTJSYFH4VyyUxlJq1ZYkemCJKa6LwtsYnkjDU1cVjor+J9EBSupCHoK0oiGvd52RJhIwl9Cp9bTUoEhSvJFdY072zNb8ovepApvOj3nJpEWNyPKymaAvTl3xXTWNLV4Bh9bxb1gTv9nCMeS/aRL9rTZ0cVk0RU0lHyBWjCD6USSYU4QZPVhuv2u7vM43VjOmnJRLghnVTQafLXh2j8FSfCzgsyFMR5hM8U1xWf0mmDo5SY/i8nwi8iVGr5mvB+navspZpYi499zdFffYlwo3xYAbbRWF/fFlRWcUefTaVN9wMZOHV1Imypu7velVNZeVNjUGYiTERUcjWQPPRB0OSQFnSo36SzMq8G8ymJgm2Evllyw5vs1J1p9XW+yIdzqhNQqJJnQDIVEZGg9DIFDwC1ho1EzPu3ObU8iTAXpuR/XradgtI4tbyQ+o6w1bhg9OrwPT40H4xJnwbilx23kFdW++ViS5j3qf4fB5x2QDm/+K3ak85AD0PnuuD5+WHoOsAHc/3WYfvpJ3K1kVCMmxvHwsNWD7pawsJOTj8Bb/glqP0uehsMhpuecvukP/kZSqkEeycr+s48xC13QoQgEj9+0ry3ZLRf2GJm5DwMt+8Ce49v8ctSIOdoBG7VfkH90QZsPmMNt69dW/y9nKwkQMvCFT2q3+VEdzh3a6qdcdB1sIXU7wrPLccUFwOR7Wh4xeMlSlCqqFcb8BCZGYBFT+OaD9X6wsEMyH2QL+avXHTqXHNJk/21qpBK/BHHpslKfSw2p6Qg/uYJbPPLxdEZ80XvujTa1xfh8JteAe/ri2R6n6zkzhx4T6vAh5G7Mdu67vfq/bZgzcSLWOXeCgaMP/5WpIHdmQRLph2cAzhw3boKYzQVb8OJ0cBDfIUe4oXneu3HI+Sj4J+a60xmRmP1kDCsWKeDz2JWw03zXYtNssdhjqUxRCGY0x4clCK/TLE+z4EtLDVr/mdmAbxJzEQuACb5DHLRHX16i9mZnQdM8BB3U8XGCidzUTsZWMCmK/DP5UyFyqyhMfpl8iUk4SK+NKmxHTVmEiLwCkXZpJjnP01EJqzReWBNdG9jNw6dxQowyWLDvMztWDiui6iSs5q6P/7CK5S/ljHmyKiTlkBDOlF9eh2pT4H907RFslBlTDD1DPAyJU8hnEeAXKSlAzqjbEX2pwIL2PQEXl5KfasqJmcnC6AFB3QXi1ddB1ihAql4IHZduy5GNfbF4YDAUygPlYUPt1Rf/22oYCjmLAQu+tuh36iZWPD9VpxKeqWUWA4AxsMcoOzSMSP3EV7QSczRVcK49XwfAj//FWp+UbiamICYc4EwiR6FSYtT5LdRDVsY2hlBRxtgxAgkY7AYmw974enubmjH0UJrnc8Q7b0Q/VAJzVbvJqfWgCN692dajFNLL5ZlthhReek49csUuLSNw/av+2KwUwTexdOSDLxjkJJ/AVs/dYXu8wgsG9ENQ7/JkPn3rw73xaj5L+C0NhmZZQQiwq2F9QxCupx3ttCCALm4/heQcG88LDgccDgcdPEHcvAjvBhzfH5MtvvomgC6sIWpWPQyteiISuQj943ktbd/XotcfIbPh/x7/ZanQiQxZeBBmnO2hYaUgEOFIZg8bBOejTqCuGKh7dCFAdAC3tsiBgz0YGhrC3un4fDddALzjfdgQ4BsR5QwceE49+I2Vg3SBofDQWvORwgFcDKQCyvTUIn49DwhCOP6n0PH9Rex1bud1PtV3JiLZfvd8c3F18imTfhQkR3tuQ8ZvCJcX89DzKff4Gi5cuRpaXEQpVRlW1V/r+k8Foizh/K7OJ8FQCUTt26+m2feyROHFenz9aFM0qjlRkWtSUge0/IybQc//FXLdoh4ODCfUaC/1xoRtRi5bJiP21g9egYuFX6LyJRSEBH4b8IwDLz/ZHzkwRoB12rrhJB02rXFOE+TCH+9Y2MLjOGk5Af8h/iwIsZvtx8JGfe3YuFYPbw4vxQTejhh3gXZlSBPLFc1fLfr0Kdvm4yjSQvw/Xcj4Nq1K+wHL8FvK8vwYP16GU9j0YNRJ+BNSgk07L/H+YTD8O/xHHnFgJqprmgyq+vY44jPL0NJVgZynqfi6JBcPEJHmHZ4uzl1BaNej51xoKnRcpy63qrRjJoF+o2ejQXr/8KN/R7gJR/C32+UE/qf5+chv7hceYrp0BsffrIYayIScXz+C+SuviC19Le0GeZ70Q/RxsIfK8ZwoVc1m5XVnLrhRc0cwMuLkZ+fjxIFZ1IqsMDHJzOQmhCPhIQEJCQk4MxCwAgz8XtaNH7wrKW153koyH1ex/g69/GAOjKRLTZK5Oc9gRqMoCdm2Hwcw29bAcvVvujewn0FAFMngJ+RKbIDAXKR9UDSnTlaQOXrGn2p5KaiRI5C60zsDtyv9MGcQFdYVEWHxynRtUgwAGiBIwD4avJ3lIEVzC2AjDtiKwaVNxGfBXCtjZTir/n5+Sh4prg7VjwrqfPZ8/w8FDypFRP670N8dqrIPmPvb4CPKjB4wVUcvz5BNHNcnhAIH4/t6PDTJeyfXf98cmHKMfAxDhMHadczgdXM2KSpB6fx02GKZNx73Ey3lxKbug4ESjPO40p5wxNckdPG4nrhbsSc6oekL31rjjJ7R2KTouJw4z4vI5FDDFKqTJZQjLQkQKOXObgAqJsnuEjC7Vgx+065gBxYoYetWCJ9JlXUDkISEuKBDgPNFWYbjaFNt0EwxlWcUebxJvq9YKN9B7kpNST5TeYNFIglTI3ZsMrLm0hIssDgYF84cIWkSSXlCjKhIXuSJqNOFImm6IT0neFg9AAJ5/Ka/fz6OI8KuLCxBJ4fr1n9FSADaXeANoNqVokBgLQZcFCK8tK6VFeusbGJccW0mwrKEI+kcsk4oAlbWLd0AqhAPizNNhTaVyXG4WroWH+ASbPWI/TcZax1TEPiH6ky91VxnLrpvEkWLqsI5OfWNy7zUPymcc6jAi7snYCXD84jSTRe3Mb1u4Cpl2Mt3sKBjpExdLV4uLJlP0rRH85WtclWrtL62tj4ykALHG3g1T818aAkN14+P5SZUysgEb5/aB7W7I5GWmYB8h/HYf/OC6iAHbprKF54/MowTDHmws3jrOIHYuTi2NpF2B51F5n5BcjLPIC9Z4G2nrYS2y1IzRpmRhlI2hGHvPJyCSMx7Q7wMk7ifI7w/09Pzcb/TjTRULoDL0pO4kDmaymDi2x4GmkFC2MbzD3SNKKadS8eCQ+yUQyg6Ek8EuPuIasqqdE1NIeNjY3oz9QKUIUuOnftCN1amcLZz7mwNplc5+xmtUHLMN7iFH76OBTn0x4hLeZXfLkWMBnji4Fi15UeDsCJV174aIZx/e29Pgi2xqbw3aL4DVtW44Nhgd/xy+EioVwvLcHmuLqJRnFMBI4XC20pak0oHshz4li3kTBELM5cFloUL2sLlq4BKus4IRdm1sCTAycRW1Ihl22owg3T/IHEtbOw/txD5D2Jwd6p/oiHHyb6KmGG/tEKDO9ojGGz4uT0xQwcnD8da8KO4+K1RCTcOolt88ZgTZoZnBa4SMYEXMGqXlz07bRBFPwBAOpcmHWusc+unQ2hxwc4huawNW4rlHHaanh5rkPFyD+wrE+hKGm+l/6ibqPKAEFr5cYm0tIGUNZkf28oNplMOQIv7mYEjN6IE2mPkfk4HpcOBGPezF2iwejJvr5YvN8bS1N8YT80HOFzLuJH+5A65xj+67FJhtjZ3Dgsi8/LlgifxG8TDyEuOxuJR6fj22Od4R44HFoASN8XM/s/QOQXy4U6SdmFhV9cQGvzWRLHw2VhNRb9GIesR2m4sMgXJ155Y9IkPYXZRqP+2CUQX45JxO7xsxB+9iGyHqUh4eo2hHy0BH8qKNyqYiimfwLc/GITknkACZLxx5oL+EcsEW7MhqmNNcwMM5B4IkPYv9e3sfHrMGTLEYdl1Yki0BydqMATC75RQeLycZi/KxaZhVlIu3kCO4PGYN1RRXEeDgbMGQ0qWYXPfo9DZmEWorf4YG2cPYYslXzdha/vDHv9uzix5hwy8wvwvKhc7rGxOXGl1fgIDNYJw/e+Ql9LuzQPX29WRZelDUyeKwGK4sMN2YZC+6pE3iTAGWya+Rsi4x4jPz8f964fwOFkVRgMMJe5r4ri1M3hTbJwWUVw6h6jP4AGtuKbb84hNSsbaTG/YsEPgK65DwZqyMB5AHT/bAWsNdci8LNzSHmSgBMBvjiU742P59dw57s7vkPYX5dx7eYF/LncHZ/8ZoA+vwXUeYXs9tcm6GTigZA7iveTxsZXFXSDuxPwYGekMLbzTmPtz3X5sCI4tfyBWwqyTk6jYS6WZKirToyq8LgCacexiBfaiF4kLIogb9EjQeFKcmFAjlMVXw5eQEV0KaQ/Odu2J10NDdJWF5bajpVSnyfr1ATyMFUjTq1S7wJ+Ev05x47MDAyoc1cbcvPcQL/Pq1tUob5CC5Ivvl+mX8cYkpFm/UeUKLUgTVWhI0iUndest9BTQ8WyGiowUJYRLjzOQEOdtNVtyHPcQYmq0XxKp61uoG69ohqU14tIK9KGEU3bL1DKy/355+eQV9c2ZGAqPAJg4QjJwjl8wS3aOhqk28aQzGy96PPwpTQEPaQenyS9KEEZJYYOJmfTdmTYyYZ6O/pR2JYxZI7JFFH7yszNwiMJah0DUF2MC7X+1MUKIfApnY4t7CM8BqXq+KSwa8rx16YWyxJQEV0OHkruDibCY1LUdcjMwZuW7H1Ypw2VFE0BBo0XCpFWLOvRJunHoNRXBMUC2+qtGq2I2CQs2NRDrsrYssYmoqqjZ8b2EB2V0rmPF80JuS3sa9YKGsxwacKuIomKnQHmtY5UehtiU2NybDQOy1bApzGfl6VYVof2fvTz4t5kpqNGrTnSj0+qPr6Go21Gbp4b6h6f9FEwLRvWgXQ1NOQ+Pkkm25DB5wX8JPpzYV+yN9ASHQszroEK/3X9T4bYJLhFf8ywJDMDAzKzdKYp/zeReks7Pqk+G64qNuNtr00GpmZka+NFn+/5gUbASL5CMA3oRJHFspqtk+rjk6qONtI1cSD3MYF06L4iOU8Z3dv9Uc0RTR296IuIHKljQd71OeRhqkaAZDyWZWxsKK5UF0MCpPARseJH4kf1aOs40NjlZ+scn9Ro8Z1m2nCjfFhBsbyhvsoDZfImvuAWbf2oF9mbaZOmpma9x4k2l1NX20djRUjr400tViyrUU5dRokRk8iraxviAPUe99MY58k/P4e87YUy72g+hdZflDz5JjGsL9mbCY9kM7L1ogWhD6X4s7BQng585D6hQFGcmtLDaGZPkI6+GfV29KPwHz+o9/ikCGoep5YHDBER/kW8PGyNLj7WWJFzEp9xwYJF9YYVXJ2uhSk7gnGCFrfoDDCL/z6oMgMR4y2xOisK8QkjpG6NVkRsqsR2TFSZgfJVOTgQxH1nawiwEOLxZgZu/k2PSYRiHBrTDt8zsU0uOMeCBQsWLG9iIQ/4uI1vzZ1wplcsLh5xZLmIxO6Cf9lpbxx7iM5jVmMqmwSzkHDaJJw6D7js8GeDOQuF4uF6BtrajvgucTI+/d2r3veDFRGb1DAJX290Rs42axgyjlh1h5U/CxYsWLBgeROLFkz2np7CjawPMWszmwTXxr++IsyCBQsWLFi8C2BXhFmwYMGCBQs2EWbBggULFixYsGDBggULFizeSaiwImDBggULFixYsGDBggULFmwizIIFCxYsWLBgwYIFCxYsWLCJcF0IkIGNAxm4L8tjJdkMEIqxeygDTltjOPcMwdli5T5PgGTsmmEGc111cBl//M2qoGl4tAxOjAd+yW36LaImMWAY4Z9N//My/eblHlV0ZpbjsoK6wccVLDasbgcH4zbXPf3y6d720KpqJ1eBzxZHJc5gnjGDKWH01uvdUU0oCy3GFesevl9m3xz7K49fBR+HVtBiGOgx47DvzdvZx6QgBlZ6ESh+R3XUqL++5zbM4t3E2Rmyj5MtDZYPs3yYxX8sEeZXbsZIxhKLr9f/YwZ66DXSF8OcNJTayLMzGPQbG6eEO/Nweb0bPGw6QleLgVYrc/T2DELkA/nuciWgJpmp/us5IUbCsS9v8oGXqxWMOUJicquWHD8+TSh6/DO6PfsK6zYo1/NVbnyNwO3GmHn2OXJpEz6UlhiZM5i5t+m2oYjgFOLU+KCiPNuQJP5dmI1IV8K9R+4jEBHOTP/3goAq3BBSQKikaATol0u9Rn/yM5QR4UWECtRaQK9vNTqvQVwlgbJWoDcE7Cgis+5zceDr/8NDvT+RUlKCjLI9mKTR8u24vYiBleWhBpPctv3n4sOFNuC8o7Ju1F/lseHslRjAeGFHifLa29iYoyi9NhuXeqITMwuH/6XxArlHsW6WExzMW4HD4cDYbjjmbE6G+NRl9kV/TB7uBHNddbRiBmNDEyY5CMW4GeYND1s9cDgccI1cMXdrrlJEqlR5Kco+3wM+TCjGjT2fwtvFEkZ6GtBqZQ634SE4/6Tp/Pr2QgZaDAcjfpT0SgHdxs4AVzgYakNLQxdW5lOwKZHlw+8FH5YhhrY0msNpwUAPA5bsxoB3duapDGg1FBO/cca3FobQ5Sdh5/99jC+7MOhEq+Ekx706dt2A4/vchHIRaEHT0FziOSWvDTHI93/wsZ2IVWHS76GlMxQe3YBfU/MA6Cmt3xW5ieBjNPr20WbZOQsWLFoo3uYi7QFgNncwzHXe7gMcOg/fjE3DWZ2xeLvw8lo4/no5EQtC+qJrJz7+ObYEn/sPQUnrTOz7ROhT5c8YGPT/DGs892HJoqbtrnm4uQOGB/SDzw8H8D/31igvyEBBpQargP8wHxYgHdERT9B53Fp83rszdAW38Mfi+ZjVCfiTFsvFhwHg+Y1PMTvGHQ64WOs5udjj7YQlt2diyZYf4GGljsLUFAi0WD7M4t9BnRVhKgzBEIaBmro/TiAD612EK5xtmeH4raTGkLcNqNlKKW2WQoAMHA/ygIMRAy0NXXTr4489d/k1F1RtK52zYyG8HLjQ1dWFY+9tiOU1oRflxcjPz0dJmfyBa+Cc/8Mc36Fwd+kFezdf/LhmBIAYXJBzFlWTY46u9vawt7dHL8eusDHREBMyF6OXbMFS/4/gYffvK50HDlTAkfssMVlsAwB4efsR6FMzqzh0xO4avWavxBDGGp8cqlFW4ZFuMGN8sCtXeOj3cgsGqkx3fHUbuLSWC4ZhoMLoYXITVgt4z/NQkPscZUqU5/ObPwi3e2pIseGi01g3xQ7muurQamWOAWO24WqRnH3I3A6/wW2hp6mJLl38EZHWS84BLhm75rrCxaw99DQ10c7YFb6BV5HbgjYnj15fPDuJQC996GlqwrTjLIQliidTVSsVdurgcDgw6eKDryPlEGj2SrgxzhLn+QqQi4ihNbs4FCGvp2EMzJkQ0c4PAZIRYsvgg+9rYiUJhM+xNVaFlqoxug0IkIiRAmTg+HInUQw1snLF5OAUueReeG45Jnt0E9qfqjFs3f0RKmccbq79VeIM5nEZqDFO+D4LOP61NhiJrdE8RE1i0H2o2C6al5sxkulRM8su43jBy9uPQO+eIn/r7RmEEznC7674CeOV009AesZ4tKvaveMgNoP+cH3Nrh7pW6N5uHd4kmilzNhuOJbuyZHsqzGDkd/vhp9HRxjr6NSxYdkmDWqtyJkPxrTNKaI41qhe/0NozA8a02u1LL0cuDDW1IBWB1t4SovDNwfCgpmC32/+jCkuBtDT1ISRri925QIVhzsJt5q738UThMGn6hmmTAiSmjACP8/PQ14TBqU2447g/J+LMX3cQLj09cCI1duxqE8BEn6/Jrqmy7iN+CXoU0xy1QIH1IRYfQw/BAjw4fpz+OOLD+DS0xnunlMw0atDi+u+4MJcDLdloKVqDKehGxH/AnV8TeJVmlM9YFJ7e2sDem3MNt4nPqyKPlh84hR+WTwBwzz6wXnIPPz2syNeI1JuPiwoP4qgjzMwYeci1Ka8KncW4Yej7gi6GIpFPgPg0NMZH06cCa8uLB9+1/nw87gfMdOlHfQ0NaHVyhxOzjXjr0wxNG8fFvnYw9aoDbQ0dGHZxUdifBXFhWvfYIqzOfQ0NdFexwGjxx9sQhxuIBFmDBbjHBEqKzZhBCwQcE24dfMFncQc3ZrEbnY0gU/p2DBA+lbK5B8t8cn/tPBxxAMkZ57EMuvNWNzzC5wRu5yvchFXtvVByLVcFGf/Bof8T/H1+rpBhKMHdLCvf5Pa00grWBjbYO6RZmrxVTIO/nQCfDjAoZN8P03PnA1zPQ3ota9nkJUpMdcCRwtgynjK9fyyjEaGRw6MjG1gqC2/bQjKj8LfcRIu66zD4ZiHSL2xEU6lUzF7yHkhqTT9P4TvLcPl8bNxMAdAwWbMmFaMvrtCMZUrDMarMwh8SkJwH2DQ0lwQEQRUjL2TIbdtnP2cC2uTyc3a1kftBqO9m149pOEGdn9XCN/wBMRd/hLGj2psWIAMbJv8IX5J9MHG6xlIubUSPbM+xWyvQzInVXzcxurRM3D5+U84cf8Bjv9ahp0/xaNSrh7k4nnlR/g69ALish8hJnIMeLvc8Mn3Lbc9WWa9MsDN9WFoNe8C4mMjMb5jGH7wrtnu+HBzB4yezWDUunikPkpD5ErCiXEjECJjoiEw/RiTHG/gXFhGzSNfHsGeM0YYNMe1xeQlQC4ix3bH/10ejO9PZCEz6wS+67EPy3ouwZWqGPn68IeY/b0+fA89QeaTBFwK94NLB/m2YpeUlKCT7y/Ycy0dmVknsK73AayQIw4rwv7U4ImNucKt90FmwKgfSkFEKKZDcm2Nbmy8ELzZB/8+k3A4/zNsvJ6BzLRDWDP6GR5lC7932yyMV7cWApYWB1FEwv+Ln+drFSD87G5gPRzzxkT4+CSgw5fnkHY/Afvm52K370j875qkDd/46RpG7H6C3Gfx+L6PpA3Lgoeb22HErAJ0DzyL1KxsnDs0GSb56eDJoVeFgdMBxppm0FTqgon0MUcWP2hMr4Qy5BeaY0zQUVxIe4yUmyH4sFgYh2vrhMecR7DfA4zYlom8lwW4fGQKLDiAuvdjlBGBLvZAR8xEZNUzsqWcJ93QeCFMelbAoyMXwyc3fwsjoQwl/wBtOxspLlbf2YNbPG/0MvlOmCAamGHggBARoVU06pMXFYZgytB9KPO5irjMC1g/bCt+PNHEZKcevTZmG+81HwZQXvQCajCCYQd5bLIYJ+eMRdKIXfi6a12m+fjKfuTb9YfBsdFwMWsP444OGDn9IJJ5LB9+l/kwH7cRPC4AqYa7cO7RY2TFHcL3c7ii72WKoSVPQL2CsPlULFKeJGDPSkKU7wiJbefld3zh4fo7/hm2EefTHuN2bAjGqj1Gs8IT1YPKik00AhYUcI3qBZ/SacMA0KCluZK/pWgKsJD8vLJiEw0HaHKoQPhB9lJyRBeJ+5+ZDrKzPkfyonBPO9KCDk3aQ03DhQFkBBAAMjSZSbseVsr183vH1lD4wUsUE59AFyIXkFdnkDW20UMp1z4IAXVCEN2s5153l4GM1APobE4FKQUvk2jrWFAX84NU1MRbNGQbhaEgKwTTXfEPEyeSDSbT3vJqu8mhqI9ApgOCKdAd1Hv42Tpt4VMSBfepa1vy4vhEUBt40ZZiJcgyeyk5ohMtOFr9QZmEDQsKV5IrrGne2ZqflF/0IFN40e85krc6Mx3U1VWK7SdOJCs40w8Pap4RPUdoQ5ea0fRbC0G27aOotLbf6oN8NpXW+7sXESrNenZDeq2g0+RvBHJekCHxPBMsokvV3+uDJu4oFbtfDu3ylPxNY3i0CdRZzEYL97Qjs6pnyCMvylpB/dFPTDeSfmCGYJGf8ymJgm1AQ1ZX9fveLOoDd/o5R1z++8gX7emzozWxwqSBWNF03+1e47uNxWEF2l8lRVOQGWjUD7Xtq4yOTwR187wq+kTwQs52EtHjjSBj+NFpXuO2b2nRcPy7Gwiy1N1d6xqhf4t/zqd02uAIsh8TK2HD4vb9ItJKZMOyyekozWotZitN0aus/tqADb8tkNUPZNFrNd6cciBT+NFf4h/eGEBcmJL/eUH9P7zYgzpiJkU2c9xwUK2xmeag4LAddYIXbb0v5cvrI8ga7vSrvLq92IN01XWoo/kU2njuLqUkH6RAd5A5NkiO6y2gd66Y31TSLQrqXjNOVvuaiFMSEZ3sTtym6LUR23iv+LCoP5cpqBuo9/irVCqPTUa6UO+qsa+CjtIsgIavL5LwU7Q1on79NtCJ+HsUf/47Gt4B1HdMbJ3nsHz43eHDQv7SMH+UN4ZW99tzhVAiAiqiA6Obpy9pUMrxSYSHyMwALHoaiy0L9IWDGZD7IF9sOZqLTp3FZjPaAeX8YrmX7fUnP0MplUidIZEJ/ffhQmoq4qN3Y5ZVGNZ5hMu1zN5l1FLhViX7XnD3/hlHdnpAgI3Y0oSX5+2+PQIf2/X4wEQdVvYnFLqF4eF6BlptumPBES98cXicUt66SIwGHuIr9BAvHtZrPx4hHwX/1Ojda+cRDMn4CtsuBmBN5BClvQEycp/kDJ2ioQJLmPepmTkUt2Em+Qxy0R19etdcr27nARM8xN1U2e7/Mj0Wr2AHa6uaZ3R1ktcfi3Fz41h42OpBV6tmG+EbfgmUPNfaJHS0NKvZCqhnBwIPZQBUn15H6lNg/zRtkW2pMiaYegZ4mSL7am3HCSvRCQdx+I5QNqfDi2AwxhcDW1BeL5MvIQkX8aVJjZ+oMZMQgVcoyhbOT1uNC0avDt/jQ/PBmPRpIH7ZcUvu7ZS8zO1YOK4LzHXVhc9Q98dfeIXy15ApDivC/hTnaw2PF2m3AW2LwXDTVM7zBchFWjqgM8pWFK9UYAGbnsDLS6kSq4vtutSs0LXhcEQ2LFM/nyYi9ZU17IcYN0uv/xUowg8Kzy3HFBcDkT9reMXjJUpQWus6DTiid39GuR2qKlQmvhOhKSi5Mwfe0yrwYeRuzLZWXPMqytRQXgH0/24b/Ad3h63dOHz/y0SoIBSH77Sc3rOSAC0LV/QQ7SrqDuduTbtXQ3qV1TbeGz5ctZstctJAHHq5DTt2ucq8bZhehMNvegW8ry9q8J1i7Re2mBk5D8Ptu8De41v8shTIORohUUSW5cPvFh9WwVDMWQhc9LdDv1EzseD7rTiV9Eq+m7y+jV1zq4qoMdVbwjXxpqi4yi6TcT0J6DTLVaEyYs8RBgB1LmxsbGDv5ovVxzeh0+NFCD7W9Nup9R4BU9xFUab8v01ZMRaRqQE4m1OBhwkjoMiSMlYBhLKXSfjF8xR+9VZedU1Li4Mordr2UP33ms5jAVdssE2LQvwL4A3ikJjGmmDDTsqBxK4crXZy/f7V4b4YNf8FnNYmI7OsZhvhW+uOrRpI7GAt2oIk/pd02lV2YqLvi0kDhNujBZV7sfeMJfrOd2xxebWDH/6i2n3h4cD8KsJmthhReek49csUuLSNw/av+2KwU4Tc2+ovFX6LyBThdmT+mzAMkzOdb679NYk8MmXggXlnfZajxBPAFKXXdwbN9AMqDMHkYZvwbNQRxBVX+dmFAdAC6hBrBhxovgM1oZ4nBGFc/3PouP4itnor1h/V9bjgwhwdu9SwDzLqA1MU4knWv+BL8iTxjLrUz+vTqzy28b5AmARbIjA6GFvvz0I3ORTAxIXj3IvbWDVIGxwOB605HyEUwMlALqxMQ5ELQNcE0IUtTMX4oKlFR1QiH7lvWD78rvJhBnpw+5GQcX8rFo7Vw4vzSzGhhxPmXZB1MOThymInLDrggG/OFaKIql43cCxXetsbTYSbMsPMwArmFkDGHbFVmsqbiM8CuNZGiu9FE4sD1K+Ol6j4h+p8mp+fj4JnMgTj5MvIRg+0M5f/yWnJQOfhUzCEq6acvrbuhonTVfAqMwZ3myt2KbbRdSBQmnFe9J6jVGLCO41F47ZByy8Wx4IuYKP9cinXa4EjAPhqzVNqSxTLqref3TzBRRJux4rZRsoF5MAKPWylzYaV1WlnG8veaI1MZIuxvuxb8r2Afi/6IdpY+GPFGC70IFzxzEqXTjk4rQAer35CzdHiQoCyZsiz6XolfWc4GD1Awrm8ZgY9C4yZAWT+EonoyL24izGYMER+eZE2Aw5KUS5l6YDDUcEb5InkJEAussRIZJtug2CMqzjTyK4RRs0C/UbPxoL1f+HGfg/wkg/hbxnP3lV5eRMJSRYYHOwLB66QIKqkXEEmZGf6irA/WaguRwuofF1jdyq5qSiRc57Wpk/jsUeEIl4T7IYLG0vg+fGa1V8BMpB2B2gzyFZhM9QC/V6wbV2/ncuj18b8tSEbbkqcVRrJktUPpOiVid2B+5U+mBPoCosqUv84JRoVTQrqugqYnpGdS0gddxMC4eOxHR1+uoT9s7kK50383sPRFenITanhQEz+bRRAHx3NapOdXKWNr6ZOAD8jU3RMiwC5yHogzjO1wNEGXv1To/OS3Hj57EpO2/iv82EBMnByhiW+vhCE8LuLG9hdU48N99+H+OxUJCQkICEhAbH3N8BHFRi84CqOX58ALoDOfTygXmtMyc97AjUYQU+D5cPvOh/Wsf4Ak2atR+i5y1jrmIbEP1JliqECpOP6RcDx0+Xw6d4aWgAISUi4Lz4Gd4Nzd+BxaIxCJy7qZRqkZg0zowwk7YhDXnm5XIJThRum+QOJa2dh/bmHyHsSg71T/REPP0z0Vfwsf1OLAwjKjyJo0lJsiYzGtYREXD8bioAx/rgFH3gNq9XORyswvKMxhs2Kq6W8Mwj5aAm2H7qMawmJuHByFaZMOAYVzMNcZzEDLEzGvYR4pGYA5cjDvTt3cS+pQEKuhDLwygDSamAK7vog2BqbwndLM8xAy6JZg3lDtmEy5Qi8uJsRMHojTqQ9RubjeFw6EIx5M3chvWowOzntQ5xJ34bf1zqi/6pbmNf7e3z5saRhq4ALM2vgyYGTiC2paDJRU0RxgCbLSd8XM/s/QOQXy4WySNmFhV9cQGvzWRhZi7/0GtoOzxNDERr7TCJQ8XsuxoRup7B3aZxQPvnh+OkA5CpWZNod4GWcxPmqagJPT83G/05ICwaWcO4HpKwPRUxWIfJK6gZM9d4fwxBRiAjLQEHuc7kHoOboVQWeWPCNChKXj8P8XbHILMxC2s0T2Bk0BuuOyteOjiOCYY3f8eWKOBhOmiXaFi2PvPj6zrDXv4sTa84hM78Az4tqRq82fWbAGOfw5wUCwEPGvqU4JKhZrRB0CcSXYxKxe/wshJ99iKxHaUi4ug0hHy3Bn1WOcP/QPKzZHY20zALkP47D/p0XUAE7dJcxj6U21jAzzEDiiQyhHl/fxsavw5AtR4KpCPuTBV0HAsUxETheLIwRUWtC8UDORJj76V54cTfjK69tOJ/2CPnZqbi0ayW2x9T1hxclJ3Eg87WccYWDAXNGg0pW4bPf45BZmIXoLT5YG2ePIUsdFSYLVYzGgu+AO8t9hXaeX4DsWwex4fvTKJZTr435a0M2LDt5TsbGD7iwN1mJy0qIo7L6Qb167TYShojFmcvCzvOytmDpmibasEV/6OMKoo7mNjhh2CDq4RIyEdm01fDyXIeKkX9gWZ9CUcJxL12snPKLdNxLiEdiJg+lKEHq/WTEp92rs528Pt6kojYZcye+xF/fzsbeK0+QmXECIfP24yU+hndPyWtvf22CTiYeCFHClmmr8cGwwO/45bBw4u3ppSXYHCdJit2dgAc7I5FelVCs/VlOvcpoG+8FH0YuTs6wxCc7fLBo7yS0eiS0LWm2U68Nq3Nh1tkGNjbCv66dDaHHBziG5rA1bgsAUBu0DOMtTuGnj0NxPu0R0mJ+xZdrAROx15NYPvzu8WEBzmDTzN8QGfcY+fn5uHf9AA4nq8JggLlMMZQBFza9gEfHzwv9GcWIWT4Gh15piF2jh1GBk6GWuQiTvzmH+MxC5N+/ikP+m5s39jT0AnHWqQnkYapGHNR6wfpGTXEp8T99sReg+ZROxxb2IRsjFeKo65Bdbz8Ku1YpUTCidrGY6EXCYhelLVQcgC+4RX9M60/2ph1IV0ODNNsYkcMgPwq9+UrmAheVdIt+HWNIpsZCOXHa29DgKVvpyrO6L6nXllc7TKEIsWsEVES7PEFOk5LrL1YUaUXaMKJp+wVNfjH8TWRHMq5dUEJO1GsbRFSWu4+Wje1BZjpqpNnGiDr38aI5IbepqL7iHmlfk6tqR5p6UFLzZZmbaYazHukCxEC3ScUflF0sq1EbfvY3rRtrQmY6asTRNiM3zw11bIOISMBPol0TtchIs25fyzLCaa5HGzLSNyW7npNpyfyechUrEvCT6M85dmRmYECdu9qQm+cG+n2etGJARJS7l/z6tZGq12obvbHJmWzaqhDQtIIv9elVluInAiqiG6Fjyd1GlzQ1NUnXxIHcxwTSofvyFgJJp61uIHXY1ClyIY+88q7PIQ9TNQIkC3AJqIgure9JZm3bkKGlC41ZuJX8ekoWQBLwk+jPhX3J3kCLOOo6ZGjpQuOmHaCksiofOzmNhrlYkqGuOjGqRmQzyI8i7shXyK/kaiB522uTgakZ2dp40ed7fqARMKop4CaDDTfX/hovliWMxVtHg3TbGJKZrRd9Hr6UhqCHRLEsWcaLstx9tMzbQuRvjh8EUtSTukVgfh1jSEaakLDhCgonHynjmjpsxAreldG93R+Ru60aaWpqErejF30RkSNqg8wFfBrz2Vp2bmzmQTPWJYme06he5fDX+mxYdr3eoiBzYTGlh0oIs7L6QX16JSqjxNDB5Gzajgw72VBvRz8K2zKGzDFZYvylGwPqflbnGTkUvayHSJ5NkVdzimU92gTiSLFR8dhUuKddnWtUYVbHNhriTYLSy/THDEuhH6kYUZ9+0mKssHicDnxoZ45yahnln59DXl3bkIGpGfXpF0gLR9QqKpkeRjN7gnT0zai3ox+F//iB1GJZ9etVRtt4D/hwBR2lWW3q9kOa7chqw9KKZYnGFHcTMtJQJ211G/Icd1A07rF8+N3kw3zBLdr6US+yN9MmTU1N0jNyoSnLrlCOPDG06Agt9DIiI31TsrF0prFf7KJFzqBBC9Il40LMcprsrE+6Ghqk286GRo070KxCfgwRKfFtJhbyoPT5fsy3m4THnxfh9P/pSd2OcnW6FqbsCMYJKcc2yIwbI9HJ+Rk+u3UO37CHiLNgwYIFi6ZOpj9dhQ8M1kN/Rx72faLFCuQ9AR+38a25E870isXFI45gNc+C5cMs3kWwxbLeBiKBYuweyqBdpy+R3D4YS+bXd2ZtEk6dB1x2+Dfd6QEI+v2A/03PQ9gHOuDWPnyeBQsWLFiwkBGvruxEFpZjOZsEv1/k8ekp3Mj6ELM2s0kwC5YPs3h3wa4Is2DBggULFixYsGDBggWL9wrsijALFixYsGDBggULFixYsGATYRYsWLBgwYIFCxYsWLBgwYJNhFmwYMGCBQsWLFiwYMGCBYv/aiL8co8qOjIBSjkTUBmoxHaMZyww/1ytLx4tg6MaA4ZhoMW4Yt1DZTydh6hJDLoPjWGtSSZdncE8LQYfb2Vl8b7haRgDcyYEt1hRsGBRg+yVcGOclTQ+KXF8ZaFwPFzPQEtDF1bmU7D+hkDJT+Ph7sYhcDBvhbaMI1bdYeWvLDmzHJHliCzesUT4rcKlnujEzMLhBjthiWHTxsGjc60vOq9BXCWBslagN5o3qNxexMDK8hCK/wPyai74lZsxkrHE4uusA71LeGdsWBE2iitYbM5g5l7lPufsDAb9xsa98/6qTHmRIBl/Bo6Ch01H6GlqQq+jI8bPPYEMnnTSeHshAy2GgxE/ymephGLc3OQJF3MOtFSN4eQchBM5ktcI6DZ2BrjCwVBblHBsSnxLbeNtH1/fEX/l4za2TbSHg3kraDEctNdxwMjpB5HMk+8+ArqNXTPMYK6rjlYatvhgxiEJG74SIJx0F//rOSFGwrbv7JkMD1s9cDgctDMfjDmbk1EmdoVVAKG0NA7f9dqLrZ+fkvhO8QnHPnz3xXmYzH6AAorDNz3ls+GW4gGyjFst4Wsv96iiC7MR6SxHZDkiyxHZRPjt68QAzN4eDB9r1pBZsGDB4q3CP6dwNLojhi7ZgshLl3F4nRNyd43E5NExdYj+8xufYnaMOxxQLvdjnh5xg8+8f2C3Lg4pD7Zhosb/sKDrRiRVJzLIxR5vJyzZb4upW/5GzO2/sGntB7Bgz375z4+vHKNPsGTzKZyPv4GDe30guDABHw85L3OiSSjG+RlOWHCkP5afTEXsxbnQOTceH38WJ3GPjl03ID4+HvHx8UiITcOfP/cRfVd+YyK8fePR4ctzSH2UhvNbLHD3i2H4/JBkKxg1CzgPACoS85GrRJmoPn2M59QD/UZx2eOPWLBg8f6CpOBFhAqZYBFdqvp//sVx5Kjdi+ZHPiPZUEbHJ4K6eV4VfSJ4sYlGoDsFXKv6IHsp9YE7fb79Sxpmb0w6Ojrk4LiVbpcJv34T2ZE4AKHWX2cE092qW1TQPvKt+lwdNjTvbD3NyVpB/dGPfnhAciN6bt02ACD7MbESfTUfsZv+nGNHZjpq1L69By3YJSmrstx9tMzbggx11YmjbUaew3eJ+iqrTNMiJ5K7jS5pampS28425DnuID0k2eVVcDaIJrkL28hRMSKbQX607U6lxFMqKJzGwYCm7ztOy7wtyEhDnbR1HOjz/QISFATTYCnPaAMv2lIsWy8q6DT5c0DD/7eVZjgzxFHXoe49F9Gh+5LX5ccsp8nO+qSroUF6Ri40ecVtKiIp1/QzI10NDWrX1p5GjTsg6iuf0ulYoDvZG4I46jpk19uPIqr6yqcc2uoG6jHUm+wNtMi2ZzBt+caBzFXbUG/3KMqptlkqohuhY8ndVo00NTWJa+1NSw5J6rUkdj3NcNYjXQ0N4mibUZ9+gRT1RD4ba6ivD0JAbR19yLuLNhnqTKGQsPnkYgAyM11EZ4qEbTwwGmQ6bBEt9DIiMwMD4lp705oTr2W2YUFBMA2BVS3/KaMz00FdzA/WkXttCApXkhsG0c85Ur7MXkp9MIy2FBMVhoKM1AModPskcjYDcbTNyGvZFYn7C/hJtHOOC9kYqRBHxYjs3BaJ9Fbta52HbqRfJ3UhU6M2Un2NiKiSoinADDRjDykVZ6aD+opiwbvrr7LIqyQvl/KKeAqR262FIK7YGENExOcdIX8rV1qddoxmATR8fZHM9+NTOm0YAOrmeo5Kqz+8N4vs0LVmzEmcSN3hTr8+oBZBfbbBF9yiPyZakJm6cKyYs+VzyfGpamwU96foRSBLi4M1fSOiu4Ggjl030Kmw8eRspkkcdR3q0Wkr3SUiPgn9yNm0nSiuTFl2RRTbFDa+PvubfphsK7RRbTNyG72VrjwjpfhrWUku5eeUSMigqbi7DNQJQXRTVvt6E0Y+DMhnU83TH4WBjDCTjvDEdNQrqt723VoIMscGUQwgKqMr06TH2EebQKatxa9VPASFK6k/etLKRPlsWNa40hDn4dNlCuoGcpkaWyOvrBU0GFY09WCpjNxLljhcBV4R5eXlUXEzjOdFhApZo65OWI7IckSWIyqGI8qqV0Wj0URY/iRY9kTYQQXUzW03JZURCUr20kwuaMjqXMlbXexBHTGTIht0nHAaB3OlJMLig5ilhTSFC/vaGg404acrlHovng7MABnDj07zagjeTCNQ/+kHKSYlmzLvRlGgO8je9ZzMChYUrqTB4NKETcmUkZdPmYlnaccvR0ROLYu87h30p6+2nqGYlGzKexRLxxbpUyexdlbL0gcgbkcv+upIDhWV8aj44TH6K6aihrRUbKIRsKjRpRyooNPkrw3ShhetOvuQMh6cpQ0fCglCdV94CbPJEb3ok5+uUEpmFqXGrCUfEy0JYsxLnEK20CfPb6MoLqOAMh6cpdCJP9JfVd/fWQ/ShReFnH1A6U+u0q5JNTqpDnLWbrsp6d5a8tAG9R5+lpITv6X+GCQiyvc3qZAh403rj9+ljIJMur53LHWDMwUnVJO3WxRkBnIeE0Wx+QWUnxZLf4dvlCvINdbXByEgQ/jRsfSLFNgXZGQYRJfzT1KAuZCUVQc5dTjQokuviaiMsvf0JFN4084c2WyYTzm02xNk73lVREoqaR9NaaVGk0MFsulUHzRtf91rX0RakVXVQFsYCuKoGNGAcQfpaloaXQ/zJEvYi+yITzl0cBTIzC6IDsU+orxHsfTnXC51xiKK5tX4mgZc6KuTwr4mbtatY8PVugl2saGlR5QbQKMXgoZ/m/zO+2tj8qqkaAowkCRNTUcZRc+VJPoCKqLj00GDFqRTBR2VOxGurEraRv1QKvaZ5H0ebQJ1sAuifetHkbNpOzIysacR0w5QUllL2kYZRc8BdVCdSbtjH1NG8k6aYQ/iwKVJibCGgRm5999FV3PeUNmLdLoRdZ4eEhGfTtOG2T/R4bOJlJGXL4wrHRU7vvIpnbYOBXHtgigq9RFlJO8kv54gm74Hq4iiYv31+ET5CHW91pe7jxb1AHXrFSU7wUqcSFZisb/6s27oJUokoxeB0NaIDHXVSbedDX0gMSlAFD0HZIFtEolU9Jy6E0LVSbY5lJsIU/bSRnlRffGtsbgiC+cpS11FrrCmL44LiE9JFNwb1Hv81ToTCfVzL9naSURUuKcdaUGHJjVjYvT5qQ/I2W13vTphOSLLEVmO2DyOKIteWzQRNoYf7TwzowlJsOyJsCO6SDjKmekgO+tz72QibKm7WzRLVP28amcoDIVI0eKDqA0m095y2Qdi61rkSCpkkJdksOouoYPqIDdoQXojv2tGkOOAnCYlSwzIvdGLAq5VEeKJkg5X7ewW2EY5VDPDVd9MVCVFU4AFaNDSXIk2DwdocqiA+JRD2/qDPFcUCQOVKcg7TCBsmy6X5p2tcdyJO0olgsEuT5DzggwJ8i2+SiDXjLwMfX0QAupatcoQPbfap4Q2N2hBukgWlrq7RbKopGgK0K+bSDREKJ6f6ksWYqsbLyKdpBLW+vpxYDTIrUqnidtG0Zxf00XP7Oko7F9hKMgAU0Q2X60nUfJyb1adBEAo4/b02VExXxPrg6BwJQ1BX0mC+jbgP+KvSkmEs1bQYIYr4VsFkS7UG8F0k6hJibDghdC/P9ovoDvrQebwo5PlNyhAv8Zfby0UJir9+m2gE/H3KP78dzS8g3AlqbSFzKKSjpIvQBPEEvYXkVak38REWB9TaH+R7GOYbftaK5bNGF8FhSvJFdYSn5df9CBTeNHvOYr31+YmwreCULUipkndHLfJt9p2sju1hxdtLHpAWz1BPfoepJxH/yNXdBT1/96xNRR+8BLFxCfQhcgF5NUZZC2W+L6IdKIOsCe/v4R8qjj1R/LpBNKXIn/e9dFkBXf6/uJr5awGUxHdXG9EHcVivty23EBckZXzPArlkpnKTFqzxI5MEVQ14Sl/ItwYFJEIsxyR5YgsR1QeR3xNxY32VVmo9x3hYvUIzB8VjoxSLnp2b6ekd4+46CRWgIPTDijnFyu1QITS3kFyMge3ert5uw7QxWvkV3UkMRp4iK/QQ7yQRq/9eIR8FPwj2/0FPf3xWe+LCLRzhNe4Rfh643HEFcnXRl7mdiwc1wXmuupgGAZq6v74C69Q/lryOgYcdB1soVR5mbraiv7N72wPGyQiN4UgQDqu3wQSzvSHtpi8rBcDr5GJHAACJON6EtBpliv0pL7P9RCZGYBFT+OaD9X6wsEMyH2QX6MzDgcMtKCnBWhyGDDQAkfnKd68BlSfXkfqU2D/NG1RG1QZE0w9A7xMyauy36GYsxC46G+HfqNmYsH3W3Eq6ZXMMpClrwCgWqolfIeLgFbaHAAcaBFQqlZTqaWNk7lIFgwsYNMV+OdypsxtaTUsCB6cMOyPIBCK8ff2WzAeMwuemo3/loEe+n0IFJ6Kx1NcxY5fjuPcFyeRiGxcvw2YTnQQvYOmDnNYatT8zkgD4PGE/XiZfAlJuIgvTWpkocZMQgReoSibavRmaVyjd057cFAq8rW3Bf81f1WFG0IKCNm0GN2bc6Pio/Af/C0EHx9H+CdCq6AX4fCbXgHv64vgpIhYrOsIU0MzaIPqfKf9whYzI+dhuH0X2Ht8i1+WAjlHI1qskrnK00RkwhqdB9a8ldnGbhw6N7GYYxsMhpue9Hdab24cCw9bPehqCX3J6SfgDb8EPAX1hUk+g1x0R5/eNZ+p23nABA9xNxUK99eR+wgv6CTm6DatvT3mpyP+XjzOnwhC14L5+OK7OLm5BiPQgi6XC2OLuo3oMmoppo8bCBf7XnD3/hlHdnpAgI3YUlUwqJX3Eexd+AKRY9qDw+HAxi4afWYMgqqU56j324I1Ey9ilXsrGDD++FuRRnhnEiyZdnAO4MB16yqM0VS8ncvKeUxmRmP1kDCsWKeDz2JWw01TOX6nP/kZSqkEeyezHJHliCxHfBs5oiYeytRX5eSi9UC9wgITTyVh4wensK5LqKjgSJPfRWbKwAPz3r6LbWlxEKXCFXjR32s6jwVcWRU1AAG3ixB3LBBjXJ/j7qbR8Go/C8dlLO/Gx22sHj0Dlwq/RWRKKYgI/DdhGCaVFrWFRqt/88V1YMjqXAlZERHyabVCiLLMgwKsEXCN6rQj6bSryLndfiRk3N+KhWP18OL8Ukzo4YR5F0ihfeXrV7N4sZ9pA5pikaGiVst5crqaKoZi+nQg7teTKHq1H9uPWWLAUkeZf9/JbSJUn8cgPv0C7mgFYrTLYVz+JxHXo23hNKyG9KujLoEUqNbYYDv44S+qLXMeDsx/t2LHe+WvciTBAQPHIsHxKiJ3OoomR5i4cJx7cRurBmmDw+GgNecjhAI4GciFlWmoTAWDBG3aQw9AWRYP1jNjcSH/K7hpFKDkKdCus9DmdE0AXdjCVCzmmlp0RCXykfum5cTA1C5NpCWDbZfWcy9djtRCR68O98Wo+S/gtDYZmWVCP7q1EO81NA0tYNPFHh7Dv8G+bTbI/GE1/iyR8ccm3aCHYpQ+McH47Tn4e+8QcIsT8RztYaAv/SdqvUfAFHdRlFkz8f/Bj+nIe16E7IwCZAoiMaHtJajCGB1r/bbixlws2++Oby6+RjZtwoeKFETPfcjgFeH6eh5iPv0GR8uVI2+ZOE/5XZzPAqCSiVs3c99r+2Q5IssR33uO+C/ptd5EuC084OveDVMiN6GH7mws/CZDnrkvcLSAytc1DqSSm4qSphSpJt1mp8+kzYCDUpSXNvNGRU2bS+86ECjNOI8rzRxwGOih68DxmBMQiuN3N6EPDiAqWjZ5qby8iYQkCwwO9oUDV134WcoVZEKjye2pPUsoD7JjapYMVB8lIA290N2WgQosYd8TeBwaU28JdxV0g3P3+q9hYAVzCyDjTl7Nh5U3EZ8FcK2NZLMZfWc4GD1Awrm8Rq/Vsf4Ak2atR+i5y1jrmIbEP1JldL7G+yorys6kio51ICQhIR7oMNBcDhvmwG3uRGgmhuK3sHDcwxxMd5b9+fye3rDDTUT9cRE0eh6mjYvFX2v+QhKc4dxVtnu06TYIxriKMy115EJFLgpynyttB8p/yV8B4Hl+HgqeNC2IEe80AgaOxfXOZ3HgQK1Z+v77EJ+dioSEBCQkJCD2/gb4qAKDF1zF8esTwK01gOfn56PgWW1ZO8F5AJBx9JpIn6r3j+EausLWVfi0zn08oI5MZIvx7fy8J1CDEfRqiZX3PA8Fuc8VbhMC/V6w0b6D3JQaIvQm8wYKxKyAtLShiTKx8YqHfDlzhHvRD9HGwh8rxnChB+EKcVa6YsdX6uYJLpJwO1bMpVIuIAdW6GGrBNJZpRNF+asAJSipzQnKi5Gfn4+SWg8R2H6Insx1XLta88Xj2P14ht7oWU98q0i+jGz0QLvaYVhTD4ZcHWjgNo5sA/Q9h9fZZVGYcgx8jMPEQdr1VHTm4Xl+HvKLm0gqNPXgNH46TJGMe4+bJ0dpcUUWziNALiKnjcX1wt2IOdUPSV/61n+UWVEz9zHUo1eFg+WILEdkOWKTOKIi+6qwRFhkMG38sCXcDmmrffG9HAe8dx0IFMdE4HixMOBFrQnFg6Ykwhb9oY8riDqaK9pCKS/4+s6w17+LE2vOITO/AM+L5I82pt2BFyUncSDztdwJtcmUI/DibkbA6I04kfYYmY/jcelAMObN3FXvmXR1kBqCL3+IwvXkQuQXZuH2rt24j97obiebvKiNNcwMM5B4IkNIJF7fxsavw5DdBJ2QmjXMjDKQtCMOeeXl8hMTFeDBvsVYfS4debnnsPGztSjCbIx2EQbyUaumoHXmHEz87gTiMwuRnRiDI2FzMTM4WRTsRwVOhlrmIkz+5hziMwuRf/8qDvlvxmUIt3FO8wcS187C+nMPkfckBnun+iMefpjoy8jYRE8s+EYFicvHYf6uWGQWZiHt5gnsDBqDdUerB/Iz2DTzN0TGPUZ+fj7uXT+Aw8mqMBhgLvOg1VhfZUUWVmPRj3HIepSGC4t8ceKVNyZN0pPLhgU9v8FUm8NYtSQRJkt95doCy8AJHo63sXddKQaNMkYPz2HI+307XukOQR8Zt7sJugTiyzGJ2D1+FsLPPkTWozQkXN2GkI+W4E8lRMbbX5ugk4kHQu4oIbL+l/wVwnNeV/Xiom+nDXLvDiLeaSwf9CGOFwUj6H/6KKxKeO8lFQjbos6FWWcb2NgI/7p2NoQeH+AYmsPWuK3kzR6twPCOxhg2K66Wv1rgo0V2KI4JwFcHkpH58BxCZoeivNU80WCtNmgZxlucwk8fh+J82iOkxfyKL9cCJmN8MVCCoCdj4wdc2JusxGUFm4UqhmL6J8DNLzYhmSc8Y/mPNRfwj3girO8Me8MbOLNDqHvevZXYfFb+8YqXcRLnq1YEnp6ajf+dUOz4Svq+mNn/ASK/WC4c11J2YeEXF9DafBZGchXvUmc/58LaZDJ2lMj5w7iVmPXZVuw9dRnX7lzHxYOrMOmzeLSFb512Po20goWxDeYeqRXf1Mdi7ifA5S/mIezKE6Qm/IovvwXMp/pjqKZwLAj5aAm2H7qMawmJuHByFaZMOAYVzMNc5xq7Oh6yGYcv3ETC5UPYPNYJ36d5YHawa91ktwwQtG7AHyvDMMWYCzePs02WJ2lpAxITLoqLK7Jwnif7+mLxfm8sTfGF/dBwhM+5iB/tQxDLUxz3akyvigTLEVmOyHLEpnNERfZVfoOtp1iW+PFJfMqhqI9AJvUUM5AGvuAWbR0N0m1jSGa2XvR5+FIagh51jk9qrCAIn3IoelkPsmmrUqfU+91A6SW/xV8Kr0be9TnkYapW5x6ygk+X6dcxhmSkKb00foOFwaoqVS4b24PMdNRIs40Rde7jRXNC5CgLnrGRpnvZkqmxGnHUdYhr7U1fRzyR0s765VVyNZC87bXJwNSMbG286PM9P9AIGEkUO6kujV9v4bHqWg+nJpCHqRpxmlEaf3Iv9YZL41eVvedom1GvwTPox1P/1L2mqsy6bjubuqXxF/YRHsNTVRo/7FpNafxt/YVFmviURCE2oEl7qgoImKpXFWYSK41fdRyBrokDuY8JFLWVL7hFWz/qRfZm2qSpqVnniBJZ0VBfH4SAurqeE/lH9RERZ6YLCw+ISuN/FEzLhnUgXQ2NOqXxG7dhseIlm0B68GjSETPiR+JU0lGa1bqmaER1QRCzqoJIwvYkUbCNZCVbAT+J/lzYl+wNtIijrkOGli40TlTZVzZfk7Wg35npIB341KmcqBD8R/xVIcWy7s0iWylxuh2mUITUGNFAsazspeSgKt12BVRENzZ+IDwOQ8WIujvXPaaiLCOc5rqbCI/8UBceL1K7anQl3aIgc+VV7eULbtEfMyzJzMCAzCydacr/TaTetYo5FpycSs5mwiNQ3Dw30C+zpRfLkjbWifxojh2ZGRhQ567Ce/w+r+71zR5fn/1N68aa1Byf5LmhzvFJivHXZhTLSg+jOT4OZGPYmjQ1NYnT3oYG+2yQqOgsS1ElvuAW7ZxuSmY6aqStbkNDptfYTiXdol/HGAr9HRA+Y4pk1Wg+pdOBaVzR0TR2vf1o84VXUptcXSDmYQMVgl0YkOPU2KYXzCpcSUPQo8Hjkxqte9dAXGmQ81QVzJuwq0hMPqcpwLzWkUoyjltvQ7EsliOyHJHliM3jiLLqVdFgiIjAggWLdxKEYhwa0w7fM7GIP+LYzLvxcHuRFnzDduNCiS+4/2G58XEb35o74UyvWFw84ljP9kMW76VPPV2FDwzWQ39HHvZ9wloGixa2v8oMRIy3xOqsKMQnjJAam14etkYXH2usyDmJz5oYqCuxHRNVZqB8VQ4OBHHZGMiCBcsR30uOqMKaCQsWLFBejMyEn/H1Bl04/Orzn06CAUDl6SncyPoQszazSTALSby6shNZWI7lbBLMooXxcD0DbW1HfJc4GZ/+7lXv+8E3jj1E5zGrMbUZgVoNk/D1RmfkbLOGIeOIVXdY+bNgweL944jsijALFu8wFDHbRyhGxNB2mHbGDP0/3oh9u0b85xNhFixYsGDBggULliO+3xyRTYRZsGDBggULFixYsGDBgsV7BXZrNAsWLFiwYMGCBQsWLFiwYBNhFixYsGDBggULFixYsGDB4v1MhG8OhBUzC4ffYwE93dseWgwDhmHAZZbXOVeSjytYbCj8nmE4GLe5jLUqFu8Fzs5gYNP//FvZNgEysHEgA/dleayiGkAl9uNjhoFWB1t4Tj2BXCU/j57vQ4C7MYw1NWBlfwJstFQSHi2DE+OBX3KVaTtnMM+YwZSwpr9d9c6Mr4+WwVFN2A4txhXrHrIm1iDuz0Zfxgt/5LKiaDGuGsbAnAnBLVavLFgoMBHWnwjv8YPQ8S3ugADJCHFSHuHVn/wMZUR4EaECNSnfq8INIQWESopGgH55g/fi4woWmzOYuVf5CUq/sXFN/v3tRQysLA+hWJmNvNQTnRqbZMleiQGMF3aUKOH5uUexbpYTHMxbgcPhwNhuOOZsThYRc0FFOEYw1QSs5k+F0ZOL+GVf9Mfk4U4w11VHK2YwNtQiUAK6ja1zh8LDVg9aDIPuQ2Pq3ON5/PeY4mIAPU1NaHWwxaipJ5DBU45aXu5RRRdmI9LfYp/nV27GSMYSi6/Xfw0DPfQa6YthThpvta/VmzCiGDf2fApvF0sY6WlAq5U53IaH4PyTpt6Rh9sLGWgxHIz4scaz1TARu4mQf6IPincHIVTJlWOTf5iMfZemYFf+GzyUcjRMY/b3XsQmGccLWfzgbYcix1elovMaxFUSKGsFekPAMkcWShm3FBKb3hE0GstbqK8twXmay/2VnefIM74qU14FMf+D33AbmHHVoaVqDLt+s7Dl4ut/ORE290fwgU/gxMYwFv8xvLwWjr9eTsSCkFO4cPkU/vB5imP+QzBjpzAVZtTHYlNaHOLj40V/NzZ3gxE88KEPI/Nzyp8xMOj/GdZ8OxDtpWZsxSjn9cKopT9jZk8pCdGLcMz8YDkemmzB+bTHSD29EAY3RmLCZ3HsahoaToQHLNmNpT7t38n2C5CO6Ign6DxuLbZHRuPCsQB0yfsKszo1bcb/+Y1PMTvGHQ6Qnky07jcSNkjGkyzl9is/D9DqNRj99VgbZcGCBQsWLFgI8eDAFhR1DcDarVdx/noY5hqHYbnHhDoLSC2TCN8YCYuqFTADaTMyVduu5uxYCC8HLnR1deHYextieeJELgPHlzvBwYiBloYujKxcMTk4ReI2vLz9CPSpWfEYOmJ3nXtsHMigv98JHAjoBlsdVXDaGqP/0jjwcRvLLRioMt3x1W3g0lquaMVushyzLoXnlmOyRzeY6wpnIGzd/RF6l/+fNLLGdHLFT6hzp5+A9IzxaFdlAw5iK16yyKsS2zGeMcSM/VEI9LGEsaYGWuk6Ys6fhIrDnYRb4dzv4gnC4FP1DFMmBElNIfj5ecgvln+loM24Izj/52JMHzcQLn09MGL1dizqU4CE36+JEimzrg6wt7eHvb09etmb4tFfyWjnOg8f6cr+nC7jNuKXoE8xyVULHJAUB/TEvPBgfDnNEw5t6/6+MmYDYoq8MHPbODiYG8DM8TP8/IMVnu0KxZUWXiApuDAXw20ZaKkaw2noRsS/ENe5lG2Sp3rAhPHH3+I3uTkQFswU/H7zZ9Eqt5GuL3blCldBb4Z5w8uBC2NNDeF23THbcLWoalKgMARDGAZq6v44gQysdxHaTltmOH4rqbbxXGwbULOVUtoMqgAZOB7kIfKDbn38sUfchmWIb7LPhBQjPz8fJXLOWqiiDxafOIVfFk/AMI9+cB4yD7/97IjXiMQFOQcFQflRBH2cgQk7F8GunmsIWuCgErwWsCM1QO6zm2WJTdX242GnDg6HA5MuPvg6sqgmdh3pBjPGB7tya64/68fAqvVGJAFvTWxqDLL4gagNN3+Aj0MraGnUtWESJGPXXFfYGqtCS9UY3QYESPqBjHjx7CQCvfShp6kJ046zEJYImXXSEni6tz3MmQCJbdd8HMNsLQaTqiY+kbcPi3zsYWvUBloaurDs4oOle3LkeAoPUZMkd/TQy80YyfSQWAGUhfM0xpsaRdFprJtiJxyjW5ljgFgMBYRbaPU7+OPHn73gYN4K7bTNMTzwqsQqkCJsg8BD7Nk5GGwmbMegEbuRzKux4Q8Ya8w/JynDszMYdLWQY8fHW9BXAYS/dzFrDz1NTbQzdoVv4FXRayby+Gt9kDU28dTzcXfHZLiYM9Bq1fJ6lWV8bSyWy9ZXHu4dngQPWz3Rjj5xf324noFO73Hw6doKRrq+WB/+BVwNGZibBeBsMd4uFJ1GsHdHmOuqg9PWGOaOPvj5vKAqTjWe5zTGm6qRFMSgk81G/BU+AS7mHGhp6KJn521IknF8lScWPs/PQ14TVmrcfnqMfT99ikkj+sLFyQt+BzfBGadwJlLJyz7UEG4MIEvMpMjan2cvJQcVUDe33ZRURiQo2UszuaAhq3NFl7yItCIDeFHwlSeUV5BJaZd30S9hd0Xf83lHaKYRqP/0gxSTkk2Zd6Mo0B1k73qOiqqvoXTaMADUrq09jfn+CqXzyqns6W06cvp+zX0oiYL7gAYtzaWm4N5Bf/pq6xmKScmmvEexdGyRPnWCH53mSV73IkKFOiGILtVzn0qKpgB9kM+m0nqfVUm3KNjFhpYeIaUieiFo+LfJdT5vTCfVuLUQZGlxUKQHeeVVQeHkAxC3oxd9dSSHisp4VPzwGP0VU1Fz0cUe1FGabYkjfxNN0JxDe8sbkLkBqDOC6W4zZVZJtyjIDOQ0KVnq9/yXITSY4dIXxwVNe8D1EWQNd/r1gfSv+ZRDW91A3TyvSnz+5pQD6cObwsprf+ZCPzxQvO08P/UBObvtpoe1PhcUBNNgNV1yD7xKKdmpdGl9TzLSBHV1PVel89PkbwSaHComn5PdiQs/+qtWTDFmDMmytx/tTnpFZeXFdO9CFF15JpTB0TULacuBm5SakU8Z6VEUPABk01fSFisrNtEIWFDAtfr7UR07pMWFO+tBuvCikLMPKP3JVdo1CWQsbsMyxLfGfK0ahXvakRZ0aNKe5uvmRaQVGcObthfL/hsBFdHx6aBBC9Kpgo7SLICGr6/r2RV0mmZpg2bsUWZkKqOzH9XYjDz2J0tsur9JhQwZb1p//C5lFGTS9b1jqRucKThBUhZ2OsL7Pz/1AVnBi7ber3WjtyQ2NTZeNOgH2UvJAVpk3WsRHYy/TynXvqXhHWpsmE85dHAUyMwuiA7FPqK8R7H051wudcYiiubJ1r4KOk3+xiB9Qx9aHXWXMu9G0aJ+oC7mNfppTCeKHF/r9YEXm2g4jGje2ZrPyi96kBmm1OgvJZi+/O5POh93T6ydverKNmsF9Uc/KbG3jI5PlIzfghebaAS6i+4hC+eRdYxuKO5tHQri2gVRVOojykjeSX49hTE0pzomhYI4KkY0/NtkKiKi4jsfU2+xvirCNujeLHIAiGsaQAdTH1Fm7O80pSOo75hYKq16xm5PkL3nVSoV6XgfTWmlJjmGvAN95dNp2jD7Jzp8NpEy8vIpNWYt+XSsO17IMm41igZiU3VfB4w7SFfT0uh6mCdZwr5F9SrT+CpDLG+sr7zro8kOXWn8b7GUmZ1KFzf3IhPY0/cxwu8fhIAM4UfH0i9SYF+QkWEQXc4/SQHmdWNIY2OOIlB/LC+jM9OFNnwiuZDyslLo+rENFH7hVS0bqz/PkZU33Q0EaRiYkXv/XXQ15w2VvUinG1HnJfrdqE5kkVf2UnJQBdmPiW223AQFwTQYOjRtv4CUiSYnwo7oIuHQZ6aD7KxrCM6DEJAJguhmfQQxFGRVmyQkTiQbTBYNTtVk1lJ3tyiw1TWC5iXC0slF9zrBSpkDdUuhMZ3I4wwNyas6ER60IL1JAV324KK4RLjgsB11kkaK5ZSdohNhYSBQJc8A4UAuKL1MwQNArWEjQexawna4WCSy/0q6RUHdm5YIc2FK/udlC2xvTjmQaa17NCcRrqRoCrCQ/LyyYhMNh1jbZYhvskJRiTCfLlNQN1Dv8TXEUSa7jnSh3gimm0QNJsJ8SqetbqDe7lGUXqYcGyrNC6eZ3ObF6vpiUwWdJn990MQdpRI+tcsT5Lwgo8afyv4mPwuQy5Jg8jE2oDG/Fb31sanh2Ft/IuyITrTgqCThEtnwvVnUB+70c454m/eRL9rTZ0flSISNJOX7IkKFTKrihKw6UXoiTEW0a4yQrIvLoluvqHp9qZpXeK4oUlgiLAvnae44IyhcSa6wrpP0m8KLfs+paYcRZtIRnuQk8KgfShVmG3RvFjmiA30aJZDgfOLjwfNTfclCrB0vIp2kLkK89X2tJ07Ztpe0r5ZIhA3EJneqx7qW1KtM42uzE2Gh/1rq7pZcNHOsSb4ehIC6Vvl39NxqvxT6aIO8tIUhoCLaVWtCSBF5jjTedDcQpI8ptL9IMdyflJwIC6iIzk4DWVTxF2WiyccnqYCLTp1r/s9pB5Tzi0XvLVqNC0avDt/jQ/PBmPRpIH7ZcUtiqTwxGniIr9BDvBhRr/14hHwU/CP5LONhDuAqaUWcl7kdC8d1gbmuOpiq7St/4RXKX+M/h8Z0okh5MeCg62ALpfanupBKNi1G92bcp+TOHHhPq8CHkbsx27ru93xcwW+bAaul/i3+vjxjsBibD3vh6e5uaMfRQmudzxDtvRD9UAnNVi3XjqwkQMvCFT1Esu8O525Nu5cGHNG7P1PvqwpTXAygqyWMCRpe8XiJEpQqagcMHiIzA7DoaSy2V7cvHMyA3Af5Msc3WaE/+RlKqQR7JzfvlYbISQNx6OU27NjlKvO2YnoRDr/pFfC+vqhRu1WBBaZuWAaN2yNhqcXB0JWK2z9GKMbuoQy0jWfgDD8Iq78zVnwseHodqU+B/dO0ReOJKmOCqWeAlyk12+MZzlD8eHgKStZ9hXsGYQj/XO+tjk3Ne+/JEuZ9RBYsYcMvky8hCRfxpUnN+KvGTEIEXqEoW74q0B0tzWpeOdGzA4GHMjl0ovQYCj2MmWaF/KMRuAyAj9PYtw/oEzi8xpde38auua5wMNSGFlO9FVETb4oU5weycJ7mjtFM8hnkojv69K75TN3OAyZ4iLup4vZpDK5mtXy0oMsBeDzh/lZF2YYKuqNH15o4r99tBFojE9lVe4ZbDQuCBycM+yMIhGL8vf0WjMfMgqfmu9VXQjFubhwLD1s90bjl9BPwhl/SIq+aiEMd5rDUqLF7I42W1aus42vzXvHLRVo6oDPKFnpi45dNT+DlpVTRVnDVUi2hfxPQSpsDgAMtAkrVeHhbwEAPQ+e64Pn5Yeg6wAdz/dZh++kncvMMWXlTGwyGm7Lrc1QVFow/4ticzAxJm50xa8cUrLy/WOm8W3nnCJstRlReOk79MgUubeOw/eu+GOwUIXE8h6XFQZQKV6VFf6/pPBbUynpVDTlKaSIft7F69AxcKvwWkSmlICLw34RhGN4eR2lpnShOXm2h0ertF8nzhCCM638OHddfxFbvdtL7fen/cCDDC1PmG/8rbew69jji88tQkpWBnOepODokF4/QEaYdWr4t8nhiBaNeT/DnQFNKMWcqDMHkYZvwbNQRxBVXxYQLA6AFvLeFwYRJsCUCo4Ox9f4sdJNDAUxcOM69uI1Vg7TB4XDQmvMRQgGcDOTCyjRUwu8FyMCu+WvwyikK6WU8nP4/xY2WDPTw8WlCaV44Bqh/j1XfKScJ4sEaAdckxxMiQtJpV4nrHl3ZhzwNDTxPOY/kcry3aAc//EW15cXDgfmMXPdRb9V8nSgbrUYGwgmHceAcwL/0My7wZsJ7DCNq5ZXFTlh0wAHfnCtEERH4lI4Njs0zDmLKwIOkLBvlPM0co2VPmHTrxhpVnsJto+HJoqGYPh2I+/Ukil7tx/Zjlhiw1FHhuld2X18d7otR81/AaW0yMsuEv7+18N/x6bdBr28L+PpV/9AW80ltQDPn7WqngXcMUvIvYOunrtB9HoFlI7ph6DcZsscZOXgTo8uRuz5Hy4OH++F28P7KEovv7IKvtfKfqKLMmzNqFug3ejYWrP8LN/Z7gJd8CH+/qSL3A4HSjPMKKPijBY4A4KvJT5VVXt5EQpIFBgf7woErJO0qKVeQibosnaPFhQBlDRByDjitambfmmwCz/NQkPv8X9GJBIp4zZJX496rC0WE3uf5eSh40jQjKk8IhI/HdnT46RL2z+bWO/t47McL4JjPwgRu/Y6bn5+PgmfKTUF1jIyhq8XDlS37UYr+cLaqnXnmoiD3uVKSRlMngJ+RKSqZL0Aush6IJzta4GgDr/6psZuS3Hj5bDN2B+5X+mBOoCssqhK+xynRqKhPf03YtcHACuYWQMYdsWSs8ibiswCutZHiBdfEYlnVyenJGZb4+kIQwu8uhpumnPbXfx/is1ORkJCAhIQExN7fAB9VYPCCqzh+fYLELhsB0nE9Dujz6QiR7BUdm7SMJmGmK5B9ObV5MpUSm0jfGQ5GD5BwruEkm3cvENP9u2PCmRh87fwjvvQ5V7cwz1sQm+QysSb4QZtug2CMqzijxKOXZNVJS4yvjPpYTBqdiWu/xeD0jgvQcvXFUE0x278IOH66HD7dW0MLACEJCfel9EmbAQelKC+V0j4toPJ1TftUclNRIkaxZOU8Mo/R0mTezRNcJOF2rNiwkHIBObBCD9uWtQ0BknD3Xs1K49PkE3gJc5hya2TmNnciNBND8VtYOO5hDqY7y2Ffb0lf70U/RBsLf6wYw4UehCvEWemK9VdFxKaW0Kvc42sRT+6+qoALG0vg+fGa1V8BMpB2B2gzqGaVWJGJmbIKH4o8oUNvfPjJYqyJSMTx+S+Qu/pCreOJ6s9z5OVNTRlf5ZVX0/kwD/f39ceImTZYdP445vVQaoqq/ET4/qF5WLM7GmmZBch/HIf9Oy+gAnboXpUzmUw5Ai/uZgSM3ogTaY+R+Tgelw4EY97MXXKdT6UCLsysgScHTiK2pELKANWAn7WxhplhBhJPZAgH4Ne3sfHrMGRLEYt6749hiChEhGWgIPd5HWKrAks49wNS1ociJqsQeSXyJyQCJGPjB1zYm6yUqHDZUjoRJT3dgRclJ3Eg87WEPOWRV6Ow6A99XEHU0dwmkxs+rmBVLy76dtogd1VXXtpqeHmuQ8XIP7CsT6EoWbiX/kIyyDwNxZZjOnBZ61N/gH20AsM7GmPYLCkV9l6k415CPBIzeShFCVLvJyM+7Z7YdjceClJTkXj3HjLfAK+fpdZpx90d3yHsr8u4dvMC/lzujk9+M0Cf3wLqbBe5/bUJOpl4IEQJZ8FajQ+GBX7HL4eFpQifXlqCzXHi9t8N7k7Ag52RSAdAvNNY+zNQKc9Duo2EIWJx5rJQOLysLVi6pu49SM0aZkYZSNoRh7zycrn8TBVumOYPJK6dhfXnHiLvSQz2TvVHPPww0Vfxs+JPI61gYWyDuUfkjQW5ODnDEp/s8MGivZPQ6pHQPiVtpxH7U+fCrLMNbGyEf107G0KPD3AMzWFrXLtEeRlQCvBbKTM2cUDaAF43faqmvtikAk8s+EYFicvHYf6uWGQWZiHt5gnsDBqDdUer+3AGQRPWgKaG45eBveF/MBg6pz7B57uL36rYJPP41Qw/EHQJxJdjErF7/CyEn32IrEdpSLi6DSEfLcGfCtoNLItO8YfauAABAABJREFUWmp8ZaCHD6dbIf3aPPxfVAf0WeAhWhlhwIVNL+DR8fPC2IVixCwfg0Ov6k7w8vWdYa9/FyfWnENmfgGeF5VLJLrFMRE4Xiz036g1oXggNjbKwnlkHaPrn3zwxcz+DxD5xXLhM1J2YeEXF9DafBZGclvWNgj/4IT/VziR9hhZcX9gwQ9ApzGzMFD8WT2/wVSbw1i1JBEmS33leo3gbemraXeAl3ES56tWGp+emo3/nVCsvyoiNrWEXuUZX+uL5Y33lYMBc0aDSlbhs9/jkFmYhegtPlgbZ48hSthRwK8MwxRjLtw8zir83gLk4tjaRdgedReZ+QXIyzyAvWeBtp62EhPVDeY5MvKm5oyvcqEhPtzYT/f2g9fk13DZsgqumneRkJCAxLh7yFLqIhPqVo2uLjID1P7TrHlRO3tpnZfuoxcJX7KufuE76+Q0GuZiSYa66sSoGpHNID+KuFMp+cp77j5aNrYHmemokWYbI+rcx4vmhNyuUzW6sZfbyzI30wxnPdIFiIGuXIVpSq4Gkre9NhmYmpGtjRd9vucHGlGrwmT1i9s3NjmTTVsVAup5ETx3L/n1a0McgNrAi7YUy/fCdiXdoiBzkDk2KKWCnSw6qS7M8+sYQzLSRJ2+yiKvCgqncTBosJgTn3IoelkPkTybUlSmOQVpHm0CcVDXzsULMBAR3V0GMsGihgt4NFAcoHBPuzrPUYWZSDbVfWioHYlhfcneTJs46jpkZOtFC0IfSimsICwgoQMf2pmjnIIC+efnkFfXNmRgakZ9+gXSwhG1KgCnh9HMniAdfTPq7ehH4T9+ILVYljkmU4R0T6bE0MHkbNqODDvZUG9HPwrbMkbq9VmnJpCHqVpdX7sxgIyk6FVfrOgGn9Lp2MI+ZGOkQhx1HbLr7Udh1yol9NlYfFN2sawKOkqz2tTth7jtyFucouGq0UfJF2r1Fk1RVGw6Mx1k2UCRIlmKhtUXmwRURDdCx5K7jS5pamqSrokDuY8JpEP3hd+dqSq8cVusGFj2XhMyhbdEkbx/OzbJFdPr8wMZbFjAT6I/F/YlewMt4qjrkKGlC42bdoCSymS10cYL5DWkk5YeX/lvwmiKCqi9WPEkEYqO0EIvIzLSNyUbS2ca+8UuWuQsnXvkXZ9DHqZqdWyDL7hFW0eDdNsYkpmtF30evpSGoIdEcaTGOI+sY3SDePY3rRtrQmY6asTRNiM3zw105ZlkUSUzsQI0fEqiYBvJKsfNtY3qwkxztnxOzmYgjrYZDRy+S+rvH20C6cGj3kKSb3tfBfwk+nOOHZkZGFDnrjbk5rmBfp9Xl0s06K8yx7/6Y9PbotdGx1cZYnnjcbiM7u3+iNxt1UhTU5O4Hb3oi4gcUWx7EFLDTaIX1RTKOzMd5DYpWe4CdC4MyHFqrMLjt4CK6FJIf3K2bU+6GhqkrW5DH4zeSrHP5MlzZONNdwOl26Q8OlFmsSwBFdGB0fXknkoucMYQEYHFWwF6ugofGKyH/o487PtEixUICzlWoG7jW3MnnOkVi4tHHMFaDwt58PzGVAxxvosxiQn4pqfyYlNSIIMP1yzCjqL1+ECPlTsLFu83eLi9SAu+YbtxocRXaUVRWbBoKl4etkYXH2usyDmJz1gD/U9ChRXB24NXV3YiC8uxnE2CWcjryE9P4UbWh5i1mU2CWciOSuyHryoDoxG3offx95jVU7mxqdvXezFp0B5MNWZgZX/ivS2CxoLFe4/yYmQm/IyvN+jC4VcfNglm8RaChxvHHqLzmNWYyhrofxbsijALFixYsGDBggWLFgGhGBFD22HaGTP0/3gj9u0awSbCLFiwYBNhFixYsGDBggULFixYsGDBQtlgt0azYMGCBQsWLFiwYMGCBQs2EWbBggULFixYsGDBggULFizYRJiFCGdnMLDpf/6tbV9SEAMrvQgUs6pSKiqxHx8zDLQ62MJz6gnkKvl59HwfAtyNYaypwRYaahHwcH/PSLgaMmAYBpZMqMJ0XIkzmGfMYEoY+2aKLHi6tz20GKEeuMxypZyzzkISUZOE8mYY5Y13fFzBYgMGI358u0ert81fBcjAxoEM3JflsYbK4j+Pl3tU0fltjvs3B8KKmYXDrKqahzuTYK6hjnbGrpixIeNfToSLjyLYuyPMddXBaWuM3p5BOJEj342vBNQMotV/PSfE1JB6FOPyJh94uVrBmCMkN7dq3eN5/PeY4mIAPU1NaHWwxaipJ5DBU56jdWE2ig62fxshQDJCnBof/Nr2n4sPF9qAo+TApCx5FVyYC28XSxjpaYDR1INFL1/872/5TtQmFOPmJk+4mHOgpWoMJ+daNpwfDr/hNjDjqoPD4YBrPhjT18dKTh5khGOhrysczFuBYTiYsEGSBKlhInYTIf9EHxTvDkLoHeXqP/mHydh3aQp25b/Bw4QRdapDN6aT24sYWFkeUu4EyaWe6NTYgJC9EgMYL+woUV4z+LiCxeYMZu5tzj2OYqXv39D/Jh3FxcVIeT1LroIusvrr24C3xjbqgf7kZygjwosIFai9C339D2DkPgIR4cz0/0iHmmF/bxsY6KHXSF8Mc9L4z8fhtyU2KZUjNsJHSJCMPwNHwcOmI/Q0NaHX0RHj58rHhwVIRohtbV7OwcdbZeftb5ttvDVjo/5EeI8fhI7KbIgy/TX3KNbNcoKDeStwOBwY2w3HnM3J8i22NHIPmWy45z5kvCnEpcUp+PuL9fi7hXSsVtdZMhA+aix+Lg7CH9c/R2+1+4ha/AEWdjSGKc1Ddzlu3rHrBhzf5yYM3AItaBqaiyUqZSh5bYhBvv+Dj+1ErAqrlci8CMfMD5bjscdBnN8zAHrFR7Bq0khM+CwWV3ayR8Q0hM7DN2PT8Hd4kOd3Qt9Pf8an3QzAVXmGOzsmYsmwPKg9OI8lVrLd4+kRN/jM08CHf8ZhT+9MHJo+Egu6GsP0VZUNv9aC6ZBA/PSVDczaC1B4ZSUWzh+EGa0f48jnVQeclj8DDCfB/+f+2Ds2pN5nte43EjbYhydZAHoqTy75eYBWr8Hoz56/2iJQeXof+XDEoIEW0NVl5cGCBYu3JxEesGQ3BrCi+G+gMT7yzykcje6IoUs+w//ZGYDJCEPgZyMxOf0qLp52lYsPD5xxFb98oS3k2RwtGJnKzttZ1ANzfwQfeHeb//JaOP56ORELQvqiayc+/jm2BJ/7D0FJ60zsk/HIxEbvIaMNM9BDD89haIs85L4BoNECAqBaELzYRMMBmrZfUPNZQTANgRUFXCOZEb0IZNkrikpluPZBCKgTguim2GdvTjmQEbxoS3HNZy8ircgUfnSaRwrHiwgVssYGeijlu/zzc8jLBsRRMaI+nhtonQ+oq+u5qm/L6PhEUDfPqxIyHIHuEvKqoHAaBwOavu84LfO2ICMNddLWcaDP9wtIQEV0I3QsDbM3JiMNdeK0t6EPRm+lK8+Ev62kWxRkDgIk/xjo0qQ9knKs/s5SdzcV1eoHn9LpWKA72RuCOOo6ZNfbjyLuVNZckL2U+sCdPt/+JQ2zNyYdHR1ycNxKt8vkk1e1XErycim3tPm6qaBw8gFo/K8Cma7nUzptGADq5nquxv7uzSI7dK3XhvmUTlvdhL+p+/x95NvA8yvoKM0C6JOjpFScmQ7q2itKbhuOnlvXdgCQ/ZjYGputskF3WzXS1NQkrrU3LTn0TPR9wWE7MoU37cypuf7MXJBlqw10l4jeRHYkjpRndEYw3a3d0KwV5IZhtL24/r6W5OVSXlHTHb2SoinADDRjj3RdN+YHDlL6YoFtlCPTsxv31wo6Tf5GoBHromjZsA6kq6FBnU1mUmgCyawTWX3hWFAfUV8NLV1o0rpkmW2jsdgkwo0BZI7J9NuNn2iysz7pamiQoc4U2pkjp23IEKc7IYguSfmuMXnJ4geNoTAUZIZg0VjFpyQKtgENWZ1bc9Gzv2ndWBMy01EjzTZGZObgTT+d48veSRnicEM2/CJChUxrjaei9u8FmWODXHI/M118vKuFZ3/TD5NtyUxHjTjaZuRWyzYa87VKiqYAfdDw9cLRii+4RRs+BPXotJWSymS18STaOceFnE3bka6GBukZudCUZVdEvqoI+5PFX1tCJ3zKoa1u1X3QpEFLcyW+V3Qcbi4ajcPvUGxqSc7TEB+pxq2FIC4WSY2F9flJsA3Ic0WRQni7Mm2jLCOc5nq0IV0NDbK29qMt3zhIxH1Z4nA1D3SdG0V/LrIjm7YqpNnGiFy/FtpPwdkgmuRuJ4xdKkZkM8iPtonFJpnGi+sjyLzqc33MpEgp/SxO/ZFmOOuRroYG6Zo4SMQmUVxZvYvmupuQUdu2deJKS/ImCVvp00DcV9A96rXhxInUE94UVk4tgjpbo4kpAw86IA5T85k2A8JD3L8s31uJ6ZmzYa6nAb32tvAcsw1Xi+TdOsGBpnbN/zlabVCKeMQ/VsKEQLvBaO9Wd6mNCkMwZeg+lPlcRVzmBawfthU/nmjiM1CI04s3o3JaNFKev0RO7Ap4d+KDUIb8QnOMCTqKC2mPkXIzBB8Wf4rZXsLtGKrog9UZBD4lIbgPMGhpLogIAirG3sk197cKEG5luxso/fnJP1rik/9p4eOIB0jOPIll1puxuOcXOFMuJnOVi7iyrQ9CruWiOPs3OOR/iq/X58ksLxEerYBHRy6GT45rnmIqchEb/gduwhk9BzEyyvkWrkcDFmNcRLNM/C6j4YJ7SI2RtsGFh0fXt2PvLVV0+si2CY3UArQB1dfKnLLigSkF0EpLbht22yy0i1sLAUuLgygi4f/jjziKrnm4uQNGz2Ywal08Uh+lIXIl4cS4EQhJFH6vP/YKNk4/jLV2EUgH8PKvjzB3ixeWxgtX2NW9H6OMCHSxBzpiJiKrnpFNi+vuIuF0gLGmmYRvS/r9FazqxUW/dhuQ1GR5cWBkbAND7Sb4Qec1iCOCoHAl+qMfghOEfUkn2bZGy+qvYICb68PQat4FxMdGYnzHMPzgXbMFqzGdyLTQcPhDzP5eH76HniDzSQIuhfvBpYNAZttoLDZJWChzHsF+DzBiWybyXhbg8pEpsODIaRvNQGPyksUPFOGnZwM+xM/3p2NTTC6y7p7HvhWDoasi39jZWBxuyIbbuC2BPmIRW1K3bYl/AzqejgqRuwAZ2Db5Q/yS6ION1zOQcmslemYJbSNXjjFHdD+6jbAPnfBHylbsvT8b3WR+tycXzys/wtehFxCX/QgxkWPA2+WGT74Xykth9teIv7aETlTAxexoAp/SsWFAXSEqMg4rBvXH4XctNrUY55GJj/DA4wHqrc1hIufdb2y2g56mJtoZu8I38GqduhfN5e3NtQ0+bmP16Bm4/PwnnLj/AMd/LcPOn+JR2cSnpEUsR0T7P3CisAwlGVFYMqQNAKCkpASdfH/BnmvpyMw6gXW9D2CFWGySabzoF4UMItCNAWgrLUa+2Qd/50VIMtmKc/fv41qEK/J/HCSKTdVx5cZP1zBi9xPkPovH930k40rL8iaIfKvkH6BtZyMl3qMBG+a0BqEM5aUttCQubTUj2AZk0223cEb2TQ6dWdiadDU06sw+NoR7x9ZQ+MFLFBOfQBciF5BXZ5A1tkmdTZO2IiwoCKbBUCXPgGQqIiJB6WUKHgBqDRuad5ZaDA9CJGcsKukWBXVv2oqwD0CDFqTL9Nw3pxzIFH70l5QZlsb0cDew7opwJUVTgIXkbysrhKv/k0MFopUIR3SRaPeZ6SA76ybMCmUvJQdV+VZbJGaT3oSRT9VMmwZcaH6k7Cth1bsaPtovoDvrQebwo5PlNyhAH+S8IKPOjCEAYlSNaMSSWCqSuhrQ8Ipw9extb/coSi9Tjh2W5oXTTC7k8kFps2+WFgfr9LGCTpO/PmjijlKJlYddnpLyEpT9TX4WIJclweRjbEBjfpMirYs9qGM9M6NyzRQbNG3FUKZ7N+YH1f0tXEn90Y+CE5o3IypNZ9UzweLyfRGhQiZVsUZWncgSv0zqWYmSxTZkjU10YwBxYUr+5xvYtaEA26hvRVgeecnTV3lXhAVURLs8QfaeV5u+qtJIHG7MhivoNPmjFX12VNi+XbMn0pZzlcSnJAqxAflskq9l9a0ICwpXkiusJcbj8oseZAov+j1HNl+rXhH+YM1ZuVeCG7Nn2/a1VraaYX+N+WtL66R67Kp3PFCAr7UEt/ovxaZmcx4Z+Uj16uBghisR72TZTXB600aKPH+D4hKv0eHNI8hWVYXcJiWL/EQe3q40JE4kKzjTDw9qVtqj56DJK8KWurtl28lVUZe3y2x/NwaQpRT7eRGhQkaYSUd4kver5jbVcUXcj19EWoniyr/FmwoO21EneNHW+0q8RwM2LOT/WuS9Jr1J43SzV4RV0QfzI0PgWPExumtxoMXpjaDib+Ft90auBLvLqKWYPm4gXOx7wd37ZxzZ6QEBNmLLdRknXw0WY/NhLzzd3Q3tOFporfMZor0Xoh8qodmq5fbOZyUBWhau6CGST3c4d2vqez0cdB1sIfW7wnPLMcXFALpawgIFGl7xeIkSKGpChPAQmRmARU/jmg/V+sLBDMh9kC8x49yps9jETDugnF8sf4XizmsQV9n01RZGfSw2p6Qg/uYJbPPLxdEZ87GrCSV7ObqOMDU0gzZIyuy6BabuSkZqQgxO/eqAvI0zseKg/BJXgQWmblgGjdsjYanFwdCViivrQSjG7qEMtI1n4Aw/CKu/M1a4jas+vY7Up8D+adqiAhmqjAmmngFeptTMXDKcofjx8BSUrPsK9wzCEP65cl5WVoUbQgoUv2Iojx+0FDpamon+3UbPDgQeyuTQSWOwGheMXh2+x4fmgzHp00D8suMW8uR0ZlljkwYc0bs/g38DipJXc8FAD0PnuuD5+WHoOsAHc/3WYfvpJ3LHz4bicGM2rIo+cB7zGveu5YF5GonNEYcR/msiUHET19L6wKW/YipsMMlnkIvu6NNbbEXSzgMmeIi7qXL4GgPcWjsOX/2tCY1+drDgyB8jb24cCw9bPZGNOv0EvOGXgNdC/vq26ORdwn8uNjWT88jMR4qPwn/wtxB8fBzhn2jJFVM8/fzh7dEXDj2dMXZuFP5cIkDGvk2iaszN5e2KwMv0WLyCHaytalaOuzo1/X7Gwxyk7uTiZW7HwnFdYK6rDoZhoKbuj7/wCuUK3NmXnSyAFhzQXbPms64DrFCBVDwQu65dl5pV0zYcjiiu/Bu8qeTOHHhPq8CHkbsx21pJ92jEhlXUZ2BNmBGuLbOEMeOIVUouRCu1arSmbQAi7hF4uZnIKsxDTHgnvEkA9LlNXyZX6z0CpriLokzZf9N17HHE55ehJCsDOc9TcXRILh6hI0w7tHzQlmdsFm4vlxZ020JDShJPhSGYPGwTno06grhi4fYLujAAWsB7e0QOAz0Y2trC3mk4fDedwHzjPdgQkCLTbwVt2kMPQFkWD9YzY3Eh/yu4aRSg5CnQrrOuxLU6pnaw6eWCD/1O4vfPE3FkRpjcVSEFyMCu+WvwyikK6WU8nP4/PYXK4ePThNK8cAxQ/x6rvlMOqefBGgHXqmxP7C/ptKvEdY+u7EOehgaep5xHcjlYNBPqrZqvkwZhthhReek49csUuLSNw/av+2KwU4TMx0DJE5sYcKCp8e/JUiHyUgAMvGOQkn8BWz91he7zCCwb0Q1Dv8lo0djpPADIPxWHx2cPAp8thnn0OSQkxCAFfdGj11vmBAQYd9yEqzenouzgTMw/Jd+o9+pwX4ya/wJOa5ORWVaznbGl/fU/pZOWwHsUm2RFo3yk+CgCBo5FguNVRCqgaGzXgZ1RgTzklyiOtysmMeFAYgewVrumT5Ia1mXv1duvLxV+i8iUUhAR+G/CMAy8f0XvnLfkFMXnCUEY1/8cOq6/iK3e7ZRzDxlsWFARjmUz8+GyJh15FIdveirb3hqAprExDNsDr//6EZfhgYFeTB3qkZ+fjwIZTrapSL6MbPRAO7kL0HGgY2QMXS0ermzZj1L0h3PtysHlxcjPz0eJErJGUyeAn5EpCkYC5CLrgWT7OFpA5esaB1LJTUWJHEc0M7E7cL/SB3MCXUWz4Y9TolFR50otcAQAX03+jjKwgrkFkHFHLJGqvIn4LIBrbaQE05LdNmRFxbO60fp5fh4KnpTX6qsTnAcAGUeviQZE1fvHcA1dYeuqV297eWUA80r+mTgB0nE9Dujz6Yh6VzN4z/NQkPu8yX3XMpqEma5A9uXU5gmxqG6gJ31nOBg9QMK5hpNs3r1ATPfvjglnYvC184/40udc3fdYSBeKmHeXplfFJAkt6QdN91dZdSJTn9Us0G/0bCxY/xdu7PcAL/kQ/n4jm23IHptk6VTzbYOjxYUAZXV8VG55FTWN8HA4KniDPNHzBchFVpaU6zr0xoefLMaaiEQcn/8CuasvKOzYFVls2MptBJjEk/jphAr6TPeHZ88IhB9MAd98MPo25aGvpci8mye4SMLtWLEYnXIBObBCD1v5fM1i5nA4Om3AjsB7OD58Ho7LsanmXvRDtLHwx4oxXOhBuEKcla4c+3urdKJkX1PEuPU+xSbFcp66fIR4pxEwcCyudz6LAwdcUe90uxx8+N7lR1CHMYx05eXtPDzPz0N+seLH6DaWvdEamcgWmxHJvlXUpDhcb+Lz8iYSkiwwONgXDlx14WcpV5BZX4niJo4Xpt1UUIZ4JJVLxitN2MJaCf7UHN5UnhAIH4/t6PDTJeyfzW00JpQ14R6y2rBK5lU8wCAMnWNR7zWKjE1Ss7WKy5vxvz1ncP36dVzc8znGfnITBsOD8HHtBPTRCgzvaIxhs+JqJQZnEPLREmw/dBnXEhJx4eQqTJlwDCqYh7nOYh0pTMa9hHikZgDlyMO9O3dxL6lAJOC7O75D2F+Xce3mBfy53B2f/GaAPr8FoM4uieuDYGtsCt8tij9pzmp8MCzwO345LHTEp5eWYHNc7Vk1oDgmAseLhQ4ZtSYUD+RIhNFtJAwRizNVxch4WVuwdA3qFAdQARdm1sCTAycRW1Ih14vkqnDDNH8gce0srD/3EHlPYrB3qj/i4YeJvkqgB/XYRuNJZQYOzp+ONWHHcfFaIhJuncS2eWOwJs0MTgtcas3qCYsD9O0kWRxABRb4aJEdimMC8NWBZGQ+PIeQ2aEobzUP06vs7862yVgQcgB/XbiB+LsXcGTLeHzxB9Bx0vCabSXlxci6F4+EB9koBlD0JB6JcfeQVWegKwNKAX6r+vqUjI0fcGFvsrIZB8JzQNpCQtrkSZ3uwIuSkziQ+VrCdlTgiQXfqCBx+TjM3xWLzMIspN08gZ1BY7DuaI1PB01YA5oajl8G9ob/wWDonPoEn++u5XMW/aGPK4g6mgser2mDR316VQRa0g+a46+y6EQW3D80D2t2RyMtswD5j+Owf+cFVMAO3TVksw1ZY5NMUIBtqPf+GIb/z951R0V1fOHvUReMAirVQlfAQhEV7KCo2EENKHZMVNAYS6KCKbafBTRFxSQK9hYVuyZ2xY40BcFCs9CMgA1QYe/vj4VlF3bZt7CLmrzvHM7R3bfvzdy55bsz8+7gGHZGpCE364WQ7MkjL6l9ZUPSnCfCGGfx53kCUIK0PfNxgK8uYutZOLJiNrYcu4P0nFxkp+/D7jNAIw9buc6grqsO852Gww5hiNzpjoEOJug5KAHbf0+CgZ8j5N2vYt+3MV4khCM85rkYASJ9P0zq+gCRXy3E8ZTHSL+7HbO+Oo/PzP0xyKQ2tsaD07JL+KJtBL7vdZz1yqBpW6Ak7QTOlZ8T/+zkZPzvuHL072MZk/qwNcXErf+Ob6ot52HDR6jkFBb27Iej+SEI/p8+8uLjER8fL8aXK/As0goWxjaYdqjKF8mhCPxiI/Ycv4m429dxaMMgjFsJWPgGooccvB0AykojMNrYBN3czihcL8raz8XINiexe36sYKI9ZzN+2ic+rrL8sMx5j4bWMDNMQ8LxNIH83tzCunkRyJTA2+sSLxqM2Al3nQgs8zuA2MxMpFycjnlhqmg130/hr33VhTeVpCyFp8cqvB/0BxY45yG+Qr9SX1a79swUE1g3G1XtPGNZ95BHh1HyGgy0pBYGU7hvkvTi8Nsr86mXja6w3PeIyWckvywvpThAKUXTr0MNydRYjXgA8ZrYkPvo6mXtj/pUL03eGKNpZ8U78xGdyMFMm3jqOmRk60kzwx9KLEDyMtKKtGEkduSTIpFzbip5tm5IBqZm5Nw5iGYNFC8eUsaPpo1DQLoNDcnM1pOmbJ5PvdFO4vFJkgt9FVNCuDu5mDYmwxY21MEpgCI2DCVzjBLKQnhlepigFHu141g2C4tLif6pixQXK6NUOjLLmWyMVITHO0Rcq3580s9Pq5TTt9gvf+GXWhaO4FM+XQrpS70cm5Ghrjrx1HXIzNGLvt1dfexrKg7Ap3y6sa6P4GgGFSNq6xJEx56IvMh/fCoNdbcQHHGiqSk4umHhGfGiCuV9EJepZrWCZ+/pMPlBjb48LK2IgeA4HfMaj15gV7SmLkcblNEl+nWoIRlp1nB8ko0uaWpqkm4zR+o1NIgO3C8/Kmk8yAIhYke4ZO5uRqbwEiuGUEZPKWpBO7JppFLrI3KUWSyLlR0oqFhWzfYqKJIhVqDrRFsyESn0UtOYsEXGifHU39WSDHXViVEVHBEhdlSUTN1g6ZvKjyjZKaNYS111g0/5dGO9i/AebHWYrR2wef7F1e3JrFFDMrR0paGzNlJAe/FiWRdDu5KLbRPS1dAgbXXBkS4xz+XznbL8sCwdrijUJjxC7p4/2aGlVB9VY5/LEmm7jxYZaVY/sk/0qCiethl181hb/fikGtpZ9fgkIqLilAXUBY0lF+OT0r4/p9qRmYEBtWxtQ9081tLv06sXjKyL/rGx13oZkxvdyUhCnK96dIti/LBi4tZ/xTfVpViWTD5yz59sUTNfFhb029WYtKAjbqdERGnraFRnMzLUVSdAk/TM3MhnaeVRPmx5e0VsdGVATmNjSBmoOD7JSN+U7NqPom9ntBcrliXLD4sVlJNSoLbwShB5OWiTgakZ2dp40pRdK2kgjKpxdGn6J1rcrBpHFCl+VRizWnh8kraOIw0TGVc2fqU+eNOj9ZB4jJikY1iP+oAaVjnaltU95NBhSvCh1jUcn6Ro38QQ0UeyO732W0iuTNDC6K0hOK6E4jocOMjcjnJjLHq73MHQhHiJ7zLQsyXoY7Aa+luzWR9OLgmJQQz6LZ+Nrfmr0UePkzsHDhw4cFAOFBW3OPz78OqgNVp5W2PR0xP40oSTBwcF+h0UIHG1OfrN9cNmWo9+9eCbVD51oZUhESfPAa5bA7kkmEO9ohR74afKwGjgLeiNWQZ/KS/0v768DRlYiIV1NNg283bDt+cujDVmYOVw/D9bSI0DBw4cOCgXiopbHP5tKMGNIw/RcuhSjOWSYA6KxG1fWGgYoGeoHfr9OkdiEqwM3/QvWBHmwIEDBw4cOHDgwIEDBw4c2EOFEwEHDhw4cODAgQMHDhw4cOASYQ4cOHDgwIEDBw4cOHDgwIFLhDlw4MCBAwcOHDhw4MCBA4d/eSLMRxK2TzSDua46TJhA/M3J66PGmYmCIkocOPxnkLkY3RgXrHr4cTavFFswgrHAjLPcUNVNjnsxhmGg1dQWHmPZnzFbW9CLPZjTyxjGmhpcYbpaogyXMdeQAcMwYBgehodxUuTAgcNHhps9YMX446DcPyzBMV8Gbfte5WT4b06EVW7MQ9AWY0w68wJZEspYl+Ey5pozmLRbSiAsDcMgxhJzryuvA3wkIbQjg14LsmUmiZ2HxSpVmK92qaIVsw6p/wYCU8O4KjJxr9OYXGyPFrVyYHLIgoUOK1NeZbiFTT4OcDRvAC2GhyY6jhg0YT+SSiQ75luzGGgxPAxcU8Deht5vxkCmgrBW/qkwehgdIaild2t29e8ZhkFLJhTRH6Nu1AdY6J8KLNF//HC4tfx07ZVPt4QTog00bNFn4gGklcjpo22r6g4PYzaKXJS2GbP8usDRvAEYhoeRa8VrOKrBBzuIkHPcGQU7ghF+W7lDm7RyFPZcHI3tOe/wMH4gtCRMwHRnPLG18L/rm2TZqyq6ITSXUEpRmKP/Vul95cChLhzxk+8n3cLGaX3hZqsHLUb+BI1QgBu7voCXqyWM9DSg1cAc3QaE4twT+ZLDS6u7wc2mOXS1GGg1MEcHj2BEPqj92K3rwUCDccISZfl8fR94jeiJ5lK+vjWbgZXlARQo6fGZFwIxakBHQXxl3LFW2qS+rJjzkXAJZctLGVCr6cv3WQkowxB0ctbmvCkHDh8IPKNx+DbMGWbGOijJOoKQaSMxpvdZXL3iLkbQX9z4ApOv9oIjLsh1f0Z9GNanOKCwmBF+9u7aGAwLaIV+3oLP2s5PRMq4dyiG4P98jTSEDx2O284D0JEbohoS4e6YvKX7J9t+QgHOTeyImYdHI+TEInTFCQT7jsCYL2NwdpsT5Dm8oMfEK/jlK0EsIZ4WjExFvnz7HDD0ReDPXbF7WKjUe3zWeRBssAdPMgC0V16/c7IBLXt3dOXO6+bAgcOnAKYAb0vsMXi+H+zWTMBFuZPOVETtfIKWw1dgSoeW0OVH44+5M+DfAviT5rKK84RioEFf+Hzngh8sDKFbloht34/B160YtKClcnKFEiSt7orf1VxggBLlyc08ECH7PtywvX3OwKDrl1jusQffzuYO8fkwRKcGvIy0omaYTRelfF9KUTTHDDRxl/jn/NwQcgcIVf4awpM2FFReV5y1hxZ4WZChrjrxtM3IY8B2ulVc/mXGInKHFY3dXyS8PvegHZnCi7Y9JSqlaAo2r/4MBrrku6t6W09PAHUaGiO1r8WFWZTztJCKqPZ4uVOFrLGWHlb5zBTBdFPC9Xm7QeZYS3eIiJ7/TStH2ZKZjhrxtM2o25CNdPl5lR/c6E7mGEW/3fiJRrnok66GBhnqjKZtTyv7aGl/TDAGlE/RQaCWOqNpx33B92WUSkeCncnBEMRT1yFDS1fyXZXEelwVDeljUkwpkT7Uy0aXNDU1qVFLG/IYvl8o13eRzYknQb9aIkQgSyLKPRNMvr3sBPJUMSKbngG06Xap2FPe02YaDgOasOcoLfCyICMNddLWcaQpe/msdZitvAqzsyg7v0QhcruzANSiik6VlRyiQKsutDTlCPkDNGB1fq3vz6d82jcE1KbLWen2cM+fOqAzrXxQv7pRxo+mP3wsyExdjZo0caOpG6ZQV9F2ZM4nZ/Sin59W/iZqNsjSYr9YX+4EgZq3XksnI0aQi5km8dR1qF2LjXSHiMookbZNdSUX08akq6FBekauNHrBZXoqh/69pz3kV/65Omxo+hkJnazR5ovpqA+oZd919KtvKzI1akhNmrjRzO3Pa2WvtfVvZe8iyJsBea+v/OWjCJARJtEhlupcRokUYgPyWCRbJyvkNuJXvpTvD5M/QOMOK983tS73pRKRsYi6oT9tqeIL2OgGn/LpRvgw6mWrRpqammRi7UXfHnguMc5VXH96GsiygSBWfIy+qab4WkpRNEdfXIfEdLMGHiBPX6Xr1CkKNAKNChfRqRNtyQQB9BfLmMMGbGJOYcxqmuiiR7oaGsTTNiPnzkF07ImorciI0TL824NQUCMnb/JqpU2GOqMpNGIGuRqAzExn02kR88u5ulDIIfSMXGnUolskT8Qoo1Q6EtRL2E67DgG0U7SvCvDDrPD8b1o1rBmZ6aiRZkMjMnP0op/OlpXrnWyOWGGL/R2MyUhDnXhNbKhPFe5Vxo+mbRNMBTGnuSdNC/taPObUk26wH5untLEbqI3HlTr7wbcXnEgfrnWL89cHUgu4yX2PkvjJ1AOz6XT0FGoDe1qcwJK/5C2mbugppnvietlf4DuuDyTzcp3QxySKrHJp1LTqugOAHIR+ThCjzQfuoD+nCsZWWoxmKydr9KJfH8gXcxSJmuKFLN8kS15sbI1NnqMM1FwsqzgNNc9P8GBkbAPDKgvGjMFcnCVC6fv1GAgLzLlGICK8pBOYqls++/T2MAKdfHFJZxUOXn2I5Bvr0LFoLCb3PidYUjf9Hpt3F+PSiMnY/xRAbhgmji9Ap+3hGGsCqMIZS9MIZZSIEGeg5/wsEBH4VIDdoyS0VA9o6sCT2pMzU0xg3WxUnbYdUGN3NOkmvoTQsNu30EcMYgqrz3Yl/A3oeDjBDmnYNKoffknwxrrrabgbvRjtM77AZM8D1d6FK2HOISTgAQZuSkf2q1xcOjQaFrzqqzgxwY0xfP1o/C96J/ysBZ+/OdgPk5fpw+/AE6Q/icfFzQFwbcpnPa4KX+mUMib0LAQB3lHQn3EFyRmZSDi6DmN6qAnf01P3eoxiItCFdmiOSYgkgX5l0ly0Lb+msLAQLfx+wa5rqUjPOI5VHfZhUfuvcPptVVnl4dTcMJSOj8LdF6/wNGYRvFqUsdJhtvIqw2UssTdB58ZrkVhHmZVk78XmY0Aje1dYiYz3ianDkDhwO+a1rvuMIr2OwIajJui9wE3Kil8JLv8Ujlc6MzDGqj51owRXAzoiaH8vLL2ejuhLE/H2998RU8uaf3kFq7EyfChWX3mFguex2LTBsry/WXhR+jnmhZ9HbOYjXI0cipLt3TBuWTZr/avYyvueNmMI3kqYfWdn8zmnduLxuDhkZOfh3JI4RI79rpoOs7HX2vo3leS/cZtc4Nq1UhNadPBBE8Tg9j357nUjzA56mppobNwFfkFXavmerxagDai+UaZnKgFTBKBBDevdvKYw1jSDZhWZs9GNh2FNMWQyg8Gr4pD8KAWRiwnHhw9EaILge/1hl7FuwkGssNuJVACv/voc0zZ4Yn7cdLRlGV/r2zfJiq9SV6Fk8AD5+loHnycj5rCBrJhThlsIGT4HyYbbcfbRY2TEHsCyqSZi92Afo2uwkFgjTDx5Av6tdyF0QSOsvH0Cw1XWYMNuQW/eJnyBAV2OQt3nIK7eu4+rkUPx9o/uGCPH6zRJaywx7n9aGLPzAZLST2CBdRjmSoivdfPDsu30zJx++Pn+BKy/moWMO+ewZ5E7dFUE/WTDEQnFyMkzx9Dgwzif8hh3b4aiX4HADxeIxJyZh7riu3PpiP57FJjffkainDFHEbrxQVYr819CDUYwbFrLG7xOwv6fjqMMjnBsIc/q9GkE+1xAu3Oh6KMhX9Aq03eBvf5FxF2uzoVexexHIXqjmy6AzseQRgS60R2NJNynW5jA10TPAiwt9iO/3JfHHXISu+7Z8dXY1/oPnLwZjd+GnMefEmO0IkiR5Jij4IdIjReyfJMsecm2NfnynPpZEX6VSBuHgVqZ76fari2Vvl9PA2FBc65JWA0NB1mJzJITEVGCD9lgFO1+WzmzdexzkGn3EArqBeow4Ey1tpRRIoU4g3rOz6rTjMBRH/lmmdniPZ2iQDSgLw8L2rp9sg9tOFtKZZRIoTaCWXJ+3mLqAmuxVaO3F9zIFJ70+1PxmRITmFLgOb7UWflm3XfQpWDxleAKPAgFNZOyOv1RIcGHrKvMJkvEhXbUXMJMnnRdbCumi+9pM3kD1HNmaq10WK5ZNgPxVSF5ER2M8pUmTWrjtKly5wQR5Ua6UgeE0E2RFbO6rAjL0pOyt7tpdCPpKzzKm608TH4AjVxZJLZrRWzGWo6VCH2Mpr0sxRQ9C2Tb5Jj4iioL/RPsOjCvtiIs2+YFs82WFpX+l5+3mHqjE4XE16N/O9GWmsCT1uU/oI0eoHad9tPTR/+jLmgueZVbygrFqfXrKPLcDYpNuEYHwwaSraoKdfNNqrZCLWtFuIxSaWM3UIdexyi1WDl6VpS9mSaZ1DGmSNGN93SKAvVBPluLxOSz3QPkMjOtUj+K/6YAC5DrtyHkbWxAQ3/L/2h9E6tnSFkRZsMD6tpXVivCbGOO3PynMuaUlut2TX5TZoxmsSLc2l7gp6KmVawKCnxJz5mpxKd8OuoDcvC4ImZ7D0JBFthET9mOp4W4fZS+X08DICJjJfnhqjuXtntU7wvVkSO+O+lIpuW6UVoeT0VjzouTneq8Slob3ajvFeEyukTBbUAdRlyRf6fk+e5kVL4iaNhsEm1/WCrXuEZNBXWpeG6Cj3wrwuU72rr5ClYrEzYNpqm/pgrjeHunKv250Z0sa4jj0bPE47DozsWjPiBL3R2VdpOxiLqic61itMwV4Q8MtvmDdHnVbGts85x6WxF+uJqBVsO2mHnIE18dHA5lvCaVEAU8xDdoJ1pAxX4vHiEHuf+Ur0bABJ7bDqF32jfYdGEOlkf2hrJe2Rq0R/GzzBWzki5D3+DetWwwzyIRtvMgNv+aALy/iWspznDtqgUm6TSy0BbOHURWFuzc0AwPcSdZ/H4acEKHrozU5z29Mx2DVwN44QibKjNwVsNDYN90GfqZu8P3iyD8sjUa2R9hIU9++0B82eECguyc4Dl8NuatO4rYfDnXdNK3YNbwVjDXVQfDMFBTD8RfeI23VVaSGPDQ2t1Cqf2pKBojuiokL9rNSEXcvTicOx6M1rkz8NWPsSgGQC83I2DCe3hdn62Qd3XLcBm/hQFW8wOl3u/5gUBcejkJ4/y16lUvVJ4lIB3WaNmj8rkN7YajJfi1ul9DuKObnqT3nApwc90wuNnqQVdL4Js6/gS8KytU2JtKbG2eZ2lc6fN4TcBDEXKK69+/MXwt6JqYwNhC/huowAQeAYHwcusEx/YuGDbtGP78lo+0PetxSe57WWDs2gXQuDUIllo89F2suJIchALs6MtA23giTpcFY+mPxor3Bc+uI/kZsHe8tjDuqTLNMPY08OpuZTEfhtcXaw6ORuGqb3DPIAKbp+h9tL5J2Tzg3xJzVNAXU2cBFwLt0HnwJMxcthEnE18rPEarFmkJVlQJaKDNA8CDFgFFaiXgIxXXbwLxp7tCW0Tm1nOBN0jHU1Z28hDpaYBFexH7UOsERzMg60GOwvywTJ8EPfSd5ooX5/qjdXdvTAtYhS2nnshd4T3v7EKMdjUQ+noNzzi8QiGKymNOcpWY08jOXe6YowjdqFcOhjRE+vbAgVebsHV7F8gd6bvuwfnkZMRF7YC/VQRWuW1mvePk5cXPMeO32fhxRy2eW64XnfsBeSfj8AxXsPWXozj71QkkIBPXbwGmPo5QJHPhdTRHxdo9NW4KXbypVYz+2KEI31STrcmT5yicW0rs8BxC8atE/OJxEr96Ka/6l6XFfhSVL59X/L2hc5gpsiPkfcoxxL0E3iEWCSmfnvIw0INLdyDnZCwen9kPfDkX5lFnER9/FXfRCe3s5b0fD5oa0r/XeeWNP+IOoY/JN/h64l3xoGA2F8eyU3Hyl9FwbRSLLfM6wb3jTqUfRSK/UnbHnFv5iD0ShKFdXuDO+iHwbOKPoywVsQy3sHTIRFzM+wGRd4tARCh7F4H+EtOYRtBo8PHrkaahBWxaOcBtwHfYs8kG6SuX4s9CgIndjLMvb2FJT23weDx8xvsc4QBOBJnAyjRc7rEtu/g99qV5YvQMYykBMgl7Q/OhN8IffTU/hD1VCWFaLJxlkZR76fIkBsTXBzth8IyX6LgiCenFldt9/pNo1gZ6KEDRk2YYseUp/t7dGyYFCXiBJjDQr/1tW/doiffIRk6h/ARt+4zleN3xGFKLS3Dqez0F6pYexpwiFGVvRnf1ZVjyo3KqzJbAWrjFV/Qv8VQXseseXd6DbA0NvLh7Dklv/70qxoYHKBrvGfV6jzkM9NBtDSHt/kbMGqaHl+fmY2S7jph+nuoWo6v4t7IKuxTZ3kjagOZTYSaL3kuzqulfjtzFjOSEnH6YDQy8ruJuznls/KILdF/sxIKBbdD3uzT2k195oRjVfz2eDz6E2IJyWZzvDi1AYUemKUw36jUJtkRQVAg23vdHm9psSVU3gY2NDRy6+WHp0fVo8Xg2Qo6w++mDw2cQj/UYrMMDj8cDz2UvkpCA7ztpodPcu6zu0aKbD1RfXEVc6nnc1grCENeDuPRPAq5H2aJjfy1wqAXqmD/IY2uy8px6SYQBAJ+1gc8EFbxOv4o7dXzI2zeSiBBQlHYOl2sI8FRyCrOHb4JWQAyOBJ/HOoeFEq7XAo8PlKnVzW2VvMhGbtYLpZwXadVtIJiEE/jpuAqcJwTCo/1ObN5/F2Xm7ugEgNp4wASJuBUjEqjvnsdTWKGdrXzPatrWG5/bDMWaXX2QvccP31RxpIyaBToPmYyZq//Cjb1uKEk6gL/f1YZJZClNXhWBoXWPEZg6JxxH76yHM/bhWFRVBdGFpDRI5dVNxCdawD3ED44mAsKjcvcy0qGhUB2WBy9yspH7RHFslo9CFBYB6LoHcZnJiI+PR3x8PGLur4W3KuA+8wqOXh8JkyoUPCcnB7nPpd0zC0fWnAfP3B8jpZBQlfs/4bdYe/SdI322tsKWFB6g9e1ho30bWXcrdfpd+g3kimgBaWlDE8V4WyTSZzlnA+5FPURDi0AsGmoCPQhWCjMknYkmRf9YBQUF2rwy/Rvfth/aM9dx7UrlLx/H7MVzdED71lWNpAA5OTkoZPGQe5ceQR3GMNKVV+9TcT0WcP5ioPR3hurom7SMfDGpC5B5Kbn2ApeiG6TvAkejB4g/W3OSXXIvCBMC22Lk6auY57IGX3uflToh/bH5purggdcAKCkpqRUPqGtfGWiBpw28/qfy+YVZcbWLOdKIlBwxR8e6D3z9VyP87CWscEpBwh/JrGN0Xf2bCizh0B54HH611gscDKxgbgGk3RbR4dKbiMsATKyNFOaHWWtX0w7oN24ulu9MwNEZL5G19HyVIyylc0QmZivul3pjalAXoT95fDcK70Vijq32A6THVv725d1zeCTHO8KK1I36SIJPTLTEvPPB2HxnLropaLK7BK/w/h92SX3bRanISI4TcpqEXYNgCQcE7EvCnwvs2E0+tPeCHW7i2B8XQEOmY/zwGPy1/C8kwgUurWvRgfwSfApQFveSO3+QIC9ZtvYhUbM1a1mgLovTpGYNM6M0JG6NRfbbt2LEpNnoQ/A0CcOcIetwPOUx0h/H4eK+EEyftB2p5aT8xPh+OJ26Cb+vcELXJdGY3mEZvh4j7sBVYAIza+DJvhOIKXwv4njlgyKKZUl1Lk7DYYcwRO50x0AHE/QclIDtvyfBwM9RQLT1/TCp6wNEfrVQIIu72zHrq/P4zNwfg2o5K96o55/4bVo89rtPx5lygd0/MB3Ld0QhJT0XOY9jsXfbebyHHdrWIj+8Na8ZWjRzQ6gyznZLDsXXK4/helIecvIycGv7DtxHB7St6gMtukIfl3HscJYYyaKG1jAzTEPC8TSBzr25hXXzIpBZi6JKNekw+xlhQUGaTi1qUZAmdjH8v9yI3Scv4drt67iwfwl8v4xDI/gJdEPdBGYtbWBjI/hr3dIQemUAz9ActsZVSkA8WoQBzY3R31/y+bzMs3BsOKID1xXeUl5BEBTJKsJkTHCRFkiTsK6PCRyaLZZ726ssqKIvJowDbn61HkklAPGT8Mfy8/hHNBHWd4GD4Q2c3ioY+5J7ixF2Rr7nmLYFStJO4Fz5Csqzk5Pxv+MSLpSif6z0Sgk2rwz/xqgPw7RxwKWvpiPi8hMkx/+Kr38AzMcGVtsR8CzSChbGNph2qLo9B36xEXuO30Tc7es4tGEQxq0ELHwD0UMkic64F4f4B5koAJD/JA4JsfeQUW3SphgoAsoaKNM38UDaAN7UYZpPim6owAMzv1NBwsLhmLE9Bul5GUi5eRzbgodi1eEKGzqN4JHLQWM345ceHRC4PwQ6J8dhyo6Cj8s3yZF8uXQG7q4Ox9WMPGQXVk5SyOIBiuirCtqgV0fgwbZIpJZPsK/4GSitTcyRZs8sYg4fp7F+0m+IjH2MnJwc3Lu+DweTVGHQ3Vx4jawYXVf/xkAPg5eMxmfpU+Hz43HEpechM+EqDkVMw6SQJJZ+uBvGBwIJK/yx+uxDZD+5it1jAxGHAPj4MQrzw7KTtiwcWTEbW47dQXpOLrLT92H3GaCRh63YBHCNHLHNIBgiBqcvCTSqJGMD5i+v1I2KmHPpq+nYFPcE2en7MH/RTcizdqAo3WCTbuYmJyPhzj2kvwPePBdMkN9LfclanicmWmLcVm/M3u2LBo8EiWhcyj3WW2D5bw8j2Hc+NkRG4Vp8Aq6fCcecoYGIhjc8+7PLJngNLWBqY1vJaSwagAeCkakFzJqw1fOOcHO6hd2ritBzsDHaefRH9u9b8Fq3N5zlTO5N2wIvC09gX/qbWucXNeJlKu7FxyEhvQRFKETy/SS5ZF4f3Eue/EGqvGTY2gdFjS8yRzYn46ovMsuJjJMjyc1UjXjSjk8a1k5Y+r6lsydNDRWU8c89aEct4EkbRQs+pcyjLqrNxY5UIiIqTg8TlJ2v4fikD1UsS7RYg/A4mnv+ZIeW9OVhyccA8LTNqJvHWqllxXfWcISFpciRH/zivynACuTQ5SzlE1HGifHU39WSDHXViVEVlPDfebu0Fj0qptMTQDrwVk5J87R1NMHTlkyN1YinrkMm1l40b+cTiUUhoha0I5tGKtWOKCm8EkReDtpkYGpGtjaeNGXXShoII7ECPxXHJ8kq+lOTDiu9IE1qBE31diQbw89IU1OTeE1syN1bgm4I+1RDsazM+eSoKlr+Xxx3FoCaYTadknKSStm7CPJWrbkQV8WRFeZVjhFTmC3xo+mPiZZkZmBAZpYuNPp7n2rHOOWeGEsuZoIjULp5rKVfJksu0mKpu0NiQQd+WaLgOAQDA2rZWnCP36dXv74m/bsTJPkoAbF71GjzgkIcogVP+C+rF3yrD/8mPD5ER4201W2o94T9lCihUFXersakBZ3q/jdtHY3qbEaGuuoEaJKemRv5LL0sXpinXDfF5aVZrZDdezpMflAT951K8E0VvrSo1j5fum4Ij08qP6pHt5kj9RoaRAfulx+VNB5kgRCxgniZu5uRKbzE4+GH9k3yIGs3BXRuKDcPUFhfUyNoUnuQjr4ZdXAKoM1r+ogXy2IZc2qCrJhTxo+mjZ/bk4OZNmlqalY7lo1Yxuia/NuDUFDrLmeFxakqjrQ6PaGyeBBR+fFJnc2ER/XYu0+kNSf/kUO/U+nILGeyMVIRHp8UcY19O9n4YTZFkS6GdiUX2yakq6FB2uqC41hiJMRG6RyxmBLC3cnFtDEZtrChDk4BFLFhqBjPqog5Rhrq1KSJG03Z8jV1Q0+5ihopQjfY2nKNMafGonKHyb9h9d+rwox9YUR+NP0xvis5mDYlXQ0N0mxoRI49Ayj85us6FU+Vp1iWaNEmk/LjX0vpMPl/VlmQsIxSaW13STFas1pRtTK6RL8ONSQjTcnHJ9U1RuftalztyD15ZF5f3Itt/lCTvGTZGps8RxlgiEj6foUbg9DC5Tm+jD6L75y1wYGDYBXhFn4w74jT9jG4cMgJ3BsXHIQTa8+WoI/BauhvzcaecZxmcFAsXtwYi94udzA0IR7ftVeeb0oMYtBv+WxszV+NPnqc3Dlw4FCO276wtVfBD293wVeDEwcHjnt96qhxryi/80r8b0I2IvrowIQJxN+cvDgAUHl2Ejcy+sE/jEuCOYjj9eVtyMBCLOQcMQcFohR74afKwGjgLeiNWQb/9sr1TW3m7YZvz10Ya8zAyuE4irkh4MDhv4mHhwXbrwveoeT5ZWz6fi9U7f3Qj0uCOXDc61+BmleEOXDgwIEDBw4cOHD4LyJlMbx9w3A+uQAlaiZw7joHK/ZMR9fGnGg4cOASYQ4cOHDgwIEDBw4cOHDgwOETgwonAg4cOHDgwIEDBw4cOHDgwCXCHDhw4MCBAwcOHDhw4MCBA5cIc/iYUIbLmGvAYHjYx1nGhY80rOvBoNeCbG6w6gBCAXb0ZcBrZAyX9qHCM6GVN25J2D7RDOa66lyBPA4c5MWjBXBSY8AwDLSYLlj1UILfNhR8zzA85fnvRwvQkXHDL1kft7ie7W4CLUYgDxNmoVLOv/xocH8yOjGe+CPrv2kaZyYysOl6jvMRHD5OZC5GN8alms/+WFCKLRjBWGDGWW6o6i0RLisNwyDGEnOvy0jGzBlM2q2MRO8WNvk4wNG8AbQYHproOGLQhP1IKhG56GQ7YRCt+DNnQpEoR5JxY9cX8HK1hJGeBrQamKPbgFCce1KFU5wIgLdjA+hpakKrqS36+O5ATInygkXnYbEfdxLOQjcY6MF+kB/6d1RuacX6kVcJbs1ioMXwMHCNfJnoi7hlGO1qINSdwWOPI01Ed3Kv/g8BA2xgZqIOLVVj2HX2x4YLb8TkOOYUIf/xz2jz/BusWqvcTFjlxjwEbTHGpDMvkEXr0U9em7/YHi0Yfxz8wPqnTN+kUP1TgLxuzWZgZXkABeDwwdFyOWJLCZSxCB3Ar/a1KrohNJdQSlGYo/9W6XbwsUN/1HMUE+HlThWofew8+UIgRg3oCHNddTRg3LH2IddOReDVLlW0YtYhVclJTnfGE1sLP25bY+PLPzTnKc7Zgjm9jGGsqYHGxl0wPuyufFX1sw5jlX9HOJo3AI/Hg7HdAEwNS1JaZf5PgVOz4QEqsET/8cPh1lKJ3KqeeBMfSVjXg4EG44Qltz/cPWQmwh8DeEbj8G3YSZyLu4H9u73BPz8SY3qfEzOYhhiNPxJuIy4uDnFxcfjr4ZewZC3IVETtfIKWw1dgS2QUzh+Zg1bZ38C/RSiiRRzoqIHheD74CK48eoTk01Ohc3UsJg+5yh2pgZoT4e7f7sB87yaffF9e3PgCk6/2giPkI670cjMm9VmIh8024FzKYySfmgWDG4Mw8stYoe482LcB+a3nYMXGKzh3PQLTjCOw0G1kNfKipdMXbm2AwmTlrrC/z0pAGZzQiTs3nAMHDhyEePucgUHXL7H8hx5owrWTw78Y0jgPH1FY5jERJ94GY+ftRJz8yRC3Aj0x5QB7Nvzq2mb89coHM0NP4vylk/jD+xmOBPbGxG0co645WeuOyVtC4G39qfekBEmru+J3NRcYgD7gPUTJehXwc0PIHSBU+WsIT9pQIH5tKUXRHDPQxF0kFcWFWZTztJCKqO64swDUAsF0s+KDE23JGAH0FykOby84kT5caeUDwf/fnXQkfXjRFpG+R00DWWATPSXF4/QEUKehMdU+51M+XQztSg6GIG11G+q3MoQmmYC81wsk+55OUaARaFQ4v/JHJ9qSSRX53AkCNW+9lk5GjCAXM03iqetQuxYb6Q4RlVEibZvqSi6mjUlXQ4P0jFxp9ILLwn6y0Y0yekobu1V8p0k952dV7+Tzv2nlKFsy01EjnrYZdRuykS4/r/w6LxzUtEkArf6pPzmYaZOelhl5LrhM+XLIS1H6V1ZyiAKtutDSlCPkD9CA1fmsf/vupCMZVbGbl5FWZIoAOlUi+Tel79fTAIAGryyqNv7bPUAdfZNImXgZaUXNMJsuSvlems2/i2xOPAm60RIhdEfkupyrC2mUi75Qv0YtulU5rhmLyB1WNHZ/Zd9zD9qRKbxo29OP0zdJ1b+s3TTLy55sDD8jnroOWVh70bydT+SWV02Imlb99wDIQaQ9ZZRKR4J6kYMhiKeuQ3YdAmjn7dLKm9zzpzZwIf/vPicX2yZkpG9KHsP3U2IxmxYU0+kJoDYeVyR+d9SnUjb8MoFvsTFSIZ6KEdl1my3eDllg0U7l9pXduJKILndFZ2EckWhH+pX+Wx6wsoPM+eSMXrTo4AryctAmnroOOTptpFsifa3rmOTtakxmVXxFKR0mfx7IZ6ugX7lngsm3l53A16sYkU3PANok4Rkvd6pQCwRL8DsCPRLVMf7L9TQQbWnONZGrsvbQAi8LMtRVJ562GXkM2C7WV3r+N60a1ozMdNRIs6ERmTl60U9ny2pn9NcHkjV60a8P5PzdPX9yRi/6cusUcjMVxL4eA7YL9Y+fG0K9YUXTz1S3sVbm+ym/ntrJp3y6ET6M+jsYk5GGOvGa2FAfsRgtGJOWfdfRr76tyNSoITVp4kYztz8Xu0/OuankaQPiqRiRs8daWuUNat3lrMSxt8ZaeqjMwJaxiLqhvxiPY6Mb7DhPzbyJDfdi48vZch4qyafs7GwqqGVgq4nzvL3gRs3hIvRrfMqnfUNqqZ9UKb8QZ8m6oUxOXcaPpj98LMhMXY2aNHGjqRumiPvsch/6s8hARs0GWVrsF+MMdeHUbHjAe9pDfuWfq8Omin9gw6nZ2Wt98aaS+MnUA7PpdPQUagN7WpzwYe4himorwozBXJwlQun79RgIC8y5RiAivKQTmKpbbc0WRsY2MKxh8ejMFBNYNxtV6y0pwvw/ey82HwMa2bvCSuTzAvWdGG+sA14jYzj1CsTm62V1m03Nfwk1GMGwqeD/ak6j0Y65gb+3ZAlW8QoOY/cpwGShG0yUsQquBzR14FX7/Nmhbhg9twzdf3mIO+nhGB7/DXZladbqGXkFq7EyfChWX3mFguex2LTBEoIjuLPwovRzzAs/j9jMR7gaORQl27th3LJs1rqhAhNMjiKUUSrWdn8rYRU+DZtG9cMvCd5Ydz0Nd6MXo33GF5jseQCir069LojE2cLVOJf+Bmk3uiFveSCWXWcvL0XoH6EAJ6YOQ+LA7ZjXunazTmXgQVPEPnhaDVGEOMQ9ljLrl1+EEuigsRmvygq7FnhaAFNcotzJuuI0GfNrkm1e3esxiolAF9qhOSYhkgS6kUlz0bbCthK+wIAuR6HucxBX793H1cihePtHd4yp2Hpl+j027y7GpRGTsf8pgNwwTBxfgE7bwzHW5OP0TVL1r/AJyD4YYSdjcPdJPHYtJhzzGyjcWsdGXrLQLUzwm+hZgKXFfuSX3yPukJPwmqQ1lhj3Py2M2fkASeknsMA6DHPbf4XTb0Vt8jquRA7Bzth/kPXoD7S7PwJTJ95l03vY922MotOx1V5HKUMirl8HLIc4go8sRA5ri+8vuWPZ8QykZxzHj+32YEH7b3FZjk0Wstqp3L6yG9f6AFs7KMMN7PgxD36b4xF76WsYP/oC81Znl8uh7mPSdNAS2GEX9om8s1Z28WecLRmNYb6CiFJYWIgWfr9g17VUpGccx6oO+7CoypjUFfy3hxHo5ItLOqtw8OpDJN9Yh45FYzG597nyLaYlODOnH36+PwHrr2Yh48457FnkDl2V+l+BKsMFHPv+MwT+lYbkqAVofnssJvkKdgiRwWhM9HiIyysrd5uV4TA271NDh4Xe0KunNhKKkZNnjqHBh3E+5THu3gxFvwJBjBbdJJtzaicej4tDRnYezi2JQ+TY74TjSnmhGN13D4q9ryA2/TxW99+INcelPK+xO5p0U3LveE1hrGkmFovBQjfY2VrNvIkN92Ljy9lynmeRVrAwtsG0Q4rnPI9unQehC1ysKniJHuz7AW/Sr+JOHfSt8B+gUUsj5Qy9RHmV4GpARwTt74Wl19MRfWki3v7+O2JquUm2tpyaDQ9Qgw92EOE9bcYQ1J5T12Sv9cWb+DiNYJ8LaHcuFH00ake8FHEPmSvCoitTA2EhNutaGxz1kbxiwxbRwSifMdGkNk6bxGd574TT8j9O0dn4eIq7vJFmuYEawpu2Pa3tzNQlCm4D6jDiithsR+GVIHLTB0GTR1rQoc6+Z5SyGiy9XU9puweoTZezwnZVzFTWZkVYH6NpL8vpu+hZINsmx8TkwUY3yiiV1nZHtRVhft5i6gJrsVmttxfcyBSe9PvTyhVhI0yiQyUVs1TRFGxWfZVU2fqXG+lKHRBCN4noPR2We0VYMEaq5DEnifKJiF90iUK6gz6TMqvHp3w6Mx5kUf5MSTsijNTn0Jmn75WjaK8SaeOwus3u0oV21ByTKFJC3476gBw8xG3rQaj47ooyekrHPgeZdg+hoF6gDgPOVGvLx+KbajPr7bEon5W85PKRswSz1PmSZnctxG2wYseB0E/c8yc7tBbTx7xdjWvcFVB1lasTRtHut0T8wt200GsFnc4XrNoNQg/BalT5SpjozHop7SE/NKEvD7NfTaupnfXSV3nGVYkrwqzsIHM+OaEFzTwsvrJoZ31WbHWyLmPCp3zaPlR0taV8h4D9MamrBYI2t63W5rqsCOeFg6yq7qRI8CGbCr0s301T1ffUGnVYEXZCU/riGF9s95NojH5xshNZiMS+l5EdqUUNO4iU0k4pu5tMhe0UjImoz+HnLabe6EQh8ZV+3UTErkopmoLbKm/Vr7ZgqxvyxhxJvIkN95Lmy+VB3q7GpAUd8t2leM4TPUuwWpnwageNNlYjz+WplLerMRliNO1+W7v25h60oxbwpI3362/cS+kw+QE0UoRTvoy0EtsNKs+KcF05NRse8J4203CYV+OOsjm1bHutD97Ep3yKmgrqUpFfJfjIvZqriHuwWhFWNAbtkbZiww7tZqQi7l4czh0PRuvcGfjqx8r3K9F2EuZ/4QF3e3s4dJ2M0L8j4KEaie2bCmoxy5CGSN8eOPBqE7Zu71I+mwPQiz0ImvIr1AKO4UpCPK6eDUKzqMHwnXu33t4RJqQhPhVo2sNW2K4yA3vY1nICrSHcIWkCllCAm+uGwc1WD7paguJjHX8C3pUVQlHrkEzSaWShLZw7iKwm2rmhGR7iTnLlZ6owholm5WqoLg8oKSmpN/2jl5sRMOE9vK7PRsc6rNyEHfTEsx1t0Jinhc90vkSU1yx0Rik0G1SfmU4Mc4H/1tFYfH+uxGfa/XAI3rar0aeZOqwcjitU/x6uZqDVsC1mHvLEVweHK3z1gY9UXL8JxJ/uCm2R4nbWc4E3SMdTVO4o8Nx2CL3TvsGmC3OwPLK30lZC6uqbasSbW9g+rQscDbWhxTBQZdrim1uaeJdffyWtCA+RngZYtDeu/FCtExzNgKwHOSLvHhmjnW3lJfoWrlBDMtJZTLaWtRqCdriMK1HA6+N+CP9rA3acJrxL3o9kOMPeCniVdBGJuICvm1WOuxrji514jfxM9jstampnffT1YxlX9vKyhLlz5Uw/rzHwtqwAxVDMmDDQw9DxVsg5vBOXAJThFPbsAZyDBgjjVEn6Fswa3grmuuqCZ6gH4i+8xts3iutnQhTwEN+gnWjhTPu9eIQc5P4jaGffaa54ca4/Wnf3xrSAVdhy6skHqfGhgrZo15qp1L82A/EZ0pFZvnTToH8w3HgR2LuTQCjA31uiYTzUHx6a9dvOvLMLMdrVQMgDNDzj8AqFKBJdO7I0rvTNvCbgoQg55ULNSAS0LLqgnTCet4VLm4/ORBSiG/LwJmncS5HQH/UcRVSI3aOUw3lUwQPD14ORZRsYNOXVqa2Ft6fCa/x79Ivcgcn1+O6ryrMEpMMaLXtoVY6N3XC0lFDg8N/CqWuy1/rgTS8vfo4Zv83Gjzsq8yt5oYh7SPbLHzk0DS1g08oBbgO+w55NNkhfuRR/SiEtpN4OtrbA84fptUiCLREUFYKN9/3RRsS2UzeNwuHEmVj240B0ad0aDu7f4rfFxXiwenW9HvXA4wNqn1X5TMYu8PeMumTD0eVJVKLXBzth8IyX6LgiCenFlVt1PgTUUd3K+Kol9fZ8JnYzzr68hSU9tcHj8fAZ73OEAzgRZAIr03CwPQGj9bCjiMspRmFGGp6+SMbh3ll4hOYwbSqeBN/fbAevbywx9/Z2+EkJCHcXDUNk8hycefoeD+MHKtQRWM0hFL9KxC8eJ/Grl5IqEBPQe2kWqHz7T8VfDi0VC7zvU44h7iXwDrFISMEniBJcntsRs/c54ruzecin8lcFnN5+tC0Wi4fFL6t/JpVIOsPN4zESb6Xh4t96GDinFx79eQ33o85Dzd5dOK6NEYC/qow7UQn2zWDqpZ2KucenN641QRFj0mBQEDriIPadFWyLPl8yCV5DBb8vwy0sHTIRF/N+QOTdIhARyt5FoH8dKSAxxSiBeBstLfajqEpf3tA5zCx/f8nA6yru5pzHxi+6QPfFTiwY2AZ9v0v76MZEFX0xYQIQ++sJ5L/eiy1HLNF9vlO9toHyQjGq/3o8H3wIsQXl8jzfHVq1sDXeJ2AHddUNeXiTNO71UUwKsOA8us2Ad0hHQaMBWB0Vjy2TTVBYkA81GMFEzgNCXsQHY3jXs2i++gI2ejX+AJMgVUZCi4XfK5JvXD8mTv2h8eDwGcRjPQbr8MDj8cBz2YskJOD7TlroNPduvd2jVolwXWduS15kIzfrhcJmX/koRKE0ZXx/B8nJQBMr8+pGl5ON3CeS99efmGiJeeeDsfnOXHSrMvOakyWtHSUoeFc188xSaF8rB6kNbKyB59GV75wwpQ+Q/EzcqHnawOt/KklGYVacXM+5F/UQDS0CsWioCfTKZ7MyUhWrG9TGAyZIxK0YEbHdPY+nsBJbqVFYSlJb/eu6B3GZyYiPj0d8fDxi7q+FtyrgPvMKjl4fWeX98BLk5OQg97l0OqBjZAxdrRJc3rAXRegqfMcGKMH9PV0xcJINZp87iuntVKSS8JQkoOWA0ehtIuWgkbrq32dt4DNBBa/r8L4PSBeMRB22hEN74HH41RqTbCo5hdnDN0ErIAZHgs9jncNCqe8sfmy+qdI3pOL6BcDpi4XwbvsZtAAQEhF/n7285EZ+iYRAbwVzCyDttsi7aqU3EZcBmFhXbicpQxKS4ipXAR/fjUIpbGGny8Y3mcDeGYiPDsPh8yPgOc8LzS/vQ8R1oPlIJ2gBaNimJ4xxBafr+B5tTe2sj77KM66kzYCHIrwtku4TeA1qt8tFEXagqDFh1IfBd0g6rv12Fae2nodWFz/0LY+hKq9uIj7RAu4hfnA0EUzKqty9jHRUZ8w8LRPwUSzBFnngaQGlbyrlpJKVjEIR6tK6B1CUdk7mu828ph3Qb9xcLN+ZgKMzXiJr6XnlHtkjUYcScedepf49SzqOVzCHqUllf7tN84FmQjh+i9iMe5iKCS71nCDEbMX9Um9MDeoCC16lnbyX4x6mHYGytHShfPnIQsaD2k8svsjJRk6B8iac2OqGJFuTlzfVxpfL5xAKkJOTg0J5AxsLztPS2Q0qiMP18lMtCAVI+BtoYF65+s8mvr6ND4K32xY0/eki9k42kRmjFW6H+vaw0b6NrLuVtvgu/QZyRaIxaWlDE8UiPrxEaj5QZ05dBx7wqXDqtotSkZEcJ9SvhF2DYAkHBOxLwp8L7FjpsFz3UEQiTGrWMDNKQ+LWWGS/fVtrsljrF6tjF8P/y43YffISrt2+jgv7l8D3yzg0gh8GmQgc69F547Fi42lcuJaAa5d34ru+k3CubDTGTtarQqAuY4m9CTq1WCtW1IWPLJyYaIlxW70xe7cvGjwSCDcu5R6yyzvcbkgfaGAjvvvuLJIzMpFy9VfMXAnomnujR5V4fmteM7Ro5obQ24pVPAZ6GDqtI54fXopNDwTGFPdDIM5BUyxZ7tUReLAtEqnlCcWKn4FSeYJXW6Ak7QTOle9TfXZyMv53XLG6Qfp+mNT1ASK/WojjKY+Rfnc7Zn11Hp+Z+2OQEqqP1Vr/1E1g1tIGNjaCv9YtDaFXBvAMzWFr3Ej82keLMKC5Mfr7Vz+r7s7WHxHx1yVcu3kefy7shXG/GcD5tznClbJHuzvDc9QbuG5Ygi6adwTGHXsPGVWSakIxSooB0pI+x64Q/dOyqFtiZtEV+riMY4ezxEg+Az0MXjIan6VPhc+PxxGXnofMhKs4FDENk0KSKu1xfD+cTt2E31c4oeuSaEzvsAxfjxFPnj+4b5JpryawsQceHT0nsEUU4OrCoTjwWoO1vCCn3b4sPIF96W/EEi9VdMP4QCBhhT9Wn32I7CdXsXtsIOIQAB8/0VF+huOB3+BAymNkxP2Cr1cA5r7+6MHy+a36uYF3eiNu6Q1G/886oV+7n7HtsA1sXQTblPmtgvD10ATsGOGPzWceIuNRCuKvbELo59/iT7m2HkhvZ330VZ5xLdN3gYP+HRxffhbpObl4kf+22sSQS2fg7upwXM3IQ3ah/MSiLnagqDFhoId+E6yQem06vj/WFM4z3SpfK2poDTPDNCQcTxO07c0trJsXgUwJtEO9wxgY4hh2RqQhN+uFGAFq3QMouLoTRwsEPuLY8nA8ELlHs9GH4GkShjlD1gliyuM4XNwXgumTtiO13K8cWTEbW47dQXpOLrLT92H3GaCRh618BS9fpuJefBwS0ktQhEIk308S4wqsxgz/4HjgNzie8hgZsX9g5kqgxVBx/eO3/w5jbQ5iybcJaDbfj3XxPIW1s80gGCIGpy8JflCSsQHzl8vHJaxGhMACv+OXg/kCq7v4LcJqeZRrWWkERhuboJvbGSVMTLDTjZpsjS1vqosvl8tL1rZYFgvOo9ZzEca1PY/NY9fhXMojJByegB+OtETnkAHVXmGSFl9LUpbC02MV3g/6Awuc84RJzb3Ul1XGJgnr+pjAodlihe++VEVfTBgH3PxqPZJKAOIn4Y/l5/GPaCKs7wIHwxs4vVXgv0ruLUbYGfnHk5Vu1IEHfCqcmtfQAqY2tpX6ZdEAPBCMTC1g1oSdDstzD/mEWFPF+ZMjBWX+UfuiMrUuSJMaQVO9HcnG8DPS1NQkXhMbcvdeKywJzqd8ilrQjhzMtIkHkGZDI3LqKvn4h1KKojkG1Y8meU+Hyb9h9dLlqjATefG8mBJ2+pJn64bEAyQcJSBejESnDsW6ZL0kfjG0KzmYNiWzFq2p65TZ5N2iSrGV1Aia1B6ko29GHZwCaPOaPhKLZVnq7pBYjIFflkh/TrUjMwMDatnahrp5rKXfp0u+Xqpu3OhORhLKweuLFgIQOa6Ap21G3TzWVjs+yUykYFQZJVKIDaj30qwPVhCpxmJZmfPJUVXyUQcJEZ0EOqquQ0a2njQz/GFlwbPyowdQTV6a1HNmqsSiHtKPT1KM/r2LbF6nI8nK6ClFLWhHNo1UpB+f1NmMdDU0iKdtRvbuE2nNyX+kF81ImUddVJuLHan0wX0TG+QfolmeRmSkb0o2li407KvtNNsF1cZVlrzYFvn7daghGWlKOT5plrPgiJzyI4UirokfKdQWvWjq7+PJ1QCCo2fkPFKI/1L8yK/H60AGVYqn8MsS6c9ZncjBQIt46jpkaOlKw8fvY/8cFu2sj76yHVciouzrU8nNVE36uGbtpoDODeukw1LtgEWhlzqPSYXc30XQaBVQE5EiT6KFJr0ctMnA1IxsbTxpyq6VNBBG1Qu+UD7dWO8itAMxHeZH08YhIN2GhmRm60lTNs+n3mhX/fikYe2ER+C0dPakqaGCo9kqYqeLbRPS1dAgbXVBDI95Ln8RIl6NXEG2DjujF03dMIVczFDt+CRRPFoP0oNbrQpd1bmdVEwJ4e7kYtqYDFvYUAenAIrYMJTMMYp2sixgRlR+fFLrhmRgakbOnYNo1sDaFcvi5y0mVwbkNDZGabyKjW5IszW2vKkm7sXGl9dHsSw2nKcoezPN7mkkPA5o3PokiYXGpMXXR+sh8cigqrIppWgKNgeZK+lorTJ+NP0x0ZLMDAzIzNKFRn/vQx2qFDjMPTGWXMw0qVFLwbj+Mllysay6cuqaeMCdIMlHa4ndo0ZOzc5e65031VDoirUOK6hYFkNEBA51Rhlu4QfzjjhtH4MLh5w+2vdAOHyaKHqxFzPsfPF4Sj5Ofa+nPP27MQgtXJ7jy+iz+M5ZmxP8vx33J6N966cIKDipnKJhH1M7P5W+cviPowS3ZmvBL2IHzhf6KeWYxk8Jrw5ao5W3NRY9PYEvTTjt+K+Ani1BH4PV0N+ajT3jOEbNQXlQ4USgIEE+O4kbGf3gH8YlwRwUGAxQgB19GTRu8TWSmoTg2xl6StU/fueV+N+EbET00YEJE4i/uSHgwIEDh/rB2wKkx/+MeWt14firN7i8rwQ3jjxEy6FLMZYTxn8Kry9vQwYWYiGXBHNQMtQ4ESgGjP53OM2trXNQtF5BD2NOEcbUk/6poA3Gbs7A2M2c7Dlw4MChvkAowM7BjTH+tBm6jtmBNVwCAICHPpsJfThB/OfQ0OsBUjlOzaE+eDa3NZoDBw4cOHDgwIEDBw4cOPyXwG2N5sCBAwcOHDhw4MCBAwcOXCLMgQMHDhw4cODAgQMHDhw4cImwCEqxF2MYBlpNbeEx9jiylNxIerEHc3oZw1hTA1YOx2t9buh/GyU45sugbd+rtb5DGS5jriEDhmHAMDwMD2M3EmcmMrDpek5xXXm0AE5qgnZoMV2w6qFi2lkX2d7fNQhdyp9pyYQrzCZKcRrTjRmMjvg43mDgIw3rejDotSBbqc95G7cE3o4NoMUw0GOGY8+7j9OqEoMZWOntRMEn6hWe7W4CLUagtybMwurnNcqwtU8JZbiMuQYMBq4pAAcO/xYoPL5+gvHi346Kopm8RsZwaR+KMwXKHrckbJ9oBnNdda5o5icESXyk3vjwowXoyLjhl6zatfPjS4TTNmOWXxc4mjcAw/Awcq04CVeDD3YQIee4Mwp2BCP8tnIbmbRyFPZcHI3tOe/wMH5g9aq4mYvRnfGUfsDzxfZowfjjoDJJVmkYBjGWmHtdBhEzZzBpt/IDY+dhsQq/ryq6ITSXUEpRmKP/9sNpbcvliC0lUMYidAD/g7ezDIex2O9v6H+XioKCAtx94y9XtU8+khDa8dMgCwz0YD/ID/07aigxCGdh37zv8VDvT9wtLERa8S74atR/X2/NZmBleaBGZ92o6zT0m2UD3icaOPVHPUcxEV7uVJFcOVGGrdW3D63P5EIZPlQUr3apohWzDqkfsbzY+qb6kBdQgluzGGgxPOmTGblhGN6UgTEzp/qkjqy7Z+9FkLclzHXVhQnHZZHwkXkhEKMGdIS5rjoaMO5Y+/Dj1Y36ABv9q494oUz9IxTgxq4v4OVqCSM9DWg1MEe3AaE490QOG3q/GQOZikSk8k+F0auc4M7ZjIABNjAzUQePx4OJuTsmrI4Rxp6Kopn5j39Gm+ffYNVa5aYQKjfmIWiLMSadeYEsWo9+cnLZ/5pvUra9su2rJD6iSD6sqHH92HiT5KrRb58Dhr4I/Lkrdg8LlfrjzzoPgg324EkGgPbKa2RONqBl746uetyMD4ePDyrP7iMHTujZwwK6uv/uvjLQQ/dvd6C7Ep9ByELKA8BsmjvMdT7uyqktB4Rh/QDOBjhwUDZe3PgCk6/2giMuSCGLaYjwC8Y/DtZQPSsn0Xx7GIHOvoi2DMGyQz1gp/UGj26/gB6J0iIGBl2/xHKPPfh2Nldj9GOJF8oEH6mI2vkELYevwJQOLaHLj8Yfc2fAvwXwJ81FRzYyUB+G9SkOKCxmhJ+9uzYGwwJaoZ93+WdvtGDaOwg/fWMDsyZ85F1ejFkzemLiZ49xaEol8dXS6Qu3NsCvydkAlEeI32cloAxD0MlZm1PiTwifCh/52NopeUXYdi5+WvMVJgx1hnGNhFULPJSipJ4ydnkp8fuDLQTb/nrdwRNEwLt8Js6UCUWisA8FuBnhBTc7wUxcs1bemBeZL7xH3qE2MGO8sT2r8vozAQysPluHRACUF4reDAM19UAcRxpWuwqe0YgZgN8KaxHsc7KRU6C8VcwijXTsm9YG5rrqaNrUHV/vyBf7vjDlJ0xybQw9TU3oNXeCX9AVubf55p6fhgG2DLRUjdGx7zrEvZTzBtl7MNvbAbZGDaGloQvLVt6Yv+vpBwiCaTga7AZHIwZaGrpo4xyIXXfKKi94tABODAMVg+9xFjfxvb18W6PLcAsLLRioMm3xzS3g4goT4UzxqCozrS+fn0CQpz70NDVh2twfEQmidihdh/nIwqbuDNr384ajoTbs7EPx2/dOsFBrBGc39q81VNynYntN1ZnJii3cg5btQIBbcxjr6FRrpyyU4jSmmzBQYzpiWQZwdJ42GLGt0dW399OrMAxi2lXOUJZvz5m6dRY8HU2gq6sLpw6bEFPFSZVk70WQV3uY66pDq4E5OngE43i5il0OEPSz409AatoINC73G44is8oPV1fO7Eve4lOCewd94WarBx6PB2O7AWI6rAh5iY19+XNMzN0xPuyu8PWRvLMLMcpNYO9aqsaw7RWIcFEdri/kn0KIV3Phapu5kzd+PidYYWbjQ/lIwvZpXeBq1gR6mppobNxFom+qaVyr6TTdwrr+DNq33ISkEnxUeBG7RuiHtRqYo6NLZT8UJa+KbatdA45j35w2sNVRBa+RMbrOj5XLN7FByYts5Ga9qPVrTfy3hxE8Jg0jt82GnZRrUsOssblsB0JGPJD7/k/Dh+FcVgjCL83F6F6d4NDZDUO+GIY2IksWrYavwy/BX8C3ixZ4+HCJcE3xVeKrNCfboVnV7a03e8CCGY3fb/6M0a4G0NPUhJGuH7ZnVfoUT0cTGGtqCF6BG7oJV/Ll0b+a4wXb+MrGl7PC2wLk5OSgUE4FVIUz5h4/iV/mjkR/t85w6T0dv/3shDeIxHmWOwIY6MGstSMcHBzg4OAAewdTPPorCY27TMfnuuUXWfpi3pxx8HLrBMf2LvAIWIfZXd7g4ba4D6JjJeBBBTy5OTdbPlyx+6Jilb3vwB2V45q5GL0Za4w7UCyRh39svqlGSNgufHmOYKdZMQsewLavsvlI3SBPnvPi5krBa20a1e1VXt6kY2qLviMOKH1nTB2LZWkB2oDqG+WaJFMEoEENJslrCmNNM2hWmbxS93qMYiLQhXZojkmIJAIRIZPmom3FwIQ1xZDJDAavikPyoxRELiYcHz4QoeWKqD/sMtZNOIgVdjuRCuDVX59j2gZPzI+bjrYAGIO5OEuE0vfrMRAWmHNN8IyXdAJTdas1FEbGNjDUlpYYXcYSexN0brxWmKjXBjw9oKmD5E0Hz46vxr7Wf+DkzWj8NuQ8/hz7HU6X5938d3sQ6DIbic024uz9+7i2swty1vTEuGXZchnM6L57UOx9BbHp57G6/0asOS5nBwqfgOyDEXYyBnefxGPXYsIxv4H1vmUyaY0lxv1PC2N2PkBS+gkssA7D3PZfCeWFlssRSwR+3mJ0RWeExAvGPpXYbY1WhTOWphHKKBEhzkDP+VkgIvCpALtHiUVS3FwdgQbTzyMuJhIjmkdgpVflll1ZOgwAJUXDsSPqBxg9/AabYkJwLHY2eBdCcOAhW0dhgslRhDJKxdrub6VFfNz46RoG7niCrOdxWOYs3k7Zk10eWJcl2MITbAYMXlkEIkIBHZBra3SZygVc3uSM0GtZKMj8DY45X2De6kod5r/bg0BnXxzM+RLrrqchPeUAlg95jkeZgu+7hQnGMXoWYGmxH/nlfiPukJPwHlZzBJ/dCZLCu274wNs7Hk2/PouU+/HYMyMLO/wG4X/XFCcvwdg3xkD/XLQNOoPkjEycPTAKzXJShZOThYWFaOH3C3ZdS0V6xnGs6rAPi0R1uJ5o1Zk5/fDz/QlYfzULGXfOYc8id+iqCKgHOx+ahReln2Ne+HnEZj7C1cihKNneTcw3yRrXqklwRL+O+OPuRuy+P1ks4ZHlQxVGLhq7o0k3PYkTZCHD5yDZcDvOPnqMjNgDWDa10qMoSl4VSNm5EDub/IHjecUoTDuGb3s3ZO+bWMrrzBQTWDcbJf31JRmTPSemDkPiwO2Y11pKAnpvPgIDx2Fm5EAY8+W//81IgDfZGPGTrGBraAALc3dMDUv6YPVIpOmGQuJrhVUy5xAS8AADN6Uj+1UuLh0aDQseQChGTp45hgYfxvmUx7h7MxT9Cr7AZE+Bb2Kjf2zihcz4ysKXs9W/Z5FWsDC2wbRDdR+bt/kvoQYjGDat5di+jsCGoybovcBNSqJZgkfXt2B3tCpafG5bJcRqgacFMMVKnrkrTpMx1SOZy7LRDf7bwwh08sUlnVU4ePUhkm+sQ8eisZjc+5wg9pl+j827i3FpxGTsfwogNwwTxxeg0/ZwjDXBR+WbZNkry5kSqTyAbV9l8ZG6gm2eU4Yb2PFjHvw2xyP20tcwfiRur7LaSc9CEOAdBf0ZV5CckYmEo+swpoea8v0w1YD3tIf8ABrxK1/i92WUShu7gTr0OkapxaQUFGVvpkkmoJ7zs2p/kwvtqDkmUWS1/p2iQH2Qz9YikT49pe0eIJeZacLP+MV/U4AFyPXbEPI2NqChv+VXe0Tp+/U0EBY051rtm1lKUTTHANQSIXRH4ZIspqM+IEvdHfS04qOMRdQVnSkkXvDflztVyAiT6FBJ5a+iZ1VvTylF0Rx9kPf6ompPeRAKMsFsuii8NpqC24Jadzlb65aXUSKFOIM8FlWRe3n7Vz6oQZ5S2slqLCzE9a70/XoaANCocHF74OctFpNjbfsnScff0ykKNBLXx5c7VahZuYxl6XAZPaVNXQWyK6VoCjYFeUXwBb/TNaHpZ+Rtayqt7V69rRXtFP38ZaSVsJ3yyj7YDDR4ZZFEHW7jcaVS9i/X00C0rbS7zPnkhFZidnh6AsjOulL/Hq8DGSOATpXU3I7oWSBLi/2UX8M1d4IENpVfpZ2nJ4h/XkaptNYJ5DA0RmHyKqXD5P8ZqPdS9r5R4KfaVvNTL3eqUAsES3+2DFurCXzKp+0eIAePK1Qks23sfWj0LJBtk2PCe8oa1wp/0Gf5GVrbD9SuxUZKVFLcqgtKy+OuLL9VV3lV2LJYTJDDN8mDoz6ghvCkDQXy/zY30pU6IIRuEtF7Okz+AA1YXWlxZfxoCnHQEPrAR+shlx1V9FFPy4zcpx6j2HtxdCGiH9mhJY3dL2EMrg8ka/SiXx/Uv27Iiq8VfkUsRp1oSyYIoL9Eb3SjO5nAlALP8Vk9991JRzKtcg82+ictXrCKryx8OVvk7WpMWtAh3111k38ZXaLgNqAOI2r2ZbLGsBmC6aYUWQEgRtWIBn4bIzH23FkAMlKfQ2eevleOkr1KpI3DQK3Ma459tfVNeeEgq6ocN8GHbDCKdr+t5DDHPgeZdg+hoF6gDgPOVGvLx+CbZCJzPjmjF/0s4mCjZgt4RZEcPIBtXyXzkbrzYVY2nzmfnNCCZh4W50GS7FVqOxN8yLqKvOoDdVoRVoEFxq5dAI1bg2CpxUPfxYpbkK+okqdtPBGny4Kx9EdjhU8CqD67juRnwN7x2sLlelWmGcaeBl7drZzFYHh9sebgaBSu+gb3DCKweYpy3s2oeKlddMVa0eB1NBeuVlLjptDFG+SUT7dkJvGhBUe01ay8vnV3K7xHMthuNstIBLQsuqCdsE9t4dJGzka+uYXt07rA0VAbWkzFthBNvMuvvxpzhIdITwMs2ovonVonOJoBWQ9y6n2FoLmlmfDfDfXsQChBsRw6zOPxwEALelqAJo8RzCzrPMM7Be/maNzKqLKdPJ6wnfUJFZigRUsRnW8MvC0rELYj5RagbeGObprKeT4fWUhJBXQG2wrf4lKBBWzaA68uJout+NZFXirPEpD82hoOvaX7xpL0LZg1vBXMddXBlG9t+guv8fZN/Y0HAz30neaKF+f6o3V3b0wLWIUtp57IpReEAtxcNwxutnrQ1arcuv6urFC4+s1qXBkgesVwfPO3JjQ628HiI6xypoK+mDoLuBBoh86DJ2Hmso04mfha/lVOGfKqgHF/R7mK+9UGg/ZI2yUlox8vNyNgwnt4XZ8t5X3MEsQu7Iid/EisGVeHegKvAZ3iQPyyYSAcWzmgx8TdWODxCDeXnPuoTqlQSHwthwac0KErI/G7vLMLMdrVQKg7Gp5xeIVCFNVzfJXly9lCf9RzFFGhxBVD9n49DZG+PXDg1SZs3d4FtdG2MlzGb2GA1fzAavqsAguM3Z6E5PirOPmrI7LXTcKi/dUlbvfDIXjbrkafZuoKP0Xl4WoGWg3bYuYhT3x1cLhS3kJOiAIe4hu0Ey0eZr8Xj5CD3H8qx91z2yH0TvsGmy7MwfLI3kp7I7q2vunfxpsUE7ssYe5cuWtAXnvltw/Elx0uIMjOCZ7DZ2PeuqOIza+PdqNujmH7jOV43fEYUotLcOp7xalqRZW8ouzN6K6+DEt+VE5F3RJYC5f5Rf8ST3URu+7R5T3I1tDAi7vnkPQWHGQl3HUYkctzO2L2Pkd8dzYP+VS+vcrpvy109QZ11+F6Gfd6fnWOmGKUgPl07USJ8irDLSwdMhEX835A5F3BNvOydxHoj/p/IdbA6yru5pzHxi+6QPfFTiwY2AZ9v0tjn6cc7ITBM16i44okpBdXbl2vBQOHcfP1uHJzLIr3T8KMkx8f3WCgh25rCGn3N2LWMD28PDcfI9t1xPTzpBR5qRp+vDXPmdjNOPvyFpb01AaPx8NnvM8RDuBEkAmsTMPxGDm4/hcQf28ELHg88Hg8tAoEnmINPBlzTDnC5il6MGoBqFqYw1JkDMysAH5C4Ud5NJo8I/aeUZeiZzxoSnjlhPJCMar/ejwffAixBeXx5Hx3aAH/2aMrBUmwJYKiQrDxvn+1VylY++SL32NfmidGz5A8ealjagcbe1f0CziB36ck4NDEiGrvR95dNAyRyXNw5ul7yaeo1AFWcwjFrxLxi8dJ/CrnazrywNJiP4qq8JU3dA4zRWbk3qccQ9xL4B1ikZDyL1Kmog/Pmz7eRLo75tzKR+yRIAzt8gJ31g+BZxN/HC1Q9nPr5BxScT0WcP5ioPSZ9fdZdXoRXcvIF5O6AJmXkuvAlnUlUmXSd4Gj0QPEn605yS65F4QJgW0x8vRVzHNZg6+9z0p1EHVdaXmRk43cJx8m6TNto4JixCFR5PH3oh5CE7awrhKGeQ2AkpLqhNq0I1CWli503nxkIeOBnDp1AXD6YiG8234GLQCERMTflzB+2gx4KMLbIul0QVo7ZZNRK5hbAGm3RXSj9CbiMgATayMFS14LPD5Qpia/lbDV4X/L9ApPCyh9UzmeKlnJKJTTjdk4A0Vp58SORpGKfPl1RwUmsLEEXhytXP3lIw0pt4GGPW0VNrPN17eH7WfSx17l1U3EJ1rAPcQPjiYCMqxy9zLSUZ398rRMwEexVD8t29ZYjF7TDug3bi6W70zA0RkvkbX0vMQiGJJ86L2oh2hoEYhFQ02gB8GKZ0Zq7cbVYtIAOHVci61B93B0wPTaBdlaFt+RBzrWfeDrvxrhZy9hhVMKEv5IZh1z2MhL2b5JLIbWtiBN1z2Iy0xGfHw84uPjEXN/LbxVAfeZV3D0+ki0gBnGnEhDcnyc8JrTswAjTMLvKVFY6SE7vqrABDZtgfcicYtQgIyHgIq9rvz2WkfOU2OMlhFfGWiBpw28/qfSbxVmyVdwiYnZivul3pga1EXI6x7fjcJ7BXKe+o2vdbNXPtJwYqIl5p0PxuY7c2vYcVKCnJwc5D6Xdp8sHFlzHjxzf4yUuQWjBCXFAPO66spgCVKSgJYDRqO3iZpyfNNnbeAzQQWv06/iTl3FLkE3WveQ7aep5BRmD98ErYAYHAk+j3UOCyVc/4F9Ext+pqUNTRSLxM0S5GR9KD9cez6s6DynZt+gh9Y9RmDqnHAcvbMeztiHY1EfIhF+W4CMe3GIf5CJAgD5T+KQEHsPGdUMvBgoAspqWK26Na8ZWjRzQ+jt2g8eaQN4UwcFsOgKfVzGscNZYkqgAg/M/E4FCQuHY8b2GKTnZSDl5nFsCx6KVYcrnNdpBI9cDhq7Gb/06IDA/SHQOTkOU3aIsydSs4aZURoSt8Yi++3bWhlVRbGsTi3qViyrtmgwYifcdSKwzO8AYjMzkXJxOuaFqaLVfD+xrdoqsIRLZ+Du6nBczchDdmGlE7EaEQIL/I5fDgr2Mzy7+C3CYuUxAhPY2AOPjp5DajkhubpwKA68rk7ey/Rd4KB/B8eXn0V6Ti5e5FclONLbKQuq6IbxgUDCCn+sPvsQ2U+uYvfYQMQhAD5+jIKN0ARm1sCTfScQU/hermSDjQ7/m9C6B1BwdSeOFgiIxbHl4XggZyJs8sVueJqE4RvPTTiX8gg5mcm4uH0xtlytQjrbAi8LT2Bf+hs5E0Aeuk8dAipcgi9/j0V6XgaiNnhjRawDes93UpgsVDEEM38Ebi/0E4x9Ti4yo/dj7bJTKABADa1hZpiGhONpAr1/cwvr5kUgU4K81DuMgSGOYWdEGnKzXlQjUbJsrWYimYUjK2Zjy7E7SM/JRXb6Puw+AzTysBXbkluTDzVtC5SkncC58srJz05Oxv+O125cK8bIadklfNE2At/3Oi53ZXxc7wlbY1P4bVD8VDUfp7F+0m+IjH2MnJwc3Lu+DweTVGHQ3Zx1zGEjL2X7JlHUuiCNugnMWtrAxkbw17qlIfTKAJ6hOWyNGwEAdA3Nhd/b2NjA1ApQhS5atm4OXS128dV5yjw0xUrM/e4skjMycXPPJPzvtD5cZ7lXrri9TMW9+DgkpJegCIVIvp+EuJR7yC5WNOeRDlnxVQVt0Ksj8GBbpCB+lpzCip+BUnke0mYQDBGD05cEHSvJ2ID5y6vfoy6cpz7jK1D7Yll8ZOHEREuM2+qN2bt90eCRYLJF0rjj0SIMaG6M/v6SCQ/zLBwbjujAdYV3tcmV25tGYWboPvx1/gbi7pzHoQ0j8NUfQHPfAWLci1CMkmKAtHjK9U1aFnXaZ1WTbjQbfQieJmGYM2Qdjqc8RvrjOFzcF4Lpk7YjtULm4/vhdOom/L7CCV2XRGN6h2X4esxVsQWoD+6b2MhB3wUOhjdweqsgBpfcW4ywMx/GD9eFDysyz6kRyaH4euUxXE/KQ05eBm5t34H76IC2dkomltJe8HZUFby0X/mnST1nplYpkHOY/KBGXx6WXqDp9ASQDrxpWx1efj49AWRpf6zWxQnK6ClFLWhHNo1UCBAv/sSnfLoRPox62eiSpqYm6TZzpF5Dg+jAfcF3p8eDLBBCt0SKqmTubkam8KKN96vUkzk5ktxM1YiH2r18Xx/FsmosNEREhTGraaKLHulqaJC2jiMNW3hGciGVrN0U0LmhxL7mnJtKnq0bkoGpGTl3DqJZA+UslpV/iGZ5GpGRvinZWLrQsK+202wXVNM/IqLs61PJzVSt2riyaSebwlBHZjmTjZEK8dR1yK5DAEVcK61eDKiOxbKIiIrTwwRyB4iBrrCoB5viJzXpcEWxrMEri6iMEinUBuS7q1zXTNVrsN0quNGdjFDVJ4D0y4vQsS7SUqdiWYLCOBuHgHQbGpKZrSdN2TyfeqOdWLGsmopTCOWdtYcWeFmQmY4a8bTNyKlPEB17Ur0wyq9DDclIU9DXykJXm8lbgizUYSNSfKyY7u34nHrZqpGmpiaZNPekr3Y+FbZBUfKqOvbGZm40cVWi8DmFV4LIy0GbDEzNyNbGk6bsWkkDYVStSBqf8unGehehj6zoq1y2VkMbL4Z2JRfbJgK/om5DfYZspJjnEmpySfGh/LJE+nOqHZkZGFDL1jbUzWMt/T69esGNmsa1oliIaKGl4pQF1AWNJRZArAkvI61IG0Y0fi9f4Z66jB9NGz+3JwczbdLU1CQ9I1caveCyRD9cF3kJCxlJ8KtsfNOHKEgjqVhWVUgrliUrvmYen0b9HRsJZT4+9JaYbuXtaky8KjavCrMqtqQYzlMTZMbX1Aia1B6ko29GHZwCaPOaPhKLZZljFO2UwhUSwt3JxbQxGbawoQ5OARSxYajE66VyHhnxglV8ZenLlVks6z0dJv+G1ftRfdwrebMk31lR5KoZZkss5pd7fCoNdRf4LU1NTTK0dCVfCdyrovBgR98kpfqmd5HNybgWsZstHy7O2kMLhrUT9LehEbV09qSp5faWe9COWsBTnF+nzKMuqs2rFa/7mHyT1GJ/J8aSi5kmNWop8MO/TK5eLIsND5DOEdnwkbrzYZnjKrMwGIt2pq2jCZ62ZGqsRjx1HTKx9qJ5O58ovVgWQ0S13p3+4sZY9Ha5g6EJ8fiuvaQVzlv4wbwjTtvH4MIhp1q/y5AYxKDf8tnYmr8affTAgQMHDhw4fCCU4MoELYzeGoLjSixsyOHTg6I4DwcOklD0Yi9m2Pni8ZR8KTV5FOSbbgxCC5fn+DL6LL5z1uYEz+FfjVq9I1yKvfBTZWA08Bb0xiyDf3spN392Ejcy+sE/rG4Boc283fDtuQtjjRmFV8njwIEDBw4c2Cc7iTh5DnDdGsglwRyUwnk4cBBFxSkqjVt8jaQmIfh2hp5SfRO/80r8b0I2IvrowIQJxN/cEHD4F6NOK8IcOHDgwIEDBw4cOHDgwIHDpwYVTgQcOHDgwIEDBw4cOHDgwIFLhDlw4MCBAwcOHDhw4MCBAwcuEebAgQMHDhw4cODAgQMHDhz+44kwH2lY14NBrwXZsi/OXIxujAtWPVRc4x9vZmDOhH6QM3c5fOJ4tAAdGTf8ksWJggOHjw5KiBeKRCm2YARjgRlnuaFSNh6uZqCloQsr89FYfYOv5KeV4M663nA0b4BGjBOW3Obkz+HTwDFfBgwj+LPpek4i53FSE3yvxXRRkm8twTFfBm37Xv2oZVWGy5hrWCEvHoaHcSV4a8rp6ktezyIEOV30p5QIM9CD/SA/9O+owWnQfwhlpWEYxFhi7nVOFp/UuOEy5pozmLRbuc85M5FB52Gxtb/BxfZowfjj4AfW4fqSFx9JWNeDgYYI8ea/34yBTCWxqfhTYfQwOoJtfcMSXFrdDW42zaGrxUCrgTk6eAQj8oGUy3PDMLwpA2NmDi59rLpRH2ChfyqwRP/xw+HW8tO01zLcwiYfBziaN4AWw0MTHUcMmrAfSSVy6i7dwvaJZjDXVUcDDVv0mXgAaSL3uDynug63H3lVTEdv7xoFN1s98Hg8NDZ3x9SwJLGTIazmEIqKYvGj/W5snHJSqadGlGIPfvzqHJpNfoBcipV4LGRNOlxfsfHWbAZWlgdQ8IFt7dUuVbRi1iGVC68fHIP2EIgIpydIuaDlcsSWEihjETqAr3T9+5ihim4IzSWUUhTm6L/leLuMnE6h8qoHficv1OqaCHf/dge6cz6IAwcOHGqBEiSt7orf1VxggMoMglEfhvUpDigsZoSfvbs2BsMCWqGfN8PqzoRioEFf+Hzngh8sDKFbloht34/B160YtKCl6CiWjKchwi8Y/zhYQ5Vb5ZQJFXTH5C2fduTjGY3Dt2HOMDPWQUnWEYRMG4kxvc/i6hV3Vkf/EApwbmJHzDw8GiEnFqErTiDYdwTGfBmDs9sqjw9q3notju7pJtBrvhY0Dc2F93h7wwdefvfg9NtZJHs1xovYpQgc1B9TDO9j2/DKVjBqFnDpDrw/nIMsAJbKIsjPHuMFtUPPwSbc8UccOHD4T+G/mtNJXBHmIw1HF3aEo5FgS5KRVReMCrkr8n0WNnWvXCaXtDWaT7ew0dcS5hrqaNrUHdNOVt+DWpK9F0HeljDS04BWA3P0HbgDMXLOSL9uko4z3/eArY4qGug6YfTiGLFZKuInYfu0LrA1VoWWqjHadJ+DXXfKqrfDqz3MddWFqybHn1Z+X5jyEya5Noaepib0mjvBL+gKhL25MQiWTdwxdLAxmug4YuKmtZjkwECHcccykW1cMvuafwohXs1hrqsOXiNjmDt54+dz8s3a1dhXNu28PxltGVdM/t4HrnZNYWxghr4jDghXCSgvFL0ZBmrqgTiONKx2FehAI2YAfisUkPrL0xi01t0J0dGmZ0vQjbGXY5a8BPcO+gpXCXRMbdF3xAHxWef8U1g12k44Zt2HbsKVfPkN4MXNlfB2bAAtDV04ddgkNiaEAtyM8IKbnTp4PB6atfLGvEjxhwi2SBpi4t5jCPK2hLGmBhroOmHqn8Ra/6SO57Ml6M70krx9+9ECdGQ88Vshu3Z+LElfTeP6/mALaDEMmF538AQR8C5fQTIVef0h7+xCjHJrIxh3VWPY9gpEeBV51jQmsnVYTv3JyUZOQe1nSN8mzMD0uf74aZU9dEFiAcmstSMcHBzg4OAAewdTPPorCY27TMfnuuyDWo+p32OqX1/0crWHQzc/rFk+EMBVnK+yLS41zBqby3YgZMSDD6IZMuOFhFcZLs8RrEqIrhAmBjNoYbMOf20eCVdzHrQ0dNG+5SYkQrDyvn1aF7iaNYGepiYaG3cR8+Vs9K8UezGm/HMNxlby1ugafZNg66Bpv/VYO6o1zIwboWlTd3y9o3b2WvIiG7lZL+ReJVWFM8b8MhujPHvA1cEebgO+wyo/4PnVc6xfNaL3h7BhG+C2bBP8u1jBpstX+HkRkL59PU6JmIQmzxytK/TYqTVsmlWuNtzZewSE6VgxxQnmBmZw6L8Oq8Y8wY1vTlRbbdLUAso+K64HL8XI/Ru2fqUmHsBHFBa2ZdBlXGzleGYuRm/GGuMOCD65HCC4b8efgNS0EWhcrouOtVn5fVuAnJwcFCpJpLnnp2GALQMtVWN0dt+EkOHiW3b5SMPRYDchz2zjHKjw2AgAude+w2hXA6HNV+WIsiZ79g9lYOY5B7MHGMPc0BDNWnljxYkisetq4ohs7yGrHTcjvODpaAJjTQ1oNbWFRy05T13AVv+KNNKxb5ogTkvyb3Xh/mW4jLkWDAauER/FB2GVr0oqRF4sYg4b7vUido1QN7QamKOji3h+IQtVtwvzkYRQWwZ9lmWXx6TTmG7MYNCyHQhwaw5jHR2YNvdHRAJ738Qmp6sr2MRXAChRz8GdraPgai7YxTYg6IrcOZ38DlwCXkZakQE8KeTyE8rOTaeUS9vpl4g71a4ro1Ra2x3Uc35WlW+KKWoqqKnqJNoR85jSkrbRRAcQD6608kH5b0sO0SQjUNcJ++nq3UxKv3OMgnqBHLqcpXxih0cRIB40yaXvforJyKD4g6PICS1o7P6i8vY9pf2DQWZ2wXQg5hFlP4qhP6eZUEvMpqiS8na83U2TTEA2LmvpWLLgmr9/nUJhVyq/H60D6jhc8IzkC4HkrqlKvZeW9/n6QLKCC311LZVOTwNpwY1WxD+kfT6gNh5XWPa1mE5PAJnYBdPxpDzKzrhL14+spc3nXxNbyOwri3bSPX+yBcimzQ5KLSbiF/9Ns9uBuvkmiT2r9P16GggLmnNNQkMSfKgtetHPTys/ehAKaokQusOyL/y8xeQOExq5PonSsnMoPeEMbf3lkPD3ZZRKG/sK5HUs+RGlJW2jgPYgm0776SlbgWXOJ0dokbX9bNofd5/uXvuBBjRF5bgS0f31KmTIeNHqo3coLTedru8eRm3gQiHxlbd5T5vJGyCT5p70zaGnlF9cQgUPj9BfV9+z0r+a8J5OUaA+aPxevkQbtSqXKZt2EhGVUjSFuNrQ/EOkVETNAg34IUnucRXiQjtqjkkUKeHe9/YH0jcbT9PVu5mU/SiGjszWpxYIoFMl7MaElQ6zlFcpRdEcA/l0W9xmT9Gc1lYUeI5PlOBDbWBPixOkXPsqlNwZE/rqKL/2A/Mqkfb5gEwwW0xelDKPPDCB9uYTPVoPaobZdLFedUN2vKDM+eRcxa9EzQZZWuynIpE73QkCaRiYUa+u2+nK03dU/DKVbhw7Rw/L5b128k908EwCpWXnUPLVFeTdXNzmZemfqI4NhzlNP1M9Jtbsm4rpqA9IA670zYk3RFRMCWG61XSYrb0e9QE1hCdtKKjbuBRn7aHZ7UBt7I+xjr+U4ENWVf1MFT2Omg1CIyMy1FUn3cY21GfIRrr8XGQMp4IssIkekvhnJhJ08FEEyBxrxa5VODLnU1d0rtQ7OfybLL/ChvMUJy+hLrCmr47yqYwSKaQDqMOIK2I6TkQUPUug+/lUu3YSEeXtakxa0CHfXbUX14uTfcil245qY8LPDSF3TVXq88UZupuZTBfC7MlMA9S6y1nhNbdXg3ThSaFnHlDqkyu03RdkLMEO6hIbS+InkxPsadxPl+lueobA5ptp0YDV7LScT/m0bwhIHY40+6LAXjN3tSdTeNG2p+w4Ipt7sOF3h5fPog37blJyWg6lpR6jkO4Cv1K1J6cniMu5GjIWydRxWZCufwL/9hkcaeRPlyn5Xhztmyg+rorg/tGzQK10dgj5Xhkl0lonkMvMNLnkVUpRNEcf5L2+SKIvkBVzZHGvUoqmYDOQy9BjFJOTSzkpMfT35nV07Al7WeeFg8wQQjdF+hpiUxm33tMpCjQGNW0SQMeeEPHfp9L2oaBW5lX6yoLzSM/pWMiLLWqIr3nhIJ6KEXUfvp+upKTQ9QgPsoSDsM115dTSIDERfhAKaoZgoeDlFVopHSY/gEauLBJzTvoixCYvHEJnJRpEbTCKdr9lnwg3hRdtKRA3QqEC3POvpsiltIf80IS+PCz4/+N1NTvflztVyAiT6FCJuBEKye/1gWSLAPqLiN5FNhfKLS9cYKj5LPrKp3za7gFy8Kge8FhDVl9ZtJPu+ZMdWouRu7xdjasR45oMqpSiKcQG1LdcJyr+X41syiBY1lX6UjWh6gJrsXa+veBGpvCk39lmwpnzyQktaObhSt05PQFkZ31WLND6bC0SC0bbPSqdrWjS1XNmqvxjwjIIV0xEJGwaTFN/TRXqYHunK/SSTrNq50cBGeMqTyIirottxXSxxjGRIyjIfHYdEmE+5VPUVFCXCpIrIxFm65Ml4nx3MgIIABk2m0TbH5ZW6go/mkIcNIT6o+xEWLIcZccLeRJhfYymvSwZVfQskG2TY+J+tw6JsGzfJIhRoiSSn7eYeqNTtYkrNqhrIhwdDOIBBGhSG6dNdKtYjh+faEtN4Enr8h/QRg9Qu0776emj/1EXNBf2/96R5bR5/0W6GhdP5yNnkmdLkLVI4vsysiM1hQMF/CXIjguS15B3C5C+BPmXXB9CVuhFyy68UYoe8imfbq42ouZV4r1culyDX2HLeR6Fm5CZyiRa/q0dmSJYIsFjkwjLJNgKSISl4f568cmMCvJekaCVUhTNsRDnjqXv19MAgEaF81mNlazY+IYK6KhPdV71IFQw+fKUpU7sGwKy1N0hlHVFMlCRTMviiGzuURu8O+lIpuWc7mNLhC11K5PUiudV+DdFcH9K8KF26C/ke/y8xdQVnaXGT2nyqksizIYjCvhe3RJHVomwkbgtvYy0kou3f0yJsAFGC/Wgwk8MruAGdeTU0iBxa7TV8BDYN12Gfubu8P0iCL9sjUa2HNtnVJ4lIB3WaNmj8i2bhnbD0VLkBf2EKOAhvkE70UIa9nvxCDnI/Yf9szRhBzvhVkEebDoC79LT8RTAq6SLSMQFfN2s8hlqjC924jXyMwXbEFNuAdoW7uimKfn+mUl8aMERbUW+b93dCu+RjAfCLYg8aAFQ5+lCE7rQAsDjqYBelKCYRV8Z6KHvNFe8ONcfrbt7Y1rAKmw59USu7W5s+iqrnYK98sZoZ1t5X30LV6ghGekst42qwhk+M4CUFTuRCED1/m/YltIfn080Zr9Nsn0gvuxwAUF2TvAcPhvz1h1FrMhuEybpNLLQFs4dKj9Tt3NDMzzEnWR53guwhLlzpe7wGgNvywpQDED12XUkPwP2jtcWylOVaYaxp4FXd7OrbEHlobW7Ra3GRNbW1s79gLyTcXiGK9j6y1Gc/eoEEpCJ67cAUx9HfPbsGut2fmjIGldW2xbTt2DW8FYw11UXyFM9EH/hNd6+AasxUSQqCkhk0ly0lfO3Ly9+jhm/zcaPO7rIfBexDJfxWxhgNT9Q7L1e1ui6B+eTkxEXtQP+VhFY5ba5fCtSCWIXdsROfiTWjPtwb0SyiRfyoCHc0U1PyvbCdcPgZqsHXa3KLX7vygpRoqC+sPVNPEtjCJvIawIeipBTiy2qg/YQXtIJTNWtXXvbzUhF3L04nDsejNa5M/DVj7Fyb7Nm+FrQNTGBsUX1RrQaPB8Thgu2X/fy+hmHtrmBj3XYUP6aTAOvQ9g96yUihzYBj8eDjV0UnCf2hKqE56h33oDlPhewpFcDGDCB+FuRSnjbF5ZMY7jM4aHLxiUYqql4PWfLeZpNisLS3hFYtEoHX15dKpWb1BX6o56jiAqxe5Ti750ZDWhZdBH6KxVYwsZe1BYfIj0NsGgvwgvUOsHRDMh6kKOQ2KiJh7h+E4g/3RXaIjK3ngu8gYAjsvYpHc2F9srAAjatgX8upbPmiLLuwQZ5ZxditKuB0HdpeMbhFQpRhI8PvI7mMKkY68ZNoYs3Qv+mCO5f1n4uhpj+hcN7BJtmn+z7HlkYA6/29ScvNhxRBX0xdRZwIdAOnQdPwsxlG3Ey8bVSZN64lVGlrvF4IJTgU6yFrQ5zWGpU2rmRBlBSUqIQTi09F5AEs7k4lp2Kk7+MhmujWGyZ1wnuHcXf+5TtqKoQK63q791YWuxHkWBVWvj3hs5hpokClQMB+KvKM4hKsG8GU6+DK6uvBl5XcTfnPDZ+0QW6L3ZiwcA26Ptd2gfpq5jxFL+s/pkMNBsXCmtsw+EbfNz6LRxvzSdjpIk8Stkdc27lI/ZIEIZ2eYE764fAs4k/jtZzicISWGPOtaryJCSe6lLlykbQaKCcMWnRzQeqL64iLvU8bmsFYYjrQVz6JwHXo2zRsb+WnO38sKjruJbhFpYOmYiLeT8g8m4RiAhl7yLQX2IaI31MPgY8OHwG8ViPwTo88Hg88Fz2IgkJ+L6TFjrNvSve74vfY1+aJ0bPMK7dw9RNYGNjA4duflh6dD1aPJ6NkCOC94Ku/wXE3xsBC56gHa0CgadYA0/GHFOO1J882MSLapDCaBhdnsTJhdcHO2HwjJfouCIJ6cUCG4mehf80NA0tYNPKAW4DvsOeTTZIX7kUf7Kc9ESzNtBDAYqeNMOILU/x9+7eMClIwAs0gYG+5J+odRgIU9xBfnqFTzBBnzWpyH6Rj8y0XKTzIzGy0UWowhjNq75jdmMaFuzthe8uvEEmrUc/RQqi/R6kleTj+uoSXP3iOxxWUiFZVpzn7R2cywCgko7om9z5fnWJjSCg99KsarExp0qxQFl4X4UZlNSCPtblHpQXilH91+P54EOILSjvx/nu0JKTm30sqCv3V4UzfP2Ah4tP4DEycDgcaDl/uHBCWmnyKpKPIzLQQ7c1hLT7GzFrmB5enpuPke06Yvp5UrhMefTvsGt1VJ9Q5auWKDWnk3p8EqNmgc5DJmPm6r9wY68bSpIO4O937G7K17eHjfZtZN2tHJl36TeQK1KEonUPoCjtHC7XMeC8xV3cLaxUy5RoQNPeFpYAGrbpCWNcwekaijTZONfcDtM2KihGHBJFvr8X9RCasIU1yzay7SuvaQf0GzcXy3cm4OiMl8haep71sQRs+sou2UhCUlzluD2+G4VS2IqsuovI/o2Um3w2ChM97iBi6wZs2QE4/jgAenITYz207jECU+eE4+id9XDGPhyLKndybTxggkTcihEJMnfP4ymsxFaz6wLSd4Gj0QPEn639qqoixqSsvRfscBPH/rgAGjId44fH4K/lfyERLnBprZh2ikfrrFoV31HEuFYKX1diuRqVVzcRn2gB9xA/OJqoCz67exnpqP3xbVJ1mCVe5GQj94n8TqztolRkJMchPj4e8fHxSNg1CJZwQMC+JPy5wK7SlyILR9acB8/cv4bJpBLk5OQg9znbCZ5XeP8PQQUWGHMiDcnxle04PQswwiT8nhKFlR5VfldemEnRYBMvSEsbmijG2yKRPsuZI9yLeoiGFoFYNNQEehCsEGdIcrBS9I+V36gH3yRpTBRlr3wUorDqBIOUokp8235oz1zHtSuVXzyO2Yvn6ID2raW4l6RLyEQ7NDavmpHrwdBEBxq4hUObAH2PAdV2WeTdPYIyDIdPT20puyhK6la8TlMPHUdMgCmScO9xHXnJm9rxAD6yEDl+GK7n7cDVk52R+LUf1idIuTi/jvsYlFgsq3VH4F1anEiBn1SkJIjGASuYWwBpt0XiVulNxGUAJtZGComNKrCEQ3vgcfjVOh/zU3w6WcjFCImIjwOa9jCXiyPWdA+ZcTNmK+6XemNqUBdY8Cq52XtpP3hTLNUnkDYDHopEfGktUUv9UxT3bzveH5ovduBY4iHsie2MAf7GtZAXD7wGlSuOYnKSEXPk4V461n3g678a4WcvYYVTChL+YL91kcdTwTtkC8eTjyxkZCjWN8mRbkuVF/sgWfv4qqg8h1UifP/AdCzfEYWU9FzkPI7F3m3n8R52aMuSb6qiLyaMA25+tR5JJYIqX38sP49/RLrfbPQheJqEYc6QdTie8hjpj+NwcV8Ipk/aLteZdK9xAr/5HEBsZibi/56EH/a2QKfvBMc/8FsF4euhCdgxwh+bzzxExqMUxF/ZhNDPv8Wf5Z7R5Ivd8DQJwzeem3Au5RFyMpNxcftibCk/6rDBiJ1w14nAMj/BM1IuTse8MFW0mu/HejukrL7ykYUjK2Zjy7E7SM/JRXb6Puw+AzTysAXbhVQ2fWWHZzge+A0OpDxGRtwv+HoFYO7rjx6ieqxmDTOjNCRujUX227fVHK4KTDB4difkh8/GgWeTMMpHzm2XyaH4euUxXE/KQ05eBm5t34H76IC2dhUOyA+Tuj5A5FcLBfK8ux2zvjqPz8z9MchEUYbhgZnfqSBh4XDM2B6D9LwMpNw8jm3BQ7HqcP2NCYOOcHO6hd2ritBzsDHaefRH9u9b8Fq3N5w1FdNOUdya1wwtmrkh9LYSsmAZ4yqERVfo4zKOHc4Sc7jU0BpmhmlIOJ4m0Lk3t7BuXgQya3EcuiwdZjdpdBlL7E3QqcVa1pV2heGkoQVMbWxhY2MDGxsbtLZoAB4IRqYWMGsiMv7PwrHhiA5cV3hLn0x6tAgDmhujv7945U7+28MI9p2PDZFRuBafgOtnwjFnaCCi4Q3P/gJfrGtoLmyDjY0NTK0AVeiiZevm0NUSJehJWNfHBA7NFiv8jGE28YL0XeBgeAOntwrGvuTeYoSdke85pm2BkrQTOFe+J/LZycn433EJF0rRP3YTaMr3TaI4M8UE1s1GYWuhnD+MXQz/Lzdi98lLuHb7Oi7sXwLfL+PQCH7V2vks0goWxjaYdqiKb1IfhmnjgEtfTUfE5SdIjv8VX/8AmI8NRF9NgI/TCP38W2w5cAnX4hNw/sQSjB55BCqYjmkulXp1NDQMB8/fRPylAwgb1hHLUtwwOUTCKwPFAP+zGuyxNAKjjU3Qze1MreVJWtqAGPlVnF9hw3me7OmEuXu9MP+uHxz6bsbmqRewxiG0WkVd07bAy8IT2Jf+ptZtlTauikDzESGwVluPH4Kv4u6zTNwKm4z1aaI23w3jA4GEFf5YffYhsp9cxe6xgYhDAHz82NFkWbGRgR4GLxmNz9KnwufH44hLz0NmwlUcipiGSSFJcvUnA0sxe00sMh6l4PxsPxx/7QVfXz25OGJN95CJNoNgiBicviTQqJKMDZi/HCiVcKl938Z4kRCO8JjnEifJyvRd4KB/B8eXn0V6Ti5e5MufkdZF/xTF/ctaTcWQtn/h53G/IQtjMNxKfnmpwBIunYG7q8NxNSMP2YWV8pIVc9hwLz5OY/2k3xAZ+xg5OTm4d30fDiapwqC7Oet+NnSeCGOcxZ/nCUAJ0vbMxwG++gfhPDXJizXqEF8Vl+dUFY6kd+lPjKf+rpZkqKtOjKoR2fQMoJ23Kwus0I3K4iuif6IFLsr40fTHREsyMzAgM0sXGv29D3Wo8oJ+cdYeWjCsHZnpqJFmQyNq6exJU0NvyVU1ummTAPp5bgcy01EjbR1H+ny1+O/5ZYn056xO5GCgRTx1HTK0dKXh4/dRYnGVdnhZkJmOGvG0zcipT5BYVbfCmNU00UWPdDU0SFvHkYYtPFNZCOD6QLKreCn9RFuyKC8C8HKnClmLFGSoqa98yqeLoV3JxbaJ4BnqguqaMc/lLPZRU1/ZtPOeP7VFL5r6+3hyNQDxtM3IY/h+MVkJdeTkSHIzVSMeJBdrKaXD5N+wlgXA0tbRBE9bMjVWI566DplYe9G8nVXK7D3/m1YNayYcs24ea8WqkbIpliWr+A6f8ulG+DDqZaNLmpqapNvMkXoNDaID96sWzTGoVjRHHv1jU5iiovBIKR0m/8/EC2GxaSfL2rF0egJIB96sq1kqfFzLC05ELWhHNo1UCBAvRlV4JYi8HLTJwNSMbG08acqulTQQRmLylzUmbHVYmcWyJBX/kFQs684CQfGqGiupZs4nR1WQw9AYcTnyo+mP8V3JwbQp6WpokGZDI3LsGUDhN6VXo5dWLKuUoinYXHlVe9nEi9wTY8nFTJMatbShbh5r6ZfJkotliRalqWaLU+3IzMCAWrYW3OP36dWvr0n/7gRVj3tAlXvU6JsExWSElfqJiP+yesE3pRfLSo2gqd6OZGP4GWlqahKviQ25e0v2oTUVVSrjR9O2CaaC+KtuQ70nVMaLUoqmX4caCuwdEDxjtHjV6DJKpX3jTQSyUjEiuw4BFCbltISKIkfS9I+ft5hcGZDT2JjaF8zKW0y90a7GojuyUJNfqZHzZCwid8aERm7PF5HPKZpjDnIdGyOm52V0iX4dakhGmgL9q2r7H7pYFhFRzrmp5GkjqALbyW0jrfIWFLESHfsjs5zJxkiFeOo6ZNchgCKulcpdtKmm2EhElHN1IY3qbEa6GhrE0zYje/eJtObkP6wLqO0bAjL9PIQW9Bf4URNrL1p+XLxgW00cke09ZMXmhHB3cjFtTIYtbKiDUwBFbBhK5hhFOyX4ue0+WmSkCWKgK3F8s69PJTdTtWr+jbW/lqp/7PxbXbm/aHwENIXFWWsjL8raTQGdG0q0V1kxRxb3KuNH08bP7cnBTJs0NTVJz8iVRi+4TPLQKz7l08XV7cmsUUMytHSlobM2UkD76sWyxIrMnWhLJhIKqUn1TSxyOjbyYqc70uOrrMJgiuLUVcEQ0b9kZzmHOuP+ZLRv/RQBBSdrXXxFOMHyKgyDG62B+ZmHWNubE+2ngDLcwg/mHXHaPgYXDjlBixMJhwp7frYEfQxWQ39rNvaM4zSDQz3rX2kado6wxNKMY4iLHyjRN706aI1W3tZY9PQEvqzl6nsptsBHZSLeLnmKfcEmnA9U1PihADv7Nsav7ZNwM9Tuk2r3gaGNsYyJQdwhpw92Dw4cOCgPKpwIOCgWJSh8dhfHvwpEEqZiCpcEfzrO4NlJ3MjoB/8wLgnmII7Xl7chAwuxkEuCOdQzHq5moK3thB8TRuGL3z2lvh9848hDtBy6FGPrsAVdDb6Yt84FTzdZw5BxwpLbnPxrm/xF79qJ83efoeRdITIvzsZPp+0xbLgdJxwOHDh8VFDjRMBBobg9AU72B/Da0Bs/Xp8l97EyHD4cGP3vcJrbH8JBAhp6PUAqpxscPgCs5hCK58i6ioc+mwl96vw0HjoFXENcACf3uiXCxciJWYxvZ09FeuF7NNF3x4idJxDkysmGAwcOHxn35bZGc+DAgQMHDhw4cODAgQOH/xK4rdEcOHDgwIEDBw4cOHDgwIFLhDlw4MCBAwcOHDhw4MCBAwcuEZYAPtKwrgeDXgtkHyiNzMXoxrhg1UNO6Bz+u3i1SxUtmYUKP4tVYbjZA1aMPw5yQ6VUEAqwoy8DXiNjuLQPxZkC5T6PjyRsn2gGc111mDCB+Jsbglrh8WYG5kyo3OdGc+CgWJTg/q5B6GLIgGEYWDLhyPoIWykXR/wIUYbLmFsuY4bhYXhY9VNTn+1uAi1GcI2JAmP7mYkMbLqe41SdA4ePORFmoAf7QX7o31FDqY08M5FB52GxSk9QWjHr5DrQW8xhloZhEGOJudeVS2ZDO8oOKsqU1+U5FUGh8q/9yKti1xTnbMGcXsYw1tRAY+MuGB92V65Dt3PPT4OXqyWM9DTAaOrBwt4P//v7udg1L+KWYbSrAfQ0NaHV1BaDxx5HmujZ3AWHEeLVHOa66uA1MkYHj2Acf6rEYGnOYNLuj9vYb81mYGV5ADXmXPo+8BrRE82V2ZDMxejOeGJroZI7nBuG4U0ZGDNz5CInhAJcWu8Nzy5WMOYJyE206AUXekCPqW4HDRh3/FLORvl0Cxun9YWbrR60GAZt+16t5jvHnCLkP/4ZbZ5/g1VrlZsJq9yYh6Atxph05gWyaD36yavDF9ujhZInSNj40PqytfqIORw+rvj6aSVoh7HY72/of5eKgoIC3H3jD5OPcEzqiyMqC6rohtBcQilFYY7+W8khc9RzFBPh5U6VT6P6bD34ckVw6vrgEvXlV9hwrw/N2+vMm16FYWCVZzRiBuCPLPa86UOhTnbLQA/dv92B7lxc+k+heeu1OLqnm0AH+FrQNDQXSdajsMxjIk58thY7b/dFg7h5mDTKE1MMU7BtOLujV5iyFuj0xc/4oo0BTFSe4/ZWH3zbPxtqD87hWyuAXm7GpD4L8dhtP87t6g69gkNY4jsII7+MweVtTtBEGjYPHoafC4Lxx/Up6KB2H8fm9sGs5sYwpelcJeuaYB6IkH2ffjf4SEOEXzD+cbCG6ln5fksoRuEbQ/T0+x+8bX2wJKLKBV334Nq9PJQUVX6UuNIRP+zxw6AKNsoU4G2JPQbP94Pdmgm4KOVZWjp94dYG+DU5G4Ce0uTxPisBZRiCTs7anI5z4PCJQ+XZfeTACT17WEBX9+NtJ8cROXD4+Hm7IniTwN4tMOnPo5hh/U7wgaYeTE3k4E0fCiQBZZRKR4KdycEQxFPXIUNLV/JdlSTy/VPa2A0EgABN6jk/q/o9+NH0h48FmamrUZMmbjR1wxTqis608kHlNcVZe2iBlwUZ6qoTT9uMPAZsp1vF1dtzegKo09AYUiZe7lQha6ylhxK+K4xZTRNd9EhXQ4N42mbk3DmIjj0RfMfPDSF3VMii8q8hPGlDQYW8EmnbVFdyMW1MuhoapGfkSqMXXKanVWS+tjuoy7Rj9OdsO7JppEKaDY2oy7wYKqVoCjav/gwGuuS7S355FRdmUc7TQiqqhZyiZoMs7Y9J/e3bC27UHC7CceZTPu0bAmplvp/yazk272kzeQM04lc+ERG9O+lIRiLyJSJ6GWlFpgigUyVE/JfraQBA4/fyhd/zc0OoN6xozjXF604pRdEcM9BECWNRnLaZprk1JF0NDbK2DqAN3zlSCwTTxfLv88JBZgihm1SpKyE2oN5Ls1jpBhFR7plg8u1lR2Y6asRTMSKbngG06XZp5ZhNq647AMhBVEeuDyTz8s/1MYkiJfSzIHmN0A50mzmK6fB7OkWBRqCBS7fTtF7NyKhRI2rZbBKFx0u4UcYi6ob+tKVAukwLs7MoO7+k1mNyf70Kdel1jG5sADXDbKG85cWDUFALBAvHR7K/PEWBhqABq/MlfCfwlW08rkj8LZ/yabsHqKNvknL9W6RVjXKQpsPvIpsTT4LutEQI3RG5LufqQhrloi/0b6MW3aq094xF5A4rGru/0mvkHrQjU3jRtqfsfCgbW1OEf5PlQx9FgJo2CaCfvutONo1USFvHUbyvRMQvE/h7GyMV4qkYkV232bRTxB6FsW9YO4HNapuRU5/KmCLL1uj6QLJo7EZDBhlR40YONGHjrzTRHtQIbrT0ehn7+Pr8b1o1rBmZ6aiRZkMjMnP0op/Olsklpxr7yqad9/ypDVzI/7vPycW2CRnpm5LH8P2UWMw2vhZT1FRQK50dYvGUn7eYuqK9HP6+mFIifaiXjS5pampSo5Y25DF8vzgfeP43rRxlKxyzbkM20uXn7GXFhgfIROZ8cpQgDwtsoqcifnhUeGXsoxNtyQQB9JdIzGnaJIBW/9SfHMy0SU/LjDwXXK4Wn3OuLqRRnc1IV0ODGjdyoMHD99Ed1pyHBUekVDoS1EvIM+06BIjbSeZ8ckYvmrLla+rvYEw6Ojrk6LRRIkesUe78aNo625UcDLSIp65D5u1H00/HXwv9743wYdTfwZiMNNSJ18SG+kgY11KKojn6IO/1RTVySNHYXtXP3wgfRr1s1UhTU5NMrL3o2wPiD8k5N5U8bUA8FSNy9lhLq7xBrbuclaOnNeswG18ui0tUbWcnt41S21kTp1YYauISNfg3RfF2IqI7QaDmrdfSyYgR5GKmSTx1HWrXYiPdYcu92OY5JfmUnZ1NBbUIbLJ4uyJ4E//lehqItrQ4ga0/lM6b6huQRpoM4Ekhl59Qdm46pVzaTr9E3JHoyNZ2hwQnJwhOTVUn0Y6Yx5SWtI0mOoB4cBUmSGUlh2iSEajrhP109W4mpd85RkG9QA5dzlZzyFGzQAN+UC5RfHGyD7l021HNaEspmoLNQC5Dj1FMTi7lpMTQ35vXiZEWIqLS9+tpICwkBt4yOkVrJ/9EB88kUFp2DiVfXUHezSUnO40bOdDQZZcpteQtFT+7RYdO3RcLpCHOkBhU5JHXUR/JJJOtQaGRERnqqpNu4+pB40FodQO6v74Oyci7p3Q9wpWaw0VoYO9OOpI+vCjirchlJx1Jv1y/yl6Fkjt0aNxhkTF4FUruAA1eWaRw3SmlaApxtaH5hyToTltQG6dNdCUjk1JOTiTXz0DGtUyEpenGvf2B9M3G03T1biZlP4qhI7P1qUX5pIAoomeBLC1kTEjc6E6WEhLhsre7abQOqOPw/RSTkUHJFwLJXVNV2M73dIoCjQUE69gTIv77VNo+VMoESM56Gqk5lXa/rSEpM6iebLFGyjzywATam0/0aL3yE+EXJzuRGUbT3nySOxEmKqZ9Q+pnos+kxkRYsg4LcaEdNZcyQVISP5mcYE/jfrpMd9MzBP6tmZZYgMvc3YxMMZr2PRGM/4BGxjRyez5rH8q6nXX0b7J86KMIEA+a5NJXYAfxB0eRE1oIk/wyekr7B4PM7ILpQMwjyn4UQ39OM6GWmE1RJZW2NMkEZOOylo4lC675+9cpFHaFna3R9YFkBRf66loqnZ4G0oIbrYh/SPt8KvVMdnwtptMTQCZ2wXQ8KY+yM+7S9SNrafP513IkdjL6yqKddM+fbAGyabODUouJ+MV/0+x2oG5VJoZq1I0EH2qLXvTzU3G7lcd/8PMWkztMaOT6JErLzqH0hDO09ZdDwt+XUSpt7CuQ17HkR5SWtI0C2oNsOu1nnciy4QEkR3u7ojOFxFedNGaXCPNUjGjAD0mUT0QFt8dQB9iLybYkYTTZQp88fjhGsWm5lPbgDIX7rBHeg629SueIRLdXg3ThSaFnHlDqkyu03RdkLBq3MueTowqoTbcdlFhMxC8U2I088iqjVNrRB2TYbBJFnH5AabnpdO34IlrwxxOhDh9ePos27LtJyWk5lJZ6jEK6C8Y1X4GJ8P31KmTIeNHqo3coLTedru8eRm3gIhw/fm4IuavpUq+gK3Q3M5kurm5PRpryJcKydJiNL5fFJfi5IeSuqUp9vjhDdzOT6UKYPZlpSG6nNE6tUEjlEuz8W115e0UirGFgRr26bqcrT99R8ctUunHsnFi/2XAvWbw9b1dj0oKOxMWvuvJ2RfCmigUoQ0ND4qnrkIW1F83b+URq8l0Tb/ooEmFBMlMz+avJyZXSYfIDaKRI0vEy0kqYqFQ4Y6uqgSrBh2wwSipB/hAopT3kh5odINugUDUpsW1SOUNTIUtL3R1SAyvbRFgW6kIU7x1ZTpv3X6SrcfF0PnImebYEWWOT0OijZwkISMKrHTTaWI08l6dS3q7GZIjRco1r2bsI8i6fPdOAK82IfC62uusOVfKYIwjk/KJLFNId9BlsaPqZcrJsIyBXicWCZPr0rM9IV0OjzrKTCwk+ZCWyOl4xQVTbFeGadKO6Lratpot1SYRf7lQhI0yiQyXi96sgmxUETFS+slYhiRSfCJfxoynEQYN8tgosS9mJcBk9pR0eIAePKxIdvuxEmOjOApCR+hw68/S9cvTwVSJtHFa3XRnSyBOf8umoT/X+PwitXKWqkMOxz0Gm3UMoqBeow4Az1doirw9VZiIsDY8iQE3hJbICUUxHfURke8+fnKskZYIY0oS+LJ+Ye7yuCuGX09bo+kCyLU9s3kU2F8bqvHDBymg+i/hasRNBmt6yCwYy+sqinXTPn+zQmqafESd8VW22Jt2o8Pd9y31Pxf/lSjATfMi6Sl+qJhldYC3WzrcX3MgUnvT709rrU1UeUF+JsKh+VUz2V0wSs93FVZdEuJSiaI6F+Oel7wVEWtj2zPnkhFZi9z89AWRnfVYuHW1TJcmXOfd+0pFMReRV10T4PZ2iQH0IY1KFP9zuAXKZmSb0l6ITlRWT6HKtCMvQYTaJsCwucX+9eDsr+Ip8K9fKB1v/VlfeXpEI68tI6FhxLxmoSyIsi7crgjfxiy7RthW76cTVBIq7eZz+mNSYGsOM/E8Uyc2b6hsSi2VZDQ+BfdNl6GfuDt8vgvDL1mhky1HtSOVZAtJhjZY9Kt8JbWg3HC3BF/4/IQp4iG/QTvTFafu9eIQc5P7zEb2Lg76YOuv/7F13WFNXG/+FGbAKOJgqWwOiAoqCGxQVt2iLo25bFbTWUatgh6PVFrRDxbYqThxVcWsrOHGgKENZDpbKECvggiCQ9/sjEBJIyE1IqPa7v+fheTS5Ofec8+4z3he4GOCI7sOnY/53W3Am6bWCdw6LcHPjKHg6GMFQTzhWt5+At5XF4Nd61mywi9qTXgzbT3hJpzFbibtF7YYvxdQxfeDh3Bn9Rv+Mo7s8IcBGbBZLNqAJLjgCI5jadoBxS65yd4u0RyE0JQXxN09hq38ujk2bh91VF+o5xosResQHz/Z0QHOuHj4w+BTRoxegOyqg2wTQRFfMiwiBa/nHcNLjQo/bBUFF32C049tG5Z1X6bfxGo6wt6v+hIv2bsq3J4s3+Jk7sGBMO1gbaoPD4UBLOwB/4TXK3qhuLNnJAujBBU66NZ+1722HcqTigdhzzduZ1sg8lwsCX6FEaUL+ESYoyabFCt7n5iNuuRvCBRFYP1mvcfTDow0IjbRHry97QNk3On5zFL4O6zDAQht2zqcUnq/68HAdB3pNnTD/qA8+OzJG5beQBUhHzE0gIbIn9MV0uf1i4A0ykSPSo+bw2XUU/TO+wNaLi7Amor/abkQ3RL8xgS4c4WhYI9M8N+BtpnCsr5IvIQkX8blFzVxoccYhHK9RmE0AgLRbgL6NF3rpKi9rHHChB0CbawhdGEIPAJerAXohlDd59pUDIwyc44EX5wejfW9fzPH/ETvOPlGI95iMVV4/hbxhho4ONe22svGAFlKRWcxUX3SF3zwgbW04kgBo3v8Nu9IG46NpZsz5uFMAPu1yEYGOrvAZsxBfbjyBuEIxe5QciVw4oWuXms+0HT1hgYe4m6p6P0Dd0IQZzHWreUkPhlyAz+dXyXQyYpKANjN6qE1GCQ+RmQHYdBKjkVY3uFgBuQ/yxfwvc7RpW/MItzlQVlnEmE9f3dqO5+gCb3fZzxScW44JHsYimuj4xOMVilGiqrl+FoPUZ8CBKfoiOdHkWGBSJPAqRZj4NCsJ0LPpgY4i+jjBvYOCulgODzOyoHJ8iexYYT/dRPSxBa/zu3k3vaH6TRF5bQov9DJS75hajX+OEirGvvGq9ttV4zdx9Hpj0pfj4OPRCc5uQzBjWyxW9M5CdMDpOknCVOE3qTbOkwarxTiZl44zv0yAR7M47PiyG7zcwhVKz8+pPTw9Tp1nbG0OoUS4Ky36e0PnMd/83RKoXusJGfe3YMEoI7w8vxQfdnTD3AvEuI3XR7ph+LyXcFubjMxS4ThjF8hQmiZcvE/Q6jIUlriLwkzh/w0tgLfIRFGzIVgXnYAdM81RXFQILZjCXEexeTdxcICz2xBM3HQK88z2YsOilBrHcNQJxOeXojgrAzkvUnGsfy4eoTUsW1Y5qw6LEH6PwM/NRFZBHq5tb4O3CUArc9NGFjAuJNIT6TVX3qBK4Y1K3MLqEdNwqeAbRKSUgIhQ+TYMgxvdtapyVOjf40UBchHzF5BwbyxsuFxwuVy0CwBysB4+HGvMOq76d976eS1y8Slm9Ve+jZQVoxCRughROeV4mDBUpYbBbhGh9FUSfvE+g19Hy8kYrrxXi/6rcyX0OBEhn1ZDfN2nPO0k4l8CbxGHxDT8Z9Ec/vir1lwQ8XFwHqdR+yHPvhqPvoaU/AvY8kkPGL4Ix7KhHTDwq4x/ZawSDmrpy7qfyYHF5BDYYxeO3RDg1m/bUGY9Ex8q4EdooDcW3SpE3PFAjOzxAnc3jYBPixk4oUKBUcQPUCXKOdp1PtNG3VUigSb/PymPGpDtU1FBCMYP3oTnw48irqiKfy/0hp6C/Cd/idYei65THR2ZdLaHpP1s0DgbxsPvmi/RUDRUvykirxxD7jsR0Cnjt6vLb9KADZydgPLMPBSqwW9SfyAMgKNlg+4jZmL+ur9w44An+MmH8TfDDTVBq87g6d9BbkqNV/w28waeosY4tu8DlGScx5UyFYyirAj5+fkoLlXfRBnYD8C4Geuw7dxlrHVNQ+If0peBpe3C3Yt+iKY2AVgx0hxGVStNWUrllNcDVwBUajVsoPwXeXia+0Ilir48+TKy0RHNqxLQte3qCQ3EI+Zhzapa4t9AE+ua1c5qvMjPw9MnzBmg/Hlx7bALBqZmMNTj48rmAyhBT7jbST6ha2YGkxbAm7/W4zI80ceHU8dEvcjPQ35Rmcp5pqltF3yATGSLrSBlx0qqBC5XA2+RJ6KFALnIylJAgF/dREKSDbyCJ8LFXOjwaKRcQSZkrDoUKmfULDtooBTxSCqT5GtdOMBeDfKmKG9UK96PT2cgNSEeCQkJSEhIQOQCwBTT8XtaNH7wVq0cVOI4ftsC2K6e2IBM5HykJQNth0xAf3MZSfzLcxsmrx90gN9UDbzOvIa7Sge7huBInXNbOHcCHm+7Vm+QTfyzWDhmK/T8b+N40AVsdF4uU/c39CSDKvWb1P4hBSnFYvSLBXQ7O8AWQNMOfWGGq4ispxwHr2v9tk8VssbUvnJbdsGgyYuxJjwRJ+a9RO7qC4zLnTAZKzM5SkZyfI2v8DglGhVwENt1Z8AbH4zHNO+7CNu5GTv2AC7fDlF4N5MDI7TvMxazF23Dibub0BUHcTK6in87eMMcSbh1W0wsUy4gB3YSu9n1QXV+QH1j0ANXH3j9T42eL86NV1CPdoC7k3yZboi8cmAHaxsg445YKciKm4jPAsztVbdY3bTrNBjVw6Oc2ztxv8IXswN7wIZbw3/ldSUF3CY1u+ZSZUnPHAKU1tE71ModLqYPkHBOdtlLSzegMiNTJHsC5CLrgTLzKpuH5epyBr5EezfgbUa8qJygAOlIS1Te9qnL91JUv6nXb2+Y76WOOEfcb1eX3yRABtLuAtrWZmiuqN/UCDGd3ED4/uG5WLMnGmmZT5H/OA4Hdl1AORzhxHBHTxMDMXUycPOzTUjmAyRIxh9rLuAfMfGzmHAUPuahWDRiI06lPUbm43hcOhiMudN3K153LKYvHMwsMXGz6vc7BIjEpum/ISLuMfLz83Ev5iCOJGvCuLdk6nHSsoeVaQaSdsYhr6xMgkksnQB+xmmcrzon+OzMTHx/ShlimcPKHnhy8DRuF5ejTMmzO1GzzGFvMV7h2msCRCLkoyXYcfgyrick4sLpVZjw4XFoYC7mVB090uq7ApOdLmD7pI04n/YIicem4pvjbdE9WNIxqcQVrOpsjm5tNiCplvAcmjcVa8JO4OL1RCTEnsbWuSOxJs0KbvM9RM/d3fktwv66jOs3L+DP5f0w+TdjdP1tkWgHqvxyKL7fG4mYmBhc3DsLoybfhPGQIHxcK1CurAjDBDNz9PKMUjnvVHZajA87nMG+pXFChyJ/O346CFTUMtRmOIc/LxAAPjL2L8VhgTbz+KSpPaxMMpB4KkPIc29uYeOXYciWItqWTsDL4tM4mPlGYd5pMjYcXgZh+G7iYcRlZyPt0lx8GaqJdksnqrwclSzeYAJDE2vweDzRn6UdoAlDtG3fGoZ6zOWAX5CMewnxSM0AypCHe3fu4l7SUwm5LjmyCKde+8g4gsnH09RUJN69h8y3wJvnqUhISMC99JeS9EMp+KUA6cneC7j1pQXaWHgi5E4DJlXPBg3aj7TpiVa4gpPHciWcQQ6MMHzVBHyQORt+355CfGYBshOv4WjYHEwPThY5daenDEJk+lb8vtYVPVfFYm6X7/D5x5KOdn06tDH0G1O8xmn85ieUg4S/p+ObA23Q7Ssv6AEQtAvE5yMTsWfsDGyPeoisR2lIuLoVIR8twZ9VgzX/ZB98zEPxhc9WnE97hPzsVFzavRI7rqlO1uTZVwFycXztQuw4eReZ+U+Rl3kQ+6KAZt4OjK/mMBkrMzzDqYAvcDjtMbLif8HnawHrcTPQRwHe0IA5hi/shsJtC3H42XSM91NwfyY1BJ//cBIxyQXIL8jCrd17cB9d4ORYHcxMxPSeDxDx2XLhfKbsxoLPLuAD6xmMS3+oyg+QF8T2cwMe7IpAetUC1NqfJW0Ok2BqeOB4aGUuxPivziE+swD596/icECoRF3RhsirJnphSgCQuHYG1p17iLwn17BvUgDi4Q+/iao7OSFoF4hlA4Q8uu3aQ+QXZCHh3Ab8EF5FhA7DYILbiLws7D0/azOWrqk7XxqwhXt3IGXdNlzLKkBecd1AQLvLxzDBSYSHZeBp7guRE68Bb8z/SgOJy8dg3u7byCzIQtrNU9gVNBI/HhM+Yzc2GDb4Hb8cES6UP7u0BKGKlpSVw8PydDkTX6L12GDYa23CN0HXkPIsG7dCZ2JThnK0UafvxVS/NYbf3lDfS6QlI+xgY8bDnKOq99tV4Tfd3zMd80MO4q8LN5AQexrhAV5YeoWHvht8JXz/+v0m9cd00h1pKcg6PYUGe9iSiaE2cTSFKdQl0trf6E2mUlKCi5ddqRTE0h/TbMnK2JisbN1pwtd+1EVa+aSqEhK6TU2pbVcfmh1yS+EL5S8j7EgfphLlclSFSkEsbfmoMzlb6ZOurm69JQ+yznxInpZaxK2Vhl1QmUR/znYkK2NjatueR728N9Dvc4XJjwprJ5WYn15vf0ozQ4VlNeopn6SuZDIVFEu/jjQhSzPhGLkteOQ1oW72uZK87bSwr6ko5fzkTcl1LsTLSogkoEK6HDyQ+rlYCMt+aBuQlctoWrLvoUQbiWHdyNlKn7jaBmTq4EPzt0l+X3Z1KfXjGYrKj4ydGSU1e6GgYCV5cECuk9STtbe6fJJpK0ty7DSelszrJJFQQ0CFdGldJ7Jq1pRMbD1o5IIt5N9JerIsWbxRfDWQRjvrk7GlFTnwfGjW3h9oKEwlErsI27lMv440IVNdyRT+1e2jjkxLlr0QLyOmb+BCo5ZH1SmfVF+SlsZIllUnuVE9SR/qk4MTfnXnozkmULh4FtleoA6dT0rVV9VjqN2GuMyLJ/WQXT5JmP3SAL60qwFJed5GtCYzJWghntwiellH4jXTkF0+qarUClffijp7TaP1Z/4hImGppDbwoS33JTNU9tBsLVFSqT4d+k4ly2rhTz8v7kJWBlqkb+BCH62rWz7pzwXdROVaTGw9aMyUg6KSQCLbN9pGZvmk+mSNYoaSYzVPn3YimypaCMuV1CQoq8++CqiQLoX0JHeHFsJ3aAszid5+rth81DtWJv28N4Oc0I9m/z6FPIwhLPMkVj5JEd6ooGM0o6mSCVgyNtJUHwehbdM2IPOqjKcSECvHwtW3ol7eGxQqn8TED2hosiwiIkoPo+mdQAatrKiLqz9tXz+gTrIseQkaRTJdVRLNsDlPVD6JEU2Y+IiUTscXdBWW3qoqnxR2vW75JPHkT9ELhUmHFKFvfeWTiEopcZsXuVs2J5M2POri6k9hm0eSNcaLdL0IufvIv3tTmfwnoEK6scldpCPFS+SIyidVlTYytHChfiMD6bCYTsw/P5t82jclY0thic4FQxVMQsWEh+Xocia+hLTySZ1cryqe0EqNvpci+q0hfnt1six5MizL92qMZFlM/faG+k1PT/tSP54hGXBB0DEkK5e6WaPl+U2NEdNJA4eI/sVbfaoAH1en6mHCzmCcUji5Dov/d7w6Yo92vvZYkXMan5qz88GicVHy4gDmOY7D41mFOPu1kZTd8Vv4xtoNkZ1v4+JRV+XvId0Yhjbuz/Fp7Dl81VWfnXgW7wbuz0Sn9jnwLzrT4ORm9CoUw5uth3XUQ2zoz04tCxZq30hDEcIHNsevnZJxM8SR9b1YvJcxncb7PmWVSMKZ84DHzgA2CGahsMDdOP4QbUeuxiRWEbNoZAdiz0AOmrf5HMktgrFknvQbjRrPzuBG1iDMCHVtUDIOQfcf8P3UPIQNMIA5JwB/syRg8R/S48XPUnDqswAkY/Y7k4CFBYv/ot2K3RuOCynPwH9bjOxLC/FTZGeMGuOosMyyvheLdyWm+w/sCLNgwYIFCxYs3juoYkf4zjjYdD6M1yYj8O2xP+HfXZOdVxYs1AABcnFqkSeWhOcis7gcLVp5YewPW/HLBDaaZfH+gg2EWbBgwYIFCxYsWLBgwYLF/xU02ClgwYIFCxYsWLBgwYIFCxZsIMyCBQsWLFiwYMGCBQsWLFiwgXD9iJrGAa/n+Xd2oElBHNgZhaOIpXmD8HAdB3o6hrCznoB1NwRqfhsfdzf2h4t1EzTjuGLVHXb+GwIBMrCxDwf9luW9N31+tVcTbTnLJepXsvP1f4DslejFccePD9mpYMHKwTsrBzf7wI4zA0dYSqkV1ckVuc3M4N4pBFFqdmQFSMbuaVawNtRmkyuyMQozPFoGN44nfsn9jwXCr/Zqoh1nI9Lfaec+GSFu8p3VZj3nYNACHrhqdtrVNV9Pr30P/yE8WJlrQ0/TDI7dZ2DzxTeKNVJ0DMGjW8PaUBvcZmbo4h2EUzmyXhiKMS05MOMskghC7BYRSkri8G3nfdgy60ydovKqRAX249vPzsNi5gM8pTh81anuM1HTOOg+Snrl+cqKUAzj2GJxjHp58NZCDuxsD9erwOrrZ2PxHwdG6DxsIga76bBWhwEaa74ESMbGPhzoKLrYk79dpBO4XC7Mrb0wdd1txQxp7jH8OMMNLtZNwOVyYeY4BLNDk9Uq12pDxnYsmNgDLtZNwOFw8eEG6ekvKnEFi605mL5Pvd1pqMwz0SsNxqVOaCMvkMleid4cH+wsVoOD/yoUQzkccMT+mnGG4I8qZ0pQvr3O9xwOBxocI0wII8byFeJQuw0uPt4i9gzdwpY5A+HpYAQ9DgdOA6+pbcobi/8ahTda+WH02L5orcZuNNZ8Ka2Hq/hn16IecDHRF20UbEqs/paPy+t6wZPXGoZ6HOg1sUYX7yBEPBBvgY87e8fD08EIXC4Xza29JPQwB0b4+Cyh8PHP6PD8C/y4Qb3hksaNLxG4wwzTo14glzZhkII0aQzfi6nv/y74XkzQGDFKg2WxkXzqxobW/4tT23ZIKDYNeX/7/+DgZhS2/xprAzrD0vg5bn03BMs981Dx4DTm2TFRGhnYPnwUfi4Kwh8xs9BF6z5OLh6ABa3NYElzJdKUC5CBsIlB+MfZHprnpAQIWjZw7w2UH8tHLgBbNY1Z89ljvKCO6DvcvEGlY1jUGNPeS/agNzsV79B88ZG8rid+13KHMfiK/fSNHiz7B+KnL3iwaiFAwZWVWDCvL6Z98BhHZxkxM+DXt+OvV36YH9IN7dtU4p/jSzAroD+KP8jE/snvmdSVPQdMxiHg557YNyqEZeD3Rs5sMP3PE5hn/1b4ga4RLKuS0HK0R2FTmjOKSzmi599e/xij/NthkC9Hoff0mXYVv3wmrKFNXD2YWop3oghl/M4YvnQiHNdPxSWWLMxgHYDgg/+FgSivhwXIxd7RblhyazqWbP4BnnbaKEhNgaBKfRJKgSYD4feVO76xMYFhZRJ2ff0xPm/HQRtaDTcAZTf8MHriPbj+dg6po5vjRdxqBAwbjFkm97FrTI0e1jMYCM8OwK+peQCM1DYb5bmJqMQIdGNrzrMxyv8DqB68DNcge2ygh1K+yz8/m3x4IK6GKXX13kA/+oLa9zhX9W0pnfADdfC+Knpe8HITDYUTLbpe00Y5bacxMKap+0/QstE2ZKqjTfoGLjTrgIAEVEg3to2iwc5mZKqjTdwWPBowYgtdeS78bQXFUpA1CJD848CQxu2teceDkJrvbA33UGGtcVRSOh0P7EfOJiCutgE5dvGn8DsVNQ9kL6Wu6EezdnxOg53NyMDAgFxct9CtUsXmq3peivNyKbeEGoyK8k00BKDhPzBrTPBS+PyUA4Kaz54GU3/YSdCEiOj+Jg3q0e8k3dgMssBCuiSlvUebQJYf1DfWhkNQsJJ6ohOtTJT9TORUULeRtyV/9zSYvFCXN5rChzYXiVEjdz8tG21DJobaxNW3Iu8hu0V0raTLFNQB5DHpNolmOGsFecGOJh0SfhI9p+47AJBzrf7I6qcE+IWUl5dHRQ3gDVn8V0k5tKVXdf90qe/S3Dp8ecIP1HbgRvp1XDuyNG1KLVp40vzdzxXrwPO/6YfxDmRloEVcfSvqJSavItzoTdYYT7/d+InGu7ciQx0dMjGYQLtyqnqSsZ3meDYlQx0dsrf3p81fuVAbBIl4sFov9HPQIl1dXTK3H01LDku+pD69wgTy50s41h9HWZCVgRbpNjUlK5fR9NO5SoVpxk+YSX2wkCJjZ1EHdK6X1+X3O5229AJ1EOlhZdpIouCu4rqcAXL30YLRnYln8gFxtQ3Ixn40fRn+RIweZynAFDR09W6a08+CTJs1o7YW02lbgth7BbH0h58NWWlrUYsWnjR78yzqie70wwPFx1BO+2kiQGN/lU7vCoqmRVagaXtJrZAl85WUTseDuopsjomtB437MVn0PRO98jQqiMb1cxTKmoYp8fr601ZxuyVHDt5GtCaulHe0RTDdrd3hrBXUC4NpR5HssRbn5VJeIV9xHV/lFzDlewEV0sERQh4vUYSneSDvFYWMZV/cd1E16uM/uXJQ5Y/8nFPzm+iFIFubQ6L5qKR02tAb1GPOSfpzoSPxmmmQblNT6vHlbUbyyog3YoaSddXnrTCdIqSMsyh1PU1zNyJDHR0ytHChCcuuUI4SNoeJvCrLfyrRw4l+5IR+9KsiuipmKLWBp4iusQtA1hK2u5SuTAG1sz4k4bMKqJB2e4PcxiWrVXe9jLCT6fvVRxNV+F61/SwioqdHHMkSo2lXDnPfn6nvVVqcS/k5xdQQt7w+37/49jqRHHD1rahr90A6+YR5jFKwDdSyhT+t+2kwOVvpk5GeFfksu1Lnufxry2l8dysy1NGh5s2cafiYgyJ5ZeI31at3mdC1SjetOLKWRjvrE1e7bqwkqEyiXbM9iGeqQVwNU3LstVAy3mLoZ6rC9xJHvUejqbkXWvSqu+pEBSGYMHA/Sn2vIi7zAtYN3oL1p5QMxFGAs4tDUTElGikvXiHn9gqMblMJQinyC6wxMugYLqQ9RsrNEAwq+gQzfYRHxTTRFaszCJWUhOCuQN+luSAiCKgI+8bXtG+3iEBEuBso/f3J620x+Xs9fBz+AMmZp7HMPhSLO32GyDKx4wAaF3Fla1eEXM9FUfZvcMn/BF+uy2M8XyI8WgHP1uYYMr7hxzQ0CkvAhwGaWzE7SEGcUvBhAOLWrKKTPgeEh7h/Wewg5L2lCAiYjPkRQ2FW3xVgPUDjtZp3CkpLAOhBt55FSa4R0NJZcg44xotxjggV5ZswFDZYdF3IAy/ptKhWpaDsGAJcx+GywY84cu0hUm9shFvJJMzsfx5FADTQG8sPrQJn9zgsPUnCYzhjvsGLsTvxe9UKba9QYbuxCwBbm0MoJOH/44+6MuqnOJ5F2MHGjIc5RxuwqCWD/zRgjpnRhEpKx4beZTJ/n382HI8nxyMrrwDnV8UjYtJXEnIg78TB1vGD8EuiLzbGZCAldiU6ZQnltfaVET7nPIL9H2Do1kzkvXqKy0cnwIYLVOIWVo+YhssvfsKp+w9w4tdS7PopHhViv30Y2hIjZnIw/Md4pD5KQ8RKwqkxQxGSyEyvMJItufPFR9SiQfj5/lRsupaLrLvnsX+FFww1FDtQLEAkgvwuouP5EAzQKW7wjsajmB3YF6uJNh85KM9DKEXxP0CztqbMf1T8BNQ5CKFnbiPlSQL2riScnDhU8vgUB7jx03UM3fMEuc/j8V3XMPwwuvrYLx/X/N0QeKgfVsdkIvbyNJT9/jtuqy2XIxemZjyYqHmzQ5bMvzkyCDO/a4WJh58g80kCLm33h0fLGmXLRK8UFxejzcRfsPd6OjKzTuHHLgexopbdqk8OtEc/RikR6GJHtMZ0RFS9I5sWS5wOEg6kJcx0rWTq4UpcwarO5ujefAOSlOK5JGwaaAo9HUPYtvPF0r05Mo/m0+swbD5hjv7LPBU+JXQj1BFGurpobtYDEwOv4t+7yiaL/1QrB2nhyxHe4g+cKihFccZJLOnflJG8MuKN7ieRQQS60RvNpOm2t/sR4L4QSRZbcO7+fVwP74H89X0x+bs8JWxO/fLaUP5rqB5+fOUA8h17wvj4CHhYtYBZaxcMm3oIybI2ll8n49BPp1AJF7i0qaJ8KcCR4GguSA94nXkNdyXUqB64egCnlK9eFi3NACnBw6rwvWD5NbbvK8XlsTNxKAfA01BMm1KEbru3YZI5c9+fqe8VNcsc9hbjG3T1Q5bvVYlbCB6zCKkmu3Hu0WNkxR3Gd7Mlay7Li1EA4HVRBM4Vr8P5zDfIuNELBWsC8J2YfS27MxGePX7HP4M34nzaY9y6HYJRWo+Ro6DfJNMXZ0BX4XhvYM+3BZi4PQFxlz+H2aOaWEmAXESMcsLXl73w3aksZGadwrcd92NZpyW4UsZ0plXjeym0IywLD0JA5mKrRRUUS0FOyu0I+wLUd346o/e+PeNClvCnv6TsYEjdtRHD3cC6qy0VFE2LbCR/W73TOn6bQLTK4Yp2Ev2OnApytFdi1yV7KbloSt8xVGgVnQopagrIBsF0k/EqdCwF80C8DnsoqZSI3uZQ5IIPyFBHRzT+SkEsBTvrkN/OEtGur6xVQX7MCLJDP/ru4hv17AZTId1cZ0qtMZ2OKrnQW1G+iYbCps6Od/Uqm13t3Y9EP+JhPO0rE9v53mZOVhrTac0SR7JEEEVL6UvsAuGKfGEDxluwtznpwUDqiqaqUL1TIGtHWHwMgoKV1B/dKDiB+e59D9jT3Kiaz8ouepIlfOj3HMkdYXNYUsB5gdSVdTu4i+0CllL0bIh2hMvpLAW0gog/q3dwdnuD3OdnKK1XFJ2v6lV5Z++rSq8iC6iQomeDeoytaiPRT6kd4eo+AiCOpikNXXK7QXz49IgjtYEPbbnfkHkT6uTqHbjqHWHxeRTfcaigYzQRoA/FTre8jLCjVvBQy47wv40HISALBMnV3YroFaGuU8K+XuxIrWXs6Cm0w2ksYzdZnhyUXKZda/fR6WuJFH/zFP0xvTk1hxXNOF3SoLmrvct7dtNGijh/g+ISr9OR0KHkoKlBvcYl15HfxtgRlj2PDORAgR1hW8M9lKOEvCrEGzd6k62UZ16Ga5BpLdsdu0CcRxpuc1TCfyrQw7ELQGhmSt27b6BT8fco/vy3NKSlcBdSgr8u9CbTqp00E4vptPthhRid3aglnMn/r+ei3XTfNtJ32+8uA5lqL6KonHL1MOKrJNoyqu5udGP6XpWUQyc/Aln2DqbAfqAuQ6KknOZk5vvLwwm/ujvWqpNpoS3y3STfU5AWo1TPl7gsVVAsBVnVnAatPiUji15M/aaG0lUYK7Wh+cdq/DeJWOnejDq6Szg/LejTY8zltaG+l8I7wrKQlQTo2fRAx6r/a8IJ7h2UvR/ERXsvG6nfFZxbjgkexjDUEya40PGJxysUo0RVx8LxEJkZgE0ns5oPtbrBxQrIfZAvsUPUpq3YClNzoKyySPGEMm3XIK5C+o6hIjs/SaHumLFzAlbeXww3hr/SRFfMiwiBa/nHcNLjQo/bBUFF32C041tRu3HL3RAuiMB6BncDtbtvxhq/i1jVrwmMVZ1V8M442HKaw30RFz22rMJIXdUveCZGAw/xBTqKJ1DpfACPkI+n/9Q8ZzE9Gqv7h2HFjwb49Npq9NJVzwJsq/HPUULFUlc0G22fwtas5tYRtwW4KEE+QybnJEciF07o2kWMRxw9YYGHuJsq+awOXNGlZ937fa/Sb+M1HGFvV7Pq3F6MwTWfxSD1GXBgir6IZpocC0yKBF6l5DHWKw0+qQAjDJzjgRfnB6N9b1/M8f8RO84+UUgfvLz0Eeb9thDf7unRoPvvGrDBpN3JSE24hjO/uiBv43SsOKSchiy+Mxujp5RjUMQezLRX4IdvbmH3nKpEMRwONDlO+OKWLt4WSiZ0ad6uZpe5KZcLAh+lADSeJSIT9mjbp2YmmjqOQVsI8F+E3ZhgdG75HQZZe2HcJ4H4ZWcs8hQ0JvzMHVgwph2sDbXB4XCgpR2Av/AaZW/QaHJQY1t6IeSpjN1kebKk1xuTvhwHH49OcHYbghnbYrGidxaiA07XSRJWiSv4LRSwWxrA2O5V229v/wCM9uwGl07uGDXnJP5cIkDG/k3/SjZ6mf1UsRyYDXaBeQPktSHIThZADy5wErOX7XvboRypeKAim6MK/lOVHtZ/6YDpEXMxxLkdnD2/wS9LgZxj4YgVf6jnflxITUV89B7MsAvDj57bRTvYTUYfxb4FLxExsgW4XC54jtHoOq0vNKW8y/Gbo/B1WIcBFtqwcz6l0sSGD9dxoNfUCfOP+uCzI2PUcguZie+lAXP47DqK/hlfYOvFRVgT0V9tN6KH7a+7s6kymcZAzF4AXAxwRPfh0zH/uy04k/RaCR1rBnPdmlMBhlyAz+dX7bQmIyYJaDOjh9Q5UsRvavh4bWHdtcZ/E4+VXiVfQhIu4nOLGrprccYhHK9RmM0s8aEqfC/p/W7QAR8Fgk5OKfiQltyiGXSaSHm+IATjB2/C8+FHEVck3IanC72hB7yfGU1VAj7ub3fE6C9ssfjObky0V+zXug6LEH6PwM/NRFZBHq5tb4O3CUArc1MIkIuYv4CEe2Nhw+WCy+WiXQCQg/Xw4Vhj1nHJtspvzMGyA/3w1cU3yJaSVbBB6LQfGfxCxKzj49onX+FYmXpm09bmEEqqjn1V/72h85gv7j2U3cX5LAAamYi9mQsWqggkudDVkaWQuJA4baXXvJYE2IuO5Yj/JZ3twUivqArGo68hJf8CtnzSA4YvwrFsaAcM/CqD8e8fHItCAjZhuIFQ1rjuB5CMRHzdTQ/dFqco1BcDS0fwOntgkP9p/D4rEUenhSmcvfJFQhDG9DyH1usuYsvo5grppCuL3bDwoAu+OleAQqo6Uu5aV2i5VB9P1HJD9Tj/XQGwWoyTeek488sEeDSLw44vu8HLLZzxUd3qKwSXCr5BREoJiAiVb8MwWGqSH/XKgeodRxs4OwHlmXkorD3uS1/jYIYPJswza/B72vdpi3LkIb/4XdONSsiBjHUvTRNug+T1/wGq0MOGFoAhHEQJ3gDA0qY1KpCP3LdiD2qbg8fjwbnXRKw+sQltHi9E8PGawG/A+nTkvShEdsZTZAoi8GGzS9CEWZ2M3CkrRiEidRGicsrxMGGoShOJ2i0ilL5Kwi/eZ/DraPVlrGfie5WnnUT8S+At4pCY9r76OkbotZ6QcX8LFowywsvzS/FhRzfMvUAKtaONulG6QJP58XjmfpN60Rz++Itq94OPg/OY2/uG+l4qC4Qt3YDKjEyRsyVALrIeSIbIXD2g4k0NoTRyU1GswOs4t3fifoUvZgf2gE2VPn+cEo3yOk/qgSsAKrVKlWBSO1jbABl3xFZFKm4iPgswtzdVAxvwkZ+fj6fPlQyC9/fE0Ok8LDx/AnM7yp7LF/l5ePpEtmHTNTODSQvgzV/rcRme6OPDgQZs8PHpDKQmxCMhIQEJCQmIXACYYjp+T4vGD96SbRSkHEclxsCvr74MRczHi/w85BcpaWB1jeA2dioskYx7jxs262VvpDlCQEnG+XrvJgiQi4gpoxBTsAfXznRH0ucTxUoi1EJhA+/slBUhPz8fxe/pKg918IY5knDrtpghS7mAHNihI8Mrq01tu+ADZCJbLCLIjq1xh6mVO1xMHyDh3LtR15fbsgsGTV6MNeGJODHvJXJXX2AcgDqtSEdWao2sJe4dBls4w/9gMv5c5qi0fuGXApzXfIUWC8sSAuHruQMtf7qEAzPNFXqjAOmIuQi4frIcvk4fQA/CO58J9xVoo1Vn8PTvIDelxjl4m3kDT/HvBcP8F3l4mvtCfQ6Slg26j5iJ+ev+wo0DnuAnH8bfb5npFY1XN5GQZAOv4IlwMdcWfpZyBZlQoswXGapkluXZHOb8lIG0u4C2tRma19LFx9dfANd6Bj40b7h9vXf5EbRhBlPDd4c3mMgB6elDF6UoKxEbc66a5LUBvGHZQQOliEeSGEvci34IXTjAXg3ypCz/KaKHq+leW7e27eoJ7Vp2Kz/vCbRgCiOd+rT1K5T/Q3X8HhNzA+jgFo5uBVp5D6m1y81HWjLQdsgE9DfXUo8v8UEH+E3VqHM/uTF9L+KfxcIxW6HnfxvHgy5go/NyKc8r7/szoasqYWA/AONmrMO2c5ex1jUNiX+kqnDxsAPcnYDH265JXbhQh99U9kbx3zTt0BdmuIpIFZReaojvpbJA2G5sMGzwO345InRSn11agtC4usxedC0cJ4qERuzkmm14oMjrOgyDCW4jsiqREz9rM5augUTinOqVNCt74MnB07hdXC5mIORDE70wJQBIXDsD6849RN6Ta9g3KQDx8IffRDU4YY9WYEhrMwyeoXiyrEf7usNn/Bt4bF6FHrp3hUo77h6yahn96sQR3drUTRxRfjkU3++NRExMDC7unYVRk2/CeEgQPq46impoYg0ejyf6s7QDNGGItu1bw7B2tFsKCD6Q3d/KijBMMDNHL88o5YMrPX1Awugr+Hste1iZZiBpZxzyysokFJ3FhKPwMQ/FohEbcSrtMTIfx+PSwWDMnb5bJFBP9nfD4gOjsTRlIpwHbsf22Rex3jkEt2v5ppZOwMvi0ziY+UbpvqoiWda/Ggi3mojpPR8g4rPlwvlM2Y0Fn13AB9YzMIxhbFXZaTE+7HAG+5bGCRV6/nb8dLBG5jXgjflfaSBx+RjM230bmQVZSLt5CruCRuLHY403VgFycXztQuw4eReZ+U+Rl3kQ+6KAZt4OYBpGcpvawJLnIJK19jZNwAXB1NIGVi2YtXFn63jMDzmIvy7cQPzdCzi6eSw++wNoPW4I4yOC/LTV8PH+EeXD/sCyrgUih/Be+kuGi4nm4HUGHp04j3QAhCJcWz4Sh1/rKKCHB2LqZODmZ5uQzAdIkIw/1lzAP4q64WVFyLoXj4QH2SgCUPgkXqqOlE/fZGwcYA5ni5VqOTp7//BcrNkTjbTMp8h/HIcDuy6gHI5w0mGmV6ipPaxMMpB4KkOo097cwsYvw5CtjDm36YlWuIKTx3JFR+0URX02R+5c7Jku4uGE2NMID/DC0is89N3gK3HMj/NsGzYfN4DHWl/ZRyRl2dfUEAR8sgX7T91E/J0YHN08DJN/AGzGBaCPWIDxNDUViXfvIfMt8OZ5qlQ5UCdvMJEDauUOZ5MbiNwppD3/3kqEKmBiFZLXBvBGk7Hh8DIIw3cTDyMuOxtpl+biy1BNtFs6UeHjy+rkP0X0sKykSlp9l2GszRn89PE2nE97hLRrv+LztYDFyInoA2FyqKBxS7E5IhrXExIRE7UNi0YGIBa+8BnMEfHViZBQHLlwEwmXDyN0lBu+S/PEzGDJI9uEUvBLAdKr5zxmTF84mFli4uYG7Ofq2TRogawhvpcAuTg9ZRAi07fi97Wu6LkqFnO7fIfPP5YM9Bri+zOhq2p8hUhsmv4bIuIeIz8/H/diDuJIsiaMe1urblEVRhgeOB5amQsx/qtziM8sQP79qzgcEIrLKvab6qOr3LloF4jPRyZiz9gZ2B71EFmP0pBwdStCPlqCP4uYzmfDfS/pA1MS+ednk0/7pmRsKUwHvmCoZMmNSkEsbRkBMmxqQlYOPjRr+1Lqj45SyyeJJ9gRT+CTuM2L3C2bk0kbHnVx9aewzSPJGuMpvPaTmaHC9OS1UqhXJwtBrT9t8ETvrKR0Or6gqzCdd1X5pLDrdcsn1ZecQt3Jsqovw6POWHTrJEKpL3FE2dWl1I9nKCpnMHZmVL3lj+pLlvUgBGSDrTJ/LyhYSR4ckOsk5RODCZNndGxQSZmsMx+Sp6UWcWWl8B/VUZSGvW1XH5odckuYcCBrBXlxzOnD3YViCQbO0iLrWiWVSFhq6deRJmSqK7t80r+aLOtGTZIO8b+aRBzMktspktaeq29Fvbw3yCyfFC6rlEFV+STTVpbk2Gk8LZnXSXr5JJ4h6erqkqGFC/UbGUiH7zPVKw2fLwEV0qWQnuTu0IIMdXRIX1tY2u328wbQSIkkLU9PzaaRXjZC/tXVFZbhWR7FKEGOuIxLK5UiLWmHTBQepQU+pmTaypJ4tu406rPdtNC9JklTdbIsUQJCIqLTTmQulviwUhBLf0yzJStjY7KydacJX/tRF0XLJ1XpV3k6kkliwSDr2uVMVIes01NosIctmRhqE0dTWPpIWgmJ+vRK8dVAGu2sT8aWVuTA86FZe3+goTCV4HkmclBJORS9rCPxmmnILp+kxmRFT0/7Uj+eIRlwQdAxJCsXYSmfEikJgiywkM7ylbCvGRtpfHcrMjHUJkCXjKw8yW/1FQk5qR6DPDlQN28wkYOnpyeRu5UuNWvLo17eG+iXmdKTZcnkeznyKo83xBP01ZE1scRF4mVj9A1caJSEblKRzWkg/ymih+tLqlSasV1YGk5Hm/S1eeQ95pAwKWk1Taf0JGfLlmSoo0O6TU3Jpa8/bbv5WiLp4cEp5qJyaI5d/Cn0wmuZyYLqK5/0MsKO9GEqUSpTUbyNaE1mtRLTNpbvJTVhY9qX1EOztURJpfp8/3clWValIJa2fNSZnK30SVdXl4xMPSTKiDGJUQq2gazEEuNWl4Prv1oySVj+teWikpSGzXnSyyfV4zc1mK4MYiVBZRL9uaAbORvriUoHjplyUCQrTGIhlfteRMQhIgILFoosnlRkIHysLVZnnUS8jDsqr47Yo52vPVbknManSi7VVGAH/DSmoWxVDg4Gmav0LgwLFixYSNVvz1ZhgPE6tNqZh/2TWa3DguUNFu8GSl4cwDzHcXg8qxBnv5Z2NoKPq1P1MGFnME4pkTxMhBvD0Mb9OT6NPYevuuqzE8/iPw0NdgpYKIKH6zjQ13fFt4nj8cnvPjLvB984/hBtR67GpAacV9DCOHy50R05W+1hwnHFqjvs/LNgwUK9eH1lF7KwHMvZQIcFyxss3gEQirBnIAfN23yO5BbBWDJP+gWBSiThzHnAY2dAg46gC7r/gO+n5iFsgAHMVV0VhAWLdwzsjjALFixYsGDBggULFixYsPi/ArsjzIIFCxYsWLBgwYIFCxYs2ECYBQsWLFiwYMGCBQsWLFiwYANhFixYsGDBggULFixYsGDBgg2ElUclrmCxMQdD1xc1uK0K7MBYjg3mnWMJyuLfRdQ0Dng9z7MTwYJFQ5C9Er047vjx4bvZPdbmqGoeD+BjDgd6LR3gPekUctX8PnqxH4v6mcFMVwd2zqcUqoPJQgpu9oEdZwaO/B9PwbN9LaDH4YDD4cCcs7xOfelKXMFiE+H3HA4XY0LVw3XPwjiw5oQgVp2DfbQMbhxP/JKrvvnCo2Vw1RJ+r8fp8a/ZALn9ZPEv2ItIzNXj4OMtjRQIV1aEYhjHFotj3odo3haDp4yBZ9v3nMqXOqHN/7lR+X+EAMkIceOg37K8BrXzaq8m2nE2Il2Nfa3EFSy25mD6vn93rPJwayEHdraHUfQvzhc/7wACfW1hbagNbjMzuHcKwZWyKodckIw/A4fDk9caRrq6MGrtirFzTiGDr4BTjyJc3uQLnx52MOMKjbVsJ4iPWws40ONway0+8nFn73h4OhiBy+WiubUXZocmqy1AiJrGQfdRce+9Hm4Mm9NQWau/7VvY6ucMF+sm0ONw0cLABcOmHkIyX7F2si8GYPwQN1gbaqMJxwsbajutRccQPLq1SAa6eAfhVE7N11rwwx4i5J/qiqI9Qdim5soAyT+Mx/5LE7A7/y0eSiv9l70SvTk+2Fn879loJr6XOnlDIXlt5YfRY/ui9f+BfZU5BeOfo5QIL8M1oCXle030QshTQgVFY1Grsv97H1HefKHtGsRVEChrBbpA8O72k40f/jPQ+G8Mojdm7giGrz1LUBYsWLwDzlfZMQR0HYeT/8zBd0evIiZyLwLn2cGoOkf/P2dwLLo1Bi7ZjIhLl3HkRzfk7h6G8SOuMQ5CCaUofmOCvhO/x8qJqNdYv7jxCWZe6wcXSDpiZTf8MHpiPFp+fg6pj9JwfrMN7n42GLMOs3tl/3WbwzWdjCWhZ3A+/gYO7fOF4MKH+Lj/eYUWQcqec2Dc81Os+aYPWtQJQDKwbfgo/Hx/KjbGZCArbg/mNPkeC1pvRFKtZz/oPgw8JONJlnrHnJ8H6HX2Qk8jlodVAusABB+cDDd2JliwYPFfCYSpIAT9ORxoaQfgFDKwzkN4NKAZZwh+K642cMnYPacHPKxawEhXF83NemBi4NU6x5r4eQcQOLoTrA21odfEus5qsITRpFvYOJiDTm23Ml6Vrj5WxeFwoMNxkH5MrfCsxIq0tasvfj6v2CpT9c6OqZEO9JpYY+DQPbhd3ccbw2Dbwgsjh5uhhYELpm3dgOnOHBhwvPDdjar33J8JJ44HZn7tBw/HljAztsLAsYdF4yw/0kZ4BKPfXTxBGHyrxmTJCUEShKv3IQ4c9P4qQ6Jfr/baoS0nAJGMFhn5ODmOA8tBm7BhfHtYmTVDy5Ze+HxPocRTxWk/YbpHc9EuVTVdK3EFi204+HADSaFDJOYaczD1z/orcdGzVejN6Sf9WM2jZXDj+Ih47On1rzDBw1jEXxNW3gbzQ/TMxlovXSHccbsZNhqejtrgcrmwaOeLLyMk23h6YQ6GOHCgp2kGt4EbEf+SOV9V4haW23CgyXHCF7eAS2vNweFwoMExwvh9kjz84wRHkRz1HrkVVwvfQW1Sj6wxGWv1fPu4mMNMV0d4XFLKWJOCOGjD24i/tn8ID2su9HQM0antViQBuOIvlB23n4D0jLFoXiVLLkrtQvLxIj8PeUrEhDnbRuF8bjC2XV6MCf26wbm7J0Z8MgoduMLvOcaLER69GcumD4ene3f0m/A7fv0UeBJ5mPHRNg2YY8SSzVga8BE8HesPyoM+zsCHuxai9mN3DxwHYS7WznKFtbEVnAdvxI8fP8GNL06jqBFZR0C3sGWcLax1tNGypRfmnMmVoh8kj+RdWSTc9S9lyBvy7JY8PayIzZEtr8x0E2MOfZGHp7kvFN7B10RXfPzLQoz36QMP587wHPIVfpwIPL92vk6QWh/ajdmIX4I+wbgeeuBCUv9zXv2FiKuA9zerMJTXBqZ2/THjj2C0xS/YEVN7UUcPXFSA3wi8pgVA0SrATHhDnr0oONoBVhxf7M6teT7KnwO7D4QLA0x8L0XwIj8P+UVl6pnEG8NgUzUHxtJ2oarkdfbOBfBxMYehoSFcu2yVsK8CZODEcje4mHKgp2MIU7seGB+copCNFiADG/tw0NP/FA4u6gAHA01wm5mh59I45vZVDgrOLcd4zw5CedY0g0O/AGy7W9moppUJ/wEAXzsfd3eOh4c1B3pNrDEk8KqEHieBUAc6mGlCT9MMHXovwl4lxvLi5g/wdWkCPZ26dGXiNzUcfNw7Mk50ksnMcQiW7s1RqAVV9LO+NgTIxdbeHHQa5AsXE304dg7Bb1+7wkarGbp61lwDkUeTZ2EctGoZgPU/+8DFugma60vSlQlvMJE1uTYaGTgR5Clqo0PXAEneYSDzquK/on+2YrqHBvR0DNGx8yJEPGggO5EMVJRvoqGwoUXX635XSWdpw8yf6EhUImXk5VPqtbXk2xrUf3VuzTNl+2i6OYjnvoFOpj6ivEe36e9fZ1Ho1ar2KZoWtQINWVdIlYJY2uIN6thmCyWVksIop+00BtY0N6r2N6UUORVk7hhEp5ILKC8rhWKOb6DtF14zbruSf5Smm4J6Tj1E11KyKfPuSQrsB3LucY4KiYhihpId3Omz6+kUOQekB09am/CQDvqBOnhXDfbeDHIAiNdhD6WXEglK/6aFHUG9xiVLvuxiR2qN6RQhpR+PNoGsEEx3RTTIoT3eoG4jbzMcSSmd8APpwIO+OP2GiEopMdSQ2sCfzvJraDbBAOQ25hDdzsqi1IsB5KWrWUVX4e+lvU9QsJJ6oS/9nCOPTmcpoBVoygFBne9eRtiRXdX4+AkzyRWdafJPVyglM0vIXxZ6NGRdoerGKo+uRHR/kwaZcEbTuhN3KeNpJsXsG0Ud4E7BCVXjfhpMXlqG1C/wKqVkp9KldZ3IVBfUvsc5hfi3kpIouCuo79JcKd+l05aBQh4+mfqIMpJ3kX8nEK/bIao93S/ODCD3XnvoIakPFRRLwR48WnpUOVmrf6w5dGzNAtp88CalZuRTRvpJCu4tHKs45e8GgnSMrahfz910Nectlb5Mpxsnz0uMO3YByNZG8nek6HxlLyUXTZAzYxmr4gsqpEP9QbyZe+iPabbEM25F1laeNGtTEpXUw7PRc0CWH2xQin4PQkBtEEQ3pfTlxFRQ3/npVE7HaAYgIUfRs0E22CrxzujZIHMspEtq4J/oBaAh3yTXHftsUEvN6bTn9mPKSN5F05xBXHjQDw9qaNEV/SR0TPRCIY1LGPIGE7slTw/Lszny5VW+bpIvazU44QdqCh/aXNQwupTm7qeFHUEdOp+kQmUaiBlK9uhHvz4Qm4tXIeQFA5p8rPZnoOE/lNSxDTP0QdP2qlF5USlFfSRHP+dvog91Z9O+Mhnf18Mbcu1FlSw6Ggh1zoszA8gOPrTlPnPfiylvVFA0LTIGtRXzGVQnr2K40Ztspc1H9lJy0QB16LWHkkqJBMVCf1Bc1l5G2JExfCj4yhPKe5pJaZd30y9hd5n7XlXytqE3qHkzZxr53RVK55dR6bNbdPTsfUY2hwnuHQqgL7ZE0rWUbMp7dJuOL2wlVV5fhmtQGwTJ1JvVPq/vphLlCVIP/xVsA3E1TKn3mEN0NS2NYsK8yRbOIj6qpBw6NBxk5RhEh28LffI/55hTWyykaD7D92cvJRfokX3nhXQo/j6lXP+GhrSUpKs8OWA6X5S1gnqie40NEAM/ZgQ5oj2N/e02ZWan0sXQzmQBZ/ruGvOpVEU/62ujknJoSy+Qfa89lHRvLXnqg7oMiaLkxG+oJ/rSrw+Y0aSarkO+SaZCIiq68zF1Qee6+qEe3pAna0xwZx3IED4UEvWA0p9cpd3jQGbiciBH5lXBf+V0lgL0QfrwoVVRDynjQRRtGASyxoYG6TmlAmFpiF0AcmhxUuSUPN5Ya5JkKIUBa4QDUTYIrs8pEVAh7fYGOXtfJWVVT8E2iAI0ERL9iIfxQmMZM5Qc4E9/EdHbiNZkUeWMFmwDtTPYI1TY92aQI9pL9K9gb3OyqO1s1sPIQgfCTkQPwdNg6o+OjOlT7YCJBweCgpXUH91Egv8yXINMMZ2O8iXpWm1MH4WB7LGVcoio+GogzZh1gnKI6O0ZF7KW4oRLCxAOjqhZAEjcOpxm/5ouek8n16v0horohF9dmj0IETrsOSoaqzy6VgftfjtLJAK13d4g9/kZoj6JBwwVFEtBTqoNhAUFK6kH7CV4p+yiJ1nCh37PoXcGTGVNUafk7RkXsqySL/FgpxUm0IHC+vWRvECYkdFXIhCuHqORnhV5zT5Jcffi6WLYIHJEW5p0qESm0ffimEvwmyoC4acRHtQFwXSTSGog/DLCjVrCmfz/ek5EREWp68m3DaiVnEBQtYsrx2giQB+KBUcvI+yolZKBsDzeqM9uNTQQli+v8nWTImhoIBwbBOICBOhSB9etdEtJGywtEK6gWArmCReAk0qJ6G0ORS74gAx1dOrIfyWl05ZeoC79TlJ6qXr4rCRvO003Vz4gqo83mNgLIuEiuL8NyGNJMPmaGdPI3wob7HupMxCWi3oCYVe0kxhD5FSQo/05CZ1lUY/fINf3EguEbQ33yPQNGhoIS6ePUx36vAuBsDEmiOamgqJpkY3YotO9GXV0aAXtp4loQZ8eY24TXdGG5h+TXACvpitTOWhYICx8p63hHskFEVfmtloV/ZTXRiXl0NaeIO8VhULf0BI0Okwg/J2hudBGMKBJwTZI+OUVFEtBVnUXE+vjDXmyxkif2EjKUEX5JhoC0PhtAmYyrwL+K6ezFMAFuYlvImYvlb4woACUuiNMKMLNjaPg6WAEQ72ao4hvK4tFR5vSbgH6Nl7opVtPQxwgdu0YfPG3LnS6O8KGq9rDExwYYeAcD7w4Pxjte/tijv+P2HH2iULHyBKjgYf4Ah051Vn/OOB0PoBHyMfTf6rfw4UeAG2uIXRhCD0AXK4G6AVf9C4NmKGjQ027rWw8oIVUZDI98vTBeEz3fojotcIjnk8OfYEHmIyp7greC7M1g+h6FLcFuChBflUns5MF0IMLnMRo1r63HcqRigcA2nTxgz6uIra8ErF/fI9Tv4fieDFwLzoe+j284MSAHt0HAQVn4vEMV7HzlxM499lpJCIbMbcASz8X6OIhYm4CCZE9oS825/aLgTfIRI6KxiqPrprPYpD6DDgwRV/0vSbHApMigVcpwqQbWUmAnk0PdBQdN3SCewcV83ByJHLhhK5daj7TdvSEBR7ibuq7cypaFbJWfQxtgoexSK/o+MTjFYpRUuu5pvBCL3Xf86tK2hF/1FXx374GDEoD8MvmoXBp54w+0/Zhmfcj3Fwl5Q5m0TEEeH0DwccnsH2ynsq6Ty+3w39qOUbHLJR5h6/J6KPYt+AlIka2AJfLBc8xGl2n9YVmY97PeZaITNijbZ+asTd1HIO2SiZKkcUbTOxWY8lrfbpJEQzbT3hJpzHbULn+dpyXjvh78Th/Kgjtn87DZ9/GqSxRmia6Yl5ECFzLP4aTHhd63C4IKvoGox3fSjnmb4NJG5ZB59Yw2OpxMXCl6g7mE4qwZyAH+mbTEFkZhNXfmqmch5nYCwDgcAdi/ZEJKP7xC9wzDsP2WepRYtUJmrJpsVy7rL57d+ZoI5ZMjtscKKssEvGX3ZhgdG75HQZZe2HcJ4H4ZWesxDUUJr5XNcwGu8BcTePgZ+7AgjHtYG2oDU7V0fW/8Bplb96920nasIatTo1NNtUB+HyhdnuVfAlJuIjPLWrmU4szDuF4jcJsUoCutrDuKqKqBF2ZykGDrtEgF2npgMFwB5EO1YANeJ2AV5dSGV3pUUU/mbbB5XLBgR6M9ABdLgcc6IFr8Axv3zCniSbMYK5bTVc9GHJr6MoE8mRNvg59iMwMwKaTmO7U6gYXKyD3QT4jmVcV/wGAZY+aYKqyrTN4SERuCjVAVymB10e6Yfi8l3Bbm4zMUgIRIXaBUhYKZq034erNSSg9NB3zzqg+QYvx6GtIyb+ALZ/0gOGLcCwb2gEDa921lQdbm0MoEe6ei/7e0HnMV1DzSoyu9GXdz+QYleELu+H5sW04gwc4vg3gLZ3YqEaustNoOCEGtx5cx9/XxmLyvBxEnclFYixgPsiF0b2rNr38oPniGuLTL+COXiBGeBzB5X8SERPtALfBeiK+6L86V2K+iQj5tFqlSTnk0ZUPeyy6TnX6kXS2h2TADRaqkDUqCMH4wZvwfPhRxBVVzfeF3tCTIiccQy703tmZMIJpG0DTxhq2YgsFVnaAILFY0lAXHcOiPqOQ4HoVEbtcVTomTtx2nHt5C6v66oPL5eID7kfYBuB0oDnsLLcht0qvDFifjrwXhcjOeIpMQQQ+bHYJmjBr1EywnNoj1+PI/1GJjLZk8IbK7NZ/CLomNuC1c4bnkK+wfysPmT+sxp/FKmzfYRHC7xH4uZnIKsjDte1t8DYBaGVuWsu5zcDueWvw2u0k0kv5OPu1kQp5ywgfnyWU5G1Hb+3vsOpb9WQPZmovHl3ZjzwdHbxIOY/ksv9j5rNajJN56TjzywR4NIvDji+7wcstXCLXDFPfS9NEPVa4ErewesQ0XCr4BhEpJSAiVL4Nw+BGuc2uTCBcd0VMoFnT1+bwx19Um0f5ODiP0+hy8G9DFf1URRtMaCKPrqqQtcZAY/CfWgJhaate96IfoqlNAFaMNIdR1YprVq0aJLyuQEnGeVG5EFmwmT4Erm4bsDPwHk4MmYsTasjQwm3ZBYMmL8aa8EScmPcSuasvMC6Z0r4Ps3HIV6jJSI6vWbF4nBKNCjjAUZy/yRD1sUOTwUHoxw3FrvWbsSNuMMbMU+3KtmUHDZQiHkllkrTWhQPsAXDQG549U3Ft6xHcNhyHBZPskX1mHS7c4KHTQGaOS2Wn0XDETZz84yJoxFxMGXMbf635C0lwh3t74Wqjcyfg8bZrak3WI4+u1ModLqYPkHBOttNk6QZUZmSKeEmAXGQpdWlfD1wBUKlVd1mEOnjDHEm4dbvms/KUC8iBncQJA6ZqW60JVBjJmuyxcm7vxP0KX8wO7CE6HfI4JRrlynamsKHOCh/5+fl4+lxRpWoOnhNQLsYbhCJkPQQ0OhuKVrGJfxaL+oxCTNsoHDzYA7IkSNmESOi5H/HZqUhISEBCQgJu398AX03Aa/5VnIj5UHIHRdcIJuYG0MEtHN0KtPIeUmeRrbofqoagVWfw9O9IrOi+zbyBp2LakPT0oYtSlJWI0UZBK87EbjHRw/Uu5qhUXhlwqLK8IYsWKEZx7QWGsiLk5+ejuAEv0TUzg0kL4M1f63EZnujjw6n13nTExAFdPxkq+2RYeW6DxqpnOg7TewDZlxtwlEYGbzCxFwDAvxeIqQFO+DDyGr50X4/Pfc/JtHMN3XF8kZ+Hp0/e7Uibo2WD7iNmYv66v3DjgCf4yYfx91vV+l712Ry5uvzVTSQk2cAreCJczLWFn6VcQSZ06to+PXMIUFoPf3LBbaLYTp4qdVPTDn1hhquIVGNJVKZywGS+SJ8DLkrEdL6YfbUFXpyo2f0VIANpd4CmfR1g1Ej9VKSNRqGJHN6oT9bkLybawdoGyLgjNtaKm4jPAsztTRt9rNnXanS45qMEpKEznByUD6ZlBsKkZQ8r0wwk7YxDXlmZBBNYOgH8jNM4X3VO9dmZmfj+lOTvzT/ZBx/zUHzhsxXn0x4hPzsVl3avxI5r0hWE63eX8YlTGL7ud0plqxQC5OL42oXYcfIuMvOfIi/zIPZFAc28HRgfo7GYcBQ+5qFYNGIjTqU9RubjeFw6GIy503crWH/0GU4FfIHDaY+RFf8LPl8LWI+bgT4SqwI90QpXcPJYrlRlqYmBmDoVOBIYipfWM/Ghis8CNRkbDi+DMHw38TDisrORdmkuvgzVRLuqnWcNmKN7XyBuazg+GOqFVm6T0SlqPf5+2QO9XZgKlBs8XW9h348l6DvcDB29ByPv9x14bdgfXXWFq/fDV03AB5mz4fftKcRnFiA78RqOhs3B9OBklY1VHl014I35X2kgcfkYzNt9G5kFWUi7eQq7gkbix2PCNuzGBsMGv+OXI8Isgc8uLUFonDJCaA4re+DJwdO4XVwuofip1URM7/kAEZ8tF/YzZTcWfHYBH1jPwDAF6V9ZEYYJZubo5Rml+mCGoazVN1Z0GAYT3EbkZaG24WdtxtI1QIUyizpOwMvi0ziY+aaOIWWMRyswpLUZBs9QnKhdZ32JlvgBi786h9SsbNzcPx3fR7aCxwIv6FUFwcv7DsKJwmAEfd8KBVXB6r2kp3UMbtQsc9hbjJda25RfkIx7CfFIzQDKkId7d+7WtKFtDqu2PPB4wr/2bU1gVAlwTazhYNasim7JOBESiiMXbiLh8mGEjnLDd2memBncQ2JXVYBkbBxgDmeLlbisYt7RxEBMnQzc/GwTkvnCzJJ/rLmAf8QD4VbucDa5gcidGSgFwL+3EqFRivOEPLvFRA/X72CpTl6ZoD7eqBdxKzHj0y3Yd+Yyrt+JwcVDqzDu03g0w8Q6/XwWYQcbMx7mHJXSzst03EuIR2ImHyUoRur9ZMSn3RMduyu/HIrv90YiJiYGF/fOwqjJN2E8JAgf29VuqBQoASqbyO7yrS8t0MbCEyFK1xrmgvQBvGlARC+DN5jYCwEiEfThGtCk7filTxcEHAqGwZnJmLWniLHvxXzh/QpWdTZHtzYbFMoC3pi4f3gu1uyJRlrmU+Q/jsOBXRdQDkc46ajW96rX5siT56b2sDLJQOIpod7Bm1vY+GUYsqW4ztpdPoYJTiI8LANPc1/UWTjSgC3cuwMp67bhWlYB8oqVWNRpgG4StAvE5yMTsWfsDGyPeoisR2lIuLoVIR8twZ8q2nVgIgdM56uylTucW93FqTXnkJn/FC8Ky0Ry3Hv2CFDxKnz6exwyC7IQvdkXa+Oc0X+pa6P1U5E2GoUm9fCGPFmTb6N7YUoAkLh2Btade4i8J9ewb1IA4uEPv4mcxh2rBvBg/2KsPpeOvNxz2PjpWhRiJkZ4NGQRoR5knfmQPC21iAvJhByCyiT6c7YjWRkbU9v2POrlvYF+nyt5eb06E+Wy0TZkZaBFXH0rch0QSCefSCYOEE/cUpq2jHqgudQEEtJwNxAE1P2r7oeACulSSE9yd2hBhjo6pK/NowEjttDt54pn1Fw2qiNZGWiRblNTatvVh2aH3BJljXasTph02olsqpI7vAzXECWWonszyAn9aPbvU8jDGMTVtyLvMYfqJAerpByKXtaReM00CJCR6CLRjxzQRImEC8IkLaJM1kQkeFk36UPx7XU0zd1IOF8GLjRqeZREEoq3Z1xESWyqk18xT2JVk6CmOslUBR2jGR/UTVCQf205je9uRYY6OsTVt6LOXtNo/Zl/VDrWeulaxT83to2ifjxD0tXVJUMLF+o3MpAOi2X5zD8/m3zaNyVjSyvq2j2QFgxVPFkWEVFpZqhw3gHiwJDGiWdPff43/TjKQiRHvbw30JXniicEEBSsJA8OyHXSbVI1FJE12WMtpcRtXuRu2ZxM2vCoi6s/hW0eSdYYT+G15L62rqmbIOUy/TrShEx1hTpB0YRXDUmWJfr5qTk02KUZ6erqkpGpB00R463qTPK1dVdzTJAYq7yESCf8mLVBMpJlVVI6HZxiLuQtDVNy7OJPoVKy6ldQLAVZC7MzqiMreaUglv6YZktWxsZkZetOE772oy61EqU8PT2J3K10qVlboc35Zab0ZFmyeIOp3apPD8uzOfLllZluUnuyrPQwmu3rQjyTD0hXV5e4LXjk5StdrxTsbU56MJDUSWLfcWvNhSasRMnCyq4upX48QzLU0SFDCxcaOzNKKv+U0zGaCK16kqYIE+QYwJd2NSBJYORUkG3nk0onz6yPN+qzFwIqpMgpIBsESyQky95nQZYYXSdztCzf611IllWdoKquHOjWJNNhkNwu6/QUGuxhSyaG2sTRNCVeX38Kv1PB3PcS60vf+enK21c5KL4aSKOd9cnY0ooceD40a+8PNBSmUpOz3tjkLuINqXYjdx/5d2+qNF3r47+CbcLKIjfFk4TxJDM6CyqT6M8F3cjZWI+42gZkYutBY6YcZJ6olgFdmfhNTOcrL2Y2eVpqSfGHS+neno+on4MW6erqknlrH/osPEchuVZFP+trozpZ1vAfSqiSkiiEBxq3t0o2LbVFuk4eTZjQVR5vMJE1JnJ/fEFX4plqEFfbgBy7+FPY9QrFeKOB/FedLGvI91tofGdt4mobkFOnhXVopig4RERgoealz5no1D4H/kVnlE5qIlqA/6s7OvvYYU1ZOMbpsFPLgjleHbFHO197rMg5jU/N2flgocCC6bNVGGC8Dq125mH/ZD12QlioFC9uTEJ/97sYmZiArzpJ2+G8hW+s3RDZ+TYuHlX+Ln1SIAeD1izEzsJ1GGDEzjsLFixY/L9Dg52C9wRlRSjOicIP39yEoXcARrJBMAuFwMeN4w/RduRqTGKDYBYK4vWVXcjCcixng2AWKkQFDmCiJgemQ2/B6OPvMKOTDEfl2RncyBqEGaENSyjX4ct9GNd3LyaZcWDnfAqlLAlYsGDB4v8a7I5wY0AFO8IP13HQabEBrDotx68XF7Or2SxYsGDBggULFixYsGDBBsIsWLBgwYIFCxYsWLBgwYKFfLBHo1mwYMGCBQsWLFiwYMGCBRsIs2DBggULFixYsGDBggULFmwgzIIFC7WjElew2JiDMaHvZhoXATKwsQ8H/ZblscRSMx6u40BPxxB21hOw7oZA7e97ETMLPq4GMNLVxcCVRSwB3mc8WgY3jid+yVXfKyoQibl6HHy8hZ1ucRD/LAJ9WsFQjwNNjhlmHX//xhA1TZhM7H3HszAOrDkhiP0/4r8K7MBYjg3mnWNlkQWL/59AOHslenN8sLNYzQGKNQfT9ynfxq2FHNjZHoZaXcxLndCGMwNH6nnk1V5NtONsVKgovULBEt3CrkU94GKiL3LkNyVWB1LJCHHggMMR/+Mq5ExV4ha2+jnDxboJ9DhctDBwwbCph5AsqiHOx+V1veDJaw1DPQ70mliji3cQIh6It8LHnb3j4elgBC6Xi+bWXpgdmqy2LKJR0zjoPiru3Q7CK0IxjGOLxTGyn+HACJ2HTcRgN/WmLVfXfBGKcGPvJxjtYQtTIx3oNbFGryEhOP9E2YWBZGzsw4EOxxWr7oi9pyIDJxa6wcVUGMzadJ6I9ZfeSKqtiwEYP8QN1obaaMLxwoaHkm3bLSKUlMTh2877sGXWGbVmuBUgFwe/+AP5lXuRUlyGs18bKUQTAZIR4qb+BRImOlTd+k0VNoeJrDVGG+8K5NH1fRpr+qZB2H5uCg5nvsQ/pVn4ecS/Iwcs3j/7qhqn3haDp4yBZ9v3W+Yby29qqL1oDLoyta/qnq+n17/CBA9jGOnqwqiFA7w/PSei362Ftf164V9bBRaiBMhFdMggeFhzhX65WQ9MWHlb7XpOi1VPLFTtUO8d7YYlt6ZjyeYf4GmnjYLUFAhq1bzoM+0qfvlMXxg0cPVgaqnYe7imk7EktCuszAzAzz2O4Dkf4uP+53Dtqhe4KAWaDITfV+74xsYEhpVJ2PX1x/i8HQdtaDXcAJTd8MPoiffg+ts5pI5ujhdxqxEwbDBmmdzHrjFsiZj6AuHeS/ag93vLn+mIDn+CtmPWYlaXtjAUxOKPxfMwow3wJy2Gm0Kt8ZG8rid+13KHMfgS3yR/bYvJP/lgedQDTLQrR2LECMzqNwkf5ESIajiXPefAuOenWOO9H0sWSs9ZyNGygXtvoPxYPnIB2KppXgi5yHoCtJrWA2Ys+7NgoTSykoDmVkPQ37QpOxksGh0a6I2ZO3qzE8FCpShL/ARDevyNVp+tx5H1HcGtSMf99Bod57Q0CWmT36IUHKGvpZOBbSPH4E7XIYz9quf7OsL3i7YYvz8ZRzw1kX99PiaM8sEcq2zsV2fpRqoFwdNg6g87mhsl/mkpRU4FtbM+RIXEDJWUTscD+5GzCYirbUCOXfwp/E5FzQPZS6kr+tGsHZ/TYGczMjAwIBfXLXSrVKwvlUm0a7YH8Uw1iKthSo69Fkq2UY2sFdQLg2lHEakNFRRNi6xA0/bKGGtQV9FYTWw9aNyPyaLvo+eAgLp/ziNvC8dJhXRj2yga7GxGpjraxG3BowEjttCV57VedKM3WWM8/XbjJxrv3ooMdXTIxGAC7cohehvRmrhS3v5f3p4AAD/qSURBVNEWwXS3VjMvwzXIHhvooczRllJxXi7lligxUYl+5IR+9OsDWXyRRME8kPeKQpXS5+4yUBsE0U1ZD8QMpTbwpB+q+hW7AGQtMQeldGWKYjyuCCKngrpV0VtC3qiQLoX0JGcTkL42jwb9EEzTzUG+m4STX05nKcAUNH6boOZHp53IHP70l/j4A0Gt22+gM2Fjyd1Kl7jaBtSxzRa6WzXnu2Z7kLtlczLU0SEjUw+asOwK5YjJvJcU3mkKH9pcVE23HNrSq/o7Xeq7NLfuIJ//TT+MdyArAy3i6ltRr1o8XLAN1LKFP637aTA5W+mTkZ4V+Sy7InW+Zc2XiFrFuZSfU0wlKqBN2UVXagUPEW8wBT9hJvXBQoqMnUUd0JlWJorxeFfJ/ldQLAVZgfqvzpXKm/b1yMyjTSDLD+qTV9XotyAr0JB1hQrxcAXFUpB1Xd7hwJDG7WWmyyvpMgV1AHlMul1Dz6wV5AU7mnSohJEObTT9JsfmyNPlTGRNHhi1UWVfVxxZS6Od9Ymr3QD7KgPldJYCuKAh32+hae4c4mobkFOnhXT4PnM/QK5tZDhfRanraZq7ERnq6JChhYuEfnsQAmrm6kuj2+mTicEECgmbRx7GICvLhRSpiLKvV7+V0gm/uv3UgCl9eoz5KxrLl6gUxNLOhR7kbKxHXG0Dsu40gX469VpC1m07nxS1GRsIamswgfbcZzgQBv5dfbzxMlyDLGXY84J9Qtt9l0E3CraBTLUX0bYd48jdCsTVl2JzZNC1gqJpkTVo7K8C6bzfCjTlgEA18iqHh5nJ436aWNW2Nni1fPgaX2Lo6t00p58FmTZrRm0tptO2BOb8R0RUmruflo22IRNDbeLqW5H3kN0SdJXnjyiiy+X5AapAffai+PY6EU24+lbUtXsgnXyiiN9Uv+9VPecbeoN6zDlJfy50JF4zDdJtako9vrzN2L6q228SUCHtHgly9r7K/Lf3ZlAXdFfIr4qeLemXV1AsBTmBeo1LVisPoK4izqE93pIDrqD9NKGJlqQzLgd31oEM4UMhUQ8o/clV2j0OZAZ/OsuvUZQuGqAOvfZQUimRoHgfTTevcRQrKYcODQdZOQbR4duPKO/Rbfpzjjm1xUKK5td6Wf4m+lB3Nu0rU6ejGEvBHjxaelSKIEXYkTF8KPjKE8p7mklpl3fTL2F11XTsApCtTd1Aq5Jy6NiaBbT54E1KzcinjPSTFNwbxOtW69kbvcmMY0K2XfxpT9JrKi0ronsXTkoauYsdqTWmU0Q9Y3lxZgC599oj21HMXkoumtIVkzw82gRq6RhE+9cNJ3fL5mRq4UxDpxykpFLJQLiZialMxaAoSnP308KOoA6dT0oPYl8l0UE/kDkWivgvejbIBlsl5iB6tvCZS2rgn+gFoCHf1BXmp0ccyQLuNG//Q0p/cpX+GA/iQlepQFjH2Ir69dxNV3PeUunLdLpx8jw9JKJKOksbZv5ER6ISKSMvn1KvrSXf1nWDsoryTTQUNrToev2O2obeqBMIV1I6bRkIMncMopOpjygjeRf5dxLycI6YU8LVMKUh3yRTIREV3fmYuqCz1PfJmq9qnPBTLHio1xBG2JEZRiu0kFZJZ2lRezsKOC8gSvSrGwjzQG5iyrv6s/Y9ztU1JPIC4bDaizZqWuhrBRr+Q4nCPCwe/EtbIGGiy0tTV1EP2NNnJwTCtrqAuoyta3Rl6dDG0m/ybA5TXc5E1uTSrL42speSC/TIvvNCOhR/n1Kuf0NDWippX+sLhPVB+vChVVEPKeNBFG0YJBmkyPUDGNK1vrFWlu2jCQYgtzGH6HZWFqVeDCAvXU3RWB+EgEzgT8fTL1JgN5CpSRBdzj9Ni6xrFhyZBKjy9Ju4M9q+xzmldZG6fYlKSqc9A0AmFtMpLPIBZTzNpOunVtCyP57UCYSVCoIZ+HdyeSN7KXXFYCn6Xbgp4+x9lVE3qm1O7zGH6GpaGsWEeZMtnEV8VB9dnxCfTvjJWMAuWEm90Jd+zlGNvMrjYUVQTttpDKylB8JmwsXok0+IBOXptHuk5OK/PP6r5B+l6aagnlMP0bWUbMq8e5IC+4Gce5yT4MX6/BFFdLk8P0AVkGUvqhev3UeepNv5Tyk/7Tb9vX2jKBBmRFcGvle1T9W8mTON/O4KpfPLqPTZLTp69j4j+9oYflMFHaMZXND433bTwr6mZGJiQjyP8bTu4muZi83Rs0HtDPYo5Nu/jHCjtvCh4JtvhItDibOoBzoJ/azGDISFjNGNbDCdjvJrOtdGivGq16mykSRaRfkmGgIxhz57KbminQTzRE4FOdqfE60mdEU/CUVTQftpIlootMLaGHgQArKobzdSAcGvxtszLmRZK9ihG73JHJb1MwWDQJiREVPSUYxdAEIzU+refQOdir9H8ee/pSEthcakpMpQn920kSLO36C4xOt0JHQoOWhqUK9xyQqvUsUGoWoXXJc6uG6tsypJF3qTadUKmonFdNr9sEJC4FrCmfz/ei5ajfVtA2rV0LlTAJWUQ7u9QR3EgqPqVUZlAuFWmEAHCpnTyaHFSYk5b0ggLChYST1gL2F8yy56kiV86PccsdV5Mb1SbWjqC77UHQhX70ZKC7rqWx2Nng3qUf2bWoFwtRFoqTmdDj2sIKJSyo7wIQdtGfIvJxDmx4wgO/Sj7y6+URMnllLejcl19LFi81iPoWaoyx9tMycrjem0ZokjWSJIakCmiA5Vh35TBtJ0eWMEwq5oQ/OPSQYQqrSv1TvC4gs+lL1UtLjFyA9QQSD8MlxDQq9Ut1d9GupBCKh9Z6Gui54D6uB9lap3cPvOT2cm8wz0myoC4UbxJe7NoA4yFiDFx2DRew9dDlIiCGbg38njjXI6SwFoQp8eE+qW3TP9aPO5CqqkJArhMV/AKNgGMsYE0YJV9XurbY48uj4KA9ljK+UQUfHVQJox6wTlVM2pNQM6qYqHVRYIm0rO+csIO7IQW/yXx38F20B2tfuU6Ec8jJdYFGTij6hEl6t1cVi4wy6P1xTV5bV9r2qfytZQdtDINBBWl99ULZtGph40Y9ctSrl/jf70BzWXov9ECzvNmMupuC+SGNaNrHRAurq6pAUeTdmSo3ZaS02W1WRwEDy5YTgQTiAU4e8dsTAbOQPeukzvmz1EZgZg08lM7DZyN7hYAbkP8sXuMpijjdiFfm5zoKyyCKUAXiVfQhIu4nOLmkvXWpxxCMdrFGbTO3V23m5MMDq3/A6DrL0w7pNA/LIzFnkKZrYpOLccEzyMYagnHKuOTzxeoRgltZ7TgSu69OSod0Bt1yCughB/1FWpn+u/dMD0iLkY4twOzp7f4JelQM6xcMRW0dzbPwCjPbvBpZM7Rs05iT+XCJCxfxMuK/iejvPSEX8vHudPBaH903n47Ns4yYRCPffjQmoq4qP3YIZdGH703I6kah4ffRT7FrxExMgW4HK54DlGo+u0vtBsRL4hZCAhHWjZxwHVtx8qjTvDwVS59prCC72MpL2nCDc3joKng5GIv9x+At5WFte62dqAu8PJkciFE7p2qflM29ETFniIu6k1n2nCDOa61feN9WDIBfh8xXsxbD/hJZ3GbMOG3BfOQMS4Pjj8ait27u4BpjdQXl76CPN+W4hv98j6DRc9f/obSwaE4WM7LXC5hui73BVTP1Kun9rdN2ON30Ws6tcExpwA/K1CHqzAAUzU1INZ9wPgDAlFkLvq+ZypLreYHo3V/cOw4kcDfHptNXrpvpv6TVW6XP13BW1h3bWGJ9VlXy17OIj+XdnWGTwkIjeFGPsBDUV2sgB6cIGTGL+0722HcqSiOj+iZomeUFYJaKLPBcCFHgElWnyV6rf3wZd4dWs7nqMLvOXIes7duRi+DsALF/DaKMN/sv07ebyhia5wH/kG967ngfMsAqHhR7D910Sg/Caup3WFR0/m9wW1YQ1bnWqbYwRTnRqbI4+ubbr4QR9XEVteidg/vsep30NxvBi4Fx0P/R5ecGpEHlYVmrercTCacrkg8EV+kzz+S4wGHuILdBRPiNT5AB4hH0//YeaPvD93rQdi9gLgYoAjug+fjvnfbcGZpNcK+njMfS+zwS4wV/OYlPWbNKp4wLJjCDZM6gIHew/4bjoGH5zBsf11U1k9PxyAyy+nY/IMxe71voiZjzlLOBi29RYS7sQgcp8j7n4yBPPOlKiZ1lKgiYGYOhWI+/U0Cl8fwI7jtui91LXRGbE5/PGXcNda7I+Pg/M475bEWC3Gybx0nPllAjyaxWHHl93g5RYOppUrqCAE4wdvwvPhRxFXVDXOC72hB9TJFMsBF7o6767yMLQADOEASzGJtrRpjQrkI/et9N+079MW5chDfrFi79I1sQGvnTM8h3yF/Vt5yPxhNf4Ub0PbHDweD869JmL1iU1o83ghgo/XGOkB69OR96IQ2RlPkSmIwIfNLkETZmjdiPPFFQBaH9T6rLL+35RztKU7a4ZcqYHZ6yPdMHzeS7itTUZmqZC/Yhf8O/yhjboaWKDJb/R+CINgWwRGB2PL/RnowGX+2wfHopCATRhuIMxsyHU/gGQk4utueui2OEVIC+5AfPEXoag4F9kPXyAjeRHMCwCurRkU9Q3Kb8zBsgP98NXFN8imTRikwnnQgh/CK0uRf8EPdNof36kp8yUjXV52F+ezAGhkIvZmLt5HKKLL/228N/ZVBahsVb1KK0YrfUA35x3raCP5EhqQr/AMXvnij/ijGGD+BT6fltKo/MuBEdx7A/ln4vA46hDw6WJYR59DQsI1pKAbOnZuHJtT2Wk0nBCDWw+u4+9rYzF5Xg6izuQiMRYwH+SC9zGvIJcaxn+2NodQUktvvKHzmG/OzB95X8CBEXqtJ2Tc34IFo4zw8vxSfNjRDXMvMF8oVMT30jThvrNzIWjaAkYAWvVyEKOpOaysgMJHxbV8q2QcCCmE0dgZGKjAYnZ15YoXLuvx46Qu4LVzRr9x4Vg2IhFn5p5Ra+ZoGeWTuOg1xw+6idvwW9h23MNsTHVXhIHsYG0DZNwRS/VdcRPxWYC5PbPtrqYd+sIMVxGpIseM/yIPT3NfqE9otGzQfcRMzF/3F24c8AQ/+TD+lhb4FdZVwJzbO3G/whezA3vApkoWHqdEo1wpT8wQDXdj+MjPz8fT54r/sm1XT2gjE9limjM/7wm0YAojGQH8vcuPoA0zmNa2V2VFyM/PR3EpU0EqRnFJfaN6hfJ/aikxXSOYmBtAB7dwdCvQyntI3VXe8lw8zX2hckdAAx3Asweex9bICafiAVKficuSHrj6wOt/avimODdeoffci36IpjYBWDHSHEZVq5RZ9dQKKHujBNt18IY5knDrtti0pVxADuzQ0UH18lYtz8rQRIAMnJ5miy8vBGH73cX17DxKlwOnFenISo1HQkICEhISkLh3GGzhDP+DyfhzmaOkJjUwg0lrXaBgG7Zf1kT7US4K97cg5TgqMQZ+ffVlOBZ8vMjPQ35RmbKuEVr2+wSere7j/mVluVwPXAFQqVWqlC4XIBcRU0YhpmAPrp3pjqTPJ4pKrjHRoY2l3+TaAQV1uTKypoo2VGlfs6/VbIlqPkpAGjrDyYGjuB/AgK7SxmrZQQOliEdSmaTO04UD7FW1wNGI+k3dvkTTrtNgxID2LZ188RFvJNbvHYC8/RPxxQXVncRjwht2vYaCk3gaP53SQNepAfDuFI7th1JQae2Fbo1EVw56w7NnKq5tPYLbhuOwYJI9ss+sw4UbPHQaaKQyeW0MHlYF/7XvA5RknMeVMhW9rKG6XEEfURkY2A/AuBnrsO3cZax1TUPiH6mM6aqo76WMfW0Mv4kDJ7i7As/iMsU+zUX+P0DztpKOu8b9n/BbXGcMXCT7lN2L/Dw8fVKbiYpQ/E/1aMW8Ez0hn6hzIU5mHWFBp68wiXcEq5YkwmLpRIWOgGiiF6YEAIlrZ2DduYfIe3IN+yYFIB7+8JvILEwTtAvE5yMTsWfsDGyPeoisR2lIuLoVIR8twZ8KLg0IkIyNA8zhbLFS4eO3THD/8Fys2RONtMynyH8chwO7LqAcjnCqFfhZOgEvi0/jYOYblIkHbB2GwQS3EVnlhPKzNmPpGqBCmc7Y9EQrXMHJY7lKHTkFADxagSGtzTB4huL1yLT6LsNYmzP46eNtOJ/2CGnXfsXnawGLkRPRBwBSQxDwyRbsP3UT8XdicHTzMEz+AbAZFyD8XgzPIuxgY8bDnKO1vohbiRmfbsG+M5dx/U4MLh5ahXGfxqMZJmKYOSAoO4agcUuxOSIa1xMSERO1DYtGBiAWvvAZzBHxxImQUBy5cBMJlw8jdJQbvkvzxMzgusJ760sLtLHwRMgd1a84jpzjhufHVmPrA6GSjP8mAOehKxEs93MDHuyKQDoA4p/F2p8V4w1LJ4CfcRrnq3Y/np2Zie9PSXEKtOxhZZqBpJ1xyCsrU0jxUKuJmN7zASI+W45TaY+RmbIbCz67gA+sZ2CYGs77RM0yh73FeIXruAqQi9PTbDF5py8W7huHJo+EwWx82r26RxBlyAG3qQ0seQ7g8Xjg8Xhob9MEXBBMLW1g1aJapx/DHz8ewMXriYg5txEzBn6Be2VLsUD8qNDLdNxLiEdiJh8lKEbq/WTp/SgFBB/IHlNlRRgmmJmjl2dUg+aU2wSo1OIraUjMYWUPPDl4GreLyyX0GxNd/mR/Nyw+MBpLUybCeeB2bJ99EeudQ3Cbz1CHNpJ+kwuGurwhsqaKNlRmXzWAB/sXY/W5dOTlnsPGT9eiEDMxwkMxP0AeXesba5Ox4fAyCMN3Ew8jLjsbaZfm4stQTbRT0G95F/RbY/gSgnaBWDZASPtt1x4ivyALCec24Idw6dvjzfr+id/mJOCQ11xEqWhbhglvCFzHwBGhiAj3wlBnc/QdlojdvyfDeKILjBqJrhowR/e+QNzWcHww1Aut3CajU9R6/P2yB3q7qE5eG4OHVcF/FhOOwsc8FItGbBTO1+N4XDoYjLnTdytch1clujymLxzMLDFxs+r3CwWIxKbpvyEi7jHy8/NxL+YgjiRrwri3NWO6MvW9GmJfG8Nv0kAHjAwwx5NjczH3YDIyH8fj9KKZOPXaByPHGUksMl/5aRtKMFPm5mklrmBVZ3N0a7NBdFVR+A5b9PMBciKXY+7BZGRlZSHm6Ex8fRCwne2l3mPj9V0gfrQJZARPmUlc5GVZPL6gq7A0Q1Vq/LDrdcsniSfriF4ovDwvShxUmUR/LugmSvFvYutBY8QyEDO/9C5MQa6uzKtZp6fQYA9bMjHUJo6mKfH6+kstQ1FJl+nXkSZkqls7XXwpJW7zInfL5mTShkddXP0pbPNIssZ4Cq+VLKvOZ1ISMEUv60i8ZhoyyyepO5lMacZ2YXp+HW3S1+aR95hDNTTL2Ejju1uRiaE2AbpkZOVJfqulZ40u2Nuc9GBQN018ehjN9nUhnskHpKurS9wWPPLy3SDKnl0piKU/pvQkZ8uWZKijQ7pNTcmlrz9tu/lagj8PTjEXlkzQMCXHLv4UeuG11Mv7kVNBBvClXWq4sy8qn2TZkqzatKeesxaSb5taSQbSw2h6J5BBKyvq4upP29cPkJosy9Zwj9TEE4LKJPpztiNZGRtT2/Y86uW9gX6fK/35rDMfkqelFnFrl3e4UZN4TPxPIrnY87/px1EWNWUovDfUKZ9khWBRIo7qTMrKZMZUNulDOR2jGU3rjkMTVnWSizCWgzrJsoio8Cgt7GsqLGFSNRfnHtflby6DfjwIqZvhvHYiHw8OyHWS8smfqhOXNaSsWWlmqLDUhIzySTJ1edYK8uKY04e7CyWybS6yrlVSqV4d+q4ky2Koy+uTNUVsj6w2GsG+ipdPGt9ZW3b5pPr8AAXoWt98iZc50TdwoVHLoyTKJ1Unr4peWJMFOHKqgmU55Og3VSTLaixfQpHySUREgtK/yd+ubnbg+mRMHv/J443qBEGiZJL3ZpAj2iqULJWRzZFD17dnXETl9QRUSAdHCPWxMu6AsjzMBHcDpZclqrbzTBJvMuG/0tz9tGxUR7Iy0CLdpqbUtqsPzQ65VSdrtCx/RJW6/GWEHenDlFEZK4VjGEEsbfmoMzlb6ZOurm69FU5k0ZWJ7yVKQConcV999rUxkoxWUg5dDh5IzlbCcny2VuPpu7/+kXzmbRj5atZfhrGCommRsfTYRFCeTsc/7yvUS9BVSVUZJuAQEck6PnZroR4mhu3BheKJar/ErdZg/9kqDDBeh1Y789RblJnFfw6VuIVvrN0Q2fk2Lh51Bcs9LBpVd1VkIHysLVZnnUR8wlCp/PfqiD3a+dpjRc5pfKqkohYgF2G9LbDp5UmcjhkKM5bRWbBgwYLFOws+rk7Vw4SdwThFixt155zFfwvSj0aXFSEz4Wd8ucEQLr/6vtdBMAC8vrILWViO5WwQzEJRAXl2BjeyBmFGKBsEs2hcPFzHgb6+K75NHI9PfveReT/4xvGHaDtyNSY1QFFrwBwfBn8KU80JcDTUxcCVRSwBWLBgwYLFO4lKJOHMecBjZwAbBLNoEOrsCBOKED6wOaZEWqHnxxuxf/fQ9z4QZsGCBQsWLFiwYMGCBQsWLGQGwixYsGDBggULFixYsGDBgsV/GRrsFLBgwYIFCxYsWLBgwYIFCzYQZsGCBQsWLFiwYMGCBQsWLNhA+N/Hq72aaMtZrpZawCrBzT6w48zAEZavGoY742Cto43mZj0wbUOG2l/3ImYWfFwNYKTLJglSJ06O44DDEf7xep5nJ+RdwKNlcON44pdc9b2iApGYq8fBx1vY6RYH8c8i0KcVDPU40OSYYdbx928MUdM4sHM+9d71+533JViweI90wLtsz5OCOLAzCgfr2TUMD9dxoKdjCDvrCVh3Q/BfD4T5uLyuFzx5rWGox4FeE2t08Q5CxAP1dKASV7DYmoPp+97tibq1kAM728P1C1MrP4we2xet1dmR7JXozfFRuCA2I+Rvh/8QHqzMtcHlcmFu7YWp624rr0CehmJMSw7MOItEDgcJkvFn4HB48lrDSFcXRq1dMXbOKWTwxX7XaT8y3hbg0uIU/P3ZOvytxukUIBcHv/gD+ZV7kVJchrNfG0l1mtpxNsosGM+INxqKS53QRs4ii7x+/tvyOmw/gYgQOfX9UI6NQld5810RimEcWyyO+XfbeF9o8j6NNX3TIGw/NwWHM1/in9Is/Dziv8nD/6V+Nmagrm5d3lBforFkjQlvRE3joPuoONX7B+XbMZRTs4Bb/afBMcKEMGF6HUIRLm/yhU8PO5hxOTDnLEesoi/KPYYfZ7jBxboJuFwuzByHYHZoMkpFfkoyQhxq94OrtsXFRuG/BvtuyQhx46Dfsrx6n2vWcw4GLeCB+57K69MLczDawxamRjrg6BrBpvNEfP/3c8a/JxThxt5PRG3oNbFGryEhOP+Eud8OAHaLCCUlcfi28z5smXVGxJv/BWjVnbRSoMlA+H3ljm9sTGBYmYRdX3+Mz9tx0IZWw421UbJhHYDgg+9x/9/owbJ/IH76ggerFgIUXFmJBfP6YtoHj3F0lpGCSioDYROD8I+zPTTPiX3xzxkci26NgUs+xdeOxuBkhCHw02EYn34VF8/2EJWI4cAIHb0HoxnykPsWgI56hkzIRdYToNW0HmztVBYsWDQaspKA5lZD0N+0KTsZLFi8g+Boj8KmNGcUl3JEn729/jFG+bfDIF+OyGcufmOCvhO/h6+DH1aFKRFIXd+Ov175YX5IN7RvU4l/ji/BrID+KP4gE/vFyn72mXYVv3ymL3wvVw+mliyN5KHtkFBsGvIe82BlG3T75Gd80sEY5hrPcWenH5YMzoPWg/NYYsfEF09HdPgTtB2zFrO6tIWhIBZ/LJ6HGW2AP2mxREwn02+v7ouWDdx7A+XH8pELwPa/wiTEBDFDqQ086YcHpHJUUDQtsgJN21v3u9KM7TTHsykZ6uiQvb0/bf7KhdogiC5VfV+wDWSFYLpZ9f9KSqJgHqj/6lxRG5WUTht6g3rMOUl/LnQkXjMN0m1qSj2+vE1ERE+jgmhcP0eyMtAiroYp8fr609Y7FaLfR88BAXX/nEfelpgf66rPW2E6RUgZZ1HqeprmbkSGOjpkaOFCE5ZdoZyq78rpLAWYgoau3k1z+lmQabNm1NZiOm1LkNJQ1grqhcG0o0j2nBbn5VJeIb/BtKmkdNrSC9ShxzmFf3t/kwb16HeSbmwGWWChiGbSELsAZC7tmUQ/6oTRFFZGakMFRVOQFWjIukKZz7wM1yB7bKCHtT5nwhuCyiTaNduDeKYaxNUwJcdeCym8ir8EVEiRc0C2TTbQXdGcX6agDiCPSbephIjeRrQmrpR3tEWw6Dfy+ikmUVScl0u5JeqR1/rGKo7IqaD2Mniq3jZihpJNc08aMcyUmjdzpqlbfqVpnUHN4EmrYyprRpm7n5aNtiETQ23i6luR95DddKu0Zg5O+IHaDtxIv45rR5amTalFC0+av/u5YjL//G/6cZQFWRlokW5TU7JyGU0/natkPI8CKqQb20bRYGczMtXRJm4LHg0YsYWuVHVD8DSYvKT0oSl8aHMRw3cwaSN7KXVFP1pxZC2NdtYnrrYBubhuEZsv5nSVhXI6SwFc0JDvt9A0dw5xtQ3IqdNCOnxfUtccD+xHziYgrrYBOXbxl3iHPJowna/69PCDEFAzV18a3U6fTAwmUEjYPPIwBllZLqTIQgWE5Pnf9MN4B6FN0beiXmJ0rea/2v3UgCl9ekwx3Xw8qKtovkxsPWjcj8nM50sO/4neI4ilnQs9yNlYj7jaBmTdaQL9dOq1hCzbdj4pajM2ENTWYALtuc9sHExkTR5vMIE8X4KolNIi/Kgfz5B0dXXJ1MGHvgx/orC9rI8m8vhPMV2uAtTnS9Sj35jIWiUJdYa7ZXMy1NEhI1MPqWO9Gwhq3X4DnQkbS+5WusTVNqCObbbQXaZ6WIwPu0n5XAR+IeXl5VFRScOmTECFdHCE0CeS1tSDEFAbBIl8UuV9ryQK7lpjJ6t9W+8VhdQYqI//8s/PJh8eiKthSl29N9CPvuL2XKjfOnhfrZmzl5toKJxo0XVxm7CdxsCYpu4/QctG25CpjjbpG7jQrAMCubqpgmIpyLouX3BgSOP2StKi+jtbwz1UKE1e69MrVbZx1o7PabCzGRkY1LWNjel7ic+dL0BjfxUo3UbZRVdqBY86MR0Tv/3RJpDlB2rWTY0M+YHwqyQ66CcMVM7yVd+BCoqlYA8eLT1a9/MgJ1AH1610NSub0s5MI48PQGZKBsLNmznTyO+uUDq/jEqf3aKjZ4WW+t6hAPpiSyRdS8mmvEe36fjCVtQG/nXGGrsAZGtziOpVQzd6k62UQLiybB9NMAC5jTlEt7OyKPViAHnpaor6WU5nKcAM1LKFP518QiQoT6fdI0HtrKW8L38Tfag7m/aV1ROoGEsPlBRDKWVe/4q8dDVp8M+5iv007UvyxlQ6UCgUmvoD4VKKniNDsO7NoI4YzNjxVzqwawUa/oNsDfXizABy77VHpuDL4o1KyqFDw0FWjkF0+PYjynt0m/6cY05tsZCi+TWB78KOoN6LkqmESin2c5ANgusq24sdqbWMRRam/aTspeSiKd2RaKi8MhmrvEBYbhsxQ8kO7vTZ9XSKnAPSgyetTXhIB8UMbyX/KE03BfWceoiupWRT5t2TFNgP5NzjXBV9hIZaBx70xek3RFRKiaGGCsp8KUVOBZk7BtGp5ALKy0qhmOMbaPuF1wo4Ojl0bM0C2nzwJqVm5FNG+kkK7g3idZN8X0X5JhoKGwknQmGa1ddG9lJygR7Zd15Ih+LvU8r1b2hIyxodqghd6w2E9UH68KFVUQ8p40EUbRgEskbNAtCddSBD+FBI1ANKf3KVdo8DmSmhh+sbqzw9/CAEZAJ/Op5+kQK7gUxNguhy/mlaZA3y3VTCkK7ptGWgkDdOpj6ijORd5N9JSNccBRaE5DqqEXZkDB8KvvKE8p5mUtrl3fRL2F2FdJM8/qukdNozAGRiMZ3CIh9QxtNMun5qBS3740mdQFiZIJgpXZnyRn06S54vwY8ZQY5oT2N/u02Z2al0MbQzWcCZvrumOprI4z+FdLkqINOXYKbf6pU1OksbZv5ER6ISKSMvn1KvrSXf1qgz1ruBIB1jK+rXczddzXlLpS/T6cbJ8xLjZuJ7RS8ADfkmWeb3BXubkx4MJAIlpQLUVyHkxTGnz05ID0JUFQhXUCwFWYHcxiVL+LbNTEzrXVhQFWTxn+BpMHlpGVK/wKuUkp1Kl9Z1IlNd5QJhX4DMW/vQF0dzqLCUT0UPj9Nf18oZ28bqxYK+S+v3T+8GSg+E5eqV7KXkogHq0GsPJZUSCYr30XRzKCevKvC9iIjobQ7FhHlQa7jTysQGLHRE2JEZRksugjH02x+FCW33/0cgfKE3mVatpphYTKfdDysat2eJfmQHd7EVi1KKng2ld4RtDfcwUhpC5e5UR7k3JBB+Ga5BpphOR/mS7VUHq9U7wuIC/TLCTu5OqjoC4er5AkAcTVMauuQ2KbIGWSmIpWBnHfLbWSJaPap3HFkryItjLnpeoq23YeQLPRq9Jp3Usw5aSnk3JpMr2jUo0JDJG/dmUFf0o59zxOmznyaihcTuT2naMuqBTjT1pynUAf1oo7STAAwCYblQlTKWBoZjrTcAkNdGzFBygD/9RcKdcosqh6NgG6idgdDQFWwD2dXm/UQ/4mF8lcMnNNTi9BIUrKT+6EbBCczoKqBC2u0Ncva+SiUqnMK3Z1zIsmp8jRkIu6INzT8m6QQ72p9TmK71BsLcGqeu+r1d0JkWXa/SWTaS+q+ifBMNAWj8NoHKAmF5evhBCKh955NUUrUbJXTmhPzSd346sx2jgpXUA/Y0N0p89d2TLOFDv+eoLhB+EAIR/ysbYMrlv3szqEMVjWQhcirIovceuhykfBBcXz8V4Q3lfQkhz4s7y5WUThtcFdOV8mgij//eFTDVb4rqptgFIIcWJyXavBsIaoUJdKBQNTys7kBYHo1VFQg/PeJIbeBDW+7XLFyd3bSRIs7foLjE63QkdCg5aGpQr3HJKrVBTMYvfnqvepFJ2UCYqV6VZhsbEggz0ivZS+v4hhK2sRF9L6EvLPTLdeBB8yKeK7+YU3XqsMvYGvlWxG/nx4wgO/Sj7y6++c8EwrKzRvfcjwupqYiP3oMZdmH40XM7khrxyPar9Nt4DUfYi87Ac9G+AReUzQa7wFzK5/zMHVgwph2sDbXB4XCgpR2Av/AaZW9UN5bsZAH04AIn3ZrP2ve2QzlSIZ6DrHk7U9G/m3K5IPAVvpCuiV4IeUrIpsVwUqKvGrDBpN3JSE24hjO/uiBv43SsOFTC8Nd8xC13Q7ggAusnM7hwW3QMAV7fQPDxCWyX8ryG9jSsCTPF9WW2MOO4YtUd1dGkAgcwUVMPZt0PgDMkFEHuauDh5EtIwkV8blGT4EKLMw7heI3CbBI9x23/PXZsuoMDC46izc97EdBZXZdl1iCughB/1PVfG2tD2+CACz0A2lxD6MIQegC4XA3QC6GsJEYDD/EFOoonFel8AI+Qj6f/1LyLa2sG0a13bgtwUYJ8hsLGgREGzvHAi/OD0b63L+b4/4gdZ58oLKsF55ZjgocxDPWE/dTxiccrFKMEjQsN2MK6a42e5TYHyiqLUKoiulbDsoeD6N+VbZ3BQyJyUwiEh8jMAGw6mdU8rNUNLlZA7oP8RtXDmiV6wjwFBDTR5wLgQo+AEi0+M95IjkQunNC1S81n2o6esMBD3E1VHc3sxgSjc8vvMMjaC+M+CcQvO2ORV6pa/nt1azueowu85ejGnLtzMXwdgBcu4LVR8dUtFfCGPF9CgFykpQMGwx1EOkEDNuB1Al5dSmWcwEseTZj6Af/6nUQV6DdCEW5uHAVPByMRf7n9BLytLEZtSWoKL/QyUu+YWo1/jhIqxr7xyrdRiSv4LRSwWxqg1lw5xXdmY/SUcgyK2IOZ9tX8aA5v/wCM9uwGl07uGDXnJP5cIkDG/k2Nmvk8KwnQs+mBjiJ/0wnuHZTlMy7ae9n8K7aRqV7RgDnatBXzG8RsY2P6XhztUQhNSUH8zVPY6p+LY9PmYbcSlR4EyEDEuD44/Gordu6uzsmjmN+u3X0z1vhdxKp+TWDMCVBrMtvG84FkjtYcPB4Pzr0mYvWJTWjzeCGCjzd257jQF/9Ar7nSbWmacKUotltYPWIaLhV8g4iUEhARKt+GYTD4/woxuPRuMIWBpSN4nT0wyP80fp+ViKPTwhhlwxMgFzF/AQn3xsKGywWXy0W7ACAH6+HDsZYsD1J0DIv6jEKC61VE7HKFNPETlG/Hsun58FiTjjyKw1edVDdGLfghvLIU+Rf8QKf98Z2aMl82hz/+Ep68EPvj4+A8jsS83fkLEOjykf9n6nubOZXJWBujDVubQyip1cYbOo/55qobq/Hoa0jJv4Atn/SA4YtwLBvaAQO/Yl7qiwpCMH7wJjwffhRxRVX9vNAbesA7l41RFTR5X1DZquofYoaH9AHdnHeso1aLcTIvHWd+mQCPZnHY8WU3eLmFI1fF/KfBINeqwStf/BF/FAPMv8Dn01LeyWyiqvQl1EWTdwkN1W+vj3TD8Hkv4bY2GZmlQv6KXSDDyTfk4n3IU1l56WsczPDBhHlmanvHi4QgjOl5Dq3XXcSW0fXzaPs+bVGOPOQX/wu+qiJBJ6cUfEizFc2g0+T9to2NuThl4uAAZ7chmLjpFOaZ7cWGRSlKBMG2CIwOxpb7M9CBq4TfDqD8xhwsO9APX118g2zahEH/6UC4Fvh4hfJ/qM6nL/LzkF9UpvKONbXtgg+QiWwxK5IdWygpjFwNvEWeWIr5XGRlKTD4VzeRkGQDr+CJcDHXFn6WcgWZslIUFyoXIFt20EAp4pEkNk33oh9CFw6wV4cyzc/D0yeqoAkf/FKA87ruzjT/RR6e5r6o5TTZ4OPTGUhNiEdCQgISEhIQuQAwxXT8nhaNH7yrFB3/LBb1GYWYtlE4eLAHZC0Ga2RexQP0xcDZNjKfqe6Hsuq8Zb9P4NnqPu5fbqCKlcIbTTv0hRmuIlJOkJ0T5oYvTkzHzju/wSZxPKb9LiUUJkNwVEDP/Px8PH2uep5jOlYR3pTW4SmF25DqHAAlGedxRVUqqR6Z57bsgkGTF2NNeCJOzHuJ3NUXGJdP4NzeifsVvpgd2AM2VQbpcUo0ymU8r4oTKsq0oQqaiPT3tZotUc1HCUhDZzg5cMCBHaxtgIw7YmUwKm4iPgswtzdVSg9LG2tj6GHq4A1zJOHWbTHHIeUCcmCHjg4qdo60bNB9xEzMX/cXbhzwBD/5MP5+y4yHmfBf067TYMSA9i2dfPERbyTW7x2AvP0T8cUFUpmsKcwbSvgSGjAHzxZ4caJmEVKADKTdAZr2dYCRimiiWv5Tn++lqH6TJmv3oh+iqU0AVow0hxGEO8RZ6erRw8yUXxHy8/NRrKSZFyAXx9dfANd6Bj5swIKqNL9J1MWEQPh67kDLny7hwEz5L7l3+RG0YQZTQ9WOtV5f1g2ozMgU8YEAuch6IOlTcfWAijc19NLITUUx81BDAduoB64AqNRSfKCq0Cv/tu9V/ryYse8vQAZOT7PFlxeCsP3uYvTSVdxvr0ZBynFUYgz8+urLWMBSv25SeyAsKDuGoHFLsTkiGtcTEhETtQ2LRgYgFr7wGSzpildWhGGCmTl6eUapfvWt02J82OEM9i2NExqn/O346SBQUctQm+Ec/rxAAPjI2L8UhwXazJ2WpvawMslA4qkMoWJ6cwsbvwxDthShtXQCXhafxsHMNyhT8HxGk7Hh8DIIw3cTDyMuOxtpl+biy1BNtFs6Uanjy/XOG65gVWdzdGuzQeGj7He2jsf8kIP468INxN+9gKObx+KzP4DW44bU6WfULHPYW4yvU4PQ0MQaPB5P9GdpB2jCEG3bt4ahnjAIXt53EE4UBiPo+1YoqBK8e0lP6xoH/mtwoAddfVnGKRkbB5jD2WJlg44HcZsAlVrKG1pZvCFoF4jPRyZiz9gZ2B71EFmP0pBwdStCPlqCP6s8Lv69QIyb0QTeBzfCr91UbN5ti+TZE7G19lk5m55ohSs4eSwXfL6SfX20AkNam2HwDDXUW2Qw1mp0HtgcLxK3Ydvt5xJOgSJtyILFhKPwMQ/FohEbcSrtMTIfx+PSwWDMnb5b4Rp/MumKXBxfuxA7Tt5FZv5T5GUexL4ooJm3Axj7SB2GwQS3EVm1AMPP2oylayT1GwCQlj2sTDOQtDMOeWVlSq2IN6QNVdCk2tI82L8Yq8+lIy/3HDZ+uhaFmIkRHsLrHFMCgMS1M7Du3EPkPbmGfZMCEA9/+E3kKKSH6xtrY+hhajUR03s+QMRny4X8l7IbCz67gA+sZ2CYCk8k3D88F2v2RCMt8ynyH8fhwK4LKIcjnHQY2i0G/CdoF4hlA4S033btIfILspBwbgN+CJe+Pd6s75/4bU4CDnnNRVSRamRNEd5Q3pfgovfsEaDiVfj09zhkFmQherMv1sY5o/9SV5XRRJX8p07fi6l+q0/WLJ0AfsZpnK9ilWdnZuL7U6q1r4rgWYQdbMx4mHNUyUWnZ9uw+bgBPNb6Sl0Y4Rck415CPFIzgDLk4d6du1J9Gll+Ez9tNXy8f0T5sD+wrGuBKCC5l/5S+EBqCAI+2YL9p24i/k4Mjm4ehsk/ADbjAtCndmdi+sLBzBITN6v+bJnd2GDY4Hf8ckS4kPTs0hKExtVdjC66Fo4TRUJeOrlmGx4oEAgztY0aMIeVPfDk4GncLi5XiDdUoVcaw/cSIAOH5k3FmrATuHg9EQmxp7F17kisSbOC23wPRr6/ALk4Pc0Wk3f6YuG+cWjySMhb8Wn3RFc35PntEigFBB/8O7pJbZCW7OiPKT3J2bIlGerokG5TU3Lp60/bbr6WmhjEgwNynXRbLReYq0semLayJMdO42nJvE4SybIEVEiX1nUiq2ZNycTWg0Yu2EL+naQny5J1Kb/4aiCNdtYnY0srcuD50Ky9P9BQmEokO6m+YP7rSBMy1ZVM4S+eXEryT1fiIn7x7XWisgn6Bi40anlUnfJJEsk/TjuRea3kAOpOlvX01Gwa6WUjLJmgqyss/yDWT3Gc8GNWyqXOpft7M8hBSkmE5phA4VKSnLSvp3xSdRr9hmSwq87O2JCyBLJ4g0hYeubPBd1E5UdMbD1ozJSDlFQqPWmBgArpxFTJkkrVyTKil3UkXjMNmeWT/tVkWXLGWvu53X56ZKpbt+RBvW3EDCXHal467UQ2VXMgLF2wVcSnpbn7admojqLSH227+tDskFsSWaPlJfOoj64CKqRLIT3J3aGFUJ61heUdbiuUv6KUErd5kbtlczJpw6Murv4UtnkkWWN8HTnIOvMheVpqEVfB8kmM2qgqESGeDCt6oTA5TYmCdJWXLGvI91tofGdt2eWTFnQVlmiqKmURdr1CIVljMl/16eEHITVJX6IX1pRjiZwK6jUumflki5We4epbUS/vDXXKEjU0WVbW6Sk02MOWTAy1iaMpLPsnraSQ7Plixn+KlE8iIhKU/k3+duJZ2huuQ5nyRkN8CaJSurfnI+rnILR95q196LPwHIUSETGhSX38p5CuVaPvpYh+kyVrgsok+nO2I1kZG1Pb9jzq5b2Bfp9bN2mRrIy+isq8upNl3V0m9GNkZSqXVhJNmk8jy296tAlSyySK5iZjI43vbkUmhtoE6JKRlSf5rZZReivCjvRhSlMOCNRi5/PPzyaf9k3J2NKKunYPpAVDJfVYpSCWtowAGTY1ISsHH5q1fSn1R0ep5ZNq+9mK2sbSzFChPNUqn1SdjKv2fGqDJ3qnXL3CwDaq2/cSUCFdDh5I/VwshOUgtQ3IymU0Ldn3sE4fZPn+5XSMZjStOxeasJIx//Uny3oQArLBVpk+t7rjQnWAQ0RK30x9dcQe7XztsSLnND41BwsWqlugQRGS1llj0OKJ2C7jHgI9W4UBxuvQameeRNF5RVe/w3pbYNPLkzgdMxRmeuzcs2DBggWLdxes78VCOvi4OlUPE3YG45SSCVNZsJDpl1dkIHysLVZnnUR8wlCpR6PfR92k0RCBu3H8IdqOXI1JrCJmoUrcGQcbHWP0DXHEoF8XybyM//rKLmRhOZZP1muAAJjjw+BPYao5AY6Guhi4soidfxYsWLBg8c4GO6zvxUIaKpGEM+cBj50BbBDMQqV4uI4DfX1XfJs4Hp/87iPzfvD7qJs4lZWVxJKYBQsWLFiwYMGCBQsWLFj8v0CrASejWbBgwYIFCxYsWLBgwYIFi/cvEK6oqGBngQULFixYsGDBggULFixY/P8EwuXl5ewssGDBggULFixYsGDBggWL/59AuL6apALdNByaNRE/nMpF2cvJ+LVwHbwq2R3kdx1ld9bj089/xfm7b6CDoQh5Eo7RujULHhpxI9F1kDW+KdyEoZXsQoiy+OewI1xmPwMfgDEWYEvh1+ghLh85q9C/66+4UwHowg1Lb0Rhrs1b1XZCg4+zM9pgZfEpXDnY7d+bjMYY6/87nqzDMJdIDL5xntncqoI3lKBrpV4MVloPR/YXj7BjGpuGncX7h3edhwU6Wdg+yA3Hu9/FseWmLMGUBGkW49AYeyyINYGT5WwEHv0cfQzV5+OyPnUjya/+RQTafIjiwAL8PoHz35a199D3Sv2+FSbt3oyotA9h+A5cz9UqKZFdhVrj6jdYva8lJhz/G5911gdevUSJhLG4iTVdPsSLL/IQPLLuxAsqdmGG7VbYRsRgeZe3alIs97B14EBE9bqJP780kfnclcWW+PHFSRzf0lFtk/n6mCOGfvYldj6eBiuB4N9R7Fr5OLpiDTKabkfk3a5opqMLw8oXECczR98HA4c0gdGb1ygRVKqlH3dWWSIg6jecuDzknWB0dUDf5xbuZQvpPuCzcvBLSlAibtSMFuFE+iLgyS8Y2/MC3paWoKREOTnQiBmMbn6d8O2T9Rgs/g4NPsoqAYGAj/pkWe1Q4VgbxZFsBN2kcpS8hQAC5nOrCt5Qgq6VxEcFAZVlJSgpofdOD8uUtUbmP3n2tSHQuP4hnMbdxItan3PRA1/eOITpppILpC9jPsZQv2igw3ZEn/ZS4oV83Pm2PT7cposey29i+yeGos9TIr7Ayg2XEPeYD65xFwz7dAW+mtweelC93WDKf/Xx8Lugm6hMB7aeo9HbslKtel9d8kqaxUg4vBabd15FXHo+XpWbwKn7JCxcE4CeZhUq4+Fn14IQFHwZcen5eFaqh7a2/TBu2QoE9DWqeloHQ3dkw+vlCXzjPRc/b/ZF1/mGapvPhvrU/2vv7KOiqtM4/hkGg4gXTfDlLK5KGb4t6JZvsUdWC9Clk4oum4KePYIUiiItAuqKWkq+BGVqkpmGq+mplMz0EGoruIZyVs/xgKR0aiMldCWYy525w7zcufvHUKiLMxcBc9f5/jVz75z5/X7P8/1+n+f+7j0zD4I3qeWfo95fpkW/ZgOS5NYxrt4jrT0ovReANmQ24+cEIhskJO6DC2FRFO940lpzGQvjeWKQhrY+J1slzAqYm0VEsa0LYRNWbFiMbZ/vFNGaDDTb7IR3tBajxT5fR5/pKAxGBRsmDE0iovLLXAjbPL6j6lvoHfsbemg0YDEjWm6LfY9pLNwACDq6KhqSGWTFiF4U0f6f/yCbwaggY8bY1ITY1saCwYyMjElqQhTv7g68myRjw0yzKCLeXAA1Jju3ZWOXclt9MDq+1nvTbHa9N/3ise1MbrRjbNkqYVLAatYjitb/OR++o9buMf+c1dcOIXgdfzvcgNnUeujr92awuTiKMd46RLE1bop4lKxMid5Doe4uuSRWZJFePprBmnIsJgOiqAXAXLGIpNR/MTj7XQ4964e+6h3WpMSzxPsIr0V4dnrc1fLPEYfvD2/SMiTuVYZAl2qpq/Rq87jEqQNX8J+4mFdT+uBjq+Dj13NIH2smryqB4Wo26FVwWNL3ZPDUJUx9vCcBGh3Vn2aSO+ca1qO7mfvrVh9T3EcyMgguXvoOUXysy+LZ0Z76gfAmlfxz1PvL1mYsCliMekRR08FZ3ButPSi9F4DfqEwyR4FVbOJ+iKi7IAh3jqtkL1YWnQ6hDWOSTQbMMpglAUG4SQyNH7Do+a2ca6mlpXFP8D7gyTgWFm1iqo89SaYfT7ArN58j529gsPoTGjqPl3L+QLCHDNd2kTq9iJ5rCsieYC+IjaWzSVzaj6RPNhARWMmO5xMo+KFlzMoJDN8BGnx4ZtUXrI64VZx6M1iteu60XpO+Hn2zB4/4++J5lzsUklGLjIReEBBaGjDp2CTiV8WwtiyZIbfFsPF4GIkr09hYFstAyzd8/sY6Ckq/4rquO32HRfLn9GQiHtOqGlt+uJxNkWkcqG85kPcUw/PAi3Ay/76BZx+y4nYxg5ik09QBPkSz9Ew24beZqaw9SvbYbXi9kkXPE29y9Msb6D0GMDljJ0ueccPWrZYvt65kx2eXqWnywrvXAH47JYvVcQMBuJAbxvyDP31bGmHD7K8eD99JQU6wqrX8+0AYs/dEM210DSXnapFMv2LEC1ksjQtqzU3TWfbmbqbwzBUa5ACCn5xD8vJphPjKKNomTi6ZzBbzTMLdiim5bMP6SAgzFq1g9tPqH3Nr+Od2NhWUcLH6Kg1GP/qEhDMrbTHP3ZYTyahFwWTPe1sFXGzGikyzKCAI7TMoS8kfiVr2A/ZaX03qkEIAerktIPd0PEGKEYMFjMrXfLIim63HvkfShhKVuobUKN9WfjvSmkqo+g4na22o2M6mLZ9ytlqPxjuY0TFp/GXuEHwVhav7wph7LJynpHIqdL9j1kI/TuZ/TL3nTLLeS2VUS26rDuWQ/8EZKus0+PYeR1RyFvPDW9Z6fRsJMVUMXj6Iax+eoLKumb6BC1j69jT7PFV6k/7yft7KK6C02ohZ68+AoEgS18zn6V4qm4/647yVu4czlbXUiW74936SiQlpJEcGtOo1Io26mGz6nNvGyWqJbg//noSN2UQPso+h2C5xeNUqdpfWIXmFMnFev/bxSGNSxQ2xZj+bc+xrVfwGMG7SyyxIHkHAzReRDvKqaJu4sCeTN/dVckXsR2jicwS4gcUoIAimdvlwp2zCteHDP4/vIK9OtWazOc0rgK1bLQeTYjk+cCOxntvYcbiGOqU7wdM2kv/COVX8c1hfO6VuedDz0b6tc6acfWeh//zR+Okaf77LprjXU5KegW7GXiaXxvFuo6HduVPMp3gjvYbxr8dTN6ucH5sFBME+168OfYGFNOZN6oePYsMnJIUXIw6yNvdzroyZgG8nb6LeiX/OOPyTXoUX/8HqaHtjrS2bQ3T6CJaVZTDWZtfst++Esbj0ZZbNPM+u98uoru9GYEAKqw9MYYD7NxTnrKOw7HtqGoxovIMZE72gVWsqvElxr+dw0hTWXwB4iBHxH7E12f/WRTqojQC6z8KYtW06s+fUUvTRBa43dmdYbDYrXwr9r3h3Xd8USMxr6296359FKYXEpBRRWhFLv0BLp3BYOzSW2KGtY/RKXUTxvrWcP3aD6TM0t+RfsoLV0rXedLc9tSpvclJfnfXUUe677xNvcsw/m8clp72/bNZjtoHuWhEbEnMoPK/Hyy/y1vrqpJdQpTUnmg9y8kRS4/EpJK6M4K9lqYxs4YNNc4r1E5djTC/mlcmeqmqOwxqtMXF6xUTe1uezN89+Z10xHCQjspD+2/eTMsyiqr9z1vurwdV9Yfxpi/113x4r2Xkk6hbPaY83dSY0iuv/k1xwwQUXXHDBBRdccMEFF1x4gPAfpuFc8cm5tewAAAAASUVORK5CYII=" srcset="" sizes="" width="962"&gt;&lt;/p&gt;&lt;br&gt;&lt;p&gt;For getting transcripts of more than one video we can pass them using commas, as in YouTubeTranscriptApi.get_transcript(videoid1, Videoid2, ….), in this case, we would have a list of lists and gain inside each inner list we would have a dictionary.&lt;/p&gt;&lt;h3&gt;Getting Transcript of a particular Language&lt;/h3&gt;&lt;p&gt;Now if we want to get the transcript of a specific language, we can mention the language as a parameter. In the next code snippet, we aim to do the same. All the code and working would be the same as the previous example with the difference that this time it will get only the transcripts in English and ignore subtitles if any exists.&amp;nbsp;&lt;/p&gt;&lt;div&gt;&lt;ul role="tablist"&gt;&lt;li id="tablist2-tab1" aria-controls="tablist2-panel1" role="tab" tabindex="0"&gt;Python3&lt;/li&gt;&lt;/ul&gt;&lt;div id="tablist2-panel1" aria-hidden="false" role="tabpanel" aria-labelledby="tablist2-tab1"&gt;&lt;p&gt;&lt;code&gt;from&lt;/code&gt; &lt;code&gt;youtube_transcript_api &lt;/code&gt;&lt;code&gt;import&lt;/code&gt; &lt;code&gt;YouTubeTranscriptApi&lt;/code&gt;&lt;/p&gt;&lt;p&gt;&lt;code&gt;srt &lt;/code&gt;&lt;code&gt;=&lt;/code&gt; &lt;code&gt;YouTubeTranscriptApi.get_transcript(&lt;/code&gt;&lt;code&gt;"SW14tOda_kI"&lt;/code&gt;&lt;code&gt;,&lt;/code&gt;&lt;/p&gt;&lt;p&gt;&lt;code&gt;&amp;nbsp;&amp;nbsp;&amp;nbsp;&amp;nbsp;&amp;nbsp;&amp;nbsp;&amp;nbsp;&amp;nbsp;&amp;nbsp;&amp;nbsp;&amp;nbsp;&amp;nbsp;&amp;nbsp;&amp;nbsp;&amp;nbsp;&amp;nbsp;&amp;nbsp;&amp;nbsp;&amp;nbsp;&amp;nbsp;&amp;nbsp;&amp;nbsp;&amp;nbsp;&amp;nbsp;&amp;nbsp;&amp;nbsp;&amp;nbsp;&amp;nbsp;&amp;nbsp;&amp;nbsp;&amp;nbsp;&amp;nbsp;&amp;nbsp;&amp;nbsp;&amp;nbsp;&amp;nbsp;&amp;nbsp;&amp;nbsp;&amp;nbsp;&amp;nbsp;&amp;nbsp;&amp;nbsp;&lt;/code&gt;&lt;code&gt;languages&lt;/code&gt;&lt;code&gt;=&lt;/code&gt;&lt;code&gt;[&lt;/code&gt;&lt;code&gt;'en'&lt;/code&gt;&lt;code&gt;])&lt;/code&gt;&lt;/p&gt;&lt;p&gt;&lt;code&gt;print&lt;/code&gt;&lt;code&gt;(srt)&lt;/code&gt;&lt;/p&gt;&lt;/div&gt;&lt;/div&gt;&lt;p&gt;&lt;strong&gt;Output:&lt;/strong&gt;&lt;/p&gt;&lt;p&gt;&lt;img src="data:image/png;base64,iVBORw0KGgoAAAANSUhEUgAAA8QAAAFNCAYAAADGjKbOAAEAAElEQVR42uxdd1RU19fdjzpgAVSkqXQFVAQERUQFjL1iCYqxYoyKxliSKJrkZ4tG1BRFk9hiwRIVG5ao2FBEkaYgNpqFZqSpFGHmfH8MDDMwwJthBvXL22uxls68ee/ec0/Z5977zmVOnz5N4MCBAwcOHDhw4MCBAwcOHP4jcHd3BwCo6erqctLgwIEDBw4cOHDgwIEDBw7/Oajp6OhwUuDAgQMHDhw4cODAgQMHDv+9hLhZs2acFDhw4MCBAwcOHDhw4MCBw38vIdbW1uakwIEDBw4cOHDgwIEDBw4c/nsJMY/H46TAgQMHDhw4cODAgQMHDhz+MxAIBMKEWF1dXfoFmvfxq60TljwAmmIA1mSdxee672pcV3B7DiZ+eRi37xfDeXE6QgP0OOnKiHLNMCwyHoK8/xVj92RGvps8WwZX2/WIKwc04YrvEyOw0LJqvPiaN7DUsC9+yQYATYz4NQuHvtBSXqdUSvD4gC8+/+YMIrMBc/yOsNJpMCYB61vw1ffgM9UfYXQmFRu9SpU+Dpdm8DDvyVncu+T5QevL60NN4Th5EXaVrUIvfnmjPPPl3yawnvQKJQAMsRh7G/HZHGqxD80bWGrQFw8WZeL4l8r3u6WxazBp5nr8E/8WmhiBzYUhGKtRxg0Eh48O78OHyhQ+o/rBppcl1pbtwHA+Z2Pygrk7ER16HkNBS2cM+3YX/pxlrtTncXz44/IBXSb7Y3fZBqX7AIFGKv7obYuQHmm4sNKwkZ1JCc5M0MWy3CuIOe364bbzPaK0VJhfqKmpqUkXDFShwgD9fniJs9/pARAAkLxWoJqB4wHbkSM4iXuvhsJIq2ay8/qABlwm/ozTgi9hKeDX+P7OIjX4nvgbt56Mhh4p5wQolWsOaOflgl9pJ0bw+dKNo552KoTAql7HEgsP5K4kbB8n/gxVqBDAqKpBTU3OhNh8Le6UrAXSV6KP5TmoqDIQH1s1fh+sf1GOn1SvY4mBB1JU1FDb2Cumr2ewZvJ56P/6CP9OaAEtDT1oqhIAFfbjRtYYOGk0WphDqW0VjQIDMFBrlGc1BGoqAgAqUFVThbzqIiuMfLPxxldoJ50nNu6zlaKf5VvhzfsFNuFPsK4H/6PsAwNVqABgGOXrrEA1A8e/W44UvZO496ondDV50ONRjZjQYJLyXv0wW1kk4meXLjjt9QyXfjRSmszZxEZlyyv7ij/8F+3DuUQ1mLQZhFnb/8BXfZqw/j2p5iFq03gs2BiOuKd66OQ8Fd8f/hGDTfjvdVzfhw+VZVwZw7HwHt0MbVVVoMYoybbTV8LDMhLT/j2HSbqKHQ9SzcP1TTOw9sBdxMckA6UBOCZYDRdZdFSlBHeDp2PB6nO4mVoMbSM3jF34CzbM6gQtEEiQiCPfB+CPY3GIS30J6HeE59Dl+GnDUFjwKrio0wE8fpeHhEAbDJr/Gy59tQX9+Xzl+UiODzeaH1YEj2IayQcQ0wqOQ3xRZKWltFhd67iqqEGVAcCo1vvs99rORr6H1ISYYZhayBYDBgAYBrVdA2Qi/TmgP8UNxtoEoOZ1DKMmvBsDqfdhADAqwmcoSyeZCr9CQK19qa+diiGwjNjzGAkZVGhjw5/NqFTcvzZ5M6LnK6ufAKCa/RjZcEKf3tbQ0xNU7ym7e6A3pu/qXTEZ03isRZlyUUz71Kpsp5Hb+j6fregxZkAA8/H2o7FsudLXP3wCmM7ygoWulpL16/34YVl+X39sVEQ764+NSpVX+ipMHLIdKhPPIupESyT/Mhgz+06B/tMQfGbCbqfPy2MeGPulOvofjMK+rmkI8RuOrzobwbRgLjoJBO9tXN+rD2XDeSz8se5vACQQBnOlNERFabpDKEF+UWv08V2NUTbjsHIXZH5OaeR4jJn4CI5bLyBxZAsUxKzG3OFDMKv1A+weowW8+gcnb7RBv68/xzLb1mBSd2HZF8PxWXI4Lv3TE1oQEj9G0AJd+vWFDrKQWQIwGozSfCTHhxvPD39MXIYRtECvb/ailzKfUdu4MjL4xffZzka+h3THVQv4lECBNqB+y3Nru4TKKZyWmoEGb6j9msJgFbLGJnpS7fPwWaCK/kj8OYyIFl0j4CfQnpk9yMZQhXgqhmTnvoCC75YLv6NcujALZNlkE90TtfkaLe0I6jExmoqI6F1IG+JJeUY7BIp+U187q1BM+ZkZlFFEcqOcwmmhGWjqfsnPy+g8+RuChqwLpSUDW5Guhga1M5lGO+Ikr8uKWEbjXfVJV0OD9Ax70Pjld6iG5NOWU090p58e19EGfdCoIOkdyUvaSFNd9UhXQ4N0TRzJd8l1eiFLJ9MXk6MUmVtgu+g+fEqmTb1AbrNC6e8FdmTTXIU0mxmS27fRFfI4SBMqfqcOG5pzseZj6tINomI65QNq138z/TauPZkaNqOWLT1p3t5XkvK8NJMG2YB4Kobk3G8TrRsF6uAWJmYDyXRyqTM5GIB46jpkYNmDxq1LZC0KAeXSrR0jaaCDERlqqBOvpQ19MnwbXRdrRs4OUKuWs2nDzwPJwUyb9LTMaNCS6xLjWpyyi2Z5NiNdDQ2ytp5NW79zpLZYSldZtKEwWIVMsZRuS/ku5wDIHEL7qWyrh60aaWpqkrG1N31z9JXU+9X17KyIZTS+uxnpamhQi+YONGz0YTFbK6YHIT7kYaNLmpqaZGg7iL4Nfi769vF6UHOnUeTdXpsMdHxp/c651KM1yMx0AV3IlZRpfe2sdUyyA8lLin42wyDamqc4OxBQLt0KciUHA5C2ug0NXLuJphlL2l3dOlx/XyttudL/8gVRtGkAqHPbbZRQrBgdLqPz5G9UU166GEUHStmNKxubZ++HG47a/DAREb36h9aNNCEzHTXSbGZIZo7e9HMYv+J3UbTUvKYsGOjSuP3sbZ6I6F4AqE2HTXR25xhyNdMknroOdW67je6xjI2NEbfuBYDaivmOcjpBfk1B/RdnsPp95Zh3dAsj0eMf+pEdOtDCm407rvX50JwdIDMEivpayX/6rspgrcPZF5fSOA87MtNRI56KIdn0mU3bxeyZ1bhGDiHzis/1MY1CZIzRIi6xai/N8jAhw+bNpXKJSq7gjoH0V17tMs3PzKDM3JIGjcvj9ZJ6xBZR84Xx6YmYLl+fDGpvfoRy6/iNMRbUjE/xPmQPb9pZqly/wvFhBfnhzJ1Ce1XXIWvr2fT7dz1r8I76+HB98bUwWIVMxHQl68poctLuQnNDqpx1fvQGka3xtM3IuXsAhT5n30c+vaBt7pWy1qQ+1XynTPZaC+ofVyEfNh+yj/6eKfRP1flwfe1UBJdgo3/1+WFZdFgWFBQUUEFBATU4IV6oDxr2U+1WUXD2E3J131erYUXNB1la1HRwfHpBR4aBzOyW0tHop5T5NJr+nmVM7bCAwkuqDH5BZ1CvhYlURMUU9RXIAoF0p7jaza50pja1BBe27aT0xeSoKp2UsHcAURTYw4YWH5dOOvUNRtGq0HuUei+UFnSXdPwlcdPJCV1o0s/X6X5qGiVFrKVRJlo1nW8DEmJ+6QHy1QG5jD5C0WlplHTFn7w0VSVIAeuEIGcF9UR3CoyrnSi1aO5AI1Zfp+SSUip+eYeOn39UTS67aDTMayTE9euG0AFooAd9feYtERVT/BZdaovZdL5ELDFS0yWPgBt0Pz2Jrm6wJ0NNyYS4MMSKWmMQBV5/TpnZqfTg2l76dec9mZzhiTXzaevh25SUkkUpyaEU2Atk061qXHN2CBPywT8kUi4R5d39jLqii4gwllMULe0E6ui0nW6kpdODs1OpR1OQEcuEmNIXkzMGSiR7lQHtwhSQQ78bRET0KEiFDBhv2nDqHqVkp1LkgZHUEa41xq+uhLgk3pdsoU/9fgilmJRsSnl8kXb4bKRzld9HDic7dKAxv0dTanoSXdnShUzgQKsjqoiTAWbTyeQrFNANZGiwlK5lnaGF5lX6yrad9dpiWRANgYVUYq4IOyg4242M4UDT/k6k5Oc3aO84EA+aon6w8W/19VU8IeYLomhbP8lkWBE6XJ3sSfP19Y2rLDZfrx9WCHGV7ocrbcLYbimdTsyhzLT7FHlyE+26/KZmbHRGLaShfpuvTDY1WpuRR8+9dOPFOyouTKZboZck+l1bbGyMuMWnF7S3H8jOuiqZFVAu7e0H6tAllIpYyVk4sSmuM+V0gvxQd9Kg6HFl40NlSYhr0+GHR/zp620XKOJ+OmU+jaaTC/QlYo4s40q3epGlFM5Sn2+q5BKtWs6m0OdEgrJk2juiliQyK4jGas4Um9iSwhVaN5xsypsQh88UTqQ/qfaZ1IS3wn7DZ4FMm0pJ5B76UWepcVDBEzIcH1aIvQbagGxcN1FYUjolXfEnT31Je62PD7ORl3hCLC0ZLqcoWmoGch0RStFZ2ZT1IJr+2bVZpoS4uu+QmhCztdf6UOu4CvlwUzjS2J+vU9LDWDo8FWQkxTfV1k5Fcom69I+NH2arw42cEBdT5q1J5IT2DZrtrTU4PPQjZ3jQLy+qB9iWNOOEWCseLCE32NOUnydTR3jQ5jjZBkCmlc8GOoA6V2EMQa7zUqTOXgkol075CJOXomqBRnzltaEJcWGwChliGh0vkRwfeQIim4TYUndfnatutSXE9euG0AGI65UgZwX1RTdRex6vlwyslaRJPCF+vB5kIkcgr3OW7KwjmWK2KEnM2QEJmVc6YVFQjfchK7iKjWcxhc8E6xXiMjpP/mhCM04IbXrvdB/aGlZOfEqg9TZCPSij8+SvD/LZXVSDEIvrZF0JsYBy6fDwuhy5MNmw1N0n+p5PybTJqcqmHq+vItvhs0Ad+90QjWWfeckytbMhCXFD7aAycRBfGeO/Xk9eELO7enSYTV8rbfmTNRdrrAwrWodrT4jrH1dZbP59onLcqvtZqbGxloSYjc1XJsT68KVDuXLExkaIW5Xx32FENOXf8iY7dVdaFckXjTWbMRQUBtFggD49JKC7G0DmmE1nSm/RQn3Z7bVBYOFDZUmI2fZf6GM61fAxDUmI6/NNlVxCXDcLQ6wkVsJkSvDeY0JcGOJCreBAs88Jk5S8pI00qm3tK+eUtpy8GGMJnykau3c7aRS0yHtNMuUqRck4PqxIe+1Yh72y4sMs5FUYrEJGmE17LkytkQyLT+jVtptSYQmxguy1voRYwm9V5AnV+XldCbHC+PAHnBCryLPNuhyHMEFVC0bdD4EZvAVLXRW/z/x14lUk4Aq+MmFE78ipMeMQjDfITa8qNsDr8CP+CrqLQ/OPo+0v++HfRUkb39utQUw5Ifa4k9L21rexNBP9u5meHQglKAYgQDIibwNxF3pCm6mSh/Ui4C1S8UJRr4wlCqAFR3TSrPqsQy8rlCEJj5XQX6OBjjBWpm5YGkFU45HXEjwUIatY+N+0BEDLwg2dRe8rd4JrR8nnWI0ORJdWqzHA3AvjPg/Ar7ujkFksW1tzwpbBt0dr6GoJ26kxKBavkY8iiXeljWCsWflejRZ0eUBJSYmwr8nReAM7WFuJOoIOLrK8h+0M1xFv8fBmJpiXIdgSfAy7fosHym7j5gNn9OipBdWXkUh6CRyarC2SpypjgokXgNf3M1k9R4BERCYAbf3coCf1+ww8SAZ0htmKvleBBWzsgddXk5BX2d4iLWhVvBzSRJsHgActAorUShTSzsawAwES8eAxYNLbFpVv2wqa2sPWkL0Os+4rA0StHY2v/9GERnc7WPAUr8N195XduDbU5hvn3U499J/VAwWXBqJDr1GYNXsd/jr/HLKKi43NA0AzeMFd2UVoFRG3NGxhYGcIHW2AKZLvFjxdJ5gamEEb1Ojj2lAfyjZulaT+hfmj28NcV11oz+r+OIc3KH2LRvdNLdpXOZtmPJ6IS8gCVbhjfTYhnRah03uwxybex3FgfiFCRrQEj8eDjV04nKf2gaq0i/NOwN/rBwg+O4Vdk2rWOFBRn4o1Ow1xc4kljBgnrLyruHZyfFjx9vqqDntlw4fZyitPPRhzh+1CSpEx7Du1kNQZ9MfM+cAVfzt0HzYN81Zvw9mEN0oRpyLstV4f7GIu8lvUohV08VbEh9lA2VziQ4BcCbEafBDML0bWZR/QmdlYHamcxrXAbJwjAkn8leDwXEaCkN09Bwg0S5D1d00C9jFBvUmdVSrQd1VGNVkQsmgVXD7S/qoa8JSqG6ycRF1fmi1CaGYyzv7qix7NY/DXt93g5RKMDLbv5+esx/iBQXg17Dhi8iraeLkXtAAJZ6cO3ZqJhmqJmJHyoC3+pVYLmUi+ay8g62wMnl08AsxYBPPwMMTFReA+uqFzRcAsgTUW3qQa+pVw3q1RdYKvX/EPsQ6TNqD54sNqZ2P4N1Z9JcCoTRBu3J6I4iPTMPdssUJ1+EOy+cZAa+8I3M+6jG2fu0G3IBhLhnRE/+9S2NfkYGnzAMDo8qD1wUpCD4ZtgXf386HhsBqX4o7Bv3MBMvMANVNdsMnjBc1aQg9AcVoJrKdF43LW13DXyEb+S6BFO91GJjry+1A2OszHHawaPhVXc35AyP0iEBH473ZiIErey+jxCB89VGCMTzYmI7MgF+kp2UgVhGBs86tQhRHaVEuGF/YeiTinGwjZ4yTVpgRlu7BkWhZ6rElGJsXgO3vFtZPjw+8BLPgwG3mpl1nA52wCNn9yFuva70BCNe7kvpGQ8mgb5o/UQ+GlxRjb2QVzLtN/014/MC7xwSTElalEK4/P4an/CI+uNXCaILdm0GjWsQ+McAMX6nEuL3a64OtT07D77u+wiB+PqX9IcQGkq4CKfSXIyspC9qv3MUiWcLAHnu2IqNfBkTYDHopQWlT7uPGaVK1AisO0owqKEYsEsSN/H4Y/gSZsYf0BKS1b3agLpi4APyUVyWKBJE3K8h+jZoHuw6dj3oZzuHXIEyWJR/HPO5bJaPRuPCofhZkBbqKVu2f3wyHLqZLNLLuiKVKRLuZ10qNyZeqrlfsQMPFn8PNpFThP8Uc/+2DsOnIffHMvdANA+q5wNHyMuLD6V1l5WsYQoLgGuVdBR7h2ql1HVWAMG0ug4FRVkBYgBQ/uAs362LIi2LK0ky2krd401A5U0BE21sCLa0kiOam8uYukLPY6LEtfLaYNhpPLJuwOeIhTg+fgVJ7idJgNaW3ouMrqhwuyMpGVp7xzyXmtumLApEVYExyPU3MLkbHqsshPVGRT4AkAvlqxUmy+vtjYGHFLBcZwcAFeP74kIomEO4i8B5gOqpl0FGRlIvt5abXJOBe49gJSTtwU2YHqo5O4iQ6wddNrtHFl40N5PBW8Q6aonQJkIC1NBnm9vo24BAt4BU6Ao7G68LP715EKDYWOa2PHaGnjqnCLLshEdkZB7StimnowMNaBBu7g+HZAv99g0Yo1lZzHwt4jEdnuIg4fdqvV36ik3sBj9EH/mRa1XlPZDo4Pv18+3MyyK1riPh4/qXrWwyjZ+DBbeTWHJyZ4dIRvSBA6607HfCmTnzrWn2Cc3wbsCLuGtU4PEP9n0gc6SaCr9LNYFMIl6mgnaz+spL6qNPQGvCYAX03+oG3aCSjMP4PDqW8lkjhB+wB8NSIe+8b4YdfFJ0h7+gBxN7Zj/aff4O8KKyh5GIBxfk3Q7/Bm+LSfgq17LZE4cwK2V09sLHpCH9cReiJDaiLICk+XY3AbIwz0i2l0PWegh2ErfdE0dSZ8/ncasak5SI+PwPGdszAtMFHiWr6+Kxz07+H0mjCkZmWjILe0RnLt2h24v2EHItJykJlfFYiajAmGl85OrJ5wFDHp6XhwdQ6+3aKK9osnvJctU7WBjW7UmySOCYQF/sCvx4TE6OXVb7Cl2tA+OjoHa/aF40FqNrKexeDQnssogx06abBsaMehMEA0LlQEyJK0rVi8BpDlCHi+/SKM7XgWBxbHCJ1/1i78fFi2ewicRsMOWxAS7IUhDsboMzQee/9IROsJjtADoIJ+mPedCuKXjcbcvdFIzUnDg9unsWfpCKw7IXkv9a6fwQChCN6ZguyMAuQXi+lowHiopS7A+O/CEJuag6xHN3DUfwuuVRCGXjOHg/JXYsYfMUjNSUP41lFYG+OAvoudWDor9u2s1yerWcPMMAUJu2OQWVoqQcYaagcM9DB8QTfkRyzFt4eSkfEqBsHzFuGGpiZrHZa9rzw4rb6GzzvtxPcep0Wztg3WYRZEsKHjKgv45Tvha2QMd8+LivcryMDJtQvwV+g9pGZlIzP1MA5cBJr3s5XYIqsCY5hZA88Pn0F0fpnk5KMCbL6+2NhYcavTjOWw1lyLgBlhuP88DqcXTsDRLG98Nlfy7GU+rmNlF2N0a7tJYoVFBRb4dIEd8iIW4uvDiUh9Eob103egtMkcTHFtvHFl40ObOU+FEcLw92UCUIKUg4txVKDO3p80s4aZQQriT6cIfcnbO9j87U6kS6FYDRnXxozRtY0r65QpJxEP42KRlAKUIhMP797Dw4TsGonvxS+MYW0yHrvzq9tjIk6t34Jjl28j7tpRbBnpgtUPPDE90A1aFcnwsj4DcCo3EEt/1EdOXBzi4uKkPgMlb8BAC5ratdl+IjZ/YgwHkxUV8Yrjw++LD/PtF2GKTST2+Ag5atrthfj+aJW9suHDsnJEptlsbN1lhwerJmD1LUGFTlxA0LTfERLzDFlZWXgYeRjHElXRupf5h5kQK2Jc64DCuEQd7WTth5XVV/mLalUVAKrrmvpfNr9Gv40wIENN6WXm/57fjRxaa4nKfI+efJgSiqtKyncdc0OiCuapKZKl5yuL0YQv6Uw2zVXkL9HdCEW1xu8QVH14phMZVyvEIn6kDU/bjLp4TaWNZ/+tcb/MyJnkaapWe18zDtDs7s2IJ+W4GfEy89o6jjRy2UW5iuCwKarVZ16y1N/eC5B+BIF44Z66dKOyiEDHigrKlQVeqhc4ybo0kwZ1aEatTYXl9OcPkSyqlXZmMg3sYUkGuurEqAqP0RAv28+m0Eb8Di9yNW1BBm1tqKvTbNq5dQSZYzwFy1BEoPLIEEN9U7KzH0/fzLVnXVRLvAiQqMjTQz+yQzuJYhyiI34qjs7RNXEkjxEBdPRRzcJDt4JcRbZU3R7Ej0LQbWFT49ilh/s+rTpGqM0g+jL4hch+H6+vkn/4AlC3intfmAJyH5coUzvZIO3sWPI0VVOKHQgol24H1jx2acxvAlb+jU1fqx+7VFVUpQWN+D1XQTpcX1Gt+seVjc3L4ld6MCCniYr3wwLKpavre5KrbUvhuKsLj0yKlnKqV3HqFqF+VDt2iY3NV/o4cX8ma2xsrLiVdWkmeTtok6amJrUx96UNV97IVHxJQLl0a/MnwqM6VAypk6v0Y0uUOa5sfKiAcunqBnsya96MDCx70Ij522i2vfSiWrXpcP6NAPJ20KbWpmZkazOIvtj/Ew2BoZRTEqSPa+X9a8Y+yWNQ6vJNbLlEYxTVOuVTsy8t4CthB5XXVfe/lfI4PNlYdIyVXdfZtEW84vtDP7IFu2dQvA91qOPYpcoj1cwbcOQbx4cViMpjlyqOSas8dum2DHy4vvha/dglPr2g0E+FhaPCS4THGG77tAs5mAn9n55hD9mPIb3Viwyl6GhlYThF2mvt48qCD9fTTkVyibr0j40fVpgOSymqxRAR1TZjttG2E86Pz8X57/VqnVHf2csEQYWhOBM5BEYf7gtRHDhw4PDewMchTGb80eTEv/hjOCcPefH6mDXaj7LG8hdnMMOYkwc3rhw41LPogzwkbDDHgEUTsIuCMEDaNS9X4pPWG6C/OxMHJ8lHZDk+rDw82cBgwKLtCCc/cO6Bg6JRWFgIoL4t002Baz8aQZ8Zhd/za36tAmOMDZwBQ1Vf2Olqov+KPE6yHDhw+M9DQHdw6o9ziMkqRHFZJm5s/BZX4YMxAzjZyI8S3Dr5BO1GrMJEjhVx48qBQ324Ow4WGq3RZ70dBvy2ELW53zfX9yANy7BskvxZLMeHFYf063/i+PVnyCspRX7qbqz5AzBfNZhLhjkoFbWuEHPgwIEDBzkTYlzAxl7DEHSPj6yiJrCwn4BFm3/DVFdVTjgcOHDgwIFDLXi2fzA+DbiF2Ky3UOXZof/cQASt7MslxByUgsoVYi4h5sCBAwcOHDhw4MCBAwcO/8mEWIUTBQcOHDhw4MCBAwcOHDhw+C+CS4g5cODAgQMHDhw4cODAgQOXECsFt3vDivHDMVl/93QJnNQYMAwDLcYN6558/MIWIAWbezPwWJIpc19Dxwm/ZxgGNj0vyfxsPq5jkUHlPXgYvaX4o5VjOS5gjhED353cbn8O/yGkr4A74/rB+sJy/IUxjAXmhnFD1TA5HsJnDAOtVrboN7HqTGllgQoOYqGHEYw0NWDlcBrF3BBw4NCo4OM6FrVmMGTjB1KIS17ezkE27s/hP5YQ6/vAe0wftJH1d+3WIKacQGnL0RWC/xfCZqCHLkMnYKCLhsx9HXqQQES4MEW+Z6vCHeuzCeUUjoX6pZzmy4DX+1XRntmMZCUnO72YQdidL2dALd+CoYwlFkUqVxZ3FjCwsjyKusL2xakMuo+MUU4DUnZh/gQ3OJo3AcPwMHaTHJMieScQ6N0G5rrq4DU3Qtd+S3H6hdj3GSewzs8FjuZNwOPxYGQ3GDO3JCotUVCqvBSFq/ZoWw9BUoElBk4eDc92SiaO5gymHVBCYihIxN8Bw+Bp0wZ6mprQa+OEMbNOI6VExvsgD7d3esPTVg88Hg/Ghm6YtU1aWluCO/MZaDE8CSKsBh/sI0LWaWfk7VuKHXeVO7SJP43Hwau+2Jv1Dk/ihkBLVt/EQjcaPO4s/JsydYOtvTaWH+bQyAnrf21c5eXtHGTj/hwfVgoflhdqSn+CuT8CD3MGUWkUvb7Zh16cKDhwkA+lrwCDcfD/pScOjFwv888FSMGuYSPxS95S/Bn5BbqqPULook8wv40RTGkOOgF4fXMXzr32wbz13dChLR//nvwGX/j3RX7TVLnPqPwvQAW9MP2vj9i7/XsWJ8LboP83M/C9XWswKTsRMGMoxiffwJXzbmA78k+2tMLghd0x6qfD+NGjKUqzU5BdXpMIFdz6HNMjPOCIK1Lv07T7UNjgIJ6nAbBXXrezMgGtLl7oqcfpMAcOHDjeznH//yqHqYU0nlrqCUdDBloauujo7I/99/gS1wi3xxlg6qFQBIyyhJGmBproOmHm3xUrNreGwqJii29rKbPHAiRi7yw39DBrCT1NTbQwcsOEgBsK2x5GL1eiF+OBX6Xd8OkSuDCD8Hu+2Gy+nTp4PB5M2o/CtyG5rJ7Bx3UssmCkrlKV4wLmtGYw5W+CABnY3qtqu/KHvG2iJPMQAkZZwlBPA1pNzNF/yD5Ei62Q5IQtw3jPjjDXVYeWqhFsPfyxQwbdqNzuPHT1Psz2bAMjHR2YtvHDznjZ21r46gwCBulDT1Ozxj3q0uHX+1VhxixDlJR7vjzIwILZjIQPaVByz0usaJo7jcIvl4Q7CShnPfoyDNTU/XEaKdjQQ6hnzZnBorPD2dpawlIGbW0249yusehhzoOWhi7s221HAoDrs4X3dfkZSE4ZgxYVtu0oz8pmaR6ysrKQL8+Sq+0i/LzxS0wZ4QwjeQLT63MIuQH0+2Elhti0haFVX/j9GYh2+BV/Vcz+Nxt9HJf+XoQpo3ujRzdPDFn1FxY4ZyPuj5uNOuwCuoNt4yxhrqGOVq28MOtshhQ/5inh464vFK7gF7Mc1/p0o+xYW2gxDBiPe3iOnRhVMe6mzHqRjVRu8WUYBhqMrfQt07nnsc7XTug3mpij14jtuCFysyUIHcfAdEAQNo3vADOj5mjVygtf7cuVz4cVZCI7o0DmFX2m9SIEh2/FkmnD4OnaHR6+f+C3GcDzC0el+grpMeEkfloowIANYfjzy0/Qw94VHv184TOoleTYlp7A0s9SMHbPAtjVFsOgBR7KUdIIuqYGQNapHja6UV98zTneEWbMKOzNqLr+4mwGVk2FPpiNf5MFBVmZyMpT/A4ptu3Mf/AzpvVoIdqBIA/nqY97kUBo07ZGqtBSNULHXgtFsa+Ss1Tfmvt4CwNz8XGr4x5s/AoAFMRsFPVVq4k5XFwld+I0hHuJ/36QozGMNDWErxhI+JUPK76WZB5CgLe9yAfW2JlUzfdvHsjAvt12JLJ0AC93CscwSoxjr7dl8MnqTFZ9ZcPbK2POzN3zMcjRGLq6unDqul2CIwroDvZONRPGrbaDMXvrfJlf9ancYtxz9mkcXtgRtjqq4DU3Qs/FVXwj++Z38O3RWiRz3xXRNXauZd/8Dr6u5tDT1ERLHUcMH3OkQj+FMadT/4gqfXq9BUOZzhK7AOqzNQFScGqZi4hnGlq5YXzgfbF+sOD+dcZG4bjqt/LHxl8GwdG8CVpom2NwwA3Isrm+vnYqyje9bz6slIQ4caMlJv2ohc+CHyMx9QyWWG/BIvsvcaG0ukPKwflFW1A+ORz3C17jRfRyeLetcJrdQ5FCBLrVC82lPjoDBeWf4tsdlxGT/hQRISNQstcdk1YrJlnk67uii/5VxF6vmay+jj6CfPSFu65wNn/4dAbD1sUi6ekDhKwgnB49BOtZJGiqcIZHN+BpWGzN715GIv5lHzi6M1CBMaaHE/iUjE29PtztyoLSE/B3GodrOutwLOIJkm5thkvRREzve0lkfPn5+Wg74Vfsv5mM1LTTWNf1MJbLqhsMcOvnmxiy7zkyXsVitfNO/OR9VCYDBwPc3rATTeZcRmx0CMa0kbxHXTrczP0b6CMa0TUIVQni/wF0+jmhk3hfWnihpbuSl094rWCkaQZN7ZpturhwAH55NAVBERlIu3cJB5d7QVelWETiw4hQXhaEIbDAwpvCrfWFdAYzdWW3tZy8DfhpxwhsuPEaea9isH2rJbQAuG8R3jdqPmBpcQS5JPx/7HGnml3RA1o58GoP3CFWsDCywazjja/jxBSjBDogHlP1mTYDwhM8ulZcC/EqRv6/QPN2hsoZeqnyKkHEbBcEHPHAqshURF2bitI//kC0nG+51Dau9emGuvczFBOBrnRGG0xDSMW4p9MikY1UbvEto10YjlKpwXj7+AH4NX4UNkem4H7UCtinfY7pg45KBNys88F4NikWaZk5uLQyFiETv6vhVwAeDI1sYKBde18vfmEMa5PxCthuVYKSEkC9qTlMWP5C9e5+RJV4o4vJ/4REvbUZevdaXyMRODNzJBKG7MW3Hera8q8FaAOqb5U6BQqmCEATLZl9ExvdqC++6o+8js1TjmGtXTCSAbw+9ylmbR2ExbHC3Rrs/Bs73eDjOlZ2MUb3FpsaNOEpzV7ZtFPw7iD8XRcgwWQbwh49ws1gN2Rt7CMX56ktvgqQgZCRnfD9NS+sPp2G1LTT+F/ng1hi/w2ulwpfnRo3Eniy4ozI9gRIxD87AMN5o9GpgsTXdQ82foWPOwgcvRBJBnsR9vQZ0mKOYvVMyVNkG8K9Kv1yVo45Riw9gcsPnuH+7fUYkCf0K3ky6H9jxFfBu4Pwdx6HY1kzsDkyBakPjmLN8Fd4mi49Gd45wAV/3t+GA4+moyNPcbZeV1/Z8XaAr3IF17c7Y/3NDOSl/w7HrM/x7YZMibg173hPfHcpFVH/jAfz+y9IkDNuPQhehuCWf+J0TjHyU0LxTd9mwjn1+M8x2O0U1H2OIeLhI0SEjEDpn73wmdhET+ndCfB0+wP/DtyMSw+e4U70eoxUe4YXCrI1AHh7bACmr9bHhKPPkfo8Dld3zUaPVgKxBKtu7s82Nr7JC0FY/gZcSn2LlFvuyFnjj9UybN+vr52y+KYPmQ83nCBWQzmF00ILUJ/FGVWflQXRYIDG7xCIPiujXTQKoD7zkqlO3OpFlphGIVQ/ouaDbFuGUpH4h2nLqSe600+PSSYIKJcODwe5j0skIqL47cNo5m/JoufYO92gQrpA/vogn91VT+TTC9rbD+Q6L4XVc57uBFljO70govwbAeT3xSl6QUTvzjqSOZbSbbFr+ZRMm3pJypZk7OuFKaAObmEkL8opnBbqg0YFFdX4LmcHyAqBdE/8w3gfssF4OlBay/3KgmgIOtHCm8RKN8roPPkbSsqgMMSKTLCArrLsQ+U9xMeoMFhFdI/6dLiMzpM/mtCME0R8SqC9031oa1g58SmB1ttIl837goByaW8/kEO/G1RXq4TjYCExDrLa2r0AkD586VBu3b+ztDhCuQ3oU87+FqQFHRq3X/57lNFBmgDQmN8EMup/FAXagGw67qOEYiJ694IuzG9Kuhoatdpl9jE7aotBtO1R4417OZ2gCQCN/alIwk700aPKP6QvJmd40C8vqn4XvkA4PrKOa71++EpnalOPHy+jXTQa5jTnYjUdzllBbrCW+Lz0iieZYhD98YKIqJhO+UjqlSBnBfVFNwqMk112p3xAzTCItuY1cBDSlpMXYywRH+rFlc6kq65Dbcx9aXPYPbqfeIQCPEDm2CTyq9khPagrAuk2EZXRCfIDaPCGmoPDp2Ta5g7q6hFKycXK0bOizF00zbiOmMSyz9J0o4zOs4qvguJ/aLYFqMc3gTTKqDWN+D23wf6t1tjXGtSueoxTpN3W0c7CYBUyxDQ6XiJpa7K2p07u9dCvhk8op4M0AS1pxomqmN4ZAytsT2hrPdGdVsTLcI96/Ep5hX+uLZay1Q1Z8e6sI5liNp37wOLrs80gI8ym8yV187JP1lykTQNAndtuE8YnWeLqDpBZhV8RyjOBAm1AfVdlyNTXOnl7+mJyQnsJOVyYArKzDhPFLb9qcavgbDfJuMUClVzZUncfvZAyZqd8avbj8XqQRQUXr+T/7c1r4yrCmNOx342q+xbKxmUrn2lSjefX1Z/qfrb+2CgcV3G/UU5RtNQMNOwn9nGpvnYqyjd9KHxYVhQUFFBBQQGp1JwNeYLUFMDCXmxDolo3OJoBGY+zqi3S8dDBy0K+RBx5uL15JDxt9aCrVbUd8x0/XyFbxBjoofsAIOdsLF7iBnb/egphX55BPNIReQcw9XFE05c3kfQSODRZW1TBWZUxwcQLwOv77GZt23b1gTZuIKqMj6g/f8TpP7bgZD7wMDwW2m5eEiuNHzriw4En+BqdmaqK1kyXQ3iKLGT/WzE/k/oX5o9uD3NddTAVW4nO4Q1K30Im3WjRvmq1rRmPB0KJzFsc21iaVd1Dz050j/p0WBXOcB3xFg9vZoJ5GYItwcew67d4oOw2bj5wRo+eH857ogz00H9WDxRcGogOvUZh1ux1+Ov8c5lkJYutNYMXlD35pz/+FYooHwfGN748VeGMuSHr4VT2GTpp8aDF64qleT/A2+6d1Ovz786E9+QyDAjZh+nWjddOlZfxSIU12vWu0sVmdqPRTs4Cg7WNq7L9MAAwiReQgU5w7iq2umjnCRM8wb0ksUlhSyOImshrCR6KkCXHxO/Qg7WtIMqAvBPw9/oBgs9OYZcM742XFauhtAzo+b/t8PfqBFu70Vj9qw9UsAPH7gJUuAuzp5TBO3IBXOrdvmWBiZuWQOPOUFhq8dB/heIq0BLysK8/A22jqbjAX4pV/zNSvK29jGQVXxlef2w85ov8dV/jYeud2PWFnpJsX1hYUnwFuzGRniiAFhzRSbPqsw69rFCGJDyWOS5Ij6+vE68iAVfwlUlVDFdjxiEYb5CbLtyNwLdfhOGm53DioFCfnh/+Hhn4DN727O9Rn19RQX/MnA9c8bdD92HTMG/1NpxNeCOzbtS78yVsGXx7tBb5Lo1BsXiNfBR9YPH1wR1A28IL7pp173qLWjsaX/+jCY3udrDgKVb/FNHXylXPtmKFE3ktgFJ+Hoor4lZStbjV3M5L7rhlNNARxjVWVZMReRuIu9AT2mJc1XoR8BapeFGx6yEyAWjr5wa9Bsutdi5rNToQXVqtxgBzL4z7PAC/7o5CpgwCZRsbVWEEY83K9mhBlweUlLCP0PW1U5G+6UPnw3XrdoPQHBpN5Pvlm2PdMGxuIVzWJiK1uGo7piLR1t0HqgURiE2+jLtaARje4xiu/RuPyHBbuAzUqliAtxZtgxH/SzjvxuoZfHtvdEIk7jy+iX8ixmDS3Be4eDYD8VGA8QBHfGwleCwtjqComize0iXMMxZug1o1fCqu5vyAkPtFICLw3+3EQKnUuW7d4CngxCT1JvIblWsvIOtsDJ5dPALMWATz8DDExUXgPrqhc5cPa0xae0fgftZlbPvcDboFwVgypCP6f5eiFFtjdHn4/142StN2IYIfEkoyUpGWk4mIXW3xLg7QN5bcEl0QtxSje4ahzYYr2Obd4j04/2ojocXU/6Mi2ca1MfzwR4e8E1jYeyTinG4gZI+TTPagrmcMY5ijTfuqX5GhM0yRg+dpABOzC2GFd7CyjzZ4PB6a8j7FDgBnAoxhZbpDYpucACnYO3cN3riEIrm4BOe/11Ogbunhs/OEosxd6KW+Giv/p5y6Fmzj69PrB5GpoYGC+5eQyB2C0CDu1QKzcY6qy7wEh+cyoknBcROE26afIQ0ndgDtFo+WmCSo7x71+RUGenDfSEh5tA3zR+qh8NJijO3sgjmXSWbdqDURzVmP8QOD8GrYccTkVfz+ci9oATIR5MaMr/Vk1jBqE4Qbtyei+Mg0zD2r+HMNGtrXRp/ANuDVKqu+qzJq6E4Wrap3orFW8TPFKAEjG5c1W4TQzGSc/dUXPZrH4K9vu8HLJVjh796qo+bsrkBVhinrRmrnx8CHZUqIGVjB3AJIuSsWIMtvIzYNMLZW3Dt0D8OfoJmFP5aPMIZexSxbmpQ63qTNgIcilBbJ/gy+vTfscBuhf14BDZ+DyaOjcW7NOSTAFa4dANJ3haPhY8SFyU8GGPSCZ88kRGw/hmjdcZg/0RrpZzfg8i0b2PeXjcCw7uvb4gbMiPDAayJ9dqlDb6Ao5VKN94REyvL6NuISLOAVOAGOxurCz+5fRyo+rFLybHTYyn0ImPgz+Pm0Cpyn+KOffTB2HbkPvrkXuslB+5RVrEU0aq26YsCkRVgTHI9TcwuRseqy1LL3pW/ltzXWyG3g2mFDimrJMCZZWVnIflVHYmxkBIOWwNtzG3ENnug9qCoYlsYFYJTnX2j181Ucmm5c+1MqCjgpGgL9LrDRvouM+1UE8l3qLWSLBWzS0oYmisX8RQmyMpTjh0G6YOTsC3XsB2Mk4E501Wdl9y/jBazQ2VYJIy9nUS0AoJLzWNh7JCLbXcThw3WsLtSiw/yug9EByRLjxmTdQTb00cYMQM+DiE1PQlxcHOLi4hD9aBNGqQJe827gVORYidUQAZIRGQM4fz6k9tWisgy5+woAWobjMM0NSL+WJL/Aa9ENtvG15GEApvh3wtgLEfjWdSO+GhVW6zugpQ18n7ogKxPZz5WfcUtrp2lHFRQjFgmlkvanCVsoavNJs459YIQbuFDP+4WdJvtBs2AfQhOO42BMdwz2M5L5HmygY/0JxvltwI6wa1jr9ADxfybJpBt1xvno3XhUPgozA9xE9vHsfjjKPsD4auNcN7eqhMW0wXBy2YTdAQ9xavAcnJJhUwiPp4J3yBT5AgEykJYmf1/ljVu22o+RGlPlkQrvX8JTBZ7wqgJLONgDz3ZE1OonVNARrp3quoYHnhZQ/raKy6hkJCFfjnYyahboPnw65m04h1uHPFGSeBT/vPvwYmNd7VSsb/pw+HCDE2JVuGOyPxC/1g8bwp4g83kEDkz0Ryxmw2cCo7AOmXYCSlLO4FLFG+4vz07Hj6elJLX6rnDQv4fTa8KQmpWNglz2QmbgAk+nOziwrgh9hhmhc7+ByPzjL7zR7QtnTUAF/TDvOxXELxuNuXujkZqThge3T2PP0hFYd4KtAI3RvQ8Qsz0YTYd4Qd9lEuwvbsQ/hW7o5ShjAs+ir136t0BB/A7siH4lFxFSgSVcuwP3N+xARFoOMvOr7mHiexyDjLdg4fDNOP3gGVKfxeLq4UDMmbYXyQComTXMDFIQfzpF+Ju3d7D5251Ib4TjrGWaVWShwwKn0bDDFoQEe2GIgzH6DI3H3j8S0XqCo8xbbPjlO+FrZAx3z4uKT4yQgZNrF+Cv0HtIzcpGZuphHLgINO9nK0GeSc0aZoYpSNgdg8zSUgm9YGtrbO22MP8MDqe+lWuSCmhgUa3SPKQ9jEXc43TkAch9Hov4mIdIq574Pl2OwW2MMNCvZhXssmtb8OP+C4iMjMSV/V9g5KTbaD14KT6zqnDnD1ZhUL91KBv6J5Y454iSl4fJhdXGJhGbPzGGg8kKXFO4DvfHlEnA7S+DkFgirPr655rL+Fc8IdZ3hYPBLVzYLbTHkocrsOWicvwwLHpCH9cReiJDpq1awnZOwLSejxHy5TKhX7m/F/O/vIym5n4Yaqx4+5e3qBaVnMeyPgNwKjcQS3/UR07luCdk1/Cztemwitp4zPJ5jXM/TMeB68+RmnIa6+ccwuvKLanqxjBrZwMbG+Ffh3YG0OMDPANz2BpVL2NTDBQB/Dp2wtz51gRtTTyxXu6zinkgbeEkq9yoRTfYxFcBLmDp2DWgibvwa++u8D8SCJ2zk/DFPkkaW5d/Y+2nK4pqdWu7SWmnCNTVziZjguGlsxOrJxxFTHo6Hlydg2+3qKL94gkK28ItaB+Ar0bEY98YP+y6+ARpTx8g7sZ2rP/0G/wtJlJ++5kY3ukcfpn0OzLwGUZbyX6PuuPWBQRN+x0hMc+QlZWFh5GHcSxRFa17mbPWjXrRcSgMEI0LFcUQS9K2YvEaoPwDjK/Gnx/AIOMt+HrQdlx68BRZ6Um4uncF/oqQbpNOq6/h80478b3HadareM2cp8IIYfj7MgEoQcrBxTgqUJe5r4qIW9e+nIPtsc+RmXoYi5ffxjsF2hgDPQxb6YumqTPh87/TiE3NQXp8BI7vnIVpgYlV1wSMh1rqAoz/LgyxqTnIenQDR/23iGJ1h95AXkQwTuUJZRO6Zgcey8hlHx2dgzX7wvEgNRtZz2JwaM9llMEOnTQ+rNhYXzsV6Zs+BD4svwOv5QXwk/OdycZQhXjqOmTXdTbtvFkupYBK6xoFVMRfIAeq/2mKXioX8BPo75l2ZNa6NbXrYEPu/TbRH3OEL9FXfwk+M3ImeZqqESD7S95R80HGomJLJ8ivabWCHpRLt3aMJA8bXdLU1CRdE0fyGBFARx/JVsihsmhA5cv8lS/3VxYoMERNeehLKVpQX18F/ATa66NFhpogBrryFSbKOECzuzcjHmoWnynOOEhLRnYmMx010mxmSO2cB9HM9XdEY5J/I4C8HbSptakZ2doMoi/2/0RDYCihB3XpRmVBLPECbXSmExnLUAiDzT3q02E+JVCgM6ijW5jw5fyHfmSHdhJFQ1i/6J+zgnowIKeJ0UopInB1fU9ytW1JuhoapK1uQ58M30bRr6TUADo7ljxN1WqMK1tbuxcg3f4kbfsa/TbCgAw1hTrsMEL2PjeoqFb6YnJUleJXqhe9qLhOWvtKbywmDxtd0tXQIF0TRxoz/SI9ES+UFwTiSbHX6rIppyhaai4smPRECQUk+IIo+nOqJZm1bk1mlq7k+70Pda1WdC/7zERyNdOk5u2E4/rrdOlFtWobV7a6wacXFL6kM9k0V6nhm+4FSPP11e7x6h9aN9KEzHTUiKdtRu79NtH1V7IVOFF6Ua2HfmQrpR8t4EvBMuiwoOiacNx01IinYkjO3WuPJ3UV1SqjEzQBanX4pGK6MAWkg1G054X8enZhCsiyS6jcRUrq0o264quAcunCZJAFAumOWAGh9AMmZArvGkXsavNvH1JRrframR+9gaa66gl9uY4jjVx2kWQdurriq8im53cjh9ZaxFPXIQPLHjR68uEaRZruLRH6zv5SCqqxuUddfoUviKJtn3YhBzNt0tTUJD3DHuS75LpEXxvOvYopfocXuZq2IIO2NtTVaTbt3DqCzDG+hr1+CPG1OOMgLfG2EPlAp08CKPS5ZFEtcT9Q/GAJuaGF1CJztfZlgz2ZNW9GBpY9aMT8bTTbXrKoVl19ZcPb2RRyrIxbhhrq1LKlJ33x11fkjj70mxxFteoq2psVsYzGdzcjXQ0N4mmbURevqbTx7L81r3HVF8b6FjY0bPRhke3zBVG0bThIt5kBmdkOoi92Laa+6FyjqFZdtpZ2ZjIN7GFJBrrqxKgakk2f2RR8t1yiOFm93L/O2Fh/sTRWPqm+dirIN31IfFieoloMERE4cOAgN14fs0b7UdZY/uIMZhhz8vivgF6uxCetN0B/dyYOTtLiBMJBoSi4NRF9Xe9hRHwcvrOXtuJ5Bz+Yu+BCl2hcOe4k97v/CQEMBqxZgN25G/CJHid3Dhw4KBB3x8G2iwp+KN2PcRqcODg+/OGhsFC4+0+FGz4OHBqCEtw6+QTtRqzCRC4Z/k/hzfU9SMMyLOOSYQ4KRDkOYYIqA8Mhd6D32Wr42Uu/TuXlWdxKGwC/LU4NKoTX8dsDGNdnPyYaMbByOI1ibgg4cOAgL56cEG5pzXuHklfXsf37Q1DtMgEDuGSY48MfOLgVYg4cOHDgwIEDBw4cODQMD1Zg1LgtuJyUhxI1Yzj3XIi1B+egZwtONBw+TFSuEHMJMQcOHDhw4MCBAwcOHDhw+E8mxNyWaQ4cOHDgwIEDBw4cOHDg8J8ElxBz4MCBAwcOHDhw4MCBAwcuIebwH0P6Crgzrlj35MNsXjn+whjGAnPDuKFSNp5sYKCloQsrc19suCVQ8tNKcG9zXziaN0Fzxgkr73LylwtPl8CF8cSvGR9PkxOWMrDSC0YeJ68G2c+REQzsx0bUesXLAy2hxTBgGAbGzDKFn5PN2QEHDhw4ND74uI5FrRmM3vJhlj8UIAWbezPwWJL5/ych5pdvwVDGEosilduAOwsYWFkerZMgXZzKoPvIGKWTjDvzGWgxPAzZKBtdu75QSDzE/6qTFQHdwZ6FbnA00BYlHkHxyulJ48irgbhqj7aMH47VqZyWGDh5NDzbKdm5mDOYdkDx9yZBIv4OGAZPmzbQ09SEXhsnjJl1GikliruHoGwXhjA19U+F0YPvThLp9t394+Fpqwcej4cW5l6YuSVRopqs1UJCUVEM/tflALZ9cVaplWbLcRD/+/ISTKY/RjbFSD1Spi4d/q/5ptf7VdGe2Yzk/wfBvHnPWRgw3wY8ZdlzI+nGhw798a9QTITCYBWocRzygwIbv8Kh8fFR+HIWvKkxfKgyeRMAEPJwe6e3iLMYG7ph1jbZZrxKUv/CrCFtYaSpAV5zI3R1X4ijyXwRJ7q2wR2eNm2gq8VAq4k5uvZbipDHkjlBfbzpv8bb2egGAz10GToBA10+vrLiXKysQMGtzzE9wgOOuCLX79t02IRTB92FCiHQgqaBudiMSQb2e7vgmzvT8M3Wn+BppY6cpPsQcKe11DNb0wvT/+r18Xbg37M4Ed4G/b+Zge/tWoNJ2YmAGUMxPvkGrpx3Y3dUSj334KmPRNADB+QXM6KfvLv5GUbObo8Bo4Sfld7ygfeEh3D6PQxJ3i1QELMK/kMH4guDR9gzuqoVjJoFXHsBZSeykAHAUkliUX35DAXUGX2GGYMzgf8W2g3egqDBnBw4cODAgYN0PNnSCoMXdseonw7jR4+mKM1OQXY5+wSLj+tY9slUXGm9CUcffgqL8nvYN+0TLLIyQjtaBGcUA036w+c7V/xgYQBdfgL2fP8ZvmrPoC2tgosMvIlDzYS41zf78FEyd6oGQXYgeQGEan/NMIi25gmv4VMC7ZnZg1xNW5CuhgbpGfYg3yXX6UW1e90LALXpsInO7hxDrmaaxFPXoc5tt9E9IgqfVfMZAMhhRHT1JtGFKaBuUj4XoSSXMjMzKa+I5AK/5Dj5W7nRqgcnyQ+gwRtyZfp9+AKQZZdQqvXx8T7UCR7022NqFNQmL74giv70sSAzdTVq2dKTZm79gnqiO/1U2a70xeQMD/rlRbW+WRyR6Ftd41qfbrwLaUM8KePeDoF0r+KaMjpIEyo+V4cNzbkopZOv/qGfxtuSmY4a8bTNyH34Nrr+qvLLYjrlA2rXfzP9Nq49mRo2o5YtPWne3lc1blNO4bTQDDR1f+3yLM7PoKwX+VSkgLGJmg8yxgK6qqR7CCiXDg8HdXQLE7U3aj7IHJvoSVWP6PpkUHvzI1Rd058GgUybil+reAhyVlBP2NOKeNl0mI1vIiIqzjhIS7wtyEBXnXjaZtRv8F66U1zpu67R0o6gHhOjq8YzbTl5wYomHhF+8iH5JiKiwmAVsoaUMamw1+XH1pK3gzbx1HXI0WmbqK+V+nBrx0jysFUjTU1NMrb2pm+OStpBGe2i0WhNUw6eoiXeFmSooU7aOo70xSGB8B58oU3bGKoQT8WQ7NwXUPDdcpn68Hh9lRwtdffV0Ds+JdPJpc7kYADiqeuQgWUPGrcukb1OsdENNvJqYF/L6AT5aYP6zgsg7y4GZGBgQJ1cAyj0OfvYSESUl7SRprrqka6GBumaOFaLr8V0eDjIcnAgrRtpQoYa6tTGwJtWn/tXqu60xVLpvqKOvgp9sCn1G9ONzJq0pq7zt9NvI0F6WmY0fFNyvXIop3BaaA4a85tAiozOk78+aHKFftVlr6xQz7hW2sBAByMy1FAnXksb+kQsXlS2tXrcfxQEMhOLSw3VDTZ+hU/JdDLAQ2QHdl1ny2xrfEqmTb1AbrNC6e8FdmTTXIU0mxmS27dVz8mKWEbjXfVFMXr88jsim8zZ34LMqsWXcjpBfjyQz+4ihfkVNjbfYN3IOEDzvbuQjUFT4qnrkIW1N30b/Fwm3qRI1OrLiSg/eoPI5nnaZuTcvcpvsOFNbPpal26wja/K5k2VuuYbJH/Q5L9eT15QlWjfu5A2pA9v2llay48ih1BbeIr4sCy8SZm8XUC5dHV9T3IwAGmr29CAnwJpmjFoVIV8yug8+RuCxu8Q87VnOpExZtM5BfF2dnnhC9rmXvmdJvVZnCEjb39/KCgooIKCAkKtSlkWRENgQQtvSnO452nT9J/p2MV4SsnMoqSItTSqDajvqowaQV+jtRl59NxLN168o+LCZLoVeknCGUTNFyZcdSlY+HzQ4B9qJ0c5+1uQFnRo3H45yDnl0qkpoD7zkoVkRs6EGM0NyUBXnXRbSAbbyiSjld1SOrhhGLmatiBDEwcaMvkwJRQrZ3Cly6uYwmeCWqlOo33RzyglcQ9NdQDx0EOuhLi2cWWrG3SlM7XBNAqpk1zuotEwr5EQ8ymZtvUHGdstpdCkp5SSuIdm24Nsuh2pMGBhQqyBHvT1mbdEVEzxW3SpLWbT+ZLqzjeKAnvY0OLjtbfjlI/0oCA7iil8VkMTzrrvwX+9nrwYY/ryVJVzDJ8JssB2ievDZ0pPqp/urB4ElID0xZITMTLafJ2+qeQ4TTME9ZxyhCLup1PqvVAK8AA5uIWJfExx0kpygzV9eUpAfEqgwK6grmNu1Ajc79s3iZz12U/I1X2f1ITYEVpk3WUBHYl9RPdv/kCDW0na2qMgFTJgvGnDqXuUkp1KkQdGUke4UmCcpJ2NAsi4zSD6+vgLyi0uobwnJ+lcRBnx6QUdGQYys1tKR6OfUubTaPp7ljG1wwIKL5G9L/cCpCfEhSFW1BqDKPD6c8rMTqUH1/bSrzvvyXz/unSjPnkpoq9ldIL8moF0VKdR6HPhPU9NAVlXs786fWjpAfLVAbmMPkLRaWmUdMWfvDRVxcZVmBCrwIyGb4im1PQkOr/UggwxiP54wS4hrq+vlZOSg39IpIf7PcgIBuTzWzLF7+pAVlhKt1n4qVM+tRC8nBXkjj70ywt29srGn9Q3rifWzKeth29TUkoWpSSHUmAvYbzIFbP19jr7RASQTwm0yQnkOi9FYbrBxq/c3QDSxSBaf/ExJT+/QXvHgYykxC02CXGL5g40YvV1Si4ppeKXd+j4+UfCObq46eSELjTp5+t0PzVNGKNNtES8R1AYRINhKBF3S694khl86UCpYvwKG5tXiG7cD6Sv/vc3XYp5KNbOLlL9Q32+XCHEuxZfXk5RtNQM5DoilKKzsinrQTT9s2tzjYm0OnkTi77Wpxv1+tDG4E3xPmQPb/rp+DfCSSx9U+rlHlhTFlRP+2xAXQdfpBdEJChLpsM+IJuO+2os3BER0esEOuwj5ESVtiYLb1IebyfKPmZHJnCluQefUPLzG/TneBAPmnIlxA3l7Wx0o1LHqifE9fP2jzQhrs3J27YMrZE46cOXDuXKFxzYoiGkMzukB3VFIN2uJDNyJMQPT66hXUeuUkRsHF0OmUeD2kkSoKj5woS5e/dNdDr2IcVe+h8NbiUkC0WNNODldIImADT2pyIJEqovZ0Jc37jWpxsNSYgFOSvIDdY1ArapiBAKyZi4XglyVlBfdJMI2GyhsIQ4bTl5McaiWXZl3OPxepBJNcJaGOJCreBAs8+9Eq0+jWoL0pci/5LI4WQFD1p95a1yVocpl25vMKQ2mEbHS+TU5Tp8U84OkJX4rHlFgLXBeBGZIyJ6usOYzFSm0Zpv7MgUS6WS2vftm9gkAk5oS/NOVCUhF6aA7KzDJFbixHWFTy9ob78qoi9OXPvMk7Ly99Cvhk8op4M0AS1pxgnFJcTS9FbRulGfvBTR1zI6QX5NQe7LkiWe2xXdJXZE1OVDC4NVyLCafUTNF18NEibE4mSNX0GK+i3PZZUQ19dXYUJsS6sjhKsDn6C38Nr0xdQN4+v02+KTa9bYTi+IKP9GAPl9cYpeENG7s45kXjHWbO21IXYgDe/OOpKpOGGM96HOGCiaUBDuYhEbMwXaQW1+pZzCaaGFJJEsLwuiwahGdlkmxJa6Ncm/gHLplA/IoZ/kBODj9UJ9elFxzd4R4pMZQnl2rNgFpxC/wsLmFaIbNWSTQIHONe3kfaO8YgJqVH2roix4U119rUs35OX+CudNVzqTrroOtTH3pc1h9+h+4hEK8BBO1Ms0RZp7nBZ0B0GTRzyArI0Da65GXu5FhhWrnQYm02jvk3K5eJOyUGlX4jv+Kldr5UmIG8rbG5IQ18/b339CLFeVaUIebm8eCU9bPehqCYv4uPwMvOPno3q9oGbwgruecrd9649/hSLKx4HxMvajcBdmTymDd+QCuDTg+e2HLcaU0b3Rw6ELPLx/wfE9nhBgM7aKvXiuXWiLaSFzMNihPRw8f8Cvi4EXJ4IR1Vjv476MRyqs0a531bsPzexGox3kqyhc27jKohtyv6OQeAEZ6ATnrlWfqdt5wgRPcC+p6jOepRFETeS1BA9FyJKjIsLQg4RCOoOZug1odN4J+Hv9AMFnp7BrkpZS7sHHdfy+BbBa7C+hz028j+PA/EKEjGgJHo8HG7twOE/tA1Upj1DvvhVrfK5gpUcTtGb88Y8ilfDuOFgyLeC6kAe3bSsxQlPxeh4fDjzB1+gsXmSsyyE8RRay/626zmRaOFb13Ynl63QwI2IV3DU/LN/E/j17S5g7i5QcvBZAKT8PxQBUX0Yi6SVwaLK2SBaqjAkmXgBe38+s9t4PDx28LGrc/3XiVSTgCr4yqZKnGjMOwXiD3HRSWD+sRgeiS6vVGGDuhXGfB+DX3VHILG5ceSmyr23Nq2pIlLfrAFPcQmoiOx+aniiAFhzRSUwnO/SyQhmSIF7zRaufrdh7/h3h2hl4eT2JVfvY9JWBNjS0AWhpgwceNLUBkBY0UYzSdyxk0NUH2riBqDI+ov78Eaf/2IKT+cDD8Fhou3mhkwz22pBxBYCcsGXw7dFaFJM0BsXiNfJRVOk77RdhuOk5nDgoLHX1/PD3yMBn8LZvPDsgPEFqCmBhb1T1oVo3OJoBGY+zZL6f0UBHGFf7TIBkRN4G4i70hLaYzK0XAW+RihcV7wCOmGyFrBPBuAaAj/M4eBBwDhgMLQX5FTY2rxDdeHsHe2dVFDNlGKgynfD1HU28y/2wSpqpoD9mzgeu+Nuh+7BpmLd6G84mvJHtJjL0VZpuKBry8qayYjWUlgE9/7cd/l6dYGs3Gqt/9YEKduAYyxMpBEjBvikjEcZswunIeMRGHcHY9l9jhkWwZEGzngdxOSkJseH74Ge1E+s8dyFBDt6ktFdakYK4ZKBVb1tRvRV+6y6wNZTvfh8Db3+/digH3hzrhmFzC+GyNhGpxQQiQtT8WoSgy/tgC+cwMbsQVngHK/tog8fjoSnvU+wAcCbAGFamOyDvKQ5qXYfAFPeQmyr8v64JoAtbmIp5IFOLNihHFjLeNWJ/q4+EFlP/j4pkG1dZdOM/g7wTWNh7JOKcbiBkj5N89sDiHvyr3+NwyiD4zjWqZuTG+GRjMjILcpGeko1UQQjGNr8KVRihTfVgdGsWlhzywHdX3iKdgjBAkXKwP4iUklxEbihBxOff4USpcsRtaXEERSTUvcq/t3QJ88QZQOk9XEoDoJKKqNv/f89rKYE1Ft6UlAURIeG8W7Urm0OjifR7tMBsnKPq9yjB4bmM4hpqtgihmck4+6svejSPwV/fdoOXSzAae2QU1dcSFpcrIzbydRq/r7W2xd4bnRCJO49v4p+IMZg09wUuns1AfBRgPMBR1HdW9toQUpmzHuMHBuHVsOOIyat4xuVe0AJECbMqnDFuAvBkxRk8QxpO7ADaLR6NTo1tBwqEqgGvNpaNvqsyaviErIpiQgDQZGgAXHAMh8MA/tVfcLlkGrxHMAr1K2xsvmG6UYLri1yw4LAjvgvLQS4R+JSMTU6lH9xYMdCD+0ZCyqNtmD9SD4WXFmNsZxfMuUysPb0sfa1VNz4AqOsZwxjmaNO+yjuSoTNMkYPnaSwTm1tfYsVJD/jtFS5C2TiPxuo//MArWCGxUAV1Y9jY2MDBfQJWnQpC22cLEHhSdt6kTPAEgFrTap/x65lUYNQ53q6MhLj0bc3PHoY/QTMLfywfYQy9itmFtIacCZLbwDmI0jxkZWUhX9YVhZ4HEZuehLi4OMTFxSH60SaMUgW85t3Aqcix1WbQSpCVlYXsVyxmuBKvIR2d0aJikaCdsyfUkYp0MU+flfkcajCEXrXCeSUFmcjOKFD4QAv0u8BG+y4y7lc52Hept5CNqiBHWtrC2f8isT7LyEhZ6wbpQl4aQR37wRgJuBMtJvP7l/ECVuhsq4SkomJM5FmwopLzWNh7JCLbXcThw27Qk0OH2dxDgAyc3HgZPHM/jK2NLGjqwcBYBxq4g+PbAf1+gyUIHwDk3D8JPkbDp492LWS9BAVZmcjKk5NUaOrBZcwUmCIRD5810Oyl+KYOvYGilEu4XkfzBMhAyOSRiMzZh4iz3ZHw1YTaj0B7X75JEYmAviscDR8jLkz+8wCbdewDI9zAhUY4xohRs0D34dMxb8M53DrkiZLEo/jnneJ0ozH7+vJ81ZS32qPreAhXmHdk91vTjiooRiwSSiX9qiZsYS12XfGFJLHVjkRE3gMMqzlAnpYxBCiu4bsaY1wZ9IJnzyREbD+GaN1xmD/RGulnN+DyLRvY99djba8Nbkf0bjwqH4WZAW6wqMgDnt0PR1m16zpN9oNmwT6EJhzHwZjuGOxnpDx5SfErDKxgbgGk3BWz1/LbiE0DjK0NFfJYFVjCwR54tiOizmOfGPWRGDc8FTd/j8D53Zeh5TYB/TUV51fY2HxDdUOAZEReAZw+X4ZRnZpCCwAhAXGP5GxsWYbcPIAtdKw/wTi/DdgRdg1rnR4g/s8kVrxJ4X2V04cqgjfxuw5GByRLcFUm6w6yoY82Zuzia1leBv4FA4G2uOxaAShGeU5d0wqvUfYvycyblKUbKugIG2vgVVSVrTHlj5H0UtxvaIGnDbz5t8qn5GfEKoe3N0A3Gpu3KzQhJjVrmBmmIGF3DDJLSyUG2rQTUJJyBpdeVAT/s9Px42n5GmDaCSjMP4PDqW/FEjEZyUeIFSyMbDDruKxTUcYwa2cDGxvhX4d2BtDjAzwDc9gaNZe89ulyDG5jhIF+MdUc0QWs//Qb/HX0Gm7GxePymZXwHXsSKpiDWa4VhKjPEoyxOIufP9uBSw+e4kHEb/hqLWAyYgJ6S9wrEZs/MYaDyQpcU/RsMfpjyiTg9pdBSCwRnm/755rL+Fc8IdZ3hYPBLVzYnYJiACUPV2DLRdnHk5VuWPSEPq4j9EQGSkpkSzpIfwKm9XyMkC+X4fSDZ0i9vxfzv7yMpuZ+GKqEfUAXvzCGtcl47M6XPRle1mcATuUGYumP+sipmHh5mJBdw3HWpsNs78G83IGtJ3XQY+2oGgmzAIk4tX4Ljl2+jbhrR7FlpAtWP/DE9EApRz8VA4KmdQSr8p3wNTKGu+dFueVJWtqAxMSLjL+vwzeZ+B7HIOMtWDh8s1A3nsXi6uFAzJm2V5Q8PD/YDYsOeWPx/Qlw6L8Lu2ZewUaH9Ygu+YB8k0Kcez/M+04F8ctGY+7eaKTmpOHB7dPYs3QE1p1gSSrbB+CrEfHYN8YPuy4+QdrTB4i7sR3rP/0Gfytw1+Gjo3OwZl84HqRmI+tZDA7tuYwy2KGThuJ0o9H6ygAJBxdhVVgyUp+EIXDeDpQ0mQBfe3Y/bzImGF46O7F6wlHEpKfjwdU5+HaLKtovniBBxNKwCgEbo5Hy7wOELZuJkCxvjJkuaf3qXT+DAUIRvDMF2RkFIuLYGOOqAmN07wPEbA9G0yFe0HeZBPuLG/FPoRt6ObK31waj41AYIBoXrgk7X5K2FYvXAOXVfVv7mRje6Rx+mfQ7MvAZRlspxw5q8yuqcMdkfyB+rR82hD1B5vMIHJjoj1jMhs8ExaxCM9DDsJW+aJo6Ez7/O43Y1Bykx0fg+M5ZmBaYKHHdgClWSL45B9+HtoLzPE9RrFCEX2Fj8w3VDQbGsOkCPD11CckVJD9i2QgcfSPf+ah3vjVBWxNPrL+reF8twAUETfsdITHPkJWVhYeRh3EsURWte5mz4k2K7GtDfKgieJOK2njM8nmNcz9Mx4Hrz5Gachrr5xzCa7FXGOqLr2o9p8NT9TJ2fbYdlx48RWrKaWz+8ic8Rz94DgAEpSewdNxibA0Jx824eERe3IGFI/wRhVEYNJCRmTcpSzcY6GHELBe8OrEK2x8LxzX2B39cgqZE0uzhAjzeEyIc+5LzWPtLTf+mCN7eEN1obN4uH7msq37P2bHkaapGvGrltQX8BPp7ph2ZtW5N7TrYkHu/TfTHnJrFUmoroCL5AvY1+m2EARlq1n60SWMVrqmzqFb6YnJUrdm+coqi30YYkKmRUE68ljbk5VuzlHhxyi6a5SE8IkNb3Yb6jT5So8p0OUXRUnPlVfnlC6Loz6mWZNa6NZlZupLv9z7UtVq13+wzE8nVTJOatxOO66/TpRfVqm1c2eoGn15Q+JLOZNNcpcbxAfcCpB9PIXGPV//QupEmVeXb+22qcexSx343qtpVGERD0EmuQhFyF4d46Ee2UvrRAr4UzFaHWd7j3hKQiViFxOpFDg5PNhbKSsWQ7LrOpi2X39Ra6KR6ZcXqhRF6MCCnifIfTyEscNa5zmOX6q0tVotvIqo4qmNkZzLTUSPNZobUznkQzVxfcaxIRVGysXvFC42cp4Xm1Y5i+sB8U23FhOorgic6HsVGlzQ1NUnXxJE8RgTQ0UfVi9e1ln68WaVNz+9GDq21RMejjJahSn5lcZ3qOix+pFramck0sIclGeiqE6NqSDZ9ZD9upl7dYCOvBvdVeOzSwLWbaHwXdeHROe4LpB67VFdsFD+CRVvHkUYuu1jLsUtapKuhUeuxSwLKpVtBriI/K67DdfW1jA7SZ+hKgXFC3zkU/YVyTFtOvTCSdVGjd2cdRYUbK4+EqyzexMpeFWIHxRS/w4tcTVuQQVsb6uo0m3ZuHUHmGF/DD99bIjwypL+UI0Maqhts/AqfkunkfGfh0U4Vxy7tvCnfsUu1FbMiqjh2qbuZ6IifLl5TaeNZSf3hv9tJviqgllIKICrCr7Cx+QbrRu5xmj/IkAz1TcnG0pVGfrmXFrjWLRvpEBYW08Eo2qOEAkB8QRRt+7QLOZhpk6amZq1HmdbFm9j0lY1u1BdfG6MYqaDompCrVnAW5+6SusUmvubHrKKpnu1IhweRfm2v0C++IIr+nNyTHExbka6GBmk2MyTHPrNpx+03cvAm5eqG6Ngl01Zk1rYD9fxiAY1qW60AW/JOmmYP0tE3o65Os2nXxk+kFtVqKG+vUzduVRUoE/+TKEJWJ29//0W1GCIicPgwJidersQnrTdAf3cmDk7iDv7m0Mj6V56C4DGWWJUWiti4IVK3TL8+Zo32o6yx/MUZzJBzVq8cf8FHZSpKV77A4aXG4DSdw/8XlOMkZjYZgbfbSWmF1Dhw4NC44OMOfjB3wYUu0bhy3ImLWRw43fh/hMLCworVdg4fDN5c34M0LMMyLhnm0Mh4soGBtrYT/hc/Hp//MajW94dvnXyCdiNWYWIDtrioYRy+3eyKF9utYcA4YeVdTv4cOHDgwOHDhMrLs7iVNgB+W7iEhwOnG/9fwa0Qc+DAgQMHDgoAt0LMgQMHDhw4fDyoXCHmEmIOHDhw4MCBAwcOHDhw4PCfTIi5LdMcOHDgwIEDBw4cOHDgwOE/CS4h5sCBAwcOHDhw4MCBAwcOXELMQT482cBAS0MXVua+2HBLoOSnleDe5r5wNG+C5lxBoo8f6SvgznT58MYxfQXcGVese8IN0ccKPq5jkQEDhmHAMDyM3lLz1MCXB1pCixFeY8wsU/j555z+ceDw8eP1flW0+5D8QzUkLGVgpReMPG6oPiIuCxREfoFBTjrQ09RE/xXc6MmFp0vgpCaM4VqM20cdM0PHVfIVBjY9LzW6zTcoIebjOhaZM5h2QPGCIUEi/g4YBk+bNtDT1IReGyeMmXUaKSUy8qor/hg/2AXmuupownhh0xPJ5PLaBnd42rSBrhYDrSbm6NpvKUIei7UDebgWNAqD3KxgxBOSxqhqz7BaSCgqisH/uhzAti/Oyn2QORuU4yD+9+UlmEx/jGyKwXf2Na+5OJVB95Ex0sesfAuGMpZYFKlcxb6zgIGV5dE6lbWudioykLdnNiNZXh1vJHlx+I/iqj3aMn44poRbq8Id67MJ5RSOhfqlUq/RH/8KxUQoDFaB2v+HSYD/R/aqzPiqUD+sRB2WZVyVLa+S1L8wa0hbGGlqgNfcCF3dF+JoMl+WO+Du/vHwtNUDj8dDC3MvzNySKOILgrJdGMJUEcLKPxVGD747lVDqJX0FejGDsDv/w7YDNlyiec9ZGDDfBrwPmEvUyXdZ8ExWGpZ5CAGjLGGuqw5ecyO42q/H9QrXL0Ai1ttW1y8ePtv2frisABk4/PWfyOLvx/38Upz/Xk8m3yRAIta7MPBYkvne9U+ZulGvvbZbg5hyAqUtR1cI8DFj6EECEeHClPqvVYbNf7gc6N+zOBHeBv2/mYHv7VqDSdmJgBlDMT75Bq6cd2Nd3rz0FYPWPWdgTb+D+GYBVXNCxUCT/vD5zhU/WBhAl5+APd9/hq/aM2hLq+BScU3+WwP0mfAjRtn6YOVO6c9h1Czg2gsoO5GFDACWShKL6stnKKDO6DOMO7+VAwcOHDhwaIzJiWWfTMWV1ptw9OGnsCi/h33TPsEiKyO0o0VwYcNFbvnAe8JDOP0ehiTvFiiIWQX/oQPxhcEj7BmtBUZ9JIIeOCC/mBH95t3NzzBydnsMGMVwg1AH2g3egqDBH2/72fLMOhPM0hPwdx6HKMtArD7eG3Zab/H0bgH0qs2l9J56A79+qS18Lk8Lhqbvh8sSMpD2HNCf6gYjjsxy+ABsXsoKcQlCxzEwHRCETeM7wMyoOVq18sJX+3LlekBJQSayMwpknmliWi9CcPhWLJk2DJ6u3eHh+wd+mwE8v3BUppmz9qM349eln2OcmxZ4kPQMDPTQe+b3mDmhPzx6dIGD+wRsXDMEQAQuP6kUkDGGf7MVi/0/hadd3c/S1AL4TYuVrgglkD04Us569GUYqKn74zRSsKGHcIawOTMYv+eL3btihtFQTwNaTczRf8g+RFesygsQjmWdGLhNiqkaz/QV6MtYY9JR4SfXZwvv6/IzkJwyBi0qZiId5VmBKM1DVlYW8pUk0oKYjZjWowX0NDWh1cQcLq5LcfoFe3kJkIi9s9zQw6wl9DQ10cLIDRMCbiCj2nOyb34HX1dz6GlqoqWOI4aPOYKE2hqVtQsTjNXR99sY1ltBcsKWYbxnR5jrqkNL1Qi2Hv7YcU9s5eLpErgwnpi5ez4GORpDV1cXTl23i8YVAAR0B9vGWcJcQx2tWnlh1tkM9rr1ciV6MR74VdpPni6BCzNIJLPsm9/Bt0drkbx8V0TLtOWl3r4CKMdfGMMYYOqhUASMsoSRpgaa6Dph5t9UEYjzcHunNzzt1MHj8WDSfhS+DWHv38pxAXOMGAxdvQ+zPdvASEcHpm38sDNe0kofHhsnWg0yshuMxftfiL4tO9ZWuFXZ4x6eYydGVdiJKbO+dt2oToBY6l+DkXse63zthDJvYo5eI7bjRq6wjxenMujUPwK1xZHK2X0SCNtqa6QKLVUjdOy1EPvFxq0h+ieLf8t/8LPI5vXaOMksr5c7GZgz60UxqHLV5ZPVmRLyCvRuI1qlMXcahV8uCcSIYMP0r/EgqcM6prboP+aoaBWEjQ431F7Zjitrn5+Viay8Upl/x7y5hdgUVfT4cg7czFrD0Kov5s1vg7eIQMI7dve4d+gkCHOw9gsnmLc2g8PAzVj32XPc+voM8ir4iFkHRzg4OMDBwQFdHEzx9FwiWrjNwae6jTzyqX9htldz6Glqon17fwQ/6FLDtsXtnl5vwVCms8QKfn1+uD7dYMMlnmyoWu2Uvn2ybj/Mzpezt5eCrExkysFXZOGZteHFjpG4lBGIHdcWwdejGxy6e2L45yPRsdoSmqaZrUjHHG06SE1GG4fLCgmIelNZJ6fuYJkFA1WmE76+A1xdayzaSTFebHdIXTGn0blsA3RDERAgBaeWesLRULglvqOzv0T8rS82EvJwZAQDs0ELsWCwEcwNDGDSfhTWnilizakVhfptXqEJcQUvPx+MZ5NikZaZg0srYxEy8TtcqBFHeDA0soGBdu0PuPiFMaxNxitgW04JSkoA9abmMFGW1rxJxJGfT4MPRzi2leP3WoDKG+UqNlNcBEALmnXInKcHtHLg1ZhgCCNCeVkQhsACC28KtyYU0hnM1BWbYXQah2s663As4gmSbm2GS9FETO97CXkAVNALy46sBLN3HBaHkpAMjv4BBWN244/RQq/qvkV436j5gKXFEeSS8P+xx51YtVOCfIZYwcLIBrOON2AWsoUXWrrrSXWqgaMXIslgL8KePkNazFGsnmksk7yADBSUf4pvd1xGTPpTRISMQMled0wSI8eldyfA0+0P/DtwMy49eIY70esxUu0ZXtSWDDvNQNbEWzjykxP0WPYxPz8fbSf8iv03k5Gadhrruh7GcvsvJeyVr3IF17c7Y/3NDOSl/w7HrM/x7YZMkW1FzHZBwBEPrIpMRdS1qSj94w9Es3yjgq/vii76VxF7vea2vtfRR5CPvnDXBUrjP8dgt1NQ9zmGiIePEBEyAqV/9sJnG9m7NDZ9FTrwHJxftAXlk8Nxv+A1XkQvh3dbYQB4sqUVhk9nMGxdLJKePkDICsLp0UOwXhYSxAC3fr6JIfueI+NVLFY778RP3lXbqkpv+WDUqDi0+ioMDx7F4eDcDOybMBQ/3hR+r+79DMVEoCud0QbTEFJhJ+m0CJ1YN6J+/VNEIN0+fgB+jR+FzZEpuB+1AvZpn2P6oKPIAA9d+rdA0YWYGkk8HwmIjAQshztCgAyEjOyE7695YfXpNKSmncb/Oh/EEvtvKrbzNUz/WPu3dwfh77oACSbbEPboEW4GuyFrYx+FygsowcWFA/DLoykIishA2r1LOLjcC7oqVUyIvf7VH18Vgdr8ML0MxOxR4dCfewNJaemIP7UZn/VWExFINjrcUHtl54fZyYuP61jZxRjdW2xiPekkal/TPhhkw8fdfWHIAEDlKThx6DladhyNARosNaMYYCT2dfFAWsCb1Ajck/bMNzux9ZQx+i7xVM5uMF4rGGma1eASfNzBquFTca3gZ5x+9BinfivGnp9jUS5P/K3DD9enG2y4hNVC4Wf3AmqZU6/HD7Px5fVxiarJ3+XwbGOMweOV+xqYdDnn4XYIwJtuhLhpVrA1aA2LalvyK3Fri139E6iNwGUBoOQtoFrOk8k3qcIZq1IIfEpAoDPQZ3EGiAgCyhOd/V5fzFE0l20U3ajFXtkgcaMlJv2ohc+CHyMx9QyWWG/BIjFbYxsbM85dBrM4GanZ6bi5PBm/D/kMezPYcWpFoT6bb5gh1UAxnfIBWVocodyKTwQ5K6gvulFgHMmMUz6gZhhEW/OoYUhbTl6MMfnsLpLv95FDyBoe9NtjKd9d7kWGAAEgA5NptPdJudRbPF4PaouldLuWR5REDicreNDqK29JGRBQLt3eYEhtMI2Ol8h3j/KyIBoCC1p4s+Z3OTtAVgike+IfxvuQDcbTgdKqj57uMCYzlWm05hs7MsVSCpfSlqj5kjokD3L2tyAt6NC4/YqXZTkdpAkAjQoqklte0hA1H2TbMpSKKsbr8HBQe/M65JC2nHrCnuZc3kO+1urk9U10g2RW1eZOVW1OX0xOaC/RhwtTQHbWYRWyOEETABr7U5UsCkOsSB896KfH7PTy8HCQ+7hEocpsH0Yzf0sWycPe6Qa9pTw65QNy6HeDiqrZlAW20wtF9ZWIymgXjQKoz7zkGteX0Xny14eEH+HTC9rbD+Q6L4XVM8voPPkbgvoszpCQlwkW0NUKH3phCshSd59oLPmUTJucQA4joiVvdqUztcE0ClGQXovrX5Wuh9NC/bp1vTBYhdpiaUX7xcY2ZwW5wZrmXKz6rPSKJ5liEP3xgoge+lG3Cv8gyD9Ay7zX0oVcIkFhEA1Fb6G/fehHzvCgX15Ut7+WNONEw/WPrb0WBquQYTXfGTUf1K66z6vLJ+0AmSFQFAP4lECBNqC+qzJEtrC3X009V6T+NRrifci62rhJhQw6LKu9yuuHpfv8cFrYWrbxlkDucVrQHQRNHvEAsjYOpOuv2P+8MMSFWsGBZp8T/igvaSONagvSr0V2j9eDTOrgG8ocdyu4itleMYXPhJh/EHLEjv1uVPmJQvnGtT7dYMsl7gVI+lti6Yfr9+UyIH0xOapK8fEyoj6eKQ18SqBAZ5Celhl5zQylmIexdGXnALJDO5p4pEjkZ84HbaaQS7coJv4mHdsyhGxVVch9XGINX6VsLktUTJm3JtXgJSRHn8XHToR6Yk5jc1lF6UZ9OVJPdK8RM8spnBZaSMqpvCyIBgM0foeAVWys5HjitlTJKwZvyJWJU7PBhSmgDm5hdV4j3eblQ0FBARUUFFCtU/A8S6OqFSpeS/BQhCw5lvuHHqxtNlcG5J2Av9cPEHx2CrsmKWGutOdBXE5KQmz4PvhZ7cQ6z10yzyADgHr3rVjjcwUrPZqgNeOPfxTZxrvjYMm0gOtCHty2rcQITcWLIT4ceIKv0Vm86EKXQ3iKLGT/W3WdybRwrOq7E8vX6WBGxCq4aypn9lB//CsUUb5o1k+RUEF/zJwPXPG3Q/dh0zBv9TacTZBtSpSQh9ubR8LTVg+6WlXba97x81FSsZ0yMgFo6+dW52qvAHex13s6Dj42QcvO5qxXhsW3t80f3R7muupgKrYXnsMblL6V3JLVtp2YfbcASvl5KAag8jIeqbBGu95VttXMbjTasSzQwEAP3QcAOWdj8RI3sPvXUwj78gzikY7IO4CpjyM08QSRt4G4Cz2hLaZf1ouAt0jFCwX2VdgmHjp4WdT4verLSCS9BA5N1ha1QZUxwcQLwOv7sq0UtmhvWCUvHg+EEhRXzE4/SAZ0htmKxlIFFrCxB15fTVLYFp/69E8hO1ISLyADneDcVczP2XnCBE9wLwngtx+OzriOG+HAm9MTsOPcVuy7QHiXdARJcEYXK+B14lUk4Aq+MqkadzVmHILxBrnp1GD9Y4v0RAG04IhOYv6qQy8rlCEJjxUlL+ih/6weKLg0EB16jcKs2evw1/nnolUaReqf0rfZ2ftjRtcrCLBzwqDRC/Dt5lOIyVW8b6rLXhWJyiJzsu3CqNopsW/KSIQxm3A6Mh6xUUcwtv3XmGERzLqQThPv4zgwvxAhI1qCx+PBxi4czlP7QLWW1ezftwBWi/1ZvZ+sSLxOjsYb2MHaqmolu4OLvPZQ+7iy1Q35d7ew98O1+XKZUFHcSNoKYqPgDaBT7I9ftw6BY3sH9J56AEv6PcXtlZeEcR7G6DfbH96e3eBo74qRs0Lx9zcCpBwMqlE9XJlcthyHMEFVC0bdD4EZvAVLXZWgw/XEnMbmsu9TNwhPkJoCWNgbVX2o1g2OZkDG4yyZYmMzlyp+ysACNh2Af6+lKoxTv298+Mcu5Z3Awt4jEed0AyF7nJSzdUjdGDY2NnBwn4BVp4LQ9tkCBJ6U/TZlt2ZhySEPfHflLdIpCAMU2Ub7g0gpyUXkhhJEfP4dTpQqR9yWFkdQVLE1pPLvLV3CPPGdD6X3cCkNgEoqom5n4GMEAz24bySkPNqG+SP1UHhpMcZ2dsGcy+yreb451g3D5hbCZW0iUourttfI3hYNdJ1xEzc3pCF8op9oCwobVG5vu5rzA0LuF4GIwH+3EwNlTImY6palJdt76m3dfaBaEIHY5Mu4qxWA4T2O4dq/8YgMt4XLQK1Kz4y+qzIkdIuIkFVRwE6xfW0OjSa1kHRYi7Zeiv8lnHeTbQcTvV8dVpT+NcyOnOHZ7xkS7qTg6j96GLLQA0//volH4Zeh1sVLNK4tMBvnqLrMS3B4LqMQ/fuQ0No7AvezLmPb527QLQjGkiEd0f+7FIXrn/LJQS8svJOLmJMBGOFWgHtBwzGopR9O5SnDN9Vurx+ELG59iRUnPeC3dw4GO7SHjfNorP7DD7yCFdgayVaexvhkYzIyC3KRnpKNVEEIxja/ClUYoU112V39HodTBsF3rtF7GnseJHZmarWom3QzxbXUNpE+roqKW4rC+/blDYceDNsCqhbmoiJYDPRgZgUI4vNrnYTt0LsdypCJrPzG47Jq8EEwvxhZl31AZ2ZjtZJOBKgv5vx/4bKNibJqTKqEUSyn/n+fEMtbVAsAqOQ8FvYeich2F3H4cB2rbAouvlSC1yj7V/ZBzLl/EnyMhk8f7VoS9xK5i3oAADT14DJmCkyRiIfPGtZHabOwHXoDRSmXRGX6pUGADIRMHonInH2IONsdCV9NQFBt717mNjC4KbmoFgDoWH+CcX4bsCPsGtY6PUD8n0ms5fUw/AmaWfhj+Qhj6EG4YpeWLG5cHeHaCXi2I6LOVUEGNvCY4ATnBQlY2usYfuzPftVB5fVtxCVYwCtwAhyN1YWf3b+OVGiwloFAvwtstO8i436Vzr9LvYVsGYq38e29YYfbCP3zCmj4HEweHY1za84hAa5w7QCowBIO9vXLQtl9JX1XOBo+RlxYphKdqjFsLIGCU1WrEAKk4MFdoFkfW0k/RrqQN/WrT//E6B54TYCSktrtkadlDAGKa/hp6tgPxkjAnWixoHj/Ml7ACp1thX3t4gzERW3BictjMOhbb7S5fhg7I4E2Y4UTmM069oERbuBCpPL0j429mnZUQTFikVAqKUNN2MKaLXHmqeAdMquOykEG0tKkXNeqKwZMWoQ1wfE4NbcQGasuI1kZ+leWIXd8ZTtx2KH3GMxcuAOn7gXBGYcRGl5dSaTrsCLslc24yoKCrExkP5c9/pblZeBfMBCIZ4nUCkAxynNk5DyaejAw1oEG7uD4dkC/32CJFWsBMnBy42XwzP0w1rh2ltIgLlEHmll2RVOkIl0sP0iPypX0J1pA+dsqf6KSkYR8GeikzLohB5eQyQ8riDlmZWUh+5VyObU0HVaBMWw6AWUpqSLuQMhD2hNApYturX19eO0p1GEEQ91G5rLgoZXH5/DUf4RH1+T1XlrgCQC+Ws3f1xdzGp3LNoJukDYDHopQWlTdh1vB3AJIuSsWc8pvIzYNMLY2lCk2Fl9IEtOvBMTFAq16m8vFqevF22I0dg0ypSfE8hbVopLzWNZnAE7lBmLpj/rIiYtDXFwcHiZk1xBSncWXCpPxMC4W8aklKEI+kh4lIvbBQ2QWC4tILR23GFtDwnEzLh6RF3dg4Qh/RGEUBg2sCvElOYl4GBeLpBSgFJl4ePee1HagGBDUUTGPX74TvkbGcPe8KL/Sa2kDKK6h9Kx/r2YNM8MUJOyOQWZpqUQfTHyPY5DxFiwcvhmnHzxD6rNYXD0ciDnT9oqM4PnBblh0yBuL70+AQ/9d2DXzCjY6rJeoWAwApp2AwvwzOJz6Vu62KqKoVu3O8AKCpv2OkJhnyMrKwsPIwziWqIrWvcxZy8u0E1CScgaXKvb7vjw7HT+eliSTwwLGQy11AcZ/F4bY1BxkPbqBo/5bamxRqkyg5+wJhPGTyZi3mt1sJTWzhplBCuJPpwjb9vYONn+7E+kymLYq+mPKJOD2l0FILBFWZ/xzzWX8K0NCwsAFnk53cGBdEfoMM0LnfgOR+cdfeKPbF86aFbJY6YumqTPh87/TiE3NQXp8BI7vnIVpgYmN1lcV9MO871QQv2w05u6NRmpOGh7cPo09S0dg3QlFaRcPvWYOB+WvxIw/YpCak4bwraOwNsYBfRdX2zJl0RP6uI7QExl1JqzSUJ/+VfXZEq7dgfsbdiAiLQeZ+TXJunrXz2CAUATvTEF2RoFoEor0J2Baz8cI+XKZ0Cfc34v5X15GU3M/DK0g6+0HeIJ3YRvu6A3DwKbdMKDzL9hzwga2rsLVLUH7AHw1Ih77xvhh18UnSHv6AHE3tmP9p9/g7zzF6B8be20yJhheOjuxesJRxKSn48HVOfh2iyraL57AegttM+epMEIY/r5MAEqQcnAxjgrUJZOZtQvwV+g9pGZlIzP1MA5cBJr3s4WxEvTvzrcmaGviifV3lRC8k9bjq59CEZmYg6ycNNzZuw+P0BWdqlfBrUWHFWGvbMaV9aRdRVGtbm1lL6ql1nM6PFUvY9dn23HpwVOkppzG5i9/wnP0g+cAdpxHgEScWr8Fxy7fRty1o9gy0gWrH3hieqDkMZLMyx3YelIHPdaOqjWRUQSXqH1ycxHGdjyLA4srTjrI2oWfD0OiqFaH3kBeRDBO5Ql1PnTNDjyWYVxl0Q35uYQMflgReLocg9sYYaCffIWT2PDMunTY+Ytv0Qo/YdF3YUhKS8ftg9Pw4wV99JjvJdSvpPXw/3wbDp6+jdi7kTi+dSgm/QRYjPNH7/fAZQGA1wTgq8mXbKrAGGbWwPPDZxCdXyahG/XFnMbmsg3VDVZ2q+8KB/17OL0mDKlZ2SjILa3gd+6Y7A/Er/XDhrAnyHwegQMT/RGL2fCZwMgUG9OwCgs2xiDt6QNcXjABp994Y9w4PZk4NRt06d8CBfE7sCP6lVInfGs6plqKatVXMEHpRbUe+pFtRaEr8b8W8KVgGYov5exvQbxq91CFGc25SMQXRNGfk3uSg2kr0tXQIM1mhuTYZzbtuP2mRh/YtKOyQNCT2ooP5aygHgzIaaL8L9YLC5x1phXxDXj3/uxY8jRVIx5qjk1xxkFaMrIzmemokWYzQ2rnPIhmrr8jfHG9orDZ2L25YoUNztNCc1CPidEShRn4dI1+G2FAhppCeclTTECZRbX4gija9mkXcjDTJk1NTdIz7EG+S65LLe5Um7wE/AT6e6YdmbVuTe062JB7v030x5yaL/pnRSyj8a76pKuhQbotbGjY6MNVRV0qimqJj+fTHcbUGp6si9jl3wggbwdtam1qRrY2g+iL/T/REBhWFUJKX1yjwET4AmGhiCIxefw51ZLMWrcmM0tX8v3eh7pKKdBQX0En44piJOV0gvya1iwUlBWxjMZ3NyNdDQ3iaZtRF6+ptPHsv6yfUW9fK4q5jEZric+qFwG7tWMkedjokqamJumaOJLHiAA6+ohdGyoLsVQWpCAiojOdyBiz6ZyYH32471PysFUjTU1NMm4ziL4MflGjeAmfXlD4ks5k01yFANkK/rDVPyIiyjhAs7s3k2rzIpkEuYraIWGvr/6hdSNNyExHjXjaZuTeb5NEMSFBobBAx7CKoljPNoNaw1eiEJ+An0B/z+9GDq21iKeuQwaWPWj05MOUUKw4/WPj3/KjN9BUVz3S1dAgbR1HGrnsokwF3QSUS1c32JNZ82ZkYNmDRszfRrPtJYtqXV3fk1xtWwqfoW5DnwzfRtGvFKd/1YsG6WAU7XmheB9JKZtpyiBbMjVSI566Dhlbe9O3wc+lFLepXYcVYa9sxrUximrlx6yiqZ7tSIcHYlQNyabPbNp+t5w15+FTMh2ebCy0IxVDsus6m7ZcflOzWMwSkAkW0PmSunlAQ7lEnZqVsotmeTYjQ31TsrMfT9/MtZcouscXRNG24SDdZgZkZjuIvti1mPqic42iWnWNKxvdqItLVBbtqs7N1GEjdo+6/TA7X944hZPY8Mz6dDj99Cwa6NhcxGkmV3K3Cnse392MDHTVCdAkPTNP8lklnfM0Bpctpyhaagbqt1z+skjFqVuE/hwgBroSXLHOmNPIXLZRimoRUWbkTPI0Vavhh/mUTCfnO5ONoQrx1HXIruts2nlT0nfVFRsri2qZfhpISwYK8yVja29ac/qtXJyaDbfZ66NFhpqS48rO5uUvqsUQ0Uf/9sSHACpPQfAYS6xKC0Vs3BCp20xeH7NG+1HWWP7iDGbIWY28HH/BR2UqSle+wOGlxuDOM+fAgQOH/x74uIMfzF1woUs0rhx34mLBfwiK4BIcOLxPLitABnb2MkFQYSjORA6Reh4yhw9EJ5CHoyNaYDUT/f6KxikRhYWFFbsOODQYTzYw0NZ2wv/ix+PzPwbV+s7FrZNP0G7EKkxsQABTwzh8u9kVL7Zbw4Bxwsq7nPw5cODA4b8GlZdncSttAPy2cMnwfwuK4RIcOLxPLqsCY4wNnAFDVV/Y6Wqi/4o8bgA4vFdwK8QcOHDgwIEDBw4cOHDgwEEC/5UVYi4h5sCBAwcOHDhw4MCBAwcO/ylwW6Y5cODAgQMHDhw4cODAgcN/GlxCzIEDBw4cOHDgwIEDBw4cuIS4Eq/3q6INs1DqWamNhXJcwBwjBr47icW1f2EMY4G5YdW+eLoETmoMGIaBFuOGdU+U22YqOY+AQfrQ1WKgyhjhi5OcgnHgwIGDtBjTjln2XmNMXUhYysBKLxhcmZeG4ckGBloaurAy98WGWwKlP68g8gsMctKBniZXpEcRKI1diVGOTaDFMNBjRuPgO85elYsSPNo/FG4GQt5qyexAxkfo25WdP4SOE8qHYRjY9Lwkl240Zp4jQAo292bgsSSTcyofW0L88XXCEgMnj4Znu2pftFuDmHICpS1HVyg/GCcHDcCusMk4mlqIf4vT8Mvwj1OedxYwsLI8ypHBjzAQtWc2I1mJz+DjOhaZM5h2QN7AkIj1LsoPDGx0WJnyEtAdbJvVH562etBiGHTqHyH1mr1TzWCuq44mGrb4ZOpRpJTI/pw9C93gaKAtSjyC4oXfEfJwa//n8O5hCUM9DWg1MYf74PW49FxJQk9fgV7MIOzO//j9W/OeszBgvg14H7m9AgCyt2B0KwZGcpC/7MuzhAlRhW5tvPpW0pZtq4ip8I+Hz7ZV/d5qIaGoKAb/63IA2744i2Klks4MHP76T2Tx9+N+finOf69X45qLUxl0Hxnzn/ZNbO1VgAwc/vZ7PNH7G/fz85FSvB/jNP679toY4OMEVkz4B/rfJSMvLw/33/pB4YXEr9qjLeOHYx+xnIYeJBARLkyp/9oPQTcY6KHL0AkY6KLxcetn+RYMZSyxKPL/J4dW+/+REPfC9L96vfd2pCUALcwGo69hMy4748DhvwwmD6UlXTBs8QTYbZyCq9W+JuTh0lQXzDvhi8Azy9ETZ7B03Bh8NiMaYXvYHaMjQAb2e7vgmzvT8M3Wn+BppY6cpPsQaFV+n4zw4OdoN3otvujaDrqCKPy5aC782gJ/0yK4cKNUK9oN3oKgwR9/PwRIwc4JS/GvgzVUw2RPmHwHbYPKpH8Qfaolkn/ujxkeE6H/IkTiuJXeU2/g1y+1hXrN04KhaTVTULOAay+g7EQWMgBYKqmvhAykPQf0p7pxZ5oqSJ4PHgNms7xgrqPF2WtjcNmXj5AFJ/TpbQFdXU4H/7/oBgM99PpmH3pxw/GBOz0pKAxWIRMsoKsV/8+6MpqctLvQ3JBXomuKMw7SEm8LMtBVJ562GfUbvJfuFBMrFAarkCmW0m0p3+UcAJljE8XQJfI3BA1ZF0pLBrYiXQ0NamcyjXbEVV1bRgdpAkAASB02NOdiLQ9MW0490Z1+elzzKwHl0q0dI8nDVo00NTXJ2Nqbvjn6itijmE75CNsg/qcCQ5pxouqqvKSNNNVVj3Q1NEjXxJF8l1ynF6J+nCd/Q9D4HYKqH5zpRMaYTefEH3WrF5ljPP1+62ca76pPuhoaZKDjS3tesGtpfX0Nn1WzHwDIYUS0ZI8zDtKSkZ3JTEeNeNpm5PRJAIU+Z/H8nBXkjj70i7T2pi8mZwykrXkVOhexTNRHPcMeNH75Hcol2VBXO/mUQHtm9iBX0xaiZ4iPSeW4tuu/mX4b155MDZtRy5aeNG8ve91gN67F9CDEhzxsdElTU5Oat7OhfqOP0BNxufGFbbUxVCGeiiHZuS+g4LvlUu3KGpskfqtolFM4LTQDTd0v5ctX/9C6kSZkpqNGms0MyczRm34O41f8LoqWmtfULQa6NG6/pH4OdDAiQw114rW0oU+Gb6Pr1UR+LwDUpsMmOrtzDLmaaRJPXYc6t91G92TQYXbyKqb8zAzKKJJfXnx6QdvcQR373ZD8/N1OGsWARgVV3fzpTpAhptHxEpY3j/ehTvCg3x6zb0/pFSfSRw+pvrDBSFtO7hhIf+VJkWTKLprl2Yx0NTTI2no2bf3OkdpiaUWMEdqauIwEhUE0BJ1o4U1xe9pFo9Gaphw8RUu8LchQQ520dRzpi0NC+8q+uJTGedgJ7V3FkGz6zKbtYnbCRjcer6/63FJ3nxSfI2mvhraD6Nvg5zVsfsiqvTTLw4QMmzevEbcaU/8eBamQm0co3doKiZjOBvcCQG3F4nQ5nSC/pqD+izNEPjTQBtRvef2e+WkQyLSp8n3TUjPQ4A21t+fCFFC3ar6AjW+qzw/z6Rot7QjqMTGaisTswQtWNPFIkUzxtbF0ozZ7LaPz5G9Us526GEUHSlnaa/picoYHffHXVzTQwYh0dHTI0WlbDY5YV4z+UOyVT8l0cqkzORiAeOo6ZGDZg8atS5QxDiTTyQAP0T3sus6WjOHpi8lRSl8tsJ1esH5K3VziXUgb4kl5RjsE0r2Ka+rzoRI8suI5RmaeNCkoUaT3bPKH/OgNIj7M0zYj5+7sOKQ0e+7gFib1u/p0Q9l5jnj8F7ZDk/pU+E62vIkt6uSIkUPIooUnDR9qSC2aO9CUbb/R1C6g5vCkVZEVz3noRx3hSn7ffUquti3JUN+U+o0+QgkVfRVkB5KXFN1phkEVnL2YwmeC2uvsk9BXQc4K6gl7iTheX5zQazONFvu5UgczfTIyENpakay5kowoKCiggoICqjchlqYk/JLjNM0Q1HPKEYq4n06p90IpwAPk4BbGLmmplvyIG/SFKSCHfjdETlnfYBStCr1HqfdCaUF3UHvzIzWeISRK5nIlxI+CVMiA8aYNp+5RSnYqRR4YSR3hSoFxijNOfukB8tUBuYw+QtFpaZR0xZ+8NFWp76oMmRNiI8aALLvOpn0Jb6i4NI8eXg6tkTDURY7Y9DVqPsjS4ojUseSXHqBpxiAb100UmvSUMp9G0z+/fUFbbrBMEPVBkw8JaupciBVZVTjmkrjp5IQuNOnn63Q/NY2SItbSKBOtOomOrO3k03naNP1nOnYxnlIys4TPaAPRmFQGfQ30oK/PvCWiYorfokttMZvOs0xY2IyrIGcFecGYxgYlUkpmFqXGX6Tdvx4XBSg+vaAjw0BmdkvpaLSwH3/PMqZ2WEDh1dpRcPYTcnXfp2TSGUWBPWxo8XHptmtst5ROJ+ZQZtp9ijy5iXZdflMtQCRQoDOkBgY+vaATa+bT1sO3KSkli1KSQymwF8imm6Qu3gsAabQ2I4+ee+nGi3dUXJhMt0IvSfS7Lh1mLa/0xeSoKp2wNjQhpngfsqpue/E+1BFdaEU8++DRym4pHdwwjFxNW5ChiQMNmXxYFMSk+vYQKzKCt9SktcHICqKxmjMrSHO1hKMTqKPTdrqRlk4Pzk6lHk1BRnIkxKMAMm4ziL4+/oJyi0so78lJOhdRJozpR/zp620XKOJ+OmU+jaaTC/Sl2isb3bgXIJ1ElUQOJzt0oDG/R1NqehJd2dKFTOBAqyMkk4lWLWdT6HMiQVky7R0hPW4pXf8efEv9MIUO5Qp1RZaEmE8vaG8/kJ11mIiMCCiX9vYDdegSSkViCXFzA8NaJhVJYrLHvDEm6/RBw36qPUsMnw8a/ENiLX2u2zfV54eLk1aSG6zpy1MC4b26grqOuUHVW/Oh+Kba7LX6BENNebJLiB1VQB3d91FCMZEgXxiPq+Irey7xvu21MMSKWmMQBV5/TpnZqfTg2l76dec9mUR9dwNIF4No/cXHlPz8Bu0dBzKS4puECUR3ufhnfVxChCudqQ2mUYiUe7DxoY+CQK3Qg+bsuUMpmVl0P/pPWvLdySp51ZM/lFMULTUDuY4IpeisbMp6EE3/7Nqs8IS4Pt1Qep5TbUJkUy9pvoUdb6rPV9fpmyKHkBVc6cubyXRhFkgLnrQ27gkdFrfhh35kC5BNx32UXEwkKP6HFnQGuY+T9JXlZUE0BBbSE9yKCXrxBa/H6yUnXNhwGi3okOcPwiS4+MES8mKM6fNQwftNiI0wm/ZcmFpDSYiIcnZAlLyIC8MG42t1rjUSBTShGSeEQWjvdB/aGlZOfEqg9TbCVZPKjrvOS6l1RqehCXFlguazu6gGERB/bkONszBYpcbKT9T8KkWRJSE2hin5XxLI3DZZ+lpXAHq2WbojZ7tCfXh4lZHFbx9GM39LFj3T3ukGvaU8OuUjnBQpqjbbJ8tsqTztjJoPsm0ZWvFcYdAXl4MgZwX1RTfWwYrVuMb7kHU1JyIZofzIudr35XSQJqClxA6E941Kslx93GQhndLw7qwjmVazg3sBIH340qHcuseyPhLFZuJOaQnxmU7UEoNoc+5j2tYP1LnbEXrx9EdyQ5va/ZiUPqK5IXXvvolOxz6k2Ev/o8GthCtgRVLbIlzFkkbSlYqK5L/K/wpnk9vKmRD3mZfMLkEqq3mPhhFsIXkR/5xPybTJqUpHKm1eXL8LQ6xkXp1tqP7xBVEU6KAh8veyJ8TCZNdhRDTl3/ImO3VXWhXJF/X/RYVunw/aTCGXblFM/E06tmUI2aqqkPu4xBr6VRI5nKzgQauvvFWSkhVT5q1J5IT2rFcjZPJNLP3w0x3GZKYyjdZ8Y0emWFpj0vJD8k1sJhgakhBXH4sLU4QTLLLG6Pdtr4/Xg0xq2dHIeqLGQvIZ5WVBNBjVuEEDE+J6uQSLhLg+H1q5S0R8YkPW/KG8Ymen+O4oedHQhFiZeQ6bhJgtb6oT9fmmyCFkW8Gh3oW0Eelyzg7him5uxT3s0EGCe+Tsb1EjZtSVEJdTFAXaVO0gqvx/XboiLSGWzJWEvqZyElbZCXGtRbXy1IMxd9gupBQZw75TC4nv4sOBJ/gancWLaXQ5hKfIQva/9W/TVoUzXEe8xcObmWBehmBL8DHs+i0eKLuNmw+c0aNn1fsqbSzNRP9upmcHQonCCnOovoxE0kvg0GRtUT9UGRNMvAC8vq+4whrpiQJowRGdNKs+69DLCmVIwmMZ76UBJ3Ttyby3vj64A2hbeMFdU773KLoPAHLOxuIlbmD3r6cQ9uUZxCMdkXcAUx9HaOIJIm8DcRd6QltMv6wXAW+RihcKaichD7c3j4SnrR50tYTPcPkZeMfPh3hdI56lEUSlWXgtwUMRshRYGUZg748ZXa8gwM4Jg0YvwLebTyEmt+r714lXkYAr+MqkShZqzDgE4w1y0+mDefWCgR76z+qBgksD0aHXKMyavQ5/nX8us63mhC2Db4/WojHRGBSL18hHUbXrmsEL7nrKfvlIWJQv9riT8uQm0IKusTGMLOR7YUy70BbTQuZgsEN7OHj+gF8XAy9OBCNKyrukIeN64+jr7di91w2N+Ubg6+RovIEdrK1EhoQOLvLqGQ8dvCykfleS+hfmj24Pc111oZ2o++Mc3qD0raLex83Ag2RAZ5ityCeowAI29sDrq0kSRX9atDes0lUeT764Jbf+lSBmmQuCBSHYOEkBI61hCwM7Q+hoA4yYIarAGP1m+8Pbsxsc7V0xclYo/v5GgJSDQTWKd6l334o1Plew0qMJWjP++EeB+lWOQ5igqgWj7ofADN6Cpa5K0GGWfthkWjhW9d2J5et0MCNilVxx8kPxTQ1+HxbGaCtW6JTXAijl54nsoCFcojHt1Wp0ILq0Wo0B5l4Y93kAft0dhUwZjJnwBKkpgIW9UdWHat3gaAZkPM5qNC7BynPU40NVXsYj6Y01HPoa1XmfuvIHFfTHzPnAFX87dB82DfNWb8PZhDfvRUeVmec0Fm9i45sY8KAFQJ2nC03oQgsAj6cCKqjScxUYobNt1X31LXpADUlIzWeZY8AZPnOBB2uDkQBA9dHv2PNgID6daiSTTHiwhaVm1f/MLIB38amNUm291oRYvcwCPmcTsPmTs1jXfgcSqn1vaXEERSSs9Fb595YuYZ4xOyVw7QVknY3Bs4tHgBmLYB4ehri4CNxHN3TuItaOJsoVQAmssfCmZD+ICAnn3d5rMClj1GslhJoaH29f27r7QLUgArHJl3FXKwDDexzDtX/jERluC5eBWpURBH1XZdRoZxatUlghoDfHumHY3EK4rE1EarHw/lHzG39cVdALC+/kIuZkAEa4FeBe0HAMaumHU2LRugVm4xxVH7cSHJ7L4ENCa+8I3M+6jG2fu0G3IBhLhnRE/+9S2BOHnPUYPzAIr4YdR0xeRT8v94IWUCNAMLo8fNR1c0w6Qg95KHpugjF/vcA/B/rCOC8eBWiJ1vrsbqFrAujCFqZiPtfUog3KkYWMd9WTYUsEhAdi2yM/dHwP5TZVwIO2+AdaLerWBaYYJZCm382hISUm8HEHq4ZPxdWcHxByvwhEBP67nRiIkvcyvLz3OFclQAYizwFxD8fAgscDj8dDe3/gBTZiEGPO8jhAPRi2Bd7dz4eGw2pcijsG/84FyMwD1Ex1UdtcVIfe7VCGTGRVI1Flt2ZhySEPfHflLdIpCAMU2F81+CCYX4ysyz6gM7OxWkkVUFn54dJ7uJQGQCUVUbcz8F9B7fb6caBOezVbhNDMZJz91Rc9msfgr2+7wcsl+IM7DokNl6gLivShdeUPDPTgvpGQ8mgb5o/UQ+GlxRjb2QVzLje+01RmntNYvEmRHFGCZxUX1vysPlozaT2ssQcnbglw5/cdKDWfjrFyyKpYMumRK1dSaELcHJ6Y4NERviFB6Kw7HfPFBqhDb6Ao5RKul8r/YCv3IWDiz+Dn0ypwnuKPfvbB2HXkPvjmXuimaGetzYCHIpRWW2YifVc4Gj5GXJhyj1kw7aiCYsQiQUxeD8OfQBO2sAbAQAs8beDNv1WOJz8jVrEykLWvudKdoI1zw8aeb+8NO9xG6J9XQMPnYPLoaJxbcw4JcIVrB+ERWg72wLMdEQ069qm+dj4Mf4JmFv5YPsIYehCuGKcp+IwLtuPKQA8deo/BzIU7cOpeEJxxGKHhwu+adewDI9zABYWQvBIUZGUiK69UabrOa9UVAyYtwprgeJyaW4iMVZerHR2iBZ4A4KvVdLNM9G48Kh+FmQFusKhI2p7dD0eZvI3JLWmwvLKyspD9SglJi+0A2DORuHmjSg7Pog/hFbrCvkO1VhRkIjujoEZgaufsCXWkIl2MmWVlPocaDKGnUZUMn5lqiW8vL8Wue4vqWI1Rnm40s+yKptXamR4lvnTBA08LKH9bNV4qGUnIl+FUQJXXtxGXYAGvwAlwNBYGSJX715EKDYXphgqMYWMJFJyqWl0SIAUP7gLN+thC8RsW5NM/FVjgszMpSIqLRVxcHOLi4nBhPmCIafjjQTh+6id5fUFWJrKfl9boq4ML8PrxJRFJJNxB5D3AdFDtVdAfXnsKdRjBUFfy85z7J8HHaPj00a7ltw3VPx5aeXwOT/1HeHRN3i08tfsmNn5YgAyETB6JyJx9iDjbHQlfTRAdgfYx+SY2sm6ovcrMJd6zvTJqFug+fDrmbTiHW4c8UZJ4FP+wPJOZgRXMLYCUu2Lcq/w2YtMAY2tDBXOO2rlEFRnUlZpjsPGhAv0usG1aP4+sK3+ohI71JxjntwE7wq5hrdMDxP+ZJF+n3xbLvWtU2XmO4nhTHfFVQRyRj0QkxlZNSjy7H45y2MJOt+a1te66ajoeU/vdw87dW/HXPsDxf4NljotvEIH7+ZUxJw8PEgCNLuYwboRcqV4PxjSbja277PBg1QSsviU8y9fE9zgGGW/BwuH/x951hzV1vf/PZQYcgMoKKlsBF6AoICqoWHGDWge1zrYKWqtYq2B/raNfraAdrrYquHBUxYXauhXFyVKWg6UyrSyVISTv749ASCBAAgnVej/Pw/NocnPvOe86n/ecc9+zGaeTnyHtWQyuHg7E/Fl7pVYi3348bLAVYaGDMdKWi0Gj4rD39wToedvJnVjwdB1hq/sAp9deRFpOLoryy6s6746F3yohbsV4LNgbhbS8dCTfOY09AWOx/oT8nt9qQigGawXjB++jiM7IQPLV+fhmqzK6LPNGdwBK6AZXB+DxnjCkAKCyc1j3M1Ap19lD6ftq3B0oLjyDw2lv6kwicD87AA/uVnztsQOXkp8iJyMJV/euwq5IaQO2A9zs7+HA+hIMGm2IHu7Dkf37LrzWHoI+6oKAPnr1VLROm4tJ359GTFoeMuIicTx4HmYFJkjd38baadwdKEs9g0tVe7BfnJ2D/52W94ytFHpNCsJXP4bjVkIecvLScW/vPjxCb3S3qfKTLv74amwc9k2YjZALT5D+NBmxN3Yg6OOl+FPGGQNeZTCmGnLh4nZB/gkesnBy3WLsCn+AtJxcZKcdxoELQFt3a7FzFJXAhYkl8PzwGUQVVojbV7dR0EcUzlcR2rL0bVi2tml+0JANS42nKzGioyGGz45uEmHNTUpC3IOHSHsLvHmZhNjYWDxMEcy6MqrjMO9T4NqX8xF8/TmSYn/FV98BptN8MaxW0nrhCy4sjabUOS9UZdByTDA7i58+2YlLyU+RHPkrvloHGI31xsAqnZyZaY5Pd3th8YHJaPVUkBzFJD+ss+VPkbbB67kEE7udxYFl0QJimhOCnw6L67XrQKAgMhSnCgTtDl+7E49lINjUxhIm+qmIO50qIEdv7mHzN8HIkHCPptsGBwPmjgEVrsbnv0cjLS8dEdu8sC7aFkOWKWDrajPsT1vfFFZWVsI/YwtAGdro3LUjtDVESdB1rO7FRd9Om+qsjnT/fCUs1dfB//OLSHwei9N+3jia44lPFhgKY5fvZ9tx8PQdxNy/hePbRuHTHwGzyb4YKGHKn99a8bGJ0wrgqZQ1MV7XH5ukicPPD/bFkkOeWJboDdthIQiZewUbbYMQVfauxabmo7n+KguX+Lf99dHR+Vi7LwLJabnIeRaNQ3suowI26C7lTj1luGC6LxC3bjY2XHyC7OeRODDNFzHwwSRvOa6qN8IlhDDrD11cR/iJLJSVlckUQ5UxBgu/B+6v8BbwyJxcZNw9gk0/nJO4gCEpf+DjPLbM+g1h0c+Qk5ODh7cO41iCMvQGmMrc5V7D2qEobid2Rr2UOGks9USCgvIcefGmBu8hN474Aqd9v8bR5GdIj/kFX60DTCfPFovlpGIJE4NUxO+ORnZ5eR15K4GL0Yv7In/nYhx9MQtTJsm+j+81zuC3SYJcKe7EDHx3sjNc/UdAoyVypfpeihd9mZpHmRT+saCwgLCioki5fPU2BtS5jwfNDZL+aJzqAhbdnKuqWD6cTTboLCxQIc3L0w/8JZfll/QCffatueRmrFKnzHztEvLaRnbkOtafjj6S7wv+omXmNbXsaNyKC+IFolKCaVZPkJauCfW296GQjUPrPXYptBmFj6TpK4+u0a9j9clAvYFjlzzNZD52SbRIBrfKvqqLNNQu7JUTuYKm9DMRluXvNXgmbTz7j2xlVhpoJ58XT3/OtSETPT3q3NWKXNw30e/zRW1HukI/jaIxvaZuphke1mRsqEIcVS3iWnqKHQshbOuivmSrpyE89mF8I9WE66tC6cSA7KfJvxALn/LpalB/crRuL7BxVcGRSVESKqCXpm0V+EKdo01KKW7nYHI0bkf6nayot70PBW8bW8fm6yuSIYsNK7pwTSVFkJ9ew7GJx79Le2YYk4mWCmmqWtGQGUck6vTUJNHjDWrJMjVEcFyImippqlqJHZVQQSdodpu6bVCGSZ3CXYq0DWE73dqQga4x2fScQksX9BQpqiWQxfYxIO02+mRi7UFfhCyjIegh8dil+oqOFd7wJ09bTdIzNiFrKw/6Yv+PNBIGda6vzzaqi3bVlpf4kX6l9HDfxzVH13X0oC9DMxVzLIQcCyfVV1Sr2k7rqwSac2kuedpqkrq6OnU0nUobrohUP03dTFP6mZC+tioB6qRj4kaT1kiuMl1dFPGJAmNTdfVaaY6BqtdO641NjcTh9JU0mOHSxL35InZ2jvxMax3F9A7EpuYX1ZLCX6uOXRIt9BOxWFAcq0RGLvFv+2v6mek03Mmc9LVViVEWHEUk6djDxooqnVzUR3AsTtWxS8E3KyX6QZOLaknBJar5fMTyHmTVVqkOH5Ymhko6dmnm+vh6j12qnT/w+Hdp+8e9yNZEEFcaqk7fKO/gxdPeSRpkoC7ur9LYRkvkOXR7ABlIaIduVVEzWXhTY3KoNzbdGkk21f08053MqvQtONqtqlDtw9nUHa409/fp5KQHwRFT4yXzkfSzE8nNWIU4kMxLKqt4R1MKhT3dIqj4/vOS3mSipUKtOeLHLkmdKzWxqBZDRO9OZR4WLFgoDK+OWaKLlyVWZp7B51xWHixY22CheFBlKkInmGNNejhiYkdK3DItD/vjIwvBA4ywpTgcZ26NhKEGK3sWLFiwaHwbxBz07JoJn4KzmKvdzHj/aitGt90I0wtPsGmIbL99tpWBi28gTtMSdG/B7hcXF1etcLNgweIDQBlun3yCzmPXYBqb8LBgbYNFC+DJBgaamvb4Pm4KPvvdo973h+Vhf0rgYmLg5zBQngobbXUMW1XAKoAFCxYsWohHFL5IxOkvfZGAufhiyPvXA3aFmAULFixYsGDBggULFiw+NMhjhfj+ZJj1OorX+mPw/Yk/4dNPWeZb/NsrxGxCzIIFCxYsWLBgwYIFCxYsPiiwW6ZZsGDBggULFixYsGDBgsUHDTYhZsGCBQsWLFiwYMGCBQsWbEIsNZ4uhwPjhl+yWAGy+O/gwkwGVv0vvbPtiw9gYKETCrZUTPPwZAMDDTVtWJhOxYaqMwcVhzI82DwEdqat0Jaxx+r7rPxZn28BtPAYLXVsylgFF8YR65+8m2LjIxXhc7vCVFsVDMNgwJTE91YnzWmnvQoDhmGgwTgrXld3BsKCmY1j7PjKggU7vr53CbEMeLVfGV2YzXI7yLq+QXYA44HdhU37Oa9yK0Yx5lhyS7GyuLeYgYX50QYD7oWZDPqNi1ZMA1JDsMjbGXamrcAwHEzc1MDr47lbMb4DA0PGD9dkJRV0D3v8nGGnrylMPLbEVX15ZSB0GMFgK/rXihmsEKLQIvbXbBKWgCAHBq7Lsxu8rm3/efhokRU476m/5l6eB08ncxjoqIFR14FZL2/87++XTU407y1ioMFwMHKjiEdlncD62Q6wM20FDocDQ5sRmLs1QewAeQs/QklJNL7vdQDbvzhb53B5eaISB/H9l5dgNOcxcika3/aUzec/mNj0Hvnru4KWsg1p0BKxqUUI0e0vseh3LmZeykXhyzJc2Gnz3uqkyei8FtGVBEpfid7gKzyuQHcSPCcMQsf/uA3LyzbehzjcEn4gLW/6tzn10zM+8LJrBR11dWh0sMbQyfsQVSY7d/KyayXk0xuvvhH7vijmB0x10hM+Y/S000gtezdt44NOiFm8Qyh/CehPhu/PPhiM8gYCTSp2eAfgH1tLyFonjo8s7Pd0wNJD1pi27W9E3vsLW9YNhVn1eRv9D+LmwxjExNT87Z0MGMAbo9gjXxrmKSO2Ysv/9cb7erwmw+uEvp/9jOC/IhBzPRTfDziJX4dPbNIKRNHtzzAn0hV2tez41c0Q/PVqEhYGncXla2fxh9cLnPQdgpl7xNNeRsUMjgOAirgcKHLBRvnFMxRRD/QbzQV7LCoLNja923iV9RClsIerfTtotVOHuiarW4XD1BeBhz+FA2vDLP5rnDpjFaaM3ImXo0/ixtOnSDo/F1qR0zBnTKT0E/EZqzDVYzteOZxEVOoV/OR1AYGu07C3irhQcQhmDV2BJ0bbcCn5GZLOLYLe7VGY+Hm0Qif7/5MgCeBRCp0M6EO2+iCOqhbpmzvR5PUJNRdkLKM+cKWVx9aRp60mcVS1yM5+O90rrXuv4lAlssQmekIKRPpKcsFw2lUg4buXf9P6cUZkoqVC6m0MyMTOk366yCMiIn5uIA0GCLX+2sCDthVUyyKe9sx1IkfjdqStpkY6Bk40dfl1yqz1mAf+oI5dN9HZ4AnkaKJOHFUt6tFpOz0gooh5dZ8BgGzHRtVp7vkZoL4SPheiLJ+ys7OpoKTp4qqgg+QN0IRf+RK/f7RFiZxdw+n2NpARFtNVWW4eN4m6w5V+fSzd5Tw6R776oBEb8hViGg3ZX86lueRhBeIoGVAf90203gvU1fli1beldGoSqJv7DeH1/OItNBLdye+mqCxDaDz0aMbBU7Tc04wM1FRJU8uOvjjEJz7l0+2d42i4rSEZqKkSp70VDR2zna6/FPy2ku5SgGldu2CgTZP31zzjcVDNd+ba+yhfkr/6uwr91aa3D4Xer6zjr1/s+oqG2xqSllZz/LWUCrOzKKuk+bqpoBDyasAO67WZsuPka+FMa5JP0mw0bDs8iqfAPqJ6rcHTLSDj1oqNTfy8VdQfPWlVXP3XSPJ5aWITEVFp1kFa7mlG+tqqxNE0IfcRe4V65dE1CugGcpoWRSUisXIwLGjaEcEn71psqs/+Go/DAn/tPGwz/Tq5CxkbtKH27d1o4d6XMvh843i6BaTTcRYtm+1IXU10yVBfMDaW1BpzfpxiTSZaKsTRNCEXEZ/nUz4dHgMyHr6YFnkYkImeHnEtPWnt6TfS25Q0tiHFGM3nCWRqZaBEHCUDsnFZLB43pECjsYl/l/6YZEYmqirUvr0bzd32BfVHP/rxsXQ2TESUeyGAJrvaCOSpZEBWg3xoh4ztbEgnRER5O0EcCTJ1mZzQsjqpGjNcrVVIXV2duJaetPToS5n7Wh/nqfaV5LBJ5GqlTerq6mRg7UHfhD6XyKtq60rasVGquHJrJJlWfa6LWRQmoSsFSRtppqMOaaupkbaRnZjPV9A58jUAjVyzl+a5GpFB27bU2WgW7Ywl+dpwY3xYHrbRSF9lisMK5k2FURuE7eRomlCffv4U/lz6vkrDqXmUQpsGgJznhdOfi23Iqq0SqbcxIOdvoqTmTdLKq7Qwi3IyC6k5lKY+Tv32rB3pwlMsN4mYBzLDDom6lYQH/qBOCKA7VM0bT9Ds1qBhy7KEzzCoZUvFYRZkDB86V/bucOpqf52yU0RGZ7oTFz70l+hNbg8gU0yh327/RFMcdUlbTY30tabSnkxqlFM3FUVFRVRUVEQSE+LiMAvSgwcFXn9O2blplHxtL/0S/ECMYNtBgyx7LaYjMY8o8eZ3NKIDaMiarLoPOjuUHF32KTYhztlCE9Xn0oHyuoH7/AwQ1yaATifkUXZ6It06uYlCLr8Wu6qyYguNhJlYoiOasG2a8xMduxBHqdk5lBS5jrw61u3rA3+Qmp4JufbfSzcy31JpcQrdDr8k1u+7i0DmZkeoodQvYhFoxHf1B9u8/e1IA1oSHV8uCXHyN+SOGXQoX0D+ZE2In24BdbAJoIMbRpOjcTsyMLKlkdMPU3xpPYZ4ti+ZYCodUkw+XK/98XMDabCKNrn636DEjCS6uqEnGag3LSH2Aojb0YO+Pp5J+aVlVPDkJP0VWUE8yqQTaxfRtsN3KCk1h1JTwilwAMiqr7gNVCdtg5ZlNRoYJQ3Y9zeAtOFBQRceU8rzG7R3MshQNBhmLCM7JVA3l30UX0rELzxAs7hN9NeMZWSnLDlhkglvM+lWsBN1hGODyWIdckH5dGoGaNDCFKqgE40mxJV0lwJMQA4SiO3TYJCpoifrMpbVQyql8/kGY1PZcZplAOo/4whFJmZQ2oNw8ncF2TpfFNpIadJqcoYlfXmKL7Cz3qDeE27UGfzfldhUn/01HocF/qoGJ/r6zBsiKqW4rdrUScQPGvd56eKbBrTI7TtBElyavJwGM1z6LJwvJHLbhwnGnPCkp5SasId8egp8PlMkIVaFHS2+Kmhnxv6eZAxP2pMpm6waso3GxmgeZdKR0SATmwA6GvWUsp9G0Z/zuNQZiymiCSRKcmwqpYi5oA7Ks2hf1DNKTdhDM21BHDgJ/UEaG354xJe+3n6eIhMzKPtpFJ1crCum18YnXRvWSW3uI/MksJx0Uj0Zrc940oZTDyg1N41uHRhH3eBIgVIneY1znrJbY8gGXWnCb1GUlpFEV7b2IiPY0g+R8kuIZYkrdHsAmUtIiHnlB2iqFshh/BGKSk+npCu+NFhdWSivCjpHvoagDu19KPw5Eb8ihfaOBXUxbeR5Mo6vjfJhOdhGY32VJQ4rkjdVj6eOY8MpKieXcpKj6O+QzcKEWF6cujohbtfWlsb+cJ1Sysqp9MU9On7ukcy8qTF5nZpUd3JCXpyanxtIgxkuTfkpUzDm5h8nH3OQy4oUKWNXJu11B9lYXhSO2XzKp73uoK69wqlEJOkOLq+diDs1yDtamlPLkhAbMvpk3tuH9sW/ptLyAnp4OZyuvySpObVcE+LHQSAjkRkJSYHdHp1o4QnxIGxjeZHeJVQbjq37jQZnfxocxCTg7iKQdftwsXs+8AfpNpLYSTU4NAJFJsQ8/l0KtFWjSbtLhORPVnJwdxEIbQ2oX79NdDrmIcVc+p5GdBDM0JVIcPZ9UuhHEXgcBOKK9K2S7lJA96YnxIMWShfg3p61I+NaAaA5CXElRZCfmfhvKyu20AiIBJ6MZWSPLmLtbrK/NjMh5r0NJq+qGV01ONGCMNmm9nLDnKg3AukOkVQJce4xG+oED9r+SMKC5q0xZAFX+uHKG4XFnzsbDKgjZtHxJs7UNhSb8naCLBBIYtQsbhJZYYrY5ODTnVwyUZpFa5fakDECJCY870psIhljTU0cFviraB/4eatoCPoKk4nGfV66hNhATJ+C51aTE37eKnKGJc2/UPOb8ituZAwP+j2zJiEW9eNKiiA/Xdl3yTSWfDU4Rj+cTX3gSj9nisaSg+SN9vT5CfkkE5V0grwBmvhjiVhyIUrUpLXhuv3uLvV43ZhOWjIhbkgnFXSOfHUhHH9FCbHjwlQ5cR7BM0V1xaMU2mQvIab/ywlxcahSLV8T3K9zlb1UE2zRsa85+qsvIW6UD8vBNhrr67uCyiru6LWlpOl+IAWnrk6IzbX31buSKi1vagyKTIiJiApv+JObLgjqHNKAFvWbfEHq1WEexVOglcA3C297ko2qI625xRP6cGZ1IgplcvdLoHwi4pdco8ABoNawEot5/zanliUh5sKYfC9Jt3NQEqduakIs8R1ii/GB6NXhB3xkOhiTP/PHL7vvIru09svH5jDtU/0/DjjtgHJewTu1Z52BDobNc0LRpeHoOsAL83zWY9e55zK1kVCAO5vHwc1aB9oaggJQDj8Bb3mFqP3OehsMhouOYvukO+UlSqgQB6bI+85liF7hgFB+GDZ+2ry3aDSLrTErbD5G2HaBrdt3+GUZkHkiFHdrv8D+dBO2nreEyzfOLf7eTno8oGHmjB7V73qiOxy7NdXOOOg62Ezid3kXV2Cqk57QdtQ8YvAKhSiR1ysPeIK0VMCsp2HNhyp9YWcCZD3OEfFXLjp1rrmkyf5aVXAl5rh902SlOg5bExMRc+c0dvhk4cTMBcJ3YRrta3EIfGZUwPPWYqneNyu8Pxee0yvwUdg+zLGs+71qv21YO+kKVru2gh7ji7/laWD3J8OcaQdHPw6ct6/GWHX523BcBPAEX6OHaIG6XofwFDnI/afmOqNZEVgzJBgr12vh88g1cFF/32KT9HGYY24IYQjmtAcHJcgpla/Pc2ANc/Wa/5mYAW/j0pAFgEk4jyx0R5/eInZm4wYjPMGDJJGxwsFU2E4GZrDqCvxzLU2uMmtojH6VcBXxuIKvjGpsR4WZjFC8Rn4Gyef5L+KQBkt0HlgT3dvYjEdnkUJN0thwWdouLBrfRVj5WUXVF3/hNcrfSBlzpNRJS6AhnSi/uIWkF8Ch6ZpCWSgzRph2HniVmC0XzsNHFpJTAK3R1kL7U4IZrHoCr64mvVMVljMS+NCAHbqLxKuuAyxQgSQ8FrmuXReDGvvicEAokysPlYYPt1Rf/20oYRjmLgKu+Nqg3+hZWPjDdpyNf62QWA4AhsPtoOjSMqMOEorpDOZqK2DcKjoI/y9+hYpPOG7ExSLyoj+MIkZj8pJE2W1UzRr6NgbQ0gQYEQLJ6C3B1mMeeLGvG9pxNNBa63NEeC5CP1RCvdX7yanVYI/e/ZkW59SSi2qZLEF4dgrO/jIVTm2jseubvhjsEIr38ZQlPc9IJOZcxvbPnKFdFIrlI7th2LepUv/+9bG+GL2gGA7rEpBWSiAi3F1Uz2CkzXlvCzLwkYVbfwGxDyfAjMMBh8NBF18gExvhwZjii5PS3UfbCNCGNYxFopixWUdUIgdZb8WvvffzOmThc3wx5N/rtywVJYkpRRkkOWlbqEkIPJQXhCnDt+Dl6OOILhDYDl0eAA3ggy12wEAH+tbWsHUYAe8tp7HAcD82+Ul3tAkTHYKLxfewepAmOBwOWnM+xk4AZ/y5sDDeKRafimIDML7/RXTccAXbPdtJvF/F7XlYfsgV3155gwzago/k2dGeB5Falo9bG8oQ+dm3OFGuGHmamx1BCVXZVtXfG7qEhaIsovwBLqUDUErD3Tvv51l5ssRhefp8fSgVN2qZUVFrMrKMaXmZtoMP/qplO0RlOLyAkaO/1xoRNRiZbJiHe1gzZiau5n2HsMQSEBF4b4MxHGX/yfhYBkv43aytE0L8OecW4zxNIv71jo0tMIaTgh/wH+LD8hi/XTYSUh9tx6JxOii+tAwTezhg/mXplSBLLFfWf7/r1qfsmIIT8Qvxw/cj4dy1K2wHL8Vvq0rxeMMGKU9v0YFBJ+BtYiHUbH/Apdhj8O1RhOwCQMVYWzip1XXcKcTklKIwPRWZRUk4MSQLT9ERxh3ebU5dwajWY2ccqKu1PKeut8o0o2KGfmPmYOGGv3D7kBvKEo7i77eKGQKKcrKRU1CuOAV16I2PPl2CtaFxOLWgGFlrLkssGS5pxvlhxBO0MfPFyrFc6FTNbqU3p954fjMH8vIC5OTkoFDOGZUSzPDJmVQkxcYgNjYWsbGxOL8IMMAs/J4cgR/da2mtKBu5WUV1jLBzHzeoIg0ZIqNFTvZzqMAAOiIGzsNJ/LYdMF/jje4t3FcAMHYAeKlpQjvgIwvpj8XdmqMBVL6p0ZdSVhIKZSjMzkTtxqNKL8z1d4ZZVZR4lhhRiwwDgAY4fICnIntHGVjA1AxIvS+yglB5BzHpANfSQCH+mpOTg9yX8rtjxcvCOp8V5WQj93mtmND/IGIykoT2GfVoE7yUgcELb+DUrYnCmeTyWH94ue1Ch5+u4tCc+ueX8xJPgofxmDRIs56JrGbGJnUdOEyYAWMk4OGzZrq9hNjUdSBQknoJ18sbnugKmz4Ot/L2IfJsP8R/5V1zBNp7EpvkFYcb93kpCR0ikVhlsoQCJMcDar1MwQVA3dzBRTzuRYnYd+JlZMICPaxFEurzScJ2EOIRGwN0GGgqN9toDG26DYIhbuC8Io9F0e0FK837yEqsIctv024jVyRxasyGlV7dQWy8GQYHesOOKyBPSonXkQY16ZM1KXUiTzRFJ6TrCDuDx4i9mN3s59fHeZTAhZU5UHSqZjWYj1Qk3wfaDKpZNQYA0mTAQQnKS+pSXpnGxibGFeNuSihFDOLLxeOAOqxh2dKJoBz5sCTbkGtfFRiHq6FlORSTZ2/AzovXsM4+GXF/JEndV/lx6qbzJmm4rDyQk1XfuFyGgreNcx4lcGHrALx6fAnxwvHiHm49AIw97GvxFg60DAyhrVGG69sOoQT94WhRm2xlKayvjY2vDDTA0QRe/1MTDwqzYmTzQ6k5tRwT4kdH52Ptvggkp+Ui51k0Du25jArYoLua/IXIqwzGVEMuXNwuyH9ARhZOrluMXeEPkJaTi+y0wzhwAWjrbi22DYNULGFikIr43dHILi8XMxbj7kBZ6hlcyhT8/8XZOfjf6SYaTHeguPAMDqe9kTDISIcXYRYwM7TCvONNI6zpD2MQ+zgDBQDyn8cgLvoh0quSG219U1hZWQn/jC0AZWijc9eO0K6VMVz4ggtLoyl1zn5WGbQcE8zO4qdPduJS8lMkR/6Kr9YBRmO9MVDkupJjfjj92gMfzzSsv723BsHa0Bje2+S/kctiQiDM8Dt+OZYvkOvVpdgaXTfhKIgMxakCgS2Fr92Jx7KcVNZtFPQRhfPXBBZVlr4Ny9YClXWckAsTS+D54TOIKqyQyTaU4YLpvkDcutnYcPEJsp9H4sA0X8TAB5O8FTBj/3QlRnQ0xPDZ0TL6YiqOLJiBtcGncOVmHGLvnsGO+WOxNtkEDgudxGMCrmN1Ly76dtokHAQAAKpcmHSusc+unfWhwwM4+qawNmwrkHHyGni4r0fFqD+wvE+eMHl+mFJct1GlAL+1YmMTaWgCKG2yvzcUm4ymHocHdyv8xmzG6eRnSHsWg6uHAzF/1l7hoPT8YF8sOeSJZYnesB0WgpC5V7DRNqjOOYj/emySInY2Nw5L4/PSJcRn8Nuko4jOyEDciRn47mRnuPqPgAYA0vXGrP6PEfblCoFOEvdi0ZeX0dp0ttixculYg8Ubo5H+NBmXF3vj9GtPTJ6sIzfbaNQfu/jjq7Fx2DdhNkIuPEH602TE3tiBoI+X4k85hVtlDMOMT4E7X25BQhlA/AT8sfYy/hFJiBuzYWpjCRP9VMSdThX07809bP4mGBkyxGFpdSIPNEcnSnDHwm+VELdiPBbsjUJaXjqS75zGnoCxWH9CXpyHgwFzx4AKV+Pz36ORlpeOiG1eWBdtiyHLxF+D4ek6wlb3AU6vvYi0nFwU5ZfLPDY2J660mhCKwVrB+MFb4GvJV+fjm63K6LKsgUl0BUBefLgh25BrXxXIm/g4jy2zfkNY9DPk5OTg4a3DOJagDL0BplL3VV6cujm8SRouKw9O3WPMUKhhO7799iKS0jOQHPkrFv4IaJt6YaCaFJwHQPfPV8JSfR38P7+IxOexOO3njaM5nvhkQQ13frD7ewT/dQ0371zGnytc8elveujzm1+dV8vufWOETkZuCLovfz9pbHxVQje4OgCP94QJYnvZOaz7uS4flgenbnoAl4D0M9NpuJM56WurEqMsOOZA0jEuogU5IhYLiifIWhyJn7eKnBiQ/TT5l5HnUz5dDepPjtbtSVtNjTRVBSW6oyTU8Uk/O5HcjFWIU6tEPJ8XT3/OtSETPT3q3NWKXNw30e/z6xZfqK8gg/gL8tfo17H6ZKBe/9EmCi1cU1UQCWLl6tXrLQjVUFGthgoRlKaGCI5BUFMlTVUrch9/RKzKNI9SaLsLqFuv8AblVRxmQZowoOmH+AopApBzaS55dG1DesaCowMWjRQvsMPj36XtY0DabfTJxNqDvghZRkPQQ+KxS5KLF5RS3M7B5GjcjvQ7WVFvex8K3jaWTDGFQmtfmbZVcJRBreMDqot2odafqkjBBB6l0MlFfQTHp1QduxR8UzH+2tSiWnzKp2uBw8jVzkhwvIqqFpnYedLSA0/qtKGSIshPr/GCIpKKaj3dIvn4lPqKpZhhR71VpuURmwSFnXrIVElb2thEVHVkzbgewiNWOvfxoLlB9wR9TV9JgxkuTdybL1bh08+01lFM70JsakyOjcZh6Qr9NObz0hTV6tDeh35e0ptMtFSoNUfysUvVx95wNE3IxX1T3WOXPg6k5cM7kLaamszHLkllG1L4PJ8XT38u6ku2ehrC42TGN3AiQF3/kyI28e/SHzPNyURPj0zMHWnq/02i3pKOXarPhquK0njaapKesQlZW3nQF/t/pJEwkK1gTAM6kWdRrWbrpPrYpaojkbSN7Mh1rD8dfSRPzlNKD/d9XHO0U0cP+jI0U+JYkH1rLrkZqxAgHo+lGRsbiivVRZMACXxEpEiS6BE/mlp2NG7FhTrHLjVapKeZNtwoH5ZTLG+or7JAkbyJx79L2z/uRbYmmqSurl7vMaTN5dTV9tFYsdL6eFOLFdVqlFOXUlzoZPLo2oY4QL3HBDXGeXIuzSVPW4HMO5pOpQ1XxE/KiQvuS7YmgqPcDKw9aOHOJxL8WVBQTwteMp9oIC9OTSnBNKsnSEvXhHrb+1DIxqH1HrsUSs3j1E0pqsUQEeFfxKtjlujiZYmVmWfwORcsWFRvZMGNGRqYujsQp2lJi84Is/jvgypTETrBHGvSwxETO1Lilml5xKZK7MIkpZkoX52JwwHc97bGAAsBnm1l4OLb9JhEKMDRse3wAxPV5MJ0LFiwYMHyJhaygId7+M7UAed7ReHKcXuWi4iguLi4ahX7X3be2yefoPPYNZjGJsMsxJw3HmcvAU67fdmgzkKueLKBgaamPb6Pm4LPfveo9/1hecQmFUzGN5sdkbnDEvqMPVbfZ+XPggULFixY3sSi5aD04ixup3+E2VvZZLg+/OsrxCxYsGDBgsX7AHaFmAULFixYsPjvoHqFmE2IWbBgwYIFCxYsWLBgwYLFB5kQK7GiYMGCBQsWLFiwYMGCBQsWHyLYhJgFCxYsWLBgwYIFCxYsWLAJsazgIxWbBzJwXZ7NSrIZIBRg3zAGnLaGcOwZhAsFin0eHwnYO9MEptqq4DK++JtVQdPwdDkcGDf8ktX0W4RPZsAwgj+r/pek+s2r/crozKzANTl1g4frWKJf3Q4Oxm+te3rmiwPtoVHVTq4cny2KSpzHfEMGU4Ppnde7vYpAFhqMM9Y/+bDMvjn2Vx6zGl52raDBMNBhxuPg23ezj/EBDCx0QlHwnuqoUX/9wG2YxfuJCzOlHydbGiwfZvkwi/9oQsyr3IpRjDmW3Kr/xwx00GuUN4Y7qCm0kRdmMug3LloBdy7DtQ0ucLPqCG0NBhqtTNHbPQBhj2W7y3W/mqSm+q/nxEgxB7+2xQsezhYw5AgIyt1acvzkHCH/2c/o9vJrrN+k2AigdPsb+O8yxKwLRciiLfhIUoJkymDWgabbhjyCVJBD44OL4mxDPAHowmxGigLuPeoggYhwfsa/FwSU4YKgXEIlRcBPt1ziNbpTXqKUCMWhSlBpAb2+0+i8FtGVBEpfid7gs6OI1LrPwuFv/g9PdP5EYmEhUkv3Y7Jay7fj3mIGFuZHG0x22/afh48WWYHznsq6UX+VxYYzVmEA44HdhYprb2Njjrz02mxc7YlOzGwc+5fGC2SdwPrZDrAzbQUOhwNDmxGYuzUBolOYGVd8MWWEA0y1VdGKGYxNTZjsIBTgTrAn3Kx1wOFwwDVwxrztWQoRqULlJS/7/AD4MKEAt/d/Bk8ncxjoqEGjlSlcRgTh0vOm8+t7ixhoMByM3CjulXy6hz1+zrDT14SGmjYsTKdiSxzLhz8IPixFDP230BxuCwY6GLB0Hwa8tzNRpUCrYZj0rSO+M9OHNi8ee/7vE3zVhUEnWgMHGe7VsesmnDroIpALXwPq+qZizyl8o49B3v+Dl/UkrA6WfA8NrWFw6wb8mpQNQEdh/a7IigMPY9C3jybL0lmwYNFC8TYLyY8Bk3mDYar1bh/80HnEVmwZweqMxbuFVzdD8NerSVgY1BddO/Hwz8ml+MJ3CApbp+HgpwKfKn/JQK//51jrfhBLFzdtt82TrR0wwq8fvH48jP+5tkZ5bipyK9VYBfyH+TAfKYgIfY7O49fhi96doc2/iz+WLMDsTsCftEQmPgwARbc/w5xIV9jhSq3nZGG/pwOW3puFpdt+hJuFKvKSEsHXYPkwi38XdVaIKS8IQxgGKqq+OI1UbHASrHi2ZUbgt8Iag94xoGaLpaRZCz5ScSrADXYGDDTUtNGtjy/2P+DVXFC13XTu7kXwsONCW1sb9r13IKqsCb0oL0BOTg4KS2UPYAPn/h/meg+Dq1Mv2Lp4Y+PakQAicVnGWVV1jim62trC1tYWvey7wspITUTIXIxZug3LfD+Gm82/r/QycKAEjsxnkUljGwBQln0I/l41s4zDRu6r0WvGKgxhLPHp0Rpl5R3vBhPGC3uzBIeHrzBjoMx0x9f3gKvruGAYBkqMDqY0YfWgrCgbuVlFKFWgPIvu/CjYBqomwYbzz2H9VBuYaqtCo5UpBozdgRv5MvYhbRd8BreFjro6unTxRWhyLxkHugTsnecMJ5P20FFXRztDZ3j730BWC9qcLHotfnkG/h660FFXh3HH2QiOE02qqlYubFTB4XBg1MUL34TJINCMVXBhHMXOA+YjC6HDanZ1yENeL4IZmDJBwp0gfCQgyJrB0B9qYiXxBc+xNlSGhrIhug3wE4uRfKTi1AoHYQw1sHDGlMBEmeSed3EFprh1E9ifsiGsXX2xU8Y43Fz7q8R5zOcyUGEc8EM6cOobTTBiW6bLED6ZQfdhIrtqXm3FKKZHzay7lONFWfYh+Hv2FPpbb/cAnM4UfHfdRxCvHH4CUlInoF3Vbh47kRn1JxtqdvlI3jJdhofHJgtXzgxtRmDZ/kzxvhoyGPXDPvi4dYShllYdG5Zu8qDWCp3pYEzfmiiMY43q9T+ExvygMb1Wy9LDjgtDdTVodLCGu6Q4fGcgzJip+P3Oz5jqpAcddXUYaHtjbxZQcayTYAu66wM8RzC8qp5hzAQhvgkjcFFONrKbMCi1GX8cl/5cghnjB8KprxtGrtmFxX1yEfv7TeE1XcZvxi8Bn2GyswY4oCbE6pP40Y+PjzZcxB9fDoVTT0e4uk/FJI8OLa773MvzMMKagYayIRyGbUZMMer4mtgrNmd7wKj2ttcG9NqYbXxIfFgZfbDk9Fn8smQihrv1g+OQ+fjtZ3u8QZjMfJhffgIBn6Ri4p7FqE15le4vxo8nXBFwZScWew2AXU9HfDRpFjy6sHz4fefDRdEbMcupHXTU1aHRyhQOjjXjr1QxNPsgFnvZwtqgDTTUtGHexUtsfBXGhZvfYqqjKXTU1dFeyw5jJhxpQhyWIiFm9JbgIhEqK7ZgJMzgd1OwpbOYzmCudk2CNyeCwKMUbBogeYtlwkZzfPo/DXwS+hgJaWew3HIrlvT8EudFLucpXcH1HX0QdDMLBRm/wS7nM3yzoW4w4egAHWzr37z2IswCZoZWmHe8mdJ4nYAjP50GD3aw6yTbT1PS5sBURw067esZbKVK0DXA0QCY0jLFRoDS1EaGSQ4MDK2grym7bfDLT8DXfjKuaa3HscgnSLq9GQ4l0zBnyCUBuTT+P4QcKMW1CXNwJBNA7lbMnF6Avnt3YhpXEJTXpBJ4FI/APsCgZVkgIvCpAAemQGbbuPAFF5ZGU5q13Y/aDUZ7F516yMNt7Ps+D94hsYi+9hUMn9bYMB+p2DHlI/wS54XNt1KReHcVeqZ/hjkeR6VOrni4hzVjZuJa0U84/egxTv1aij0/xaBSph5koajyY3yz8zKiM54iMmwsyva64NMfWm7bstR6ZYA7G4LRav5lxESFYULHYPzoWbMN8snWDhgzh8Ho9TFIepqMsFWE0+NHIkjKhINv/Akm29/GxeDUmke+Oo795w0waK5zi8mLjyyEjeuO/7s2GD+cTkda+ml83+MglvdciutVMfLNsY8w5wddeB99jrTnsbga4gOnDrJt0S4sLEQn71+w/2YK0tJPY33vw1gpQxyWh/2pwB2bswRb8gNMgNE/loCIUEBHZdoy3dh4wX97EL59JuNYzufYfCsVaclHsXbMSzzNEHzvslUQr+4uAszNjiCfBP8XPQ/Ywk/w2QP/erjm7Unw8opFh68uIvlRLA4uyMI+71H4301xG779002M3PccWS9j8EMfcRuWBk+2tsPI2bno7n8BSekZuHh0CoxyUlAmg17lBk4HGKqbQF2hCyiSxxxp/KAxvRJKkZNnirEBJ3A5+RkS7wThowJBHK6tkzLmEgJ9HmPkjjRkv8rFteNTYcYBVD2foZQIdKUHOmIWwqqekSHhPOqGxgtB8rMSbh25GDGl+VsbCaUo/Ado29lAfrH6/n7cLfNEL6PvBYmingkGDggSElt5oz55UV4Qpg47iFKvG4hOu4wNw7dj4+kmJj316LUx2/ig+TCA8vxiqMAA+h1ksckCnJk7DvEj9+KbrnWZ5rPrh5Bj0x96J8fAyaQ9DDvaYdSMI0goY/nw+8yHebiHwPF+SNLfi4tPnyE9+ih+mMsVfi9VDC18DuoVgK1no5D4PBb7VxHCvUeKbUcvv+8NN+ff8c/wzbiU/Az3ooIwTuUZ5BKeqB5UVmyhkTAjv5tUL3iUQpsGgAYtyxL/LUWQn5n455UVW2gEQFN28gUfZCwje3QRu//5GSAby4skK/L2tyMNaNHk/dQ0XB5ABgABIH2jWbT3SaVMP394ci2FHLlKkTGxdDlsIXl0BlliBz2RcO3jIFAnBNCdeu71YDnIQNWPLmRWkELwKp62jwN1MT1C+U28RUO2kbcTZIFAeiD6YdwkssIUOlBebTeZFP4xyHhAIPm7gnqPuFCnLTyKp8A+dW1LVpyaBGoDD9pWoABZZiwje3SihSeqPygVs2F+3ipyhiXNv1Dzk/IrbmQMD/o9U/xW52eAujpLsP24SWQBR/rxcc0zIuYKbOhqM5p+dxHIun04ldT2W12Q15aSen9XHKrUrGc3pNcKOke+BiDHhalizzPCYrpa/b0uaNLuEpH7ZdJed/HfNIanW0CdRWw0b387Mql6hizyovSV1B/9RHQj7gcmCBT6OY/iKdAKNGRNVb8fzqY+cKWfM0Xlf5C80Z4+P1ETK4waiBVN993uNb7bWByWo/1VUgQFmIBG/1jbvkrp1CRQN/cbwk/4xTK2k4iebQYZwofOlTVu++ZmDce/B/4gc+19ta4R+Lfo5zxKoU32INuxUWI2LGrfxWEWQhuWTk4naHZrEVtpil6l9dcGbPhdgbR+II1eq/H2rB0Zw4f+Ev3w9gDiwph8L/Hr/+GVHtQRsyismeOGnXKNzTQHucdsqBM8aPsjCV/eGkmWcKVfZdXtlR6krapFHU2n0uaLDygx4Qj5u4JMsUl8XG8BvXNF/KaS7lJA95pxstrXhJySiOhMd+I2Ra+N2MYHxYeF/blGAd1AvSfcoBJZbDLMiXpXjX0VdIJmAzRiQ76Yn6KtAfXrt4lOxzykmEvf04gOoL5jo+o8h+XD7w8fFvCXhvmjrDG0ut/uKwUS4VM+HR7TPH1JQlFRERUVFZFCjl0iPEFaKmDW01BkmaAv7EyArMc5IsvTXHTqLDK70Q4o5xXIvJyvO+UlSqhQ4oyJVOh/EJeTkhATsQ+zLYKx3i1EpuX3LqOXCbYw2faCq+fPOL7HDXxsxrYmvGRv891xeFlvwFAjVVjYnpbr1oYnGxhotOmOhcc98OWx8Qp5KyMuAniCr9FDtMhYr0N4ihzk/lOjd489xzEk9WvsuOKHtWFDFPaGyKiD4jN28oYSzGHap2YmUdSGmYTzyEJ39Oldc72qjRuM8AQPkqS7/6uUKLyGDSwtap7R1UFWfyzAnc3j4GatA22Nmu2Fb3mFUPDca5PQ0dykZougjg0IZSgFoPziFpJeAIemawptS5kxwrTzwKtE6VdvO05chU44gmP3BbI5F5IPvbHeGNiC8nqVcBXxuIKvjGr8RIWZjFC8Rn6GYL7aYnwgenX4AR+ZDsbkz/zxy+67Mm+zLEvbhUXju8BUW1XwDFVf/IXXKH8DqeKwPOxPfr7W8HiRfA/QNBsMF3XFPJ+PLCSnAFqjrYXxSglmsOoJvLqaJLba2K5LzYpdGw5HaMNS9fNFHJJeW8J2iGGz9PpfgTz8IO/iCkx10hP6s5pHDF6hECW1rlODPXr3ZxTboaqCZqI7E5qCwvtz4Tm9Ah+F7cMcS/k1r6JUBeUVQP/vd8B3cHdY24zHD79MghJ24tj9ltN7ejygYeaMHsJdRt3h2K1p92pIr9LaxgfDh6t2t4VNHoijr3Zg915nqbcTU3EIfGZUwPPW4gbfOdYstsassPkYYdsFtm7f4ZdlQOaJULFisywffr/4sBKGYe4i4IqvDfqNnoWFP2zH2fjXst3kzT3snVdVbI2p3iqujrf5BVV2mYBb8UCn2c4KkRF7DjEAqHJhZWUFWxdvrDm1BZ2eLUbgyabfTqX3SBjjAfLTZP9t4spxCEvyw4XMCjyJHQl5lp6x8COUvorHL+5n8aun4qpxmpsdQUnVdojqvzd0CQu5IoNucjhiioG3iEZcMmuCDTspB2K7dTTayfT718f6YvSCYjisS0Baac32wnfWHVs1kODBUrg1SfQv/pyz9ARF1xuTBwi2TfMrD+DAeXP0XWDf4vJqBx/8RbX7UobDC6qIm8kShGen4OwvU+HUNhq7vumLwQ6hMm+3v5r3HcISBduUeW+DMVzGtL659tckEsmUogzMe+uzHAWeHCYvvb43aKYfUF4QpgzfgpejjyO6oMrPLg+ABlCHYDPgQP09qB1VFBuA8f0vouOGK9juKV9/VNXhggtTdOxSwz7IoA+MkYfn6f+CL8mSzDOqEj+vT6+y2MaHAkEybA7/iEBsfzQb3WRQABMdgovF97B6kCY4HA5acz7GTgBn/LmwMN6JLADaRoA2rGEswgeNzTqiEjnIesvy4feVDzPQgctGQuqj7Vg0TgfFl5ZhYg8HzL8s7WBYhutLHLD4sB2+vZiHfKp6DcG+vMX60GhC3JQZZwYWMDUDUu+LrNpU3kFMOsC1NJB/L5pYRKB+tbxCxT9U59OcnBzkvpQiKCdcQwZ6oJ2p7E9OTgA6j5iKIVwVxfS1dTdMmqGE12mReNBcsUuwja4DgZLUS8L3ICUSlLJzWDx+BzR8onAy4DI2266QcL0GOHyAp9I8pbZEUa16+9nNHVzE416UiG0kXkYmLNDDWtLsWGmddrYx743WSEOGCPvLuCvbC+oPI56gjZkvVo7lQgeCFdD0FMnUg9MKKCurn1hzNLjgo7QZ8my6XknXEXYGjxF7MbuZQc8MY2cCab+EISLsAB5gLCYOkV1epMmAgxKUS1hK4HCU8BbZQjnxkYV0ETLZptsgGOIGzjeyi4RRMUO/MXOwcMNfuH3IDWUJR/G3lGf3Kr26g9h4MwwO9IYdV0AUlRKvIw3SM3552J80lJejAVS+qbE7pawkFMo4X2vVp/HYI0R+WRPshgsrc6DoVM1qMB+pSL4PtBlkLbcZa75uL1i3rt/OZdFrY/7akA03Jc4qjGxJ6wcS9MpE7cajSi/M9XeGWRW5f5YYgYomBXVtOUzTSM8lJI67sf7wctuFDj9dxaE5XLnzJl7vEeiKFGQl1nAgJucecqGLjia1yU6WwsZXYweAl5omPN6FjyykPxblmRrgaAKv/6nReWFWjGx2JaNt/Nf5MB+pODPTHN9cDkDIgyUN7Lapx4b7H0RMRhJiY2MRGxuLqEeb4KUMDF54A6duTQQXQOc+blCtNabkZD+HCgygo8by4fedD2tZDsXk2Ruw8+I1rLNPRtwfSVLFUD5ScOsKYP/ZCnh1bw0NAIR4xD4SHYO7wbE78GxnpEImMOplHKRiCRODVMTvjkZ2eblMAlSGC6b7AnHrZmPDxSfIfh6JA9N8EQMfTPKW/6x/U4sI8MtPIGDyMmwLi8DN2DjcurATfmN9cRde8Bheq51PV2JER0MMnx1dS4nnEfTxUuw6eg03Y+Nw+cxqTJ14EkqYj3mOIoaYl4CHsTFISgXKkY2H9x/gYXyumFwJpSgrBUijgSm5W4NgbWgM723NMAcNs2YN6g3ZhtHU4/DgboXfmM04nfwMac9icPVwIObP2ouUqkHtzPSPcD5lB35fZ4/+q+9ifu8f8NUn4gauBC5MLIHnh88gqrCiyYRNHkUEmiwnXW/M6v8YYV+uEMgicS8WfXkZrU1nY1QtHtNrWDsUxe3EzqiXYgGL13MJJnY7iwPLogXyyQnBT4chU1Ej4+5AWeoZXKqqOvDi7Bz877SkYGAOx35A4oadiEzPQ3Zh3cCp2vsT6CMcocGpyM0qknkgao5eleCOhd8qIW7FeCzYG4W0vHQk3zmNPQFjsf6EbO3oODIQlvgdX62Mhv7k2cLt0rLIi6frCFvdBzi99iLScnJRlF8zirXpMxOGuIg/LxOAMqQeXIaj/JrVC34Xf3w1Ng77JsxGyIUnSH+ajNgbOxD08VL8WeUIj47Ox9p9EUhOy0XOs2gc2nMZFbBBdynzWWpjCRP9VMSdThXo8c09bP4mGBkyJJrysD9p0HUgUBAZilMFghgRvnYnHsuYEHM/OwAP7lZ87bEDl5KfIicjCVf3rsKuyLr+UFx4BofT3sgYVzgYMHcMqHA1Pv89Gml56YjY5oV10bYYssxebrJQxhgs/B64v8JbYOc5uci4ewSbfjiHAhn12pi/NmTD0pPoBGweyoWt0SpcU0AcldYP6tVrt1HQRxTOXxN0vix9G5atbaINm/WHLq4j/ERWgxOHDaIeLiEVoU1eAw/39agY9QeW98kTJh4PU0TKLxen4GFsDOLSylCCQiQ9SkBM8sM628zr401KKlMwb9Ir/PXdHBy4/hxpqacRNP8QXuETePYUv/beN0boZOSGIAVspbaYEAgz/I5fjgkm4F5cXYqt0eLk2NUBeLwnDClVicW6n2XUq5S28UHwYWThzExzfLrbC4sPTEarpwLbkmQ79dqwKhcmna1gZSX469pZHzo8gKNvCmvDtgAAlUHLMcHsLH76ZCcuJT9FcuSv+GodYCTy2hLLh98/PszHeWyZ9RvCop8hJycHD28dxrEEZegNMJUqhjLgwqoX8PTUJYE/owCRK8bi6Gs1kWt0MNp/ClTSFmPKtxcRk5aHnEc3cNR3q3zGnoZeNE4/O5HcjFWIg1ovYt+uKUIl+qcr8qI0j1Lo5KI+ZGWgRBxVLbLp7UPBNyvFCkvULioTsVhQFKOkhYoI8Ph36Y/p/cnWuANpq6mRehsDshvkQzvvvJa6EEYl3aVfx+qTsaFATpz2VjR46na6/rLuy+y15dUOUylU5Bo+5dNed5DD5IT6ixqFWZAmDGj6IX6TXyB/G9aRDGsXnpAR9doGEZVmHaTl43qQiZYKqbcxoM59PGhu0D3Kr68ISPI35KzckaYdEdd8adpWmumoQ9oAMdBuUpEIRRfVatSGX/5N68cZkYmWCnE0TcjFfVMd2yAi4vPiae8kDTJQr9vX0tQQmufWhgx0jcmm5xRauqCnTEWN+Lx4+nOuDZno6VHnrlbk4r6Jfp8vqWgQEWUdIJ9+bSTqtdpGb29xJKu2SgQ0rTBMfXqVpkgKn/Lp9s5x5GqlTerq6qRtZEeuY/3p6CNZC4ak0HYXkCqs6hTDkEVe2bfmkpuxCgHihbr4lE9XN/Qkk7ZtSN/cicYu2k4+PcULJfF58fTnor5kq6dBHFUt0jd3ovHTD1N8aZWPnZlOw53MSV9blRhlA7Ia5EOh92Ur+Fd4w588bTVJz9iErK086Iv9P9JIGNQUepPChptrf40X1RLE4u1jQNpt9MnE2oO+CFlGQ9BDrKiWNONFadZBWu5pJvQ3+6H+FP68brGYX8fqk4E6xGy4gkLIS8K4pgorkcJ4pfRw38fkaq1C6urqxO3oQV+GZgrbIHWhn8Z8tpadG5q40cz18cLnNKpXGfy1PhuWXq93KcBUUHTpiQLCrLR+UJ9eiUopbudgcjRuR/qdrKi3vQ8FbxtLppgiNv7S7QF1P6vzjEyKWN5DKM+myKs5RbWebgFxJNioaGzK29+uzjXKMKljGw3xJn7JNfpjprnAj5QMqE8/STFWUGROC160J1MxNY9yLs0lj65tSM/YhPr086dFI2sVn0wJplk9QVq6JtTb3odCNg6VWFSrfr1KaRsfAB+uoBM0u03dfkiyHWltWFJRLeGY4mpEBmqqpKlqRe7jjwjHPZYPv598mMe/S9s/7kW2Jpqkrq5OOgZONHX5dcqUJYbmH6dFHgZkoGtMVuaONO7LvbTYETRoYYp4XIhcQVMcdUlbTY2021nR6PGHm1Xwr7qoFkNECnzbiYUsKCk6hAU2k/Hsi3yc+z8didtUbszQwNTdgTgt4bgHqXF7FDo5vsTndy/iW/YwchYsWLBg0dRJ9RerMVRvA3R3Z+PgpxqsQD4Q8HAP35k64HyvKFw5bg9W8yxYPszifURxcXHVSjyLf59QoAD7hjFo1+krJLQPxNIF9Z15G4+zlwCn3b5Nd34A/H4/4n8zshE8VAvc2ofYs2DBggULFlLi9fU9SMcKrGCT4Q8KSi/O4nb6R5i9lU2GWbB8mMX7D3aFmAULFixYsGDBggULFixYfFBgV4hZsGDBggULFixYsGDBgsUHDTYhZsGCBQsWLFiwYMGCBQsWbELMggULFixYsGDBggULFixYfNAJ8av9yujI+CnkTEFFoBK7MIExw4KLtb54uhz2KgwYhoEG44z1TxTx9DKET2bQfVgka01S6eo85msw+GQ7K4sPDS+CGZgyQbjLioIFixpkrIIL46ig8UmB4ysLuePJBgYaatqwMJ2KDbf5Cn5aGR5sHgI701Zoy9hj9X1W/oqSM8sRWY7I4j1NiN8pXO2JTsxsHGuwE+YYPn083DrX+qLzWkRXEih9JXqjeYPLvcUMLMyPouA/IK/mgle5FaMYcyy5xTrQ+4T3xoblYaO4jiWmDGYdUOxzLsxk0G9c9Hvvr4qUF/ET8Kf/aLhZdYSOujp0OtpjwrzTSC2TTB7vLWKgwXAwcqNslkoowJ0t7nAy5UBD2RAOjgE4nSl+DZ/uYY+fM+z0NYWJx5a4d9Q23vXx9T3xVx7uYcckW9iZtoIGw0F7LTuMmnEECWWy3YdP97B3pglMtVXRSs0aQ2ceFbPh636CyXfRv54TI8Vs+/7+KXCz1gGHw0E708GYuzUBpSJXWPgRSkqi8X2vA9j+xVmx7+SfeBzE919egtGcx8ilaHzbUzYbbikeIM241RK+9mq/Mrowm5HCckSWI7IckU2I391ODMCcXYHwsmQNmgULFizeKfxzFiciOmLY0m0Iu3oNx9Y7IGvvKEwZE1mH8Bfd/gxzIl1hh3KZH/PiuAu85v8Dm/XRSHy8A5PU/oeFXTcjvjqhQRb2ezpg6SFrTNv2NyLv/YUt64bCjD0z5j8/vnIMPsXSrWdxKeY2jhzwAv/yRHwy5JLUCSehAJdmOmDh8f5YcSYJUVfmQeviBHzyebTYPTp23YSYmBjExMQgNioZf/7cR/hd+e1J8PSOQYevLiLpaTIubTPDgy+H44uj4q1gVMzgOACoiMtBlgJlovziGYqoB/qN5rLHJrFgwYIFSUBxqBIZYTFdrfp/zpXxZK/ZixaEvSTpUEqnJoG6ud8QfsIv3kIj0Z38blZ9kLGM+sCVvtj1FQ23NSQtLS2ys99O90oFX78N60gcgFDrrzMC6UHVLSroIHlXfa4KK5p/oZ7mpK+k/uhHPz4mmRExr24bAJDt2CixvpqO3Ed/zrUhEy0Vat/ejRbuFZdVadZBWu5pRvraqsTRNCH3EXuFfZVWpslhk8jVSpvU1dWpbWcrch9/hJ6Q9PLKvRBAk10FbeQoGZDVIB/acb9S7CkVFELjoUczDp6i5Z5mZKCmSppadvTFIT7xcwNpsIRntIEHbSuQrhcVdI58OaAR/9tOMx0Z4qhqUfeei+noI/HrciJX0BRHXdJWUyMdAyeasvIe5ZOEa/qZkLaaGrVra0ujxx8W9pVHKXTS35Vs9UEcVS2y6e1DoVV95VEmbXcB9RjmSbZ6GmTdM5C2fWtHpsptqLdrOGVW2yzl0+2d48jVWoXU1dWJa+lJS4+K67UwagPNdNQhbTU14miaUJ9+/hT+XDYba6ivj4NAbe29yLOLJulrTaWg4AXkpAcyMV5M5/MFbTw8BmQ8fDEt8jAgEz094lp60trTb6S2YX5uIA2BRS3/KaXzM0BdTI/UkXtt8PNWkQsG0c+ZEr7MWEZ9MJy2FRDl7QQZqPrRzl2TydEExNE0IY/l18Xuz+fF0565TmRloEQcJQOycVks1Fu1r3Uetpl+ndyFjA3aSPQ1IqJKiiA/E9DM/aRQnJ8B6iuMBe+vv0ojr8LsLMrOL5OL3O4uAnFFxhgiIl7ZcfK1cKY1ySdpNkAjNuRLfT8epdCmAaBuzheppPrDh7PJBl1rxpy4SdQdrvTrY2oR1GcbPP5d+mOSGZmoCsaKudu+EB+fqsZGUX+KWAwyNztS0zcieuAP6th1E50NnkCOJurEUdWiHp220wMi4pHAjxyN2wnjytTl14WxTW7j68u/6ccp1gIb1TQhlzHb6fpLUoi/lhZmUU5moZgMmooHy0GdEEB3pLWvt8HkxYC8ttQ8/WkwyACz6HiZiI56hdfbvruLQKbYJIwBRKV0fbrkGPt0C8i4tei18gc/bxX1R09aFSebDUsbVxriPDy6RgHdQE7Tomrklb6SBsOCph0pkZJ7SROHq1CWT9nZ2VTQDOMpDlUiS9TVCcsRWY7IckT5cERp9SpvFBUVUVFRETWaEMueDEufENspgbq57KP4UiJ+4QGaxQUNWZMlfqsrPagjZlFYgw4UQuNhqpCEWHQwMzeTpHhBX1vDjib+dJ2SHsbQ4ZkgQ/jQubIaojfLANR/xhGKTMygtAfh5O8KsnW+KLWi+XmraDC4NHFLAqVm51Ba3AXa/ctxoXNLI6+HR3zp6+3nKTIxg7KfRtHJxbrUSaSd1bL0Aojb0YO+Pp5J+aVlVPDkJP0VWVFDXiq20EiY1ehSBlTQOfLVBGnCg1ZfeEKpjy/Qpo8ERKG6L2Wxc8gevejTn65TYlo6JUWuIy8jDTGCXBY3layhS+7fhVN0ai6lPr5AOydtpL+qvr+/AaQNDwq68JhSnt+gvZNrdFId7Cxd9lH8w3XkpgnqPeICJcR9R/0xSEiYH21RIn3GkzacekCpuWl068A46gZHCoytJnF3KcAE5Dg2nKJyciknOYr+DtksU7BrrK+Pg0D68KGTKVfIvy/IQD+AruWcIT9TATmrDnaqsKPFV98QUSll7O9JxvCkPZnS2TCPMmmfO8jW/YaQnFTSQZraSoWm7ORLp1Nd0PRDda8tDrMgi6oBN28niKNkQAPGH6Ebycl0K9idzGErtCMeZdKR0SATmwA6GvWUsp9G0Z/zuNQZiymirMbX1OBEX58R9DVuq3YdG67WTaCTFS07rthAGrEINOK7hPfeXxuTVyVFkJ+eOHlqOkopYp444edTPp2aARq0MIUq6ITMCXFlVfI2+scSkc/E7/N0C6iDTQAd3DCaHI3bkYGRLY2cfpjiS1vSNkopYi6og/Is2hf1jFIT9tBMWxAHTk1KiNX0TMi1/166kfmWSotT6Hb4JXpCRDw6R5vm/ETHLsRRanaOIK50lO/4yqMU2j4MxLUJoPCkp5SasId8eoKs+h6pIozy9ddTk2Qj1vVaX9ZBWtwD1K1XuPREK24SWYjE/urPuqGXMKGMWAxCWwPS11Yl7XZWNFRscoAoYi7IDDvEEqqIuXUnhqqTbVMoNiGmjGWN8qL64ltjcUUazlOatJqcYUlfnuITj+IpsDeo94QbdSYU6ude0rWTiChvfzvSgBZNbsYEadHZoeTosq9enbAckeWILEdsHkeURq//SkJsCB/ac35mE5Jh6RNie3QRc5jzM0A2lhffy4TYXHufcNao+nnVTpG3E0KFiw6mVphCB8qlH5Ata5EkiZBCXuJBq7uYDqqD3aCFKY38rhnBjgNymJwgNjD3Ri/yu1lFjCeJO16105thB2VSzYxXfTNTlRRBfmagQcuyxNo8AqApO/nEo0za0R/kvjJfELCMQZ7BfEHbtLk0/0KNA0/aXSIWFPa6gxwXpoqRcNFVA5lm6KXo6+MgUNeqVYeIedU+JbC5QQtThLIw194nlEUlRZCfbt2EoiFiUXS2L5mJrHYUhzlIJK719ePwGJBLlU7jdoymub+mCJ/Z017Qv7ydID1MFdp8tZ6ESczD2XUSAYGM29PnJ0R8TaQP/LxVNAR9xYnqu4D/iL8qJCFOX0mDGa6Yb+WGOVFvBNIdoiYlxPxigX9/fIhP9zeATOFDZ8pvk59ujb/eXSRIWPr120SnYx5SzKXvaUQHwcpSSQuZRSWdIG+AJook7sVhFqTbxIRYF1PpUL70Y5h1+1ormM0YX/l5q8gZlmKfl19xI2N40O+Z8vfX5ibEdwNQtUKmTt3sd8i2+namO7WHB23Of0zb3UE9+h6hzKf/I2d0FPb/4cm1FHLkKkXGxNLlsIXk0RlkKZIAF4c5UAfYks9fAj5VkLSRvDqBdCXIv+zWGLKAK/1w5Y1iVocpn+5sMKCOIjFfZltuIK5Iy3me7uSSidIsWrvUhowRUDXxKXtC3BjkkRCzHJHliCxHVBxHfEMFjfZV0Qlxve8QF6iGYsHoEKSWcNGzezsFvZvERSeRQh2cdkA5r0ChhSQU9o6Sgym41dvQ23WANt4gp6ojcRHAE3yNHqIFN3odwlPkIPcf6e7P7+mLz3tfgb+NPTzGL8Y3m08hOl+2Npal7cKi8V1gqq0KhmGgouqLv/Aa5W/Er2PAQdfBZgqVl7GztfDfvM62sEIcshIJfKTg1h0g9nx/aIrIy3IJ8AZpyATARwJuxQOdZjtDR+L7Xk+QlgqY9TSs+VClL+xMgKzHOTU643DAQAM6GoA6hwEDDXC0XuDtG0D5xS0kvQAOTdcUtkGZMcK088CrxOwq+x2GuYuAK7426Dd6Fhb+sB1n419LLQNp+goAyiUagne8CGilyQHAgQYBJSo1FV3aOJgKZcHADFZdgX+upUndllbDA+DGCcahUAKhAH/vugvDsbPhrt74bxnooN9HQN7ZGLzADez+5RQufnkGccjArXuA8SQ74TtqqjCFuVrN7wzUgLIyQT9eJVxFPK7gK6MaWagwkxGK18jPoBq9mRvW6J3THhyUCH3tXcF/zV+V4YKgXEIGLUH35tyo4AR8B38H/ienEPKpwCqoOAQ+MyrgeWsxHOQRi7XtYaxvAk1Qne80i60xK2w+Rth2ga3bd/hlGZB5IrTFKp8rvYhDGizReWDNW5ttbMajcxOLPrbBYLjoSH7n9c7mcXCz1oG2hsCXHH4C3vIKUSanvjAJ55GF7ujTu+YzVRs3GOEJHiRB7v466iChmM5grnbT2ttjQQpiHsbg0ukAdM1dgC+/j5aZazB8DWhzuTA0q9uILqOXYcb4gXCy7QVXz59xfI8b+NiMbVWFhVp5HseBRcUIG9seHA4HVjYR6DNzEJQlPEe13zasnXQFq11bQY/xxd/yNML7k2HOtIOjHwfO21djrLr87VxazmM0KwJrhgRj5XotfB65Bi7qivE73SkvUUKFODCF5YgsR2Q54rvIEdXxRKq+KrZeRj1QrTDDpLPx2Dz0LNZ32SksTNLkd5WZUpSB+WDf1TY3O4ISIpDI3xu6hIVcaRU1AH738hF90h9jnYvwYMsYeLSfjVNSloPj4R7WjJmJq3nfISyxBEQE3ttgDJdIj9pCrdW/+WI7MGRNlpisiAg5tEYuhFnqwQGW8LtJddoRf85Z6OQuGwmpj7Zj0TgdFF9ahok9HDD/Msm1rzzdajYv8jNNQF0kQlTUanmZjK6mjGGYMQOI/vUM8l8fwq6T5hiwzF7q33dymQTlokjEpFzGfQ1/jHE6hmv/xOFWhDUchteQf1XUJZJ85RobbAcf/EW1ZV6Gwwver9jxQfmrDMmw38BxiLW/gbA99sJJEiY6BBeL72H1IE1wOBy05nyMnQDO+HNhYbxTqsJC/DbtoQOgNL0MlrOicDnna7io5aLwBdCus8DmtI0AbVjDWCTmGpt1RCVykPW25cTA1C5hpCGFbZfUcy9tjsSCSK+P9cXoBcVwWJeAtFKBH91dhA8a6vpmsOpiC7cR3+LgDiuk/bgGfxZK+WOjbtBBAUqeG2HCrkz8fWAIuAVxKEJ76OlK/olK75EwxgPkp9UsAAzdmILsonxkpOYijR+GiW2vQhmG6FjrtxW352H5IVd8e+UNMmgLPpKnIHoeRGpZPm5tKEPkZ9/iRLli5C0V5yl/gEvpAJTScPdO1gdtnyxHZDniB88R/2W91psQt4UbvF27YWrYFvTQnoNF36bKMhcGjgZQ+abGkZSyklDYlKLWpN3sNJo0GXBQgvKSZt4ov2lz610HAiWpl3C9mQMPAx10HTgBc/124tSDLeiDwwiPkE5eSq/uIDbeDIMDvWHHVRV8lngdaVBrcntqzxrKgozImiUE5aexSEYvdLdmoARz2PYEnu2MrLf0uxK6wbF7/dcwsICpGZB6P7vmw8o7iEkHuJYG0tmMriPsDB4j9mJ2o9dqWQ7F5NkbsPPiNayzT0bcH0lSOl/jfZUWpeeThMdBEOIRGwN0GGgqgw1z4DJvEtTjduK34BA8xFzMcJT++byenrDBHYT/cQU0Zj6mj4/CX2v/Qjwc4dhVunu06TYIhriB8y11VENFFnKzihS2I+W/5K8AUJSTjdznTQtiVHYOfgPH4VbnCzh8uNasff+DiMlIQmxsLGJjYxH1aBO8lIHBC2/g1K2J4NYayHNycpD7srasHeA4AEg9cVOoT+VHJ3ETXWHtLHha5z5uUEUaMkR4d072c6jAADq1xFpWlI3crCK52wRftxesNO8jK7GGEL1Nu41cESsgDU2oo1RkvCpDjoy5wsOIJ2hj5ouVY7nQgWDFOD1FvuMrdXMHF/G4FyXiUomXkQkL9LBWAPms0om8/JWPQhTW5gTlBcjJyUFhrYfwrT9CT+YWbt6o+eJZ1CG8RG/0rCe+VSRcQwZ6oF3tMKyuA32uFtRwD8d3ALruI+rsushLPAkexmPSIM16KkCXoSgnGzkFTSQV6jpwmDADxkjAw2fNk6OkuCIN5+EjC2HTx+FW3j5Enu2H+K+86z8CLb+Z+xrq0avcwXJEliOyHLFJHFGefZV7Qiw0nDY+2BZig+Q13vhBhoPiuw4ECiJDcapAEPjC1+7E46YkxGb9oYvrCD+RJdxaKSt4uo6w1X2A02svIi0nF0X5skcd4+5AceEZHE57I3NibTT1ODy4W+E3ZjNOJz9D2rMYXD0ciPmz9tZ7pl0dJAXhqx/DcSshDzl56bi3dx8eoTe620gnL2pjCRP9VMSdThUQijf3sPmbYGQ0QSekYgkTg1TE745Gdnm57ARFCXh8cAnWXExBdtZFbP58HfIxB2OcBAF99OqpaJ02F5O+P42YtDxkxEXiePA8zApMEAb90f5ToJK2GFO+vYiYtDzkPLqBo75bcQ2C7Z3TfYG4dbOx4eITZD+PxIFpvoiBDyZ5M1I20R0Lv1VC3IrxWLA3Cml56Ui+cxp7AsZi/YnqAf08tsz6DWHRz5CTk4OHtw7jWIIy9AaYSj14NdZXaZGONVi8MRrpT5NxebE3Tr/2xOTJOjLZML/nt5hmdQyrl8bBaJm3TFtjGTjAzf4eDqwvwaDRhujhPhzZv+/Ca+0h6CPlNjh+F398NTYO+ybMRsiFJ0h/mozYGzsQ9PFS/KmACHnvGyN0MnJD0H0FRNb/kr9CcE7s6l5c9O20SebdQlR2DisGfYRT+YEI+J8u8qoS34fxuYK2qHJh0tkKVlaCv66d9aHDAzj6prA2bCt+s6crMaKjIYbPjq7lr2b4eLENCiL98PXhBKQ9uYigOTtR3mq+cNBWGbQcE8zO4qdPduJS8lMkR/6Kr9YBRmO9MVCMqCdg81AubI1W4ZqczUIZwzDjU+DOl1uQUCY4o/mPtZfxj2hCrOsIW/3bOL9boPuyh6uw9YLs41VZ6hlcqloheHF2Dv53Wr7jK+l6Y1b/xwj7coVgXEvci0VfXkZr09kYxZW/S134ggtLoynYXSjjD6NXYfbn23Hg7DXcvH8LV46sxuTPY9AW3nXa+SLMAmaGVph3vFZ8Ux2HeZ8C176cj+Drz5EU+yu++g4wneaLYeqCsSDo46XYdfQabsbG4fKZ1Zg68SSUMB/zHGvs6lTQVhy7fAex145i6zgH/JDshjmBznWT3lKA37oBf6wMxlRDLlzcLjRZnqShCYhNvMgvrkjDeZ4f7IslhzyxLNEbtsNCEDL3CjbaBiGqTH7cqzG9yhMsR2Q5IssRm84R5dnXpgfFeopqiR67xKNMCv8YZFRP0QNJ4PHv0vYxIO02+mRi7UFfhCyjIehR59ilxgqH8CiTIpb3IKu2SnVKxD/wl1wqXPTl8Wpk35pLbsYqde4hLXh0jX4dq08G6pJL6jdYQKyqsuXycT3IREuF1NsYUOc+HjQ3SIZy4qmbaYaHNRkbqhBHVYu4lp70TehzCe2sX16FN/zJ01aT9IxNyNrKg77Y/yONhIFYUZTqkvr1FiirrglxdiK5GasQpxkl9af0Um24pH5VuXyOpgn1GjyTNp79p+41VeXZtdtZ1S2pv6iP4PieqpL6wTdrSurv6C8o5sSjeAqyAk3eX1VowFi1qoCTSEn9qmMMtI3syHWsv7CtPP5d2v5xL7I10SR1dfU6R5tIi4b6+jgI1NX5otA/qo+WOD9DUKBAWFL/40BaPrwDaaup1Smp37gNixQ52QLSgVuTjqYRPUqnkk7Q7NY1xSWqC4eYVBVOErQnngKtxCvf8nnx9OeivmSrp0EcVS3SN3ei8cJKwNL5mrSF/87PAGnBq06lRbngP+Kvcimq9XA2WUuI0+0wlUIlxogGimplLCM7Zcm2y6d8ur15qOAYDSUD6u5Y93iL0tQQmudqJDgqRFVwLEntKtOVdJcCTBVX5ZfHv0t/zDQnEz09MjF3pKn/N4l61yr6mHtmGjmaCI5OcXHfRL/MkVxUS9JYJ/SjuTZkoqdHnbsK7vH7/LrXN3t8ffk3rR9nVHPskvumOscuycdfm1FUKyWY5nrZkZV+a1JXVydOeysa7LVJrAK0NMWXePy7tGeGMZloqZCmqhUNmVFjO5V0l34dqy/wd0DwjKniVaZ5lEKHp3OFR9rY9PahrZdfS2xydSGZJw1UFHZiQPbToppeWCtvFQ1BjwaPXWq0Pl4DcaVBzlNVWG/i3nwR+ZwjP9NaRzFJOW69C0W1WI7IckSWIzaPI0qrV0UV1WKIiMCCBYv3EoQCHB3bDj8wUYg5bt/Mu5Xh3mINeAfvw+VCb3D/w3Lj4R6+M3XA+V5RuHLcvp5tiSw+SJ96sRpD9TZAd3c2Dn7KWgaLFra/ylSETjDHmvRwxMSOlBibXh2zRBcvS6zMPIPPmxioK7ELk5Rmonx1Jg4HcNkYyIIFyxE/SI5YXFxcvTGBBQsWHzzKC5AW+zO+2aQNu1+9/tPJMAAovTiL2+kfYfZWNhlmIY7X1/cgHSuwgk2GWbQwnmxgoKlpj+/jpuCz3z3qfX/49skn6Dx2DaY1I1CrYDK+2eyIzB2W0Gfssfo+K38WLFh8uBxRhdUyCxYfNggFCB3dDtPPm6D/J/uw8QNIBBjdb3Ge3RvDQgLaeD5GCmsbLP4FWPgRSv0au4qDoSGEoc1+Ggd9fW4ixoeVOwsWLFiOyG6ZZsGCBQsWLFiwYMGCBQsWHxTYLdMsWLBgwYIFCxYsWLBgweKDBpsQs2DBggULFixYsGDBggULNiGugzsDYcHMxrEPWEAvDrSHBsOAYRhwmRV1zqXk4TqW6Au+ZxgOxm8tZa2KxQeBCzMZWPW/9E62jY9UbB7IwHV5NquoBlCJQ/iEYaDRwRru004jS8HPo6KD8HM1hKG6GixsT4ONlgrC0+VwYNzwS5Yibec85hsymBrc9Leu3pvx9ely2KsI2qHBOGP9E9bEGsSjOejLeOCPLFYULcZVgxmYMkG4y+qVBQsFJMS6k+A5YRA6vsMd4CMBQQ6KI766U16ilAjFoUoSK5ApwwVBuYRKioCfbnmD9+LhOpaYMph1QPGJSr9x0U3+/b3FDCzMj6JAkY282hOdGptsyViFAYwHdhcq4PlZJ7B+tgPsTFuBw+HA0GYE5m5NEBJ0fkUIRjLVRKzmT4nRkYkAZlzxxZQRDjDVVkUrZjA21SJSfLqH7fOGwc1aBxoMg+7DIuvcoyjmB0x10oOOujo0Olhj9LTTSC1TjFpe7VdGF2YzUt5hn+dVbsUoxhxLbtV/DQMd9BrljeEOau+0r9WbOKIAt/d/Bk8ncxjoqEGjlSlcRgTh0vOm3rEM9xYx0GA4GLmxxrNVMAn7iJBzug8K9gVgp4IrzSb8OAUHr07F3py3eCLhSJnG7O+DiE1SjhfS+MG7DnmOrwpF57WIriRQ+kr0Bp9ljiwUMm7JJTa9J2g0lrdQX1uC8zSX+ys6z5FlfFWkvHIj/wefEVYw4apCQ9kQNv1mY9uVN+9IQmzqi8DDn8KBjWUs/mN4dTMEf72ahIVBZ3H52ln84fUCJ32HYOYeQUrMqI7DluRoxMTECP9ub+0GA7jhIy9G6ueUv2Sg1/9zrP1uINpLzNwKUF7WC6OX/YxZPSUkRsUhmDV0BZ4YbcOl5GdIOrcIerdHYeLn0ezqGhpOiAcs3YdlXu3fy/bzkYKI0OfoPH4ddoVF4PJJP3TJ/hqzOzVtBaDo9meYE+kKO0hOKlr3GwUrJOB5umL7lZMNaPQajP46rI2yYMGCBQsWLAR4fHgb8rv6Yd32G7h0KxjzDIOxwm1inYWklk2Ib4+CWdWKmJ6kGZqq7Vhzdy+Chx0X2trasO+9A1FlooQuFadWOMDOgIGGmjYMLJwxJTBR7DZl2Yfg71WzAjJs5L4699g8kEF/n9M47NcN1lrK4LQ1RP9l0eDhHlaYMVBmuuPre8DVdVzhCt4UGWZh8i6uwBS3bjDVFsxIWLv6YucD3n/S2BrTyXUfgc4dfgJSUiegXZUN2ImsgEkjr0rswgRGHzMPhcPfyxyG6mpopW2PuX8SKo51EmyRc32A5wiGV9UzjJkgxDeF6OdkI6dA9pWDNuOP49KfSzBj/EA49XXDyDW7sLhPLmJ/vylMqEy62sHW1ha2trboZWuMp38loJ3zfHysLf1zuozfjF8CPsNkZw1wQBIc0B3zQwLx1XR32LWt+/vKyE2IzPfArB3jYWeqBxP7z/HzjxZ4uXcnrrfwgknu5XkYYc1AQ9kQDsM2I6ZYVOcStk+e7QEjxhd/i97kzkCYMVPx+52fhaveBtre2JslWBW9E+wJDzsuDNXVBNt4x+7AjfyqyYG8IAxhGKio+uI0UrHBSWA7bZkR+K2w2sazsGNAzRZLSTOqfKTiVICb0A+69fHFflEbliK+ST8jUoCcnBwUyjh7oYw+WHL6LH5ZMhHD3frBcch8/PazPd4gDJdlHBz45ScQ8EkqJu5ZDJt6riFogINKlLWAHakAMp/9LE1sqrYfNxtVcDgcGHXxwjdh+TWx63g3mDBe2JtVc/0FHwYWrTcjHnhnYlNjkMYPhG248yO87FpBQ62uDRM/AXvnOcPaUBkayoboNsBP3A+kRPHLM/D30IWOujqMO85GcByk1klL4MWB9jBl/MS2Y/NwEnM0GEyumgBF9kEs9rKFtUEbaKhpw7yLF5btz5ThKWUInyy+w4debcUopofYiqA0nKcx3tQo8s9h/VQbwRjdyhQDRGIoINhaq9vBFxt/9oCdaSu00zTFCP8bYqtC8rANQhmiLszFYBNBOwaN3IeEshobHspYYsFFcRlemMmgq5kMO0Degb7yIfi9k0l76Kiro52hM7z9bwhfP5HFX+uDtLGpTDUHD3ZPgZMpA41WLa9XacbXxmK5dH0tw8Njk+FmrSPc4Sfqr082MNDqPR5eXVvBQNsbG0K+hLM+A1MTP1wowLuF/HMI9OwIU21VcNoawtTeCz9f4lfFqcbznMZ4UzXiAxh0stqMv0ImwsmUAw01bfTsvAPxUo6vssTCopxsZDdhxcblp2c4+NNnmDyyL5wcPOBzZAsccRbnw1po+Ycawu0BZI5ZFFb784xlZKcE6uayj+JLifiFB2gWFzRkTZbwkuIwC9KDBwVef07ZuWmUfG0v/RL8QPg9r+w4zTIA9Z9xhCITMyjtQTj5u4JsnS9SfvU1lEKbBoDatbWlsT9cp5Sycip9cY+On3tUcx+Kp8A+oEHLsqgpeHjEl77efp4iEzMo+2kUnVysS53gQ+fKxK8rDlWiTgigq/Xcp5IiyE8X5LWlpN5nVdJdCnSyomXHSaGIWAQa8V1Cnc8b00k17i4CmZsdEepBVnlVUAh5AcTt6EFfH8+k/NIyKnhykv6KrKi56EoP6ijJtkSRs4Umqs+lA+UNyFwP1BmB9KCZMqukuxRgAnKYnCDxe96rIBrMcOnLU/ymPeDWSLKEK/36WPLXPMqk7S6gbu43xD5/e9aOdOFJweW1P3OiHx/L33aKzg4lR5d99KTW5/zcQBqsok2u/jcoMSOJrm7oSQbqoK7OF6t0fo58DUBTdorI50x34sKH/qoVUwwZfTLv7UP74l9TaXkBPbwcTtdfCmRwYu0i2nb4DiWl5lBqSjgFDgBZ9RW3xcqKLTQSZuR3s/5+VMcOSXHh/gaQNjwo6MJjSnl+g/ZOBhmK2rAU8a0xX6tG3v52pAEtmry/+bopDrMgQ3jSrgLpf8OnfDo1AzRoYQpV0AmaDdCIDXU9u4LO0WxN0Mz9ioxMpXTh4xqbkcX+pIlNj7YokT7jSRtOPaDU3DS6dWAcdYMjBcaKy8JGS3D/orNDyQIetP1RrRu9I7GpsfGiQT/IWEZ20CDLXovpSMwjSrz5HY3oUGPDPMqkI6NBJjYBdDTqKWU/jaI/53GpMxZTRJl07augc+RrCNLV96I14Q8o7UE4Le4H6mJao5/GdCLP8bVeHyjeQiNgQPMv1HxWfsWNTDC1Rn+JgfTV93/SpeiHIu3sVVe26SupP/pJiL2ldGqSePzmF2+hkeguvIc0nEfaMbqhuLd9GIhrE0DhSU8pNWEP+fQUxNDM6pi0E8RRMqAR3yVQPhEV3P+Eeov0VR62QQ9nkx1AXGM/OpL0lNKifqepHUF9x0ZRSdUz9rmDbN1vUIlQxwdpaisV8THkPegrj87Rpjk/0bELcZSanUNJkevIq2Pd8UKacatRNBCbqvs6YPwRupGcTLeC3ckcti2qV6nGVylieWN9Lbs1hmzQlSb8FkVpGUl0ZWsvMoIt/RAp+P5xEEgfPnQy5Qr59wUZ6AfQtZwz5GdaN4Y0NubIA/XH8lI6P0Ngw6cT8ig7PZFundxEIZdf17Kx+vMcaXnTA3+Qmp4JufbfSzcy31JpcQrdDr8k1u9GdSKNvDKWkZ0yyHZsVLPlxs8NpMHQoumH+KRIFBUVUVFRETU5IbZHFzHHPj8DZGNZQ3QeB4GMEEB36iOKO0EWtclC3CSywhThIFVNas219wkDXF1jaF5CLJlkdK8TtBQ5YLcUGtOJLE7RkLyqE+JBC1OaFNilDzLyS4hzj9lQJ0nkWEbZyTshFgQEZXL3Ewzo/JJrFDgA1BpWYgSvJWyHi8VC+6+kuxTQvWkJMRfG5HtJugD39qwdGde6R3MS4kqKID8z8c8rK7bQCIi0XYr4Ji3klRDz6BoFdAP1nlBDIKWy6zAn6o1AukPUYELMoxTa7gLq7RpOKaWKsaGS7BCaxW1erK4vNlXQOfLVBU3aXSLmU3vdQY4LU2v8qfRv8jEDOS0NJC9DPRr7W/47H5sajr31J8T26EQLT4gTL6ENP5xNfeBKP2eKtvkgeaM9fX5ChoTYQFy+xaFKZFQVJ6TVicITYsqnvWMFpF1UFt16hdfrS9W8wn1lvtwSYmk4T3PHGX7eKnKGZZ3k3xge9HtmTTsMMIuOl4lPBo/+sURutkEPZ5M9OtBn4Xwxzic6HhSd7UtmIu0oDnOQuBjxzve1njhl3V7cvloiIdYTmeSpHutaUq9Sja/NTogF/muuvU988cy+Jgl7HATqWuXfEfOq/VLgow3y0hYGn/Jpb62JIXnkOZJ40wN/kC6m0qF8+XB/UnBCzKd8ujAdZFbFX1oiIW7ysUtK4KJT55r/c9oB5bwC4XuNFuMD0avDD/jIdDAmf+aPX3bfFVtCj4sAnuBr9BAtWtTrEJ4iB7n/iD/LcLgduApaIS9L24VF47vAVFsVTNW2lr/wGuVv8J9DYzqRp7wYcNB1sJlC+1NdcCWDlqB7M+5TeH8uPKdX4KOwfZhjWfd7Hq7jt62AxTLfFn+fntFbgq3HPPBiXze042igtdbniPBchH6ohHqrlmtHejygYeaMHkLZd4djt6bdSw326N2fqfcVhqlOetDWEMQENY8YvEIhSuS1IwZPkJYKmPU0FNnD2xd2JkDW4xyp45u00J3yEiVUiANTmveqQ9jkgTj6agd273WWersxFYfAZ0YFPG8tbtRulWCGaZuWQ+3eKJhrcDBslfz2lREKsG8YA03DmTjPC8Ca7w3lHwte3ELSC+DQdE3heKLMGGHaeeBVYs22eYYzDBuPTUXh+q/xUC8YIV/ovNOxqXnvQ5nDtI/QgsVs+FXCVcTjCr4yqhl/VZjJCMVr5GfIVjW6o7lJzasoOjYglKFUBp0oPIZCB2OnWyDnRCiuAeDhHA4eBPr4j6jxpTf3sHeeM+z0NaHBVG9RVMfbfPn5gTScp7ljNJNwHlnojj69az5TtXGDEZ7gQZKofRqCq14tHw1oc4CyMsG+V3nZhhK6o0fXmjiv220kWiMNGVV7iVsND4AbJxiHQgmEAvy96y4Mx86Gu/r71VdCAe5sHgc3ax3huOXwE/CWV9gir6CIQhWmMFersXsDtZbVq7Tja/Ne/ctCcgqgNdoaOiLjl1VP4NXVJOEWceUSDYF/E9BKkwOAAw0CSlTK8K6AgQ6GzXNC0aXh6DrAC/N81mPXuecy8wxpeVMbDIaLout3VBUgjDlu35zMDPFbHTF791SserSkxXi34s4hNlmC8OwUnP1lKpzaRmPXN30x2CFU7FgPc7MjKCECify9oUtYWCv7VdbnKKSJPNzDmjEzcTXvO4QlloCIwHsbjOF4dxympXUiP3m1hVqrd18kRbEBGN//IjpuuILtnu0k9/vq/+FwqgemLjD8V9rYddwpxOSUojA9FZlFSTgxJAtP0RHGHVq+LbJ4YgWjWs8gwIG6hOLPlBeEKcO34OXo44guqIoJlwdAA/hgC4gJkmFz+EcEYvuj2egmgwKY6BBcLL6H1YM0weFw0JrzMXYCOOPPhYXxTjG/5yMVexesxWuHcKSUluHc/8lv1GSgg0/OEUqyQzBA9Qes/l4xyVAZLOF3U3w8ISLEn3MWu+7p9YPIVlNDUeIlJJTjg0U7+OAvqi2vMhxewMh0H9VWzdeJotFqlD8ccAyHLwK8qz/jctkseI5lhK28vsQBiw/b4duLecgnAo9SsMm+ecZBTCnKIC7LRjlPM8do6RMn7bqxRrlM7rbR8KTRMMyYAUT/egb5rw9h10lzDFhmL3fdK7qvr4/1xegFxXBYl4C0UsHv7y76d3z6XdDruwKebtU/NEV8UhNQz3y32qnnGYnEnMvY/pkztItCsXxkNwz7NlX6OCMDb2K0OTLX72h5lOFRiA08vzbHkvt74W3Zck9WUuTNGRUz9BszBws3/IXbh9xQlnAUf7+tIvkDgZLUS3IoDKQBDh/gqchOmZVe3UFsvBkGB3rDjisg70qJ15GGumydo8EFH6UNEHMOOK1qZuOabApF2cjNKvpXdCKG/LJmyatxL9aGPEJwUU42cp83zYjKY/3h5bYLHX66ikNzuPXORp7ceBkc09mYyK3fgXNycpD7UrGpqJaBIbQ1ynB92yGUoD8cLWpnoFnIzSpSSPJo7ADwUtOEpfb5yEL6Y9GkRwMcTeD1PzV2U5gVI5ttRu3Go0ovzPV3hllV4vcsMQIV9emvCbs4GFjA1AxIvS+SlFXeQUw6wLU0kL/gmlhUqzpJPTPTHN9cDkDIgyVwUZfR/vofRExGEmJjYxEbG4uoR5vgpQwMXngDp25NFNt1w0cKbkUDfT4bKZS9vGOThsFkzHIGMq4lNU+mEmIT6TrCzuAxYi82nGyXPfTHDN/umHg+Et84bsRXXhfrFvB5B2KTTCbWBD9o020QDHED5xV4ZJO0OmmJ8ZVRHYfJY9Jw87dInNt9GRrO3himLmL7VwD7z1bAq3traAAgxCP2kYQ+aTLgoATlJRLapwFUvqlpn1JWEgpFKJa0nEfqMVqSzLu5g4t43IsSGRYSLyMTFuhh3bK2wUc8HjysWXl8kXAar2AKY26NzFzmTYJ63E78FhyCh5iLGY4y2Nc70teHEU/QxswXK8dyoQPBinF6inz9VR6xqSX0KvP4ml8mc1+VwIWVOVB0qmY1mI9UJN8H2gyqWTWWZ4KmqAKJQk/o0BsffboEa0PjcGpBMbLWXK51rFH9eY6svKkp46us8mo6Hy7Do4P9MXKWFRZfOoX5PRSaorZcQvzo6Hys3ReB5LRc5DyLxqE9l1EBG3Svyp2Mph6HB3cr/MZsxunkZ0h7FoOrhwMxf9Zemc63UgIXJpbA88NnEFVYIWGgasDf2ljCRD8VcadTBQPxm3vY/E0wMiSIRbX3J9BHOEKDU5GbVVSH4CrBHI79gMQNOxGZnofsQtkTEz4SsHkoF7ZGq8QqYraUToTJT3eguPAMDqe9EZOnLPJqFGb9oYvrCD+R1WSSw8N1rO7FRd9Om2SuAluWvAYe7utRMeoPLO+TJ0waHqYUiwebFzux7aQWnNZ51R9on67EiI6GGD5bQkW+4hQ8jI1BXFoZSlCIpEcJiEl+KLINrgy5SUmIe/AQaW+BNy+T6rTjwe7vEfzXNdy8cxl/rnDFp7/poc9vfnW2kdz7xgidjNwQpICzZC0mBMIMv+OXY4LShS+uLsXWaFH77wZXB+DxnjCkAKCyc1j3M1Apy0O6jYI+onD+mkA4ZenbsGxt3XuQiiVMDFIRvzsa2eXlMvmZw/hb6QABAABJREFUMlww3ReIWzcbGy4+QfbzSByY5osY+GCSt/xnyV+EWcDM0ArzjssaC7JwZqY5Pt3thcUHJqPVU4F9ittOI/anyoVJZytYWQn+unbWhw4P4OibwtqwdknzUqAE4LVSZGzigDQBvGn6lE19sUkJ7lj4rRLiVozHgr1RSMtLR/Kd09gTMBbrT1T34TwCJq4FTQvBLwN7w/dIILTOfoov9hW8U7FJ6vGrGX7A7+KPr8bGYd+E2Qi58ATpT5MRe2MHgj5eij/ltEtYGp201PjKQAcfzbBAys35+L/wDuiz0E24UsKAC6tewNNTlwSxCwWIXDEWR1/Xnejl6TrCVvcBTq+9iLScXBTll4slvAWRoThVIPDf8LU78VhkbJSG80g7Rtc/CeGNWf0fI+zLFYJnJO7Foi8vo7XpbIzitqxtEP7Bad+vcTr5GdKj/8DCH4FOY2djoOizen6LaVbHsHppHIyWecv0esG70lfj7kBZ6hlcqlp5fHF2Dv53Wr7+Ko/Y1BJ6lWV8rS+WN95XDgbMHQMqXI3Pf49GWl46IrZ5YV20LYYoYIcBrzIYUw25cHG7IPd785GFk+sWY1f4A6Tl5CI77TAOXADauluLTVg3mOdIyZuaM77KhIb4cGM/PdAPHlPewGnbajirP0BsbCzioh8iXaGLTaLGXU8xGqD2n3rNC90Zy+q8nB+xWPAydvWL4elnptNwJ3PS11YlRtmArAb5UOj9SvFX47MO0vJxPchES4XU2xhQ5z4eNDfoXp0q0429BF+atpVmOuqQNkAMtGUqYFN4w588bTVJz9iErK086Iv9P9LIWhUpq1/wvr3FkazaKhFQzwvjWQfIp18b4gDUBh60rUC2F7sr6S4FmIJMsUkhFe+k0Ul1AZ9fx+qTgTrq9FUaeVVQCI2HXoNFn3iUSRHLewjl2ZTiM80pXPN0C4iDunYuWqiBiOjBcpARFjdc6KOBIgJ5+9vVeY4yTISyqe5DQ+2IC+5LtiaaxFHVIgNrD1q484mEAgyCQhNa8KI9mYopPJBzaS55dG1DesYm1KefPy0aWaticEowzeoJ0tI1od72PhSycajEolqmmEKhkj2Z4nYOJkfjdqTfyYp62/tQ8LaxEq9PPzuR3IxV6vra7QFkIEGvuiLFOXiUQicX9SErAyXiqGqRTW8fCr5ZKabPxuKbootqVdAJmt2mbj9EbUfWIhYNV5k+Qd5Qqbe4irxi0/kZIPMGihlJU1ysvtjEp3y6vXMcuVppk7q6Omkb2ZHrWH86+kjw3fmqAh33RIqGZRwwImN4ihXT+7djk0wxvT4/kMKG+bx4+nNRX7LV0yCOqhbpmzvR+OmHKb5UWhttvJBeQzpp6fGV9zaYpiqB2osUWRIi/zgt8jAgA11jsjJ3pHFf7qXFjpK5R/atueRmrFLHNnj8u7R9DEi7jT6ZWHvQFyHLaAh6iBVRaozzSDtGN4iXf9P6cUZkoqVCHE0TcnHfRNdfihdfMhEpVMOjeAq0Eq+K3FzbqC7gNHfbF+RoAuJomtDAEXsl/v7pFpAO3OotOPmu95XPi6c/59qQiZ4ede5qRS7um+j3+XW5RIP+KnX8qz82vSt6bXR8lSKWNx6HS+nhvo/J1VqF1NXVidvRg74MzRTGtsdBNdwkYnFNQb3zM0AukxNkLlTnxIDsp0XJPX7zKZ+uBvUnR+v2pK2mRpqqVjR0zHaKeilLniMdb3rgL9kmZdGJIotq8SmfDo+pJ/dUcCG06qJaDBERWLwToBerMVRvA3R3Z+PgpxqsQFjIsCJ1D9+ZOuB8ryhcOW4P1npYyIKi29MwxPEBxsbF4tueiotN8f4MPlq7GLvzN2CoDit3Fiw+bJTh3mINeAfvw+VCb4UVT2XBoql4dcwSXbwssTLzDD5nDfQ/ieLi4qqVeBbvDF5f34N0rMAKNhlmISOUXpzF7fSPMHsrmwyzkB6VOARvZQYGI+9B55MfMLunYmNTt28OYPKg/ZhmyMDC9vQHWyyNBYsPHuUFSIv9Gd9s0obdr15sMsziHUQZbp98gs5j12Aaa6D/ebArxCxYsGDBggULFixaBIQChA5rh+nnTdD/k804uHckmxCzYMHiX0H1CjGbELNgwYIFCxYsWLBgwYIFiw8yIWa3TLNgwYIFCxYsWLBgwYIFiw8SbELMggULFixYsGDBggULFizYhJiFdLgwk4FV/0vvbPviAxhY6ISigFWVQlGJQ/iEYaDRwRru004jS8HPo6KD8HM1hKG6GluQqEVQhkf7R8FZnwHDMDBndspNx5U4j/mGDKYGs2+sSIMXB9pDgxHogcusUMg57SzEET5ZIG+GUdx4x8N1LNFjMHLjuz1avWv+ykcqNg9k4Lo8mzVUFv95vNqvjM7vcty/MxAWzGwcY1XVPNyfDFM1VbQzdMbMTanvSEJccAKBnh1hqq0KTltD9HYPwOlM2W583a9mMK3+6zkxsobcowDXtnjBw9kChhwByblb6x5FMT9gqpMedNTVodHBGqOnnUZqmeIcrguzGSnvsK3wkYAgh8YHwbb95+GjRVbgKDhAKUpeuZfnwdPJHAY6amDUdWDWyxv/+1u2k7kJBbizxR1OphxoKBvCwbGWDeeEwGeEFUy4quBwOOCaDsaMDVHikwipIVjk7Qw701ZgGA4mbhInQyqYhH1EyDndBwX7ArDzvmL1n/DjFBy8OhV7c97iSezIOtWkG9PJvcUMLMyPKnai5GpPdGpsYMhYhQGMB3YXKq4ZPFzHElMGsw405x4nsMr7b+h+m4KCggIkvpktU+EXaf31XcA7Yxv1QHfKS5QSoThUCSrvQ1//Axh1kEBEOD/jP9KhZtjfuwYGOug1yhvDHdT+83H4XYlNCuWIjfAR4ifgT//RcLPqCB11deh0tMeEebLxYT4SEGRdm5dz8Ml26Xn7u2Yb78zYqDsJnhMGoaMiG6JIf806gfWzHWBn2gocDgeGNiMwd2uCbIsujdxDKhvueRCpb/NwdUki/v5yA/5uYV2r1HWaVISMHoefCwLwx60v0FvlEcKXDMWijoYwpvnoLsPNO3bdhFMHXQQBnK8BdX1TkYSlFIVv9DHI+3/wsp6E1cG1EpriEMwaugLP3I7g0v4B0Ck4jtWTR2Hi51G4voc9WqYhdB6xFVtGvMeDPa8T+n72Mz7rpgeu0kvc3z0JS4dnQ+XxJSy1kO4eL467wGu+Gj76Mxr7e6fh6IxRWNjVEMavq2z4jQaMh/jjp6+tYNKej7zrq7BowSDMbP0Mx7+oOiC1/CWgPxm+P/fHgXFB9T6rdb9RsMJBPE8H0FNxcsnJBjR6DUZ/9vzWFoHSi0fIgT0GDTSDtjYrDxYsWLw7CfGApfswgBXFfwON8ZF/zuJEREcMW/o5/s9GD0xqMPw/H4UpKTdw5ZyzTHx44Mwb+OVLTQHP5mjAwFh63s6iHpj6IvDw+9v8VzdD8NerSVgY1BddO/Hwz8ml+MJ3CApbp+GglEctNnoPKW2YgQ56uA9HW2Qj6y0AtRYUBNUCv3gLjQBo+iF+zWe5gTQEFuR3k6RGxGKQea9wKpHi2sdBoE4IoDsin709a0cG8KBtBTWfFYdZkDF86FwZyR3FoUpkiU30RMJ3OZfmkocViKNkQH3cN9F6L1BX54tV35bSqUmgbu43xGQ4Et3F5FVBITQeejTj4Cla7mlGBmqqpKllR18c4hOf8un2znE03NaQDNRUidPeioaO2U7XXwp+W0l3KcAUBIj/MdCmyfvF5Vj9nbn2Psqv1Q8epdBJf1ey1QdxVLXIprcPhd6vrLkgYxn1gSt9sesrGm5rSFpaWmRnv53ulcomr2q5FGZnUVZJ83VTQSHkBdCEX/lSXc+jFNo0ANTN+WKN/T2cTTboWq8N8yiFtrsIflP3+QfJu4HnV9AJmg3QpydIoTg/A9S1V7jMNhwxr67tACDbsVE1Nltlg67WKqSurk5cS09aevSl8PvcYzZkDE/ak1lz/fl5IPNWm+gBEb0N60gcCc/ojEB6ULuh6SvJBcNpV0H9fS3MzqLs/KY7eiVFkJ8JaOZ+ybpuzA/sJPTFDDsoU6pnN+6vFXSOfA1AI9eH0/LhHUhbTY06G82inbEktU6k9YWTAX2EfdU3d6LJ6xOkto3GYpMQtweQKabQb7d/oimOuqStpkb6WlNpT6aMtiFFnO6EALoq4bvG5CWNHzSGvJ0gEwQKxyoexVOgFWjImqyai17+TevHGZGJlgqptzEgEztP+ukiT/pOShGHG7Lh4lAlMq41ngrbfwBkik0yyf38DNHxrhZe/k0/TrEmEy0V4miakEst22jM1yopgvx0QSM2CEYrHv8ubfoI1KPTdoovldbG42nPXCdyNG5H2mpqpGPgRFOXXxf6qjzsTxp/bQmd8CiTtrtU90GdBi3LEvte3nG4uWg0Dr9HsaklOU9DfKQadxeBuFgsMRbW5yeBViD3lfly4e2KtI3S1BCa59aGtNXUyNLSh7Z9aycW96WJw9U80HleOP252Ias2iqRehsDcv5GYD+5FwJosquNIHYpGZDVIB/aIRKbpBovbo0k06rPdTGLwiT0syBpI8101CFtNTXSNrITi03CuLJmL81zNSKDtm3rxJWW5E1ittKngbgvp3vUa8Nxk6gnPCm4nFoERUVFVFRURHW2TBNTijJogThMzWeaDAhP8OiabG8tpqTNgamOGnTaW8N97A7cyJd1SwUH6po1/+dotEEJYhDzTAETA+0Go71L3aU3ygvC1GEHUep1A9Fpl7Fh+HZsPN3EZyAP55ZsReX0CCQWvUJm1Ep4duKBUIqcPFOMDTiBy8nPkHgnCB8VfIY5HoJtGsrogzWpBB7FI7APMGhZFogIfCrAgSk197fwE2xxe+Av+fkJG83x6f808EnoYySkncFyy61Y0vNLnC8XkbnSFVzf0QdBN7NQkPEb7HI+wzcbsqWWlxBPV8KtIxcjpkQ3TzEVWYgK+QN34Iiegxgp5XwXtyIAs7FOwlknXpcxcMJDJEVK2vhShqe3duHAXWV0+ti6CY3UADQB5TeKnLoqA1MCoJWGzDbsslVgF3cXAeZmR5BPgv/HHLcXXvNkaweMmcNg9PoYJD1NRtgqwunxIxEUJ/hed9x1bJ5xDOtsQpEC4NVfH2PeNg8sixGsuKt6PkMpEehKD3TELIRVPSODltTdVcLpAEN1EzHfFvf761jdi4t+7TYhvsny4sDA0Ar6mk3wg85rEU0Eft4q9Ec/BMYK+pJC0m2ZltZfwQB3NgSj1fzLiIkKw4SOwfjRs2ZrVmM6kWrh4dhHmPODLryPPkfa81hcDfGBUwe+1LbRWGwSs1DmEgJ9HmPkjjRkv8rFteNTYcaR0TaagcbkJY0fyMNPL/h9hJ8fzcCWyCykP7iEgysHQ1tJtrGzsTjckA23cVkKXUQhqrBu2+L+BrTc7eUidz5SsWPKR/glzgubb6Ui8e4q9EwX2EaWDGOO8H50D8EfOeCPxO048GgOukn9zk8Wiio/xjc7LyM64ykiw8aibK8LPv1BIC+52V8j/toSOlECF3MiCDxKwaYBdYUozzgsH9Qfh9+32NRinEcqPlKGsjJAtbUpjGS8++2tNtBRV0c7Q2d4+9+oUxejuby9ubbBwz2sGTMT14p+wulHj3Hq11Ls+SkGlU18SnLoCoS2/wOn80pRmBqOpUPaAAAKCwvRyfsX7L+ZgrT001jf+zBWisQmqcaLfuFIJQLdHoC2kmLk24PwdVyMeKPtuPjoEW6GOiNn4yBhbKqOK7d/uomR+54j62UMfugjHldaljdB6FuF/wBtOxso8B4N2DCnNQilKC9p4aVySasbgVYgq277BDO0bzPp/KLWpK2mVmc2siE8PLmWQo5cpciYWLoctpA8OoMssUPi7JqkFWJ+biANhjK5+yVQPhHxS65R4ABQa1jR/AvUYngcJD6DUUl3KaB701aIvQAatDBFque+PWtHxvChvyTMuDSmhwf+dVeIKymC/MzEf1tZIdgNMGUnX7gyYY8uYu0+PwNkY9mEWaKMZWSnLNvqi9js0ttg8qqaeVODEy0Ik35lrHqXw8eH+HR/A8gUPnSm/Db56YIcF6bWmUEEQIyyAY1cGkX5ElcHGl4hrp7N7e0aTimlirHDkuwQmsWFTD4oaTbO3OxInT5W0Dny1QVN2l0ithKx111cXvzSv8nHDOS0NJC8DPVo7G8SpHWlB3WsZ6ZUppljvaatIEp178b8oLq/eauoP/pRYGzzZkgl6ax6ZlhUvsWhSmRUFWuk1Yk08cuonpUpaWxD2thEtwcQF8bke6mBXRxysI36VohlkZcsfZV1hZhP+bTXHWTrfqPpqyyNxOHGbLiCzpEvWtHnJwTt2ztnEm27WEk8iqcgK5DXFtlaVt8KMT9vFTnDUmw8Lr/iRsbwoN8zpfO16hXioWsvyLwy3Jg9W7evtdLVDPtrzF9bWifVY1e944EcfK0luNV/KTY1m/NIyUeqVwsHM1yxeCfN7oJzWzZT2KXbFB13k45tHUnWykrkMjlB6Cey8HaFIW4SWcCRfnxcs/IeMRdNXiE2194n3c6uirq8XWr7uz2AzCXYT3GoEhlgFh0vE79fNbepjiuiflwcZiGMK/8Wb8o9ZkOd4EHbHynwHg3YsID/a5Dn2pQmjdNyWyFWRh8sCAuCfcUn6K7BgQanNwIKvoOnzVuZEu0uo5dhxviBcLLtBVfPn3F8jxv42Ixtt6ScjNVbgq3HPPBiXze042igtdbniPBchH6ohHqrlpswSI8HNMyc0UMon+5w7NbU93446DrYTOJ3eRdXYKqTHrQ1BIUM1Dxi8AqFkNcECeEJ0lIBs56GNR+q9IWdCZD1OEdsBrpTZ5GJmnZAOa9A9orGndciurLpqy+M6jhsTUxEzJ3T2OGThRMzF2BvE0r8crTtYaxvAk2QhNl2M0zbm4Ck2Eic/dUO2ZtnYeUR2SWuBDNM27QcavdGwVyDg2Gr5Ff+g1CAfcMYaBrOxHleANZ8byh3G1d+cQtJL4BD0zWFhTSUGSNMOw+8SqyZyWQ4w7Dx2FQUrv8aD/WCEfKFYl5mVoYLgnLlv4Ioix+0FDqamwj/3UbHBoQylMqgk8ZgMT4QvTr8gI9MB2PyZ/74ZfddZMvozNLGJjXYo3d/Bv8G5CWv5oKBDobNc0LRpeHoOsAL83zWY9e55zLHz4bicGM2rIw+cBz7Bg9vZoN5EYatoccQ8mscUHEHN5P7wKm/fCpwMAnnkYXu6NNbZIXSxg1GeIIHSTL4GgPcXTceX/+tDrV+NjDjyB4j72weBzdrHaGNOvwEvOUVoqyF/PVd0cn7hP9cbGom55GajxScgO/g78D/5BRCPtWQKaa4+/jC060v7Ho6Yty8cPy5lI/Ug1uE1Zuby9vlgVcpUXgNG1ha1Kwkd3Vo+v0Mh9tJ3NlVlrYLi8Z3gam2KhiGgYqqL/7Ca5TLcadfRgIfGrBDd/Waz7oOsEAFkvBY5Lp2XWpWUdtwOMK48m/wpsL7c+E5vQIfhe3DHEsF3aMRG1ZSnYm1wQa4udwchow9Vt9vGduTWGVa3doPoQ8JZVlpSM/LRmRIJ7yNBXS5TV8+V+k9EsZ4gPw06X/TddwpxOSUojA9FZlFSTgxJAtP0RHGHVo+eMsyRgu2nUsKvm2hJiGZp7wgTBm+BS9HH0d0gWBbBl0eAA3ggz1ah4EO9K2tYeswAt5bTmOB4X5s8kuU6rf8Nu2hA6A0vQyWs6JwOedruKjlovAF0K6ztti1WsY2sOrlhI98zuD3L+JwfGawzFUk+UjF3gVr8dohHCmlZTj3fzpylcMn5wgl2SEYoPoDVn+vGHJfBkv43ayyPZG/+HPOYtc9vX4Q2WpqKEq8hIRysGgmVFs1XycNwmQJwrNTcPaXqXBqG41d3/TFYIdQqY+PkiU2MeBAXe3fk6Vc5CUH6HlGIjHnMrZ/5gztolAsH9kNw75NbdHY6TgAyDkbjWcXjgCfL4FpxEXExkYiEX3Ro9c75gQEGHbcght3pqH0yCwsOCvbqPf6WF+MXlAMh3UJSCut2ebY0v76n9JJS+ADik3SolE+UnACfgPHIdb+BsLkUFy268DOqEA2cgrlx9vlk5hwILYzWKNd0ydL9euy9+pt2VfzvkNYYgmICLy3wRiOsn9F75x35PTFotgAjO9/ER03XMF2z3aKuYcUNsyvCMHyWTlwWpuCbIrGtz1byu4agLqhIfTbA2/+2ohrcMNAD6YOBcnJyUGuFCfiVCRcQwZ6oJ3MBes40DIwhLZGGa5vO4QS9Idj7UrD5QXIyclBoQKyR2MHgJeaJgxKfGQh/bF4+zgaQOWbGkdSykpCoQxHPDNRu/Go0gtz/Z2Fs+PPEiNQUedKDXD4AE9F9o4ysICpGZB6XyShqryDmHSAa2mgANOS3jakRcXLulG7KCcbuc/La/XVAY4DgNQTN4UDo/Kjk7iJrrB21qm3vWWlAPNa9pk5PlJwKxro89nIelc3yoqykZtV1OS+axhMxixnIONaUvOEmF834JOuI+wMHiP2YsPJdtlDf8zw7Y6J5yPxjeNGfOV1se57LqQNeczDS9KrfJKFlvSDpvurtDqRqs8qZug3Zg4WbvgLtw+5oSzhKP5+K51tSB+bpOlU822Do8EFH6V1fFRmeeU3jfhwOEp4i2zh8/nIQnq6hOs69MZHny7B2tA4nFpQjKw1l+V2XIs0NmzhMhJM3Bn8dFoJfWb4wr1nKEKOJIJnOhh9m/LQNxJk3s0dXMTjXpRIjE68jExYoIe1bL5mNmsE7B02Ybf/Q5waMR+nZNhk8zDiCdqY+WLlWC50IFgxTk9RjP29UzpRsK/JY9z6kGKTfDlPXT5CZefgN3AcbnW+gMOHnVHvtLsMfPjhtadQhSEMtGXl7WUoyslGToH8x+g25r3RGmnIEJkZybib36Q4XG/i8+oOYuPNMDjQG3ZcVcFnideRVl9J4yaOF8bdlFCKGMSXi8crdVjDUgH+1BzeVB7rDy+3Xejw01UcmsNtNCaUNuEe0tqwUtoNPMYgDJtrVu81iohNErO2imtb8b/953Hr1i1c2f8Fxn16B3ojAvBJ7UT06UqM6GiI4bOjayUI5xH08VLsOnoNN2PjcPnMakydeBJKmI95jiIdykvAw9gYJKUC5cjGw/sP8DA+VyjoB7u/R/Bf13DzzmX8ucIVn/6mhz6/+aHO7olbg2BtaAzvbfI/qc5iQiDM8Dt+OSZwyBdXl2JrdO1ZNqAgMhSnCgSOGb52Jx7LkBCj2yjoIwrnq4qWlaVvw7K1qFNEQAlcmFgCzw+fQVRhhUwvnCvDBdN9gbh1s7Hh4hNkP4/EgWm+iIEPJnkrgCbUYxuNJ5epOLJgBtYGn8KVm3GIvXsGO+aPxdpkEzgsdKo1yycoItC3k3gRASWY4ePFNiiI9MPXhxOQ9uQigubsRHmr+ZhRZX/3d0zBwqDD+OvybcQ8uIz/Z++6o6I6vvD3qAtGAZVqoStgoYgKWEFRsYMaUOyYqKAxlkQFU2w/C2iKikkULFijYkNN7IodaQqChWahGWkqRWHv74+l7MIuvIUFNXnfOZyju2/fm7lzy3dn5t05tnUsvvoDaOsxtGq7SUkuUh9GI+ZxGnIB5DyPRmzUQ6TWCHhFQCFQ1kxSn+KxeaAerNqsaMDB8jyQqoCY1ntypzNQkHcah1LeiuiOHJwx7zs5xC4bg7khkUjJTkXinVPY7TcK649X2bTfuDWgSTvwS99u8DnsD7UzkzFzTzWbM+oFTVxD2PF0FBfXL4hIGldZoCntoCH2ymZM2ODRkTlYsycciSlZyHwWhYO7L+E9LNBZiZ1usPVNrCAD3VDsNhHaCMPe4GRkpedXkj5p5CWxr2zImu006OIC/rxEAIqRfGAJjvAVhWw9HSfWLsDOsPtIycxCRsoh7D8PtHA2l+oM64bqMN9mDCwQiNC9ThhmpYd+w2MR8ns8tDytIe3+FctBLZEfG4SgyFciRIg0PTG912OEfrUMpxKfIeVBCOZ/dQmfGXphuF59bI0Hm9VX8UXnYHzf/xTrlUL9zkBx8mlcLD9n/uWZGfjfqcbRv49lTJrC1mQTt/47vqm+nIcNH6His1jWbzBO5vjD73+ayI6JQUxMjAhfrsDLUBMY6Zph9rFqXyQEwOeLbThw6g6i793Csa3DMXkdYOThg75S8HYAKCsNxgRdPfR2PC9zvSjrugjjOp3B/iVRggn3zB346ZDouNblh+uc/2huCgPtZMSeShbI7+1dbF4cjDQxvL0h8aLZ2L1wUgvGas8jiEpLQ+KVOVgcKI8OSzxl/jpYQ3hTceIquDivx/vhf2CpbTZiKvQrqaDGtedn6sG0zfga5yHXdQ9pdBjFb8BARWIBsUbzTeJeMC65voT6m6lXlgkfO+O8+JfqJRQRKKUI+nWUNunrKhAPIF4rM3KaULMc/kn3miXNW2IC7a14tz64B1kZqBJPUY10zF1oXtATsYVKCkJNSBU6IkdFyRKZF2eRS8fmpKVvQLY9fWn+MNEiI2X8CNo2EqTeXJsMzF1o5o4lNABdxB67JL4gWBHFBjmRnX5L0m5nRt1svCl46ygyxPhKWVRemRIoKOFe4xiXHZVFqIT/FIWKkJVREp2Yb0tmOnKVx0IE36x57NLPL6qV4Tc6LH2BmHoWmOBTDl31H0T9rduQtroi8RTVyMDalb7dX3PsaysiwKccur15oOBIBzkd6mznS2HPhV74PzWLRjkZCY5GUVYWHPmw7Lxo8YXyPojKVLlGYbT3dJw8oUBfHpdU7EBwDI9hrUc2sCtu05AjEcroKv06Spt0lGs5dslMnZSVlUm9jTX1H+VLRx6VH7E0BWQEf5GjX9L2tyF9uIoUTSijFxS+tAuZtZCr99E6jVlUi5UdyKioVu32KiimIVLI63Rn0hMqCFPbmLBF6ukpNMTemLTVFYmRFxwtIXLEVJ26wdI3lR9tsreOoi4N1Q0+5dDtLXaV92Crw2ztgM3zr2zoSgYtmpO2sT2Nmr+NvLuKFtW6EtCL7MxbkbqSEqkqCo6CiXwlne+syw/XpcMVBd0qj5576EUWaC/RR9Xa57I4CnFXIR3lmkf9CR8xxVM1oN7Om2oeu1RLO6sfu0REVJS4lBzQUnzRPgnt+3OWBRloaVH7jmbU23kT/T6nZmHJhugfG3ttkjG53Yd0xMT56ke+yMYPyyZu/Vd8U0OKatXJRx56kTlq58uVhf/2tSQVqInaKRFR8mYa39OAtNUVCVAmDQNHcl9VdQQQW95eERvtGZDNpEhqDFQcu6SjqU8WXcfTt3O7ihTVqssPixSek1DINu+6L7laqZKWvgGZm7nQzH3raBh0anB0SfonXAStBkcUKpKVF7mh8tglVTVrGi00rmz8SlPwpqdbIPb4MXHHt550BzWvdiQuq3tIocMU604dazl2Sda+qaKoFkNEH8nu9fpvLbk+VQUTdvnjVCMU4eHAoc5tKrcnYYDdfYyKjRH7rgO9XImBWhuguSuD9SHn4hDny2DwmgXYlbMBAzU4uXPgwIEDh8aBrOIWh38fXh81RQc3Uyx/cRpf6nHy4CBDv4NcxG0wxOBFnthBWzC4CXxTQYFgFVvuUxdeGeJw5iJgv8uHS4Y5NClKcRCe8gx0ht2FxsTV8JLw4v+ba7uRimVY1kDD7bR4Pzz67cMkXQYmVqf+swXXOHDgwIFD40JWcYvDvw3FuH3iCdqPWoVJXDLMQZa45wEjJS30C7DA4F8Xik2GG9M3/QtWiDlw4MCBAwcOHDhw4MCBAwf2+NesEHPgwIEDBw4cOHDgwIEDBw71AZcQc+DAgQMHDhw4cODAgQMHLiHmwIEDBw4cOHDgwIEDBw4cuIQYgrOeQqYZwFBdEXqMD/7m5PVR4/w0QbElDhz+M0hbgd6MHdY/+TibV4qdGMsYYe4FbqgaJseDmMgwUGltDudJ7M+orS8o/wAW9teFrrISV8CunijDNSzSZsAwDBiGhzGBnBQ5cODwkeFOX5gwXjgq9Q+LEebBoPOgG5wM/wsJsdztxfDdqYvp5/ORLqb8dRmuYZEhg+n7JQTE0kAMZ4yx6FbjdYCPeAR0Z9B/aUadyWLP0VGNKszX++TRgdmMpH8DkallXGWZwDdoTK50Rbt6OTIpZMFChxtTXmW4i+3uVrA2bAYVhodWatYYPvUw4ovFO+i78xmoMDwM25jL3obe78AwpoK4Vv3JMRqYECyouXd3Qc3vGYZBeyYAER+jbjQFWOifHIwxZMoYOLb/dO2VT3crJ0abKZlj4LQjSC6W0kebV9cdHiZuE7ooeQfmezrA2rAZGIaHcZtEaz0qwB17iJB5yha5e/wQdK9xhzZ+3XgcuDIBIZnv8CRmGFTETMT0YVywK++/65vqsld59EZAFqGUwrFQs6TR+8qBQ0M44iffT7qLbbMHwdFcAyqM9IkaIRe3930BV3tj6GgoQaWZIXoPDcDF59IliVc39IajWVuoqzBQaWaIbs5+CH1c/7Hb3JeBEmODlY3l8zXd4Tq2H9pK+PruAgYmxkeQ20iPT7vsg/FDuwviK+OETZIm9+uKOR8Jl2hseTUmFGr78n16LMowEj1sVTmvyoHDBwJPZzK+DbSFga4aitNPwH/2OEwccAE3rjuJEPX8219gxo3+sMZlqe7PKI7GlkQr5BUxlZ+9uzkRo707YLCb4LPOS+KQOPkdiiD4P18pGUGjxuCe7VB054aoloS4D2bs7PPJtp+Qi4vTumPe8QnwP70cvXAafh5jMfHLSFzYbQNpDj3oO+06fvlKEEuIpwIdfaEvS14B2h7w+bkX9o8OkHiPz3oOhxkO4HkqgK6N1+/MDEDF0gm9uPO+OXDg8CmAyUVJsSVGLPGExcapuCJ18pmE8L3P0X7MWszs1h7q/Aj8sWguvNoBf9IiVnGeUAQ0GwT37+zwg5E21MvisPv7ifi6A4N2tEpKrlCM+A298LuCHbRQ3HhyM/SB/6EPN2wlrxho9foSa5wP4NsF3KE/H5bw1IKCUBNqgwV0RcL3pRROCw1A0/aJfs7P8icngFDtrzlcaGtu1XVF6QdoqasRaasrEk/VgJyHhtDdovIvU5eTE0xo0uHCyuuzjlqQPlxp9wuiUoogP8Oaz2CgTh77arb13FRQj1GREvtalJdOmS/yqJDqj4K9cmSKTfSk2mf68KM7Yq7P3g8yxCa6T0T06m9aN96cDNQUiKdqQL1HbqNrr6r94HYfMsR4+u32TzTeTpPUlZRIW20C7X5R1UdjyzDBGFAORfiC2qtNoD2PBN+XURKd8LMlK20QT1GNtI3tyWN9POtxlTUkj0kRJYa6U38zdVJWVqYW7c3IeczhSrm+C21LPDH61R7+AlkSUdZ5P/LobyGQp5wOmfXzpu33SkWe8p520Bho0dQDJ2mpqxHpKCmSqpo1zTzIZ63DbOWVl5FOGTnFMpHb/aWgdtV0qqz4GPmYONCqxBPkBdDQDTn1vj+fcujQSFAnhwuS7eGhF3VDT1r3uGl1o4wfQX+4G5GBogK1auVIs7bOpF7C7UhbQrboTz+/qPpN+AKQsdFhkb7c9wW17biJzgSPJTsDZeIpqlGXdtvoPhGVURztnmVPdvotSV1JiTR07GnC0mv0Qgr9e08HyLP8c0WY0ZzzYjpZq80X0Ul3UPtBm+lXjw6kr9OcWrVypHkhr+plr/X1b2XvgsmNAbltqfrl02CQDqbTMZbqXEZx5G8Gcl5et05WyG3sr3wJ3x8nL4AmH29839Sx3JeKRepy6o0htLOaL2CjG3zKodtBo6m/uQIpKyuTnqkrfXvkldg4V3H9udkg42aCWPEx+qba4msphdNCTVEdEtHNWniANH2VrFNnyUcHND5ISKdOdyY9eNNfLGMOG7CJOXmRG2ianQapKykRT9WAbHv6UthzYVupI0bX4d8eB4Ba2LiRawdV0labQAHBc8leC2Sgv4DOCZlf5o1llRxCQ8eexi+/S9JEjDJKohO+/SvbadHNm/YK91UGfpgVXv1N60e3IQM1BVJurkMG1q7004Wycr2rmyNW2OIQK13SUVIkXiszGliNe5XxI2j3VH1BzGnrQrMDvxaNOU2kG+zH5gVt6w3q5Hy9wX6w5LINacK+YXH+1jBqB0ep71EcM4P6YgGdi5hJnWBJK2JZ8pfsFdQb/UR0T1Qvhwh8x61hZFiuE5qYTqHVLg2fXVN3AJBVpZ8TxGjDYXvoz1mCsZUUo9nKyRT96dfH0sUcWaK2eFGXb6pLXmxsjU2e0xjIz8+n/Px8qr2oVlEyap+v4EFH1wza1RaQGa1FuECE0vdbMAxGWHiTQEQooNOYpV4+G1VyHD42Hriqth5HbzxBwu3N6F44CTMGXBQstet/jx37i3B17AwcfgEgKxDTpuSiR0gQJukB8rDFqmRCGcXB3xbotyQdRAQ+5WL/eDEt1QBaW/Ek9uT8TD2YthnfoO0I1NIJrXqLLik07/0tNBGJyLyas1+xfwNqzjawQDK2jx+MX2LdsPlWMh5ErEDX1C8ww+VIjXflipmL8Pd+jGHbU5DxOgtXj02AEa/mqk6kX0uM2TIB/4vYC09Twedvjw7GjNWa8DzyHCnPY3BlhzfsW/NZj6vMVz4ljAm99Ie3Wzg0515HQmoaYk9uxsS+CpXv8Sm6PkMREehyF7TFdISSQL/SaBE6l1+Tl5eHdp6/YN/NJKSknsL6boewvOtXOFdSXVbZOLsoEKVTwvEg/zVeRC6Ha7syVjrMVl5luIaVlnro2XIT4hoos+KMg9gRBrSwtIeJ0HifnjUaccNCsLhjw2cY6U0wtp7Uw4CljhJWAItx7acgvFabi4kmTakbxbjh3R2+h/tj1a0URFydhpLff0dkPWsDZuduwLqgUdhw/TVyX0Vh+1bj8v6mI7/0cywOuoSotKe4EToKxSG9MXl1Bmv9q9ji+552YCRKxMzGs7P5zLN78WxyNFIzsnFxZTRCJ31XQ4fZ2Gt9/Ztcwt+4R3aw71WlCe26uaMVInHvoXT3uh1oAQ1lZbTUdYCn7/V6vgesAqgC8m8b0zMVgykE0KyW9W9ea+gqG0C5mszZ6MaTwNYYOYPBiPXRSHiaiNAVhFNjhiEgVvC95uhr2Dz1KNZa7EUSgNd/fY7ZW12wJHoOOrOMr03tm+qKrxJXpergAdL1tQE+r46YwwZ1xZwy3IX/mIVI0A7BhafPkBp1BKtn6Yncg32MrsVConQw7cxpeHXch4ClLbDu3mmMkduIrfsFvSmJ/QJDHU5C0f0objx8hBuho1DyRx9MlOI1m/iNxpj8PxVM3PsY8SmnsdQ0EIvExNeG+eG67fT8wsH4+dFUbLmRjtT7F3FguRPU5QT9ZMMRCUXIzDbEKL/juJT4DA/uBGBwrsAP5wrFnHnHeuG7iymI+Hs8mN9+RpyUMUcWuvFBVi9zCqAAHWi3rucN3sTj8E+nUAZrWLeTZrX6HPzcL6PLxQAMVJIuaJVp2sFS8wqir9XkQq8jDyMPA9BbHUDPMCQTgW73QQsx9+kdKPA1EfMBY6PDyCn35dHHbESue3lqAw51/ANn7kTgt5GX8KfYGC0LUiQ+5sj4IRLjRV2+qS551W1r0uU5TbtC/DqOto0GdTA8TPVdayp9v4WGwYgW3hSzOhoEMhGaNSciolh3MsN42l9SNdMV9jlIv48/+fYHdRt6vkZbyiiO/G1B/ZakN2iG4KS7dLPObPGezpIPmtGXxwVtDZnhTlsvlFIZxVGAmWDWnJ+9ghxgKrKKVHLZkfThQr+/EJ050YM++VzkS5ylb9NnD131E10ZrsDjAFAbCavVHxVi3cm02uyyWFzuQm3FzOxJ1sXOIrr4nnaQG0D95iXVS4elmnXTEl0lkhYRfihfeVKmTjbbq3ZSEFFWqD11gz/dEVpBa8gKcV16Ulaynya0kLzi03izl8fJE6Bx6wpFdrGIzGBLsTKhiQl0kKWYIuaDzFuFia6wstA/wS4EwxorxHXbvGD22dioyv/ys1fQAPQg/5gm9G+nO1MruNDmnMe0zRnUpcdhevH0f+SAtuJXvSWsWJzdsplCL96mqNibdDRwGJnLy1Fvj/gaK9Z1rRCXURJt6w3q1j+MkooaR88KM3bQdL0GxhQJuvGezpKPJsh9V6GIfEKcQXbzkqv0o+hv8jYC2X/rT266WjTqt5yP1jexeoaEFWI2PKChfWW1Qsw25kjNf6piTmm5btfmN+uM0SxWiDtaCvxU+OyKVUKBL+k3L4n4lEMn3UFWztdFbO9xAMgI2+kF2/E0ErWP0vdbaCiEZNxIfrj6TqYQ55p9oQZyxHdnrEm/XDdKy+OpcMzJP9Ojwaum9dGNpl4hLqOr5NcJ1G3sdel3Tl7qQzrlK4TabaZTyJNSqcY1fBbIoeK5se7SrRCX73Dr7SFYvYzdPoJm/ZpUGce72lTrz+0+ZFxLHI+YLxqHhXcynnQHGavvqbKb1OXUCz3rFaPrXCH+wGCbP0iWV+22xjbPafIV4icbGKg074x5x1zw1dExaIzXqGLDgSf4Bl2EC61YHsRTZCLrn/LVCejBZfcxDEj+BtsvL8Sa0AForFe6hh+Q/axzxSyl3ai3eHgzA8zLUATuPYodv8YC7+/gZqIt7HupgIk/h3R0hm03oZUGC0e0wRPcTxC9nxJs0K0XI/F5L+7PwYgNAPKtYVZtRs5kjD8sW6/GYEMneHzhi192RSDjIyz8ye/qgy+7XYavhQ1cxizA4s0nEZUj5RpPyk7MH9MBhuqKYBgGCoo++AtvUFJtZYkBDx2djBq1PxXFZYRXiaRFl7lJiH4YjYun/NAxay6++jEKRQCoYAe8p76H660FMnmXtwzX8FsgYLLER+L9Xh3xwdWC6ZjspdKkeiH3MhYpMEX7vlXPbW4xBu3Br9f9msMJvTXEvQeVizubR8PRXAPqKgLf1P0n4F1ZnszeZGJr8zxj3Sqfx2sFHgqRWdT0/o3hq0BdTw+6RtLfQA56cPb2gatjD1h3tcPo2WH481s+kg9swVWp72WESZuWQunucBir8DBohexKdxBysWcQA1XdaThX5odVP+rK3he8vIWEl8DBKaqVcU+eaYNJ54DXD6qK/jC8Qdh4dALy1n+Dh1rB2DFT46P1TY3NA/4tMUcOgzBrPnDZxwI9R0zHvNXbcCbujcxjtHyhimCFlYBmqjwAPKgQUKhQDD6ScOsOEHOuF1SFZG66CHiLFLxgZSdPkJIMGHUVsg+FHrA2ANIfZ8rMD9fpk6CBQbPtkX9xCDr2ccNs7/XYefa51BXhsy8swwR7rUpfr+QSjdfIQ2F5zEmoFnNaWDhJHXNkoRtNysGQjFCPvjjyejt2hThA6kjf6wAuJSQgOnwPvEyCsd5xB+sdKAVXPsfc3xbgxz31eG65XvQcDGSficZLXMeuX07iwlenEYs03LoL6LtbQ5bMhdfdEBVr+dSyNdTxtl4x+mOHLHxTbbYmTZ7TaBxTbMcXEopex+EX5zP41bXxqoUZGx1GYfmyesXfW7qIeUI7Rd4nhiG6AHiHKMQmfnpKxEADdn2AzDNReHb+MPDlIhiGX0BMzA08QA90sZT2fjwoK0n+Xu21G/6IPoaBet/g62kPRIODwSKEZSThzC8TYN8iCjsX94BT972NfoSJ9ErZBwvv5iDqhC9GOeTj/paRcGnlhZMsFbEMd7Fq5DRcyf4BoQ8KQUQoexeMIWLTmRZQavbx65GythHMOljBceh3OLDdDCnrVuHPPICJ2oELBXexsp8qeDwePuN9jiAAp331YKIfJPXYll35HoeSXTBhrq6EQBmPgwE50BjrhUHKH8KeqoUyFRZOs1DCvdR5YgPjm6M9MGJuAbqvjUdKUdU2oP8k2nSCBnJR+LwNxu58gb/3D4Bebizy0QpamvW/bce+7fEeGcjMk56ohcxdgzfdw5BUVIyz32vIULc0MPEsoTBjB/oorsbKHxunKm0xTCu3/gr/xZ11ELnu6bUDyFBSQv6Di4gv+feqGBseIGu8ZxSbPOYw0EDvjYTkR9swf7QGCi4uwbgu3THnEjUsRlfzb2UVdim07ZFUAeUXlRktBqxKr6F/mVIXPZISUvphNtByvYEHmZew7QsHqOfvxdJhnTDou2T2k2DZARg/ZAtejTiGqNxyWVzqAxVAZketyUw3mjQZNoZvuD+2PfJCp/psVVXUg5mZGax6e2LVyS1o92wB/E+w++nj4+cRgy0YocYDj8cDz+4g4hGL73uooMeiB6zu0a63O+TzbyA66RLuqfhipP1RXP0nFrfCzdF9iAo41AMNzB+ksbW68pwmTYgBAJ91gvtUObxJuYH7DXxIyVtxhAgoTL6Ia7UEeio+iwVjtkPFOxIn/C5hs9UyMdergMcHyhQa5r6K8zOQlZ7fKOdNmvQeBib2NH46JQfbqT5w7roXOw4/QJmhE3oAoE7O0EMc7kYKBewHl/ACJuhiLt2zWnd2w+dmo7Bx30BkHPDEN9UcKqNghJ4jZ2Dehr9w+6AjiuOP4O939WEU6Y0mr4oA0bHvWMxaGIST97fAFocQFl5dQdQhLh2Se30HMXFGcPL3hLWegPjIPbiGFCjJVIelQX5mBrKey47V8pGHvEIAvQ4gOi0BMTExiImJQeSjTXCTB5zmXcfJW+OgV42KZ2ZmIuuVpHum48TGS+AZemGcBDIq9+gn/BZliUELJc/eVtiSzAO1piXMVO8h/UGVTr9LuY0sIS0gFVUoowglhUJ9lnJW4GH4EzQ38sHyUXrQgGDlMFXcWWoS9I9VcJChzTemf+ObD0ZX5hZuXq/65bPIg3iFbujasbqR5CIzMxN5LB7y8OpTKEIXOurS6n0SbkUBtl8Mk/xOUQN9k4qOB6Y7AGlXE+ovcAm6QZp2sNZ5jJgLtSfbxQ99MdWnM8adu4HFdhvxtdsFiRPTH5tvqgkeeM2A4uLievGAhvaVgQp4qsCbf6qen5ceXb+YI4lISRFz1EwHwsNrA4IuXMVam0TE/pHAOkY31L/JwRhWXYFnQTfqvdDBwASGRkDyPSEdLr2D6FRAz1RHZn6YtXa17obBkxdhzd5YnJxbgPRVl6odfSmZIzKRu/Co1A2zfB0q/cmzB+F4LxRzzFUfIyWq6rcFDy7iqRTvEMtSN5oiGT49zRiLL/lhx/1F6C2jSe9ivMb7f9gl952XJyE1IbqS08TuGw5jWMH7UDz+XGrBbhKiqysscAdhf1wGjZyDKWMi8deavxAHO9h1rEcHcorxKaCxuJfU+YMYedVlax8DardqFSM0ZNGaFExhoJOMuF1RyCgpESEobSYcg4teIBaO3IxTic+Q8iwaVw75Y870ECSVk/PTUwbjXNJ2/L7WBr1WRmBOt9X4eqKoI5eDHgxMgeeHTiMy772QA5YOsiiqJdHJ2IyBBQIRutcJw6z00G94LEJ+j4eWp7WAcGt6Ynqvxwj9aplAFg9CMP+rS/jM0AvD6zlL3qLfn/htdgwOO83B+XKBPToyB2v2hCMxJQuZz6JwcPclvIcFOtcjT7y7uA3atXFEQGOcDZcQgK/XheFWfDYys1NxN2QPHqEbOlf3hUa9oIlrCDueLkK2qLkpDLSTEXsqWaBzb+9i8+JgpNWj+FJtOsx+hlhQuKZHu3oUrolaAa8vt2H/mau4ee8WLh9eCY8vo9ECngLdUNSDQXszmJkJ/jq214ZGGcDTNoS5brVSEU+XY2hbXQzxEn++L/MyCFtPqMF+rZuEVxMExbQKMQNT7SQF1HhsHqgHqzYrpN4OWxfkMQhTJwN3vtqC+GKA+PH4Y80l/COcEGvawUr7Ns7tEox98cMVCDwv3XP0OwPFyadxsXxF5eWZGfjfKTEXStA/VnrVCDbfGP6NURyN2ZOBq1/NQfC150iI+RVf/wAYTvKpsUPgZagJjHTNMPtYTXv2+WIbDpy6g+h7t3Bs63BMXgcYefigr1AynfowGjGP05ALIOd5NGKjHiK1xuRNEVAIlDVrTN/EA6kCeNuA6T4JuiEHZ8z7Tg6xy8ZgbkgkUrJTkXjnFHb7jcL64xU2dA5+49aAJu3AL327weewP9TOTMbMPbkfl2+SIgmz6wk82BCEG6nZyMirmqyoiwfIoq9y6IT+3YHHu0ORVD7RvvZnoLQ+MUeSPbOIOXycw5bpvyE06hkyMzPx8NYhHI2Xh1Yfw8pr6orRDfVvDDQwYuUEfJYyC+4/nkJ0SjbSYm/gWPBsTPePZ+mHe2OKDxC71gsbLjxBxvMb2D/JB9HwhrsnIzM/XHfylo4TaxdgZ9h9pGRmISPlEPafB1o4m4tMBNfKETsNhzYice6qQKOKU7diyZoq3aiIOVe/moPt0c+RkXIIS5bfgTRrCLLSDTZpZ1ZCAmLvP0TKO+DtK8FE+cOkAtbyPD3NGJN3uWHBfg80eypISKMTH7LeGssvOQ4/jyXYGhqOmzGxuHU+CAtH+SACbnAZwi6b4DU3gr6ZeRWnMWoGHgg6+kYwaMVWz7vD0eYu9q8vRL8RuujiPAQZv+/EG/UBsJUyydfvDBTkncahlLf1zi9qRUESHsZEIzalGIXIQ8KjeKlk3hTcS5r8QaK86rC1jwK1vvAc2pZ0q7/wLCVSz4wjR30F4kk6dml0l8qS+e1tXWhWgKD8f9ZRC2oHF9omXBgqcTE5yLcVOYqJiKgoJVBQrr6WY5c+VFEt4aIOlcfYPPQiC7SnL4+LPz6Ap2pAvZ03SSxHvreWoy+MhY4K4Rf9Td4mICuHC5RDRKmnp9AQe2PSVlckRl5Q+n/vvdJ69KiIzk0FqcGtcUqhJ2+mqS7mpK+rQDxFNdIzdaXFe5+LLR4RvrQLmbWQq3G0Sd51X3K1UiUtfQMyN3OhmfvW0TDoiBQCqjh2qa7iQLXpcKMXrkkKpllu1mSm/RkpKysTr5UZObmJ0Y3KPtVSVCttCVnLCx8bIIr7S0FtsIDOSjiBpexdMLnJ116wq+KoC8Nqx4/JzJb4EfTHNGMy0NIiA2M7mvC9e43jn7JOTyI7A8HRKb2dN9EvM8QXczFW3yO28AO/LE5wjIKWFrXvKLjH73NqXl+b/t33FX8Egcg9arV5QcEO4cIo/IKaheGawr9VHjuipkCqimY0YOphihNT0Cp7X0tSgVpN/5u8mcb3NCBtdUUClEnDwJHcV10TLeBTrpui8lKuUfDuPR0nTyiI+s5G8E0VvrSw3j5fsm5UHrtUfsSPehtr6j/Kl448Kj9iaQrICP4ihfPS9rchfbiKxsMP7ZukQfp+8u7ZXGoeILO+JgXT9K4gNU0D6mbjTTs2DhQtqsUy5tSGumJOGT+Ctn1uSVYGqqSsrFzjODdiGaNr82+PA0AdHS5UFrGqOArr3NSqIkNE5ccu9TSoPOLH0mkabTzzjxT6nUQn5tuSmY5c5bFLwTfZt5ONH2ZTPOlKQC+yM29F6kpKpKooOMYlUkxslMwRiyg2yIns9FuSdjsz6mbjTcFbR4nwrIqYo6OkSK1aOdLMnV9Tb/STqviRLHSDrS3XGnNqLT53nLya1/y9PAzYF1DkR9AfU3qRlX5rUldSIuXmOmTdz5uC7rxpUJFVaYpqCRd30is/NraUjpPXZ1WFC8soiTb1ERejlWsUXyujq/TrKG3SURZ/7FJDY3T2vpY1juqTRuZNxb3Y5g+1yasuW2OT5zRmUS2GiCTvY7g9HO3sXuHLiAv4zlYVHDgIVhXu4gfD7jhnGYnLx2zAvZHBoXKC7eVKDNTaAM1dGTgwmdMMDrJF/u1JGGB3H6NiY/Bd18bzTXG+DAavWYBdORswUIOTOwcOHMpxzwPmlnL4oWQfPJQ4cXDguNenjoICwS6KWveQ8nuuw/+mZiB4oBr0GB/8zcmNAwC5l2dwO3UwvAK5ZJiDKN5c241ULMMyziFzkCFKcRCe8gx0ht2FxsTV8OrauL6p0+L98Oi3D5N0GZhYnUIRNwQcOPw38eS4YFt27jsUv7qG7d8fhLylJwZzyTAHjnv9q1D7CjEHDhw4cODAgQMHDv9FJK6Am0cgLiXkolhBD7a9FmLtgTno1ZITDQcO/wZUrBBzCTEHDhw4cODAgQMHDhw4cPhPJsRynCg4cODAgQMHDhw4cODAgcN/EVxCzIEDBw4cOHDgwIEDBw4cuISYw6eDMlzDIi0GYwI/znIvfCRjc18G/ZdmcIPVABBysWcQA14LXdh1Dag8U7rxxi0eIdMMYKiuyBXS48BBWjxdChsFBgzDQIVxwPonYvy2tuB7huE1nv9+uhTdGUf8kv5xi+vl/lZQYQTy0GOWNcr5mR8NHs1AD8YFf6T/N03j/DQGZr0ucj6Cw8eJtBXozdjV8NkfC0qxE2MZI8y9wA1VkyfEZaWBGM4YY9GtOpIyQwbT9zdGwncX292tYG3YDCoMD63UrDF86mHEFwtddKZLZTCt+DNkAhAnRbJxe98XcLU3ho6GElSaGaL30ABcfF6NW5z2hpt1M2goK0OltTkGeuxBZHHjBY2eo6M+7mSchW4w0IDlcE8M6d64pRibRl7FuDufgQrDw7CN0mWk+dGrMcFeq1J3Rkw6hWQh3cm68T94DzWDgZ4iVOR1YdHTC1svvxWR48SzhJxnP6PTq2+wflPjZsRytxfDd6cupp/PRzptwWBpbf5KV7RjvHD0A+tfY/ommeqfDOR1dwEDE+MjyAWHD472axBVSqDU5egGfo2v5dEbAVmEUgrHQs2SRreDjx2a41+hiAgFe+Wg8LHz5cs+GD+0OwzVFdGMccKmJ1w7ZYHX++TRgdmMpEZOdvowLtiV93HbGhtf/qE5T1HmTizsrwtdZSW01HXAlMAH0lXhTz+O9V7dYW3YDDweD7oWQzErML7RKvl/CpyaDQ+QgzGGTBkDx/aNyK2aiDfxEY/NfRkoMTZYee/D3YN1QvwxgKczGd8GnsHF6Ns4vN8N/EvjMHHARRHDaY4J+CP2HqKjoxEdHY2/nnwJY9YCTUL43udoP2YtdoaG49KJheiQ8Q282gUgQsiRjh8WhFcjTuD606dIODcLajcmYcbIG9xRHKg9Ie7z7R4scWv1yfcl//YXmHGjP6whHYGlgh2YPnAZnrTZiouJz5Bwdj60bg/HuC+jKnXn8aGtyOm4EGu3XcfFW8GYrRuMZY7japAYFbVBcOwE5CU07or7+/RYlMEGPbhzxzlw4MChEiWvGGj1+hJrfuiLVlw7OfyLIYnz8BGO1c7TcLrED3vvxeHMT9q46+OCmUfYs+HXN3fgr9fumBdwBpeunsEfbi9xwmcApu3mGHXtyVofzNjpDzfTT70nxYjf0Au/K9hBC/QB7yGOtFcDP8ufnABCtb/mcKGtuaLXllI4LTQATdtHElGUl06ZL/KokBqO+0tB7eBHdyo+ON2ZdOFNf5HsUHLZhjRhT+seC/7/7ow1acKVdgr1PXw2yAjb6QXJHuemgnqMiqzxOZ9y6EpAL7LSBqkqmtHgdf40XQ/ktkUg2fd0lnx0QOOD+FU/Ot2Z9KrJ574vqG3HTXQmeCzZGSgTT1GNurTbRveJqIziaPcse7LTb0nqSkqkoWNPE5Zeq+wnG90ooxe0rXfFd8rUb0l6zU6++pvWjTcnAzUF4qkaUO+R2+jaq6qvs4NArVt504afhpCVgSppqBiQy9JrlCOFvGSlf2XFx8jHxIFWJZ4gL4CGbshh/dt3Z6xJp5rdFISakD686Wyx+N+Uvt9CQwEasa6wxviHOIO6e8RTY6Ig1ITaYAFdkfC9JJt/F9qWeGJ0oz386b7QdZk3ltF4O81K/Rq//G7VuKYuJyeY0KTDVX3POmpB+nCl3S8+Tt8kUf/S99N8V0sy0/6MeIpqZGTqSov3PpdaXrUhfHbN3wMgK6H2lFESnfDtT1baIJ6iGll086a990qrbvLQizrBjry++5zszFuRjqY+OY85THFFbFpQROemgjo5Xxf73Un3KtnwywS+xUxHjnhyOmTRe4FoO+oCi3Y2bl/ZjSsJ6XIv9KyMI2LtSLPKf0sDVnaQtoRs0Z+WH11LrlaqxFNUI2ubbXRXqK8NHZPsfS3JoJqvKKXj5MUDue8S9CvrvB959LcQ+Ho5HTLr503bxTyjYK8ctYOfGL8j0CNhHeMXbKFh6EwLbwpdlX6Alroakba6IvFUDch5aIhIX+nV37R+dBsyUFMg5eY6ZGDtSj9dKKuf0d8aRqboT78+lvJ3D73IFv3py10zyVFfEPv6Dg2p1D9+lj8NgAnNOV/TxjoYHqacJmonn3LodtBoGmKlSzpKisRrZUYDRWK0YEzaD9pMv3p0IH2d5tSqlSPNC3klcp/Mi7PIxQzEk9MhW+dNtN4N1NHhgtixN8UmetKYgS11OfXGEBEex0Y32HGe2nkTG+7Fxpez5TxUnEMZGRmUW8/AVhvnKbnsSG1hV+nX+JRDh0bWUz+pSn7+tuJ1ozE5dRk/gv5wNyIDRQVq1cqRZm2dKeqzy33oz0IDGb4AZGx0WIQzNIRTs+EB7+kAeZZ/rgizav6BDadmZ69NxZuKY2ZQXyygcxEzqRMsaUXsh7mHMPLz8yk/P59qrBAzWotwgQil77dgGIyw8CaBiFBApzFLvcYaLnR0zaBdy2LS+Zl6MG0zvt5bVSrnAzIOYkcY0MLSHiZCn+cq7sUUXTXwWujCpr8Pdtwqa9jsak4BFKAD7daC/yvYTEAX5jb+3pkuWNXLPY79ZwG9ZY7Qa4xVcQ2gtRWvxucvj/XGhEVl6PPLE9xPCcKYmG+wL125Xs/Izt2AdUGjsOH6a+S+isL2rcYQHOWdjvzSz7E46BKi0p7iRugoFIf0xuTVGax1Qw56mBFOKKMkbOpTImZVPhnbxw/GL7Fu2HwrGQ8iVqBr6heY4XIEwq9WvckNxYW8DbiY8hbJt3sje40PVt9iLy9Z6B8hF6dnjUbcsBAs7li/Wagy8KAsZB88leYoRDSin0mYBcwpRDHU0NKAV23FXQU8FYApKm7cybui5Drm28TbvKLrMxQRgS53QVtMRygJdCONFqFzhW3FfoGhDieh6H4UNx4+wo3QUSj5ow8mVmzJ0v8eO/YX4erYGTj8AkBWIKZNyUWPkCBM0vs4fZNE/ct7DrL0Q+CZSDx4HoN9KwhhnsMqt9yxkVdd6B0o+E3EfMDY6DByyu8Rfcym8pr4jcaY/D8VTNz7GPEpp7HUNBCLun6FcyXCNnkL10NHYm/UP0h/+ge6PBqLWdMesOk9LAe1ROG5qBqvqZQhDrduAcYjrcFHOkJHd8b3V52w+lQqUlJP4ccuB7C067e4JsWmi7ra2bh9ZTeuTQG2dlCG29jzYzY8d8Qg6urX0H36BRZvyCiXQ8PHpPXwlbDAPhwSeqet7MrPuFA8AaM9BBElLy8P7Tx/wb6bSUhJPYX13Q5hebUxaSj4JcfhY+OBq2rrcfTGEyTc3ozuhZMwY8DF8q2nxTi/cDB+fjQVW26kI/X+RRxY7gR1uaZfkSrDZYR9/xl8/kpGQvhStL03CdM9BDuGSGsCpjk/wbV1VbvPynAcOw4poNsyN2g0URsJRcjMNsQov+O4lPgMD+4EYHCuIEYLb57NPLsXzyZHIzUjGxdXRiN00neV40rZAZgw6ACK3K4jKuUSNgzZho2nJDyvpRNa9W7k3vFaQ1fZQCQWg4VusLO12nkTG+7Fxpez5TwvQ01gpGuG2cdkz3me3r0EggPsTCp4iQYsBwNvU27gfgP0Le8foEV7ncYZerHyKsYN7+7wPdwfq26lIOLqNJT8/jsi67lptr6cmg0PUIA79hDhPe3ASNSfU9dmr03Fm/g4Bz/3y+hyMQADlepHvGRxD9YrxMIrVcNgJDILWx+cdBe/gsMWEX4on0FRpk4220Vnfe8H0Zo/ztKFmBiKvraN5juCmsONdr+o70zVVfLrBOo29rrI7EfedV9y1ARBmUcqUKOeHucbZXVYcrteUIgzqJPDhcp2Vcxc1meFWBMT6CDL6byI+SDzVmEi8mCjG2WURJv6oMYKMT97BTnAVGSWq+SyI+nDhX5/UbVCrIPpdKy4YtYqgvwMaq6aNrb+ZYXaUzf40x0iek/HpV4hFoyRPDkvjKccIuIXXiX/PqDPJMzy8SmHzk8BGZU/U9wOCR3FhXT+xfvGUbTXcbRtdMNme+lyF2qL6RQqpm8n3UFWzqK29ThAdLdFGb2gsM9B+n38ybc/qNvQ8zXa8rH4pvrMgjsvz2ElL6l85HzBrHWOuNleI1EbrNiBUOknHnqRBTqK6GP2vpa17hKovurVA+NpfwkRP28/LXNdS+dyBKt4w9FXsDpVvjImPNNeSgfIE63oy+PsV9dqa2eT9FWacW3EFWJWdpC2hGzQjuYdF11ptDC9ILJa2ZAx4VMOhYwSXn0p3zFgGSZx9UDQ5s412tyQFeLsIJBJ9Z0Vse5kVqGX5btrqvueeqMBK8Q2aE1fhPFFdkMJx+j8Mz3ISCj2FYR2p3a17ChqlHZK2O2kX9lOwZgI+xx+9goagB7kH1Pl1/WE7KqUIsivc+OtAtYXbHVD2pgjjjex4V6SfLk0yN7XklSgRh77ZM95IuYLVi9jX++hCboK5LImibL3tSRtTKD9JfVrb9ZRC2oHF9r2qOnGvZSOkydA44Q4ZUGoicjuUGlWiBvKqdnwgPe0g8bAsAZ3rJtT122vTcGb+JRD4bNADhX5Vay71Ku7sriHVCvEssbwA5JWcNihy9wkRD+MxsVTfuiYNRdf/Vj1/iU6T8eSL5zhZGkJq14zEPB3MJzlQxGyPbcesw7JCPXoiyOvt2NXiEP57A5A+QfgO/NXKHiH4XpsDG5c8EWb8BHwWPSgyd4hJiQjJglo3de8sl1lWpYwr+eEWnM4QdyELCEXdzaPhqO5BtRVBEXKuv8EvCvLg6zWJZn4c0hHZ9h2E1pdtHBEGzzB/YSqz+ShCz3lqtVRdR5QXFzcZPpHBTvgPfU9XG8tQPcGrOQEHnXByz2d0JKngs/UvkS463z0RCmUm9WcqY4LtIPXrglY8WiR2Gda/HAMbuYbMLCNIkysTslU/55sYKDSvDPmHXPBV0fHyHw1go8k3LoDxJzrBVWhInimi4C3SMELVO0wcNl9DAOSv8H2ywuxJnRAo62MNNQ31Yq3dxEy2wHW2qpQYRjIM53xzV1lvMtputJXhCdISQaMuupWfajQA9YGQPrjTKF3k3TRxbzqEk0jeyggASksJl/LOoxEF1zD9XDgzSlPBP21FXvOEd4lHEYCbGFpAryOv4I4XMbXbarGXYHxwF68QU4a+50XtbWzKfr6sYwre3kZw9C2auaf1xIoKctFEWQzJgw0MGqKCTKP78VVAGU4iwMHAFvfoZVxqjhlJ+aP6QBDdUXBMxR98BfeoOSt7PoZGw48wTfoIlxg0/IgniITWf8I2jlotj3yLw5Bxz5umO29HjvPPv8gNUDk0BldOjJV+tdpGD5DCtLKl3KaDfGDIy8YB/cSCLn4e2cEdEd5wVm5aduZfWEZJthrVfIAJZdovEYeCoXXkox1q3wzrxV4KERmuVBT4wAVIwd0qYznnWHX6aMzEZnohjS8SRL3kiU0x79CIeVh//jG4Tzy4IHha0DHuBO0WvMa1Na8e7PgOuU9BofuwYwmfDdW7mUsUmCK9n1VqsbGYgzaiymE+G/h1LXZa1PwpoIrn2Pubwvw456q/EpayOIetfvnjxzK2kYw62AFx6Hf4cB2M6SsW4U/JZAXUuwCc3Pg1ZOUeiTDxvAN98e2R17oJGTjSdvH43jcPKz+cRgcOnaEldO3+G1FER5v2NCkR0Tw+IDCZ9U+q2N3+HtGUbwBqfPEKtOboz0wYm4Buq+NR0pR1RaeDwFF1LQ2vnxxkz2fidqBCwV3sbKfKng8Hj7jfY4gAKd99WCiHwS2J2d0HH0S0ZlFyEtNxov8BBwfkI6naAv91qLJ8KMdFnD9xhiL7oXAU0JgeLB8NEITFuL8i/d4EjNMpg7BZCGh6HUcfnE+g19dG6liMQEDVqWDyrcFVfxl0iqRAPw+MQzRBcA7RCE2EZ8ginFtUXcsOGSN7y5kI4fKXyGwKfloWywSF4sKan4mkVDawtH5GeLuJuPK3xoYtrA/nv55E4/CL0HB0qlyXFvCG39VG3eiYhyayzRJO2Vzj09vXGuDLMak2XBfdMdRHLog2C59qXg6XEcJfl+Gu1g1chquZP+A0AeFICKUvQvGkAZSQWKKUAzRNhobHUZhtb68pYuYV/5ek5brDTzIvIRtXzhAPX8vlg7rhEHfJX90YyKPQZg6FYj69TRy3hzEzhPG6LPEpknbQNkBGD9kC16NOIao3HJ5XuoDlXrYGu8TsIOG6oY0vEkS9/ooJgdYcB71NsA7pCC3xVBsCI/Bzhl6yMvNgQJ0oCflgSL5MX4Y0+sC2m64jG2uLT/AZEi1kVBh4fcKpRvXj4lTf2g8Pn4eMdiCEWo88Hg88OwOIh6x+L6HCnosetBk92hQQtzQmdzi/AxkpefLbDaWjzzkSVLK9/eRkAC0MjGsaXyZGch6Ln7//elpxlh8yQ877i9C72ozsZnpktpRjNx31TPQdJn2tWqQOsHMFHgVUfVOClP6GAkvRY2bpwq8+aeKbOSlR0v1nIfhT9DcyAfLR+lBo3x2KzVJtrpBnZyhhzjcjRQS24NLeAETkZUbmaUm9dW/XgcQnZaAmJgYxMTEIPLRJrjJA07zruPkrXHV3h8vRmZmJrJeSaYFajq6UFcpxrWtB1GIXpXv4ADFeHSgF4ZNN8OCiycxp4ucRDKeGA+0HzoBA/QkHFDSUP37rBPcp8rhTQPeBwKpgxGrw8aw6go8C7pRa7JNxWexYMx2qHhH4oTfJWy2WibxncaPzTdV+YYk3LoM2HyxDG6dP4MKAEIcYh6xl5fUyCkWE/BNYGgEJN8Tepet9A6iUwE906rtJWWIR3x01argswfhKIU5LNTZ+CY9WNoCMRGBOH5pLFwWu6LttUMIvgW0HWcDFQDNO/WDLq7jXAPfs62tnU3RV2nGlVQZ8FCIkkLJPoHXrH67XmRhB7IaE0ZxNDxGpuDmbzdwdtclqDh4YlB5DJV7fQcxcUZw8veEtZ5gclbuwTWkoCZz5qnogY8iMbbIA08FKH1bJSe59ATkCVGXjn2BwuSLdb77zGvdDYMnL8KavbE4ObcA6asuNe5RP2J1KA73H1bp38v4U3gNQ+jrVfW392x3KMcG4bfgHXiIWZhq18SJQuQuPCp1wyxfBxjxquzkvRT30O8OlCWnVMqXj3SkPq7/BGN+ZgYycxtv4omtboizNWl5U318uXQOIReZmZnIkzawseA87W0dIYdo3Co/BYOQi9i/gWaGVbsB2MTXkhhfuDnuROufruDgDL06Y7TM7VDTEmaq95D+oMoW36XcRpZQNCYVVSijSMiHF0vMBxrMqRvAAz4VTt15eRJSE6Ir9St233AYwwreh+Lx51ILVjos1T1kmRCTgikMdJIRtysKGSUl9SaN9X4BO2oFvL7chv1nruLmvVu4fHglPL6MRgt4YriewMGeXDwFa7edw+Wbsbh5bS++GzQdF8smYNIMjWpE6hpWWuqhR7tNIsVf+EjH6WnGmLzLDQv2e6DZU4GQoxMfIqO8w11GDoQStuG77y4gITUNiTd+xbx1gLqhG/pWi+t3F7dBuzaOCLgnWwVkoIFRs7vj1fFV2P5YYFTRP/jgIpRFkub+3YHHu0ORVJ5YrP0ZKJUmiHUGipNP42L5/tWXZ2bgf6dkqxuk6YnpvR4j9KtlOJX4DCkPQjD/q0v4zNALwxuhSlm99U9RDwbtzWBmJvjr2F4bGmUAT9sQ5rotRK99uhxD2+piiFfNs+7u7/oRwX9dxc07l/Dnsv6Y/JsWbH9bWLly9nR/T7iMfwv7rSvhoHxfYORRD5FaLbkmFKG4CCAVyXPuMtE/FaOGJWhGvaCJawg7ni5C9hloYMTKCfgsZRbcfzyF6JRspMXewLHg2ZjuH19lj1MG41zSdvy+1ga9VkZgTrfV+HqiaBL9wX1TnfaqBzNL4OnJiwJbRC5uLBuFI2+UWMsLUtptQd5pHEp5K5KAyaM3pvgAsWu9sOHCE2Q8v4H9k3wQDW+4ewqP8kuc8vkGRxKfITX6F3y9FjD08EJfls/vMNgRvHPbcFdjBIZ81gODu/yM3cfNYG4n2L7M7+CLr0fFYs9YL+w4/wSpTxMRc307Aj7/Fn9KtRVBcjuboq/SjGuZph2sNO/j1JoLSMnMQn5OSY0JIruewIMNQbiRmo2MPOkJRkPsQFZjwkADg6eaIOnmHHwf1hq28xyrXjdqbgoD7WTEnkoWtO3tXWxeHIw0MbRDsdtEaCMMe4OTkZWeL0KEOvYFcm/sxclcgY8IWxOEx0L3aDPhGFz0ArFw5GZBTHkWjSuH/DFnegiSyv3KibULsDPsPlIys5CRcgj7zwMtnM2lK4xZkISHMdGITSlGIfKQ8ChehCuwGjP8g1M+3+BU4jOkRv2BeeuAdqNE9Y/f9TtMMjuKld/Gos0ST9ZF9mTWzk7DoY1InLsq+EFx6lYsWSMdlzAZ6w8j/I5fjuYIrO7Ktwis51GwZaXBmKCrh96O5xthgoKdbtRma2x5U0N8uVResr5FtVhwHoV+yzG58yXsmLQZFxOfIvb4VPxwoj16+g+t8WqTpPhanLgKLs7r8X74H1hqm12Z3DxMKqg2NvHYPFAPVm1WyHw3pjwGYepk4M5XWxBfDBA/Hn+suYR/hBNiTTtYad/GuV0C/1X8cAUCz0s/nqx0owE84FPh1LzmRtA3M6/SL6Nm4IGgo28Eg1bsdFiae9RvdqG2SvVnxgmOB0D9i8/Uu3BNUjDNcrMmM+3PSFlZmXitzMjJbVNlKXE+5VD40i5kZaBKPICUm+uQTS/xx0aUUjgt1Kp5pMl7Ok5ezWuWPJeHgdAL6kUUu9eDXDo2Jx4g5ggC0aIlag0o6lXXy+RXAnqRlX5rMmjXkXrNXEBu7aoVZUkKpuldQWqaBtTNxpt2bBwotqiWsfoesUUb+GVx9OcsCzLQ0qL2Hc2ot/Mm+n2O+Osl6sbtPqQjpoy8pnDBAKFjDniqBtTbeVONY5cMhApLlVEc+ZuBBqxK/2CFk2otqpW2hKzlxR+REBvcQ6CjimqkY+5C84KeVBVGKz+yADXkpUz95iWJLf4h+dgl2ejfu9C2DTrKrIxeUPjSLmTWQk7ysUs9DUhdSYl4qgZk6TSNNp75R3JxjcTF5CDfVuQopg/um9gg5xjNd9EhHU19MjO2o9FfhdACO9QY17rkxbYY4K+jtElHWcKxS/NtBUfrlB9FFHxT9CiizuhPs36fQvZaEBxZI+VRRPwC0aPCnm0GaVUrssIvi6M/5/cgKy0V4imqkbaxPY2Zcoj9c1i0syn6ynZciYgybs0iR30FyeOavp+8ezZvkA5LtAMWBWEaPCYVcn8XTBPkQK2EikEJF6R0tVIlLX0DMjdzoZn71tEw6NQsDEM5dHuLXaUdiOgwP4K2jQSpN9cmA3MXmrljCQ1Al5rHLo3uUnl0TntbF5oVIDjSrSJ22pm3InUlJVJVFMTwyFfSFyvi1coV6tZhW/SnWVtnkp0Bahy7JIynW0AacKxXQawGt5OKKDbIiez0W5J2OzPqZuNNwVtHkSHG016Whc6Iyo9d6tictPQNyLanL80fVr+iWvzsFWTPgGwmRTYar2KjG5JsjS1vqo17sfHlTVFUiw3nKczYQQv66VQeIzR5S7zYgmSS4uvTLRB71FB12ZRSBPkZggwb6UiuMn4E/THNmAy0tMjA2I4mfO9O3aoVQsw6PYnsDJSpRXvBuP4yQ3xRrYZy6tp4wH1f8UdyidyjVk7Nzl6bnDfVUhCLtQ7LuKgWQ0QEDg1GGe7iB8PuOGcZicvHbD7a90Q4fJoozD+IuRYeeDYzB2e/12g8/bs9HO3sXuHLiAv4zlaVE/y/HY9moGvHF/DOPdM4xcU+pnZ+Kn3l8B9HMe4uUIFn8B5cyvNslOMdPyW8PmqKDm6mWP7iNL7U47TjvwJ6uRIDtTZAc1cGDkzmGDWHxkNBgWB3ghwnCtlA7uUZ3E4dDK9ALhnmIMOggFzsGcSgZbuvEd/KH9/O1WhU/eP3XIf/Tc1A8EA16DE++JsbAg4cOHBoGpTkIiXmZyzepA7rX93A5X/FuH3iCdqPWoVJnDD+U3hzbTdSsQzLuGSYQxNBgROBbMBofodz3Fo7B1nrFTQw8SxhYhPpnxw6YdKOVEzawcmeAwcOHJoKhFzsHdESU84ZoNfEPdjIJQIAeBi4gzCQE8R/Ds1dHyOJ49QcmpJvc1umOXDgwIEDBw4cOHDgwIHDfwnclmkOHDhw4MCBAwcOHDhw4PCfBpcQc+DAgQMHDhw4cODAgQMHLiFmi1IcxESGgUprczhPOoX0Rm4k5R/Awv660FVWgonVqXqfO/rfRjHCPBh0HnSj3ncowzUs0mbAMAwYhocxgexG4vw0Bma9LsquK0+XwkZB0A4VxgHrn8imnQ2R7aN9w+FQ/kxjJkhmNlGKc5ijy2BC8MfxZgMfydjcl0H/pRmN+pyS6JVws24GFYaBBjMGB959nFYV58fARGMvcj9Rr/ByfyuoMAK91WOW1TzvsQ5b+5RQhmtYpMVg2MZccODwb4HM4+snGC/+7agorslroQu7rgE4n9vY4xaPkGkGMFRX5IprfkIQx0eajA8/XYrujCN+Sa9fOz/ehDh5B+Z7OsDasBkYhodxm0TJuALcsYcImadskbvHD0H3GreR8evG48CVCQjJfIcnMcNqVtFNW4E+jIvkg6KvdEU7xgtHG5NslQZiOGOMRbfqIGSGDKbvb/wA2XN0lMzvK4/eCMgilFI4FmqWfDitbb8GUaUESl2ObuB/8HaW4ThWeP4Nze+SkJubiwdvvaSqDspHPAK6fxqkgYEGLId7Ykh3pUYMxuk4tPh7PNH4Ew/y8pBctA8eSk3f17sLGJgYH6nVabfoNRuD55uB94kGUM3xr1BEhIK9cuIrLNZha03tQ5syyWgMHyqM1/vk0YHZjKSPWF5sfVNTyAsoxt35DFQYnuRJjaxAjGnNQJdZWHNyp667ZxyEr5sxDNUVKxOPa0LhI+2yD8YP7Q5DdUU0Y5yw6cnHqxtNATb61xTxojH1j5CL2/u+gKu9MXQ0lKDSzBC9hwbg4nMpbOj9DgxjKhKSqj85RqNqojtzB7yHmsFATxE8Hg96hk6YuiGyMvZUFNfMefYzOr36Bus3NW4qIXd7MXx36mL6+Xyk0xYMlpLL/td8U2PbK9u+iuMjsuTDshrXj5U3ia8yXfIK0PaAz8+9sH90gMQff9ZzOMxwAM9TAXRtvEZmZgAqlk7opcHNAHH4+CD38hEyYYN+fY2grv7v7isDDfT5dg/6NOIzCOlIfAwYzHaCodrHXWm1/dBAbBnK2QAHDo2N/NtfYMaN/rDGZQmkMRnBnn74x8oU8hekJJwlx+Fj64EIY3+sPtYXFipv8fRePjRImBYx0Or1JdY4H8C3C7hapB9LvGhM8JGE8L3P0X7MWszs1h7q/Aj8sWguvNoBf9IidGcjA8XR2JJohbwipvKzdzcnYrR3Bwx2K//srQr0B/jip2/MYNCKj+xrKzB/bj9M++wZjs2sIr4qaoPg2An4NSEDQOMR4vfpsSjDSPSwVeWU+BPCp8JHPtZ2il8hNl+EnzZ+hamjbKFbK3FVAQ+lKG6izF1aavz+aDvBdsD+9/EcwXArn5nTZwIQV9mHXNwJdoWjhWBmrk0HNywOzam8R/axTjBg3BCSXnX9eW8GJp9tRhwAyg7AAIaBgqIPTiEZG+wFz2jBDMVvefUI+pkZyMxtvFXNQqUUHJrdCYbqimjd2glf78kR+T4v8SdMt28JDWVlaLS1gafvdam3/2Zdmo2h5gxU5HXRfdBmRBdIeYOMA1jgZgVzneZQUVKHcQc3LNn34gMEw2Sc9HOEtQ4DFSV1dLL1wb77ZVUXPF0KG4aBnNb3uIA7+N5Sui3TZbiLZUYM5JnO+OYucGWtXuXM8fhqM68Fr07D10UTGsrK0G/rheBYYTuUrMN8pGN7HwZdB7vBWlsVFpYB+O17GxgptICtI/vXHSruU7HtpvpMZcXW7uGr98DbsS101dRqtLMulOIc5ugxUGC6Y3UqcHKxKhiRLdM1t/3T60AMZ7pUzViWb9uZtWs+XKz1oK6uDptu2xFZzUkVZxyEr2tXGKorQqWZIbo5++FUuYpd8xb0s/tPQFLyWLQs9xvWQrPMTzZUzfSL3/pTjIdHPeBorgEejwddi6EiOiwLeYmMfflz9AydMCXwQeVrJdkXlmG8o8DeVeR1Yd7fB0HCOtxUyDkLf9e2latvhjZu+PmiYMWZjQ/lIx4hsx1gb9AKGsrKaKnrINY31TauNXSa7mLzEAZd229HfDE+KuRHbaz0wyrNDNHdrqofspJXxXbWXt6ncGhhJ5iryYPXQhe9lkRJ5ZvYoDg/A1np+fV+3Ylfchx+E5MxbvcCWEi4JinQFDvK9sB/7GOp7/8iaDQupvsj6OoiTOjfA1Y9HTHyi9HoJLSE0WHMZvzi9wU8HFTAw4dLiGuLr2JfsTnTBW2qb3u90xdGzAT8fudnTLDXgoayMnTUPRGSXuVTXKz1oKusJHg1btR2XM+RRv9qjxds4ysbX84KJbnIzMxEnpQKKA9bLDp1Br8sGochjj1hN2AOfvvZBm8Rikssdwgw0IBBR2tYWVnBysoKllb6ePpXPFo6zMHn6uUXGXtg8cLJcHXsAeuudnD23owFDm/xZHf0B9GxYvAgB57UnJstH67YjVGx6j5o2J6qcU1bgQGMKSYfKRLLwz8231QrxGwjvrZQsPOsiAUPYNvXuvlIwyBNnpN/Z53gdTelmvYqLW9S0zfHoLFHmmynTAOLaqkAqoD828Y1TaYQQLNaTJPXGrrKBlCuNpml6PoMRUSgy13QFtMRSgQiQhotQueKAQpsjZEzGIxYH42Ep4kIXUE4NWYYAsoVUnP0NWyeehRrLfYiCcDrvz7H7K0uWBI9B50BMFqLcIEIpe+3YBiMsPCm4BkFdBqz1Gs0FDq6ZtBWlZQgXcNKSz30bLmpMmGvD3gaQGsr8ZsRXp7agEMd/8CZOxH4beQl/DnpO5wrz7/57w7Ax24B4tpsw4VHj3BzrwMyN/bD5NUZUhnOhEEHUOR2HVEpl7BhyDZsPCVlB/Kegyz9EHgmEg+ex2DfCkKY57Am30oZv9EYk/+ngol7HyM+5TSWmgZiUdevKuWF9msQRQR+9gr0Qk/4xwjGPonYbZmWhy1WJRPKKA7+tkC/JekgIvApF/vHi0RU3NkQjGZzLiE6MhRj2wZjnWvVVt66dBgAigvHYE/4D9B58g22R/ojLGoBeJf9ceQJW0ehhxnhhDJKwqY+JZIiP27/dBPD9jxH+qtorLYVbWfdk17O2Jwu2NrjZwCMWFcIIkIuHZFqy3SZ3GVc226LgJvpyE37DdaZX2Dxhiod5r87AB9bDxzN/BKbbyUjJfEI1ox8hadpgu97BwrGMWI+YGx0GDnlfiP6mE3lPUwWCj677yuBf912h5tbDFp/fQGJj2JwYG469ngOx/9uyk5egrFviWFeWejsex4JqWm4cGQ82mQmVU5S5uXloZ3nL9h3MwkpqaewvtshLBfW4SaiV+cXDsbPj6Ziy410pN6/iAPLnaAuJ6Ag7HxoOvJLP8fioEuISnuKG6GjUBzSW8Q31TWu1ZPh4MHd8ceDbdj/aIZI4lOXD5UZyWjphFa9NcROlPmPWYgE7RBcePoMqVFHsHpWlUeRlbwqkLh3Gfa2+gOnsouQlxyGbwc0Z++bWMrr/Ew9mLYZL/m1pjomfU7PGo24YSFY3FFCIvpwCXx8JmNe6DDo8qW//51QgDdDFzHTTWCurQUjQyfMCoz/YPVKJOmGTOJrhVUyF+Hv/RjDtqcg43UWrh6bACMeQChCZrYhRvkdx6XEZ3hwJwCDc7/ADBeBb2Kjf2ziRZ3xlYUvZ6t/L0NNYKRrhtnHGj42JTkFUIAOtFvXc2zfBGPrST0MWOooIeEsxtNbO7E/Qh7tPjevFmJVwFMBmKJGnsErSq5jykc8l2WjG/yS4/Cx8cBVtfU4euMJEm5vRvfCSZgx4KIg9ul/jx37i3B17AwcfgEgKxDTpuSiR0gQJunho/JNddkryxkTiTyAbV/r4iMNBds8pwy3sefHbHjuiEHU1a+h+1TUXutqJ730h7dbODTnXkdCahpiT27GxL4KTeeHqRa8pwPkCdDYX/livy+jJNrWG9StfxglFVGjoDBjB03XA/Vbkl7/m1zuQm0xnUJr9O8s+WiC3HcVCvXpBYU4g+zmJVd+xi/6m7yNQPbf+pObrhaN+i2nxiNK32+hYTCihTfr38xSCqeFWqD28Kf7MpdkEZ10Bxmr76EXFR+lLqde6En+MYL/FuyVIx1Mp2PFVb+KmF+zPaUUTgs1QW5bCms85XEASA8L6ErltRHk1xnU0eFCvVteRnHkbwtyXl5N7uXtX/e4FnlKaCersTAS1bvS91toKEDjg0TtgZ+9QkSO9e2fOB1/T2fJR0dUHwv2ylGbchnXpcNl9IK29xLIrpQiyE8f5BrMF/xOXY/mnJe2rUm0qU/Ntla0U/jzglCTynZKK3s/A9CIdYVidbiT8/Uq2RdsoWHoXGV3aUvIBh1E7PDcVJCFaZX+PdsM0oU3nS2uvR0R80HGRocpp5Zr7vsKbCqnWjvPTRX9vIySaJMNyGpUpMzkVUrHyesz0IBV7H2jwE91ruGnCvbKUTv4SX52HbZWG/iUQyHOICvn61RYZ9vY+9CI+SDzVmGV96xrXCv8wcA152nTYFCXdtsorpHiVkNQWh536/JbDZVXhS2LxAQpfJM0OOkOag4X2por/W+zQu2pG/zpDhG9p+PkBdDQDVUWV8aPIH8rpUof+HQLpLKjij5qqBiQ06wwinoYTZeDB5MF2tOkw2LG4NYwMkV/+vVx0+tGXfG1wq+IxKjTnUkP3vSX8I1u9yE96JPPRT6r5747Y0361e7BRv8kxQtW8ZWFL2eL7H0tSQVq5LGvYfIvo6vk1wnUbWztvqyuMWwDP7ojQVYAiJHXoWHfRoqNPfeXgnQUF9L5F+8bR8lex9G20aAOhrXHvvr6puwgkEl1jhvrTmYYT/tLqjhM2Ocg/T7+5Nsf1G3o+Rpt+Rh8U51IW0K26E8/CznY8AUCXlEoBQ9g21fxfKThfJiVzactIRu0o3nHRXmQOHuV2M5YdzKtJq+mQH5+PuXn51ODVojlYIRJm5ZC6e5wGKvwMGiF7BbqK6rqqepOw7kyP6z6UVfmkwHyL28h4SVwcIpq5TK+PNMGk84Brx9UzWowvEHYeHQC8tZ/g4dawdgxs3He3ah4+V14BVvW4HU3rFy9pJatoY63yCyffkmL50MF1uisXHV9xz4meI8EsN2ElhoHqBg5oEtlnzrDrpOUjXx7FyGzHWCtrQoVpmK7iDLe5TRdTTrCE6QkA0ZdhfROoQesDYD0x5lNvmLQ1tig8t/NNSxAKEaRFDrM4/HAQAUaKoAyjxHMNKu9xDsZ7+5o2UGnqp08XmU7mxJy0EO79kI63xIoKcutbEfiXUDVyAm9lRvn+XykIzEJUBthXvmWlxyMYNYVeH0lQWQFuCHyknsZi4Q3prAaINk3FqfsxPwxHWCorgimfMvTX3iDkrdNNx4MNDBotj3yLw5Bxz5umO29HjvPPpdKLwi5uLN5NBzNNaCuUrWl/V1ZXuVqOKtxZYCItWPwzd/KUOppAaOPsBqaHAZh1nzgso8Feo6Yjnmrt+FM3BvpVz3rkFcFdIdYS1UEsD4YfkDSrqk6+lGwA95T38P11gIJ72sWI2pZd+zlh2Lj5AbUG3gDqBX54Jetw2DdwQp9p+3HUuenuLPy4kd1qoVM4ms5lGCDbr0Ysd9lX1iGCfZalbqj5BKN18hDYRPH17p8OVtojn+FQsoTu4LI3q8nI9SjL4683o5dIQ6oj7aV4Rp+CwRMlvjU0Gc5GGFSSDwSYm7gzK/WyNg8HcsP15S4xQ/H4Ga+AQPbKMr81JUnGxioNO+Mecdc8NXRMY3ylnJsOPAE36CLcJExy4N4ikxk/VM17i67j2FA8jfYfnkh1oQOaLQ3puvrm/5tvEk2scsYhrZVuwiktVd+Vx982e0yfC1s4DJmARZvPomonKZsPxrmIELmrsGb7mFIKirG2e9lp7IVVfUKM3agj+JqrPyxcSrwFsO0cvlf+C/urIPIdU+vHUCGkhLyH1xEfAk41JV4N2BEri3qjgWHrPHdhWzkUPm2K5v/ttAVmzVch5tk3Jv41TpiilAM5tO1k0aUVxnuYtXIabiS/QNCHwi2n5e9C8YQNP0Ls1quN/Ag8xK2feEA9fy9WDqsEwZ9l8w+XznaAyPmFqD72nikFFVtaa8HE4du2y24fmcSig5Px9wzHx/tYKCB3hsJyY+2Yf5oDRRcXIJxXbpjziVqFHnJa3+8NdKZqB24UHAXK/upgsfj4TPe5wgCcNpXDyb6QXiGTNz6C4h5OBZGPB54PB46+AAvsBEujCFmnmDzFA3otAPkjQxhLDQGBiYAPzbvozxSTZoRe88oStAzHpTFvIpC2QEYP2QLXo04hqjc8nhyqQ9UgP/skZeCZNgYvuH+2PbIq8YrFqx98pXvcSjZBRPmip/EVNO3gJmlPQZ7n8bvM2NxbFpwjfcnHywfjdCEhTj/4r34U1caAJOFhKLXcfjF+Qx+lfL1HWlgbHQYhdX4ylu6iHlCM3PvE8MQXQC8QxRiE/9FylT44XnTx5tQ98HCuzmIOuGLUQ75uL9lJFxaeeFkblM9v0FOIgm3ogDbL4ZJnml/n96gF9ZVdDww3QFIu5rQANasLpYyk6YdrHUeI+ZC7cl28UNfTPXpjHHnbmCx3UZ87XZBoqNo6MpLfmYGsp5/mORPv5McihCNOKHHPwx/AmWYw7RaOOY1A4qLaxJr/e5AWXJKpRPnIx2pj6XUqcuAzRfL4Nb5M6gAIMQh5pGY8VNlwEMhSgol0wZJ7ayblJrA0AhIviekG6V3EJ0K6JnqyFjyKuDxgTIF6a2ErQ7/W6ZZeCpA6duq8ZRLT0CelG7MzBYoTL4ocqSKRORIrzty0IOZMZB/smo1mI9kJN4Dmvczl9lMN1/TEuafSR57udd3EBNnBCd/T1jrCUix3INrSEFNFsxT0QMfRRL9dN22xmL0WnfD4MmLsGZvLE7OLUD6qktii2WI86EPw5+guZEPlo/SgwYEK6CpSfUbV6PpQ2HTfRN2+T7EyaFz6hds61mkRxqomQ6Eh9cGBF24irU2iYj9I4F1zGEjr8b2TSIxtL6Fa3odQHRaAmJiYhATE4PIR5vgJg84zbuOk7fGoR0MMPF0MhJioiuvOTcf0MF0/J4YjnXOdcdXOejBrDPwXihuEXKR+gSQs1SX3l4byHlqjdF1xFcGKuCpAm/+qfJbeenSFWZiInfhUakbZvk6VPK6Zw/C8V6GnKdp42vD7JWPZJyeZozFl/yw4/6iWnagFCMzMxNZryTdJx0nNl4Cz9AL4+rcklGM4iKAeVN9pbAYifFA+6ETMEBPoXF802ed4D5VDm9SbuB+Q8UuRjc69q3bT1PxWSwYsx0q3pE44XcJm62Wibn+A/smNvxMRRXKKBKKm8XITP9Qfrj+fFjWeU7tvkEDHfuOxayFQTh5fwtscQhh4R8yIS7JRerDaMQ8TkMugJzn0YiNeojUGoZeBBQCZbWsXt1d3Abt2jgi4F79B5FUAbxtgCIY9YImriHseLqIMsjBGfO+k0PssjGYGxKJlOxUJN45hd1+o7D+eIUTOwe/cWtAk3bgl77d4HPYH2pnJmPmHlEWRQqmMNBJRtyuKGSUlNTLuCqKavVo17CiWvVFs7F74aQWjNWeRxCVlobEK3OwOFAeHZZ4imzhloMx7HoCDzYE4UZqNjLyqpyJyVh/GOF3/HJUsM/h5ZVvERgljTHowcwSeHryIpLKicmNZaNw5E1NEl+maQcrzfs4teYCUjKzkJ9TnehIbmddkEdvTPEBYtd6YcOFJ8h4fgP7J/kgGt5w92RkbIR6MDAFnh86jci891IlHWx0+N+Ejn2B3Bt7cTJXQDDC1gThsZQJsd4X++GiF4hvXLbjYuJTZKYl4ErICuy8UY18dgYK8k7jUMpbKRNBHvrMGgnKW4kvf49CSnYqwre6YW2UFQYssZGZLOQxEvN+BO4t8xSMfWYW0iIOY9Pqs8gFQM1NYaCdjNhTyQK9f3sXmxcHI02MvBS7TYQ2wrA3OBlZ6fk1yFRdtlY7oUzHibULsDPsPlIys5CRcgj7zwMtnM1FturW5kP1OwPFyadxsbzS8sszM/C/U/Ub14oxsll9FV90Dsb3/U9JXUkft/rBXFcfnltlP3XNxzlsmf4bQqOeITMzEw9vHcLReHlo9TFkHXPYyKuxfZMw6l24RlEPBu3NYGYm+OvYXhsaZQBP2xDmui0AAOrahpXfm5mZQd8EkIc62ndsC3UVdvHVduZitMY6LPruAhJS03DnwHT875wm7Oc7Va3AFSThYUw0YlOKUYg8JDyKR3TiQ2QUyZrzSEZd8VUOndC/O/B4d6ggfhafxdqfgVJpHtJpOLQRiXNXBR0rTt2KJWtq3qMhnKcp4ytQ/6JafKTj9DRjTN7lhgX7PdDsqWDSRdy44+lyDG2riyFe4gkP8zIIW0+owX6tW41Jlnvbx2NewCH8dek2ou9fwrGtY/HVH0Bbj6Ei3ItQhOIigFR4jeubVIwatO+qNt1oM+EYXPQCsXDkZpxKfIaUZ9G4csgfc6aHIKlC5lMG41zSdvy+1ga9VkZgTrfV+HriDZGFqA/um9jIQdMOVtq3cW6XIAYXP1yBwPMfxg83hA/LMs+pFQkB+HpdGG7FZyMzOxV3Q/bgEbqhs0UTEUxJL4Jbywte7q/6U6Z+85KqFdI5Tp5QoC+PSy7kdG4qSA1utLsBL0mfmwoytgyrdxGDMnpB4Uu7kFkLOQJEi0TxKYduB42m/mbqpKysTOptrKn/KF868kjw3bkpICP4012h4itp+9uQPlxp26NqdWfOjCNHfQXioX4v6TdFUa1aCxIRUV7kBppmp0HqSkqkqmZNo5edF19wJX0/efdsLravmRdnkUvH5qSlb0C2PX1p/jApi2rlHKP5Ljqko6lPZsZ2NPqrEFpghxr6R0SUcWsWOeor1BhXNu1kU0DqxHxbMtORI56iGll086bgm6U1iwY1sKgWEVFRSqBA7gAxUK8s/sGmSEptOlxRVGvEukIqozgKMAN57CvXNX3FWmy3Gm73IR1U9wkgzfJidayLuTSoqJaggM62kSD15tpkYO5CM3csoQHoIlJUq7YiFpXyTj9AS12NyEBNgXiqBmQz0JfCntcsoPLrKG3SURb0taog1g5yEyMLRZgJFSkrood7Pqf+5gqkrKxMem1d6Ku9LyrbICt5VR97XQNHmrY+rvI5edd9ydVKlbT0DcjczIVm7ltHw6BTo5gan3Lo9ha7Sh9Z0VepbK2WNl4J6EV25q0EfkXRjAaO3EaRr8TU7pLgQ/llcfTnLAsy0NKi9h3NqLfzJvp9Ts3CHLWNa0VREeGCTEWJS8kBLcUWSqwNBaEmpAodmnKQL3NPXcaPoG2fW5KVgSopKyuTho49TVh6Tawfboi8KgseifGrbHzThyhcI66oVnVIKqpVV3xNOzWbhli3qJT5lIC7IrqVva8l8arZvDwMqtmSbDhPbagzviYF0/SuIDVNA+pm4007Ng4UW1TLEONprwSuEBvkRHb6LUm7nRl1s/Gm4K2jxF4vkfPUES9YxVeWvrwxi2q9p+Pk1bxmP2qOexVvFuc7K4phtcECsUX/sk7NolFOAr+lrKxM2sb25CGGe1UUKOzuEd+ovuldaFvSrUfsZsuHi9IP0NLRXQT9ba5D7W1daFa5vWUdtaB2cBHl14mLyUG+bY0idx+Tb5JYFPD0JLIzUKYW7QV++JcZNYtqseEBkjkiGz7ScD5c57jWWUCMRTuTN9NUF3PS11UgnqIa6Zm60uK9z5usqBZDRPXevZ5/exIG2N3HqNgYfNdV3IrnXfxg2B3nLCNx+ZhNvd91iPNlMHjNAuzK2YCBGuDAgQMHDhw+EIpxfaoKJuzyx6lGLIDI4dODrDgPBw7iUJh/EHMtPPBsZo6Emj0y8k23h6Od3St8GXEB39mqcoLn8K9GQUFB+Sp6PVCKg/CUZ6Az7C40Jq6GV1cJS/Qvz+B26mB4BTYsMHRavB8e/fZhki4j86p6HDhw4MCBA/ukJw5nLgL2u3y4ZJhDo3AeDhyEUXHqSst2XyO+lT++navRqL6J33Md/jc1A8ED1aDH+OBvbgg4/AfQoBViDhw4cODAgQMHDhw4cODA4VNDg1aIOXDgwIEDBw4cOHDgwIEDh08dXELMgQMHDhw4cODAgQMHDhy4hJgDBw4cOHDgwIEDBw4cOHDgEmIW4CMZm/sy6L80o+6L01agN2OH9U9k1/hnOxgYMgEf5MxeDp84ni5Fd8YRv6RzouDA4aNDI8QLWaIUOzGWMcLcC9xQNTaebGCgoqQOE8MJ2HCb38hPK8b9zQNgbdgMLRgbrLzHyZ/Dp4EwDwYMI/gz63VRLOexURB8r8I4NJJvLUaYB4POg2581LIqwzUs0q6QFw9jArlSvbXldE0lr5fBgpwu4lNMiBlowHK4J4Z0V+I06T+EstJADGeMsegWJ4tPatxwDYsMGUzf37jPOT+NQc/RUfW/wZWuaMd44egH1uGmkhcf8djcl4GSEAHnv9+BYUwVwan4k2M0MCGYbR3EYlzd0BuOZm2hrsJApZkhujn7IfSxhMuzAjGmNQNdZiGufqy60RRgoX9yMMaQKWPg2P7TtNcy3MV2dytYGzaDCsNDKzVrDJ96GPHFUuou3UXINAMYqiuimZI5Bk47gmShe1xbWFOHu467IaKj9/aNh6O5Bng8HloaOmFWYLzISRImCwmFhVH40XI/ts0806inTJTiAH786iLazHiMLIoSe5xkbTrcVLHx7gIGJsZHkPuBbe31Pnl0YDYjiQuvHxzDDxCICOemSrig/RpElRIodTm6gd/o+vcxQx69EZBFKKVwLNQs4Xh7HTmdTOXVBPyuvlBoaELc59s96MP5Ig4cOHCoB4oRv6EXflewgxaqMglGcTS2JFohr4ip/OzdzYkY7d0Bg90YVncmFAHNBsH9Ozv8YKQN9bI47P5+Ir7uwKAdrUJ3kaQ8GcGefvjHyhTy3KpnnZBDH8zY+WlHPp7OZHwbaAsDXTUUp5+A/+xxmDjgAm5cd2J1ZBAhFxendce84xPgf3o5euE0/DzGYuKXkbiwu+rYobYdN+Hkgd4CvearQFnbsPIeJbfd4er5EDa/XUCCa0vkR62Cz/AhmKn9CLvHVLWCUTCCXR/g/fFMpAMwbiyi/PIZ8qkL+o3Q445N4sCBw38K//WcTuwKMR/JOLmsO6x1BFuVdEwcMN7/gdD36djep2r5XNyWaT7dxTYPYxgqKaJ1ayfMPlNzb2pxxkH4uhlDR0MJKs0MMWjYHkRKOUP9plUKzn/fF+Zq8mimboMJKyJFZq2IH4+Q2Q4w15WHirwuOvVZiH33y2q2w7UrDNUVK1dRTr2o+j4v8SdMt28JDWVlaLS1gafvdVT25vZwGLdywqgRumilZo1p2zdhuhUDNcYJq4W2d9XZ15yz8HdtC0N1RfBa6MLQxg0/X5RuFq/WvrJp56MZ6MzYY8b37rC3aA1dLQMMGnukctWAsgMwgGGgoOiDU0jGBnuBDrRghuK3PAG5vzabQUf1vRAebXq5Er0ZSylmzYvx8KhH5aqBmr45Bo09IjoLnXMW6ydYVI5Zn1HbcT1HegPIv7MObtbNoKKkDptu20XGhJCLO8GucLRQBI/HQ5sOblgcKvoQwdZJbUw7GAZfN2PoKiuhmboNZv1JrPVP4ni+XIk+TH/x27qfLkV3xgW/5bFr58eS/NU2ru+PtoMKw4Dpfx/PEQy38hUlfaHXIrIvLMN4x06CcZfXhXl/HwRVk2dtY1K3DkupP5kZyMyt/4xpSexczFnkhZ/WW0IdJBKYDDpaw8rKClZWVrC00sfTv+LR0mEOPldnH9z6zvoeszwHob+9Jax6e2LjmmEAbuBSte1ySYGm2FG2B/5jH38QzagzXoh5xeHaQsEqhfCKYZwfg3Zmm/HXjnGwN+RBRUkdXdtvRxwEK/Ehsx1gb9AKGsrKaKnrIOLL2ehfKQ5iYvnnSoy5+C3TtfomwZZC/cFbsGl8RxjotkDr1k74ek/97LU4PwNZ6flSr5rKwxYTf1mA8S59YW9lCceh32G9J/DqxkXWryDR+2PYuhtwXL0dXg4mMHP4Cj8vB1JCtuCskEko8wzRsUKPbTrCrE3V6sP9gydAmIO1M21gqGUAqyGbsX7ic9z+5nSN1SdlFaDss6Im8FKM1L9h61dq4wF8hGNZZwYOk6OqxjNtBQYwpph8RPDJNW/Bfbv/BCQlj0XLcl20rs9KcEkuMjMzkddIIs26NBtDzRmoyOuip9N2+I8R3crLRzJO+jlW8sxOtj4yj40AkHXzO0yw16q0+eocsa5Jn8OjGBi4LMSCobow1NZGmw5uWHu6UOS62jgi23vU1Y47wa5wsdaDrrISVFqbw7menKchYKt/hUopODRbEKfF+beGcP8yXMMiIwbDNoqO4uPAqlcoZSIvFjGHDffKj9pYqRsqzQzR3U40v6gL1bcR8xGPAHMGA1dnlMekc5ijy2D46j3wdmwLXTU16Lf1QnAse9/EJqdrKNjEVwAoVszE/V3jYW8o2NU21Pe61DldvUFiUBBqQlpwIf9rzykjK4USr4bQL8H3a1xXRkm0qQ+o35L0at8UUfgsUGv56bQn8hklx++maVYgHuxp3ePy3xYfo+k6oF5TD9ONB2mUcj+MfPuDrBwuUA6xw9NgEA/KZDfoMEWmplLM0fFkg3Y06XBhefte0OERIAMLPzoS+ZQynkbSn7P1qD0WUHhxeTtK9tN0PZCZ3SYKSxBc8/evMynwetX3E9RA3ccInpFw2YeclOVpwKryPt8aRiawo69uJtG52SAVONLamCd0yB3Uyfk6y74W0bmpID0LPzoVn00ZqQ/o1olNtOPSG2KLOvvKop300IvMATLrtIeSioj4RX/Tgi6g3h7xIs8qfb+FhsGIFt4U05BYd+qM/vTzi6qPHgeA2sOf7rPsCz97BTlBj8ZtiafkjExKiT1Pu345Vvn7MkqibYME8gpLeErJ8bvJuyvIrMdhesFWYGlLyBoqZGq5gA5HP6IHN3+goa1RNa5E9GiLHGkzrrTh5H1KzkqhW/tHUyfYkX9M1W3e0w5yA0ivrQt9c+wF5RQVU+6TE/TXjfes9K82vKez5KMJmnKQL9ZGTcplyqadRESlFEH+9ma05Bg1KsLng4b+EC/1uFbichdqi+kUKubeDw/70DfbztGNB2mU8TSSTizQpHbwprPF7MaElQ6zlFcphdNCLel0W9Rmz9LCjibkc5FPFOtOnWBJK2IlXPs6gJwYPfrqJL/+A/M6jg65g/SwQERelLiYnDGVDuYQPd0CaoMFdKVJdaPueEFpS8i2ml8JXwAyNjpMhUJ3uu8LUtIyoP69Quj6i3dUVJBEt8Mu0pNyeW+a8RMdPR9LyRmZlHBjLbm1FbX5uvRPWMfGwJDmnK8ZE2v3TUV00h2kBHv65vRbIiqi2ED1GjrM1l5PuoOaw4W25jZsXIrSD9CCLqBOlmGs4y/FupNJdT9TTY/DF4DQQoe01RVJvaUZDRy5ja69EhrDWSAjbKcnJPqZnhgdfBoMMsQmkWtljrQl1As9q/ROCv9Wl19hw3mKElaSA0zpq5N8KqM48u8G6jb2uoiOExFFzBfofg7Vr51ERNn7WpIK1MhjX/3FlX9mINn13lNjTPhZ/uSkLE8DvzhPD9IS6HKgJRkogTo6XKi85t4GkDpcKOD8Y0p6fp1CPEC6YuygIbGxOGYG2cCSJv90jR6kpApsvo0KDd3ATsv5lEOHRoIUYU0LrgjsNW1fV9KHK+1+wY4jsrkHG353fM182nroDiUkZ1JyUhj59xH4leo9OTdVVM41kLq8Th2vC5L1T+DfPoM1jfvpGiU8jKZD00THVRbcP2I+qIPankq+V0ZxtMkGZDcvWSp5lVI4LdQEuW0pFOsL6oo5dXGvUoogPwOQ3agwiszMoszESPp7x2YKe85e1tlBIAP40x2hvvqbVcWt93SWfHRBrVt5U9hzIv77JAoZBepgWK2vLDiP5JyOhbzYopb4mh0E4snpUJ8xh+l6YiLdCnYmY1hVtrmhnFqiH8vPp/z8fBKbED8OALWBX+UASCu8UjpOngCNW1co4qQ0hQhOdhAqnZZwMDXDeNpfwj4hbg1X2pkraoyVivDQq4ZCl9IB8kQr+vK44P/PNtfuhAv2ypEOptOxYlFjrCTBt4aRObzpLyJ6F9q2Um7ZQQKDzWHRVz7lUIgzyMq5ZuBjjbr6yqKd9NCLLNBRhORl72tZgyDXZlilFEH+ZqBB5TpR8f8apLMOomVarS/VEysHmIq0s+SyI+nDhX5nmxGnLSEbtKN5x6t059xUkIXpBZGA676rUCQohThXOV3h5KvfvCTpx4RlMK6YkIjdPoJm/ZpUqYNdba5TAZ1j1c6PAnWMqzQJiagudhbRxVrHRIrgUOezG5AQ8ymHwmeBHCrIbh0JMVufLBaX+pAOQABIu810CnlSWqUr/Ajyt1Kq1J/GTojFy7HueCFNQqyJCXSQJbOKmA8ybxUm6ncbkBDX7ZsEMUqYTPKzV9AA9KgxgcUGDU2II/xAPIAAZepks53uFknx49OdqRVcaHPOY9rmDOrS4zC9ePo/ckDbyv4/PLGGdhy+QjeiY+hS6DxyaQ8yFUqAC0K7U2tYkfdfgiw5N2EjubUDaYqRf/GtkWSC/rT68ttG0UM+5dCdDTrUtlq8l0qXa/ErbDnP0yA9MpCbTmu+tSB9+IklemwS4jqJtgwSYkl4tEV0UqOCxFckaqUUTguNRLlj6fstNBSg8UF8VmNVV2x8S7l00r0mr3ocIJiEecFSJw6NBBmr76mUdUVSUJFU18UR2dyjPnh3xpr0yzndx5YQG6tXJasVz6vwb7Lg/hTrTl0wpJLv8bNXUC/0lBg/JcmrIQkxG44o4HsNSyBZJcQ6orZUEGoiFW//mBJiLUyo1IMKPzGighs0kFPXlRCL3TJtMsYflq1XY7ChEzy+8MUvuyKQIcW2GrmXsUiBKdr3rXoLp7nFGLQXepE/Nhx4gm/QRbjghuVBPEUmsv5h/yxlWMCicgshD2bdgXcpKXgB4HX8FcThMr5uU/UMBcYDe/EGOWmC7YmJdwFVIyf0VhZ//7R4PlRgjc5C33fsY4L3SMDjyq2JPKgAUOSpQxnqUAHA48mB8otRxKKvDDQwaLY98i8OQcc+bpjtvR47zz6Xahscm77W1U7BHnpddDGvuq+mkT0UkIAUlttJ5WEL97lA4tq9iAMg/+g37E4cgs+n6bLfPtnVB192uwxfCxu4jFmAxZtPIkpoFwoTfw7p6AzbblWfKVo4og2e4H6CNO8LGMPQtkp3eC2BkrJcFAGQf3kLCS+Bg1NUK+Upz7TBpHPA6wcZ1bam8tDRyaheY1LXlteeg4HsM9F4ievY9ctJXPjqNGKRhlt3AX13a3z28ibrdn5o1DWurLYzpuzE/DEdYKiuKJCnog/+whuUvAWrMZElKgpNpNEidJbytwVXPsfc3xbgxz0Odb6rWIZr+C0QMFniI/LeL2v0OoBLCQmIDt8DL5NgrHfcUb5FqRhRy7pjLz8UGyd/uDcm2cQLadAcTuitIWHb4ebRcDTXgLpK1da/d2V5KJZRX9j6Jp6xLiqbyGsFHgqRWY+tq8MPEAroNGap16+9XeYmIfphNC6e8kPHrLn46scoqbdfM3wVqOvpQdeoZiM6jFiCqWME27L7u/6MY7sdwcdmbC1/faaZ6zHsn1+A0FGtwOPxYGYRDttp/SAv5jmKPbdijftlrOzfDFqMD/6WpRLe84Ax0xJ2C3lw2LYSo5Rlr+dsOU+b6eFYNSAYy9er4csbqyRyk4ZCc/wrFFIe9o+X/b3TIgAVI4dKfyUHY5hZCtviE6QkA0ZdhXiBQg9YGwDpjzNlEhuV8QS37gAx53pBVUjmpouAtxBwRNY+pbthpb0yMIJZR+CfqymsOWJd92CD7AvLMMFeq9J3KblE4zXyUIiPD7zuhtCrGOuWraGOt5X+TRbcv6zrIozU/wvHDwg20z4/9D3SMRGuXZtOXmw4ohwGYdZ84LKPBXqOmI55q7fhTNybRpF5yw46VbrG44FQjE+xdrYiDGGsVGXnOkpAcXGxTDh13TmBOBgsQlhGEs78MgH2LaKwc3EPOHUXfS+0bodVjWCp1Hwvx9joMApJUBmv4u8tXcQ8PRkqCbzxV7VnEBXj0FymSQe5rr5qud7Ag8xL2PaFA9Tz92LpsE4Y9F3yB+mriBEVFdT8rA60mRwAU+zG8dt83P0tCCWGMzBOTxql7IOFd3MQdcIXoxzycX/LSLi08sLJJi5pWAxTLLxZXZ6EuLMO1a5sAaVmjTMm7Xq7Qz7/BqKTLuGeii9G2h/F1X9icSvcHN2HqEjZzg+Lho5rGe5i1chpuJL9A0IfFIKIUPYuGEPEpjOSx+RjwOPj5xGDLRihxgOPxwPP7iDiEYvve6igx6IHov2+8j0OJbtgwlzd+j1MUQ9mZmaw6u2JVSe3oN2zBfA/IXhv6NZfQMzDsTDiCdrRwQd4gY1wYQwx80TTyYNNvKgBCcyGUeeJnWR4c7QHRswtQPe18UgpEthIxHz8p6GsbQSzDlZwHPodDmw3Q8q6VfiT5eQn2nSCBnJR+LwNxu58gb/3D4Bebizy0QpamuJ/otBtGPRxHzkpFT5BDwM3JiEjPwdpyVlI4YdiXIsrkIcu2lZ/B+32bCw92B/fXX6LNNqCwbIURNcDSC7Owa0NxbjxxXc43kiFZ1lxnpL7uJgKQC4FEXe4cwEbEhtBwIBV6TViY2a1ooJ14X01ZlBcD/rYkHtQdgDGD9mCVyOOISq3vB+X+kBFSm72saCh3F8etvDwBJ6sOI1nSMXxIKD9kjGVE9ONJq9C6TgiAw303khIfrQN80droODiEozr0h1zLpHMZcqjf4ddK6LmxCpfvrhJcjqJxy4xCkboOXIG5m34C7cPOqI4/gj+fsfupnxNS5ip3kP6g6oRepdyG1lCxSo69gUKky/iWgMDTwke4EFelXomRgDKluYwBtC8Uz/o4jrO1VLMycy29nbod5JDEaIRJ/T9w/AnUIY5TFm2kW1fea27YfDkRVizNxYn5xYgfdUl1scZsOkru6QjHvHRVeP27EE4SmEutAovJPu3Em7y2XhMc76P4F1bsXMPYP3jUGhITZA10LHvWMxaGIST97fAFocQFl7u7Do5Qw9xuBspFGweXMILmIisbjcEpGkHa53HiLlQ/1VWWYxJWVdXWOAOwv64DBo5B1PGROKvNX8hDnaw6yibdopG7fR6FemRxbhWCV9dbFkbudd3EBNnBCd/T1jrKQo+e3ANKaj/sW8SdZgl8jMzkPVceifWeXkSUhOiERMTg5iYGMTuGw5jWMH7UDz+XGpR5UuRjhMbL4Fn6FXLpFIxMjMzkfWK7UTPa7z/hyAHI0w8nYyEmKp2nJsP6GA6fk8Mxzrnar8rL+Aka7CJF6SiCmUUoaRQqM9S5goPw5+guZEPlo/SgwYEK8ap4hysBP1j5TeawDeJGxNZ2SsfecirPtEgofgS33wwujK3cPN61RfPIg/iFbqha0cJ7iX+KtLQBS0Nq2fmGtDWU4MS7uLYdkDTeWiNXRfZD06gDGPg3k9Vwq6K4oYVuVPWQPexU6GPeDx81kBe8rZ+PICPdIROGY1b2Xtw40xPxH3tiS2xEi7OaeC+hkYsqtWxO/AuOVqoEFASEmOF44AJDI2A5HtCcav0DqJTAT1THZnERjkYw6or8CzoRoOPByo6l1DJxQhxiIkGWvc1lIoj1naPOuNm5C48KnXDLF8HGPGquNl7ST94WyTRJ5AqAx4KhXxpPVFP/ZMV9+88xQvK+XsQFncMB6J6YqiXbj3kxQOvWdUKpIic6og50nAvNdOB8PDagKALV7HWJhGxf7DfysjjyeEdMirHk490pKbK1jdJkXZLlBf7IFn/+CqrPEeqhPjRkTlYsycciSlZyHwWhYO7L+E9LNCZJe+UxyBMnQzc+WoL4osFVcH+WHMJ/wiJoc2EY3DRC8TCkZtxKvEZUp5F48ohf8yZHiLVmXZvcBq/uR9BVFoaYv6ejh8OtkOP7wTHRvA7+OLrUbHYM9YLO84/QerTRMRc346Az7/Fn+UeUu+L/XDRC8Q3LttxMfEpMtMScCVkBXaWH5XYbOxeOKkFY7Wn4BmJV+ZgcaA8OizxZL1Nsq6+8pGOE2sXYGfYfaRkZiEj5RD2nwdaOJuD7cIqm76yw0uc8vkGRxKfITX6F3y9FjD08EJfYX1WMIWBTjLidkUho6SkhuOVgx5GLOiBnKAFOPJyOsa7S7kdMyEAX68Lw634bGRmp+JuyB48Qjd0tqhwRJ6Y3usxQr9aJpDngxDM/+oSPjP0wnA9WRmGM+Z9J4fYZWMwNyQSKdmpSLxzCrv9RmH98aYbEwbd4WhzF/vXF6LfCF10cR6CjN934o36ANgqy6adwri7uA3atXFEwL1G8DZ1jGsljHpBE9cQdjxdxPFSc1MYaCcj9lSyQOfe3sXmxcFIq8dx6nXpMLvJo2tYaamHHu02sa7MWxlWmhtB38wcZmZmMDMzQ0ejZuCBoKNvBINWQuP/MghbT6jBfq2b5Emlp8sxtK0uhniJVvrklxyHn8cSbA0Nx82YWNw6H4SFo3wQATe4DBH4YnVtw8o2mJmZQd8EkIc62ndsC3UVYaIej80D9WDVZoXMzyhmEy9I0w5W2rdxbpdg7IsfrkDgeemeo98ZKE4+jYvleyVfnpmB/50Sc6EE/WM3kdb4vkkY52fqwbTNeOzKk/KHUSvg9eU27D9zFTfv3cLlwyvh8WU0WsCzRjtfhprASNcMs49V802KozF7MnD1qzkIvvYcCTG/4usfAMNJPhikDPBxDgGff4udR67iZkwsLp1eiQnjTkAOczDbrkqvTgYE4uilO4i5egSBo7tjdaIjZviLeZWgCOB/Vos9lgZjgq4eejuer7c8SUUVECHBsvMrbDjP8wM9sOigK5Y88ITVoB3YMesyNloF1KjAq98ZKMg7jUMpb+vdVknjKgu0HesPU4Ut+MHvBh68TMPdwBnYkixs870xxQeIXeuFDReeIOP5Deyf5INoeMPdkx1dris2MtDAiJUT8FnKLLj/eArRKdlIi72BY8GzMd0/Xqr+pGIVFmyMQurTRFxa4IlTb1zh4aEhFUes7R51otNwaCMS564KNKo4dSuWrAFKxVxqOagl8mODEBT5SuxkWZmmHaw07+PUmgtIycxCfo70mWlD9E9W3L+swyyM7PwXfp78G9IxEWNMpJeXHIxh1xN4sCEIN1KzkZFXJa+6Yg4b7sXHOWyZ/htCo54hMzMTD28dwtF4eWj1MWTdz+a206CLC/jzEgEoRvKBJTjCV/wgnKc2ebFGA+Kr7PIcSUIS98796Sk0xN6YtNUViZHXIbN+3rT3XlUhFrpdVaRF+E+4EEYZP4L+mGZMBlpaZGBsRxO+d6du1V7kL0o/QEtHdyEDNQVSbq5D7W1daFbAXamqTLdu5U0/L+pGBmoKpKpmTZ9vEP09vyyO/pzfg6y0VIinqEbaxvY0Zsohiiuq1g5XIzJQUyCeqgHZDPQVqQKXF7mBptlpkLqSEqmqWdPoZeerCgbcGkYWFS+vn+5MRuXFAgr2ypGpUOGG2vrKpxy6EtCL7MxbCZ6hKKjGGflKyqIgtfWVTTsfelFn9KdZv08hey0QT9WAnMccFpFVpY6cGUeO+grEg/iiLqV0nLya17NQWPJmmupiTvq6CsRTVCM9U1davLdaWb5Xf9P60W0qx6y38yaR6qVsimrVVaSHTzl0O2g09TdTJ2VlZVJvY039R/nSkUfVi+to1SiuI43+sSlgUVGgpJSOk9dnogWz2LSTZa1ZOjcVpAY31tUvZT6u5YUpwpd2IbMWcgSIFq3Ku+5LrlaqpKVvQOZmLjRz3zoaBh0R+dc1Jmx1uDGLaokrEiKuqNb9pYIiV7VWXk1bQtbyIKtRkaJy5EfQH1N6kZV+a1JXUiLl5jpk3c+bgu5Irl4vqahWKUWQn2HjVfllEy+yTk8iOwNlatHejHo7b6JfZogvqiVcvKaGLc6yIAMtLWrfUXCP3+fUvL42/bvvWzPuAdXuUatvEhSdqazsT0T8gpqF4Rq9qFZSMM1ysyYz7c9IWVmZeK3MyMlNvA+trfhSGT+Cdk/VF8RfRTMaMLUqXpRSBP06Sltg74DgGRNEq0yXURIdmqInkJWcDll086ZACacrVBRDkqR//OwVZM+AbCZF1r+wVvYKGoAutRbnqQu1+ZVaOU/qcnJi9GhcSI6QfM7SQkOQ/aRIET0vo6v06yht0lEW6F912//QRbWIiDIvziIXM0HV2B6O22i9m6DYlfDYn5hvS2Y6csRTVCOLbt4UfLNU6uJOtcVGIqLMG8tofE8DUldSIp6qAVk6TaONZ/5hXWjt0EiQ/uf+tHSIwI/qmbrSmlOihd1q44hs71FXbI4NciI7/Zak3c6Mutl4U/DWUWSI8bRXjJ8LcVchHWUQA3Wx45txaxY56ivU8G+s/bVE/WPn3xrK/YXjI6BcWcS1PvKi9P3k3bO5WHutK+bUxb3K+BG07XNLsjJQJWVlZdLQsacJS6+RNPSKTzl0ZUNXMmjRnLSN7WnU/G3k3bVmUS2RYnSnO5OemIJrEn0Ti5yOjbzY6Y7k+FpXATFZcWpJRbUYIvqX7Dzn0GA8moGuHV/AO/dMvYu0VE60vA7EiBYbYXj+CTYN4ET7KaAMd/GDYXecs4zE5WM2UOFEwqHCnl+uxECtDdDclYEDkznN4NDE+leajL1jjbEqNQzRMcPE+qbXR03Rwc0Uy1+cxpf1XI0vxU64y01DycoXOOSnx/lAWY0fcrF3UEv82jUedwIsPql2HxnVEquZSEQfs/lg9+DAgUPjoaCgoHwFnAMHmaIYeS8f4NRXPojHLMzkkuFPBnIvz+B26mB4BXLJMAdRvLm2G6lYhmVcMsyhifFkAwNVVRv8GDseX/zuIvH94dsnnqD9qFWY1ICt6QrwwOLNdnix3RTajA1W3uPkX98kMGLfXlx68BLF7/KQdmUBfjpnidFjLDjhcODA4aOEAicCDjLFvamwsTyCN9pu+PHWfKmPo+Hw4cBofodz3H4RDmLQ3PUxkjjd4PABYLKQULSwrqt4GLiDMLDBT+Ohh/dNRHtzcm9YQlyEzMgV+HbBLKTkvUcrTSeM3XsavvacbDhw4PCRcmBuyzQHDhw4cODAgQMHDhw4cPgvgdsyzYEDBw4cOHDgwIEDBw4c/tPgEmIOHDhw4MCBAwcOHDhw4MAlxNKCj2Rs7sug/9K6D6ZG2gr0Zuyw/gkndA7/XbzeJ4/2zDKZn+UqM9zpCxPGC0e5oWpUEHKxZxADXgtd2HUNwPncxn0eH/EImWYAQ3VF6DE++Jsbgnrh2Q4GhkyA1OdOc+AgWxTj0b7hcNBmwDAMjJkgpH+ErZSKI36EKMM1LCqXMcPwMCaw5qmrL/e3ggojuEZPhrH9/DQGZr0ucqrOgcOnkBAz0IDlcE8M6a7UqI08P41Bz9FRjZ6odGA2S3UwuIjjLA3EcMYYi241LqkN6F53cGlMeV1bWBEcqv66jrshck1R5k4s7K8LXWUltNR1wJTAB1Id3p11aTZc7Y2ho6EERlkDRpae+N/fr0SuyY9ejQn2WtBQVoZKa3OMmHQKycJnfOceh79rWxiqK4LXQhfdnP1w6kUjBk1DBtP3f9zGfncBAxPjI6g199J0h+vYfmjbmA1JW4E+jAt25TVyh7MCMaY1A11moVQkhZCLq1vc4OJgAl2egORECF9wuS80mJp20Ixxwi/lrJRPd7Ft9iA4mmtAhWHQedCNGr5z4llCzrOf0enVN1i/qXEzYrnbi+G7UxfTz+cjnbZgsLQ6fKUr2jXyRAkbH9pUttYUMYfDxxVfP61E7ThWeP4Nze+SkJubiwdvvaD3EY5JU3HExoI8eiMgi1BK4VioWSI+ZI5/hSIiFOyV+zSq1DaBL5cFp24KLtFUfoUN9/rQvL3BvOl1IIZVe0YLZij+SGfPmz40GmS/DDTQ59s96MPFp/8U2nbchJMHegt0gK8CZW1DoaQ9HKudp+H0Z5uw994gNItejOnjXTBTOxG7x7A7soUpa4ceX/yMLzppQU/uFe7tcse3QzKg8PgivjUBqGAHpg9chmeOh3FxXx9o5B7DSo/hGPdlJK7ttoEykrFjxGj8nOuHP27NRDeFRwhbNBDz2+pCn+Zwla9rg6EP/A99+t3gIxnBnn74x8oU8hek+y2hCHlvtdHP839wM3fHyuBqF/Q6gJsPs1FcWPVR3Dpr/HDAE8MrWCmTi5JiS4xY4gmLjVNxRcKzVNQGwbET8GtCBgCNRpPH+/RYlGEketiqcjrOgcMnDrmXj5AJG/TrawR19Y+3nRxH5MDh4+ftsuBNAns3wvQ/T2Ku6TvBB8oa0NeTgjd9aJAYlFESnfCzJSttEE9RjbSN7cljfbzQ9y9oW28QAAKUqd+S9Jr34EfQH+5GZKCoQK1aOdKsrTOpF3rSusdV1xSlH6Clrkakra5IPFUDch4aQneLarbn3FRQj1GR1Jgo2CtHpthET8R8lxe5gabZaZC6khLxVA3ItqcvhT0XfMfP8icnVMii6q85XGhrboW84mj3LHuy029J6kpKpKFjTxOWXqMX1WS+qQ/IYXYY/bnAgsxayJFycx1yWBxJpRRBfoY1n8FAnTz2SS+vorx0ynyRR4X1kFP4ApCxZZjE35ZcdqS2sKscZz7l0KGRoA6GhymnnmPznnaQG0Bjf+UTEdG7M9akIyRfIqKCUBPShzedLSbiF2yhoQBNOciv/J6f5U8DYEILb8ped0opnBYagKaJGYui5B0027E5qSspkampN239zprawY+ulH+fHQQygD/doSpd8TcDDViVzko3iIiyzvuRR38LMlBTIJ6cDpn186bt90qrxmx2Td0BQFbCOnJrGBmWf66J6RQqpp+5CRsr7UC9jbWIDr+ns+SjAxq2KoRm929DOi1aUPs20ykoRsyNUpdTbwyhnbmSZZqXkU4ZOcX1HpNHW+TIoX8Y3d4KaoMFlfKWFo8DQO3gVzk+4v3lWfLRBg3dkCPmO4Gv7OR8Xexv+ZRDIc6g7h7xjevfQk1qlYMkHX4X2pZ4YnSnPfzpvtB1mTeW0Xg7zUr/Nn753Sp7T11OTjChSYervEbWUQvShyvtfsHOh7KxNVn4t7p86NNgUOtW3vTTd33IrIUcqapZi/aViPhlAn9vpiNHPDkdsui9gPYK2WNl7BvdRWCzqgZkM7AqptRla3RrGBm1dKSRw3WoZQsrmrrtV5pmCWoBR1p1q4x9fH31N60f3YYM1BRIubkOGVi70k8XyqSSU619ZdPOh17UCXbk9d3nZGfeinQ09cl5zGGKK2IbX4sofBaog9oekXjKz15BvdBVCn9fRImh7tTfTJ2UlZWpRXszch5zWJQPvPqb1o03rxyz3iO30bVX7GXFhgfUibQlZC1GHkbYTi+E/PD4oKrYR6c7kx686S+hmNO6lTdt+GkIWRmokoaKAbksvVYjPmfeWEbjexqQupIStWxhRSPGHKL7rDkPC45ISXTCt38lz7To5i1qJ2lLyBb9aebOr2mIlS6pqamRtc02sRyxVrnzI2jXAnuy0lIhnqIaGXadQD+delPpf28HjaYhVrqko6RIvFZmNFDMuJZSOC3UBLltKayVQwrH9up+/nbQaOpvrkDKysqkZ+pK3x4RfUjmxVnkYgbiyemQrfMmWu8G6uhwQYqe1q7DbHx5XVyiejt7OG6T2M7aOLXMUBuXqMW/yYq3ExHd9wW17biJzgSPJTsDZeIpqlGXdtvoPlvuxTbPKc6hjIwMyq1HYKuLt8uCN/ELttAwdKYVsWz9oWTe1NTIz8+n/Px8giTypAUX8r/2nDKyUijxagj9EnxfrEPb1AdinJ0gSLWWn057Ip9RcvxummYF4sG+MlEqKz5G03VAvaYephsP0ijlfhj59gdZOVyo4ZjD54OG/tC4hDH/zECy672nhvGWUgT5GYDsRoVRZGYWZSZG0t87NouQFyKi0vdbaBiMxAbgMjpLm2b8REfPx1JyRiYl3FhLbm3FJz0tW1jRqNXXKKm4hIpe3qVjZx+JBFR/W4gNLtLI66S7eLLJ1rDQQoe01RVJvWXN4PE4oKYhPdrSgKTk3Qu6FWxPbWFXaWjvzliTJlwpuETosjPWpFmuX2WvA8gJajT5uNAYvA4gJ4BGrCuUue6UUgT525vRkmNidKczqJPNdrqemkaJZ6aR/Wcg3XomxJJ04+FhH/pm2zm68SCNMp5G0okFmtSufHJAGBHzQcZGdUxM3O5DxmIS4rKS/TRBDdR9zGGKTE2lhMs+5KQsX9nO93SWfHQFRCvsORH/fRKFjJIwEZK5hcYpz6L9JbUkZ1o1ky7WSFxMzphKB3OInm5p/IQ4/0wPMsAEOphDUifEREV0aGTTTPjp1ZoQi9fhSlzuQm0lTJQUx8wgG1jS5J+u0YOUVIF/a6MiEujS9rchfUygQ88F4z+0hS6NC8lh7UNZt7OB/q0uH/o0GMSDMtkNEthBzNHxZIN2lcl+Gb2gwyNABhZ+dCTyKWU8jaQ/Z+tReyyg8OIqW5quBzKz20RhCYJr/v51JgVeZ2drdGsYmcCOvrqZROdmg1TgSGtjntAh9yo9qzu+FtG5qSA9Cz86FZ9NGakP6NaJTbTj0hspErw6+sqinfTQi8wBMuu0h5KKiPhFf9OCLqDe1SaIatWNWHfqjP708wtRu5XGf/CzV5AT9GjclnhKzsiklNjztOuXY5W/L6Mk2jZIIK+whKeUHL+bvLuCzHocZp3QsuEBJEV7e6En+cdUnzxmlxDz5HRo6A/xlENEufcmUjdYisi2OHYCmUOTnH8Io6jkLEp+fJ6C3DdW3oOtvUrmiET3NoDU4UIB5x9T0vPrFOIB0hWOW2lLyFoO1Kn3HoorIuLnCexGGnmVURLtGQjSbjOdgs89puSsFLp5ajkt/eN5pQ4fXzOfth66QwnJmZScFEb+fQTjmiPDhPjRFjnSZlxpw8n7lJyVQrf2j6ZOsKscP36WPzkpqFN/3+v0IC2BrmzoSjrK0iXEdekwG19eF5fgZ/mTk7I8DfziPD1IS6DLgZZkoCS+nZI4tUwhkUuw828N5e0VCbGSlgH17xVC11+8o6KCJLoddlGk32y4V128PXtfS1KBmthFsIbydlnwpoqFKG1tbeIpqpGRqSst3vtcYhJeG2/6qBJiQVJTOwmszdmV0nHyBGicUPJREGpSmbBUOGWT6gEr1p3MMF4iUf4QKKUD5InaHSHb4FA9OTFvVTVjUyFLY/U9EgMs24S4LjSEMD48sYZ2HL5CN6Jj6FLoPHJpDzLF9krjj5gvICKxr/fQBF0FclmTRNn7WpI2Jkg1rmXvgsmtfDZNCfY0N/SVyGqvE+TJeaEgoPMLr5J/H9BnMKM558tJs5mAZMUVCZLqc/M/I3UlpQbLTirEupOJ0Gp5xURRfVeIa9ONmrrYuYYuNiQhLtgrRzqYTseKRe9XQToriJiwfOtalSSSfUJcxo8gfyslct8lsKzGTojL6AXtcQZZOV8X6/jrToiJ7i8F6SgupPMv3jeOHr6Oo22jG7ZLQxKJ4lMOnXSv2f/HAVWrVhVyCPscpN/Hn3z7g7oNPV+jLdL60MZMiCXhaTCoNVyFViSK6KS7kGwfepFtteRMEENa0f/Zu+6wpq42/gszYBVQ2SpbAy5AUXCDRcUt2uKo21YFrXXUKtihtdUWtF+rYlsVJ46quLUVnDhQVEBZDpbKECtLhSCQ9/sjEBJIyE1IqLb39zw8jyY3555z3n3G+35SvUD3ZGMdx19BWaOYYeRYHeC8iWgjstX524Q7pQUM7GvNyQRZfMvMGMgZK4N+0v2Z5IQONC9K0vGrK7MN8UaNvh9UrXtq/q9QoJngRw51xlI32OgFB4l+ll/0JCv40G/ZyvNTXT+gqQJicf6qWfSvWSxmeqqrMQFxJUXTYlvJzysrhA61qO9Zy8gV7SXaj5wGcnI4pxCPdqwT7Mtdgz/jQlZi89XYgLiCzlKAMUQ2qUYf7vYGuS9IF+lL8QXLmsV0hXaI5fAwk4BYni/xYJNkP2v8FcV2stUPpvqtsX57TUBsLCewY+R7yUFjAmJ5frsq/CZB6WXatXYfnb6WQHE3T9HvM1pSS1jTzNOlCvtN/1RALDWplv3YYHRt/R0G23hh/MeB+HlnLHIVyIqk8TwBGXBAu361d0abO41FOwhE/0+IBh7hc3QWv2Dd9QAeIw/P/n6L7upgEOYsBC4GOKHniBlY8N0WnEl8peCdxELc3Dgano5GMNQTjtXtJ+BNVRH4dZ41H+Ki9uQYw/cTSug05ihx96j9iGWYNrYfPJy7YsCY/+HoLk8IsBGbxZISaIILjsAIZnYdYdKaq9zdI+3RCE1ORtzNU9jqn4Nj0+djd/XFe47JEoQe8cHzPR3RkquH9ww+QfSYheiJSug2AzTRHfMjQuBa8RE66XGhx+2GoMKvMcbpTZPyzsu023gFJzjY13zCRQc35duTxRv8jB1YOLY9bAy1weFwoKUdgD/xCuWvVTeWrCQB9OCCTrq1n3Xoa48KpOCh2HMt25vVyjyXCwJfoYRqQv4RJjLJoiUK3vfm484KN4QLIrB+il7T6IfHGxAa6YA+X/SCsm90+voofB3X4X1Lbdg7n1J4vhrCo3Uc6DXvhAVHffDpkbEqv6UsQBpibgLxkb2hL6bLHZYAr5GBbJEetYDPrqMYmP45tl5cjDURA9V2Y7ox+o0JdOEEJ8Namea5AW8yhGN9mXQJibiIzyxr50KLMx7heIWCLAIApN4C9G290EdXeVnjgAs9ANpcQ+jCEHoAuFwNULFQ3uTZVw6MMGiuB4rPD0GHvr6Y6/8jdpx9qhDvMRmrvH4KecMcnR1r2zW29YAWUpBRxFRfdIfffCB1bTgSAWg++BW7Uofgw+nmzPm4SwA+6XYRgU6u8Bm7CF9sPIE7BWL2KCkSOeiE7t1qP9N28oQlHuFeiur9AHVDE+aw0K3hJT0YcgE+n18t00mISQTazuylNhklPEJGOmDbRYxGWj3gYg3kPMwT878s0LZd7SPclkB5VSFjPn15azteoBu83WU/k39uBSZ6mIhoouMTh5coQqmq5vp5DFKeAwem6ovkRJNjicmRwMtkYYLUzERAz7YXOovo0wnuHRXUxXJ4mJEFleNLZMUK++kmoo8deF3fzrvrjdVvishrc3ihj5F6x2Q84QVKqQj7Jqjab1eN38TR64vJX4yHj0cXOLsNxcxtsVjZNxPRAafrJRNThd+knnhPGqyX4GRuGs78PBEeLe5gxxc94OUWrlBaf07dYepx6j1jZ3sIpUQgsb/XdB4LLN4uweqznpD+YAsWjjZCyfll+KCzG+ZdIMZtvDrSAyPml8BtbRIyyoTjjF0oQ3macvEuQavbMFjhHgoyhP83tATeIAOFLYZiXXQ8dsyyQFFhAbRgBgsdxebd1NERzm5DMWnTKcw334sNi5NrHcTRJxCXV4aizHRkF6fg2MAcPEYbWLWudlodFyP8PoGfk4HM/Fxc294Wb+IBYwuzJhYwLiTSGOm1VN6wSuGNKtzC6pHTcSn/a0Qkl4KIUPUmDEOa3MWqdljon+NFAXIQ8ycQf38cbLlccLlctA8AsrEePhwbzD6u+nfe+t9a5OATzB6ofBvJK0cjImUxorIr8Ch+mEoNhP1iQtnLRPzsfQa/jJGTYVx57xYDV+dI6HEiQh6thvj6T0XqScSVAG9wBwmp+NeiJfzxZ525IOLj4HxOk/ZDnn01GXMNyXkXsOXjXjAsDsfyYR0x6Mv0f2SsEo5qWUn9z+TAckoIHLALx24IcOvXbSi3mYUPFPAjNNAXi28V4M7xQIzqVYx7m0bCp9VMnFChwCjiB6gSFRztep9po/5qkUCT/6+URw3I9qkoPwQThmzCixFHcaewmn8v9IWegvwnf6nWAYuvUz0dmXi2l6T9bNQ4G8fDb5sv0Vg0Vr8pIq8cQ+5bFdgp4rery2/SgC2cOwEVGbkoUIPf1HQBMQCOli16jpyFBev+xI0DnuAnHcZfDDfYBMZdwdO/i5zkWu/4TcYNPEOtkezQDyhNP48r5SoYRXkh8vLyUFSmvokycHgf42euw7Zzl7HWNRUJv0tfFpa2K3c/+hGa2wZg5SgLGFWvPGUqlYteD1wBUKXVuIHyi3PxLKdYJQq/IukystAZLasT1rXr7gkNxCHmUe0qW8JfQDOb2tXPGhTn5eLZU+YMUPGiqG74BQMzcxjq8XFl8wGUojfc7SWf0DU3h2kr4PWf63EZnujnw6lnqorzcpFXWK5ynmlu1w3vIQNZYitJWbGSqoHL1cAb5IpoIUAOMjMVEOCXNxGfaAuv4ElwsRA6PhrJV5ABGasPBcoZN6uOGihDHBLLJflaF45wUIO8KcobNQr4o9PpSImPQ3x8POLj4xG5EDDDDPyWGo0fvFUrB1U4jl+3AHarJzUiczkfqUlAu6ETMdBCRtL/ipzGyet7HeE3TQOvMq7hntJBryE4UufcDs5dgCfbrjUYbBP/LBaN3Qo9/9s4HnQBG51XyNT9jT3ZoEr9JrV/SEZykRj9YgHdro6wA9C8Y3+Y4yoiGyjjwevesO1Thawxta/c1t0weMoSrAlPwIn5JchZfYFxmRQmY2UmR0lIiqv1FZ4kR6MSjmK78Ax4470JmO59D2E7N2PHHsDlm6EK725yYIQO/cZhzuJtOHFvE7rjIE5GV/NvR29YIBG3bouJZfIFZMNeYne7IajOD2hoDHrg6gOv/q7V80U5cQrq0Y5w7yRfphsjrxzYw8YWSL8rVkKy8ibiMgELB9UtWjfvPh1GDfAo5/ZOPKj0xZzAXrDl1vJfRX1JAbdZ7S66VFnSs4AAZfX0Dhm7w8XsIeLPyS6XaeUGVKVniGRPgBxkPlRmXmXzsFxdzsCX6OAGvEmPE5UhFCANqQnK2z51+V6K6jf1+u2N873UEeeI++3q8psESEfqPUDbxhwtFfWbmiCmYxwQPzg8D2v2RCM14xnyntzBgV0XUAEndGK4w6eJQZg2Bbj56SYk8QESJOH3NRfwt5gYWk48Ch+LUCweuRGnUp8g40kcLh0MxrwZuxWvWxbTH47mVpi0WfX7HwJEYtOMXxFx5wny8vJwP+YgjiRpwqSvZMpy0nKAtVk6EnfeQW55uQSzWHUC+Omncb76/ODzM7Pw/SlliGUBawfg6cHTuF1UgXIlz/REzbaAg+UEhWu3CRCJkA+XYsfhy7gen4ALp7/FxA+OQwPzMLf6SJJW/5WY0ukCtk/eiPOpj5FwbBq+Pt4OPYMlHZQqXMG3XS3Qo+0GJNYRokPzp2FN2AlcvJ6A+NjT2DpvFNakWsNtgYfouXs7v0HYn5dx/eYF/LFiAKb8aoLuvy4W7UhVXA7F93sjERMTg4t7Z2P0lJswGRqEj+oEzFWVYZhoboE+nlEq552qLkvwQccz2LfsjtCxyNuOnw4ClXUMtjnO4Y8LBICP9P3LcFigzTxOae4Aa9N0JJxKF/Lc61vY+EUYsqSItlUnoKToNA5mvFaYd5qNC4eXQRi+m3QYd7KykHppHr4I1UT7ZZNUXsZKFm8wgaGpDXg8nujPyh7QhCHadWgDQz3mcsDPT8L9+DikpAPlyMX9u/dwP/GZhFyXHlmMU698ZBzN5ONZSgoS7t1Hxhvg9YsUxMfH435aiST9UAZ+GUB6svcGbn1hibaWngi524hJ1bNFo/YnbXvDGFdw8liOhFPIgRFGfDsR72XMgd83pxCXkY+shGs4GjYXM4KTRM7d6amDEZm2Fb+tdUXvb2Mxr9t3+OwjSYe7IR3aFPqNKV7hNH71E8pB/F8z8PWBtujxpRf0AAjaB+KzUQnYM24mtkc9QubjVMRf3YqQD5fij+rBWny8Dz4WofjcZyvOpz5GXlYKLu1ehR3XVCdr8uyrADk4vnYRdpy8h4y8Z8jNOIh9UUALb0fGV3aYjJUZnuNUwOc4nPoEmXE/47O1gM34meinAG9owAIjFvVAwbZFOPx8Bib4KbhfkxKCz344iZikfOTlZ+LW7j14gG7o5FQT1EzCjN4PEfHpCuF8Ju/Gwk8v4D2bmYxLhqjKD5AXzA5wAx7uikBa9ULU2v9J2hwmQdWIwAnQyliECV+eQ1xGPvIeXMXhgFCJuqSNkVdN9MHUACBh7UysO/cIuU+vYd/kAMTBH36TVHeSQtA+EMvfF/LotmuPkJefifhzG/BDeDUROg6HKW4j8rKw9/zMzVi2pv58acAO7j2B5HXbcC0zH7lF9QMC7W4fwRQnER6Wjmc5xSJnXgPeWPClBhJWjMX83beRkZ+J1JunsCtoFH48JnzGflwwbPEbfj4iXDB/fmkpQhUtSSuHh+Xpcia+RJtxwXDQ2oSvg64h+XkWboXOwqZ05WijTt+LqX5rCr+9sb6XSEtG2MPWnIe5R1Xvt6vCb3qwZwYWhBzEnxduID72NMIDvLDsCg/9N/hK+P4N+03qj+kadqilIPP0VBriYUemhtrE0RSmXpdIh3+jL5lJSSUuXq6lShBLv0+3I2sTE7K2c6eJX/lRN2lll6pLT+g2N6N23X1oTsgthS+el0TYkz7MJMrsqApVglja8mFXcrbWJ11d3QZLJWSe+YA8rbSIWyd9u6Aqkf6Y40TWJibUrgOP+nhvoN/mCZMkFdRNPrEgrcH+lGWECstxNFB2SV1JZyopln4ZZUpW5sIxclvxyGti/Wx1pbnbaVF/M1Gq+imbkupdnJeVOElABXQ5eBANcLEUlgvRNiBrlzG0dN8jiTYSwnqQs7U+cbUNyMzRhxZsk/y+/OoyGsAzFJUtGTcrSmq2Q0H+KvLggFwnqyfLb03ZJTNjK3LqMoGWzu8ikXhDQAV0aV0Xsm7RnEztPGjUwi3k30V6Ui1ZvFF0NZDGOOuTiZU1OfJ8aPbeH2gYzCQSwAjbuUy/jDIlM13J1P817aOeTEuWyxAvP6Zv4EKjV0TVK7vUUDKXpkiqVS8JUgPJIRqSgxN+9eejJSZSuHjW2T6gjl1PStVXNWOo24a4zIsn/5BddkmYLdMAvrSrEcl73kS0IXMlaCGeBCN6eWfitdCQXXapukQLV9+aunpNp/Vn/iYiYYmltvChLQ8kM1r20mwjUYqpIR36ViXVauVP/1vSjawNtEjfwIU+XFe/7NIfC3uIyryY2nnQ2KkHRaWERLZvjK3MsksNyRrFDCOnGp4+3Ylsq2khLHNSm8isIfsqoAK6FNKb3B1bCd+hLcw8evuFYvPR4FiZ9PP+TOqEATTnt6nkYQJheSixskuK8EYlHaOZzZVM1JK+kab5OAptm7YBWVRnSJWAWBkXrr419fHeoFDZJSZ+QGOTahERUVoYzegCMjC2pm6u/rR9/fv1kmrJS+QokunqUmqGLXmiskuMaMLER6Q0Or6wu7BkV3XZpbDr9csuiSeJil4kTE6kCH0bKrtEVEYJ27zI3aolmbblUTdXfwrbPIpsMEGk60XI2Uf+PZvL5D8BFdCNTe4iHSleWkdUdqm6JJKhpQsNGBVIh8V0Yt75OeTToTmZWAlLey4cpmCyKiY8LEeXM/ElpJVd6uJ6VfHEV2r0vRTRb43x22uSasmTYVm+V1Mk1WLqtzfWb3p22pcG8AzJgAuCjiFZu9TPMi3Pb2qKmK6hpFocIvoHb/2pAnxcnaaHiTuDcUrhJDws/ut4ecQB7X0dsDL7ND6xYOeDRdOitPgA5juNx5PZBTj7lZGU3fJb+NrGDZFdb+PiUVfl7yndGI627i/wSew5fNldn514Fm8HHsxClw7Z8C880+gkaPQyFCNarIdN1CNsGMhOLQsWat9QQyHCB7XEL12ScDPEifW9WLyTMV1JifDknsa7PnVVSMSZ84DHzgA2GGahsODdOP4I7UatxmRWIbNoYkdizyAOWrb9DEmtgrF0vvQbjxrPz+BG5mDMDHVtVNIOQc8f8P20XIS9bwALTgD+YknA4l+kx4ueJ+PUpwFIwpy3LlELCxb/JrsVuzccF5Kfg/+mCFmXFuGnyK4YPdZJYZllfS8Wb1tM9y/YIWbBggULFixYvHNQxQ7x3fGw7XoYr0xH4ptjf8C/pyY7ryxYqAEC5ODUYk8sDc9BRlEFWhl7YdwPW/HzRDaqZfHuomaHmA2IWbBgwYIFCxYsWLBgwYLFfzIg1mCnggULFixYsGDBggULFixY/BfBBsQsWLBgwYIFCxYsWLBgwYINiBuDqOkc8Hqff2sHmhjEgb1ROApZmjcKj9ZxoKdjCHubiVh3Q6Dmt/Fxb+NAuNg0QwuOK769y85/YyBAOjb242DA8tx3ps8v92qiHWeFRP1Ldr7+A8hahT4cd/z4iJ0KFqwcvLVycLMf7DkzcYSllFpRk4SR28Ic7l1CEKVmR1aAJOyebg0bQ202CSMbozDD4+Vw43ji55x/aUD8cq8m2nM2Iu2tdvKTEOIm32lt0XsuBi/kgatm511d8/Xs2vfwH8qDtYU29DTN4dRzJjZffK1YI4XHEDymDWwMtcFtYY5u3kE4lS3rhaEY25oDc85iiWDEfjGhtPQOvum6D1tmn6lXnF6VqMR+fPPpeVjOeohndAdfdqn/TNR0DnqOll7BvqoyFMM5dlgSo14evLWIA3u7ww0qsob62VT8x4ERug6fhCFuOqz1YYCmmi8BkrCxHwc6ii765G0X6QQulwsLGy9MW3dbMYOacww/znSDi00zcLlcmDsNxZzQJLXKtdqQvh0LJ/WCi00zcDhcfLBBenqMKlzBEhsOZuxTb3caK/NM9EqjcakL2soLaLJWoS/HBzuL1ODovwzFMA4HHLG/Fpyh+L3aqRJUbK/3PYfDgQbHCBPDiLF8hTjWbYOLj7aIPUO3sGXuIHg6GkGPw0GnQdfUNuVNxX9NwhvGfhgzrj/aqLEbTTVfSuvhav7ZtbgXXEz1RRsGmxJqvuXj8ro+8OS1gaEeB3rNbNDNOwgRD8Vb4OPu3gnwdDQCl8tFSxsvCT3MgRE+OksoePI/dHzxOX7coN6wSePGFwjcYY4ZUcXIoU0YrCBNmsL3Yur7vw2+FxM0RYzSaFlsIp/6n4LWf8W5bTc0FJuGvrv9f3hwMwo6fIW1AV1hZfICt74bihWeuah8eBrz7Zkoj3RsHzEa/ysMwu8xs9FN6wFOLnkfC9uYw4rmSaQ3FyAdYZOC8LezAzTPSQkUtGzh3heoOJaHHAB2ahqz5vMnKKbO6D/ColElZ1jUGtW+S/egLzsVb9F88ZG0rjd+03KHCfiK/fS1HqwGBuKnz3mwbiVA/pVVWDi/P6a/9wRHZxsxM+TXt+PPl35YENIDHdpW4e/jSzE7YCCK3svA/invmNSVvwBMxyPgf72xb3QIy8DvjJzZYsYfJzDf4Y3wA10jWFUnreVoj8amVGcUlXFEz7+5/hFG+7fHYF+OQu/pN/0qfv5UWIObuHowsxLvRCHK+V0xYtkkOK2fhkssWZjBJgDBB/8NA1FeDwuQg71j3LD01gws3fwDPO21kZ+SDEG1+iSUAc0Gwe9Ld3xtawrDqkTs+uojfNaeg7a0Gm4Aym/4Ycyk+3D99RxSxrRE8Z3VCBg+BLNNH2DX2Fo9rGcwCJ4dgV9ScgEYqW02KnISUIWR6MHWrGdjlP8SqAGUhGuQAzbQIynf5Z2fQz48EFfDjLp7b6AffUEdep2r/raMTviBOnpfFT0vKNlEw9CJFl+vbaOCttNYmNC0/Sdo+RhbMtPRJn0DF5p9QEACKqAb20bTEGdzMtPRJm4rHr0/cgtdeSH8bSXFUpANCJD848CQxu+tfcfDkNrv7Az3UEGdcVRRGh0PHEDOpiCutgE5dfOn8LuVtQ9kLaPuGECzd3xGQ5zNycDAgFxct9CtMsXmq2ZeinJzKKeUGo3Kik00FKARPzBrTFAifH7qAUHtZ8+CaSDsJWhCRPRgkwb1GnCSbmwGWWIRXZLS3uNNIKv3Ghpr4yHIX0W90YVWJch+JnIaqMeo25K/exZMXqjPG83hQ5sLxaiRs5+Wj7ElU0Nt4upbk/fQ3SK6VtFlCuoI8ph8m0QznLmSvGBPkw8JP4meW/8dAMi5Tn9k9VMC/ALKzc2lwkbwhiz+q6Js2tKnpn+61H9ZTj2+POEHajdoI/0yvj1ZmTWnVq08acHuF4p14MVf9MMER7I20CKuvjX1EZNXEW70JRtMoF9v/EQT3I3JUEeHTA0m0q7s6p6kb6e5ns3JUEeHHBz8afOXLtQWQSIerNELAxy1SFdXlywcxtDSw5IvaUivMIH8+RKO9cfRlmRtoEW6zc3I2mUM/XSuSmGa8eNnUT8sosjY2dQRXRvkdfn9TqMtfUAdRXpYmTYSKbi7uC5ngJx9tHBMV+KZvkdcbQOydRhDX4Q/FaPHWQowAw1bvZvmDrAksxYtqJ3lDNoWL/ZeQSz97mdL1tpa1KqVJ83ZPJt6oyf98FDxMVTQfpoE0LhfpNO7kqJpsTVo+l5SK2TJfBWl0fGg7iKbY2rnQeN/TBJ9z0SvPIsKovEDnISypmFGvP7+tFXcbsmRgzcRbYgr5R3tEEz36nY4cyX1wRDaUSh7rEW5OZRbwFdcx1f7BUz5XkAFdHCkkMdLFeFpHsh7ZQFj2Rf3XVSNhvhPrhxU+yP/y679TfQikJ3tIdF8VFEabegL6jX3JP2xyIl4LTRIt7kZ9friNiN5ZcQbMcPIpvpzY8ygCCnjLExZT9PdjchQR4cMLV1o4vIrlK2EzWEir8ryn0r0cIIfdcIA+kURXRUzjNrCU0TX2IUgGwnbXUZXpoLa2xyS8FkFVEC7vUFu45PUqrtKIuxl+n4N0UQVvlddP4uI6NkRJ7LCGNqVzdz3Z+p7lRXlUF52ETXGLW/I9y+6vU4kB1x9a+reM5BOPmUeo+RvA7Vu5U/rfhpCztb6ZKRnTT7Lr9R7Lu/aCprQ05oMdXSoZQtnGjH2oEhemfhNDepdJnSt1k0rj6ylMc76xNWuHysJqhJp1xwP4plpEFfDjJz6LJKMtxj6marwvcRRXFxMxcXF1OCRaWrphVZ96q9CUX4IJg7ajzLfq7iTcQHrhmzB+lNKBuTIx9kloaicGo3k4pfIvr0SY9pWgVCGvHwbjAo6hgupT5B8MwSDCz/GLB/hETJNdMfqdEIVJSK4O9B/WQ6ICAIqxL4Jte3bLyYQEe4FSn9/0no7TPleDx+FP0RSxmksdwjFki6fIrJc7JiAxkVc2dodIddzUJj1K1zyPsYX63IZz5cIj1fCs40Fhk5o/PENjYJS8GGAltbMDlgQpwx8GIC4tavqpM8B4REeXBY7IHl/GQICpmBBxDCYN3RFWA/QeKXmnYOyUgB60G1gkZJrBLR2lpwDjskSnCNCZcUmDIMtFl8X8kAJnRbVuhSUH0OA63hcNvgRR649QsqNjXArnYxZA8+jEIAG+mLFoW/B2T0ey06S8HjO2K9RPG4nfqtese0TKmw3diFgZ3sIBST8f9xRV0b9FMfzCHvYmvMw92gjFrdk8J8GLDArmlBFadjQt1zm7/POhuPJlDhk5ubj/LdxiJj8pYQcyDuBsHXCYPyc4IuNMelIjl2FLplCea17pYTPOY9g/4cYtjUDuS+f4fLRibDlAlW4hdUjp+Ny8U849eAhTvxShl0/xaFS7LePQltj5CwORvwYh5THqYhYRTg1dhhCEpjpFUayJXe++IhaPBj/ezANm67lIPPeeexf6QVDDcUOGgsQiSC/i+h8PgTv6xQ1eofjccwO7IvVRNsPHZXnIZSh6G+gRTsz5j8qegrqGoTQM7eR/DQee1cRTk4aJnmsigPc+Ok6hu15ipwXcfiuexh+GFNzHJiPa/5uCDw0AKtjMhB7eTrKf/sNt9WW85ELM3MeTNW8+SFL5l8fGYxZ3xlj0uGnyHgaj0vb/eHRulbZMtErRUVFaDvpZ+y9noaMzFP4sdtBrKxjtxqSA+0xT1BGBLrYGW0wAxHV78iiJRKnhYQDaQ1zXWuZergKV/BtVwv0bLkBiUrxXCI2DTKDno4h7Nr7YtnebJlH9ulVGDafsMDA5Z4Knxq6EeoEI11dtDTvhUmBV/HPXXWTxX+qlYPU8BUIb/U7TuWXoSj9JJYObM5IXhnxRs+TSCcC3eiLFtJ025v9CHBfhETLLTj34AGuh/dC3vr+mPJdrhI2p2F5bSz/NVYPP7lyAHlOvWFyfCQ8rFvBvI0Lhk87hCRZG82vknDop1Ooggtc2lZTvgzgSHA0F6QHvMq4hnsSalQPXD2AU8ZXL4uWpYOU4GFV+F6w+grb95Xh8rhZOJQN4Fkopk8tRI/d2zDZgrnvz9T3ipptAQfLCY26EiLL96rCLQSPXYwU09049/gJMu8cxndzJGs2y4tRAOBVYQTOFa3D+YzXSL/RB/lrAvCdmH0tvzsJnr1+w99DNuJ86hPcuh2C0VpPkK2g3yTTF2dAV+F4b2DPN/mYtD0edy5/BvPHtbGSADmIGN0JX132wnenMpGReQrfdN6P5V2W4ko505lWje+l1A6xLDwMAVmIrR5VUiwFdVJuh9gXoP4L0hi9980ZF7KCP/0pZUdD6i6OGO4F1l99qaRoWmwr+duandcJ2wSiVQ9XtJfod+Q0kJODErswWcvIRVP6DqJCq+pUQFFTQbYIppuMV6VjKZgH4nXcQ4llRPQmmyIXvkeGOjqi8VcJYinYWYf8dpaKdoFlrRLyY0aSPQbQdxdfq2d3mAro5jozaoMZdFTJhd/Kik00DLb1dsBrVt3s6+6GJPgRDxNoX7nYTvg2C7LWmEFrljqRFYIoWkpfYhcKV+gLGjHe/L0tSQ8GUlc4VYWanQNZO8TiYxDkr6KB6EHB8cx383vBgeZF1X5WftGTrOBDv2VL7hBbwIoCzgukrrTbw11sV7CMoudAtENcQWcpwBgi/qzZ0dntDXJfkK60XlF0vmpW6Z29ryq9qiygAoqeA+o1rrqNBD+ldohr+giAOJpmNGzp7Ubx4bMjTtQWPrTlQWPmTaiTa3bkanaIxedRfAeiko7RJIA+EDvtUhJhT8bwUMsO8T+NhyEgSwTJ1d2K6BWhrlPCvl7sTG1k7PAptONpImN3WZ4clF6mXWv30elrCRR38xT9PqMltYQ1zTxd2qi5q7vre3bTRoo4f4PuJFynI6HDyFFTg/qMT6onv02xQyx7HhnIgQI7xHaGeyhbCXlViDdu9CU7Kc+UhGuQWR3bHbtQnEcab3NUwn8q0MOxC0FoYUY9e26gU3H3Ke78NzS0tXBXUoK/LvQls+qdNVPLGbT7UaUYnd2oNZzJ/88Xot1137bSd9/vLQeZaS+mqOwK9TDiy0TaMrr+7nRT+l5VlE0nPwRZ9Q2mwAGgbkOjpJzuZOb7y8MJv/o72KqTaaEt8t0k31OQFqPUzJe4LFVSLAVZ154OrTk1I4teTP2mxtJVGCu1pQXHav03iVjp/sx6uks4P63ok2PM5bWxvpfSO8SykJkI6Nn2Qufq/2uiE9w7Knt/iIsOXrZSv8s/twITPUxgqCdMhKHjE4eXKEKpqo6L4xEy0gHbLua1H2r1gIs1kPMwT2LHqG07sRWnlkB5VaHiiWfarcGdSuk7iIrsBCWGumPmzolY9WAJ3Bj+ShPdMT8iBK4VH6GTHhd63G4IKvwaY5zeiNq9s8IN4YIIrGdwd1C752as8buIbwc0g4mqsxDeHQ87Tku4L+ai15ZvMUpX9QugCdHAI3yOzuKJVroewGPk4dnftc9ZzojG6oFhWPmjAT65thp9dNWzIGs84QVKqUjqCmeT7VvYmdfeSuK2AhelyGPI5JykSOSgE7p3E+MRJ09Y4hHupUg+qwNXdOtd//7fy7TbeAUnONjXrkJ3EGNwzecxSHkOHJiqL6KZJscSkyOBl8m5jPVKo08uwAiD5nqg+PwQdOjri7n+P2LH2acK6YOSSx9i/q+L8M2eXo26H68BW0zenYSU+Gs484sLcjfOwMpDymnIortzMGZqBQZH7MEsBwV++PoWds+tTijD4UCT0wmf39LFmwLJxC8t29fuOjfnckHgowyAxvMEZMAB7frVzkRzp7FoBwH+jbAfG4yurb/DYBsvjP84ED/vjEWugsaEn7EDC8e2h42hNjgcDrS0A/AnXqH8NZpMDmptSx+EPJOxuyxPlvT6YvIX4+Hj0QXObkMxc1ssVvbNRHTA6XrJxKpwBb+GAvbLAhjbvRr77e0fgDGePeDSxR2j557EH0sFSN+/6R/JXi+znyqWA/MhLrBohLw2BllJAujBBZ3E7GWHvvaoQAoeqsjmqIL/VKWH9UscMSNiHoY6t4ez59f4eRmQfSwcseIP9d6PCykpiIveg5n2YfjRc7toR7vZmKPYt7AEEaNagcvlgucUje7T+0NTyrucvj4KX8d1eN9SG/bOp1SaAPHROg70mnfCgqM++PTIWLXcUmbie2nAAj67jmJg+ufYenEx1kQMVNuN6eH76+90qkymMQhzFgIXA5zQc8QMLPhuC84kvlJCx5rDQrf2lIAhF+Dz+dU7r0mISQTazuwldY4U8ZsaP1472HSv9d/EY6WXSZeQiIv4zLKW7lqc8QjHKxRkMUuQqArfq+H+N+rgjwLBJ6cMfEhLgtECOs2kPJ8fgglDNuHFiKO4UyjcnqcLfaEHvJsZUFUCPh5sd8KYz+2w5O5uTHJQ7Ne6josRfp/Az8lAZn4urm1vizfxgLGFGQTIQcyfQPz9cbDlcsHlctE+AMjGevhwbDD7uGRbFTfmYvmBAfjy4mtkSclC2Ch02Y90fgFi1vFx7eMvcaxcPbNpZ3sIpdXHwWr+XtN5LBD3Isrv4XwmAI0MxN7MAQtVBJRc6OrIUkhcSJzC0mtZRwIcRMd1xP8Sz/ZipFdUBZMx15CcdwFbPu4Fw+JwLB/WEYO+TGf8+4fHohCPTRhhIJQ1rvsBJCEBX/XQQ48lyQr1xcDKCbyuHhjsfxq/zU7A0elhCme7LI4Pwtje59Bm3UVsGdNSIZ10ZYkbFh10wZfn8lFA1UfNXesLLZca4ok67qge598rANZLcDI3DWd+ngiPFnew44se8HILZ3yEt+ZqwaX8rxGRXAoiQtWbMAyRmgxIvXKgegfSFs6dgIqMXBTUHfelr3Aw3QcT55s3+j0d+rVDBXKRV/S26UYl5EDG+pemKbdR8vpfgCr0sKElYAhHUSI4ALCybYNK5CHnjdiD2hbg8Xhw7jMJq09sQtsnixB8vDYAfH99GnKLC5CV/gwZggh80OISNGFeL4N38srRiEhZjKjsCjyKH6bShKP2iwllLxPxs/cZ/DJGfRnumfheFaknEVcCvMEdJKS+q76OEfqsJ6Q/2IKFo41Qcn4ZPujshnkXSKF2tFE/WhdoMj82z9xvUi9awh9/Ut1+8HFwPnN731jfS+UBsZUbUJWeIXK6BMhB5kPJUJmrB1S+riWYRk4KihR4Hef2Tjyo9MWcwF6wrdbrT5KjUVHvST1wBUCVVpkSzGoPG1sg/a7YKknlTcRlAhYOZmpgBz7y8vLw7IWSwfD+3hg2g4dF509gXmfZc1mcl4tnT2UbOF1zc5i2Al7/uR6X4Yl+PhxowBYfnU5HSnwc4uPjER8fj8iFgBlm4LfUaPzgLdlGfvJxVGEs/Prry1DIfBTn5SKvUElDq2sEt3HTYIUk3H/SuFkvfy3NIQJK0883eHdBgBxETB2NmPw9uHamJxI/myRWSqEOChp5p6e8EHl5eSh6R1d7qKM3LJCIW7fFDFryBWTDHp0ZXmltbtcN7yEDWWKRQVZsrVtMxu5wMXuI+HNvR11gbutuGDxlCdaEJ+DE/BLkrL7AOBDttDINmSm1spawdzjs4Az/g0n4Y7mT0vqFXwZwXvEVWjQsjw+Er+cOtP7pEg7MslDojQKkIeYi4PrxCvh2eg96EN4JjX+gQBvGXcHTv4uc5Fon4U3GDTzDPxcU84tz8SynWH2OkpYteo6chQXr/sSNA57gJx3GX2+Y6RWNlzcRn2gLr+BJcLHQFn6WfAUZUKI8GBmqZJbl2Rzm/JSO1HuAto05WtbRxcfXXwDXZiY+sGi8fb1/+TG0YQ4zw7eHN5jIAenpQxdlKC8VG3OOmuS1Ebxh1VEDZYhDohhL3I9+BF04wkEN8qQs/ymih2voXle3tuvuCe06disv9ym0YAYjnYa09UtU/E31/B5TCwPo4BaObgWMvYfW2fXmIzUJaDd0IgZaaKnHl3ivI/ymadS7v9yUvhfxz2LR2K3Q87+N40EXsNF5hZTnlff9mdBVlTBweB/jZ67DtnOXsdY1FQm/p6hwEbEj3DsBT7Zdk7qAoQ6/qfy14r9p3rE/zHEVkSoo2dQY30vlAbH9uGDY4jf8fETorD6/tBShd+ozfeG1cJwoFBqzk2u24aEir+s4HKa4jcjqhE/8zM1YtgYSCXZqVtasHYCnB0/jdlGFmKGQD030wdQAIGHtTKw79wi5T69h3+QAxMEffpPU4Iw9XomhbcwxZKbiSbUe7+sJnwmv4bH5W/TSvSdU3nfuI7OO8a9JMNGjbf0EExWXQ/H93kjExMTg4t7ZGD3lJkyGBuGj6iOqhqY24PF4oj8re0AThmjXoQ0M60a9ZYDgPdn9raoMw0RzC/TxjFI+yNLTBySMv4K/13KAtVk6EnfeQW55uYTCs5x4FD4WoVg8ciNOpT5BxpM4XDoYjHkzdosE6+n+HlhyYAyWJU+C86Dt2D7nItY7h+B2HR/VqhNQUnQaBzNeK91XVSTV+kcDYuNJmNH7ISI+XSGcz+TdWPjpBbxnMxPDGcZYVV2W4IOOZ7Bv2R2hYs/bjp8O1sq8Bryx4EsNJKwYi/m7byMjPxOpN09hV9Ao/His6cYqQA6Or12EHSfvISPvGXIzDmJfFNDC2xFMw0luc1tY8RxFstbBthm4IJhZ2cK6FbM27m6dgAUhB/HnhRuIu3cBRzePw6e/A23GD2V8dJCfuho+3j+iYvjvWN49X+QY3k8rYbioaAFeV+DxifNIA0AoxLUVo3D4lY4CengQpk0Bbn66CUl8gARJ+H3NBfytqDteXojM+3GIf5iFQgAFT+Ok6kj59E3Cxvct4Gy5Si1Hah8cnoc1e6KRmvEMeU/u4MCuC6iAEzrpMNMr1NwB1qbpSDiVLtRpr29h4xdhyFLGnNv2hjGu4OSxHNERPEXRkM2ROxd7Zoh4OD72NMIDvLDsCg/9N/hKHP/jPN+GzccN4LHWV/bRSVn2NSUEAR9vwf5TNxF3NwZHNw/HlB8A2/EB6CcWaDxLSUHCvfvIeAO8fpEiVQ7UyRtM5ICM3eFsegORO4W0599fhVAFTKxC8toI3mg2LhxeBmH4btJh3MnKQuqlefgiVBPtl01S+FizOvlPET0sK/mSVv/lGGd7Bj99tA3nUx8j9dov+GwtYDlqEvpBmEQqaPwybI6IxvX4BMREbcPiUQGIhS98hnBEfHUiJBRHLtxE/OXDCB3thu9SPTErWPIoN6EM/DKA9Bo4nxnTH47mVpi0uRH7u3q2jVooa4zvJUAOTk8djMi0rfhtrSt6fxuLed2+w2cfSQZ8jfH9mdBVNb5CJDbN+BURd54gLy8P92MO4kiSJkz62qhucRVGGBE4AVoZizDhy3OIy8hH3oOrOBwQissq9psaoqvcuWgfiM9GJWDPuJnYHvUImY9TEX91K0I+XIo/CpnOZ+N9r4YHqCTyzs8hnw7NycRKmEZ84TDJUh1VgljaMhJk2NyUrB19aPb2ZTQQnaWWXRJPxCOe6Cdhmxe5W7Uk07Y86ubqT2GbR5ENJlB43SczQoVpzeukXq9JKoI6f9rgid5ZRWl0fGF3YRrw6rJLYdfrl11qKImFupNq1VyaR72x6NZLmNJQgonyq8toAM9QVAZh3KyoBssmNZRU62EIyBZbZf5ekL+KPDgg18nKJxATJtno3KhSNJlnPiBPKy3iykr9P7qzKH17u+4+NCfkljAxQeZK8uJY0Ae7C8QSEZylxTZ1SjGRsETTL6NMyUxXdtmlfzSp1o3aZB7if7UJO5glwVMkHT5X35r6eG+QWXYpXFYJhOqyS2bGVuTUZQItnd9FetklniHp6uqSoaULDRgVSIcfMNUrjZ8vARXQpZDe5O7Yigx1dEhfW1gS7vaLRtBIiWQuz07NoVFetkL+1dUVlu9ZEcUokY64jEsrsSItuYdMFBylhT5mZGZsRTw7dxr96W5a5F6bzKkmqZYoUSER0elOZCGWILFKEEu/T7cjaxMTsrZzp4lf+VE3RcsuVetXeTqSSQLCIJu6ZVBUh8zTU2mIhx2ZGmoTR1NYMkla6YmG9ErR1UAa46xPJlbW5Mjzodl7f6BhMJPgeSZyUEXZFL28M/FaaMguu6TGpEbPTvvSAJ4hGXBB0DEkaxdhCaBSKYmELLGIzvKVsK/pG2lCT2syNdQmQJeMrD3Jb/UVCTmpGYM8OVA3bzCRg2enJ5O7tS61aMejPt4b6OdZ0pNqyeR7OfIqjzfEE/nVkzWxBEfi5Wb0DVxotIRuUpHNaST/KaKHG0q+VJa+XVhSTkeb9LV55D32kDB5aQ1Np/YmZ6vWZKijQ7rNzcilvz9tu/lKIjniwakWojJqTt38KfTCK5lJhRoqu1QSYU/6MJMosako3kS0IfM6CWybyveSmtgx9QvqpdlGohRTQ77/25JUq0oQS1s+7ErO1vqkq6tLRmYeEuXHmMQo+dtA1mIJdGvKyA1cLZlMLO/aClEpS8OWPOlllxrwmxpNVwaxkqAqkf5Y2IOcTfREJQfHTj0okhUmsZDKfS+xpFocIiKwYKHIIkplOsLH2WF15knEybjD8vKIA9r7OmBl9ml8ouTSTSV2wE9jOsq/zcbBIAuV3pVhwYIFC6n67fm3eN9kHYx35mL/FFbrsGB5g8XbgdLiA5jvNB5PZhfg7FfSzkrwcXWaHibuDMYpJZKMiXBjONq6v8AnsefwZXd9duJZ/KtRUiI8CaTBTgULRfBoHQf6+q74JmECPv7NR+b94RvHH6HdqNWY3IhzDFoYjy82uiN7qwNMOa749i47/yxYsFAvXl3ZhUyswAo24GHB8gaLtwCEQuwZxEHLtp8hqVUwls6XfnGgCok4cx7w2BnQqKPpgp4/4PtpuQh73wAWqq4iwoLFWwp2h5gFCxYsWLBgwYIFCxYsWPynwO4Qs2DBggULFixYsGDBggWL/zTYgJgFCxYsWLBgwYIFCxYsWLABMQsWLFiwYMGCBQsWLFiwYMEGxGpGFa5giQkHw9YXNrqtSuzAOI4t5p9jCcrin0XUdA54vc+zE8GCRWOQtQp9OO748dHb2T3W5qhqHg/gIw4Heq0d4T35FHLU/D4q3o/FA8xhrqsDe+dTCtXRZCEFN/vBnjMTR/7DU/B8XyvocTjgcDiw4KyoV5+6ClewxFT4PYfDxdhQ9XDd8zAObDghiFXnYB8vhxvHEz/nqG++8Hg5XLWE3+txev1jNkBuP1n8A/YiEvP0OPhoSxMHxFWVoRjOscOSmHchqrfDkKlj4dnuHaf2pS5o+x83Lv9FCJCEEDcOBizPbVQ7L/dqoj1nI9LU2NcqXMESGw5m7PtnxyoPtxZxYG93GIX/4Hzxcw8g0NcONoba4LYwh3uXEFwpr3bMBUn4I3AEPHltYKSrC6M2rhg39xTS+Qo49yjE5U2+8OllD3Ou0GjLdob4uLWQAz0Ot84iJB93906Ap6MRuFwuWtp4YU5oktoChajpHPQcfeed18NNYXMaK2sNt30LW/2c4WLTDHocLloZuGD4tENI4ivWTtbFAEwY6gYbQ20043hhQ13ntfAYgse0EclAN+8gnMqu/VoLfthDhLxT3VG4Jwjb1FxJIOmHCdh/aSJ2573BI2klA7NWoS/HBzuL/jkbzcT3UidvKCSvxn4YM64/2vwH7KvMKZjwAmVEKAnXgJaU7zXRByHPCJUUjcXG5f95H1HefKHdGtypJFDmSnSD4O3tJxs//Oug8e8YRF/M2hEMXweWoCxYsHgLnLDyYwjoPh4n/56L745eRUzkXgTOt4dRTU7/v8/gWHQbDFq6GRGXLuPIj27I2T0cE0ZeYxyMEspQ9NoU/Sd9j1WT0KDRLr7xMWZdGwAXSDpk5Tf8MGZSHFp/dg4pj1NxfrMt7n06BLMPs3tn/3abwzWbgqWhZ3A+7gYO7fOF4MIH+GjgeYUWQ8pfcGDS+xOs+bofWtULRNKxbcRo/O/BNGyMSUfmnT2Y2+x7LGyzEYl1nn2v53DwkISnmeodc14uoNfVC72NWB5WCWwCEHxwCtzYmWDBgsW/LSCm/BAM5HCgpR2AU0jHOg/hkYEWnKH4tajG0CVh99xe8LBuBSNdXbQ074VJgVfrHXfi5x5A4JgusDHUhl4zm3qrwxLGk25h4xAOurTbyniVuua4FYfDgQ7HUfrxtYKzEivUNq6++N95xVadanZ6zIx0oNfMBoOG7cHtmj7eGA67Vl4YNcIcrQxcMH3rBsxw5sCA44XvblS/58EsdOJ4YNZXfvBwag1zE2sMGndYNM6KI22FRzMG3MNThMG3ekxWnBAkQriaH+LIQd8v0yX69XKvPdpxAhDJaNGRj5PjObAavAkbJnSAtXkLtG7thc/2FEg8VZT6E2Z4tBTtWtXQtQpXsMSWgw82kBQ6RGKeCQfT/mi4ghc9/xZ9OQOkH7d5vBxuHB8Rjz27/iUmepiI+Gviqttgfrie2VgbpCuEO3A3w8bA00kbXC4Xlu198UWEZBvPLszFUEcO9DTN4TZoI+JKmPNVFW5hhS0HmpxO+PwWcGmtBTgcDjQ4RpiwT5KHf5zoJJKjvqO24mrBW6hNGpA1JmOtmW8fFwuY6+oIj1FKGWtiEAdteRvx5/YP4GHDhZ6OIbq024pEAFf8hbLj9hOQlj4OLatlyUWpXUk+ivNykatEbJi9bTTO5wRj2+UlmDigB5x7emLkx6PRkSv8nmOyBOHRm7F8xgh4uvfEgIm/4ZdPgKeRhxkfedOABUYu3YxlAR/C06nh4Dzoo3R8sGsR6j5278BxEOZh7WxX2JhYw3nIRvz40VPc+Pw0CpuQdQR0C1vG28FGRxutW3th7pkcKfpB8qjelcXCUwBlDHlDnt2Sp4cVsTmy5ZWZbmLMocW5eJZTrPCOvia646OfF2GCTz94OHeF59Av8eMk4MW18/WC1YbQfuxG/Bz0Mcb30gMXkvqf8/JPRFwFvL/+FsN4bWFmPxAzfw9GO/yMHTF1F3f0wEUl+E3Aa1oAFK0izIQ35NmL/KMdYc3xxe6c2uej/Dmwf0+4QMDE91IExXm5yCssV88k3hgO2+o5MJG2K1Utr3N2LoSPiwUMDQ3h2m2rhH0VIB0nVrjBxYwDPR1DmNn3woTgZIVstADp2NiPg97+p3BwcUc4GmiC28IcvZfdYW5f5SD/3ApM8OwolGdNczgOCMC2e1VNalqZ8B8A8LXzcG/nBHjYcKDXzAZDA69K6HESCHWgo7km9DTN0bHvYuxVYizFN3+Ar0sz6OnUpysTv6nx4OP+kfGik03mTkOxbG+2Qi2oop8NtSFADrb25aDLYF+4mOrDqWsIfv3KFbZaLdDds/Z6iDyaPA/jwLh1ANb/zwcuNs3QUl+Srkx4g4msybXRSMeJIE9RGx27B0jyDgOZVxX/Ff69FTM8NKCnY4jOXRcj4qGK2IpkoLJiEw2DLS2+Xv+7KjpLG2b9REeiEig9N49Srq0l3zaggatzap8p30czLEA89w10MuUx5T6+TX/9MptCr1a3T9G02Bg0dF0BVQliaYs3qHPbLZRYRgqjgrbTWNjQvKi635RR5DSQhVMQnUrKp9zMZIo5voG2X3jFuO0q/lGaYQbqPe0QXUvOoox7JylwAMi51zkqICKKGUb2cKdPr6dR5FyQHjxpbfwjOugH6uhdPdj7M8kRIF7HPZRWRiQo+4sWdQb1GZ8k+bKLnakNZlCElH483gSyRjDdE9Egm/Z4g3qMus1wJGV0wg+kAw/6/PRrIiqjhFBDagt/OsuvpdlEA5Db2EN0OzOTUi4GkJeuZjVdhb+X9j5B/irqg/70v2x5dDpLAcagqQcE9b4ribAn++rx8eNnkSu60pSfrlByRqaQvyz1aOi6AtWNVR5diejBJg0y5YyhdSfuUfqzDIrZN5o6wp2C46vH/SyYvLQMaUDgVUrOSqFL67qQmS6oQ69zCvFvFSVScHdQ/2U5Ur5Loy2DhDx8MuUxpSftIv8uIF6PQ1R3uovPvE/uffbQI1IfKimWgj14tOyocrLW8Fiz6diahbT54E1KSc+j9LSTFNxXOFZxyt8LBOmYWNOA3rvpavYbKitJoxsnz0uMO3YhyM5W8nek6HxlLSMXTZAzYxmr5gsqoEMDQbxZe+j36XbEMzEmG2tPmr0pkUob4NnouSCr9zYoRb+HIaC2CKKbUvpyYhqo/4I0qqBjNBOQkKPoOSBbbJV4Z/QckAUW0SU18E/0QtDQr5Pqj30OqLXmDNpz+wmlJ+2i6c4gLjzoh4e1tOiOARI6JnqRkMalDHmDid2Sp4fl2Rz58ipfN8mXtVqc8AM1hw9tLmwcXcpy9tOizqCOXU9SgTINxAwjBwygXx6KzcXLEPKCAU05Vvcz0IgfSuvZhpn6oOl71ai8qIyiPpSjn/M20Qe6c2hfuYzvG+ANufaiWhadDIQ6p/jM+2QPH9rygLnvxZQ3KimaFpuA2on5DKqTVzHc6Et20uYjaxm5aIA69tlDiWVEgiKhPyguayUR9mQCHwq+8pRyn2VQ6uXd9HPYPea+V7W8begLatnCmUZ9d4XS+OVU9vwWHT37gJHNYYL7hwLo8y2RdC05i3If36bji4ylymtJuAa1RZBMvVnj8/puKlWeIA3wX/42EFfDjPqOPURXU1MpJsyb7OAs4qMqyqZDI0DWTkF0+LbQJ/9jrgW1wyKK5jN8f9YycoEeOXRdRIfiHlDy9a9paGtJusqTA6bzRZkrqTd61toAMfBjRpITOtC4X29TRlYKXQztSpZwpu+uMZ9KVfSzoTaqKJu29AE59NlDiffXkqc+qNvQKEpK+Jp6oz/98pAZTWroOvTrJCogosK7H1E3dK2vHxrgDXmyxgR314EM4UMhUQ8p7elV2j0eZC4uB3JkXhX8V0FnKUAfpA8f+jbqEaU/jKINg0E22NAoPVdcXEzFxcWkVEAsDbELQY6tToqckycb60yWDOXw/hrhgJQNhhtyTgRUQLu9Qc7eV0lZFZS/DaJATYQEP+JhgtBoxgwjR/jTn0T0JqINWVY7pfnbQO0N9ggV9/2Z5IQOEv3L39uSLOs6nQ0wtNCRsBfRQ/AsmAaiM2P61Dhi4kGCIH8VDUQPkQIoCdcgM8ygo3xJutYY1cdhIAdspWwiKroaSDNnn6BsInpzxoVspDjj0gKFgyNrFwISto6gOb+kid7TxfUqvaZCOuFXn2YPQ4SOe7aKxiqPrjXBu9/OUomAbbc3yH1BuqhP4oFDJcVSUCfVBsSC/FXUCw4SvFN+0ZOs4EO/ZdNbA6aypqhz8uaMC1lVy5d40GOMiXSgoGF9JC8gZmT8lQiIa8ZopGdNXnNO0p37cXQxbDA5oR1NPlQq0/h7cSwk+E0VAfGzCA/qhmC6SSQ1IC6JcKPWcCb/P18QEVFhynrybQsylhMQqnaR5RhNAugDsSCpJMKejJUMiOXxRkN2q7EBsXx5la+bFEFjA+LYIBAXIECXOrpupVtK2mBpAXElxVIwT7gQnFhGRG+yKXLhe2Soo1NP/qsojbb0AXUbcJLSytTDZ6W522mGhfKBUUO8wcReEAkXw/1tQR5Lg8nX3IRG/VrQaN9LnQGxXDQQELuivcQYIqeBnBzOSegsywb8Brm+l1hAbGe4R6Zv0NiAWDp9OtWjz9sQEJtgomhuKimaFtuKLT7dn1lPh1bSfpqEVvTJMeY20RVtacExyYXwGroylYPGBcTCd9oZ7pFcGHFlbqtV0U95bVRRNm3tDfJeWSD0Da1AY8IEwt8ZWghtBAOa5G+DhF9eSbEUZF1/UbEh3pAna4z0ia2kDFVWbKKhAE3YJmAm8yrgvwo6SwFckJv4ZmLWMukLBEoExErdISYU4ubG0fB0NIKhXu0RxTdVRaIjT6m3AH1bL/TRbaAhDhC7diw+/0sXOj2dYMtV7aEKDowwaK4His8PQYe+vpjr/yN2nH2q0PGyhGjgET5HZ05NlkAOOF0P4DHy8OzvmvdwoQdAm2sIXRhCDwCXqwEq5ovepQFzdHasbdfY1gNaSEEG06NQ703ADO9HiF4rPPr59NDneIgpmOau4L0xO3OIrk9xW4GLUuRVdzIrSQA9uKCTGM069LVHBVLwEEDbbn7Qx1XEVlQh9vfvceq3UBwvAu5Hx0G/lxc6MaBHz8FA/pk4PMdV7Pz5BM59ehoJyELMLcDKzwW6eISYm0B8ZG/oi825wxLgNTKQraKxyqOr5vMYpDwHDkzVF32vybHE5EjgZbIwOUdmIqBn2wudRccQO8G9o4p5OCkSOeiE7t1qP9N28oQlHuFeyttzWloVslZzPG2ih4lIr+j4xOElilBa57nm8EIfdd8DrE7uEXfUVfHfvgIMygLw8+ZhcGnvjH7T92G592Pc/FbKHc3CYwjw+hqCj05g+xQ9lXWfSrbDf1oFxsQsknnHr9mYo9i3sAQRo1qBy+WC5xSN7tP7Q7Mp7+08T0AGHNCuX+3YmzuNRTslE6rI4g0mdqup5LUh3aQIhu8nlNBpzDFUrr+d56ch7n4czp8KQodn8/HpN3dUllBNE90xPyIErhUfoZMeF3rcbggq/BpjnN5IOf5vi8kblkPn1nDY6XExaJXqDuwTCrFnEAf65tMRWRWE1d+Yq5yHmdgLAOBwB2H9kYko+vFz3DcJw/bZ6lFiNYmcsmiJXLusvvt4FmgrlnSO2xIoryoU8Zf92GB0bf0dBtt4YfzHgfh5Z6zE9RQmvlcNzIe4wEJN4+Bn7MDCse1hY6gNTvWR9j/xCuWv375bS9qwgZ1OrU020wH4fKF2e5l0CYm4iM8sa+dTizMe4XiFgixSgK52sOkuoqoEXZnKQaOu1yAHqWmAwQhHkQ7VgC14XYCXl1IYXfVRRT+ZtsHlcsGBHoz0AF0uBxzogWvwHG9eM6eJJsxhoVtDVz0YcmvpygTyZE2+Dn2EjHTAtouY7tTqARdrIOdhHiOZVxX/AYBVr9pgqqqdM3hIQE4yqUBnKYFXR3pgxPwSuK1NQkYZgYgQu1ApSwXzNptw9eZklB2agflnVJ/IxWTMNSTnXcCWj3vBsDgcy4d1xKA6d3Hlwc72EEpJOM6av9d0HgsU1MASoysrqf+ZHOMyYlEPvDi2DWfwEMe3Abxlk5rU2FV1GYNOiMGth9fx17VxmDI/G1FncpAQC1gMdmF0L6ttHz9oFl9DXNoF3NULxEiPI7j8dwJioh3hNkRPxBcDV+dIzDcRIY9WqzR5hzy68uGAxdepXj8Sz/aSDLzBQhWyRvkhmDBkE16MOIo7hdXzfaEv9KTICceQC723diaMYNYW0LS1gZ3YgoG1PSBIKJI02IXHsLjfaMS7XkXELleVjolzZzvOldzCt/31weVy8R73Q2wDcDrQAvZW25BTrVfeX5+G3OICZKU/Q4YgAh+0uARNmDdp5lhO3ZHrceT/qFRGWzJ4Q2V2618EXVNb8No7w3Pol9i/lYeMH1bjjyIVtu+4GOH3CfycDGTm5+La9rZ4Ew8YW5jVcXLTsXv+GrxyO4m0Mj7OfmWkQt4ywkdnCaW529FX+zt8+416sg0ztRePr+xHro4OipPPI6n8P8x81ktwMjcNZ36eCI8Wd7Djix7wcguXyEXD1PfSNFWPFa7CLaweOR2X8r9GRHIpiAhVb8IwpEluuysTENdfGRNo1va1JfzxJ9XlUT4Ozuc0uRz801BFP1XRBhOayKOrKmStKdAU/KfWgFjaKtj96EdobhuAlaMsYFS9AptZp3YJrztQmn5eVGZEFmxnDIWr2wbsDLyPE0Pn4YQaMrlwW3fD4ClLsCY8ASfmlyBn9QXGpVY69GM2DvmKNQlJcbUrGE+So1EJRziJ8zkZoiG2aDYkCAO4odi1fjN23BmCsfNVu9Jt1VEDZYhDYrkkrXXhCAcAHPSFZ+8UXNt6BLcNx2PhZAdknVmHCzd46DKImQNT1WUMnHATJ3+/CBo5D1PH3safa/5EItzh3kG4+ujcBXiy7Zpak/rIoysZu8PF7CHiz8l2nqzcgKr0DBEvCZCDTKUu9+uBKwCqtOovj1BHb1ggEbdu135WkXwB2bCXOHHAVH2rNdEKI1mTPVbO7Z14UOmLOYG9RKdFniRHo0LZzhQ01mnhIy8vD89eKKpULcDrBFSI8QahEJmPAI2uhqJVbeKfxeJ+oxHTLgoHD/aCLAlSNnESeu9HXFYK4uPjER8fj9sPNsBXE/BacBUnYj6Q3FHRNYKphQF0cAtHtwLG3kPrLbbV9EPVEBh3BU//rsQK75uMG3gmpg1JTx+6KEN5qRhtFLTmTOwWEz3c4KKOSuWVAYcqyxuyaIEiFNVdaCgvRF5eHooa8RJdc3OYtgJe/7kel+GJfj6cOu9NQ8wdoPvHw2SfFKvIadRY9czGY0YvIOtyI47WyOANJvYCAPj3AzEtoBM+iLyGL9zX4zPfczLtXGN3IIvzcvHs6dsdcXO0bNFz5CwsWPcnbhzwBD/pMP56o1rfqyGbI1eXv7yJ+ERbeAVPgouFtvCz5CvIgE5926dnAQHKGuBPLrjNFNvZU6Vuat6xP8xxFZFqLKXKVA6YzBfpc8BFqZjOF7OvdkDxidrdYAHSkXoXaN7fEUZN1E9F2mgSmsjhjYZkTf6ioj1sbIH0u2JjrbyJuEzAwsGsyceada1Wh2s+jkcquqKTY+ODapkBMWk5wNosHYk77yC3vFyCGaw6Afz00zhffX71+ZlZ+P6U5O8tPt4HH4tQfO6zFedTHyMvKwWXdq/CjmvSFYXrd5fxcacwfDXglMpWLQTIwfG1i7Dj5D1k5D1DbsZB7IsCWng7Mj5eYznxKHwsQrF45EacSn2CjCdxuHQwGPNm7FawfulznAr4HIdTnyAz7md8thawGT8T/SRWB3rDGFdw8liOVKWpiUGYNg04EhiKEptZ+EDFZ4SajQuHl0EYvpt0GHeyspB6aR6+CNVE++qdaA1YoGd/4M7WcLw3zAvGblPQJWo9/irphb4uTAXLDZ6ut7Dvx1L0H2GOzt5DkPvbDrwyHIjuusLV/BHfTsR7GXPg980pxGXkIyvhGo6GzcWM4CSVjVUeXTXgjQVfaiBhxVjM330bGfmZSL15CruCRuHHY8I27McFwxa/4ecjwqyCzy8tRegdZYTQAtYOwNODp3G7qELCAJDxJMzo/RARn64Q9jN5NxZ+egHv2czEcAXpX1UZhonmFujjGaX6oIahrDU0VnQcDlPcRuRlobbhZ27GsjVApTKLO52AkqLTOJjxup5BZYzHKzG0jTmGzFScqN1nf4HW+AFLvjyHlMws3Nw/A99HGsNjoRf0qoPhFf0H40RBMIK+N0Z+ddB6P/FZPcMbNdsCDpYTpNZG5ecn4X58HFLSgXLk4v7de7VtaFvAuh0PPJ7wr0M7UxhVAVxTGziat6imWxJOhITiyIWbiL98GKGj3fBdqidmBfeS2GUVIAkb37eAs+UqXFYx72hiEKZNAW5+uglJfGEmyt/XXMDf4gGxsTucTW8gcmc6ygDw769CaJTiPCHPbjHRww07WqqTVyZoiDcaxJ1VmPnJFuw7cxnX78bg4qFvMf6TOLTApHr9fB5hD1tzHuYeldJOSRrux8chIYOPUhQh5UES4lLvi47jVVwOxfd7IxETE4OLe2dj9JSbMBkahI/s6zZUBpQCVc1kd/nWF5Zoa+mJEKVrFXNB+gBeNyKyl8EbTOyFAJEI+mANaPJ2/NyvGwIOBcPgzBTM3lPI2PdivgB/Bd92tUCPthsUyhrelHhweB7W7IlGasYz5D25gwO7LqACTuiko1rfq0GbI0+emzvA2jQdCaeEegevb2HjF2HIkuI6a3f7CKY4ifCwdDzLKa63gKQBO7j3BJLXbcO1zHzkFimxuNMI3SRoH4jPRiVgz7iZ2B71CJmPUxF/dStCPlyKP1S0+8BEDpjOV5WxO5yN7+HUmnPIyHuG4oJykRz3nTMSVPQtPvntDjLyMxG92Rdr7zhj4DLXJuunIm00CU0a4A15sibfRvfB1AAgYe1MrDv3CLlPr2Hf5ADEwR9+kzhNO1YN4OH+JVh9Lg25Oeew8ZO1KMAsjPRQxaJCA8g88wF5WmkRF5KJOwRVifTHHCeyNjGhdh141Md7A/02T/KSe03myuVjbMnaQIu4+tbk+n4gnXwqmWBAPMFLWepy6oWWUhNNSMO9QBBQ/6+mHwIqoEshvcndsRUZ6uiQvjaP3h+5hW6/UDwD5/LRncnaQIt0m5tRu+4+NCfklijLtFNNYqXTnci2OglESbiGKAEV3Z9JnTCA5vw2lTxMQFx9a/Iee6heErEqyqbo5Z2J10KDABkJMRL8yBHNlEjMIEzmIsp8TUSCkvrJIYpur6Pp7kbC+TJwodEroiSSVbw54yJKdlOTJIt5sqvaRDY1yagq6RjNfK9+IoO8aytoQk9rMtTRIa6+NXX1mk7rz/yt0rE2SNdq/rmxbTQN4BmSrq4uGVq60IBRgXRYLCto3vk55NOhOZlYWVP3noG0cJjiSbWIiMoyQoXzDhAHhjRePNvqi7/ox9GWIjnq472BrrxQPHGAIH8VeXBArpNvk6qhiKzJHmsZJWzzInerlmTalkfdXP0pbPMossEECq8j93V1Tf1EKpfpl1GmZKYr1AmKJsZqTFIt0c9PzaUhLi1IV1eXjMw8aKoYb9Vknq+ru1piosRY5SVOOuHHrA2SkVSritLo4FQLIW9pmJFTN38KlZKFv5JiKchGmM1RHVnMqwSx9Pt0O7I2MSFrO3ea+JUfdauTUOXZ6cnkbq1LLdoJbc7Ps6Qn1ZLFG0ztVkN6WJ7NkS+vzHST2pNqpYXRHF8X4pm+R7q6usRtxSMvX+l6JX9vS9KDgaROEvuOW2cuNGEtSipWfnUZDeAZkqGODhlautC4WVFS+aeCjtEkaDWQXEWYSMcAvrSrEckEI6eB7LqeVDrJZkO80ZC9EFABRU4F2SJYInFZ1j5LssKYepmmZfleb0NSrZpEVvXlQLc26Q6DJHiZp6fSEA87MjXUJo6mGfH6+1P43UrmvpdYX/ovSFPevspB0dVAGuOsTyZW1uTI86HZe3+gYTCTmsT1xiZ3EW9ItRs5+8i/Z3Ol6doQ/+VvE1YiuSmeTIwnmQFaUJVIfyzsQc4mesTVNiBTOw8aO/Ug84S2DOjKxG9iOl+5MXPI00pLij9cRvf3fEgDHLVIV1eXLNr40Kfh2QrJtSr62VAbNUm1RvxQSlWUSCE80Pi91bJppS3SdfJowoSu8niDiawxkfvjC7sTz0yDuNoG5NTNn8KuVyrGG43kv5qkWkO/30ITumoTV9uAOnVZVI9myibV4hARgYWal0JnoUuHbPgXnlE6+YloQf7PnujqY4815eEYr8NOLQvmeHnEAe19HbAy+zQ+sWDng4UCC6fPv8X7JutgvDMX+6fosRPCQqUovjEZA93vYVRCPL7sIm3H8xa+tnFDZNfbuHhU+bv2iYEcDF6zCDsL1uF9I3beWbBgweK/jpKSkprNZxbvBMoLUZQdhR++vglD7wCMYoNhFgqBjxvHH6HdqNWYzAbDLBTEqyu7kIkVWMEGwyxUiEocwCRNDsyG3YLRR99hZhfpz2k8P4MbmYMxM7Rxiec6frEP4/vvxWRzDuydT6GMJQELFixYsADA7hA3BVSwQ/xoHQddlhjAussK/HJxCbu6zYIFCxYsWLBgwYIFCxZKomaHmA2IWbBgwYIFCxYsWLBgwYLFfzIgZo9Ms2DBggULFixYsGDBggWL/yTYgJgFCxYsWLBgwYIFCxYsWLABMQsWLP5ZVOEKlphwMDb07Uz3IkA6NvbjYMDyXJZYasajdRzo6RjC3mYi1t0QqP19xTGz4eNqACNdXQxaVcgS4F3G4+Vw43ji5xz1vaISkZinx8FHW9jpFgfxzyLQxxiGehxocswx+/i7N4ao6cKkY+86nodxYMMJQex/iP8qsQPjOLaYf46VRRYs/nsBcdYq9OX4YGeRmgMVGw5m7FO+jVuLOLC3Owy1upqXuqAtZyaONPDIy72aaM/ZqFBxe4WCJrqFXYt7wcVUX+TQb0qoCaiSEOLIAYcj/sdVyKmqwi1s9XOGi00z6HG4aGXgguHTDiFJVIucj8vr+sCT1waGehzoNbNBN+8gRDwUb4WPu3snwNPRCFwuFy1tvDAnNEltWUejpnPQc/SdtzsYrwzFcI4dlsTIfoYDI3QdPglD3NSb5lxd80UoxI29H2OMhx3MjHSg18wGfYaG4PxTZRcIkrCxHwc6HFd8e1fsPZXpOLHIDS5mwqDWtuskrL/0WlJtXQzAhKFusDHURjOOFzY8kmzbfjGhtPQOvum6D1tmn1FrRlwBcnDw89+RV7UXyUXlOPuVkUI0ESAJIW7qXyhhokPVrd9UYXOYyFpTtPG2QB5d36Wxpm0ajO3npuJwRgn+LsvE/0b+M3LA4t2zr6px6u0wZOpYeLZ7t2W+qfymxtqLpqArU/uq7vl6dv1LTPQwgZGuLoxaOcL7k3Mi+t1aVNevF/61U2BBSoAcRIcMhocNV+iXm/fCxFW3m0zPabFqioWqHeu9Y9yw9NYMLN38AzzttZGfkgxBnVoZ/aZfxc+f6guDB64ezKwUew/XbAqWhnaHtbkB+DnHETz3A3w08ByuXfUCF2VAs0Hw+9IdX9uawrAqEbu++gifteegLa2GG4DyG34YM+k+XH89h5QxLVF8ZzUChg/BbNMH2DWWLS3TUEDcd+ke9H1n+TMN0eFP0W7sWszu1g6Gglj8vmQ+ZrYF/qAlcFOoNT6S1vXGb1ruMAFf4pukr+ww5ScfrIh6iEn2FWCWtd0AAEFgSURBVEiIGInZAybjvewIUQ3o8hccmPT+BGu892PpIum5DTlatnDvC1Qcy0MOADs1zQshB5lPAePpvWDOsj8LFkojMxFoaT0UA82as5PBosmhgb6YtaMvOxEsVIryhI8xtNdfMP50PY6s7wxuZRoepNXquE7LEpE65Q3KwBH6Wjrp2DZqLO52H8rYr3qxrzN8P2+HCfuTcMRTE3nXF2DiaB/Mtc7C/qYo+Uh1IHgWTANhT/OixD8to8hpoPY2h6iAmKGK0uh44AByNgVxtQ3IqZs/hd+trH0gaxl1xwCaveMzGuJsTgYGBuTiuoVulYn1pSqRds3xIJ6ZBnE1zMipzyLJNmqQuZL6YAjtKCS1oZKiabE1aPpeGWMN6i4aq6mdB43/MUn0ffRcEFD/z3nUbeE4qYBubBtNQ5zNyUxHm7itePT+yC105UWdF93oSzaYQL/e+IkmuBuToY4OmRpMpF3ZRG8i2hBXyjvaIZju1WmmJFyDHLCBHskcbRkV5eZQTqkSE5XgR50wgH55KIsvEimYB/JeWaBS+txbDmqLILop64GYYdQWnvRDdb9iF4JsJOagjK5MVYzHFUHkNFCPanpLyBsV0KWQ3uRsCtLX5tHgH4JphgXId5Nw8ivoLAWYgSZsE9T+6HQnsoA//Sk+/kBQmw4b6EzYOHK31iWutgF1bruF7lXP+a45HuRu1ZIMdXTIyMyDJi6/QtliMu8lhXeaw4c2F9bQLZu29Kn5Tpf6L8upP8gXf9EPExzJ2kCLuPrW1KcOD+dvA7Vu5U/rfhpCztb6ZKRnTT7Lr0idb1nzJaJWUQ7lZRdRqQpoU37RlYzhIeINpuDHz6J+WESRsbOpI7rSqgQxHu8u2f9KiqUga9DA1TlSedOhAZl5vAlk9V5D8qoa/RZkDRq6rkAhHq6kWAqyqc87HBjS+L3MdHkVXaagjiCPybdr6Zm5krxgT5MPlTLSoU2m3+TYHHm6nImsyQOjNqrt68oja2mMsz5xtRthX2Wggs5SABc09PstNN2dQ1xtA+rUZREdfsDcD5BrGxnOV2HKeprubkSGOjpkaOkiod8ehoBauPrSmPb6ZGowkULC5pOHCcjaahFFKqLsG9RvZXTCr34/NWBGnxxj/oqm8iWqBLG0c5EHOZvoEVfbgGy6TKSfTr2SkHW7ridFbcYGgtoZTKQ9DxgOhIF/1xBvlIRrkJUMe56/T2i77zHoRv42kJn2Ytq2Yzy5W4O4+lJsjgy6VlI0LbYBjftFIJ33jUFTDwhUI69yeJiZPO6nSdVta4NXx4ev9SWGrd5NcwdYklmLFtTOcgZti2fOf0REZTn7afkYWzI11CauvjV5D90tQVd5/ogiulyeH6AKNGQvim6vE9GEq29N3XsG0smnivhNDfteNXO+oS+o19yT9MciJ+K10CDd5mbU64vbjO2ruv0mARXQ7lEgZ++rzH97fyZ1Q0+F/KroOZJ+eSXFUlAnUJ/xSWrlgeLiYiouLibUV8jZtMdbcuCVtJ8mNtOSdMrl4O46kCF8KCTqIaU9vUq7x4PM4U9n+bUK00UD1LHPHkosIxIU7aMZFrUOYxVl06ERIGunIDp8+zHlPr5Nf8y1oHZYRNH8Oi/L20Qf6M6hfeXqdBhjKdiDR8uOShGoCHsygQ8FX3lKuc8yKPXybvo5rL66jl0IsrOtH3BVUTYdW7OQNh+8SSnpeZSedpKC+4J4Peo8e6MvmXNMya6bP+1JfEVl5YV0/8JJSWN3sTO1wQyKaIj4Z94n9z57ZDuMWcvIRVO6gpKHx5tArZ2CaP+6EeRu1ZLMLJ1p2NSDlFgmGRC3MDWTqSAURVnOflrUGdSx60npwezLRDroB7LAIhH/Rc8B2WKrxBxEzxE+c0kN/BO9EDT06/pC/eyIE1nCnebvf0RpT6/S7xNAXOgqFRDrmFjTgN676Wr2GyorSaMbJ8/TIyKqorO0YdZPdCQqgdJz8yjl2lrybVM/OKus2ETDYEuLrzfssG3oi3oBcRWl0ZZBIAunIDqZ8pjSk3aRfxchD2eLOSdcDTMa+nUSFRBR4d2PqBu6Sn2frPmqwQk/xYKIBg1ihD2ZY4xCC2pVdJYWd7CngPMCogS/+gExD+QmpsRrPuvQ61x9gyIvIA6ru3ijpgU/Y9CIH0oV5mHxRQBpCyVMdHlZyrfUCw706QmBsK1uoG7j6htfWTq0qfSbPJvDVJczkTW5NGuojaxl5AI9cui6iA7FPaDk61/T0NZK2teGAmJ9kD586NuoR5T+MIo2DJYMVuT6AQzp2tBYq8r30UQDkNvYQ3Q7M5NSLgaQl66maKwPQ0Cm8KfjaRcpsAfIzDSILuedpsU2tQuPTAJVefpN3Cnt0Ouc0rpI3b5EFaXRnvdBppYzKCzyIaU/y6Drp1bS8t+f1guIlQqGGfh3cnkjaxl1xxAp+l24OePsfZVRN2psTt+xh+hqairFhHmTHZxFfNQQXZ8Sn074yVjIzl9FfdCf/petGnmVx8OKoIK201jYSA+IzYWL0iefEgkq0mj3KMlNAHn8V8U/SjPMQL2nHaJryVmUce8kBQ4AOfc6J8GLDfkjiuhyeX6ASoIhGfaiZhHbfdRJup33jPJSb9Nf2zeKAmJGdGXge9X4VC1bONOo765QGr+cyp7foqNnHzCyr03hN1XSMZrJBU34dTct6m9GpqamxPOYQOsuvpK56Bw9B9TeYI9Cvn1JhBu1gw8F33wtXCRKmE290EXoZ/0TAbGQQXqQLWbQUX5tJ9tKMWINOle2ksSrrNhEQyHm2GctI1e0l2CiyGkgJ4dzotWF7hggoXAqaT9NQiuFVlybAg9DQJYN7U4qoABq8OaMC1nVCXroRl+ygFXDzMEgIGZkzJR0GGMXgtDCjHr23ECn4u5T3PlvaGhroVEprTbYZzdtpIjzN+hOwnU6EjqMHDU1qM/4JIVXrWKDUL0rrksdXbfWW6WkC33JrHpFzdRyBu1+VCkheK3hTP5/vhCtzvq2BRk3du4UQBVl025vUEexIKlm1VGZgNgYE+lAAXM6ObY6KTHnjQmIBfmrqBccJIxw+UVPsoIP/ZYttlovpldqDE5DQZi6A+Ka3UlpwVdDq6XRc0C9an5TJyCuMQatNWfQoUeVRFRGWRE+5KgtQ/7lBMT8mJFkjwH03cXXauLEMsq9MaWePlZsHhsw2Ax1+eNtFmStMYPWLHUiKwRJDcwU0aHq0G/KQJoub4qA2BVtacExyUBClfa1ZodYfOGHspaJFrkY+QEqCIhLwjUk9EpNezWnox6GgDp0Feq66Lmgjt5XqWZHt/+CNGYyz0C/qSIgbhJf4v5M6ihjIVJ8DJZ999DlICWCYQb+nTzeqKCzFIBm9MkxoW7ZPcuPNp+rpCpKpBAe84WM/G0gE0wULVzVvLfG5sij6+MwkAO2UjYRFV0NpJmzT1B29ZzaMKCTqnhYZQGxmeScl0TYk6XYJoA8/svfBrKv26cEP+JhgsTiIBN/RCW6XK2LxMIdd3m8pqgur+t71fhUdoayg0emAbG6/KYa2TQy86CZu25R8oNr9Ic/qKUU/Sda4GnBXE7FfZGEsB5krQPS1dUlLfBo6pZstdO6JiCWmlSr2ZAgeHLDcCCcQCjEXztiYT5qJrx1md5He4SMdMC2i7nYbeUecLEGch7mid11sEBbsYv/3JZAeVUhygC8TLqERFzEZ5a1l7O1OOMRjlcoyKK36my9/dhgdG39HQbbeGH8x4H4eWcschXMgJN/bgUmepjAUE84Vh2fOLxEEUrrPKcDV3TrzVHvgNqtwZ1KQtxRV6V+rl/iiBkR8zDUuT2cPb/Gz8uA7GPhiK2mubd/AMZ49oBLF3eMnnsSfywVIH3/JlxW8D2d56ch7n4czp8KQodn8/HpN3ckEw/13o8LKSmIi96DmfZh+NFzOxJreHzMUexbWIKIUa3A5XLBc4pG9+n9odmEfENIR3wa0LqfI2puR1SZdIWjmXLtNYcX+hhJe08hbm4cDU9HIxF/uf0EvKkqqnPztRF3i5MikYNO6N6t9jNtJ09Y4hHupdR+pglzWOjW3EfWgyEX4PMV78Xw/YQSOo05ho25T5yOiPH9cPjlVuzc3QtMb6iUXPoQ839dhG/2yPoNF71/+gtL3w/DR/Za4HIN0X+FK6Z9qFw/tXtuxhq/i/h2QDOYcALwlwp5sBIHMElTD+Y9D4AzNBRB7qrnc6a63HJGNFYPDMPKHw3wybXV6KP7duo3Vely9d8ltINN91qeVJd9terlKPp3VTtn8JCAnGRi7Ac0FllJAujBBZ3E+KVDX3tUIAU1eRQ1S/WEskpAM30uAC70CCjV4qtUv70LvsTLW9vxAt3gLUfWs+/Nw4h1AIpdwGurDP/J9u/k8YYmusN91Gvcv54LzvMIhIYfwfZfEoCKm7ie2h0evZnfJ9SGDex0amyOEcx0am2OPLq27eYHfVxFbEUVYn//Hqd+C8XxIuB+dBz0e3mhUxPysKrQsn2tg9GcywWBL/Kb5PFfQjTwCJ+js3jipK4H8Bh5ePY3M3/k3bmLPQhzFgIXA5zQc8QMLPhuC84kvlLQx2Pue5kPcYGFmsekrN+kUc0DVp1DsGFyNzg6eMB30zH44AyO7a+f8urF4QBcLpmBKTMVu/dbHLMAc5dyMHzrLcTfjUHkPifc+3go5p8pbSKaS4EmBmHaNODOL6dR8OoAdhy3Q99lrk3OkC3hjz+JQBJ/fBycz3m7JMd6CU7mpuHMzxPh0eIOdnzRA15u4WBa8YLyQzBhyCa8GHEUdwqrx3mhL/SAepllOeBCV+ftVSKGloAhHGElJtlWtm1QiTzkvJH+mw792qECucgrUuxduqa24LV3hufQL7F/Kw8ZP6zGH+JtaFuAx+PBuc8krD6xCW2fLELw8Vpj/f76NOQWFyAr/RkyBBH4oMUlaMIcbZpwvrgCQOu9Op9VNfybCo62dKfNkCs1QHt1pAdGzC+B29okZJQJ+St24T/DH9qor4kFmvwm74cwGLZDYHQwtjyYiY5c5r99eCwK8diEEQbCTIhc9wNIQgK+6qGHHkuShbTgDsLnfxIKi3KQ9agY6UmLYZEPcO3MoaiPUHFjLpYfGIAvL75GFm3CYBXOgxb8EF5VhrwLfqDT/vhOTZkyGeny8ns4nwlAIwOxN3PwLkIRXf5P452xrypAlXHNaq0YrfQB3ey3rKNN5EtoQL7CM3jpi9/jjuJ9i8/x2fTkJuVfDozg3hfIO3MHT6IOAZ8sgU30OcTHX0MyeqBz16axOVVdxqATYnDr4XX8dW0cpszPRtSZHCTEAhaDXfAu5h/kUuP4z872EErr6I3XdB4LLJj5I+8KODBCn/WE9AdbsHC0EUrOL8MHnd0w7wLzBUNFfC9NU+5bOxeC5q1gBMC4j6MYTS1gbQ0UPC6q41sl4UBIAYzGzcQgBRa1aypdFLusx4+Tu4HX3hkDxodj+cgEnJl3pkkyTcsou8RFn7l+0E3Yhl/DtuM+5mCauyKMZA8bWyD9rliK8MqbiMsELByYbX8179gf5riKSBU5aPziXDzLKVaf8GjZoufIWViw7k/cOOAJftJh/CUtACyor4g5t3fiQaUv5gT2gm21TDxJjkaFUh6ZIRrvzvCRl5eHZy8U/2W77p7QRgayxDRoXu5TaMEMRjIC+fuXH0Mb5jCra7fKC5GXl4eiMqYCVYSi0oZG9RIVf9dRZrpGMLUwgA5u4ehWwNh7aP1V34ocPMspVrlDoIGO4DkAL2Jr5YRT+RApz8VlSQ9cfeDV37V8U5QTp9B77kc/QnPbAKwcZQGj6lXLzAZqDJS/VoLtOnrDAom4dVts2pIvIBv26OyoenmrkWdlaCJAOk5Pt8MXF4Kw/d6SBnYipctBp5VpyEyJQ3x8POLj45Gwdzjs4Az/g0n4Y7mTpCY1MIdpG10gfxu2X9ZEh9EuCvc3P/k4qjAWfv31ZTgYfBTn5SKvsFxZFwmtB3wMT+MHeHBZWS7XA1cAVGmVKaXLBchBxNTRiMnfg2tneiLxs0miUm1MdGhT6Te5dkBBXa6MrKmiDVXa16xrtVukmo/jkYqu6OTIUdwPYEBXaWO16qiBMsQhsVxS5+nCEQ6qWuhoQv2mbl+ieffpMGJA+9adfPEhbxTW730fufsn4fMLqjuZx4Q37PsMAyfhNH46pYHu0wLg3SUc2w8lo8rGCz2aiK4c9IVn7xRc23oEtw3HY+FkB2SdWYcLN3joMshIZfLaFDysCv7r0A8oTT+PK+UqelljdbmCPqIyMHB4H+NnrsO2c5ex1jUVCb+nMKaror6XMva1KfwmDjrB3RV4fidD7NMc5P0NtGwn6bhrPPgJv97pikGLZZ+6K87LxbOndZmoEEV/14xWzDvRE/JJUyzIyaxDLOjyJSbzjuDbpQmwXDZJoaMhmuiDqQFAwtqZWHfuEXKfXsO+yQGIgz/8JjEL1wTtA/HZqATsGTcT26MeIfNxKuKvbkXIh0vxh4JLBQIkYeP7FnC2XKXwsVwmeHB4HtbsiUZqxjPkPbmDA7suoAJO6FQnALTqBJQUncbBjNcoFw/cOg6HKW4jstoZ5WduxrI1QKUynbHtDWNcwcljOUodRQUAPF6JoW3MMWSm4vXMtPovxzjbM/jpo204n/oYqdd+wWdrActRk9APAFJCEPDxFuw/dRNxd2NwdPNwTPkBsB0fIPxeDM8j7GFrzsPco3W+uLMKMz/Zgn1nLuP63RhcPPQtxn8ShxaYhOEWgKD8GILGL8PmiGhcj09ATNQ2LB4VgFj4wmcIR8QTJ0JCceTCTcRfPozQ0W74LtUTs4LrC/GtLyzR1tITIXdVvwI5aq4bXhxbja0Phcoy7usAnIeuRNA8wA14uCsCaQCIfxZr/6cYb1h1Avjpp3G+ejfk+ZlZ+P6UFOdAywHWZulI3HkHueXlCikgMp6EGb0fIuLTFTiV+gQZybux8NMLeM9mJoar4RxQ1GwLOFhOULgOrAA5OD3dDlN2+mLRvvFo9lgY1Mal3q9/NFGGHHCb28KK5wgejwcej4cOts3ABcHMyhbWrWp0+zH8/uMBXLyegJhzGzFz0Oe4X74MC8WPEJWk4X58HBIy+ChFEVIeJEnvRxkgeE/2mKoqwzDR3AJ9PKMaNafcZkCVFl9JQ2IBawfg6cHTuF1UIaHfmOjyp/t7YMmBMViWPAnOg7Zj+5yLWO8cgtt8hjq0ifSbXDDU5Y2RNVW0oTL7qgE83L8Eq8+lITfnHDZ+shYFmIWRHor5AfLo2tBYm40Lh5dBGL6bdBh3srKQemkevgjVRHsF/Za3Qb81hS8haB+I5e8Lab/t2iPk5Wci/twG/BAufbu8Rf8/8OvceBzymocoFW3TMOENgetYOCEUEeFeGOZsgf7DE7D7tySYTHKBURPRVQMW6NkfuLM1HO8N84Kx2xR0iVqPv0p6oa+L6uS1KXhYFfxnOfEofCxCsXjkRuF8PYnDpYPBmDdjt8J1fFWiy2P6w9HcCpM2q37/UIBIbJrxKyLuPEFeXh7uxxzEkSRNmPS1YUxXpr5XY+xrU/hNGuiIUQEWeHpsHuYdTELGkzicXjwLp175YNR4I4nF5is/bUMpZsncRK3CFXzb1QI92m4QXWEUvsMOA3yA7MgVmHcwCZmZmYg5OgtfHQTs5nip/Ti5kJgN4PEmkBE8ZSZ7kZeV8fjC7sKSDtUp9cOu1y+7JJ7UI3qR8JK9KMFQVSL9sbCHqDSAqZ0HjRXLWMz8crwwdbm6MrVmnp5KQzzsyNRQmziaZsTr7y+1fEUVXaZfRpmSmW7dNPNllLDNi9ytWpJpWx51c/WnsM2jyAYTKLxOUq16n0lJ1BS9vDPxWmjILLuk7qQzZenbhWn9dbRJX5tH3mMP1dIsfSNN6GlNpobaBOiSkbUn+a2WnmU6f29L0oNB/fTyaWE0x9eFeKbvka6uLnFb8cjLd4Mo23aVIJZ+n9qbnK1ak6GODuk2NyOX/v607eYrCf48ONVCWGpBw4ycuvlT6IVXUi/5R04DGcCXdqnhbr+o7JJVa7Ju24F6z15Evm3rJCNIC6MZXUAGxtbUzdWftq9/X2pSLTvDPVITVAiqEumPOU5kbWJC7TrwqI/3BvptnvTnM898QJ5WWsStWxbiRm2CMvE/iSRkL/6iH0db1pav8N5Qr+ySNYJFCTtqMi8rk0lT2eQQFXSMZjavPw5NWNdLQsJYDuol1SKigqO0qL+ZsPRJ9Vyce1Kfv7kM+vEwpH5G9LoJfzw4INfJyieJqklw1phyaGUZocISFTLKLsnU5ZkryYtjQR/sLpDIzrnYpk4ppgZ16NuSVIuhLm9I1hSxPbLaaAL7Kl52aUJXbdlllxryAxSga0PzJV4eRd/AhUaviJIou1ST5Cp6UW3W4MhpCpbzkKPfVJFUq6l8CUXKLhERCcr+In/7+tmEG5IxefwnjzdqEgmJkk7en0lOaKdQUlVGNkcOXd+ccRGV5RNQAR0cKdTHyrgDyvIwE9wLlF7OqMbOM0nQyYT/ynL20/LRncnaQIt0m5tRu+4+NCfkVr0s07L8EVXq8pIIe9KHGaPyVwrHMIJY2vJhV3K21iddXd0GK6LIoisT30uUqFROgr+G7GtTJCOtomy6HDyInK2FZfzsrCfQd3/+LfnMmzDy1Wy4fGMlRdNiE+mxiaAijY5/1l+ol6Crkio0iiTV4hARyTpWdmuRHiaF7cGFoklNE52rK+h//i3eN1kH4525TVPcmcW/BlW4ha9t3BDZ9TYuHnUFyz0smlR3VaYjfJwdVmeeRFz8MKn89/KIA9r7OmBl9ml8oqSiFiAHYX0tsankJE7HDIM5y+gsWLBgweKtBR9Xp+lh4s5gnKIlTbqTzuLfhZKSkupdamkoL0RG/P/wxQZDuPzi+04HwwDw6souZGIFVrDBMAsFofH8DG5kDsbMUDYYZtG0eLSOA319V3yTMAEf/+Yj8/7wjeOP0G7UakxuhKLWgAU+CP4EZpoT4WSoi0GrClkCsGDBggWLtxJVSMSZ84DHzgA2GGahEtTbISYUInxQS0yNtEbvjzZi/+5h73xAzIIFCxYsWLBgwYIFCxYsWNSgZoe4gSPTLFiwYMGCBQsWLFiwYMGCxb83INZgp4IFCxYsWLBgwYIFCxYsWPwXwQbELFiwYMGCBQsWLFiwYMGCDYjfdrzcq4l2nBVqqSWsEtzsB3vOTBxh+apxuDseNjraaGneC9M3pKv9dcUxs+HjagAjXTaZkDpxcjwHHI7wj9f7PDshbwMeL4cbxxM/56jvFZWIxDw9Dj7awk63OIh/FoE+xjDU40CTY47Zx9+9MURN58De+dQ71++33pdgweId0gFvsz1PDOLA3igcrGfXODxax4GejiHsbSZi3Q3BfyUg5uPyuj7w5LWBoR4Hes1s0M07CBEP1dOBKlzBEhsOZux7uyfq1iIO7O0ONyxUxn4YM64/2qizI1mr0Jfjo3BhbUbI2w7/oTxYW2iDy+XCwsYL09bdVl6RPAvF2NYcmHMWixwPEiThj8AR8OS1gZGuLozauGLc3FNI54v9rst+pL/Jx6Ulyfjr03X4S43TKUAODn7+O/Kq9iK5qBxnvzKS6jy152yUWXieEW80Fpe6oK2cxRZ5/fyn5XX4fgIRIXLau6Ecm4Su8ua7MhTDOXZYEvPPtvGu0ORdGmvapsHYfm4qDmeU4O+yTPxv5L+Th/9N/WzKgF3duryxvkRTyRoT3oiazkHP0XdU7x9UbMcwTu1Cbs2fBscIE8OE6XcIhbi8yRc+vexhzuXAgrMCsYq+KOcYfpzpBhebZuByuTB3Goo5oUkoE/kpSQhxrNsPrtoWGZuE/xrtuyUhxI2DActzG3yuRe+5GLyQB+47Kq/PLszFGA87mBnpgKNrBNuuk/D9Xy8Y/55QiBt7Pxa1odfMBn2GhuD8U+Z+OwDYLyaUlt7BN133YcvsMyLe/DdBq/7klQHNBsHvS3d8bWsKw6pE7PrqI3zWnoO2tBpurK2SDZsABB98h/v/Wg9WAwPx0+c8WLcSIP/KKiyc3x/T33uCo7ONFFRW6QibFIS/nR2geU7si7/P4Fh0Gwxa+gm+cjIBJz0MgZ8Mx4S0q7h4tpeotAwHRujsPQQtkIucNwB01DNkQg4ynwLG03uxtVdZsGDRZMhMBFpaD8VAs+bsZLBg8RaCoz0am1KdUVTGEX325vpHGO3fHoN9OSKfuei1KfpP+h6+jn74NkyJgOr6dvz50g8LQnqgQ9sq/H18KWYHDETRexnYL1YutN/0q/j5U33he7l6MLNiaSQP7YaGYtPQd5gHq9qix8f/w8cdTWCh8QJ3d/ph6ZBcaD08j6X2THzxNESHP0W7sWsxu1s7GApi8fuS+ZjZFviDlkjEdDL99pq+aNnCvS9QcSwPOQDs/m3MQkwQM4zawpN+eEgqRyVF02Jr0PS99b8rS99Ocz2bk6GODjk4+NPmL12oLYLoUvX3+dtA1gimm9X/r6JECuaBBq7OEbVRRWm0oS+o19yT9MciJ+K10CDd5mbU64vbRET0LCqIxg9wImsDLeJqmBGvvz9tvVsp+n30XBBQ/8951G2J+bGp/twYMyhCyjgLU9bTdHcjMtTRIUNLF5q4/AplV39XQWcpwAw0bPVumjvAksxatKB2ljNoW7yUhjJXUh8MoR2Fsue0KDeHcgv4jaZNFaXRlj6gjr3OKfzbB5s0qNeAk3RjM8gSi0Q0k4bYhSALac8k+FEXjKGwclIbKimagqxBQ9cVyHymJFyDHLCBHtX5nAlvCKoSadccD+KZaRBXw4yc+iyi8Gr+ElABRc4F2TXbQPdEc36ZgjqCPCbfplIiehPRhrhS3tEOwaLfyOunmERRUW4O5ZSqR14bGqs4IqeBOsjgqQbbiBlGti09aeRwM2rZwpmmbfmFpncFtYAnrY6pqh1lzn5aPsaWTA21iatvTd5Dd9Otsto5OOEHajdoI/0yvj1ZmTWnVq08acHuF4rJ/Iu/6MfRlmRtoEW6zc3I2mUM/XSuivE8CqiAbmwbTUOczclMR5u4rXj0/sgtdKW6G4JnweQlpQ/N4UObCxm+g0kbWcuoOwbQyiNraYyzPnG1DcjFdYvYfDGnqyxU0FkK4IKGfr+FprtziKttQJ26LKLDDyR1zfHAAeRsCuJqG5BTN3+Jd8ijCdP5akgPPwwBtXD1pTHt9cnUYCKFhM0nDxOQtdUiiixQQEhe/EU/THAU2hR9a+ojRtca/qvbTw2Y0SfHFNPNx4O6i+bL1M6Dxv+YxHy+5PCf6D2CWNq5yIOcTfSIq21ANl0m0k+nXknIsl3Xk6I2YwNB7Qwm0p4HzMbBRNbk8QYTyPMliMooNcKPBvAMSVdXl8wcfeiL8KcK28uGaCKP/xTT5SpAQ75EA/qNiaxVkVBnuFu1JEMdHTIy85A61nuBoDYdNtCZsHHkbq1LXG0D6tx2C91jqofF+LCHlM9F4BdQbm4uFZY2bsoEVEAHRwp9ImlNPQwBtUWQyCdV3vdKpODutXayxrf1XllATYGG+C/v/Bzy4YG4GmbU3XsD/egrbs+F+q2j99XaOSvZRMPQiRZfF7cJ22ksTGja/hO0fIwtmelok76BC80+IJCrmyoploJs6vMFB4Y0fq8kLWq+szPcQwXS5LUhvVJtG2fv+IyGOJuTgUF929iUvpf43PkCNO4XgdJtlF90JWN41IvpmPjtjzeBrN5Ts25qYhQXF1NxcTHJD4hfJtJBP2HAcpav+o5UUiwFe/Bo2dH6nwd1AnV03UpXM7Mo9cx08ngPZK5kQNyyhTON+u4KpfHLqez5LTp6Vmix7x8KoM+3RNK15CzKfXybji8yprbwrzfW2IUgO9tD1KA6utGX7KQExFXl+2iiAcht7CG6nZlJKRcDyEtXU9TPCjpLAeag1q386eRTIkFFGu0eBWpvI+V9eZvoA905tK+8gYDFRHrApBjKKOP6l+Slq0lD/pej2E9TvyBvTKMDBULhaTggLqPouTIE7P5M6owhjAMApQM8Y9CIH2RrquIz75N7nz0yFYAs3qiibDo0AmTtFESHbz+m3Me36Y+5FtQOiyiaXxsAL+oM6rs4iUqpjGI/A9kiuL7SvdiZ2shYbGHaT8paRi6a0h2Kxsork7HKC4jlthEzjOzhTp9eT6PIuSA9eNLa+Ed0UMwAV/GP0gwzUO9ph+hachZl3DtJgQNAzr3OVdNHaLB14EGfn35NRGWUEGqooMyXUeQ0kIVTEJ1KyqfczGSKOb6Btl94pYDDk03H1iykzQdvUkp6HqWnnaTgviBeD8n3VVZsomGwlXAmFKZZQ21kLSMX6JFD10V0KO4BJV//moa2rtWhitC1wYBYH6QPH/o26hGlP4yiDYNBNqhdCLq7DmQIHwqJekhpT6/S7vEgcyX0cENjlaeHH4aATOFPx9MuUmAPkJlpEF3OO02LbUC+m0oZ0jWNtgwS8sbJlMeUnrSL/LsI6ZqtwMKQXIc1wp5M4EPBV55S7rMMSr28m34Ou6eQbpLHf1WURnveB5lazqCwyIeU/iyDrp9aSct/f1ovIFYmGGZKV6a80ZDOkudL8GNGkhM60Lhfb1NGVgpdDO1KlnCm766pjiby+E8hXa4KyPQlmOm3BmWNztKGWT/RkagESs/No5Rra8m3DeqN9V4gSMfEmgb03k1Xs99QWUka3Th5XmLcTHyv6IWgoV8nyfw+f29L0oOBRMCkVKD6MoS8OBb06QnpwYiqAuJKiqUga5Db+CQJ37aFqVmDCwwqCxBk8J/gWTB5aRnSgMCrlJyVQpfWdSEzXeUCYl+ALNr40OdHs6mgjE+Fj47Tn9cqGNvGmkWD/ssa9k/vBUoPiOXqlaxl5KIB6thnDyWWEQmK9tEMCygnryrwvYiI6E02xYR5UBu406qERix4RNiTOcZILoYx9Nsfhwlt938rIL7Ql8yqV1dMLWfQ7keVTdvDBD+yh7vYCkYZRc+B0jvEdoZ7GCkPoZLvVE/JNyYgLgnXIDPMoKN8yfZqgtaaHWJxwS6JsJe7s6qOgLhmvgAQR9OMhi29TYqsSVYJYinYWYf8dpaKVpMaHEfmSvLiWIiel2jrTRj5Qo/GrEkj9ayLllHujSnkivaNCjhk8sb9mdQdA+h/2eL02U+T0EpiN6gsdTn1Qhea9tNU6ogBtFHayQAGAbFcqEopSwPDsTYYCMhrI2YYOcKf/iThzrllteORvw3U3kBo8PK3gezr8n6CH/EwodrxExpscXoJ8lfRQPSg4HhmdBVQAe32Bjl7X6VSFU7hmzMuZFU9vqYMiF3RlhYck3SGnRzOKUzXBgNibq1zV/PebuhKi69X6yxbSf1XWbGJhgI0YZtAZQGxPD38MATUoetJKq3enRI6dUJ+6b8gjdkOUv4q6gUHmhclvhrvSVbwod+yVRcQPwyBiP+VDTTl8t/9mdSxmkayEDkNZNl3D10OUj4YbqifivCG8r6EkOfFneYqSqMNrorpSnk0kcd/bwuY6jdFdVPsQpBjq5MSbd4LBBljIh0oUA0PqzsglkdjVQXEz444UVv40JYHtQtYZzdtpIjzN+hOwnU6EjqMHDU1qM/4JJXaICbjFz/NV7PYpGxAzFSvSrONjQmIGemVrGX1fEMJ29iEvpfQFxb65TrwoPkRL5Rf1Kk+hdhtXK18K+K382NGkj0G0HcXX//rAmLZWaZ778eFlBTERe/BTPsw/Oi5HYlNeJT7ZdptvIITHERn5Lno0IgLzOZDXGAh5XN+xg4sHNseNoba4HA40NIOwJ94hfLXqhtLVpIAenBBJ93azzr0tUcFUiCeq6xlezPRv5tzuSDwFb64rok+CHlGyKIl6KREXzVgi8m7k5ASfw1nfnFB7sYZWHmolOGv+bizwg3hggisn8LgQm7hMQR4fQ3BRyewXcrzGtrTsSbMDNeX28Gc44pv76qOJpU4gEmaejDveQCcoaEIclcDDyddQiIu4jPL2kQYWpzxCMcrFGSR6Dluh++xY9NdHFh4FG3/txcBXdV1mWYN7lQS4o66/mNjbWwbHHChB0CbawhdGEIPAJerASoWykpCNPAIn6OzePKRrgfwGHl49nftu7h25hDdiue2AhelyGMobBwYYdBcDxSfH4IOfX0x1/9H7Dj7VGFZzT+3AhM9TGCoJ+ynjk8cXqIIpWhaaMAONt1r9Sy3JVBeVYgyFdG1Bla9HEX/rmrnDB4SkJNMIDxCRjpg28W89mGtHnCxBnIe5jWpHtYs1RPmMSCgmT4XABd6BJRq8ZnxRlIkctAJ3bvVfqbt5AlLPMK9FNXRzH5sMLq2/g6Dbbww/uNA/LwzFrllquW/l7e24wW6wVuObsy+Nw8j1gEodgGvrYqvdKmAN+T5EgLkIDUNMBjhKNIJGrAFrwvw8lIK40Rf8mjC1A/4x+8sqkC/EQpxc+NoeDoaifjL7SfgTVUR6kpSc3ihj5F6x2Q84QVKqQj7JijfRhWu4NdQwH5ZgFpz6RTdnYMxUyswOGIPZjnU8KMFvP0DMMazB1y6uGP03JP4Y6kA6fs3NWmm9MxEQM+2FzqL/M1OcO+oLJ9x0cHL9h+xjUz1igYs0LadmN8gZhub0vfiaI9GaHIy4m6ewlb/HBybPh+7lagMIUA6Isb3w+GXW7Fzd03OHsX8du2em7HG7yK+HdAMJpwAtSa9bWrIDoi1LcDj8eDcZxJWn9iEtk8WIfh4U3eOC33xD/RaKt2WpilXioK7hdUjp+NS/teISC4FEaHqTRiGgP+PEINLbwdTGFg5gdfVA4P9T+O32Qk4Oj2MUfY8AXIQ8ycQf38cbLlccLlctA8AsrEePhwbybIihcewuN9oxLteRcQuV0gTQ0HFdiyfkQePNWnIpTv4sovqxqgFP4RXlSHvgh/otD++U1OmzJbwx58kzK5c+8fHwfkciXm7+ycg0OUj74+UdzbTKpOxNkUbdraHUFqnjdd0HgssVDdWkzHXkJx3AVs+7gXD4nAsH9YRg75kXiKM8kMwYcgmvBhxFHcKq/t5oS/0gLcue6MqaPKuoMq4+h9ihof0Ad3st6yj1ktwMjcNZ36eCI8Wd7Djix7wcgtHjor5T4NBblaDl774Pe4o3rf4HJ9NT34rs4+q0pdQF03eJjRWv7060gMj5pfAbW0SMsqE/BW7UIazb8jFu5DPsurSVziY7oOJ883V9o7i+CCM7X0ObdZdxJYxDfNoh37tUIFc5BX9A76qIsEnpwx8SLMVLaDT7N22jU25SGXq6Ahnt6GYtOkU5pvvxYbFyUoEw3YIjA7Glgcz0ZGrhN8OoOLGXCw/MABfXnyNLNqEwf+JgLgO+HiJir+p3qfFebnIKyxXecea23XDe8hAlpg1yYotkBRKrgbeIFcsNX0OMjMVGPzLm4hPtIVX8CS4WGgLP0u+ggxZKY0LlAuUrTpqoAxxSBSbpvvRj6ALRzioQ6nm5eLZU1XQhA9+GcB5VX+nml+ci2c5xXWcJ1t8dDodKfFxiI+PR3x8PCIXAmaYgd9So/GDd7XC45/F4n6jEdMuCgcP9oKsxWGNjKt4iP4YNMdW5jM1/VBWrbce8DE8jR/gweVGqlopvNG8Y3+Y4yoi5QTb2WFu+PzEDOy8+ytsEyZg+m9SQmIyBEcF9MzLy8OzF6rnOaZjFeF1WT2eUrgNqU4CUJp+HldUpZIakHlu624YPGUJ1oQn4MT8EuSsvsC47ALn9k48qPTFnMBesK02TE+So1Eh43lVnFhRpg1V0ESkv6/VbpFqPo5HKrqikyMHHNjDxhZIvytWPqPyJuIyAQsHM6X0sLSxNoUepo7esEAibt0WcyCSLyAb9ujsqGInScsWPUfOwoJ1f+LGAU/wkw7jrzfMeJgJ/zXvPh1GDGjfupMvPuSNwvq97yN3/yR8foFUJmsK84YSvoQGLMCzA4pP1C5GCpCO1LtA8/6OMFIRTVTLf+rzvRTVb9Jk7X70IzS3DcDKURYwgnDHODNNPXqYmfIrRF5eHoqUNPMC5OD4+gvg2szEB41YWJXmN4m6GB8IX88daP3TJRyYJf8l9y8/hjbMYWao2rE26Mu6AVXpGSI+ECAHmQ8lfSquHlD5upZeGjkpKGIeaihgG/XAFQBVWooPVBV65Z/2vSpeFDH2/QVIx+npdvjiQhC231uCPrqK++01yE8+jiqMhV9/fRkLWerXTU0WEAvKjyFo/DJsjojG9fgExERtw+JRAYiFL3yGSLrkVZVhmGhugT6eUapfjeuyBB90PIN9y+4IjVTedvx0EKisY7DNcQ5/XCAAfKTvX4bDAm3mzktzB1ibpiPhVLpQQb2+hY1fhCFLivBadQJKik7jYMZrlCt4bqPZuHB4GYThu0mHcScrC6mX5uGLUE20XzZJqWPNDc4bruDbrhbo0XaDwkfc726dgAUhB/HnhRuIu3cBRzePw6e/A23GD63Xz6jZFnCwnFCvhqGhqQ14PJ7oz8oe0IQh2nVoA0M9YTC8ov9gnCgIRtD3xsivFsD7ic/qGwn+K3CgB119WUYqCRvft4Cz5apGHRviNgOqtJQ3uLJ4Q9A+EJ+NSsCecTOxPeoRMh+nIv7qVoR8uBR/VHte/PuBGD+zGbwPboRf+2nYvNsOSXMmYWvdM3S2vWGMKzh5LAd8vpJ9fbwSQ9uYY8hMNdRrZDDWGnQd1BLFCduw7fYLCedAkTZkwXLiUfhYhGLxyI04lfoEGU/icOlgMObN2K1wjUCZdEUOjq9dhB0n7yEj7xlyMw5iXxTQwtsRjH2ljsNhituIrF6I4WduxrI1kvoNAEjLAdZm6UjceQe55eVKrZA3pg1V0KTG0jzcvwSrz6UhN+ccNn6yFgWYhZEewmseUwOAhLUzse7cI+Q+vYZ9kwMQB3/4TeIopIcbGmtT6GEynoQZvR8i4tMVQv5L3o2Fn17AezYzMVyFJxQeHJ6HNXuikZrxDHlP7uDArguogBM66TC0Wwz4T9A+EMvfF9J+27VHyMvPRPy5DfghXPp2eYv+f+DXufE45DUPUYWqkTVFeEN5X4KLvnNGgoq+xSe/3UFGfiaiN/ti7R1nDFzmqjKaqJL/1Ol7MdVvDcmaVSeAn34a56tZ5fmZWfj+lGrtqyJ4HmEPW3Me5h5VcvHp+TZsPm4Aj7W+UhdI+PlJuB8fh5R0oBy5uH/3nlSfRpbfxE9dDR/vH1Ex/Hcs754vCkzup5UIH0gJQcDHW7D/1E3E3Y3B0c3DMeUHwHZ8APrV7UxMfziaW2HSZtWfNbMfFwxb/IafjwgXlJ5fWorQO/UXpQuvheNEoZCXTq7ZhocKBMRMbaMGLGDtADw9eBq3iyoU4g1V6JWm8L0ESMeh+dOwJuwELl5PQHzsaWydNwprUq3htsCDke8vQA5OT7fDlJ2+WLRvPJo9FvJWXOp90ZUOeX67BMoAwXv/jG5SO6QlRfp9am9ytmpNhjo6pNvcjFz6+9O2m6+kJhDx4IBcJ99Wy0XnmlIJZsZW5NRlAi2d30UiqZaACujSui5k3aI5mdp50KiFW8i/i/SkWrIu7xddDaQxzvpkYmVNjjwfmr33BxoGM4mkKDUX0X8ZZUpmupKp/8WTUEn+6Upc2C+6vU5UbkHfwIVGr4iqV3ZJIknI6U5kUSeJgLqTaj07NYdGedkKSy3o6grLRoj1Uxwn/JiVgKl3Of/+THKUUkqhJSZSuJRkKB0aKLtUk36/MRnvarI5NqacgSzeIBKWrPljYQ9R2RJTOw8aO/UgJZZJT24goAI6MU2yFFNNUo3o5Z2J10JDZtmlfzSplpyx1n1ut58emenWL5XQYBsxw8iphpdOdyLb6jkQljzYKuLTspz9tHx0Z1HJkHbdfWhOyC2JLNPykn40RFcBFdClkN7k7thKKM/awrIQtxXKc1FGCdu8yN2qJZm25VE3V38K2zyKbDChnhxknvmAPK20iKtg2SVGbVSXlhBPmhW9SJjEplRBuspLqjX0+y00oau27LJLC7sLSztVl8AIu16pkKwxma+G9PDDkNrkMNGLasu4RE4D9RmfxHyyxUrWcPWtqY/3hnrljBqbVCvz9FQa4mFHpobaxNEUlguUVopI9nwx4z9Fyi4REQnK/iJ/e/Gs7o3XoUx5ozG+BFEZ3d/zIQ1wFNo+izY+9Gl4tkIJi5jQpCH+U0jXqtH3UkS/yZI1QVUi/THHiaxNTKhdBx718d5Av82rn9xIVgZgRWVe3Um17i0X+jGyMptLK6UmzaeR5Tc93gSp5RVFc5O+kSb0tCZTQ20CdMnI2pP8Vsso2RVhT/owo6kHBGqx83nn55BPh+ZkYmVN3XsG0sJhknqsShBLW0aCDJubkrWjD83evowGorPUskt1/WxFbWNZRqhQnuqUXapJ2lV3PrXBE71Trl5hYBvV7XsJqIAuBw+iAS6WwjKS2gZk7TKGlu57VK8Psnz/CjpGM5vXnwtNWMuY/4aTaj0MAdliq0yfW91xoTqTanGISOmbqy+POKC9rwNWZp/GJxZgwUJ1CzUoROI6GwxeMgnbZdxToOff4n2TdTDemStRvF7R1fCwvpbYVHISp2OGwVyPnXsWLFiwYPH2gvW9WEgHH1en6WHizmCcUjKxKgsWMv3yynSEj7PD6syTiIsfJvXI9Luom0pKhCcxNBojeDeOP0K7UasxmVXILFSJu+Nhq2OC/iFOGPzLYpmX9l9d2YVMrMCKKcpHsRqwwAfBn8BMcyKcDHUxaFUhO/8sWLBgweKtDXpY34uFNFQhEWfOAx47A9hgmIVK8WgdB/r6rvgmYQI+/s1H5v3hd1k3caqqqoglNQsWLFiwYMGCBQsWLFiw+K/g1atXAACtRpyYZsGCBQsWLFiwYMGCBQsWLN5ZaFVWVrKzwIIFCxYsWLBgwYIFCxYs/nsBcUVFBTsLLFiwYMGCBQsWLFiwYMHivxcQN1TTVKCbikOzJ+GHUzkoL5mCXwrWwauK3VF+21F+dz0++ewXnL/3GjoYhpCn4RijW7vwoXFnFLoPtsHXBZswrIpdEFEWfx92gsuc5+ADMMFCbCn4Cr3E5SP7Wwzs/gvuVgK6cMOyG1GYZ/tGtZ3Q4OPszLZYVXQKVw72+OcmoynG+l/H03UY7hKJITfOM5tbVfCGEnSt0ovBKpsRyPr8MXZMZ9O2s3j38LbzsEAnE9sHu+F4z3s4tsKMJZiSIM0iHBrrgIWxpuhkNQeBRz9DP0P1+bisT91E8qt/EYG2H6AoMB+/TeT8u2XtHfS9Ur43xuTdmxGV+gEM34Jruzo6wmLxWqWlsqtZa1z9Gqv3tcbE43/h0676wMsSlEoYjZtY0+0DFH+ei+BR9QkgqNyFmXZbYRcRgxXd3qhJwdzH1kGDENXnJv74wlTmc1eWWOHH4pM4vqWz2ib11TEnDPv0C+x8Mh3WAsE/o+C18nB05RqkN9+OyHv/L+fMg6I40zD+G0YFUQFXvGolXjF4reh6y65EIqBiRUXF29ryShAUURTUiOCBVyAaNRjjhavR2qjEEC3jkSiuglSk1nhESZkNUYOuRBh6pufs6f1jUMDFmQFmiFm/v3p6uub73vd9nud9+uuu6YNHA1e8JBUVy6xwH07wiEY01agRzZJT1vHd6rZEnt1BZtaIlwLwzhjuw7/lToGl7kPnG9GJImLF5tZ0EZl3F8H9LYzz/waDVkQUa8YDl5xh9JvQg8T7qQyrOIeLDr0EZrMOa1x2+nBgrHViKOtAmxw+RANmzPbn1hHYqEFdJVmHSQZJLyKK8u9Oh1/ItTrGn63+Wpvhkj2e7hNzUT133o1BxF05woxWlTdKS3OmEjrhInTby8WTgTWYUMd3ib6M3+3KoPdy2Tvb69n5W8cWs2rrBfLu6XBr0ZuRc5JYMd2Xhji+b9iLP2sYfhm0SdY3oOOQMfy1reRU3XcWX2VlCf86up609Evk3X2IYGxJ9/7TWLguEv/WJodh+PHl5SzflEXe3Yc81jbktY5vMnFpEpEBTZ9aYUL3FRBYmsnKoCg2p4XRJ9rLafmsrad+FbTJXvxZ8/4SZfw1aBBFl9phtY649qp4LwBlj2kMnt4GSSMi8hLdEAuC8MKLTAV3MDKYNzopqOo6ySRikMGgExCEqm6I9ZgwY9RW/b1DyKvXoDNbgG8tFq3Rsl5r19R2aLQyZvRoSgUE+be5ITa7/sStH6Fl+J9oqlCA0YBgfC73TccwbyOgKsFZ2RANIMla1IKA8v/8j9s0WhkJA9rSUoSqNhg0BiQk9GIpglCzJ/IuooQZAzpBQKjYCBV6C7YlrVOxbX8yah9r3ZhO52vTb55bR2KjGnNLJhG9DCaDGkEw/e50+IVcq2P82eqvtRq+6/l75hMM+vJTP+wex9bTIfRvXIIglOdNFk4SHyfSsisU1hBLwvV4YnP70VmRi1GvQRCUABiuz2dO9L/pnPAJx4d6or71MWuiprK48QnWBbk5PO/24s8ahl8ObVLSZcpquoBTueQsvppdb3Px6D28AxewOqoVTczXOfJ+MrEDDKTemkl3ezbq7cCwqG5G59GLGf16M5orSsj/Io6U6Q8xndzPjNfKdUyu14teHeDm7Z8QhI5Oy2dtPfUroU124s+a95dMOowyGLVqBEFRy1XUDddeFe8F4Nk3jri+YBJKeRky6uVl2QSrp1KpXpxf0dK0jCUlqKoQKEmvwSCBQVShUlUgRfGnzH97O1fLemrWlDfYB7gxkHmntjC6iaVY+l/PsTdlByfyHqMxeePnN5t3k0fg6yrBw71Ejz1FszXpJAyxNMbirGnMWurDnM83EtTmBrvenkn6L2Vz3hhC912goAlvJX5NUlBlkqoNYDKpeVG8enURap0rjbw9cKvhjoWoVSIholapUJUZMfHMMKYmhrE2O4Iuz+Ww+Kw/s1bGsCk7nPbGu3z1wXrSs77nUYkXrbsF87fYCII6Ku2aW2qYy5bgGI4WlZ1I7UP3VHAngLhvNjK0gQmXm0sIm3OJQqAJoSzNSSDgOVGVlCdJGJCG+6p4mp3bzMnLj1G7tmP4kj0sfssFc/0HXN6+kl1f3qGg1J3GLdrx51HxJE1pD8C1FH/mHnv6azH4d7McvR6wh/RkX7ti+c9Rf6YdCGVMvwIuXH2AqP8jPSfGs3RKh/LalF7hYMpWMnLu8URqjm/v6UQsH0MPDwlZWcr5xcPZZphEgMtpLtwxY2rUg3HzVzBtkP2vvz35didb0i9wM/8+T7SetOoRwOSYBYx8riaiVomM3lL3qhq5oMOEhE5QoVJVT6iMF8YTsuwXLD0/n+guGQC0cIkk5dJUOshaNEbQyj/w+YoEtp/5GVHpR0j0GqJDPMrxbY1rdg67fsNGrE+u72TLti+4kq9G0diXfmExLJrRBQ9Z5v4hf2acCaCPmMv1kr8weZ4n53ccochtEvG7o+lbVttbx5PZ8WkONwoVeLQcSEhEPHMDymJ9lMbMsFt0Xt6Jh/84x41CHa3bRLL0ozGWddqpTeo7h/kwNZ2sfC0GpTftOgQza81cBrWw04QUneXDlAPk3HhAoeCCd8veBM6MISK4eTlfg2IoDEug1dU0zueL1G/4JjM3JRDayTKHbL5NZmIi+7MKEd39CJztUz0cKfR2YUMoOMzWZEussmc7Bg5bSGRET5pXvJm0UldZWcq1A3FsPnSDe4IPfrNG0twFjFoVKpW+WjrskM24KnT42fxW6mqTa2azzboCmOs/4NiccM6230S4Wxq7MgsolL3wHbOJHROv2oU/q/3VIX3LlWZ/aF2+ZnI5dAXazu2HZ0nxs6ducr0iLsQuoWTcQYZnTeGTYk21aycbLvJBbAGD359K4eRcftWpUKksa/3++NcYiWH2MB+ayGaa9IjinaBjrE35inv9h+Dh4M3UF+HPFoaf8lX1zj9JCrUYbGX2dEJje7IsewkDzBbO/vixPwuyFrJsUh5792WTX1SfNs2jSDo6inb17nI6eT0Z2T9T8ESLorEv/UMjy7lmhzbJ9YrInDOKDdcAGtBz6mdsj/CuHKSV3ghQ8qU/k9PGMm36A059do1HxV50C09g5bt+/5Nv5/mmNoSt21Dhc1vmR2UQFnWKrOvh+LQxOgTDyq7hhHctn6NF9HxOH1pL3pnHjB2nqFR/0QQmo3O1qaae2i5tstFfbXnqkHr7XxJtso4/s+ttm95fMqgxmKHk4Sk2zkomI0+Nu2dw5f5qw0vYxTUbnO9g4w2l4rOjmLUyiPeyo+lVhgez4iIbApejjT3NquFudvUcqz1aoefSikA+Uu/gYKrlSbusOcaS4Aza7jxMVDejXf7Olve3Z9w/5M+EbZbj1k1XsudESCXNqY42OXL4+PgA8F/xqbxIcQtgXAAAAABJRU5ErkJggg==" srcset="" sizes="" width="964"&gt;&lt;/p&gt;&lt;p&gt;Since the video we are considering for this example, only has English subtitles so both the examples gave us the same answer.&amp;nbsp;&lt;/p&gt;&lt;h3&gt;Getting List of all transcripts&lt;/h3&gt;&lt;ul&gt;&lt;li&gt;Now to get the list of all transcripts of a video we can use the &lt;strong&gt;.list_transcripts()&lt;/strong&gt; function. This function returns us all the transcripts of all the languages available for the video. It returns the TranscriptList object which is iterable and provides methods to filter the list of transcripts for specific languages and types.&lt;/li&gt;&lt;li&gt;Next, we use functions to fetch some data about the transcript from the metadata obtained.&lt;ul&gt;&lt;li&gt;&lt;strong&gt;transcript.video_id&lt;/strong&gt; returns us the video ID of the video&lt;/li&gt;&lt;li&gt;&lt;strong&gt;transcript.language&lt;/strong&gt; returns us the language of the transcript&lt;/li&gt;&lt;li&gt;&lt;strong&gt;transcript.language_code&lt;/strong&gt; returns us the language cod of the transcript, for example, “en” for English, etc.&lt;/li&gt;&lt;li&gt;&lt;strong&gt;transcript.is_generated&lt;/strong&gt; tell us whether it has been manually created or generated by YouTube&lt;/li&gt;&lt;li&gt;&lt;strong&gt;transcript.is_translatable&lt;/strong&gt; tells whether this transcript can be translated or not&lt;/li&gt;&lt;li&gt;&lt;strong&gt;transcript.translation_languages&lt;/strong&gt; which give us a list of languages the transcript can be translated to.&lt;/li&gt;&lt;/ul&gt;&lt;/li&gt;&lt;li&gt;Then we use &lt;strong&gt;.fetch()&lt;/strong&gt; function to fetch the actual transcript.&lt;/li&gt;&lt;li&gt;Then we also showed how to use the &lt;strong&gt;.translate()&lt;/strong&gt; function to convert/translate the caption from one language to another if at all it’s translatable (since we have only English subtitles for this language it might be not evident in this case, but this translation is very useful if there are transcripts of more than one language in the video).&lt;/li&gt;&lt;li&gt;Next line we have the &lt;strong&gt;.find_transcript()&lt;/strong&gt; function that helps us to get the actual transcript of the video we are wanting along with the metadata.&lt;/li&gt;&lt;li&gt;Finally, we used the &lt;strong&gt;.find_manually_created_transcript()&lt;/strong&gt; function to specifically find manual subscripts, similar to this we have &lt;strong&gt;.find_generated_transcript()&lt;/strong&gt; which we have not used in this example since there are no generated captions, and we have only manual captions here.&lt;/li&gt;&lt;/ul&gt;&lt;div&gt;&lt;ul role="tablist"&gt;&lt;li id="tablist3-tab1" aria-controls="tablist3-panel1" role="tab" tabindex="0"&gt;Python3&lt;/li&gt;&lt;/ul&gt;&lt;div aria-hidden="false" role="tabpanel" aria-labelledby="tablist3-tab1" id="tablist3-panel1"&gt;&lt;br&gt;&lt;br&gt;&lt;div id="highlighter_147177"&gt;&lt;p&gt;&lt;code&gt;from&lt;/code&gt; &lt;code&gt;youtube_transcript_api &lt;/code&gt;&lt;code&gt;import&lt;/code&gt; &lt;code&gt;YouTubeTranscriptApi&lt;/code&gt;&lt;/p&gt;&lt;p&gt;&lt;code&gt;transcript_list &lt;/code&gt;&lt;code&gt;=&lt;/code&gt; &lt;code&gt;YouTubeTranscriptApi.list_transcripts(&lt;/code&gt;&lt;code&gt;'SW14tOda_kI'&lt;/code&gt;&lt;code&gt;)&lt;/code&gt;&lt;/p&gt;&lt;p&gt;&lt;code&gt;for&lt;/code&gt; &lt;code&gt;transcript &lt;/code&gt;&lt;code&gt;in&lt;/code&gt; &lt;code&gt;transcript_list:&lt;/code&gt;&lt;/p&gt;&lt;p&gt;&lt;code&gt;&amp;nbsp;&amp;nbsp;&amp;nbsp;&amp;nbsp;&lt;/code&gt;&lt;code&gt;print&lt;/code&gt;&lt;code&gt;(&lt;/code&gt;&lt;/p&gt;&lt;p&gt;&lt;code&gt;&amp;nbsp;&amp;nbsp;&amp;nbsp;&amp;nbsp;&amp;nbsp;&amp;nbsp;&amp;nbsp;&amp;nbsp;&lt;/code&gt;&lt;code&gt;transcript.video_id,&lt;/code&gt;&lt;/p&gt;&lt;p&gt;&lt;code&gt;&amp;nbsp;&amp;nbsp;&amp;nbsp;&amp;nbsp;&amp;nbsp;&amp;nbsp;&amp;nbsp;&amp;nbsp;&lt;/code&gt;&lt;code&gt;transcript.language,&lt;/code&gt;&lt;/p&gt;&lt;p&gt;&lt;code&gt;&amp;nbsp;&amp;nbsp;&amp;nbsp;&amp;nbsp;&amp;nbsp;&amp;nbsp;&amp;nbsp;&amp;nbsp;&lt;/code&gt;&lt;code&gt;transcript.language_code,&lt;/code&gt;&lt;/p&gt;&lt;p&gt;&lt;code&gt;&amp;nbsp;&amp;nbsp;&amp;nbsp;&amp;nbsp;&amp;nbsp;&amp;nbsp;&amp;nbsp;&amp;nbsp;&lt;/code&gt;&lt;code&gt;transcript.is_generated,&lt;/code&gt;&lt;/p&gt;&lt;p&gt;&lt;code&gt;&amp;nbsp;&amp;nbsp;&amp;nbsp;&amp;nbsp;&amp;nbsp;&amp;nbsp;&amp;nbsp;&amp;nbsp;&lt;/code&gt;&lt;code&gt;transcript.is_translatable,&lt;/code&gt;&lt;/p&gt;&lt;p&gt;&lt;code&gt;&amp;nbsp;&amp;nbsp;&amp;nbsp;&amp;nbsp;&amp;nbsp;&amp;nbsp;&amp;nbsp;&amp;nbsp;&lt;/code&gt;&lt;code&gt;transcript.translation_languages,&lt;/code&gt;&lt;/p&gt;&lt;p&gt;&lt;code&gt;&amp;nbsp;&amp;nbsp;&amp;nbsp;&amp;nbsp;&lt;/code&gt;&lt;code&gt;)&lt;/code&gt;&lt;/p&gt;&lt;p&gt;&lt;code&gt;&amp;nbsp;&amp;nbsp;&amp;nbsp;&amp;nbsp;&lt;/code&gt;&lt;code&gt;print&lt;/code&gt;&lt;code&gt;(transcript.fetch())&lt;/code&gt;&lt;/p&gt;&lt;p&gt;&lt;code&gt;&amp;nbsp;&amp;nbsp;&amp;nbsp;&amp;nbsp;&lt;/code&gt;&lt;code&gt;print&lt;/code&gt;&lt;code&gt;(transcript.translate(&lt;/code&gt;&lt;code&gt;'en'&lt;/code&gt;&lt;code&gt;).fetch())&lt;/code&gt;&lt;/p&gt;&lt;p&gt;&lt;code&gt;transcript &lt;/code&gt;&lt;code&gt;=&lt;/code&gt; &lt;code&gt;transcript_list.find_transcript([&lt;/code&gt;&lt;code&gt;'en'&lt;/code&gt;&lt;code&gt;])&lt;/code&gt;&lt;/p&gt;&lt;p&gt;&lt;code&gt;transcript &lt;/code&gt;&lt;code&gt;=&lt;/code&gt; &lt;code&gt;transcript_list.find_manually_created_transcript([&lt;/code&gt;&lt;code&gt;'en'&lt;/code&gt;&lt;code&gt;])&lt;/code&gt;&lt;/p&gt;&lt;/div&gt;&lt;/div&gt;&lt;/div&gt;&lt;p&gt;&lt;strong&gt;Output:&lt;/strong&gt;&lt;/p&gt;&lt;p&gt;&lt;img src="data:image/png;base64,iVBORw0KGgoAAAANSUhEUgAAA8gAAAFOCAYAAABaJDTuAAEAAElEQVR42uydd1RUV9fGf3dQmMECWCkWmgpiA0WxJfYee2JBjfX9jCXGktjzRhNjYklTSVExiWJ5jahRorHG3lEUxFgoGgExCtgYFTjfHwMzg4ozAzMIyX3WmrWUuXPPOXvvZ+99zj13HyksLEwgQ4YMGTJkyJAhQ4YMGTJk/MvQokWLXP8vYW9vL0tFhgwZMmTIkCFDhgwZMmT861HCzs5OloIMGTJkyJAhQ4YMGTJkyJAnyGXKlJGlIEOGDBkyZMiQIUOGDBky5Amyra2tLAUZMmTIkCFDhgwZMmTIkCFPkJVKpSwFGTJkyJAhQ4YMGTJkyJDxr0NWVlbuCXLJkiUN/khxqj1eLT347OlKumc+LVgPrn9Km5o76Rp1nMkeT4qfBBVqrqwbyKgPfuP4LXDjO/Y+Ho6zyDL400ybI8ys3JZLUxLZ8q5DkR3i7f+5UGPIHdSAI9NY/fQTWmZmmNU2Mmz2MsW5KykfpfPT29I/m3U3ZhHgvYhzGWBDAB9GHS2etl/IEPe+p1elCewEqjKfLU+m4JOVmduh2Vxk/du9mLv1Juq0ESx/uoz2edjqc1x0bMtXtwBs6PF1Ehv+TyUL/V/gh7W2Yx3L9695E9o0jt0fO+b6bt9/lIyL2MzFE51lWcv+rVhg33+UTLi6gwv7WsucfwbS+cHUar6ZtPKNeGPqKn54x82iXU07OY7B727k5MV0Gk2LZ/sM4/I9U3IvGUUDRuUSV0bTvG4CI2J2MtzZ8r4x6r9K3vzuR44kD8BB/AMPKrJQzHn8+HHuCXKJEiUMOxfHN+nVpwxVrRSUkHTXn55SgoCvnr++Cp+zMesD/J9JZgGwkpCQUFhJlChRAhRqzoeMZNK8nRyLTcfWqRlvTv6Kxe/UQYWRir0+A/8aCzj7THOOzGBz1rwX9+PZZMkqhn3ThzNt1WEu3XbE3bcX01d8xYC6VrnJYPUb89/eRcWvL/N3YDlU1g7YWAlAYViOWKEAJKkExsj9hQ50fSXcBt1F/czfPer/yp9nupjF9pwG3uLBQLi/zpq6gxVYlbCihGSabRiGFQoBklUJSpQo2hPkvGReu90hzu9savgGbp9xWv0ZxH/M6x47dbZfmLg+A3/3BZzN42ujx1KYE+SSChTUYU74BWbWy+awIrfcFMdm8eHPTow8foFZjWxzvJoeXw8z3b0Vdz8WrOiv8wMlMl9n0c0MPrc6zPTKrYhRlCh8nRTFYJ+HvMyNvSNKMCv1JMc2+b3QF3/7Wk1mHPLi/w5Fs6Bp5gv6mX8/rLUvqQK+XQfyyFP1nO6tJI2/Li42cX+dNf6DvyQs6108siykt/iPaeVxnOF/72SIfWbR8m8ysm02H34sL70WMb9iDOfz9Ct+67jyJIXIhV50nvgN+94LokOmZcaaZZXAlhkrSM76lQt3uuGkyjKar6bkXv8mvCxeFJYPfXKwHe6djlDWJYQjV/toJ57G5BKSlQIFElKJwvGN9i3eoaPSm9JWJSiBeCXyKo4x57kJsiQZwT73sSz4HyCyQO/6ulPPc3HwE9LR/C3LOobgXm9yoVEXGj9zrc5SNM5MkkCSJB4fH0DfwZfx/XY3UT3LkRY+j/Hdu/JOpUv81NfIJzqShJRZgb5L9zO9qW4VQVXCiWpCYMwYYxfVpP9nrRm5/jxrvOPY+9/ufOCrpOKjL2hvo3NwVreucAs/Xn+tBg4OWdqpr1HdzL5OkiSj+vTioVpRis58eO4zOmavLEpZKmwqu+X7nnm3VUI7ujzvnYdtGJaFNks1e7/NDbPJ/BnbL1Q4j+eXi2+Rmi6RaXuYz+pM4O8hh/hynK3F7McMgs+2vbzl9SQxkgy60rhJGaSsrDw5Rx42bA5O/pNgSF7mXQF5scyle1vZdqgnw0ed5OSySKRmtZ+fDBTAD2vbySpHyw9W0/KlJlg8bELjqyXL+hZJ8fI2XqV/k5F/mzWk1yLiV4zmfF5+Jasc9du3xY4kEtUgWVvKRhOJ/wsqDm2Gs614YR8N8dWo3OvfBgvnii/ViULNqQ1/YDd0IjV/+IXtqW8yxD7L+FxCwvL+WQ+uXZaytAv5iotyzNFTu0KhIM/Pqe54WllhZWWFo9Uotj7zva1jXbz9GuLn54efnx+NrHdy8moT3vi4jvYapHBWDqyBh9KGSpXaMfb3BO24FAoFURu3IRjH56Mb4eHojl+XZSwY9Bcnp+0kLeceijiCWlnRctwONr1fFx+Hktjau9ByxrnsdiRAhaNXHW1f/Pz88K7nRCmFpLkmdQ+L+1TDo5wNtvYueDTqyzd/aPogFEf5YQG4D17Ewn518an3BuO/X4g33/DTOqH5/V8zaWRlRQnH/7KXk3zoK2FlZUUNq1Uk6Y01ZIS7ZqzVuzHu+8m8ZtWMRTHZMkOBJDSDz7k+qIsVDVyDiX7yEj3of6RMrHCgev162nH6NvKmdlUlCoWCLMVe3nWxovv8tYxrWw0XBwfcqo3ixwuKXDp5aT+1bWVonvZrDMUk21AoFNw/9xUjm1egvEpFqTIeNGk2mx2JerIA7qfsZFbXypRXqZ7rpzEfiWhCxrbAx6UkpUq6UPf191kfla0zxRN+G2iFW+dvWRbojbuLPZUqtWPS2lST2jAkcxSaPjR3r0h5lYoKLi0YPOuY1i50H3LZfu7PE65sHUhbn/LY2tri4OZDp7c2E2v0WA18bKrg7q3hqq+XKw6ZYOPq89xYFAoFF2dbUb12ELt+6kdzD1tKKcvRwDWYi9k8aGLVliVJunsffd+KmjU289gc/cz1yXZ4L5SX5vNEssYKFaXI45pszkkKA99Lz39nSK/GcE1SpHH6u+Y0dLaijNKHrguDGFXVije/e5zrHoN+lHRt/16fqlbj2Z39/7/3f0hg27p4lLOhVEkXfNqMZ9Uz8rx9YCzdfKwoVdKFpu2CWfymFbVb/pG7Hz/2oW0dG2xtbanq1ZfpW1JNl5dCwf3kWySnPc2HPvU59WKZKxQKUsLmc92uL5MGNeD2+p0au8v5GOGHDdkwiiSCX9f4LisrW9rMvPXC/oFOduGzrXArN5h117K/v/U/pvT1w8fZjlLKctTw6suM9YnPybtrwyq4qJSUquRDx17BHEtVmOSbXupDjfXVZvu8zH+9/HuDNpztV8asnkzXhlUoV64cjfyDOfvEhLhlwDcZ1olhvprLv2n5mO3vq3i0Y9h3l7Q+FEUcYbPb0tDZilLKctRtPP65NvQ536RTEBH3QSI/8cKQXs3A+Zf4FWNswxjOG/IrGrlL2BgYa4E/PEECSpZ5mf8zwNc8vjfGhu/8aEXlSuP56puuNPQoQ4XSHnSbdUybTysUChTJPzGunT3lleXw8hrP8o9ew9XqQw7r+aZ6nY7r2n34Hd2t6vPBSYXROY8xeeaTWxuZ1bcGzuWVlCrjQac31ubivLF6VTxNIzk5mXuPCxKT8taJIJxff6vMa8PG0dH3f+zaIkzKJRQKCYGa8H2jaeduQ6kyHrR+Y6027zeXXmO+zIlrVtQsvy63zs3kh4tLzMnP57kJ8kunz022EyME4kRLyhqca6s5/OVK7tuNZ5Cn7m9Hx/gz45dWfHI8llMHh/H4++85o9esOh0k9J8UKxEqeBB7lAvPtHApZBYh5X8gLDmd1JjtfNDW2COq1OyZ3JGvLg9l2dEE4i7sY/2cNtgr0jXCfXCCs7ehVitf3TaZSgH4Vszkxu5ozR+qzSdcCLKS59KcJiw8JxBCcE2MwFlvrBO2NGf2vlhO/T4A6buviMxDxFniNMEd/fnh4nLWXR6JjzlrpUlw4stjdF3zFwl3zjKvUTCf99pESj76mV/byOQ0C/tMJrryavZev0Fc+CbmjXZ+rp8nFwdTatx+zp4JpW8V/X4aRhYJhPasw4cH2zAvLI7YuDA+qrue6fU+4LDeTomkXSHcGHKWuMRk9n18ltDBs9n92JzrTAmkZbzF1JX7CY+/ztHQHqhXt2DIvETjF0dvL2RM70NUHH+E6Lh4IrYtZdBrJUg3cazmQnLKYj5f2YPFR+6TciecFd96oDKjTsyG9BgDG4iUODp5UdnWQnp9Kdfg/s5O9Bqrxm9JFBdiVxJ4bjxrE2xM6kVqaipVA79m7bFrxMaFsaDhRubUe1drwyJ5EQM7L+dpyz2Ex+5nwZtLCdqe+x5XgyrQfaTEGwvOEn39EqFzBWF9urIowjR5ZXKYj+s706TcEiILoDalA1Ro8LzTE6Swa9VdXN9pQ7WmfanDBnbq99GgHzZswwqcGXlIkCmusaTly41SkMKZmeXos2wgn54KIbBGjlL+QtSfSdCOM1z86xxr5wq2B3ZlyvGc36WTlOxGj5lb2X/pBhdPLqJjyihGds7t317mm4zyoTn9LNeG8i0sXNdCWQEnG1ds8sElQzYMkKn4g8MrGrHoWAIp8d/hmzSKqYsTc+USBYlbxujEEF/N5d+uBpWj64hb1Jmxh+i4ePZuGoBL0jXtazxRX3gw5FMVg0KuEBX7G9NrBDHlWc53WE967yOEx+5ncaflfBGWTz9sQK/m4XzefsWgbZjA+bz8iu6C0gjSefzIslRRPwSrjLz7kV++GutXHqSEsjd1MftiHxJzogXJ88cy77jOryxqPZz96Z+y6fx5fl0useG7I2SYNTYa5mvW462M9evPQbsFbD56legTS/F/NJiRbfc9lwMa0uvtUE/cnbx4Z0sBHlC/RCdW55ey50YX3vR15/VOcH7lfm1uZiwy+YPtH5Zm7M4Yog9Np8r5wQzvH066mfQK4DlZw40LMyzlh4tPzDHPrgVjcKKl8GC4CH3JJZmP14mBZRG9lz3S/i1DbBWBIN78XPe3e6GeoiJNxedXcv7vLyrQQIzZeUcIIURK9Beid1VERb32MsU1saQlwsN+jbj5osbjpwlfKwTof2xE+zl3hRBCZIm7YnV7RIP2R8SjF/3+zxHCjwriP1v1xiMixUIvhE/7I7kuzUqeK5rTRCw8l/sWGWKrGPHMWNN2NM411gxxSEyuiGg3f49Y0hFRt+pyEZkuTELy2nJCyfNjfX1aghBCiKdilxjriPb/OTJ3YZI4YGQ/tb8LUYiqzBQH8mEbGWK9CCS3Pegjp58BE2JytZfTT6Pw5wjRiFbiq5vPtls+W5fpYls/hIf7L+Kunv7a0vg5/Zkqcxt8xdyIvH9zaiLCu/z23PYWN0c0p8lzchZCCBHRT9R4ZiymjdV4PM22gRx+PIsLMxAVGSg23H0x157tx6FJGhk/MnM/s+4tE12pk7ec70eK5T0RNd10+jUVOZzMy05fpldDXMvxOz7N9mrtIPP+ItFGjxc59xiwMkvXyG91hDNjxM68+vxUI5fJxzT/v7wM4azHmxzfVavZXl0bFRH9fnqk599uitXtc/PPaHlVQlRjobggzI/MJ8GiDz5iboSmj2vaIzroydeQHzbKhp+JK6+/4P67hyJcWq4RB2ciqtkNFGsuG+i3iBQLG+XNKSGEeLLDV1TX6tWwbzLkQ4scXubfDNiwiJ8m/Kip+3+2DmrX2Gt0fDXomwzoxBi+msO/ZYitYkRpRNtPEvLmmHtuu8x4ukx0QecnrizKzfkMcUrMrKPjvDn9sKU5b9A2jOS8sf6lNyrRa/61fMeMlyNdJJ4Y8pwtmwqjcq8X+hUhklciHBkutqj1bMMV8UYOdyL6CR8C9HiaLg6NRq89jW/Sz31zYvHLxqQfG43ha/JKhOezNhXRT3gxQKx7bHperMJO9F9rGZu8MANRq352Pnesn/DSk69RuUT2HGPUdl2cT17JS+O8yXp9pr8e9msM2ripfrg4xxxjkJaWluujMNdE+86msRy8N5whI3TPmRS3I4ilBtVe0/2tTO0+VEO3d79Ury2sm3iP0B7lUSqVeNU+RKNhr2P1gjacOvninNdD08wKvLksirNnz3L27FnOnYngh7EO2Q95HOjwTlPS9nWiVsvevDNmAT/u+svkFaCX7lW/HUH0M2MtW7tNrrHmPHE69Vkf3v/dBusmtXHPx5PjUnRm/vkLucb64xSnXNeUq6mrylpGqUSgJt2UfhZUHnRg9ET4Y2xtmrwxnAnzlrMj8sFz11XxcNX106G2tp/G4H7UASL5g/dcJO17HyWk/oTwgLvxuueKSg8ntOtcyvIoeURSesFkfvziZkbW0D1lOrm0J629HbBXafrh/yU8yUx9rrBXnk9e643lPw3/YEZtPzr3mcTUpdsIv2v6WM2FMrQhP4uDhdXPq4slVGXqMGFLZ97d3AdLrGMaq9e8uJZFFJeugMtr3tqn71ml6+HtaOLTiNgfmdinJm72JTXyLDmWnTzg8UPN9/GnQOXeDH8t9zzwqq+3+n37ONG3YcPbtlqdWEkuDN4N9y8mmtQXK1qw6JYgXkyhjgVk/mDvd5yiI6/X0zzpbdwTYj/7jYRCtOEc3LwwjjcWA2m+eFV95suHp1n9TjN8K9uikiSspDq8f9qGJ3d16/3Je2cxsGklre1Ydz7LfVLRf3j1Mt9krA8tDjBkw2Q/2a9aTU825eBxZopZ49bLdGIMX83h3xS3I4h+UIMGbZ3y8DtXiY0B93p635dojK8rJFxJAiAuUsP5ulpe1iHAxzJ+2NKcN8Y2zJaXlBzG/GBHjk33wEny4+Pz5rt3BhsItFLh1GQDUpcgZgZYhkvG+BUrnHC2yUk5VdgrQa3WRK37185wh9rU8NQ93a/lb97YaAxfIw7BVd6nrqSzUan+Bq6TxK2/TetPxQF3eCRSWTfA/PLO5DS/h4LHkGaogMyAgTQvEUrYHtN4pKAOdWvp3pOt6NOV0sQSn2AevRaGH/634Ny5c5w7dw6zTJCziGLDors49B1BB5tn54PPbMxUSc8YjTPtvrhGYtpd4mNuEZsVyptlD2CFE1WeddSVXzabVFG5Vm0aNGhAgwYNqO9XC9fyum8r9TrKxaT9LB/VDPu0EKZ39aHD7BhN/529sedv7v8tcjmApDvgUN7e3Fk3TlWWceTkYNJ/Gc74HaabnRUOVKtbJ8+xAihfcWV3CQdafCGIubyciT0duLdvGm/W9Wfc/twdK1mqYO2UYww7hWZbie6jZuN4876w/6zMG3hXxynbtB9sbswb4+/h/1kUsemaPpyaaOqCQksmn75L+K8z6NEsjQvLutO5/Ai2pRT+WAEkeyVGH3r0qPB14jlZkH4/kq/b7+AbE7blmzRZM1Kv5ubaU6lkruD8SfdhHEj+L6EXHyGEIPNJMJ1Qm3RPNTWYfOxZnQgidzUrStMoDv54kusso4NSiVKppO4USGIT2xMsbMMvgN393vxwdgvtnN/nvWEX9RIENYen+DNpoy+z9yZzV2Rv1/bT7VMTyYsY0GkZd97YQnhKtrz3t0QFRicaxvrQog5z2XC+oOebzKGTwvbDhqAsJv0sKraR9XQV04cn0XT+NRJFOLPrme/eJehHSGY6Sfv7IX4bk2vrq9nSRyNtuCTP561ZVvmXqZDSUesVezJHzgPg4f4Lj56x0YdiHxOci47/srq+iZAr8NsMZ5RKJaWUb7EyI5XjPx4rVnp9pX64mMIsE2TF5S/5Lrw+HSY3y5WQZFWsj5fteRIu6gL6k9gT3HpRVTUbByo722HNabasgIrtu5h9tVJZoSEdh0xhfkgE28bfI+GT/VwDROkm+FaEP//QHYKjSD7O2dtWVG3vbZzjrVgfb9srxIbrzPnexX1cf4GI3Yd3wc9/CT/N+JNtXcblmgRZGqb0U6lyJov0Aq0c2dVoR/8Ri1m59yCf+V0i4odos42ljM/rOHGE3cdfLYn+PHSVMu5jmdPDGYfsxZW4ay9wgrYSSh7l+f6ThAO1XuvL6Mkr2XZhGY3YyPZDRWusQmWLTa53uNQkJbwinZT2od9QxQvrFZiSYipLvXgV1li95u1cffCqATcPRms5pHhwnuik3AuISlt48Leu/dQEPT90/yTnIt1pszAQX2fNxFlx8TCxWGuvqeUPT2LOckq7YHmNS3rv7YqKAfg6XuHc3kSziD0tKZFbf5n/hfJMdrFlG/RYEK5dwT0TvZo3nXawdX1Kodt6hTq9ecurB1+sbUfi+kDez56YZnGN43+A36hZ9K5TGhUgiOTcZT29nvmJyxm9GT2jmXaX0I2Lh3j6ynyomrSkRJJSHlvON+Th34yxYXPELUO+yZBOjOGrOfxbVsX6eJfOm48Snri5Q8x5ve8zTnI2DpxraB5nV/eHzJhYrmk5n0DcFcv5YUtx3hy2YVJ7sUe4wut0GO2e564jdVoitxLS8h1PKrQaReuKl7l8MP+ZU165lzn8ShmPhpTnIleu6njy56lnYqIKMh7qYpIiIZpUPa4Zio3G8LXWa/AoZp95apM8TiEpKYlUCzzmvLH9MxIVk9l+PkIbl04uduTOL5s4aGQuoeFoJBf+1M2FbkeFcR83qjubN14UFa69yphThCbImuJcjxjJ0Ge2lFjRgaFD4OS7y4hSg8iK4of5+/lbb4KcRRTbFgWxef9Jzh3cRFBPf+Zdas3Ihc0KtPqf2zAT+PWzSfy4/QKxSbdIjN3Iuj1Qtr03zmi2EL09FWJWT+H9jVFcurCPpf/3PpeYwLBA41Zbc8Z68N1xrDj7F4mxG5k25yRPXuJI/eYdZFSdYD5sFWbSFsJMUrh+IVJL1nPnzvHntXtm72fJhoOozHZCgmO4lZBmkvPJYjfLhn9HaPgNkpKS+PP4RjZHWVGppZv5Jvs1Z/BejwjW9B3Bqj1Xibt+iXNHVrDorQ/4XyHm09XrgDrmN/bdzHZ8O0byadgL9FYxgAYVLxA2fy+xSbdIu6vnOKIX8d7n2zkelUxSchynV6/hMg2pU7tojVVUDKBB5RPs/imGdED951yC9rxCnajcC3SIgQIPAprAxcUrORqXTGJqmjYpMVaveUHCge6TGpN6dCZTN1wj4U44IROmcMTGJtckupU/XPk5VLNYp97FZ1+hLZgiytTAtXIMEWEaefPwNEunBhOv57qr9F1IjRLL+O/Mo1y8Hc/poJEsi9EfY3smzFYQMasP41efITY5jksnw/h5Zg8WbDV1Eqsp2NO4asGKdL3w3ge+Ys+jznQJrI2XlxdeXl74VO/LwJZwdek+Cn+KrEHZ1//Hd++c45c249iTAhLOeNWH69v2aXRGCkdn9WDTA71Ew6cblTnD7uwkWR33LdPmY1IhHHP60MyMYAY6OdOi9R6LySkv/2aMDZsjbhnyTYZ0YgxfzeHfrOjOhI/g/KxADR+TbhF/6heWzNtFSk4+MhYiPhvB4r1XSfzrKOsGj+UsY+iXnY949l2IO9/z9WbNezi3D3xAULhl/LAlOW8O2zAtXX2AhCrPoj9ZRLG0nTMNXOY+M/kxcYJbCjJL5P/JXJ65lxn8Sma9KQz1Os7P/TQxL+7kZD7clPsetV6DlKMhbEvR5M/b56/kip5ODMVGY/jqMnALnZ2DmNx9KWGXbhB74ywHNi5k3PDVXDNRXuYo0vVie4hh63pw7DKQrjVrauOSf9+huLKNX48bl0sACP4mbOz7hF26QVz4D0z4HKr2GMFrZtJrUePaq4w5Fp8gZxHD0tey3wtocohrBNNbkpAkJa2m61Y2s56u48vl4L048AVPfJU0CzrF1Le+olv1yrjXHMmxJv3wyfXekIrHkfOY1Ks5TVuP47u/xvDp/m2MrW++QUqosC95ku8/aI1f9Wp41vqQ827LWbleNwn3mXyN/81IZc/4Ovg27M13N8aw8PwC2htdcFYz1k+HHGB2gDt1/b8la/R71MU6z4m+gpbM+mU6tueHMOZ746PWQ3YwvV5dfH19tZ+ODX420qkY309R7QO+XVaOUxNr4OhiT+sB4cbbhnDA5uF3fNzHC1dXV5r32oXjpAMsGaMyo/G6ExgayZK3IvkmsB7engF0ejuY47aN8VFRaKgwNJIvRx9nnF9lqnt50+fL1ox+5/nrStCeKdtGY3usE+5OjtQrr5dwKFWkHfiA/u1dcKvSgN7zHekTsobxnkVrrAra8+GqwTxYUxvH6t60H+9Mz4GvTidK1GSZ8N76iyax3b5cR5eqc2nrVplaDgP4KdU0vb50tb7TTjYvhEMTPKnhFMjamksILP8YRaZS1/6nwTSzGkTDSm74N99K3WHtKKEn73mhMyizvS6urm7UbvQhkW9/Tiu9bVFSpSms3dUfVWhzGjoGMP6XEYzpBjZq3QZMzzF/E7ayMpGftsO7mhdNe89mVVQdPGtTRKDm5Pr9CNrQzDm3hhv3UHA3NoRfU83U1MnXcJIkrCQPxh+CA585I0kSlaQRbM7DRtp+8Tt9PIN4v9s+UnGg27db6FxtCi0quVLbswtf3F/N8AC99K/afwleWZ6zQ6rgWM2bFn0iaTezB3aYsD3ajD5UkXKHFAns6jlZTIN5+TdjbNgcccuQbzJGJ4b4ai7/VmfyXbavtNPw0bU6Td8K4qy1i3bLtM+ka/w88TYrBtXC3b0L86+MYd6xb+hho8f5fe24Od2Vyq5udJtai05di15sNCaeFNw2TMPLUmhBOql3QIUbLgWISgBPC1AuIK/cyxx+xYpGTNkfzGt2E+laqyodBkG/0c0pAVouuQw9xbzuwQyp7ohH7ZFsf30a/nrTNcOx0Qi+2vRg2en1dLP9gXEB7nj7dGHIgv1k+tSmXFEx0Aeb2XzICu/uvrknZtW60tT9Cie+vmhULqGReyu6T3vAJ52r4d1yPjc9VxO83k8jDzPoNYMf6ZP9LnfdT+Fa6iDKSRLWkjfj9xY+115lzDHb3FEIUbxeaCpOON8f7/oK/vt4Lf2t5X7KkGFSknA/iDfKfkuTiAt5vyt2ohtVA+7wn1N7md3ItsiPKZMNvC2NpdTWv/m+u4XkRgohHcrxTb0oTi6qLRuSDO5vrkHN3jWYc/M3/uP8DxlUIcStwuCrjEKKJ6QQudiNjlMCWSWW0fFF19z+mHaVFlPxp0TWD8nfSkIWCQS3dGHZve38dryrtlZJUcbVxRIdp6zg0AuOzpLzTBn/lphz755mJ+65c+c0k3xZjeb0Mls127hTnqC+c5gVH27Aqn4gHa3lfsqQkb+kJpJ5jZXUlJa+cGUwq8nnfDo0keB2djhLY/m9iPU/S5xm2/c7CU+6R/rTRI58MZUD9KNvR/MmfqfWhrD/4m3UT1KJPzCJL3fXp2cfeXIsA0DNiV+vUq3HJwwuzpPjQohbhcFXGa9mMcXduhKvL6pNx28mk5c6Hxz+mThmMWtI/me1Cpx5c+F/cLQaSG17GzrMTSly4og//ANbDt8gRf2Y1NifmP89uH3SxbyTYznPlGNOcY85Qob5ED1H9KpfWdhbWwulrato0X6JOHxH7qcMGf9WZIpdYmELG+FqV0IoS9qJ2g3HiOBjGWZu46b4dVJN4VW5tLCxsRHOVTqLd0NuysKXIcfXIshXGTJeNa6HdBYB1csJGxsbYWvnK3rO2iNuFkO+ypBhTuScf3zgwAFx4MABIW+xliFDhgwZMmTIKMjTZ6IIHbuUwyXzLlzi1X0xo9tYycKSIUOGjCKGZ7dYyxNkGTJkyJAhQ4YMGTJkyJAhT5CR30GWIUOGDBkyZMiQIUOGDBky5AlyUcCeYRJezffJgngRzvfHzbok5ZyaMWxJjMWbSzv+f3T2s8PBxrTCGrfXlUeVXV7fWZpVoPMTZRQhXJ+Ov9SarxMKp7nImRKeDiGkFFNxbe+fffSbJPu0V4b4ubSQAlhwVRbFsxCksKaDhLKsEwH1FrHHwkTLIorVw1xxsy9pUgHBTA4zpXIOl5T0CUqXlfdvweWRNJY684MRMae4xws5b5LjhTxBlmExw24pdc51zpq5kclhprhJDF9n+UWCJj3Dn/+i3npiniRzYMpFfn93sUUrFGeRwMb3fyApcy0XUx+z60OH5665v9aKmtLS586brjjgDulCcC9EoT2/VsZL9GpG5KWTHDw50AYnG2tquW8q8olE2ebv0HGiF8piytdu6wVCCHYPlW1f5mv++GrJuCXhwKBdgrs3vsLnzvssWGJZj6A4MZUZPzoxfE8aCS84ViivflrRgkW3BBniEJMrPpYNs6jkI0AWMSx9TaK05M2U48U7Xrxqzst5U/FGYfjywpjnyBNkGcUWEg7Ubd+JsiSS8MRy7QgSiPsLKvZpVizOLZRhDNScXL8fu2HjqRX7C7+mFu3eVusSxLIPGyKbnwwZloPKrgOtfSA1OtGi7TxNiCATPxoXg/PZZRiJB5vZeqgnI/5zjxNfX5TjhQwZ/2C8dIKcvHcWA1r74GZfEpWVE96txrLyQqbuguwtiKN/mkhnX2fs7e3xa7iCM2rdJVnitGabkXVJKlTtwphvJ+Z+pP+CbYyHJ0t4emwiHc22qJPBvejs64yTjTWqCt6077GCI3f1JzcpnAxqiq+jRClrbzp/vpQRLlKurUkiK4rV7zTD28kKlZUTPi0ns1Z/LEZNojR9ae3tgFKpxNmtDW8HXSSnlSxi2DazNb6OEipre3wajX2ujVv736GLt4TKygn/Dks5e++ZNszQzxykJSWSlGKZFegsYtg2y187VkfPZgxYmDtgpJ2dR2/fUqis7an32iK+GWmV7y1BNoUwmQIoWdoSk2/DNnw7WKJihbF88VVnfN1KUc7WjS4zjuSWVdIqxrQpi4O1PTVrjuX7D1tQTbs1Sc32/hJ1OhzVtXs/iG5SXe1KdxYa22rqWh4HGxvKOTUjcMYR9HdzGeQroE7cwIzeHjg6WKMq5UaHrmtycd5oPE4hKSmJVAvtIMzkNFvCKvPa0LF09F3P76F69QhPdMOjfBt6vOFEeTtfhq1YwvAGEnZSG+adyMptxyc/19qxvn8zRq8AnHwNd2kg35/8ioFNK+FgY4OjfSCrswV/dbFua3Je/FAnbmBGr3oaX1zKjYbtZxJ2s3gFG8Py0thw9Y7LWDKgFq5OZalQoQ3vrbmbpw9t0mYFC/vob+k2Dw9ezrXsfhybrdVnOadmDJx7xmTfZkivqZe+ZHjTcjjY2OBQxe+FfF3e30PD1wpteGdHwovbKOJ8NagTE/hadJbnlChQWmQCY0heGexmnJNEt3lrGNO6Ck52dlSvMoLgCOPzppx7DAzW85s76uKit13cYI5okK96eVXtkiiVSlxq9mZq6N0il/MA3Nn2Kdft+jIxsAG31/9G5DPfZ/AjfaXKDNuwnRm9PXCysaaUvR+j/yeMlpdAzZk9o2njqvEJr3ddQ5QeX42JF1niND9PboZvZVtU1va41w/kq98e/sPixb8vbzKo17u7WDCwtjaetHxGXoUaL1CTlpRIYvqrsQ2LT5BTU1OpGvg1a49dIzYujAUNNzKn3rvs1vM/mYo/OLyiEYuOJZAS/x2+SaOYujhRK6CjY/yZsKU5s/fFcur3AUjffUWkCQ+uBekkJbvRY+ZW9l+6wcWTi+iYMoqRnXVbJu/v7ESvsWr8lkRxIXYlgefGszbBRi+YJBDasw4fHmzDvLA4YuPC+KjueqbX+4DDJvjSq0Hl6DriFnVm7CE6Lp69mwbgknSNHNuJ+sKDIZ+qGBRyhajY35heI4gpevISyYsY2GE96b2PEB67n8WdlvNFGPnrp7ICTjau2NjmNTk4zMf1nWlSbslzTtx4KHF08qLyC9p4uLkjI+dVJHDTX8T+dY4Dq8bQtIIuUcl6uooxrWbxd53/EX45gh/G7OK7n1+cyCgdoEKDl2wUUpZGkM7jRxZOaB6CVUbe/RDl2lC+hUM+yGzYhgEepISyN3Ux+2IfEnOiBcnzxzLvuG6yt6j1cPanf8qm8+f5dbnEhu+OkGFSTxJIy3iLqSv3Ex5/naOhPVCvbsGQecbzNevxVsb69eeg3QI2H71K9Iml+D8azMi2+54L1Ib0ejvUE3cnL97ZUgBH+RKdWJ1fyp4bXXjT153XO8H5lfvR99WKu+m4zjzChsBzbBi1mVo/XWVlv/2sm31cj0cnWPNRMoGrzhF+8D2cruv8m7F6BVBL+1g45gpdV8SSeP8WB7cMxD1bNJ6TNVuTL8zIIyg+Wc/YRv3ZnPQflh6PIfbSJuZ3v8P1eOP5ak4Y5GsBeZC0K4QbQ84Sl5jMvo/PEjp4dm4f2nk5T1vuITx2PwveXErQdlN78nIeGMO1xxGj6NJsGyX7bebon5c5GtqDxz+0ZNAXxk+RDek168l6xgZMItJlOXsvX+ZYSDOSvnj9Ob7O+KUVnxyP5dTBYTz+/nvOFEu+GvJNxvHVGB5IqFCqQEpXW5Yo6TGIfMbXgvtyQIITXx6j65q/SLhzlnmNgvm8l/F5kzEwlCMaw9erQRXoPlLijQVnib5+idC5grA+XVkUYZq8zJPz5M0DQQq7Vt3F9Z02VGvalzpsYGfEi/xcMrumBJHx9iEupt3n5pk59KqaaXxOzR9s/7A0Y3fGEH1oOlXOD2Z4/3Bt7DIYL4hhXQd/Ptjgzbsh57n41znWzq9F8s1Us/lyc8VoOW/aZ/SiqiG9ZhHDigEd+TqiN0uPx3Dx1FzqxWnklWCBeGFQr9fn0LqKM10GFGALfx7zHFNyr4IZrwnIeLpMdKWOmHws+w/x04QfNXX/F0LsHoqoXWOv5nqxVYwA8ebnj3QHMe9oLCrSVHx+RXePRrQSX+mdUn5oEsLD/RfxKI9+PNnhK6ozRuwUQmSJu2J1e4RPs73a6zPvLxJtQPRelv2XP0c810aGWC8CKS/+s9XIsYutYkRpRNtPEvL4/pCY7I54fVpCLnl1ATFgZZYQQogrixDOTBIHtL85JWbWQdRqttds/czVn0qIaiwUFyxwoPaVRQgXZoqTeXx/L0QhHBkutqizdSJuitXtER72a8RdE9vKfBIseqMSveZfM/m3xiFdJJ4Y8pwtm4p7IQpRlZla/b4M+jYshBDJK8klrwxxSsx0RbyRw52IfsKHAB1vRLo4NBq99tLFtn4In/ZHtG1k3XuGry/AqYkI7/LbxSMj+Zq8EuH5rE1F9BNeDBDrHpsmr+S15YQKO9F/rWUOfb8wA1GrvmZs4lg/4aUnX3G8q/DOlv+T0CpaW05eiahpl22j8dOEH1XFhK06mev7N2P0KoQQ4kRL4Ux1MXZflsH+vogfN5YinBgjdqlFscDuoXo+zSQeaGzYw/0XrQyykueKtjQWC89p/n95WW4fmikixUIv/fYKzgNDXMsSd8W2fogG7Y/kilFXFiHcWSFuGiknQ3p91ofm9DPHp2eIrSLwGb7eC/Ustnx9qU6M4aspvmE6wrHkZLHn5lPLdP5+pFjeE1HT7Zd8x6wMcUhMrqiXx5ggr6dilxjrmDsfuRfqKVyyuWNM3pRzj5z8RQghxG91hPOz/u0lOaIhvj4Vu8TYioh+P+nGmJMrBEyIKVI5T+aTYNEHHzE3QtPHNe0RHablzgefilWiN4jXJ1zLX0795wjhRwUxartO5skreaHM84oX4s8Rwof6BcplChNy3mSkoAzoNSt5rmhGDTFuj+5vj/9oLarTWXx/s/DjhYifJnytEA16nCkUO3ph7mUi0tLSRFpamjhw4IA4cOCAeOmjXHXsj0zsUxM3+5JIkkSJkmPZyQMeP9R/BO1M1Wp6E/5y8DgzhXRAcTuCaGpQ7TXdJqOytdtQDdO2RCXvncXAppWwV2m2lVh3Pst9UnmUvf3h0hVwec1bu5Upq3Q9vB11v78fdYBI/uA9F93WlBJSf0J4wN14446BVtyOIPpBDRq0dcpjtesqsTHgXk/v+xKN8XWFhCtJAMRFgsq9GXVznnBRhwAf8/ZT+/Qsu9BHvJhCHQusCnr2WUj9CvPo6NaG/qNm8PVPp3JtpYiPykKFL3VsdHbilc+OKEoOY36wI8eme+Ak+fHxefONI4MNBFqpcGqyAalLEDMDLLOK+jIb1unMCWcb3VMOeyWo1ZqnHPevneEOtanhqVtNr+Wfj20pS3vS2ttB2w//L+FJZipqI/kacQiu8j51JZ2NSvU3cJ0kbv1tWn8qDrjDI5HKugHml3cmp/k9FDyGNEMFZAYMpHmJUML2CL0HLJrtjyWV9thgjwpQKhWINLV2tV6BB26NdDLX92/G6hXAGj8aNpfyNZZLp8HWvQ0tLP+egcVhjLyUHk5o16WV5VHyiKRsgcef0vhQfz39eNU3Lw8McS2Laxw/Ced2N8dWjwc1psBDYrlpJr0+60MBarX05CnRXMnma+wzfC1Tu0+x5KshnRjLV2NR+79b6O29mHYuJfFsEIY5dwFeXSyhKlOHCVs68+7mPjjwauQFUK6mLhEqo1Qi0MjKmLzJqF1XBnJEQ3y1un2c6Nuw4W1brX1aSS4M3g33L5r2jrilc54He7/jFB15vZ4mn2ncE2I/+42E53YoKKnVxr0AOXUd6tbSxYqKPl0pTSzxRp6mcP/0Ku7QkPYB/4548W/JmwzpVYraTQJ1aNRQ97eStVvjwlUuRBd+vKDafMIzBGe3+L0y2ygoFC9LMD/pPowDyf8l9OIjhBBkPgmmE2rLs0JvhCJ5EQM6LePOG1sIT9FsLRH7W6ICk4JaOcawU2T/XvtRs3G8VOikVxaTfr4UrlPYnniNHV8PpGnZcH6c2pg2/iFY4kScrKermD48iabzr5Eowpldz3z3LkE/QjLTSdrfD/HbGO3WHLMmM0bacEnsnx+7Vf75JqR01Ojs5sHmxrwx/h7+n0URm67px6mJpt/Xw/0XHj1jow/FPiY4Fx3ztLq+iZAr8NsMZ5RKJaWUb7EyI5XjPx4rdL3mJE021vyrYS5fXiR4IKDtJwnP+GlBkvgE/0KUqfTsG64qqVjy1Vy+yVhcnNOT0OjJ7Ln5lKvnupr1PWHPyYL0+5F83X4H3/SyTPV8Y+WlFOZt96lU0uw5opoaTD4mnuNS5K5mRch7qTn440mus4wOSiVKpZK6UyCJTWx/Lukpi3WpV5tTK1BS3CHnTebX6z8lXhRWLpHnBFlx/yTnIt1pszAQX2eNU1RcPEwsxmd5WRXr4217hdhwXZfvXdzHdb1mhcoWm1zvl6pJ0nM40pmfuJzRm9Ezmmnf2btx8RBPtQPwwasG3DwYrXvq8+A80Um6e5TxeR0njrC7AJOfrIr18S59hXN7E/MwPE/c3CHmvN73GSc5GwfONTTLstX9ITMmVlsWPYsE4q6Yt5/6SEtK5NZflitYIZVwp0n3kUxYvJMTG1qjjtrE79mVpqv7KEjnLJGPdWO9lM8XgxSxR7jC63QY7Z7narw6LZFbCWn5XrKo0GoUrSte5vLB/NNLqXImi/TnJ0cGbNgYlPFoSHkucuWqjid/nso9BqUKMh7qAoMiIZpUPa79eegqZdzHMqeHMw7ZK6Nx10zja63X4FHMPpPe3c8TFiz6c2P7ZyQqJrP9fATnzp3j3LlznFzsyJ1fNpntvEVz6NUYeDUyo8yfJnArIQ2Ln6z60DI8qOUPT2LOckrrQ69xKcK8PDDENQUeNKgHN1YeLdDkx5Ben/WhOX23wZsa2Xz1sj1PwkXdLOhJ7Alu6SV3xYWvhnRi7snOpSio1mUgbZ1LWGaspX3oN1TBg9ijXMh/REFZSvc0zJzyMiZvklChtIUHf+vaT004a1KOaIivomIAvo5551VFJefJZBdbtkGPBeHaeHImejVvOu1g63rjvICxOXUWkVz4U8fp21Fh3MeN6kZOUMo0GoaDufLIQogXct5kHr0Kn/Y4E8npM3rqu7ifm3hS1/sVxAvUJCUlceuOBeYehZR75TlBFmVq4Fo5hoiwGI3hPjzN0qnBxJtQYMuKDgwdAgffHceKs3+RGLuRaXNOon9aj6gYQIPKJ9j9k6Yd9Z9zCdqjd4FPNypzht3ZExd13LdMm4/2JXsJB7pPakzq0ZlM3XCNhDvhhEyYwhEbvSJdNWfwXo8I1vQdwao9V4m7folzR1aw6K0P+F+KsWPpzoSP4PysQMavPkNs0i3iT/3Cknm7SEGzveftsRDx2QgW771K4l9HWTd4LGcZQ79AjQF69l2IO9/z9WZNqbXbBz4gSO/9dXP0U+fQNQUrGlctWMGKvHB50zjmrznEpdhbJN0IZ8PP+3lKbepk+/pSb66gTdlgFo8MIzounpPrh/LpH/nl2QMkVHkWJMsiiqXtnGngMrdAkx9lKcgskf+Vx5INB1GZ7YQEx3ArIU2XXBmwYaP0WW8KQ72O83O/lRyNSybu5GQ+3JT7HrVeg5SjIWxL0SxIbJ+/kit6fK1eB9Qxv7Evew/o7R0j+TTMNL66DNxCZ+cgJndfStilG8TeOMuBjQsZN3y1yefhmaPoz4vtIYat68Gxy0C61qyJl5cXXl5e+Pcdiivb+NVcuwTMoFdj4DxqHZ2dg3i/8wr2XbpOUnw0B1bP5cejpt/r9FQXqrq0ZtF5LIb6HcqRFrGSlWfu5E6uzCCvKn0XUqPEMv478ygXb8dzOmgky2KemUQXkAeGuCbhwBsfD6R07Gj6fRTG2dhk4iOOsiX4HYYvjDKbXkv1DaGNXTDzAjcRHh/PpQPjmBpkRc1pgdTR4+vJd5cRpdacgPDD/P38rZfwFAe+GqMTsz59IB11OgjVS57GHH8db6fqBH5bgCUQlTsF2felwIOAJnBxscYOE1N1XCqovIzJmxT40MofrvwcyjVAqHfx2Vc6HhiTIxriq4L2TJitIGJWH01elRzHpZNh/DyzBwu2Fp2cJ/PAV+x51JkugbW18cSnel8GtoSrS40rtGRsTi34m7Cx7xN26QZx4T8w4XOo2mMErxkb/2rOYHo7TR658uhVkpLjOLd3CZ+H3CyS8ULOm8yjV1ExkOHNrxD67ixNGxdXM/Hd/ZR2G0E358KPF1yfQ5cqTnQaYYFztgsp98r7CTLtmRc6gzLb6+Lq6kbtRh8S+fbntDJpO4iSZkGn+HTIAWYHuFPX/1uyRr9HXay1D/oVtOfDVYN5sKY2jtW9aT/emZ4D9W5R7b8EryzP2SFVcKzmTYs+kbSb2QM7vfqQZTrtZPNCODTBkxpOgaytuYTA8o9RZCqz23AnMDSSJW9F8k1gPbw9A+j0djDHbRvjY8LeqjqT77J9pR2Rn7bD27U6Td8K4qy1i3bTg8+ka/w88TYrBtXC3b0L86+MYd6xb+iR835EpSms3deOm9NdqezqRreptejUVV/m5ulnYcDG9gEHg4bRyq8qzm5d+fTaGBacn6N716jkMIIOzKBC5Fv41azPf4I6MHpI/o/dfmwg4Um9AyrccCnAaj3A0wcFSLyqfcC3y8pxamINHF3saZ1Tvc8IGza8QNOIKfuDec1uIl1rVaXDIOg3ujklQMsll6GnmNc9mCHVHfGoPZLtr0/DX89lVBgayZejjzPOrzLVvbzp82VrRr9jIl9terDs9Hq62f7AuAB3vH26MGTBfjJ9alOuqBjng81sPmSFd3ff3MGyWleaul8x3/mVZtBrBj/SJ/tdn7qfwrXUQZSTJKwlb8bvzZa5dX+WnV5PF/v5jAjwwK12Fyb9/JiK1U1f0U1NAVvccK1gOfFX6HeQhf12Mq95BZxcXBm+znzykipNYe2u/qhCm9PQMYDxv4xgTDewUesmOwXlgTFcs6kXwm9HR1Nh5zjaeFXFq1kgH4U8pm5d41/iNKRXhXV/gvYtps7NUbStWZOGPY5S9v3fWTXfKRdfp771Fd2qV8a95kiONemHj947ZcWCr0b5psLF/bvpPKEcFavYFyCiqMlCne+nbxIOdPtyHV2qzqWtW2VqOQzgp1TzyctQ3iThQLdPg2lmNYiGldzwb76VusPaUcKEHNEYvnqO+ZuwlZU1eVU1L5r2ns2qqDp41i4q1qnm5Pr9CNrQzDm3hhv3UHA3NoRfU41Jto3Lqa1oRfdpD/ikczW8W87npudqgtf7oTI2XuDOgF2nWNAvmqW96uFWpQG9Jx3HxsG+SMYLOW8ydrL2cr0qcGfEr7/zXs0fGRfgTm3/DzlfeQnfn+6D8z8sXpjDNowzzsJGfiuimVTNMH+Vn2VYviqpqVWss8RdcX6RnXB6SXW6rOS5og12uSphmlyhUtwUy1sgGtTbLhIeFQ95mlo1t6jyVUbhIKfCZ+MeZ8Sjf8iYcqrx+k+OKv5ck1EoeJi6Xgx3RrSfk1ckSheH3zZDNeTjXUUVAsTcUw+LiX+wfN5UWHyVIccLOW+SYdEq1mbB1a38uP0CsSlPUN85zIoPN2BVP5COZixYkyVOs+37nYQn3SP9aSJHvpjKAfrRtyMyijPO98fduhKvL6pNx28mk5c6Hxz+mThmMWtI/h+zK3DmzYX/wdFqILXtbegwN6XIiSP+8A9sOXyDFPVjUmN/Yv734PZJF5yLGV9lvBoobu/gRFxHRgT5oSqmYxCkcGptCPsv3kb9JJX4A5P4cnd9evapXfy4JqPQbWdNB4lyVd8jqvxCPhj/4ooWmUSyYx80/WlsgaohZzX5nE+HJhLczg5naSy/FzF5FEbeVFh8lSHHCzlvkmH+oGFpRM8RvepXFvbW1kJp6ypatF8iDt8xbxOZYpdY2MJGuNqVEMqSdqJ2wzEi+FiGvBzyD3iCLEOH6yGdRUD1csLGxkbY2vmKnrP2mH8VtBD4KkNG/n39TfHrpJrCq3JpYWNjI5yrdBbvhtwsnlyTIeOVcsnyeVNh8VWGDDlvkmHuJ8iSEEL8mxcIsogidOxSDpfM+5BRr+6LGd3GSl5NkSFDhgwZL0fiehbMP0qC4sUbtKzS3ek6+13aVJFFJUOGDBlyvJDjRVHAvXv3ADh37hwA//oJsgwZMmTIkCFDhgwZMmTIkCfIAApZJDJkyJAhQ4YMGTJkyJAhQ0YhTJCvLpZQWdvj6TaQxSeyLNyamgtL2+LrVoqykh8fG3l2WyaHmVJZUzpfkpT0CUqXLUOGycgihqWvSbSanviPHePtdeVRZR8z4SzNKtC50zLyifi5tJACWHC1eHU7g92Mc5IYGGzZTUtyzJFRvKHmlx4S9d48apa7Rc6U8HQIeelZvXuGSdTpcNRiIyrysfH6dPxKaPiokpoVO9/6T8GeYRJezffJgngRzvfHzbok5ZyaMWxJjMWbSzv+f3T2s8PBxrSitf+kHNEsE+RMDjPFTdKdd6kHz8mCR4/C+aj+Opb/3w4smQZksJ6P3t2Hy8gr3BLhzK73YgI26Zn74GorWrDoliBDHGJyxccyEY3Qq7md4rM6eTbAK5VKOhbxiaeEA/W7BdLJ3/qVysscuL/WiprS0ucOh6844A7pQnAvRKE9D1NG8UFeejX3BL6l1Fl7Zmth+yY55sgx598Sc4xB2ebv0HGiF8qXXFOpfX86vFH5lcbGV+qbqs0nPEMg4ubQkCyZiMUNrzjmFIpvqreemCfJHJhykd/fXWzRqvhZJLDx/R9IylzLxdTH7PrQ4V+ZIxZK/6US7gS0hKdbk0gAPCzUjtXtG6SJurz+hnOxLksvQ98pneb3X+DN8T0J/+w3EuaPKLJHrUg40PKDNbSU1SZDxqvlohxzZPwLYo4xqNYliGVdXn5NvYHr+EKOjTJkFO24hgN123eiLIkkPAEs9CxGkEDcX1BxWDOc/oWBrUGDBoART5AjZ0pU9VrKzlVv0tRNicrannrVVhBpYoM2KsgsbfltZGoki9w3iyhWv9OMpq7lcbCxoZxTMwJnHCFBr+Xt/SWqd1zGkgG1cHUqS4UKbXhvzd1c97m1/x26eEuorJxo0mYFC/votpS8cAvijrq46J+hmLieSb0b4O1YBpW1PR41ezNt7c3cnU1axZg2ZXGwtqdmzbF8/2ELqultdRCkcDK4F61rl0SpVOJSszdTQ+/mT95pidxKSLPYUxqr65v49fIwek/tSW3+x/aEZ/Wi2brVfEwYGyf74G1nhbKsE82nhcOJbniUb0OPN5wob+fLsBVLGN5Awk5qwzy9rZfqxA3M6O2Bo4M1qlJudOi6hjNq4/WaRQIrWuq2Sz67jSxH3p19nXGysUZVwZv2PVZwRE/kt4MlKlYYyxdfdcbXrRTlbN3oMuMIKcXMsZhtrC+1YY1O9LcEivtBdJPqMuW4sXzVnAO6epgrbtYlqVC1C2O+nfjc1uWX24aRvkOc5ufJzfCtbIvK2h73+oF89dtD3QV3d7FgYG3c7EuiKuVGy2fklSVOs7y/h6afFdrwzo6E53lohn7m2HtaUiKJFnTV9+78xozOFXGwsaF6lREER2TrMHkR7aQajN+buz97hknUct9kMhfkmCPHHHPHHEEKv/TI8fW6j7M0i1MmjDWDH+krVWbYhu3M6O2Bk401pez9GP0/nR4ePTrKwl5VcLKxpqpjbz79/Y4JtqF51SCnfy/aYp1FFIv8ddc8u8XasC8veGwsTkjeO4sBrX00ftrKCe9WY1l5IVN3wfXp+EutGf3TRDr7OmNvb49fwxW5/LDBmJN9j6/1FHl4soSnxybSjYyvghROBjXF11GilLU3nT9fyggXKddrHCJLYz/eTlaorJzwaTmZtfpjMSHWt/Z2QKlU4uzWhreDLmp5mUUM22a2xtdR88qLT6Oxz7Wh75v8Oyzl7L1n2jBDP3OQlpRIUsrjV2IbGfzKyLLP+438vtZgUwhRDaBk6eKaI5oHRm2xTk5ZzOcre7D4yH1S7oSz4luPZ1bLlTg6eVHZ9iU3UYHigYVXV9IfASpsXtIPpQNUaKDMx90TSMt4i6kr9xMef52joT1Qr27BkHm5HX7SrhBuDDlLXGIy+z4+S+jg2ex+rEsAB3ZeztOWewiP3c+CN5cStN3EbqT+hag/k6AdZ7j41znWzhVsD+yqnRhkcppFrYezP/1TNp0/z6/LJTZ8d4QM/cAZVIHuIyXeWHCW6OuXCJ0rCOvTlUURz0nLoF73/J8zNVwGFGhry8t0cmP7ZyS5daVlhSZ0ar6LretfnCZfCplFSPkfCEtOJzVmOx+0LaMx8LvpuM48wobAc2wYtZlaP11lZb/9rJutEVjW462M9evPQbsFbD56legTS/F/NJiRbfflIuPL9KrAmZGHBJniGktaPn6BQ0gnKdmNHjO3sv/SDS6eXETHlFGM7Jw76X+QEsre1MXsi31IzIkWJM8fy7zj5rRhE5xYuTaUb+GQD+dX8LEaY8MF56uao2P8mbClObP3xXLq9wFI331FpJ5LNNY2Xj7JiWFdB38+2ODNuyHnNZydX4vkm6na71cM6MjXEb1ZejyGi6fmUi9OI68EvX7O+KUVnxyP5dTBYTz+/nvO5LOfBvV6fQ6tqzjTZUABtvArK+Bk4/piPyzBycXBlBq3n7NnQulbJZjPe2lsQ1QayLD2Vzn8+VFtkpXJVlZtLEHDWb1xkGOOHHNeccyRcKDvVkF6ejrp6ek8fHSIGY3BuUtrPE0cqyCZXVOCyHj7EBfT7nPzzBx6VdUl1bG/LeNwy185duU8wSMjWNJpMD8kGG8bnpMFQgguzMgr+fNhyinNNbuH5t+XFyQ2miPmmM03GaJBaipVA79m7bFrxMaFsaDhRubUe1c7VoBMxR8cXtGIRccSSIn/Dt+kUUxdbHzMMUd8vb+zE73GqvFbEsWF2JUEnhvP2gSbXIsWoT3r8OHBNswLiyM2LoyP6q5ner0POGzC/PFqUDm6jrhFnRl7iI6LZ++mAbgkXSNnPSDqCw+GfKpiUMgVomJ/Y3qNIKboyUskL2Jgh/Wk9z5CeOx+Fndazhdh5K+fBvSayWE+ru9Mk3JLTH64Z4xvMmQbJejOins6v5Eet4gu9mXw7ONterxQlkaQzuNHFp4iPwSrDOU/OEc0prMGcGEGoiIDxYa7BTuAWX28u/CklZj3x0OLHPCcJe6Kk4sdRRWGiy3q/N0jQxwSkysiei97ZNT1pyYivMtvF5qr08W2fggP919EjqiykueKtjQWC89p/n95GcKZSeJA9veZIlIs9ELUarZXCCHEU7FLjHVEDFiZpWvktzrCmTFiZx59yBSRYmEjRPs52a1G9BM+BIjPr+RckS4OjUZUZaY4kNNGRUS/nx7p3eOmWN0eETAhxmSZbeuHKENn8W2K+XWaKa6JJS11Y7uyCFHTTSdf/Ws87Nc8f/j78a7CO1t2T0KrCBdmipNCiOSViJp2a8Td7H97slBc0P9dRD/hxQCx7rFxen22L69PSzA4tic7fEV1Pb0mr0Q46tluhjglZroi3vj8UZE8UP1eiEJrU2YfqwEbztGJT/sjOv7fWya6UkdMPmYcXzPEVjECxJt68k3b0VhUpKm2XcO2YQT+HCF8qJ9nv7KS54pm1BDj9uj+9viP1qI6ncX3NzX9DHymn/dCPc3fzxzETxO+VogGPc6Y3WZy/Ju+n7kXohAuej4xbUdj4a5nG/dC/UVVxohdajnmyDGnaMQcff0fmoSozkxxSK1n40aM9alYJXqDeH3CtRfcOV1s7I5wZ4W4qr2HRk9amRu0jdw5nIf9GvGyFG730Nz+1DhfbpnY+EoRN0c0p4meLb+Eu0+fiTnx04QfNXP5+t1DEbVr7M3muuGYI+KniUa0El/pJTOHJmlk/MgInWSJu2J1e4RPs73a6zPvLxJt0PMxf454ro0MsV4EUl78Z6uxfmurGFEa0faThLz9mntufWc8XSa6oPM1Vxbl9k0Z4pSYWUfnm8zRz1z9qYSo9myctBCesw19LmSdEgsbIhp22SPyM63KfBIseqMSveZfE3ct0vt0kXhiyHO2XLxyxPwhLS0t18eopasytKGgC3slm3zL/H5/8HGrUlTS375lDpzvj4dUjoDJSpot/5geFth/IEjh5NKetPZ2wF6l2R7h/yU8yUxFfyej0sNJ96RDWR4lj0jKfhwSfwpU7s3w167geuBV38SOPDzN6neyt2tKElZSHd4/bcOTu5q1l/vXznCH2tTw1K161fLX2z52+zjRt2HD27babR5WkguDd8P9i6Zvf+q2XnBP/MZoewssYT3YzJZDjWnZUyNRz/b9UMVu4tcXPDlw6uT7wvfEJJSogJJKe2ywRwUolQpEmpp0IOIQXOV96upvfam/geskcetv4/Rq7BacgU0raW3HuvNZ7pOK/iKgFU442+T0W4W9EtRqNcUNBR2rIRs2B18VtyOIpgbVXtPthSlbuw3V9Aq0GGsbL8P906u4Q0PaB+TxBDJqNwnUoVFDPV9ZuzUuXOVCtKafsc/0s0ztPmbvpxbZxWrObvGzmH1U8XDVjcWhNgK19olxqU4zaa0MZkOIQJDC7z+ewqnHCNrbyDFHjjlFK+bc3tyVoV+04v1zn9DCxvSxSiip1cY97w0Q7b313p33IaAu3D4cbZJtFIYvL2hsLC5Qx/7IxD41cbMviSRJlCg5lp084PFD/afyzlStpiebcvA4M4V0I2NOQXWSRRSXroDLa97aXZ5Zpevh7agXk6IOEMkfvOeiixclpP6E8IC78cadMKC4HUH0gxo0aOuUh++6SmwMuNfT+75EY3xdIeFKEgBxkRrfVFebE9QhwMe8/dTlG5qiiPFiCnVekW3k8PboGH+++WsmX4W2JT/TKkXJYcwPduTYdA+cTDg5wRhksIFAKxVOTTYgdQliZsA/N0c0StZGbSOzVxa4AMnTE+8wfUMrZv/xkHixjI7mHEW99cSo73J8sZqjo2az1QKvGTzY3Jg3xt/D/7MoYtM125JOTbS8U34qldSnIYen+DNpoy+z9yZzV2RvXfIzbcBqajD5mGYM+p/IXc2KVEC6s+1TjnCSeY2VKJVKlI23cJ4d/B76vHO0qpz/Lcce7r/w6BlZPBT7mGCmyiwieREDOi3jzhtbCE/JbmN/S1SQ6z26kjyf8WVZFa8J8qsaq5DSc70Lai6+msM2FBRsO7z0rPdVSYVuw+ZEyVIvS2Q6MHQohH/zG3cfbODHXz1oOS1/k3U55sgxx2IxJ24RA4bH4/9dKGPr53esZbEuZVr/Mu0KzzaM9eX/BmRymk+6D+NA8n8JvfgIIQSZT4LpRCHE50fm10k5xrBTPGujajaOlwpdtspi0k9z2MbtzV0Z9l1npv6uW1QzFVlPVzF9eBJN518jMY+TE/KLEvQjJDOdpP39EL+NeeErfv+mfFhRWA0lX/yVTPrQ73XbPCbb6oK9RG/jgH/foVQnij9v5J+qylIvfmr356GrlHEfy5wezjhkrwTFmXgeQS1/eBJzVlvMI4trXIrInQgrbeHB37r2UxPO6oyDaxz/A/xGzaJ3ndKoAEEk5y7r7lHGoyHluciVqzq5/nlKzzgrBuDreIVze81TLMNSBVMEKexadRf3Dr9w7tw5zef8cX7omcr5lfvN1l6t1+BRzD6T3r0xeYJz5icuZ/Rm9IxmuGdHgxsXD/HUYhlugkWL2AAoVc5kkf5cG+YYqyEbBiVKFWQ81PFEkRBNqp47M8TXrIr18ba9Qmy4bgT3Lu7jut49zGEbZRoNw4Ej7M4j0Aif9jgTyekzeuq7uJ+beFLXW9NPL9vzJFzUJehPYk9wS28xwLw2rCYpKYlbd15VuqGkxTv9sIlYyXfBq/iT0QzN5yq2HHPkmGOJmJPFIWZ1e5+0dhsJ+r/cz4DMOdb03dF6R6hEcfwCONb1NpttFLm4ZYRvsmShJQBhK6Hk0XPvdyrun+RcpDttFgbi66xZQFJcPEysCWWEjYk5QmWLTa73S9UkJRivEwU+eNWAmwejtfaqeHCe6CQ9vvq8jtNLYpLRYymdt51LeOLmDjHn9b7POMnZOHCuoXmcXd0fMmNitTaeRQJxV8zbT32kJSVy6y/z247RthE/lwF94vFdHfLcoppJ7cUe4Qqv02G0e55PoHN8ZH5jUoVWo2hd8TKXD+bfy77aHLGYTZBJh6yXVETLzAhmoJMzLVrvyb9zU9lCAV5eV+BBQBO4uHglR+OSSUzVBeHqdUAd8xv7sot33t4xkk/DTLt/lb4LqVFiGf+deZSLt+M5HTSSZTH67fvQyh+u/BzKNUCod/HZV2hfPJdwxqs+XN+2T/M9KRyd1YNND3REzKw3haFex/m5n2YMcScn8+Em3T0UtGfCbAURs/owfvUZYpPjuHQyjJ9n9mDBVtNlZo6CKS/U5dMthO6B+v164+XlpfnUbECPt8px52gIu8zk51wGbqGzcxCTuy8l7NINYm+c5cDGhYwbvtp85zH6dKMyZ9id7WzUcd8ybT7mLyiQjdNTXajq0ppF5y1H55INB1GZ7YQEx3ArIY3UdPON1ZAN50wKU46GsC1FE1i3z1/JFT13ZoivVnRg6BA4+O44Vpz9i8TYjUybc5InZraNrJozmN4ugjV9R7Dy6FWSkuM4t3cJn4fczE6oAxne/Aqh787StHFxNRPf3U9ptxF0c9b18+S7y4hSa6p6/jB/P3/rTZDNasPX59ClihOdRoTzqpBVbzaDvTbz8QcRuEwLzP+WODnmyDHHzDFHkMK+Ma/x898z+Xq5Pyq1GrVardW/OccaxyfM+OIMMX9fYu+s0YQm9aLvSAez2UZRi1sG44IZ+GqwjYoBNKh4gbD5e4lNukXaXU2iIcrUwLVyDBFhMRp+PjzN0qnBxJuQQhsTc0TFABpUPsHunzTtqP+cS9Ae43Ui4UD3SY1JPTqTqRuukXAnnJAJUzhiY5MrJr3XQxOTVu25Stz1S5w7soJFb33A/1KMHUt3JnwE52cFauw86Rbxp35hybxdpKDZ0vz2WIj4bASL914l8a+jrBs8lrOMoV+gJnZ59l2IO9/z9WZN+eLbBz4gKByz9lOr1+wiXY2rFqRIVx5+wwjbyOIQs7r+l7TOP/P1m7aos/1Gvqaf6gdILykMmUUUS9s508BlboEqOitLQWaJ/D+xfdU5YrGaID9OB6sHeW/UVqTcIUUCu3pOBXz+IPL9WwkHun25ji5V59LWrTK1HHRBuMLQSL4cfZxxfpWp7uVNny9bM/odE+9faQprd/VHFdqcho4BjP9lBGO6gY1aqWv/02CaWQ2iYSU3/Jtvpe6wdtrDqiUc6PbtFjpXm0KLSq7U9uzCF/dXMzzgiZ7jasSU/cG8ZjeRrrWq0mEQ9BvdnBKgfYriOeZvwlZWJvLTdnhX86Jp79msiqqDZ22KDB7s/Y6jojOtOuXeSlOh3Xu4s4uwPcI8BLDpwbLT6+lm+wPjAtzx9unCkAX7yfSpTTljb3LyNZwkCSvJg/GH4MBnzkiSRCVpBJsBqv2X4JXlOTukCo7VvGnRJ5J2M3tgh7CA5NSkpoAtbrhWsJx+RLUP+HZZOU5NrIGjiz2tc6oem2Gsxtiwy9BTzOsezJDqjnjUHsn216fhr+ceDfNVSbOgU3w65ACzA9yp6/8tWaPfoy7W2jbMYRsK3Bmw6xQL+kWztFc93Ko0oPek49g42Gu/H/Hr77xX80fGBbhT2/9Dzldewven+2S/U6/p59S3vqJb9cq41xzJsSb98NF7b80sNlyEoMCHfuPB9nEz+oxwkmOOHHOKTMzJ4hp/7IQbt+bRwsEalUqFSqXCrZTumCdzjdWty1gaHWpJQ5f6DF9Rn3E7l/MfZ+NsI4Mf6ZP93mbdT+Fa6iDKSRLWkvczx6i9BOaIW4Zioyl+wUx8fRlK0J4p20Zje6wT7k6O1CuvmVApaM+80BmU2V4XV1c3ajf6kMi3P6eVSVusjYg5tOfDVYN5sKY2jtW9aT/emZ4DTdNJmU472bwQDk3wpIZTIGtrLiGw/GMUmUptzAkMjWTJW5F8E1gPb88AOr0dzHHbxviY8C5lncl32b7STmPnrtVp+lYQZ61dtFumfSZd4+eJt1kxqBbu7l2Yf2UM8459o63XIFWawtp97bg53ZXKrm50m1qLTl1zx05z9NPy8cqwbUjJJzgWBWd+a4ezUqn1G/75PObpZc+HBOmk3gEVbrgUIKoBPC3AKRCvOkc0T6JbCMh6ek2s7oGoVX97npX47oV6Csfsyq35r5K6SvSWEF0/uSkeiaKPnIqD/pOjLNrOlUWaipg3hYx/OnKq/TXucaZYcKBI2XB+Kz/LMHsVzVMTNZXm86tvOebIMUeG8Xzb/gaigRFVrF8lzMHXIodCiDn5rfwso2j67/OL7ITTS04ZyEqeK9pgl6uSvsmVssVNsbwFokG97SKhmCSS5og5+apiXRBcXSxha+vHRxEDGPV95zzfBTvx61Wq9fiEwc4FWf3rz9SlAdxcUYPKZq7uZpbFCFI4tTaE/Rdvo36SSvyBSXy5uz49+5h3GT3+8A9sOXyDFPVjUmN/Yv734PZJF4pgvR4Z5l7NvL2DE3EdGRHkh6oYj6NQbPjqVn7cfoHYlCeo7xxmxYcbsKofSEdr2Y5eGR6nEHvuK6Yuscf3m9750rccc+SYI8M4rqUlJRJ39nuCD4F7R+8i3Fnz8PWVoxBiTpY4zbbvdxKedI/0p4kc+WIqB+hH346yyRdrnO+Pu3UlXl9Um47fTM6z6OSDwz8TxyxmDcl/BqjAmTcX/gdHq4HUtrehw9yUIieOQok58ppM4SFT3BS/TqopvCqXFjY2NsK5Smfxboj5l0Ovh3QWAdXLCRsbG2Fr5yt6ztojr+TLKFYoFBuOniN61a8s7K2thdLWVbRov0QcviPL/lU/3VTgKloO2i77LDnmyLDwExclCMnKUTTusqZQzof916MQYk6m2CUWtrARrnYlhLKknajdcIwIPpYhy16GnCOa+ARZEkIIeWlGhgwZMkxA4noWzD9KguLFm3Cs0t3pOvtd2lSRRSVDhgwZMoo+sogidOxSDpfM+wwir+6LGd3GShaWjH8c7t27l+v/8gRZhgwZMmTIkCFDhgwZMmTIE2QK85gnGTJkyJAhQ4YMGTJkyJAhowhDniAXM2zvrzm6QZIkvJrvK74DuT4dvxKacaikZiy4Kuv2VWDPsOJoR2p+6SFR782jFm0lgw0MkiRUFbxpPziMBAuPSqStZ3IrJ5xsrPFsEGb0GYm315VHle0TnKVZBTr7UIaMoohMDjOlck7sU9InKF0WyivA/bVWVJN9TLGOF3Lu9Q9FMdRr5EwJT4cQUopo/4rVBHnPMIkmPcMtHgBqSku59szfn26uqk1CpWwn2LbPUvYUsma7rRcIIdg91HJjNXti4yYxfN0zX1SbT3iGQMTNoaHema4yilHC+iK9/oM4X4J+rBGCpLBGpKyZyUoLVyiO+nwA6w8MZHXSE66e6/pc9eW8+llxwB3SheBeiEJ7fq2MwvFvxM+lpdRZe3axNnlNXkRbvXihLOuET6OxBJ96WHwFmsdYC8OvWNGCRbcEGeIQkys+lo1bjhdyvDAQL/Lkq5x7Fbl82CzxohjqtWzzd+g40Ut7drY8QS7GKEVnPjt3lejoaI5tnUz1mPGMbbjJ4iuFMmTIeHUo3aQbXkTxV5xl20lKBFX9NjR3kGX+z4Ad/b65RnR0NGePruC9mkFMb/wuW+X5nQwZcryQ44WMf3m8qNYliGUfNiyyR5K+ZIKsZnt/iToddNsYxf0gukl1mXJc8/8solj9TjOaupbHwcaGck7NCJxxJNeEMUucZvUwV9ysS1KhahfGfDuRFlJArsf/6sQNzOjtgaODNapSbnTouoYz6nyM5nEKSUlJpKZbSlhKqnt74OXlRYPmI5k4GB7GHiVnKMl7ZzGgtQ9u9iVRWTnh3WosKy9k6m5wfTr+UmtG/zSRzr7O2Nvb49dwRe6xJq1iTJuyOFjbU7PmWL7/sIVJW5oEKZwM7kVnX2ecbKw12316rODI3WLInsT1TOrdAG/HMqis7fGo2Ztpa29qv85gN+OcJLrNW8OY1lVwsrOjepURBEeYYH/ZOvlaz2gPT5bw9Nik3bJkUK/Arf3v0MVbQmXlRJM2K1jYJ/fWZZGl4Yq3kxUqKyd8Wk5m7TP3MAa3js1mYIAbDjY2lLfzpXvfX4jMGSsxbJvZGl9HCZW1PT6Nxj7Xhn4//Tss5ey9F9tP69olUSqVuNTszdTQ/BlPWlIiSSmW8+6PHh1lYa8qONlYU9WxN5/+fsc0rhnNKRVKMlAXgsmXAIsEi8LwTbeDJdykRZxCFx8WeUu0m5dotG8q1HiBmrSkRBItuFvXrro7Xl5eeNfpyqgJXSnLRc7/abxfSQv/guFNy+FgY4OqlBv+ATMJu6lnmxkxbHxHc49yTs14+8cZdJM8GL/XeP9mLt/0qmEoHzEmXghSOBnUFF9HiVLW3nT+fCkjXCTtlu6cewwM1qttuqMuLtJYfjdnvDCTH35ZvAA1f27uT2tvB5RKJU61u+SKrwDq2B81nLexoWbNsYRcqm+xeKFOS+RWQhqWouOtY7MZ2LSS1jYGzj2j3dppjF7leGFavCho7mVMvDDEV/P6t1cbLwzZsFn0CmTwI32lygzbsJ0ZvT1wsrGmlL0fo/8njJoXGhO3ri7WPS1/4RZrA7l/EZggG4ME0jLeYurK/YTHX+doaA/Uq1swJDshAjVHx/gzYUtzZu+L5dTvA5C++4pIvWazHm9lrF9/DtotYPPRq0SfWIr/o8GMbLvvOaEpHaBCg7wfxt8O9cTdyYt3tuR/RKJcG8q3MGJJ7s4h1m+AUm7N8Mz+U2pqKlUDv2btsWvExoWxoOFG5tR7l916c4RMxR8cXtGIRccSSIn/Dt+kUUxdrJFXJqdZ1Ho4+9M/ZdP58/y6XGLDd0fIMMk5p5OU7EaPmVvZf+kGF08uomPKKEZ23vScPI0ea4GgxNHJi8q2+fhp6l+I+jMJ2nGGi3+dY+1cwfbArrmIiAQnvjxG1zV/kXDnLPMaBfN5r5yxGrY/o7phQK8ieREDOy/nacs9hMfuZ8GbSwnarp+4JRDasw4fHmzDvLA4YuPC+KjueqbX+4DDJswfH58PpHWz7/m701L2XbrB6TOL6FniBjluI+oLD4Z8qmJQyBWiYn9jeo0gpjzbzw7rSe99hPDY/SzutJwvwnK3cTWoAt1HSryx4CzR1y8ROlcQ1qcriyJM02smh/m4vjNNyi3RS8jyYT0v4Xzsb8s43PJXjl05T/DICJZ0GswPCcZxzTQeqMAWrCy6O1aN9AgopSq4b8qHDRcN32TeeGFQXtfn0LqKM10GFGBLprICTjau2Bjyb08T2PNjGA/xo14t43SSyWkW9plMdOXV7L1+g7jwTcwb7ZzrtpHfePB/33sxJSyWM0dmUuWn+ezC2oRJpQm+ydixvqp4YTAfMRQv4P7OTvQaq8ZvSRQXYlcSeG48axNsCjVemOaH8x8vHp/oR+/e56jw3l4uXT7H+vEJrAnsxqfHdPb3SfdhHEz7krDLV9j2TTo/f3k2F+fNFS8A9vyfMzVcBhRoC39e8eJxxCi6NNtGyX6bOfrnZY6G9uDxDy0Z9IXp78gVl3hREL4WNF6YI/cyJpc1xFdT/FuhxAtj/dsL4oU5bNgYvWpkn8yuKUFkvH2Ii2n3uXlmDr2qGreoYEzc8pyseVX0wowC5P6FgbyPTE4X2/ohfNof0f4l694y0ZU6YvKxvH91aiLCu/x28UgIkSG2ihEg3vz8ke4g5h2NRUWais+vaP6fvBLhycLch9RH9BNeDBDrHpt2yHPy2nJChZ3ov9b8h1I/Ca0ilCBsbGyEjY2NAIRr9Uli9928f5Px9Bl5xU8TftTMJb/dQxG1a+zVjtuHAK1shEgXh0YjqjJTHHjm3ruHImo122tc33f4iuqMETuL4mnfcXNEc5rojTlvZIpIsbARov0cjdCfil1irCPi9WkJ2mvuhXoKFyaJA0ban4ifJhrRSnyld8L4oUkID/dfxCMj9Xp5GcI5u01tP7309PPniOfayBDrRSDlxX+2GiemLHFXbOyOqOn2i3iRyWWIQ2Kye25ZZDxdJrqAGLAySwghxJVFufuZIU6JmXV0/XwqdomxFRH9fnqkJ/ObYnV7RMCEGJPUmiEOicmVENWe5bZZkC42dke4s0Jc1fZTYws5tmGQayYgU1wTy1sgGrbaLq6lW4YGjxJXieHOufVnKu6FKF7oKwrLNyWvRLiyUJx8hgdtP0kwyjcVdrwQ8dOErxWiQY8zZtdn1q2Fog0IbJTCxsZGKEGULd1ZfLk302idaHwEoveyR3lz7BnOi2P9hDu1xLg9Rvo3M/imwkSGOCQmV8xbJi/LRwzFiyxxV6xuj/Bptlfr+zPvLxJt9HSQc48cnyqEEOK3OsL5JfHV1HhhDj9sKF4IkS52D0V42K/Rfp8proklfnp8iOgnPF/CeXPGCyGE2NYPUYbO4tsUM3NR3BXb+iEatD+SK6ZfWaSJITfzqdfiHi9Myb1MjReWyr3044UxfDWrf3uF8cIYGzaLXoUQT8Uq0RvE6xOu5WteaChu6ePCjNw+yNjc31JIS0vL9SnQE2RBCieX9qS1twP2Ks3jcv8v4UlmKmpAcTuCaGpQ7TXdKlfZ2m2opvcCecQhuMr71NV7QV2qv4HrJHHrb9P6U3HAHR6JVNYNsMxiQik6M+dEFOfOnePsoTX0cv+CSS1DtC/1q2N/ZGKfmrjZl0SSJEqUHMtOHvD4of4je2eqVtNbTyoHjzNTSAfuXzvDHWpTw1O32lTLP3/bYwY2raTViXXns9wnlUfFbc/cw9OsfqcZvpVtUUkSVlId3j9tw5O7uVfMytV01P67jFKJQE26kfZn1FqtAb3GnwKVezP8tTr2wEtvJ9r9qANE8gfvuehsvITUnxAecDfeuGPIs4jieCRUHdEMhxdy8SqxMeBez0lv/1VjfF0h4UoSAHGRmn7Wzf7aijoE+Ogut7p9nOjbsOFtW20/rSQXBu+G+xcTTZJZTlGdeDGFOhYyD1V7bzy0//MhoC7cPhxtFNdM22bjzuAl07E+3Q0PlZIOc81XmU+QwpoOErZOw9idOZNPPnKyzPOGYuCbCjte5BQ1ObvFz1Ib5ui3MDtenN/LkrcPsaD9KLalGKcTBR0YPRH+GFubJm8MZ8K85eyIfPBSzguf1/DmqdE9NIdvKiowlI8YihdZRHHpCri85q3dtppVuh7ejhRqvDCHHzYUL7JI4NI1sHvDW/u9Ane86sH9A9GkZHP+wUs4b854AZoCpPfEb4y2N69dZHGN4yfh3O7m2Or5jRpT4CGxmHvjphwvzJd7vSxeGMNXs/q3VxgvzGXDxuhVs9FGSa027vm0/5fHLXPm/paGSRNkIaWjRtL+/8Hmxrwx/h7+n0URm655ZH5qoumd8HD/hUdC8/ucz0OxjwnORSsA53oHuUUgX3w3gqyohaw9r9uOdCD5v4RefIQQgswnwXQqlDdR9HSUvIgBnZZx540thKdky3N/S1RA8ToYQ83hKf5M2ujL7L3J3BWCTHGNJX7P70lWmjuPe5R7u4g59FqOMex8xsaFULNxvFToklW+VOo1mHzs2X4KInc1KxZWk2ln/ntmEcPq8fN54L+da+lqdn1ovtcSJBwYtEvwKHEVLUvO4+OPEs0vk3+Ybyou8QJ075R51W3DoKWh9LYOZsmSFKN0IuFAiy8EMZeXM7GnA/f2TePNuv6M2y/M5t+Kmm8qCIzNR8wdL55KJc3OtaLihxUoybUbVFWueMYLAW0/SXiun0niE/yN0KscLwopXjwyf7woTv4tr3iRXxvOv17LYl0qf/PCgsct43P/VzhBVqJUQcZDnfAUCdGk6v3kz0NXKeM+ljk9nHHIXt2K06uRnlWxPt62V4gN15nzvYv7uK53j1qvwaOYfSa9i5knLFyk63kRVcSGuyTfBsX9k5yLdKfNwkB8nTWOVXHxMLEmvA9WxqMh5bnIlas6Q/nz1MtWWdKfcxTSmZ+4nNGb0TOa4Z49E7px8ZAJzxRyG6qlCy0JWwklj3j86AWrvn+A36hZ9K5TGhUgiOTcZRMClRH2J1S22JCu176aJL33WI3Ray1/eBJzVq840TUu6b2DVcbndZw4wu7jBSGqDwF14MbKoy8syiDhiZs7xJzXC5gZJzkbB841NEuq1f0hMyZWu+MhiwTirujpomIAvo5XOLfXPEE3LSmRW39ZznbSd0frHckQxfEL4FjX2wIT5GscD4dGo7pqOfUcU7ILzOQXKsf+DG8G8Qej8++OVM5k8bxPKCzfpFQqeEKitv0sEoiLM943FXq8QE1SUhK37hROuMgCsIcnd1NM0oldjXb0H7GYlXsP8pnfJSJ+iM6T81LUQaIpabR/M4dvMicPjFneU5YCtfr5pM5QPmKMj/WqATcPRmttWPHgPNFJ+n5WhdIWHvytaz814axZ44U5/LCheKHAGS8PSNsWrf0+ixgunYcyr2ueKpfxaEhpYonXs5f4U3ctFi8sVaRLgQcN6uUtC2P0au54wdOEAo3VHPEir9zLHPHCHLmXoXhhDF/N699eYbwwwoYLQ6/GzAsNxS2j+FPA3L8QJsiaZCTlaEj2I/4Ets9fyRW9n1SvA+qY39iX/Xz/9o6RfKpX9MeKDgwdAgffHceKs3+RGLuRaXNO8kSvDZeBW+jsHMTk7ksJu3SD2BtnObBxIeOGrzb5PDJzFOl6ueLUxEdf49KlS5w9vYmF//mMBNrTwQ9EmRq4Vo4hIixGQ9aHp1k6NZh4Ex7SZ9abwlCv4/zcbyVH45KJOzmZDzfxwkI49TuUIy1iJSvP3MntaH26UZkz7D6o+Ys67lumzcekYjra/mQEM9DJmRat91jMADMrBtCg4gXC5u8lNukWaXcfZwcsZ7zqw/Vt+7iWnewcndWDTQ+MJ7Mx9icqBtCg8gl2/6TRm/rPuQTpDdcYvVbpu5AaJZbx35lHuXg7ntNBI1kWo2c3NWfwXo8I1vQdwao9V4m7folzR1aw6K0P+J+RO0YkHHhjxgBKxE5iwOy9nI1NJunyETaNDeIgmi3Nb4+FiM9GsHjvVRL/Osq6wWM5yxj6BWpW9zz7LsSd7/l6sybJuX3gA4LC9Z1BeybMVhAxqw/jV58hNjmOSyfD+HlmDxZsNXUVWlOkq3HVghXpehni+IQZX5wh5u9L7J01mtCkXvQdaYmic+nwCDJL5eUXoljazpkGLnONrjb/osAjbDWLXvlFyYaDqMx2QoJjuJWQpl0oLCzfVKbRMJzYy//2a6pdxqyfxqYsvacwBnxTYccLrs+hSxUnOo2w3LmpafExXLp0iUsX9rF58ntsTvKi7hvuRukki90sG/4doeE3SEpK4s/jG9kcZUWllm7Z8mrB0H5w/vNxLDvyF0nXtjNz+gaS9VbzDfk3c/gm8/LA8GQnoAlcXKyxw8RUXewzlI8Y42O7T2pM6tGZTN1wjYQ74YRMmMIRG5tcE89W/nDl51BNXFLv4rOvdDZsjnhhDj9sKF6AkpajuyNSP+Y/34cTmxzHoW9781l4A9pO89Ny/k2fHaybFq5JypNW8eVG3VjNGS/APEW68pTFxwMpHTuafh+FcTY2mfiIo2wJfofhC6OM0qs54wXA6akuVHVpzaLzry5e5JV7mSNemCP3MhQvjOGrOf3bq4wXxthwYejVmHmhobhlmK8Fz/3Nhpe+GJ11SizvjrAvU1m4encW/7dqmmhLXe3L2FmZkeJ/o2sL10qVRLVaXqJF+yXi+3HPFH7IOiV+GOYhHK1LivLlW4v/+/E90YLXxTd6L5CnJ6wX03vWFa52JYRNGUdRrVFnMXrRaWHq69iFUaSL7I/S1lX4NZ8kgo9laK9JPTJD9GpgKypVdxXeXp3F/639XHTF0fiCKUIIkRgs3mldRthbW4saNcaI72Y3F1WZqS18o30xPjNSrO6nEo42CAl7vTGni4iVbURA9XKiclUv0dBvjAj+todwY4AIMbVwQPJc0VRC+A0+Y9EX4xOPjxatq5cQ8ExRp7tbxMTOjsKxYnXh5REger67WkwK0BUPMKawhjH2d+u3wSLA1UaUraax4a9H5taJQb0KIZL2jRadvRBKhaNo3Hq5WNAbUc/vSC59/W9iY9GgkkooS9qJyh5NRZ+3N4pIE4t4JB2dJQYEVBT21tbCvpyXeKPPRq28MsU18evERsLLUSGUJe1E7YZjctmntp+1yohK1V1FoyYzxMSuuYu9ZYm74sTKnqKVl72wsbER9i6+olWPGWLT5XwU07FwkS6PLgvFgp4qYW9tLapU7iXm7fw7V0ENUwuA5IWnYqsIpESeRT0yxCkx0w3hxhJt0bD8YPdQhEf97Sb3L5fulgUIr7IKAbmLiRSGb8oSd8WBxfWEa9kyorJHU9Fj4nIxpp5+kS7Dvqkw40WhFF3J+VjbC1ffXmJqyF9G+5XMrFNi+Vv1RQNXW2FjYyMcHJuKgdMP5yrIoo3BdiWEyrGpGLJquuiKey7fZMi/mcs3mYsHBpGwToxpUkYoyV3UyVA+Yky8yBJ3xcmFAaJBZYRtSS/R6bMlYrgzou83er+5FiyG10PYVXQVDf3GiFVftMt1D7PECzP54ZfFCyHSxZ9r3hKtvEsIGxsb4Vyls3g35GYu/5Mes0q807qMcKxYXdSuN0B8ML5ersJ85uqnJYt05ZJFE1dhb20tlLauon6bYeKLHX8brVdzxYucAml29BY/33x18eJluZc54kXBcy/D8cIYvprLv73qeGGUDRdUr9lFuvpQKdffTJkXGopbOUXAeOZTEi9dmwZy/8Iq0kWhl6HMb8XRfyleWKWukHAv1FM40ll8f/MfJNBCsL+c6or+k6NkA/4HIPX4INGQ+mJuRN4LSW2wy1XNNT+4MF1T3Xb33eIhl0LxTXK8MAmZT4KfmyAXFszFg6KEwqjoLceLf1e8yBCnxExXROMeZwo0uS1u8aIwfHlRrsAvo+jDrFWsjcLVrfy4/QKxKU9Q3znMig83YFU/kI6v4Gl5cUD84R/YcvgGKerHpMb+xPzvwe2TLhR+/Rk1J369SrUenzDYuRgLtBDsT5DCqbUh7L94G/WTVOIPTOLL3fXp2ae2bNDFGBlsINBKwrHraRwGzWNEvRdf9+Dwz8Qxi1lDVAVqz2fqOvq/vpbBThKeDcKKXFG9QvFNcrwotjAXD14lssRptn2/k/Cke6Q/TeTIF1M5QD/6dpTjhQzzxAvF7R2ciOvIiCA/CsKUoh4vCsOXFwZfZfyLYfEpefQc0at+Ze2WgBbtl4jDd+SVirxwPaSzCKheTtjY2AhbO1/Rc9YecVMWS5G2v0xxU/w6qabwqlw611Y1GTJk3yTHi3/LE+R/hPzELrGwhY1wtSuR52sqcryQIaOo5F6W56uMf+8TZEkIIeRlAhkyXhXUnFwxnrWReVf0EA1G8fVQH1lUMmTIkPEvx62jnzL/f8l5fq8o246xc7vpnREvQ4YMGTIM4d69e7n+L0+QZciQIUOGDBkyZMiQIUOGPEEGFLJIZMiQIUOGDBkyZMiQIUOGjH/IBHl7fwlJ0ny8mu+TtfoqED+XFlIAC64Ws35fHkljqTM/JFiuCUEKazpIKMs6EVBvEXtSLDukLKJYPcwVN/uSOEtj+d3I32VymCmVc7ikpE9QumzXMp5D5EwJT4cQUv6pA7w+Hb8SGh6opGbFz6f9Q7BnWHGM52p+6SFR782jFm0lgw0MkiRUFbxpPziMBAuPSqStZ3IrJ5xsrE0qCHV7XXlU2bmZszTLYudjyyhcFDW9ZvAjfSV3xu/958pcnucU0wlyJoeZ4iYxfJ3lA2aTns8f0t1tvUAIwe6hskKLayL0Ir2aE/fXWlFTWso1C7aRFw8kHBi0S3D3xlf43HmfBUssO7VQnJjKjB+dGL4njQSxjI5G9tOKFiy6JcgQh5hc8bFsmEXAv2VymlnuusAo2TjgVrsL7wVfe2VVS8s2f4eOE71Q/kP5SrX5hGcIRNwcGpIlE0Dma5GLWyXoxxohSAprRMqamaw8b9mxRn0+gPUHBrI66QlXz3V9rvpyXv2sOOAO6UJwL0RBCdk0C9W/ET+XllJnfkp9ZrEjeRFtJV1MUZZ1wqfRWIJPPTT61kVNrwo86PR2H1pX++f6FXmeU/iQfZYMGYUElV0HWvvAN9GJgIPF2nmaEEEm3WncyFYW+j8BAnx7bGftZx4IqxQub5/AmBHdKFE7mkUBhd+dal2CWNZFVosMGa8apZt0w4v1/BUH1LNcO0mJoKrfhuYOssz/GbCj3zfhfNT+CSLjGoc/7cb0xmrKq1fSw6b4jUZBS0b+2FJWqwwz21WeULO9v0T1jstYMqAWrk5lqVChDe+tuVsM88sUTgb3orOvM0421pptST1WcOSuaWO9tf8dunhLqKycaNJmBQv76G910NyjTgfd1ipxP4huUl2mHNf8P4soVr/TjKau5XGwsaGcUzMCZxzJvT0qaRVj2pTFwdqemjXH8v2HLaj2zBaWW8dmM7BpJe09Bs49Y/J2R3XiBmb0qoebfUlUpdxo2H4mYTd136de+pLhTcvhYGODQxW/5/qZJU6zvL8HbtYlqVChDe/sSHhxG709cHSwRlXKjQ5d13BGnQ8FPk4hKSmJ1HRL2YeaM3tG08ZVI4vXu64hSv28/bSuXRKlUolLzd5MDS26PFCjRIESS5xGasiGM9jNOCeJbvPWMKZ1FZzs7KheZQTBEc/IM6gpvo4Spay96fz5Uka4SNot3Tn3GBisVz9wR11c9LaLJ++dxYDWPhr7tXLCu9VYVl7INIGv5tVrWlIiSSmWe+peSuWGl5cX3jWa0m3iZFpzicsH043nKzFsm+WPr6OEytoeR89mDFh4UXfB9en4S60Z/dNEOvs6Y29vj1/DFbn4enWx7qnDC7dYJ65nUu8GeDuWQWVtj0fN3kxbq3MqxthGsYEZxpolTmtehbAuSYWqXRjz7cTcr6lk6+RrPUUenizh6bFJu3vALDzI0nDa28kKlZUTPi0ns/aZexiDW8dmMzDADQcbG8rb+dK97y9E6tvfzNZa+/NpNPa5NvT76d9hKWfvvTiOFwe+Pnp0lIW9quBkY01Vx958+vud3O2Hf6Hlq6qUG/4BueOv8bFLhZIM1IVg8iXAIjHFoA0b4ZsM5U23gyXcpEWc0otji7wl2s1LNDJHNIKv5sx5UJOWlEiiBbcJ2VV318SUOl0ZNaErZbnI+T+Ny2WNyhUMyMuYfDiLGJa+JtF8TBgbJ/vgbWeFsqwTzaeFZ/tZzasGkiRhLXk/t8XaXLm/PM8pnvMcC06Qs8exK4QbQ84Sl5jMvo/PEjp4NrufiytKHJ28qGzhB1ZKB6jQQJkPw0knKdmNHjO3sv/SDS6eXETHlFGM7Lwpl8BfNlaRvIiBnZfztOUewmP3s+DNpQRtN7UnCaRlvMXUlfsJj7/O0dAeqFe3YEi2k87kNItaD2d/+qdsOn+eX5dLbPjuCBn6c8WIUXRpto2S/TZz9M/LHA3tweMfWjLoC+NNJ+vJesY26s/mpP+w9HgMsZc2Mb/7Ha7H630fMIlIl+XsvXyZYyHNSPridW0/Qc3RMf7M+KUVnxyP5dTBYTz+/nvO6JlT1uOtjPXrz0G7BWw+epXoE0vxfzSYkW33PWfkhvR6O9QTdycv3tlSAOdRrg3lW7x4+TuTP9j+YWnG7owh+tB0qpwfzPD+4dok9GpQBbqPlHhjwVmir18idK4grE9XFkWYxgMJFUoVSOkWTmfSY3h5afqC8PXlNpw9UE58eYyua/4i4c5Z5jUK5vNeOq7d39mJXmPV+C2J4kLsSgLPjWdtgmnL1qmpqVQN/Jq1x64RGxfGgoYbmVPvXZP4ai69ZnKYj+s706TcEu2EwHL+Tc3NLcs4Ri1qvqYykq/wcHNHRs6rSOCmv4j96xwHVo2haYXc24czFX9weEUjFh1LICX+O3yTRjF1se4enpM1W7wuzMhLKX8h6s8kaMcZLv51jrVzBdsDu+ZOqgzYhjF8NWNEyT8PCjxWjQ+dsKU5s/fFcur3AUjffUWkiW89FZQHWSQQ2rMOHx5sw7ywOGLjwvio7nqm1/uAwybMHx+fD6R1s+/5u9NS9l26wekzi+hZ4gY5c76oLzwY8qmKQSFXiIr9jek1gpjybD87rCe99xHCY/ezuNNyvggrvnyN/W0Zh1v+yrEr5wkeGcGSToO1dS4yOc3CPpOJrryavddvEBe+iXmjnU2OWxqowBasHlqSJ2qkR0ApVb7ia0Ft2JBvMiZvKniOaJivpuQ8BuV1fQ6tqzjTZUABtvArK+Bk44qNIf/2NIE9P4bxED/q1TKfzRj2b0bkEtm4FDKLkPI/EJacTmrMdj5oWyZ70UbzqsFTsYruPLZI7i/Pc4rnPMc8qw55Il1s64fwcP9F3M3+S1byXNGWxmLhuaJ5yPPuoYhazfYade2THb6iOmPETiPHenkZwplJ4oD2gPJIsdBLvz3NPXzaH9G2kXVvmehKHTH5WN79ODUR4V1+u3gkhBAR/YQPAeLzKzodHBqNqMpMcUAIkSXuim39EA3aH9Fcn40rixDurBA3jZTTjaUIJ8aIXeoXf38vRCEcGS62qHP3sxoLxQUhRIbYKgJBvPm5rhf3Qj1FRZpq+568EuGZfb0WEf2EFwPEusem6TV5bTmhwk70X2sBo/lzhPCjghi1PUvX3kqEc7ZtPBW7xNiKiH4/PdI7nP6mWN0eETAhxuTmLkxHOJacLPbcfGoZEtyPFMt7Imq66WzZVGSIQ2JyRUTvZY+Mul7fhp+KXWKsI+L1aQm5bMMlmztZ4q5Y3R7h02yv1oYz7y8SbdC1l3OPASt1OhG/1dHq5IV9fpqba4b4ak69ZohDYnIlHT/MiQxxSsx0Q4CNsLGxEUoQJfAS/b65ppWfIb7m+AgXZoqTeTUUP034UTOXr9o9FFG7xvP+9MIMhIf9GoP2lSkixcJGiPZz7ubSa162UeQQN0c0p4mePzbfWDPEVjHiGR+atqNxLh8q4qeJRrQSX+k59kOTNHHqkZl4IP4c8VwbGWK9CKS8+M9W48SUJe6Kjd3z9jkZ4pCY7J5bFhlPl4ku6Dh+ZVHufmaIU2JmneLHVyHSxcbumnh8VdtPjS3k2IZGvsb715fb3TWxvAWiYavt4lq6ZWjwKHGVGO6cW3+m4l6IQpvHGNTPMzZs0DcZyJtyYrorC7X+L4cHbT9JMCpHNIav5sx5RPw04WuFaNDjjNn1mXVroWgDAhulNqaULd1ZfLk30+RcNi+9GuXfDOXD2fa9pKUm3rwsv30qVok+uIlxe8yf+8vznOI5z8kP0tLScn0MLlcrPZx0b0sqy6PkEUnFsLht8t5ZDGxaCXtV9naMzme5TyqPjBxr/ClQuTfDX/vo3QOv+vnYArG0J629HbT98P8SnmSmogbuXzvDHWpTw1O3YlXLX3+1/xrHT8K53c2x1SuyUGMKPCQWY3doXToNtu5taJHHQ7v4qCxU+FJH7/taLT15SjRXAMXtCGKpQbXXdCvKZWr3oZpeQZuIQ3CV96mr10+p/gauk8Stv02TW8UBd3gkUlk3wFLbKOpQt5aka8+nK6WJJT4BrG4fJ/o2bHjbVjsOK8mFwbvh/sVEk9uq/d8t9PZeTDuXkiZVAzUGVxdLqMrUYcKWzry7uY9F3nI2ZMM5KFfTUWcbSiUCNenZ228uXQGX17y12/WyStfD29HE9enYH5nYpyZu9iWRJIkSJceykwc8fmgcX82p15ziZvFiCnUss3cK3x6bOHfuHOGXj7J9mRsX3u3Nh/uFUXwF8OyzkPoV5tHRrQ39R83g659OPbd9T4EzVfWKnCjLwePMFONt9OFpVr/TDN/KtqgkCSupDu+ftuHJ3dyrvnnZRrFCAcequB1B9DM+tGztNrl8aGHw4H7UASL5g/dcdH66hNSfEB5wN14YtyOJKI5HQtURzV7ocwRXiY0B93pOuj+WaIyvKyRcSQIgLlLTz7paTtUhwKeY8hVQtffGQ/s/HwLqwu3D0dk66MDoifDH2No0eWM4E+YtZ0fkg3zGLncGL5mO9elueKiUdJibYlZfv6aDhK3TMHZnzuSTj5ws83zagA0b8k2G8iZz5IjG8NWcOU9OocCzW/wsZKF29FsYxblz5zh7fi9L3j7Egvaj2GYm8zFGXsbmEgBOnXxxfkW5vzzPKZ7zHPPMDf4FEMmLGNBpGXfe2EJ4imaboNjfEhVYNDETUjpqdBOvB5sb88b4e/h/FkVsuqYfpyaaniy3/SRBMwa9T5L4BP9ClKn07NtIKum5azzcf+HRM/18KPYxwbl42Y+aGkw+Jp6TeeSuZibf6+KcnoRGT2bPzacvrAZaEHhOFqTfj+Tr9jv45gXbVs0BY21YKczb7lOppG67Haf5pPswDiT/l9CLjxBCkPkkmE4mvolnTr1aGvrvIHcYE8Kc7hFsm/ib8f7LdQrbE6+x4+uBNC0bzo9TG9PGP8SMx8OoOTzFn0kbfZm9N5m7QpAprrHE77HFbeNVeIRXNla9TMdcPCjHGHaKZ3mgZuN4qdAlq/yH8PVFyLTLiZ0OtPhCEHN5ORN7OnBv3zTerOvPuP2mG0sWMaweP58H/tu5lq5m14fmWxbNOX3hUeIqWpacx8cfJZpfJmay4aKSIxannCfnHWSvum0YtDSU3tbBLMnjhI1nc9nCzCUArCorX6le5XnOv3OeU3gT5KcJ3EpIs7xRPkx/rg3pzE9czujN6BnNcM/m2Y2Lh3hqwm1r+cOTmLN6RR6ucSkid2hXqiDjoc6xKxKiSdUT8Z+HrlLGfSxzejjjkL3SEqdX57+MR0PKc5ErV3UpwZ+n9JXlQYN6cGPl0QJNfrwawaOYfXm+Y1bdR0E6Z4nU+/7PQ1exwZsaQFbF+njZnifhoi6gP4k9wS09ktR67eVtmAQLF+nKIpILf+rGcjsqjPu4Ud0ZRMUAfB2vcG6vOZIDNZeioFqXgbR1LmGZsZb2od9QBQ9ij3KhAGmqshSo1c8nKYZs2LDD8cGrBtw8GK3lqeLBeaKTci++KG3hwd+69lMTzurucf8k5yLdabMwEF9nzcRZcfEwsVgbzVfz6lVT9OfWX4VzNFbOu+wZ8ZoVWUN81f6uhDtNuo9kwuKdnNjQGnXUJn5/Yi4OXeP4H+A3aha965RGBQgiOXfZcpNUSxdaErYSSh7x+JH5x5pVsT7etleIDdcR/d7FfVzXixdCZYsN6Xrtq0nSW9EwBw/K+LyOE0fYfTz/clLgQ0CdvOOShCdu7hBzXo9rGSc5GwfONTRP2Kv7Q2ZMrPbYmywSiLtSfPmavjta7wifKI5fAMe63rknKDXa0X/EYlbuPchnfpeI+CE6f7wLh0ajumpzm+eYkpbIrYS0fI9F5dif4c0g/mB0vu+hVDmTxfO5mTE2bAiG8iYApVLBExK17WeRQFyc8TmiMXw1a86DmqSkJG7dKZz0PAvAnuwdMIZzWUN6NUZeBc0ljIqVZsj95XlO8ZznFKsJ8umpLlR1ac0iC57XV79DOdIiVrLyzJ3cRurTjcqcYXd21Vd13LdMm49JRRyq9F1IjRLL+O/Mo1y8Hc/poJEsi3nGuF6DlKMhbEvROODt81dyRU/E1euAOuY39mXvEbi9YySf6hUiyaw3haFex/m530qOxiUTd3IyH27S9VPCgTc+Hkjp2NH0+yiMs7HJxEccZUvwOwxfGGX0WJxHraOzcxDvd17BvkvXSYqP5sDqufyYXZiuVN8Q2tgFMy9wE+Hx8Vw6MI6pQVbUnBZIHcCKDgwdAiffXUaUWlMF9Yf5+/lbb4LsMnALnZ2DmNx9KWGXbhB74ywHNi5k3PDVJp/9Z44iXS9frPqbsLHvE3bpBnHhPzDhc6jaYwSvAQraM2G2gohZfRi/+gyxyXFcOhnGzzN7sGCrqe2ko04HoXrJaujx1/F2qk7gtwVwDSr3Aq31KvAgoAlcXKyxw8RUHZcM2bDhyZ0D3Sc1JvXoTKZuuEbCnXBCJkzhiI1NroS7lT9c+TmUa4BQ7+Kzr3Q8EGVq4Fo5hoiwGE2/Hp5m6dRg4vW4Zoiv5tRrTtGfxlULVvTn5fEwlkuXLnHp8jn+WDeKD38Dp3FNcTCCrwCXN41j/ppDXIq9RdKNcDb8vJ+n1KaOtXn6J+GMV324vm2fRmekcHRWDzY9sLaIPDIzghno5EyL1nssFk8yKwbQoOIFwubvJTbpFml3H5ttrDk+9OC741hx9i8SYzcybc5J9NcrRMUAGlQ+we6fNHau/nMuQXrDNQcPsmrO4L0eEazpO4JVe64Sd/0S546sYNFbH/C/FOM5/caMAZSIncSA2Xs5G5tM0uUjbBobxEE0W5rfHgsRn41g8d6rJP51lHWDx3KWMfQL1Hgqz74Lced7vt6sqah6+8AHBIUXX77G8QkzvjhDzN+X2DtrNKFJveg70iE76dzNsuHfERp+g6SkJP48vpHNUVZUaumWn6k4PILMUnlNfKJY2s6ZBi5zc1WINXXBVNhqkvL8omTDQVRmOyHBMdxKSNMuABtjwwb1aSBvAijTaBhO7OV/+wWgJmb9NDZl6XYlGcoRjeGrOXMers+hSxUnOo2w3DnbafExmphyYR+bJ7/H5iQv6r7hblQua0ivxsiroLmEUTBD7i/Pc4rnPKcYTZDVpKaALW64VrBcKxX6HWRhv53Ma14BJxdX3YHe1f5L8MrynB1SBcdq3rToE0m7mT2ww/gtTVKlKazd1R9VaHMaOgYw/pcRjOkGNmrdZMdl6CnmdQ9mSHVHPGqPZPvr0/DXM88KQyP5cvRxxvlVprqXN32+bM3od/STpkZM2R/Ma3YT6VqrKh0GQb/RzXMdr2BTL4Tfjo6mws5xtPGqilezQD4KeUzdusa/xKmw7s+y0+vpYj+fEQEeuNXuwqSfH1Oxuu77oH2LqXNzFG1r1qRhj6OUff93Vs130gbMZkGnmPrWV3SrXhn3miM51qQfPnrvlyhserDs9Hq62f7AuAB3vH26MGTBfjJ9alOOogUrWtF92gM+6VwN75bzuem5muD1flqZe475m7CVlYn8tB3e1bxo2ns2q6Lq4Fnb/H25fzedJ5SjYhX7AqQzarIK8F6nhAPdvlxHl6pzaetWmVoOA/gp1TgbNmrFv9NONi+EQxM8qeEUyNqaSwgs/xhFplLX/qfBNLMaRMNKbvg330rdYe20h7YraM+80BmU2V4XV1c3ajf6kMi3P6eV3rY8Y/hamHot4OyTs1u74e3tjXetAAbOuEmtCXvY8LG7kXwFG9sHHAwaRiu/qji7deXTa2NYcH6O0duVMviRPtnvAtX9FK6lDqKc3tEaEg50+3YLnatNoUUlV2p7duGL+6sZHvDEMoEr5Q4pEtjVc7KY2EvQninbRmN7rBPuTo7UK6+ZUJlnrBof+umQA8wOcKeu/7dkjX6Pulhr/Y6C9ny4ajAP1tTGsbo37cc703Ng7kljQXmgwJ3A0EiWvBXJN4H18PYMoNPbwRy3bYyPCe9/2DRZy76jQyi3ZwBtvKri3XQkP92qpPX1PpOu8fPE26wYVAt39y7MvzKGece+0Z65KlWawtp97bg53ZXKrm50m1qLTl1zt1Fs+Aq4dRlLo0MtaehSn+Er6jNu53L+k7PNVjhg8/A7Pu7jhaurK8177cJx0gGWjMnfCzdqSuS5NV2QTuodUOGGSwHHlEH+t2qKah/w7bJynJpYA0cXe1pnV2c2xoYNx2/DeZOouZAvFgvCetrh6NmGD06+Q28vvWdrBnNEI/hajHIeSGPDux6amNKoDx/sr8XgkD0saGtcLmtIr8bIyxy5RORMTUwqKQ1jE7EsbffMMYRmyP3leU7xnOeY5+lZISBDnBIzXRGNe5wRj8Q/AznVeP0nR1m0ncKo3CajcPAwdb0Y7qyrZvqiCqiH3zZDddXjXUUVAsTcUw+LhVxMrZpblPkqo3BwL9RTONJZfP9Pcoz5rXgr8+Bfi9Tjg0RD6ou5EXnoO3muaINdrurf+cGF6ZrqtrvvFg+5FEreVAh8/UfhHy4veZ5T/Oc5JlexNstq/+0dnIjryIggP4scNF8oCwmkcGptCPsv3kb9JJX4A5P4cnd9evYx7/J1/OEf2HL4Binqx6TG/sT878Htky44I4NibDtrOkiUq/oeUeUX8sH4vM5jjmTHPmj609gCVVfNavI5nw5NJLidHc7SWH4vYvLIEqfZ9v1OwpPukf40kSNfTOUA/ejbsfjxVcargJoTv16lWo9PGFycHePVrfy4/QKxKU9Q3znMig83YFU/kI7WMg9kGHqau4FAKwnHrqdxGDSPEfVefN2Dwz8TxyxmDSlY5uUzdR39X1/LYCfJ7KcvFJu8qRD4+o/Cv0xe8jznHzjPkZe1jEOmuCl+nVRTeFUuLWxsbIRzlc7i3RDzr3dcD+ksAqqXEzY2NsLWzlf0nLVHfnos4x/GpV1iYQsb4WpXQihL2onaDceI4GMZxZKvMmTkG9FzRK/6lYW9tbVQ2rqKFu2XiMN3hMwDGTKKYt5UCHyV/ZsMeZ5TdJ4gS0IIIS91/UOQuJ4F84+SoHjxxgCrdHe6zn6XNlVkUcmQIUOGjJc/qT+5YjxrI0vlvcDeYBRfD/WRRSVDhgwZMor1POfevXu5/i9PkGXIkCFDhgwZMmTIkCFDxr8Sz06QFbJIZMiQIUOGDBkyZMiQIUOGjFcxQY6fSwspgAVXi5mkLo+ksdSZHxIs10ROMSdlWScC6i1ij4VPyc4iitXDXHGzL2lSMadMDjOlsqacviQp6ROULjNJxr8P16fjV0LDA5XUrPj5tH8I9gyT8Gq+TxbEC5DBBgZJEqoK3rQfHEaChdsTaeuZ3MoJJxtrk4o53V5XHlX2MWLO0qwCnNkr45+Gf5NtyDwoAiiuc5RCwtXFEiprezzdBrL4RJY8QS5KiVCTnuEWbeP+WitqSktNP9jdBGRymCluku78smxIODBol+Duja/wufM+C5ZYdoasODGVGT86MXxPGgliGR2N7KcVLVh0S5AhDjG54mPZYxiQV2HwIJPTzHLPWbSQkGwccKvdhfeCr/FPXr54lXyl2nzCMwQibg4NyZIJIPO1yMWtEvRjjRAkhTUiZc1MVp637FijPh/A+gMDWZ30hKvnuj5XzTWvflYccId0IbgXotCedy6jcPwb8XNpKXXWnnX/3Nf7PmRg00o42NjgUN6b19us4IzatCZOT5Lw9NhEfjKawraNV8lXmQcyXwvKV0vHRs/JgkePwvmo/jqW/9+Of3R+KW+xLoJQ2XWgtQ+kRidatJ2nCRFk4kfjRray0P8JEODbYzvR0dFcjPyNr0b9zcYR3Zh9XBaNDBn/ZpRu0g0vovgrzrLtJCWCqn4bmjvIMv8n4N7O9rRu+zNpDVYRdv48+zd/wpvV/+SavGlMhox/LaQS7gS0hKcRSRbflVSkJ8jqxA3M+H/2zjwsyqr9458BhRnUBFfAjU1lcUMlEbXE0kTNBS1FykrqfVUyUyz3SstMwZZXxSzFSnH5magpWa65bwiioKSyuQBiAq6MCpzfHwPDgMDMwIyKPd/rmuuSecaz3Ps5537uM6Qd9pY1UdSyp1PvGUReLX6ek/ANo7vWU+0uNu2I//RDJQhWIKL4cYQj9mY1adCgF2O3p5Xdh68j1lZmKGrZ06f/ar13KAG4n01GRgY5RjLeAiUnd42hl52KFi/2X028suRcV71jp5prs36MWzrxqU7VUCLHBLlR7mwrIJ5VY73oalcfK3Nz6tl4lZCNPHbyvo2MAXNXM867KTZ169KiaQBhsZr0zuZ4aFfcrWXUMnPBZ/5iAprI1CndRW2MDNOoM7e9LU000sUzd8/Ez9tNJb+mNrj0DGTFmfwSY722dyz9XGQoTG3o0ms5wUNLpmwKsjkeNgRv15rI5XKatPJlSkRWpehyMyOdjGzjnbrXUtjj7OyMS8uuDJgYhDcJnN9fqBCXpuEh8+Y7DRU8GKTa2ddUmbgZMpo5L+aPla/R1V6OwsySds2Xc5pMlveQ0e4VX9wbW+DaPoTvP+mIQ43n6OxdnL4pClS8d7ExRWFqg1uPINaUoLmSvzeNwNvFCrlcTt0WLvQZtrHErqv2NqoJ0tcxybcDLtZ1UJhZ4tjKl6lrig2oLnqg1a7owFeD6IGBeHLtyCxGetpjZW5O/bruDBz2K3Fqu5HE1hneuFur0rjcOgc+0ofmOD36LCbmVmk7XQ309dgAHOv3YtCrNtSv6847yxcxuoOMurJezD1WACg5OFZGa8vwEv5UXP+c7rL2TD6qr+9SICcP5WMQ+RpgFJ+iVYYL9WDMzxPxcbfF0tKSjp1KnXZmrGRcr+ewMrOkVatAln3SneYaqazXw2TYy0I4oeHHQlxkvDw3vYRs+bjbYmNupkpdH7ScQ1n6xQEGi3lQcjMjnXQjxDz5RLFg7C7qeoXx69L+eLVuTYcXhvL+ymBet9KNJwfHqTKaPL6BxKRh1CvMcHLXOKHVxTZVLNvaeXI9TEbDBoF8/a0P7va1qGdhT7/ph8iuZu7EYHOtUA+UbBsho02fw8X93g5lgKyt2u5oi+8epx4UiCh+CfLCvbEFCjNLHNr78+3vd4t/kLWDBSNd1WuYHmXo62NboxhRX3Xxr1XVNU2YKyC/9rO9U1bhArngwToCO49gU8Z/WHw0ieSEjcwbeINLqRrPPScR1+RHdp8/z5FwLzK+fpFRc9PVwnB4nAfTf+3JF0eTObH/He4vW8ZJjW4L7m8hsOMI9tddwKbDFzl3bDEe997k3Zf2PGK85FbQoIO83PFej3DCwcaZsZurYIDq9aJ+d6tyHMZfbPukNoF/JHHuwDSann6T0SOiC4NQ1VwnbO7GrD3JnPjTD9n33xJXJonlWNs407icg1sZCuQKkOUaOZzJTaLiEuYVj7NipHEz73WmrNhLdOolDkcMQrmqu4ZsADI49s0R+q++QtqNGOZ2DmP+kOI0rNt/9GVIoJKOi+I5k7wC/1PjWZNmrtcocnJyaOb/HWuOJJKcEsmCThuY3e4DdhbGvCIzhJE+P/Kwxy6ik/ey4LXFhG4r2cbF0AYMfFfGqwtiOHcpgYg5gsih/QmJ1Y9e+Rzk8/a2dKm3SG2wKgNtelCke1c3L+EIrWn1gv7hamb2QuavGMTCQ7fJvhHN8qWOKAqlRXlvKKsPfIr1xY9YfjKYbdGTkP8VzMaLUEAaEYPb8Mn+XsyNTCE5JZLP2q5jWruPOVhE8+vBjPM9QMPxhziXkkrs1sW88UIN9WJOlzZ00VfDoQp6kHMF0X4GodtPcvbKKdbMEWzz719ygVOhHuhjV4ynB/rwpMI9zNP+eHst45++i9mTcJmokyEMrnGZoi2D+K8dGfWlgjfCLxCf/DvTWoYyufQ4+6wj1/cQ0cl7Wdj3R76OrJ76apKVi92MQ6z3P8X69zbR+ueLrBi+l7WzjgJyuo8djtnN5WzQiNcSf/mEy7zJ25766oECLMD0rnG3XGX3gFqKSvnXqsowQL7JXxxc3pmQI2lkp36Pe8Z7TFmYrl7whXiPZm/ul2w8fZrffpSx/vtD5Om1QMklI9OeQTO2sDfhMmePh/BK9nu866O7vuoT82il16XZeDe1pZ9fFVKC5Q2wMbfDvJQemF7ayN6UerSf4F3uhoc2nnQPFQghODERHB1+JUuo/o7Z3FEvvlaNJyrcyY5gd85C9iTfJelYdzLnBTL3aGX9axUXupXUA0PM1RB6oD2+M6welH8Qk8TaPh58vN6FD8JPq3zsvNZkXs1RP1/u9wrfxfqy+GgSZ0/MoV2Kil5pRlijPEl91cW/6q5rOsQ8CjC5w7ONii5NvrwYYcM4sUNZ9vNb4SbCmtFis8bzExMRzQkWZ4QQeWKL8Afx2vx7xf8nwkk0pKuYf0H1d+YKhFPh79WIHS6c8RNr7+t3yXPmmnpCQV0xYo0RbpD+O0B0pIF4b1tBcX8rELaME38UzjWg1Fxvbn++xFz1wZlpCOuaQWLX1YfGuRH7dpz4cTCilf2vIquSTeSJAyKoIcJ3yT2dfn9iIsKl/jZxTwjxUOwQgdaIF6emlZCNJkwS+4QQBSJLrOqNcPPaLYpaz78dInpR3F9RG34rinkifm+j5kmZY364RPSnjQg6ovr7/BKEbWGfqovS40SwM6K11+7iPhoihv98r8Rl6qt6IzwnJOlPr0bF+mFI5IkTYoY9AsyFubm5kIOogbMY/r9ENf1E6lTRmZ7iW40b2Q9MQjg6/Co0OXhmOqIhI8X6rEcvkV/eDdF7dpaqvxaIIWEFKhpZ2or3d6n0pHQfeWKd8Ke++M+WYv1uWeo3pXVNaxtPE1Jmi2500UnP80WcCO6soqHQQQ90sis68rUqemAInhSILLFhYPk2J08cEEEOJWmR93CJ6Eexjl8IKTnOPHFCzGhT/fRVHO0vXArt1IOIpqIJM8TxQp/Squ5qkVU4t2BnRJ9CehT9/dIXaXp3ly8SxY/dEZ16bhOJucZRg3vpK8Vo25L80xe3wk1EM2ao+Vshf0rJsEidKjrSqvhvIcTOtxGuLXer7Y4bnhp6misOjKFEf5krEHYEi+Ol9KAimj/Y7i5a6BEHGDLmEalThbsposOgk4Zn6NH+ogkdxJxYPXSmNE80fL+jg26xRnlt6CMbmjwporlmrJonTogZdohX598TTyOMOletepArtg5HuPU+VGy7b5XNk/Liu8emB38HCDfalzuugsw5wouWqtikEPf/8hYt8BHLrj7+NYox9VWbf9VH13SB8uhA4URPMfevu+JZwc2bN0t8KjyGSIgCC4dedC/n0C41vgAF7rTReN66hxMPOccFwOR6LMm0pLnGCVYd16E01yhoE3sALvIRbWUaBYbar+cSGVz7R7/FfkO/G9wTOaz1M9ZxexvatpYV9+fWn9okk5qmmuu5UnN9zrVXibnqA9dPN+PrspCXm9TUqxqoLri4UIaiThsmbPbhg01DMcb5myCb44sH4+1ihaWiOM3qQX5OiTS/eq2si2VDLkegJLcwhSfhAjR5wUW9e11Qux0u1nqeaST/xMShrbC3rIlMJqNGzUD+4A73C09SUk+AwsELDzWPHXFur7GLfv0o567D+rcs1PJpKmvCmzvh9ln93hEvKm6WKibTxjj5V7gP2sipU6eIPn+YbUvsOfOBL5/s1f+q8zr0oryNULlcjgwFVgowl8tUGQ91r/PgLtyO30ccf/Fhk2J9riEbQTh3yEpVjaOgXSD/6fQX01074jN0ElMWbyVaI+VJlzaqDe5GsWpsYfqXTIaprA0fRZnzIKvk3nN5emAou1JVPTAETwqI52gcNAvwKtPmCC6SnAQO7WyKv6zxPO52kHYhA4CUONU426p1qg2ebtVTX2WFr7fUlFtijiUKQC43QdxU8d6UzgwfDwlfhRMHmJ7/nl8S+vL6OzaV8F0OvLloGmZRA3BUyOkzJ9ugtn51HxkWNu+wM38GX3xmYxRV0ibDqnna0qy5hq2qB/fzs8kFbiee5AautHQqPiVp7aH/ODJ3z2Rk10Zqv2bmE8Ntcrino74aMuYpKhSoeSL7OKELTx5HGxXxpFifbbA1L87Ss5SDUqmkuqGqczWEHmiL7x6XHtyOWskNOtHbsxwbG7+TNNrQuVPxdzVdvWnCRc6ce/xrFGPqqzb/aihdU9Oxy1LmDf+Lz3vWopEet+BUJxi9SJesdHKOQvbIbxwdfuVeYepN0eeu2MMEW/61ODt7MBHngth19WGZ1UCrAqcgQe7tOL7rvZ3/DdlolPdw7mx6nlfH38Ljq3iSc4vTrB5ZbBl4vfNQVrM43Y4ovhj4DvsyPyXi7D2EEOQ/CKOvnm/iKWlJ0JGS8imEIG6H11MnN5rvIPcZF87sgbFsnfh7+Rss98rRW8vKv5tej3H8IUrTS8mG8bJCo9ODoKgson+bziCvm5xZMhCf+gFszda9jeoBJQcnezBpgzuzdmeSJQT5IpFFHe8bXQ80+WooPXiaeCJ/RvRVG5qMCqElv7DlWAFR36/gvv27vFYJv1hAEqvGz+OOxzYSc5Xs+MRw26JFty/cS19Jj5pz+fwzwxeXNJQMV3kzIDMEv75LuPHqZqKzC2Vrbw8UoNcmdrWIeWza0oJLJCYIo/HEEG3oypOaWD6qF6bVa4H8pOYqZLkokekd3z0OPTBBXkX79e9Yoxjahj48NpZp63sy66+7pJZxC84zv0B27gz3kvaU+45ZCzcTcokhTuP53wcuYo4LLYGChu1xtjhN2tliA/sg+RjXNBSt9QsV96EXjFykq4A4zvxdPJfr8ZHcxp4Wtqq5ulhcIDm6uPNbZ/dwqVJ7EEoS4qF5v5G8ZFvDOHOt7cbwt024k3yYM1UIU+W1yt6F/fvAReo4BDJ7kC1WhTuOKYn6CKYbzi3h6v5zasNvcuc05zJKGja5Bdz5p7j/nLSY4jZuH+dUnAO9gv1xt1UtnE3OHiQZs2L584AHSTEaRVkSSdAsFNbQE3frC5zabZig72ZGOteuPJ6rsYreZc9LVe3qCoUF5uRy/16xnGUYuARhHbcXseEQO49qD6pbvzCMMUEr2HpmCZ3ZwLYD+rWhqy4ZuzCasJAh554GXYtl6ehf0PG9mfi2qY0CEMRx6rweNkcHu6KNr4bQA0PwxAQ3PNvA5RWHy9yUk+GEvQMkndbQtbzjxKSAbUvVCXsLD8hPSlYXdCsgjZQLz4a+lm2n/Xin9xnCfl7KT6vB/bN+lcr4KSCRo9HQ+b3+OJQTTypvpnMt7Walh6qwHsFoL0jdf67yHkVhSwG5jyw2dZFhrbbJsRP1OcuFi8V68veJUv3LTXhAeol6CCkpGjJ68mfO5/kyZrqXmo6Xzx7goR76atCYByUZGRlcu2GEgLr5ULztsohdfqTMxb/ePMlSVqmN8mRDG08MjodpXEu7adTrbYw5V+16IFfFDXeL+WWSdo4cDRnWFt89Lj2o0/kdrCrwS8KtN7bEEXVSg31n93IVJ9q6PIE1ihH1VZt/NYQN1UTm2d/IZyjDX7Qo5zDF+LHXE10g2763Fh/bUD7yWc6ehEtkpJ5j36o5/FRY3K7WsHB61Q1jrv9GolNTSdj3PlNCTWk11Z82gCl9eHsUHP9gCfFKVRXUH+bt5R8N4WsycjM+tqEEDVxMZMJlki/HsG9DMO+PXqX3XWKGKNJVYSDMP0QGfkRkwmVSon9gwnxoNiiAFzTmuv+D91kec4X05A1MnX2cB5XqJxdlLghFBTtjR1/ExaYF/kurcP6rcEBWJeFxxLMLnF24gsMpmaTnFDuNFm1AmfQ7ewqrA1zf/i5fRuqzuLNi4KTnyTk8gynrE0m7EU34hMkcMjcvYRB6esCFXyJIBIRyB199i7rYhKjTErvGScRGJqnGdTeKxVPCSNUQ+6bDgmlZYwmfzjjM2eupRIW+y5IkzTn2ZsIsE2JnDmX8qpMkZ6aQcDySX2YMYsEWfXfwVEV/nm9WtaI/FeFubjIJCQkknD/FX2vf45Pfweb9rion1tCTDo2PsfNnFT2Uf88hdJeBN5FaTefDQbGsHhbAyl0XSbmUwKlDywl5/WP+r0hUz4Xw4fxtHI3PJCMzhahVqzlPJ9q46tGGrjTPC2OkjS3dvXcZzYjmN/SkQ8MzRM7bTXLGNW5m3S+UYVuc28OlrXtU8kk2h2cOYuMd3R2SLnZFG18NoQeG4IkMK16d7keN5En4zdpNTHImGecPsTEwlP2oUprfCoTYrwJYuPsi6VcOs/bNQGIYx3B/laVyGhaMA8v4bpMqJ//6vo8Jja6++qrdxtry6qTnyVoxiY3XR+M3vLJ5HblwD/JrlbeAjmfxy7Z0aDJHXdG5MhumwgK4W/mlQ81Ob9CYbYSHJXEt7aZ6A1gXGdbKz3aTedv5KL8MV/mrlONBfLKREsWJ6nR+Bxt28397BaAkad1UNhYUZyXhNoDGnGRn4c0AypSlTJ1X3IYu+mrImIdLs+nX1Ia+AYa/t9eUzoz/3oubO0cy6LNIDv/9N6f2b2T5f7/k/7L140mLNnAr53c2JN8tsZGoTxvlyYY2nhgaUVOa0KyJNyFGvFPcmHPVRQ9avwDZh8PZmq3aJNo2bwUXNHiiLb57XHpQ0Go6015W+aUVhy+SkZnCqd2LmB9+tdA3+jO62wUiPpip6uPsKiZ+sJfa9gEMsH38axRj6qs2/2oIG1rapRTUfrKx1xNdIJuYjWBJ1Dr6Wc4jwNMRe9d+TPrlPg1bFD8P3bOQNlff46VWreg06DDPffQnK+fZqB2mV+gJprz+LQNaNMah1bsc6TIcN438fhPzQSyJWscAix9439MBF7d+jFqwl3w3V+o9ZcQypScDp97hC5/muPSYx1WnVYSt61i4e6Ka65ej9jHL04G2HkspGPMhbTEzypUXt7NyeUA9Gja1rEI4o6Sg8F3HyirkgG/W0q/ZHF6yb0xrKz/15eUN3o7jmzFHeb9jY1o4uzD0G2/GjNVzd7DvH2wKhgMTnGhp48+aVovwr38fk3x5cf9fhuFl+gadGtnj0W0Lbd95mRoawfLciOnU2dYWOzt7XDt/Qtxb8+mpkVIiazSZNTtGoIjoRidrT8b/GsC4AWCuLN6ccBr3D5ErGhP35cu4NHemq+8sVsa3wcn1KRNQGcRsGYCLiwsurT0ZOf0qrSfsYv3nDmp6fLLyTe6sdsW6hQu9x9syeKShDYoD/hFxLHo9jv/5t8PFyZO+b4Vx1OJ53BTq7XFu7vuYEb2bYN+0A77zrBkavprxTnq0oet4sm+QLYO67WyMRvYa9Gby1jFYHOmLg4017eqrFlQyrBiwdDM+zSfTvZEdrk79+Pr2KkZ7PtBLS7XZFW18NYQeGIon5l3WsOfwKOrt8qOXczNcur7Lz9caqW2926REfpl4neVvtMbBoR/zLoxj7pH/MchcY5x7XubqNDsa29kzYEpr+vYv2Ue10VcdUavvDIaaP8C6dwB9zCvfjpIa5SYjCnLJuQEK7GlSxfHmQaV9imj+MUuX1OPExJZYN7HEu7Daqy4yrMuCb/LeMF6oO5H+rZvR5w0YPqZbiWupRKtgvl4oiBxcF2unXnx8fCy+zhrnc80/JWxFfWJGNcW6uQvdh8bx8oxB1FXfB6GDvlajmKfxK7vZu3sUDf58h/7t2tHVdyarLjTCUaEfT+qP3s+sQbv51KU28lrF1zzp00Z5sqGdJ4aEkpxssMAeuwbGo7sx56qLHjR5+wRzB4YxqoU1jq7vsu3FqXhoLKG1x3ePRw9McMBvxwkWDD/H4iHtVPHEpKOYW1mqnwf89icftvqJ9z0dcPX4hNONF7Esaii2z+AapSL/aggbqon7uWB6R/FEYy+jQ0gwHipZ6e5uzjox2ra40u2jyBUH3zJAddWj/UVTPMWcE9WjCt3jqGRcVD3bIyhekt9nALcinIR1YcXKf7tdkfSgekJVQdaxRCVWfZFz9A3RifblViQuyJwjelG3RPXvyuDMNFWV8Z1Z1YO2F0IQDiwXV6u5vkp4XDGIqiL084NOinvP0LwkPZCgl096mChWDUK0br+tXD2ojrGXXlWsJeiJi1v4adsZkrMfoLxxkOWfrMe0vT+v6JhRWVQNtF6zD4mvH8zH48u7jzmO7Xug68+BVaquWtBlPl++nU7Yy3WxfQqr0BWIKLYu+4PojFvkPkzn0NdT2MdwhhmwGoAgmxNrwtl79jrKBzmk7pvENzvbM3ioqyTP1R5Kjv12keaDvuBN23+vXZH0oPrKb871s0R+EEg8Y/jvS5U5zV2Pv6kM6/5RWL0xl4B2Zf/uzsFfSGEmM0dVLd/JbcpaRry4hjdtZAa/fcEQSD34A5sPXiZbeZ+c5J+Ztwzsv+iHbTXTVwlPBibXt3Ms5RUCQjsaJTNQ0gMJT304slCGhUVHPov1471lPuW+f/xMxF7SXogBcW62GNK+sbA0MxNyCzvRvfcicfCGRJbKIl/sEMHdzYVd3RpCXrOucO00ToQdyTNwH1fFb5NaCefGtYW5ubmwbeojPgi/KhFfwr/Krkh68HRmCthTQzRs7CuWHM2T6GEAXAr3EZ4t6glzc3NhUdddDJ65y/CnZlIcIEHSA0kPJFQ7lD5BlgkhhLQnIkGCBAkSKnvSeXz5eNbE1Sp/I7bDe3z3tptEKgkSJEiQUDHS17Fg3mHSTMpOcjXNdaD/rA/o1VQilQTD4datWyX+lhbIEiRIkCBBggQJEiRIkCBBWiAD0jvIEiRIkCBBggQJEiRIkCBBgq4L5ALiWfWOHfaWNfUq5pTPQSY3liGTyZDJ5AwNzZUo/kxAya+DZLR77bBECl1waRoda6j0QCHzYsFFiSRPArvekeHcbY+kr5VAUQFB+XM2eLYLYVe2cUcs+Zx/n430kHnzXZoOvz3+Ak6yADY9A9POJ4oQd3P+EykqqSdJLH5BRs9p6U/Wb2nliZLzawbgVaibjrIVpBmRr7fXmNJcNrPEnd4iM4Q+Mj9WpT298nB9bX0UMhWNbEuNX8JjQuocuss8n8E4Tcm2ETLa9JHidoMukE2OTWH6TzaM3nWTNLGEV8oKSuxljF5b8ntTuhNyTZAnDhDU8L5EbS30MsaCoMvgsi8kVyb/xHRfR+wtayJ/zgbXLgGsPfXs0vz2GlNayRbrf7G7IfjafB7ReQKRMptOGvfrSZD0VVd9fdJzlWHFGzsEWZe/xe3GRyxYZNwVsuRzJJ9TLhoOZ8iwF3kWXj/MWvsKyy8sZEp/WckHd6NYNa4dLjamKMwscbDvxRtjtj3iv2RY0X6AP309jFAaWB+/pYUn+Wxhjv+fNJyVSHZ2NmfvBjxaMdnIfJU1ep+P31rH4nHRFVZXfxx2uLx4pKHfDXKF4Fa4CTUksyXFmeUs4HvIfPg55wn4kbxQ+stkvPFjKd/SSEbXD5OfOX7qpIMP02LJZyDPd7aQNOBZwLVQ/DsHcqHzIpZG9sHuuSvE7lhGairQQSKPBAkSyoaibh+83eB/59IBK6P1I/kcyeeUC/tAgjdUf5IUEM8vc7JwnOOPY4nv09jk58FH0aP5Mjwcr6b5ZJw/SGR4GllQ4rcyrOjx8Wp6POnJaOGJyfXzZNCRF19wwNLySfFVzsuThhPUPoSt2Wt43UpSSwkSJFRgt3T5kRI5JsiNcu9bAfGsGutFV7v6WJmbU8/GC//ph9TpN3ns5H0bGQPmrmacd1Ns6talRdMAwmKL2xBkczy0K+7WMmqZueAzfzEBTWTq9LqiNkaGaaQxbW9LE43UvczdM/HzdsPesiYKUxtcegay4kx+SR+/dyz9XGQoTG3o0ms5wUNLpmwKsjkeNgRv15rI5XKatPJlSkRWpehyMyOdjGxjnIAo2TUlkGNZM1jx5/v07dYK57a9GB60no8HafwqfT3TfR2xtjJDUcuePv1Xc1JZsqV79w4TPKQpNuZmNLP25cs/bxQ/LCNl7mCQDCfHjeRq0MrH3RYbczMUDVzoPWg5hzTIdT1MRsMGgXz9rQ/u9rWoZ2FPv+mHKHF2lbWDBSNdVXyrZU+PUm1UG6SvY5JvB1ys66Aws8SxlS9T11xVP9ZFDwpElCot1awmDZr1Y9zSiSVThbTwxGB6UKDSaRcbUxSmNrj1CGJNqTZ0iqmPzGKkpz1W5ubUr+vOwGG/Eqe2G0lsneGNu7UMhZklbp0DH+lDc5wefRYTU7L+QjXRVw19HNJOLeedes8g8qoB9fUpg+Rz/n0+B+Dm8fn4utdCYWZJx07LS8rwsQE4FKafNiorFbfQvo35eSI+7rZYWj7ahnbbpOTvTSPwdrFCLpdTt4ULfYZtLHEiZCj7ZnL+G9Yl9KTPCKtSdukAm7bCi18vZ3Svtji36kDPAe8TvPY/eGgsopf3KH6VoHSK9cWFMup2Gopv61pYW/qzcOUHeDWWYW8XpH494nKojHrNApj2blec7Rtha+2FX/BZ/e6u1oEnHWUyTBp9wm6O80n7MlKstbWhg31TJv/EuF7PYWVuTqtWgYQntC9zuHntAujReC3r11bPVy8MFjdlrFTRy8ySVq0CWfZJd42U9EdTccXtUAbI2jL5qG42VKd4REe/pdWeiyh+CfLCvbGFKtuivT/f/n5X5xixQETx4whH1Tgb9GLs9jS95U8fW3gzI530XOPIxq+DimxC8cdWNpMTmnGAWTIbxqr8ToMGvfhwddZT51+r1QKZ3CSElp05axtnGldqsz+Nm3mvM2XFXqJTL3E4YhDKVd0ZNTddc5uUY98cof/qK6TdiGFu5zDmD9moVvjbf/RlSKCSjoviOZO8Av9T41mTZq7XKHJycmjm/x1rjiSSnBLJgk4bmN3uA3YWxgsiM4SRPj/ysMcuopP3suC1xYRuK9nGxdAGDHxXxqsLYjh3KYGIOYLIof0JidWPXvkc5PP2tnSpt0i9IKjUfqkVNOggL9V2FH/8DrYjRqqd7SMCfn8LgR1HsL/uAjYdvsi5Y4vxuPcm7760p4SRTf59CQd7/MaRC6cJezeWRX3f5Ic0XZU5l4xMewbN2MLehMucPR7CK9nv8a7PxhJ93MmOYHfOQvYk3yXpWHcy5wUy92jxImm53yt8F+vL4qNJnD0xh3YpqjZKD0PU60X97sbeMq6CHuRcQbSfQej2k5y9coo1cwTb/PurHZJ2PVByeJwHEzZ3Y9aeZE786Yfs+2+J07MOX1X1oIA0Iga34ZP9vZgbmUJySiSftV3HtHYfc1CP2Pv+aX+8vZbxT9/F7Em4TNTJEAbXuEzRmjD+a0dGfangjfALxCf/zrSWoUwuPc4+68j1PUR08l4W9v2RryOrn74CFDxYR2DnEWzK+A+LjyaRnLCReQNvcCnVGPpa8VxlKJArQJarNK4qST7nX+VzVL87xurPMvFfeYro/R9ic+k9pizU4EmXbSQJgTjWg+fKa8PkLw4u70zIkTSyU7/HPaO4DV1sk7gezDjfAzQcf4hzKanEbl3MGy/UUC8aDWXfAK4fXEE6HXG3Le0b62EphysbjpBdbuBmy7sHBPkikUU9yu5YEW3NO9t/J6D1GkKmPcf8078z1ORrlmosDpVXNnKs6QpikjNJ2teTzCm9maDP+9DaeNJ8HtFCUJA5h250IfiUQAhBotBIsdbShjb7lk8UXwx8h/03vyHy/AW2/i+XX76JIa+MtkzpTM8ukLQ5Rm87bNDFTCXjEUPETflEEeI9mr25X7Lx9Gl++1HG+u8PlUmvyttQ7fGIrn6r4sVYEmv7ePDxehc+CD+tip3mtSbzao6OMaJqnNN/7ckXR5M5sf8d7i9bxslKjlMrXy/NxrupLf38qpDCL2+Ajbkd5halfbMVw7YIcnNzyc3N5e69A0x/Hmz7eeOkaXciF7Kh9Q9sP36C7wfu5f/enKX2OYZB1f3r07MjpQ2348SPgxGt7H8VWZW8fDlPHBBBDRG+S+7p9PsTExEu9beJe0KIh2KHCLRGvDg1Tf38VoSTaMIksU8IUSCyxKreCDev3aKo9fzbIaIXxf0VteG3oqC4k9/bCFvGiT/KG/PDJaI/bUTQEdXf55cgbAv7FEKIfBEngp0Rrb12F/fREDH85+I55ourYlVvhOeEJP3p1QjRnGBxxsAXYeeJdcIXRL+F5XMzcwXCqXTfscOFM35i7X0hhMgVGwYiHFguLqrnqqJx79mF7aZOFZ3pKb7VuH3+wCSEo8OvojwpeLDdXbTQ4EnmCoQ1o8VmZdHYT4gZdohX56taKMicI7xoKd7fVdzG/b+8RQt8xLKrT+Et5CmzRTe6iPkXtP80X8SJ4M7F9NSmB3liiwgA8dr8Yure3P68aEjX4v4qwRN99UD8HfBIH3linfCnvvjPFt3IVCCyxIaB5ducPHFABDmUpEXewyWiH8U6fiGk5DjzxAkxo03101chhLi8GGHDOLFDaUR91QNnpiGsawaJXVcfGkdPJJ/zr/M5InWq6EgzMUFtI3LFzrcRri13P/rbYz2EI6NFRJlttFLTTwhRsg1dbFPscNGy1G9KwAD2TVPmWtRepNbJEq5i+2vC/TmERV138cKwseKr7/eLxNyy/ESiWNSjpKwW2b/W7VXyfGAswq33ISFErtg6HPHihEQhhBCXlpT0r0XPi/6fXn6rPJ4U2fTMOaIbXUTwKf3b0GrfYocLJzw1xpcrDoxBNGOGWnc0cWAswtFydaVty+PArXCTcsdf1bhJxA4XbhXSSyUHKpkp5N+tkrZJmw3VJR7R7rd0wN8Bwo325Y5LW4yYJ7YI/1LjvBXhZPhxatgod1NEh0EnjSo/BSJLHJiEaMEMcaCUfjtarhZXS+l2hXpZykf1A0EZn4p8jj7+9Uni5s2bJT4VHi9dXChDUacNEzb78MGmoUZ540yQzfHFg/F2scJSoUoJ8PgGHuTnoHlGUa+VtfrfdeRyBEpyC4/zEy5Akxdc1Ol4BbXb4WKtZ+JD8k9MHNoKe8uayGQyatQM5A/ucL8wUyP1BCgcvNQ74CY44qyRxWN6/SjnrsP6tyzUqQ2msia8uRNun9WvwmRRoZlUMZk2Bqe39tyO2ANwkY9oq5mq0X49l8jg2j8aO9S9XTTeh3LDsy1cP3hO57Fk7p7JyK6N1Hw384nhNjncK0ELG2zNi0+vLOWgVKokQxa/kzTa0LlT8e9runrThIucOUf1wt0oVo0tTBOSyTCVteGjKHMeZJXcUytPD0yux3KOljR/oTgp9TnXXjTXsyhYVfXgdvw+4viLD5sUy04N2QjCuUNWqm4nEwXEczQOmgV4lWlzBBdJTgKHdjbFX9Z4Hnc7SLuQAUBKnGqcbdVy1AZPt+qnrwAJUWDh0Ivu5k9WX4vg+ulmfF0W8nKTmjh1iMSQ2WKSz/l3+pyi+dl3Lj7xlteD+/nZesmXCbY0a65x2KLRhi62qaBdIP/p9BfTXTviM3QSUxZvJTrLsPZNzf9cML2jKPM1ghZ9/4+TNxLZ88s4fJtl8OdXL/Dic0F6VY83vVfYtoBaFnJAjkLAvRpKjbwCFxzNi/+yc4AHsck8TYWetdm324knuYMrLZ2K59G6glQFuRxEjpLqWt++qnHT7cST3NCDXpWxobrEI7r6rYpwO2olN+hEb89yMp60xIgm12NJLjXOOq5DDT7OEhkVeYKYzR2NKiPXN/Xn7a978tGpLx6JG+Qe9ursDVGvAZbcJUNDGYoKcRW9vlFW8a1+n8YTExNDTEwMJ8+uZrSt4fzr04QKF8hOQYLc23F813s7/zPS8fedTc/z6vhbeHwVT3KuKv3mxMQyjJowbL8PZTVLpIB9MfAd9mV+SsTZewghyH8QRl/0SyNU0pKgI6o5aH7idng9NQyX4YR9Q7h+ouIAytHhV+6VmsddsYcJthW3n1+3gocaFlxkhuDXdwk3Xt1MdHZhH3t7oIASSlITy0cXUKZKni0oOTjZg0kb3Jm1O5MsUZg61/G+0fVAkyeG0oN6jOMPUVoPlGwYL3vslJVXc33VFUbR13JwdvZgIs4FsevqQy6e6m/Q94Qln/Pv9TmPA9pskwk9CIrKIvq36QzyusmZJQPxqR/A1mzD2zdrJyggm/LeAJTVcKDLwHeZ8HUEu/5eywsWX/PNSt01Ir9h4T80UjGFBZhfLfm73JLMqpb2zQQ5JTJOFfXK1ZibV6Fme2uqY42uJxU3CVkuSg3h0NWGGstvlVzEyKton0p5MIXMKON8bEgJwW90Kh7fRxDYXv//blpjNCtSznLu3DkS4v9m7Sz7R35j1cSVDh060KFDB9q7tMDq4ZP3r499gQxAbTeGv23CneTDnKlCmCqvVbyDpYm/D1ykjkMgswfZYlW4+5CSqM8E3HBuCVf3n1MbCJM7pzmXUVIB5BZw55/i/nPSit9BMbl9nFNxDvQK9sfdVhXEmJw9SDLFVye09oAHSTHql90LSCRBs2hLQ0/crS9wardhgoCbGelcu2L4gimmdKZvf0hbt6bEi/uaaP0C3Evao/Wdqtyd5zSKl8Rz9AxYt3VR0UNhgTm53L9X7JgyNLalZSd/5nyeL2Ome+FQaN8unz3AQ32MtltvbIkj6qRGEHp2L1dxonAYeoWaxi60JCxkyLmnQZNiWTr6F3R8bya+bWqjAARxnDqve9sFDdvjYnGB5OhiN3nr7B4uaai4Np4YQg/quL2IDYfYebQqRskNzzZwecXhMhdIMpywd4Ck0xq6lnecmBSwbanalWzhAflJyWr5LCCNlAvVT18BnDtXrI+G0Fd99CQhHpr3G8lLtuVcgnA/m4yMDHIqux0s+Zx/nc95HNDVNsmwovULwxgTtIKtZ5bQmQ1sO2A4+1aE5p078pAY4h7o4DvMnLC3grvXDbs5fIfDnM0p7INsEuLArL19iSuYyvNbjwva7Fsdx07UJplUDV+WeqLsbYcCEjl3Eax7ulR+Y+9hGtfSbhr1tEuusKWA3Ef6METcVMexE/U5y4WLxTb97xOlbKcC8u4Wy5pJ2jlyNGIJbTZUl3hEV79V4Vw6v4NVBfqoLUYsaNgeZ4vTpJ0tXq09SD7GNY3NAEOMU9N/ZmRkcM1I9TELOMDMAR9x8+UNhP63sltAcqxbuODs7Exr1xbY1dfvf1fVv1avBTKAwqFKG4smOOLZBc4uXMHhlEzSc4qNS4s2oEz6nT2Fu5rXt7/Ll5H67P5YMXDS8+QcnsGU9Ymk3YgmfMJkDpmblwhoenrAhV8iSASEcgdffYu6KIGo0xK7xknERiapxnU3isVTwkjVIE/TYcG0rLGET2cc5uz1VKJC32VJkuYcezNhlgmxM4cyftVJkjNTSDgeyS8zBrFgi370KiqY8nyzqhVMKU/4X/5qCe0bzCXglcX8ceg8CWf2sG7JOywqHGeTkZvxsQ0laOBiIhMuk3w5hn0bgnl/9KoS1TxT+ILpX58k6Z8Eds8cQ0TGEIa9a6UO3jo0PsbOn1U0Vf49h9BdGv/ZbQCNOcnO/SpJUKYsZeo89CoUIRr6M7rbBSI+mKka59lVTPxgL7XtAxig585efl4YI21s6e69y2jKlt/Qkw4NzxA5bzfJGde4mXW/UIZtcW4Pl7buUckn2RyeOYiNd3S/29KUPrw9CvZ/8D7LY66QnryBqbOP84CSAXVFPDGEHhS0ms6Hg2JZPSyAlbsuknIpgVOHlhPy+sf8X7buOv3qdD9qJE/Cb9ZuYpIzyTh/iI2BoexHlQ76ViDEfhXAwt0XSb9ymLVvBhLDOIb7qyyV07BgHFjGd5tUgdL1fR8TGl0d9RVs31uLj20oH/ksZ0/CJTJSz7Fv1Rx+Omw4fdVZ58hFmQtCUcGu/dEXcbFpgf/SKpz/Sj7nX+VzHgd0sk3nQvhw/jaOxmeSkZlC1KrVnKcTbVwNZ9+KUMPrfTzZxaEDj/JiZq/+TFm8lb0xKlpFBL3FTykd6DzIxsAL5N/5fvhGolNTid3yNp/+1pye0/uVWDyW57ceF7TZt/x2k3nNbTtrp0arNlQzVvLNhrJjCdntffwR7UjnEQ6VHk/UlCY0a+JNyGnjzblmpzdozDbCw5K4lnazeLPRAHFTfrvJvO18lF+Gq2xjyvEgPtlYso3WL0D24XC2Zqs2l7fNW8EFDdukzYbqEo/o6re06fS0l1X6uOLwRTIyUzi1exHzw6/qFCMWjfP4B0uIV6oq1P8wby//aHgfQ4xTjUuz6dfUhr4Bhr9nW5DNnnEv8Ms/M/juRw8USiVKpfKxb2xV1b8+VdDlxeUHEU2FTQXFRXRC2loxrksdIQdRBx+xNLvwZfL8OPF/Y1yFXaNGonlrZ9G99yKx7P3iIgq6FDspEFnieLCn6NAYYVHTWfT9apEYbYsY9j+N/5MYJka3Q9RtaCc6dRwnVn79cok2cg5NF0M6WIhGLeyEi7OP+O+a+aI/1iVe7s/YM0b4OCPkJtbiee8fxQJfRLuOh0q8GH9sxWDR09lSmJubC8sm7qLnoOli4/lKFJgxYtEfIYTITVopPvRtKezq1hDmdayFy/OjxZoYjedp68S0wW3Vz5t39hFjQqIKC1uoiv449gsWCwYrhKWZmWjaeIiY+8c/Jfq49vubwtPOXDzXXMXX797VLAiVK2JX9BKeLeqJxs2cRaeO40TY0kHCHj8RrlFswo5gcbxUkZqXvtAoSHLjT7FgcBNhV7eGkFvYie69F4mDNypR1CBzjugqQ3R807jFE9KPjhHeLWoIKMXfrM1ioo+1sG7YQjg7eorBH6wSkzyLC6roogf5BSfED+84CmuzmqJ+fW/x358+FN15Ufzvgq48MZAe5MeJ/5v4vOjQSCHkNeuKxo5dxdC3Noi4XP1olXF4pvDzbCgszcyEZT1n8erQDWp65YtE8dvEzsLZ2kTIa9YVrp3GibAjeSX//54xwqd1HdGohZ3o3GW6mNhfo5hYddPXtHVi2hAHtZx3fHm62HbFsPqqa/GPVb0RHiPiyy8wE+EkLLAWb60vqPR8JZ/zL/M5WgoIFhWj4pHiMObFxV50KEKo1TYlLRZv+7iIFjY1hLxmXWHbcoiYEn6lpA4YyL4JkSt2voXo0PtQiaJY+eKq2Ld4iOjbwUY0tqwpMLMUdu6lxnGsh7Auo1BOw8IiVxdCim3dgUmI5wuLAu18G9G9UHcvLUE0qD9OfDu5k7CrW0PUlncVIxbEl1mwsSy/pRNPtBTp0rWNiu2bSrbGetcR1g1bCNd2fuLj8e3KLHKVuaaeaMmiKsi4qnhcXXzFL0YsBFogssSxJZ7C+TkTAZpFnQwUN6WHibHedYSlmZlo2XKc+H5WN9GMGcX/p+CE+HEgwrJOY2Hn4iP+u3KqeIm26mJY2myorvGINr7qgvyCE+LnSV3V+mjfbqT4JvKOzjFi0TjtGjUSdo6eYuQnw0WnUkXpDDFOYxfpyhMnxAz7R3XJRs3XyhVfK6tIl/8PjxbELCrSZQj/+rQU6dJpgSyO9hdN8RRzTtwV1QGVrSpZqUAxKF5IqP64FeEkrJ/W6teVRWUrLUp6IKEc3M1ZJ0bbVlT9OlccfMsACy3J50i69m9AymzxMoPFT9mPv+tLS4y7IfL06egJMcMF8eav96rWhp1qw+HeM0SbCyGqWw6MGv48hnhEggRDLpB1SrEu6DKfL99OJ+zlutjKAvnzKTsFLxBRbF32B9EZt8h9mM6hr6ewj+EMe8Ww6Qsn1oSz9+x1lA9ySN03iW92tmfwUFckVHcoOfbbRZoP+oI3bavxNC5u4adtZ0jOfoDyxkGWf7Ie0/b+vGIm6YGEqvN9dR8Z9Zp9SHz9YD4eb1VOqm4c2/dA158Dq1QNWfI5kq79K9DiY5b81gXzhHyJFkaGafZVWgTs46uhlS8raHJ9O8dSXiEgtKNBixM+bqQe/IHNBy+TrbxPTvLPzFsG9l/0w6Dhz2OIRyRIeOIp1k878sUOEdzdXJVCUU66ZdX7uCp+m9RKODeuLczNzYVtUx/xQfhVactFwtODc7PFkPaNhaWZWZXSzSU9kCBB8jkSnm38206QJWjwPtxHeLaoJ8zNzYVFXXcxeOYuw58eP4Z4RIIEY54gy4QQQtomkCBBwuM4qT++fDxr4mqVv2HX4T2+e9tNIpUECRIkSJDwb0T6OhbMO0yaSdlJrqa5DvSf9QG9mkqkkmA43Lp1q8Tf0gJZggQJEiRIkCBBggQJEiRIC2R0veZJggQJEiRIkCBBggQJEiRIeMZh9AXyxYUyFGaWONmPZOGxAiP3puTM4pdwt6/Fc7KOfK7jPXX5HGRyYxkymQyZTM7Q0FxJMqoB8tjJ+zYyRobpkARx/AWcZAFseiZmruTgWBk9/M4+FaPZ9Y4M5257Hvk+boYMJ6twqnAbrkHaqCyur62PQqayC7aymezXwoun1WpI9u3pwO01pjQvV47+JXa4mqOoWJ38ORs824Wwy8iGqYB4Vr1jh71lTf2K1V2aRscaKp1XyLxYcFHSPwlPl3+VfKOEp903mhhMyOxljF776DOnIMG9e9F81n4tP/53u1GDyDzW8dkHe2jy7gWuiWhmtSs7mO8yuOQl3aZ0J+SaIE8cIKjhfUladeCroRdYpXmixt0oVo31wr2xBQozS+xd+zFhTZr+nTQczpBhL/JMvLKSuoBp3w/mPwtd1Yu0bSOKjPyjn1qyXix6AgHSc93G8spEZ+TlBH4hHjJ6TkuvdBvGRkO/G+QKwa1wE2qU+ys53ebMQb5uEqsqEsvUOfSQ+fBzzuPXV8m+SXa4ynbYyIiaJMNeFkJcqaDJWubPGkN3tq8dzbRtlpajrzKseGOHIOvyt7jd+IgFi4y7tDA5NoXpP9kwetdN0sQSXtFVNprPIzpPIFJm04kCSYmeAjtcBGXyT0z3dcTesiby52xw7RLA2lNPhhxP0r8+DfZN8o0SKkKNx9GJrIYDnj3g4ZYM0gBHI/Vjev0yN0VbXnzVtlqX4JdQZDijWOrjwRdJo/l0xQ94N7tNSvz/8duVbND3QgL7QII3PAtUUXLwq0+51XI3w2yLF2l9voojZupDAK6vcsf/65HMjZ2KR0E+mFvRwunxj7R5v1CW9HvybRgbomEAb/f+hMULkvnPt/aS4kqQ8IxDUbcP3m7wv3PpgJXR+nmYFks+A3m+s4VE9GcB10Lx7xzIhc6LWBrZB7vnrhC7YxmpqUCH6umjJUh4VlHhCXIBSWyd6YG7tSpN2trJC7/gyqV1misgv7bx0xeUyIzSbgHxrBrrRVe7+liZm1PPxgv/6YdI0+h52wgZLV5ZwiK/1tjZPEeDBr34cHVWSfu4dyz9XGQoTG3o0ms5wUOL01PLTFXb3pYmmqlV6euY5NsBF+s6KMwscWzly9Q1V0sONmMl43o9h5WZJa1aBbLsk+4l0hcE2RwPG4K3a03kcjlNWvkyJSKrcvS+mc61tJtGyQy4t8mPLw54M+mvFYwd0Abn9l3pO/IbQj8uWeX41o3fme7TECtzc1o0DSAsVuPhsQE4FJ6kNirr1ODSNDxk3oz5eSI+7rZYWlrSsdNyTio1FkA60Otm9NeM7loPK3NzFLXs8fCcQaQGW0SBSn5cbExRmNrg1iOINWfyKyGHB1i3CVxmdi2xCWRm50aHDh3o0KEDzo5QA0uat2ur+s6lhTqEy+Mnhska8876bUz3dcTG3Ixalh0Z838qmcvcPRM/bzfsLWuiMLXBpWcgK0qNU1OGPfosJqZkXQMuLiw+vS6dvpVPFDMdZJjK2vBRFOz7yhaZTIaJzAq/tbq1obZNM7zVtsmtc2BJeurAV13mqpsRtaXPCLj83QpOVFNHoM2+FdmmAXNXM867KTZ16z6ia4Jsjod2xd1aRi0zF3zmLyagiUydtqaLfdNX/krbUEPat2tHZjHS0x4rc3Pq13Vn4LBfNU44lfy9aQTeLlbI5XJsXPs9YoeVyT+p7LC5Oa1aBRKe0L7kxko1scOcfxfXRzJT5Ly2SOhuhw0ArbKhRecfbmqmemWi5xmuEIZv4VxalDq5fpqgRI4JcuNs+GuJJXTR+QIRpUoBN6tJg2b9GLd0It1lnsUp3YU8+U4ju+ZgkAwnx41qWTWIzhvIvwLczEgnI/u+Ubi5a0ogx7JmsOLP9+nbrRXObXsxPGg9Hw8q/lVOwjfqWMKqacdScabK9y1+QUa3cZFsCHLDpa4p8uds6DY1ukzbVLeFC32GbSRRRx+tHm36eqYPaafiSy17OvUujmkMFQ8/C77x3xj7VyQbusiwNt9YLRbIdze9wrtzG+K/8QrJV06xb+U4ujYoK11HjrWNM40r2uRUgMkd405GlnsPUGBewTjkVtCgQ2USStK4mfc6U1bsJTr1EocjBqFc1Z1Rc0umiGbsCOfyqBhS0jPZ83kMEW/OYmehrRWZIYz0+ZGHPXYRnbyXBa8tJnSbnsPIuYJoP4PQ7Sc5e+UUa+YItvn3Z/LR4gVIiPdo9uZ+ycbTp/ntRxnrvz9EnqZxDG3AwHdlvLoghnOXEoiYI4gc2p+QWP35uuu/trRs4lellKWyeaLk+LqLyGv7MrSi008ZHF8YRq339xJzMoJhTcOYP2RjscHvso0kIRDHevBcOU3km/zFweWdCTmSRnbq97hnvMeUhek60yufKIKHBnGu8Sp2X7pMSvRG5o6x1TCwaUQMbsMn+3sxNzKF5JRIPmu7jmntPuagnn7Y5NIejl7rQuf2lQ+ZBJnsmBxK3lsHOHvzNldPzmZIM1UwkZOTQzP/71hzJJHklEgWdNrA7HYflJThPuvI9T1EdPJeFvb9ka8jS7bvFCQQQnBm+qN9m9KZL5IE+SKO4M7w4tQ0hBAUiGzW+unWBkD8146M+lLBG+EXiE/+nWktQ5msMU5d+KptrvqgYefhWHGIw+WlWcsbYGNuV6Ftqjp0sMNVsW8yOPbNEfqvvkLajRjmdi6pa7f/6MuQQCUdF8VzJnkF/qfGsybNXD/zpov8abGhutu38nH/tD/eXsv4p+9i9iRcJupkCINrXKYoBrh/bDi+vqdo8OFuEs6fYt34NFb7D+DLI8U24YuB77D/5jdEnr/A1v/l8ss3MdXQDgOtlnNW5JKbq/qkbuqBE13p+YJMdztsAOiirxXpfM0hl8kVAvFXW5oymgihsjGpYjJt9NRXGQrkCpDlKo0b1OQmIYyl81piCe06r+TwOA8mbO7GrD3JnPjTD9n33xKn55t7VdV5vfyrFr7mc5DP29vSpd6iKmyalM2TfKL443ewHTESj/IWYw/WEeg5ibgmP7L7/HmOhHuR8fWLj8SZAAnhMwmv/wORmbnkJG3j45fqqOh1PZhxvgdoOP4Q51JSid26mDdeqFFi80ybfy14sI7AziPYlPEfFh9NIjlhI/MG3uBSquHiYcP4LQPYNyn218s3apMNbTKsi298alDRpckXQhBNmCGOG+ACZuXRgcKJnmLuX3eNcsFzgcgSxxdai6aMFpuVlWsjTxwQQQ0Rvkvu6fT7ExMRLvW3CdWvc8XW4QhHh19FVtGYMueIl3heBJ9S/X1+CcKWSWJf4fN8ESeCnRGtvXYLIYR4KHaIQGuE34qC4k5+byNsGSf+KGcM+SJOBHdG9J5d2GvscOGGp5h/oegXueLAGEQzZoh9RX00RAz/+Z5GG1fFqt4IzwlJetNs63BEHXzE0mzD8jNfXBU/dkc4ti+i76MoopfmuG+Fm4gmGjRW41gP4choEVH6+9SpoiOtRNCR4q92vo1wbanBEy30yhPrhD8VyM3fAaIzPcW3VzVlbZ3wp774zxY9CbO3h7BliAi7X/5PLi1B2JQjMw/FSuEL4sUJibrpxMMloj9t1PS5EFJShvPECTGjTbEMa+LMdISj5Wq1PpQlty9OTauw/7LayBMHRJBDyf+b93CJ6IeG7mjhqy5z1ZSpIv0pV15vh4iXcBLv7xJPLapi34p0TZPmtyKc1LpWILLEqt4IN6/dan3Nvx0iemnoRWXsW2me6GRDq2jfCkSW2DAQ0cr+1zJlV4hcsfPtknKZLxLFoo6IDoNOqu2w0zNghx+hzbVg0e85GzHo+6zK2eEKZA0e/dRnpAjXVV911fm/2oqmZfkCPXFmGsK6ZpDYdfWhcYh9O078OLgiOdQBKbNFN7poyGFFPrdkLKFN5/PEFhEA4rX5xTJ8c/vzoiFdi/tLnfqI7zswSRUn3TOQzhvSv+aJAyKoEaI5weKMwe3vOuELot/C8rl5K9xEWJeKYU9MLDmefJEoFvVQ2Z+rZTUSO1y0LEUPffyrEEJcXqyKIXboEUvrGw8/K77x3xb7a5MNrTKsxTc+Sdy8ebPEp8KtPqehwbRvMJdX7Hsx4r3pfPfzCdIrmcNVs8tS5g3/i8971qKRPtUYdcHpETjK6uEZJMfrx88ZZG6EjQSyOb54MN4uVlgqVKkpHt/Ag/wcNPeQ5Y42xW8kyesj5x4ZhTRLPQEKBy/17qEJjjjrm1mgWbRKVpSqas6DLNWe7u3Ek9zAlZZOxbtzrTW2K02vH+XcdVj/loU6xcZU1oQ3d8Lts+l602XAOsEt8TtjLJ/cJk9TRzv1v+tYuSJQ6pVqaIItzZpr8LAe3M/PJldHepnQhzET4a9AV7q8OpoJc39ke1xxusTt+H3E8RcfNilOa6ohG0E4d8hK1a/y60PlHfJRVCnlToac1r0cyk6dSf6JiUNbYW9ZUzXOmoH8wR3u31U9T4lTyXBb9YlwGzzdHvOmHhdJTgKHdjbFX9Z4Hnc7SLuQoRNfdZmrXjQVCuTc4cFdqiV0tW/1WlkX65pcrta1AuJJuABNXnBRy2ZB7Xa4WOuZuqWFJ9psqCHsWwHxHI2DZgFeZb5dWkAaCYlQ91UX9XMTHHBuB7f3nSO70A7fecbscIGIYmG/j/iny6+s/K+V3nY4apJMXRW+QRnFtxozjl9jY4mJiSEmJoZ9C1uUKJKii75q03lDwvXTzfi6LOTlJjVx6hBp0D4uLpShqNOGCZt9+GDTUOO85awlltCm8ybXYzlHS5q/UOyNnnPtRXM9i4JVVecN6V+LijaVmVVQZRurXUJS4wtQ4E4bjRi2dQ8nHnKOC6V+a9PXvcxKLAXtAvlPp7+Y7toRn6GTmLJ4K9F6ZtEmRIGFQy+6mxsvHn7WfOO/JfbXJhvaZFibb3yaUHEujN1ktqUnsv27kXR9LpqfpjxPL49wKlFDmIfHxjJtfU9m/XWX1DKqMVYJ7daRpMzi6EIlh9+bxRYjvD5yZ9PzvDr+Fh5fxZOcq0pPOTHR+Ax6KKup6Uo4ONmDSRvcmbU7kywhyBeJLOqo34SVtCToiGoOmp+4HV5PkWDWw7oJ5CUma5W3mrWMOxZt9JJhRfevBUnnf2TiYCtu7ZnKa209eH9vsXOuxzj+EKXbULJhvH7vzNe0sqUu2dz6pyozeg6zWmWll6lSX/ZlfkrE2XsIIch/EEZflGUkkVVv6DNXnRbIWf+QQyOa2lVPeuhq3+TCePbNUDx5WuybCXJKZA0q6lU7O6wZJO4J9GDpyWBCfyt740CbHW4zO5GEc2c5d+4cB5O+Zkip5wrsad2unbqWgrv1ZaPpqyFwdvZgIs4FsevqQy6e6m/Q94SdggS5t+P4rvd2/mfgVHV9YwlD6zz3DG+HDeVfjQkZTtg3hOsn0g3SnmljeTl2pwdBUVlE/zadQV43ObNkID71A9hqQCF6UvHw0+wbpdjfcL6xeiyQUVWg7jLwXSYs/INj671Rxm/kzwf6d5R59jfyGcrwFy3KcSTKqhVHMLfCY9jbtCCevy9Xlhxy5LVAqXzUOP994CJ1HAKZPcgWq8KAISVRv9Zbe8CDpBh1IZ8CEkmI1TSgCuQWcOef4v5z0mKKdwZJ5Ohf0PG9mfi2qY0CEMRx6nxxG3UcO1Gfs1y4WEzXvzUqB4mGnrhbX+DUbsMYaeMVh5Hz4nAnlHci+P0J3uGoD73qtnyZEQELWbF7P191TCD2h3Mqnri9iA2H2HnUAONx7UdLYjhzzgjG4PZxTsU50CvYH3dblXE2OXuQZMzUv2nhAflJyeqCHwWkkXKhMr0pkBdAfg39JUeGE/YOkHRagyd5x4lJAduW1gabq1oSFbYUkFuhjD9I+YsU2tDSueq6ZDwYz76Z4IZzS7i6/5yaTiZ3TnMuQ3f7pgtPtNlQQ9g3E9zwbAOXVxwuc2Figi3OjnBz6zn18wKSSDgNdV5UnSrXcexEbZJJ1djdSz2RVQ3tsArXN3dn7FIfpp2fTKdK7o7J6zjQwtkFZ2dnnO0b67Wg1EdftRtRSwOU8lSSEA/N+43kJdtyLgN5mFY1ntR2Y/jbJtxJPsyZyvoLCxly7nH/XsnvdYkltKGgYXtcLC6QHF08w1tn93BJI6wUCgvMydXoX0lGGgbVeUP6V1AV6bp2xfCnLKZ0pm9/SFu3ptxiji3cTMglhrj7JW2zOS601MtHWtH6hWGMCVrB1jNL6MwGth3Q/f87d4Z7SXvKrZFiiHj43+Ibn7XYX5tsaJNhbb6x2iyQz298n3mrD5CQfI2My9Gs/2UvD3GlTSV8ErlQULv8x/l5YYy0saW7967KLx4UFlDCGOtLDEc8u8DZhSs4nJJJek6xc2vRBpRJv7OnsErL9e3v8mWkfu03HRZMyxpL+HTGYc5eTyUq9F2WJJUMzHp6wIVfIkgEhHIHX32L+uV1GbY4t4dLW/eonpPN4ZmD2HinmCH57SbztvNRfhmumkPK8SA+2Vjchgm9mTDLhNiZQxm/6iTJmSkkHI/klxmDWLBFf5oZojhMeag1eC2TO+1lbs8AluyJ49yFI/yx8QuCFsQ/RgXRTq8CdrJk9PdERF8mIyODv49uYFO8KY16qK78KWg1nQ8HxbJ6WAArd10k5VICpw4tJ+T1j/k/PXd1RZ2+DOmWwZmtSYbfDKjTErvGScRGJqnk/m4Ui6eEkaphJpyGBePAMr7bpDJo1/d9TGh0Zehqi11LuLLhd07mPNRLZ03pzluBEPtVAAt3XyT9ymHWvhlIDOMY7i8z2FyLULPTGzRmG+FhSVxLu0lOGRHv6S17qWXvyytmlaN9AfEsftmWDk3mqCtOGl6WjWffZFgxcNLz5ByewZT1iaTdiCZ8wmQOmZvrbN904Yl2G1p1+ybDilen+1EjeRJ+s3YTk5xJxvlDbAwMLeSNnB5jBiJyPuc/y6JJzkzhwFJfvoruwEtTO6rt8Gtu21k7NVq1iM5YyTcbqqcdJiUEP98cOv64nDeaKVEqVZ/HmSmpj75qhUM3GnKQbVvSygyIdRoPuShzQSjK3y2ImtKEZk28CTldhYkrHKq0mM9v6EmHhmeInLeb5Ixr3My6r3Msod0O9+HtUbD/g/dZHnOF9OQNTJ19nAelNpg7ND7Gzp9VfFP+PYfQXfrxVZvOG9K/FhXper7ZIiNUNpfz8ldLaN9gLgGvLOaPQ+dJOLOHdUveYVGhztcaFk6vumHM9d9IdGoqCfveZ0qoKa2m+uue8n0uhA/nb+NofCYZmSlErVrNeTrRxlX3kdq+txYf21A+8lnOnoRLZKSeY9+qOfx02HDx8L/FNz5rsb822dAmw9p8Y7VZIJtb3GF/6Dv07NgMW/v+fJk4jgWnZ1OZdPH7uWB6p/w9Y5PsG2TLoK7me4WVMkGVzweSYcWAb9bSr9kcXrJvTGur4oCjwdtxfDPmKO93bEwLZxeGfuPNmLF6tt9oMmt2jEAR0Y1O1p6M/zWAcQPAXCkv7v/LMLxM36BTI3s8um2h7Tsvq9/DkmHFgKWb8Wk+me6N7HB16sfXt1cx2vNBiV3KyXvDeKHuRPq3bkafN2D4mG7UAPWOvdO4f4hc0Zi4L1/GpbkzXX1nsTK+DU6uT5lwyjozed8Jgl89x3K/5+no5sPYWYd52NJGR8Oqug5BJpMh63KARPXVHnJ6TtN9F00rvYQV5ne/5/OhztjZ2dFtyA6sJ+1j0ThFoZI54B8Rx6LX4/iffztcnDzp+1YYRy2ex02hr8I68OpkVzK/izC4AzehN3MjplNnW1vs7Oxx7fwJcW/Np6dGupus0WTW7HmZq9PsaGxnz4Aprenbv7iNPH5iaOH7LW2/hMScN6gnk2Emc2H87tLBQijeVp/wspUZilrF1zzp0obbpER+mXid5W+0xsGhH/MujGPukf/pXH9Al7mqg7jmH7N0ST1OTGyJdRNLvP2iS8nZTtatrEnXr3wr/a6gIJecG6o00yZG0idj27c6ff9gUzAcmOBESxt/1rRahH/9+5jk62bfdJa/CmyooeybeZc17Dk8inq7/Ojl3AyXru/y87VG1FM/X8/21e3557suuDR3ZuSXtgwNj+Rzz2I7PHPrSlyu9MS1kR1ur+yk6ZB2Jd6prS52+GHMdxwWafzfe01QKBSFH0tGLRKPzxfooa9a/ULz8Xw3zZzDo5qhUCiMdM2TkpxssMAeuwZViWeUFFD5zYga9Gby1jFYHOmLg4017eqrFn66xBK6jM4r9ARfjtrHLE8H2nospWDMh7TFTB1rmNCbT1a+yZ3Vrli3cKH3eFsGj6yEz6lA5w3pX42OxuPYeHwlL9X+H2P7u9Ghmz9zfjGhQYtCepiNIHTPQtpcfY+XWrWi06DDPPfRn6ycp0dcLFdwc9/HjOjdBPumHfCdZ83Q8NWMd9Ldv5qYjWBJ1Dr6Wc4jwNMRe9d+TPrlPg1bGM5f/Jt847MU+2uTDW0yrItvfGrwOCqDFTxMFKsGIVpXUJH4VoSTsMZHLLta+X4eipXCV4bo/8VVcU88/Siq/OoRFG/Ufi6EIBxYLq4KCc8C8sV+EeTSWLy3rUAixlOAWxFOoj2LqlT1tCBzjuhF3RIVJqs7Kl2p/Sm0oRIkaOJuzjox2lajguwjsn9CzLBDPD/oZNVikaP9RVM8xZwTd6sHYWKHC2f8xNr7ks5LMBC/n0HfKMX+Tyf0qmJtCFxcKMPCoiOfxfrx3jKfct8/PvbbRZoP+oI3bSvfVw1GMGWxJ1eXt6SxrCOfn37KNiPI5sSacPaevY7yQQ6p+ybxzc72DB5q2COD1IM/sPngZbKV98lJ/pl5y8D+i37YIuFZgAk9mLXqM9xuJUrEeOJQkvzwXT4+PbZKVU/vHPyFFGYyc5Si2lKiQESxddkfRGfcIvdhOoe+nsI+hjPMgBUZH5cNlSChPPlb3UdGvWYfEl8/mI/Hl50zYnJ9O8dSXiEgtGOVincVdJnPl2+nE/ZyXWwNffuHQQK8Lfy07QzJ2Q9Q3jjI8k/WY9rev9Kvmkg6L+FZ9I1S7F9dGSfhMZ78XRW/TWolnBvXFubm5sK2qY/4INzwezuXwn2EZ4t6wtzcXFjUdReDZ+6SdpAkSJBgZPu2QwR3Nxd2dWsIec26wrXTOBF2JK9a2lAJEiTogHOzxZD2jYWlmZmQW9iJ7r0XiYM3hKTzEiRIsX+1P0GWCSGEtE0gQYIECRKedVw7/CXz/i+z3Ocmz71M4JwBOEqkkiBBggQJkm/81/jGW7dulfhbWiBLkCBBggQJEiRIkCBBgoR/JUovkE0kkkiQIEGCBAkSJEiQIEGCBAnSAlln5LGeN2QyFA1c6P1mJGlG7k/cXEdQTxtszM1w6hCp+zUPl6bRsYaqhL9C5sWCixLvJFQCx1/ASRbApmd0evkcZHLjwivAZHKGhuZKPH8CuL3GlOaymUa739JYuB4mw14WwgnJ50g+R0KFsuEh8+a7tKd/nJIMP3nsekeGc7c9EiHKwukR2JvVpJ6NF+8sSjJ6dzeP/hefjnWxMjenzxzdLxS/vrY+isJrxGyroW83+AI5n4NMtpcxeq3xlafL4GijB2ytZIspXR+4BsNZLQQZkZ3JXj2DFUaukB0/3491+0ayKuMBF0/1f7QSZuocesh81He1qdF8HtF5ApEym04USEZFC18NvuiqQA9S93zCyK6NsDI3x6q+Cy/2Ws5J5eOnRdQkGU6OG6nQ5DUczpBhL9LUmAMpT4YfA09M6U7INUGeOEBQw/uSglTHDQ7J50g+R/I51cLnPC30kmT4GcUTjCUem89pt46kB5nsm3yWPz9YaNSK9gWkseGjH8jIX8PZnPvs+MRKZ31t6HeDXCG4FW7ydN5t/LgXyP8m1O4yAGfiuZJi3H4y0kHRvhfdrCSaPwu49UdvvF/6hZsdVhJ5+jR7N33Bay3+JvFpPbi0DyR4wyg8JNZJkCD5HAmSz5EgQcIThQwr2vbuy3Okk/bAeP0I0ki5Ag2HemGj+PfS26RiImVzPGwI3q41kcvlNGnly5SIrEp1pLyZzrW0mxjLNheIKH4J8sK9sQUKM0sc2vvz7e93i3+QtYMFI12xt6yJopY9PQYt51BWZQRHgZw8HscmbA3AGLKZuXsmft5uKlqY2uDSM5AVZ/KLf1CYFjXm54n4uNtiaWlJx04ld54LRBSr3rHD3qwmDZr1Y9zSiXSXeRanJpWRWnUwSHVymashWz7uttiYm6nSCEvxRJDN8dCuuFvLqGXmgs/8xQQ0kZVIhxUF8awa64WLjSkKUxvcegSxRnMuuksoNzPSSTeCgOYTxYKxu6jrFcavS/vj1bo1HV4Yyvsrg3ldMxg9/gIOspEsO/6tetff2tKfVWm6ybA2vh4cp0p78fgGEpOGUa8wDcZdc7fy2AAcCr9vVEaKdQEqene1q4+VuTn1bLzwn35Inf6Zx07et5ExYO5qxnk3xaZuXVo0DSAstvoZR0PMVZsMF7UxMkyjVuL2tjTRuPNUq74C1/aOpZ+LDIWpDV16LSd4aMlUNUPZ8mtHZjHS0x4rc3Pq13Vn4LBfidPQob83jcDbxQq5XI6Naz+mrrlaUsuSf2Jcr+ewMjenVatAwhPaV1ufo6yZwZmf/ehqL0NRy55+0w+VyMooIInFL8joNi6SDUFuuNQ1Rf6cDd2mRks+R/I5T97nnH8XV1nRaybFr5u8tkjoNVdl+nqmD2mn9kudes8gsqTac/P4fHzda6Ewe5Sv1QWSDJezPii097b2vXgr9Kza3haQxNYZ3rhby1CYWeLWOfCRPjT9lkefxcTcKtWHwXQNbmakk5FtvGwxbXpwM/prRneth5W5OYpa9nh4PqonusLc6NKuEtqatY2x+NYuw9fDZDRsEMjX3/rgbl+LehaP+lcyVqpiCTNLWrUKZNkn3Q3+ulaFC+SLoQ0Y+K6MVxfEcO5SAhFzBJFD+xPySLArx9rGmcYW5be167+2tGziV6UUCLkVNOggLyOQTWJtHw8+Xu/CB+GnOXvlFGvmtSbzao76+XK/V/gu1pfFR5M4e2IO7VLe412fjY+81yXq9aJ+94q20BVgAaZ3jSucsntArQpCFXkDbMztMLfQv/WcnBya+X/HmiOJJKdEsqDTBma3+4CdGrYj3+QvDi7vTMiRNLJTv8c94z2mLExXj+/wOA8mbO7GrD3JnPjTD9n33xKnR0KCIJeMTHsGzdjC3oTLnD0ewivZKp4UKcHtP/oyJFBJx0XxnElegf+p8axJM9fgexoRg9vwyf5ezI1MITklks/armNau485eF9Pvl6ajXdTW/r5VSWdsmw9ML20kb0p9Wg/wVtr8KmU7SF43AX6L08m/fY19m8eiYNcNxnWxtfuoQIhBCcmgqPDr2QJ1d8xmzsWD6DLNpKEQBzrwXNljjCNm3mvM2XFXqJTL3E4YhDKVd0ZNTddc5uTY98cof/qK6TdiGFu5zDmDykjpbsKMlxVnuiGqs9VmwwbQl9FZggjfX7kYY9dRCfvZcFriwndVllbXj7un/bH22sZ//RdzJ6Ey0SdDGFwjcsU+fj7x4bj63uKBh/uJuH8KdaNT2O1/wC+PFIctH8x8B323/yGyPMX2Pq/XH75Joa8auhzAHLyw/lp6zAW/pHAX4tbcn7e+8w9+ujvEsJnEl7/ByIzc8lJ2sbHL9WRfI7kc568z2m1nLMil9xc1Sd1Uw+c6ErPF2Q6z7XgwToCO49gU8Z/WHw0ieSEjcwbeINLqZqL9WOs/iwT/5WniN7/ITaXNPmqjx4Ywh1IMqyPDFe8PqhH/4BrtJm+i3Mpqeze6EeTjET1Rl78146M+lLBG+EXiE/+nWktQ5lc2m/1WUeu7yGik/eysO+PfB1J5capha/5HOTz9rZ0qbdIY0PXcLGENj3IJ4rgoUGca7yK3ZcukxK9kbljbPX2Oaof1EaQy/17Rl4i3wXTvPLHUVl91UWGAe5kR7A7ZyF7ku+SdKw7mfMC1f41nyhCvEezN/dLNp4+zW8/ylj//aESsYRhVvPl4KHYIQIbIob/fK/EZdereiM8JyTpfQHz1uGIOviIpdlGuN357wDhRnsRdKTsxwWZc4QXLcX7u4q/u/+Xt2iBj1h2Vd8LvxPFj90RnXpuE4m5xrms+l76SjHaFvHi1LTKN5IyW3Sji5h/QftP8x4uEf1pU0y/1KmiI61K0HPn2wjXlrtVvxdbRACI1+YXy8bN7c+LhnQt7i91quhMT/GtBn0PTEI4Ovwq7pUzjgfb3UULxok/hBAFIkus6o1w89qt/n3+7RDRC4TvkntqvpfuI0+sE/7UF//Zoie9UqcKd1NEh0EnDc/Qo/1FEzqIObFafnesh7ClhQjcU2AQGX6Er4U4MVHFhywtY3FktIjQYXonJiJc6m8T94rshnVJ2b0V4SSaMEnsewovhs8TB0RQQw2ZMuBcdZHhojb8Vmjw/Pc2wrZQD3Th6/klCFsN+uaLOBHsjGjttdtgtrxAZIkNAxGt7MuTm1yx822Eo+Vq9fN8kSgWddTQqdjhwglPDZuUKw6MQTRjhthXzXxO5gpEI0aKtfc15MgB8er8eyV8xaIeKppcrUJfks+RfI7RfE6Rfl8LFv2esxGDvs8qEVdpm+vlxQgbxokdyvLn2JFmYsKWknaiiK9PHSQZ1tFvbhEBtREvfZFWvl91KGlP8h4uEf0o9nUXQkr6rTxxQsxoU+y3DKlreeKACGqEaE6wOGMEsdGmB6px6x5nVOgPHoQJXxRiyLzEimO4SiNXpB8b9Ygs64tb4SZq364NmjJc5F+tGS02KzVkw07Dv8YOF24VxBKVxc2bN0t8yt26Mr1+lHPXYf1bFur0G1NZE97cCbfPpuu9EB+wTnBL/M4YS8PvdNyOWskNOtHbs+znsvidpNGGzp2Kv6vp6k0TLnLmnL5H7g68uWgaZlEDcFTI9arupkvqweo+Mixs3mFn/gy++MzGODtDyT8xcWgr7C1rIpPJqFEzkD+4w/27mvO0pVlzjU2renA/P5tcwOR6LOdoSfMXivemn3PtRXM9i1tk7p7JyK6NsFSo5MvMJ4bb5HCvML014QI0ecFFvQNeULsdLtYafI/fRxx/8WGT4hSxGrIRhHOHrFQ9r/cuLNJR4jT1CcCMjnTqJquUDOvCV4OkxywejLeLlZpvHt/Ag/ycEimg9VoVM6qOXI5ASXV79a2qc9VFhg2hr6knQOHgpX5f3ARHnNsb1pYXEM/ROGgW4IVVmc/TSEiEuq+6qJ+b4IBzO7i97xzZwO3Ek9zBlZZOxTvyrT2qp88BqIk9jmZFiQRWWJuBUvlo7qhNX3dsq5TmJfkcyecYDwUiioX9PuKfLr+y8r9Wes01IQosHHrR3bwi+XXEvnOxzmvytTpBkmGNeV6P5dydlnR4yaYcu3KR5CRwaKfxvMbzuNtB2oUMAFLiVH6rbZH9pw2ebsbRtaKinKliMm2MIBva9MCEPoyZCH8FutLl1dFMmPsj2+PuVM4f1HyHeWHWHJnmiI2sI58bsHhjHuvxN1Vg02U9sn6hzPA0ji5VJMPFPLPB1rzIvyqwlBf719uJJ7lRQSxhKJhUnHTVkqAjqjRMzU/cDq+nzniZIH88zoQkVo2fxx2PbSTmKsus7lZZyLDijR2Ce+kr6VFzLp9/lm7w8RelOe7L/JSIs/cQQpD/IIy+j+MNNw3pF5kh+PVdwo1XNxOdXShbe3ugAL0cZz3G8YcoLaNKNoyXPT3CadOWFlwiMUHoIANyzM2eXr7e2fQ8r46/hcdX8STnFqdsP5IFJKj2eFJzfSiraXC+Pi223AQ5JTLUFPWqrc+pyaMr7wLTR/li2rhqvknyOZLPMZbPEWSzJ9CDpSeDCf3t0c2vajHXxwBJho0HeXXXNR3tbPevBUnnf2TiYCtu7ZnKa209eH+v/sFDwcOVTBudQdd5iaSLaGa1M9w4azCc8PxcMvYOR/w+rsxXhqq8KaujDOvqX40br5Q3iYaeuFtf4NRuwzhMYxZMqdP5Haw4xM5ymCncemNLHFEnNYLQs3u5ihNtXfQNVhI5Gg2d3+uPQ3ma/TCtSnNVWI9gtBek7j9XeSG0kCHn3iPvKZjcPs6pOAd6BfvjbqsKxE3OHiQZ3VdlBQ3b42JxgeTo4hneOruHSxriJBQWmJd4T0JJhsYL37KTP3M+z5cx073UdLx89gAP1YLphnNLuLr/nJqOJndOcy5Dg+9uL2JTAd/1lFAyMjK4dsMIzrX5ULztsohdfqTSMqFNhvXma1blDM3fBy5SxyGQ2YNssSoMsFKMeC9Hkd0wpnuW1yr75K+qc9VFhmUokFvAnX+K+89Ji9FLX1t7wIOkGPWdvAUkkhBrWFtughuebeDyisNlXg9mgi3OjnBz6zn18wKSSDgNdV5UnSrXcexEbZJJ1bADqSeyqqXPeZyQfI7kc4zlc65v7s7YpT5MOz+ZTqVkS5e5OneGe0l79Hp3tSr0MnahJUmG9ZhL7fJttQwn7B0g6bTG87zjxKSAbUvVcXYLD8hPSlZfE1RAGikXjKVrqiJd164YR3Z01YO6LV9mRMBCVuzez1cdE4j9QX97a5J8iAu8SJ8xDlgZJW6S06Dne3g3PM/5/ZX3nnKFLQXkPmJ/tMmwTms+x07U5ywXLhbryd8nHuMC2YTeTJhlQuzMoYxfdZLkzBQSjkfyy4xBLNiif0eGKJhSrrK2ms60l2NZPSyAFYcvkpGZwqndi5gffrUw8PJndLcLRHwwk8iEyySfXcXED/ZS2z6AAXrnvuXCPcivVf4voqY0oVkTb0IqnfogR1gAdysvnPkNPenQ8AyR83aTnHGNm1kqzRV1WmLXOInYyCSV4N6NYvGUMFL1KBRhSh/eHgX7P3if5TFXSE/ewNTZx3lQaoOlQ+Nj7PxZ1Y/y7zmE7tL4gdsAGnOSnYUKqExZytR5qF+yl2HFwEnPk3N4BlPWJ5J2I5rwCZM5ZG5egu8fDlLxfeWui6RcSuDUoeWEvP4x/6dvFuKl2fRrakPfAMPfeWpKZ8Z/78XNnSMZ9Fkkh//+m1P7N7L8v1/qPE5tMqwPX1u0gVs5v7Mh+a7ehR5atAFl0u/sKazMdH37u3wZaayFQTyLX7alQ5M5Rrts3gRHPLvA2YUrOJySSXpO8SKjqnPVRYZNcKOnB1z4JYJEQCh38NW3xXqgC1+bDgumZY0lfDrjMGevpxIV+i5Lkgxry2VY8ep0P2okT8Jv1m5ikjPJOH+IjYGhhbyR02PMQETO5/xnWTTJmSkcWOrLV9EdeGmqKoU0v91kXnPbztqp0apFdMZKvtlQPNfq5HMeLySfI/kcI/iclBD8fHPo+ONy3mimRKlUfXL1mKvte2vxsQ3lI5/l7Em4REbqOfatmsNPh42w6M8LY6SNLd29dxlN0yQZ1nUuA5nwGZye6a+y1RnXSD3xK4vm7iAbVUrzW4EQ+1UAC3dfJP3KYda+GUgM4xjurzr9dRoWjAPL+G6TapP0+r6PCY3GKLpWVKTr+WZVKdJVPrTpQQE7WTL6eyKiL5ORkcHfRzewKd6URj3sK7FPdAcZinILkhkqbpLXgvwalT+xrdnpDRqzjfCwJK6l3SQnVzcZ1omf7SbztvNRfhmuittSjgfxyUYMXqSrQu12GvcPkSsaE/fly7g0d6ar7yxWxrfByfXpCh9McMBvxwkWDD/H4iHtsG/aAd9JRzG3slQ/D/jtTz5s9RPvezrg6vEJpxsvYlnU0Eq9G6akRgVpIUpyssECe+waVG1eeVDpE4Ea9Gby1jFYHOmLg4017eqrDIMJvZkbMZ0629piZ2ePa+dPiHtrPj31ShWS4xV6gi9H7WOWpwNtPZZSMOZD2mKmfu/FhN58svJN7qx2xbqFC73H2zJ4pEYTzT8lbEV9YkY1xbq5C92HxvHyjEHUpTjlpE7fP9gUDAcmONHSxp81rRbhX/8+JvlyNV/9I+JY9Hoc//Nvh4uTJ33fCuOoxfO4PWV3tzV+ZTd7d4+iwZ/v0L9dO7r6zmTVhUY4KnSX8YpkWB++1h+9n1mDdvOpS23ktYqveSq6lkYmkyHrcoBEwvAtvPqj5zTVTnCDt+P4ZsxR3u/YmBbOLgz9xpsxY420m08uOTdAgT1NjMQXGVYM+GYt/ZrN4SX7xrS2Kl5QGWKu2mRYhhUDvgzDy/QNOjWyx6PbFtq+8zI1NPRIG19ljSazZscIFBHd6GTtyfhfAxg3AMyVcoPacvMua9hzeBT1dvnRy7kZLl3f5edrjainfr6e7avb8893XXBp7szIL20ZGh7J557FQfvMrStxudIT10Z2uL2yk6ZD2qnnWp18zuOG5HMkn2Non/Mw5jsOizT+770mKBSKwo8lowqvedJlriZmI1gStY5+lvMI8HTE3rUfk365T8MWRojzsm+QLYO67WyMRjNJhnWfTZugLLatqKuy1XYt6Pp6KDFmTdR2ym1SIr9MvM7yN1rj4NCPeRfGMffI/xhkruG39rzM1Wl2NLazZ8CU1vTtXzLmqS66plUPhBXmd7/n86HO2NnZ0W3IDqwn7WPRuMpN5L7R4yYVFx/eqTxNRPOPWbqkHicmtsS6iSXeRdX6dZBhXTYAJ+8N44W6E+nfuhl93oDhY7oZ/ppCIUEv5Bx9Q3SifbnVIYuqrT0/6KSoSr26M9NUFf52ZlUTwsQOF874qau6GqficCWrhUqolijInCN6UbdEVePqjschw0WVTD2C4iUhknyO5HMkn/NM4FaEk7CuxM0jkgxLMvzMxEQiS5wOqStsKrjlwhBxU764Kn7sjujQbptIqybh14UQhAPLq3RjhM5VrCWU3llfj7+pDOv+UVi9MZeAcl6MN7m+nWMprxAQ2rFKOxluU9Yy4sU1vGkjw6lD5NP3Ht3FLfy07QzJ2Q9Q3jjI8k/WY9ren1fMDNdFgYhi67I/iM64Re7DdA59PYV9DGfYK5I8/htw5+AvpDCTmaMU1XYOj0OGBdmcWBPO3rPXUT7IIXXfJL7Z2Z7BQ10lIZJ8juRzJJ/zTORQHPvtIs0HfcGbttV4GpIMS6gsTo/AwawRL4a48sr/gnjFiHGTCba8FvwfrE1H4mppbtCbEwyF1IM/sPngZbKV98lJ/pl5y8D+i34Y1DxIezISKoVzs8WQ9o2FpZmZkFvYie69F4mDNwzbRb7YIYK7mwu7ujWEvGZd4dppnAg7kifRXkK1weOQ4XxxVfw2qZVwblxbmJubC9umPuKD8KsS8SVIPkfyORIkGZZkWMIzh0vhPsKzRT1hbm4uLOq6i8Ezd4mqRj2lT5BlQgghbc1IkCBBwr8T1w5/ybz/yyx/N/m5lwmcMwBHiVQSJEiQ8MyigHgiAhdzsGb5F1s7D1zImF6mErEkPHO4detWib+lBbIECRIkSJAgQYIECRIkSJAWyID0DrIECRIkSJAgQYIECRIkSJAgLZCfXsTNkOFkFY6+r8bnsZP3bWSMDHvKEwMuTaNjDdWVQgqZFwsuSjx/Etj1jgznbnuq/0RS59Bd5mlQOcpjPW/IZCgauND7zUjSjDwFcXMdQT1tsDE306tI0vW19VHIVLpkK5tptDujJVRDXJqGh8yb79Ke7mFKMvzkkc9BJjeSMTQ095mb27YRhdcXyirv7y4ulKEws8TJfiQLjxUYfcw3j/4Xn451sTLXr0iSIeYqoXraep1j6uMv4CQLYJPenSjZNkJGmz6H/xUkrVYL5F3vyOgyONqofdxeY0or2WISS30fNanI6Mixqu9C1yEzWHMm32jjeK7bWF6Z6FzB3ZfGm6vBna69jNFrSz1oPo/oPIFImU0nCpBQDYOpsvj6DOl8DYazWggyIjuTvXoGK04bd67x8/1Yt28kqzIecPFU/0cqEpc3zoZ+N8gVglvhJiXuFP6343HYN1Ln0EPmo747W4197bAqDFLlz9ng4jWSeZuvVqoydNQkGU6OGzF2HdEnqWuSDEu6ZkyfM2CdQAjBzrcrrwdOQYJ796L5rP1afvzvdqNWeS8gjQ0f/UBG/hrO5txnxydWOo9Tn7n+m/Ak7Zvm4lXzYyMLMtxmoD4xdcPhDBn2Ik2fgRjRmJB8kR6wZRI//P1fmmSeYMfS/zCx3RHSTu1hcnvD99W8XyhL+kk0lyDhSaN2lwE4s44rKUA74/WTkQ6K9r3oZiXR/FlATboy+/AqBppcInbbDGYP6cjxb2PYNMFWIo4ECdUQshoOePaAh1sySAOjFS4UpJFyBRq+44WNQqL7MyE7+Q14bck+pns9UH+nqGFD8ycxGPtAgjdIPNGGCk6QHz1KF7dDGSBry+Sjqr8LiGfVWC+62tXHytycejZe+E8/VCIVsUBEseodO+zNatKgWT/GLZ34SCqkMn09030dsbYyQ1HLnj79V3NSWYnZ3M8mIyODHCNt7ZlhQ4tWrejQ3Z/J4ceZ1XEvy9+KVO/sZ+6eiZ+3G/aWNVGY2uDSM5AVmqfMheluY36eiI+7LZaWlnTstLzEXC8uLN5dKjvFWsnfm0bg7WKFXC6nbgsX+gzb+MiO1a0bvzPdpyFW5ua0aBpAWGw1lM70dUzy7YCLdR0UZpY4tvJl6pqr6sdF6eQD5q5mnHdTbOrWfWSuWuWvjBTEg0GqE5tcXfkKXNs7ln4uMhSmNnTptZzgoSXTm0SBSldcbExRmNrg1iOoUhkI147MYqSnPVbm5tSv687AYb8SVzRXktg6wxt3a1UqmFvnwEf60BynR5/FxNwq7ZizOR42BG/Xmsjlcpq08mVKRFal2HczI52M7PtGEY0CEcWPIxxVfG3Qi7HbS+aQ6mKbdA9WFMjJQ/kYRL4GYIx4yBC2iYyVjOv1HFZmlrRqFciyT7rTXCMd9nqYDHtZCCc0eBDiIuPlueklZMvH3RYbczNV6vqg5RzKekL+AiU3M9JJN5K/MMUS6xaOdOjizVuf7+H/JmZy7MO57Lyvm389OE7lBzy+gcSkYdQr9AvupU5BlOnrmT6knYq3tezp1HsGkVdL6eLx+fi610JhVgZfqwkkGS7HVhfGArb2vXgr9GzxyWbWDhaMdFXLRY9S4xRks39hd9ytZdQyc6H/gqNk1yzVh4H8ljF1TZc4wJAwV0B+bWOnoauEoWZtYyy+tcmwyja1eGUJi/xaY2fzHA0a9OLD1Vl6xDyGWT9o01d1TNS1kbqNkXNOVirbRnkznWtpN42YGaCgcWtXOnTooP60btMYhY4yLMjmeGhXtb76zF9MQBM9X4k4NgCHQj/SqJwU65vRXzO6az2szM1R1LLHw/NRf3LPLJkNY1W2uCzZ+BcskHVBGjfzXmfKir1Ep17icMQglKu6M6rQmYCSw+M8mLC5G7P2JHPiTz9k339LnEa3Bfe3ENhxBPvrLmDT4YucO7YYj3tv8u5Lex4RcrkVNOhQftLx9QgnHGycGbu5CsajXi/qd7fSgXBuvOgPt2N/53jhdzk5OTTz/441RxJJTolkQacNzG73QWFApEK+yV8cXN6ZkCNpZKd+j3vGe0xZmK5+7hSkSo85M72c8V0PZpzvARqOP8S5lFRity7mjRdqlFRqGRxfGEat9/cSczKCYU3DmD/k0RQ9XedaNcixtnGmsUUl/mvOFUT7GYRuP8nZK6dYM0ewzb+/2sAWzfXYN0fov/oKaTdimNtZc67a5U+nYWjhq8gMYaTPjzzssYvo5L0seG0xods0F2tpRAxuwyf7ezE3MoXklEg+a7uOae0+5qAe68f7p/3x9lrGP30XsyfhMlEnQxhc4zJFtiv+a0dGfangjfALxCf/zrSWoUwuPc4+68j1PUR08l4W9v2RryNL9nExtAED35Xx6oIYzl1KIGKOIHJof0Ji9eNrPgf5vL0tXeotUi/gKyU9Zeq8iq/Tf+3JF0eTObH/He4vW8bJEnzVZpv00QMFWIDpXeMGRLJ7QC1FlW1TZWRYm23KJ4oQ79Hszf2SjadP89uPMtZ/f4g8vQKzXDIy7Rk0Ywt7Ey5z9ngIr2S/x7s+uuurPv5CK70uzca7qS39/KqQdidvgI25HeYW2u1g5+H9MeEwJ3TsrnuoyhecmAiODr+SJVR/x2zuWEyPB+sI7DyCTRn/YfHRJJITNjJv4A0upWrq4jFWf5aJ/8pTRO//EJtLJX2Orv7VIMG5JMN6yXBFuBhaj/4B12gzfRfnUlLZvdGPJhmJKAs3S5f7vcJ3sb4sPprE2RNzaJeiGmfRAuT65u6MnJxPj+8uciZ5BUNPfcSaNPNK+a3HomsV+ZwK4wBD+JyS7sDkjvGDc+VdMM2TV36clZbhwrXpjnAuj4ohJT2TPZ/HEPHmLJ1jHkOsH3TR1/ux79HPays1h2/i8N/nORwxiPs/9OCNr7P1pteu/9rSsonfo6/LPCb7pk2Gb//RlyGBSjouiudM8gr8T40voa86ocs2koRAHOvBc2XGbVEEDw3iXONV7L50mZTojcwd82jG0/XIhWxo/QPbj5/g+4F7+T8N2TBI7P+0oPwrk3PF1uEIt96H1N8U3Foi+tNGBB0p/3+dmIhwqb9N3BNC5IktIgDEa/PvFV/EvP150ZCuYv4F1d+ZKxBOBIszmo3EDhfO+Im19/W75DlzTT2hoK4Yscbwl1KfmIiwKzXOzDX1REOGiLByxpn3sBS9UqeKjrQqQb+dbyNcW+5+5P+emY5wtFwtsko/iB0uWtJTfFvOjdgPxQ4RaI3wnJCk/u5WuIlowiSx72m87TtltuhGF7U8VIR8ESeCOyN6z84qMdcXp6YVzzXCST1XXeRPpE4VnUvR88AkhKPDr+Ke0I2v55cgbDXomy/iRLAzorVXIV//DnikjzyxTvhTX/xni25kKhBZYsNARCv7Xx+VCSFEnjggghxK0iLv4RLRD4TfigIhhBAXQkqOM0+cEDPaFI/zodghAhsihv98T4PmV8Wq3iXlSRfkiQMiqBGieWndNgDyxBbhX4qvtyKcSvJVi23SB/kiUfzYHdGp5zaRmGscNbiXvlKMti3JP31xK9xENGOGTnqut22KHS7c8NSgb644MIYS/WWuUNnI46X04KUvyp/Tg+3uogXjxB9PwF+I1KnC3RTRYdBJwzP0r7bCGh+x7GrJ/jrSQIzaop9/PTFRZY/K0vvLixE2jBM7lOXPsSPNxIQtxXwrz+c8DZBkWHcbGFC7/HEVZM4RXrQU7+8q/u7+8nKz0QAA8/ZJREFUX96iRaFMFtl1N6/dantYcC1Y9ALhu+SewfzW49A1bXGAJna+reGXKwnl0YHCiZ5i7l93jaQFuSL92KhHZFlf6DNXTRkusk2aNqcgc454iedF8CkdYx4DrB+06WuByBJbhyM69D5UwqdfCEE4sFxc1ZNeW4cj6uAjlmYbgaWF8g8lP0U01ibDBSLrEX3Nvx1SUl/1iamP9RCOjBYRj9iVdcK/rDZLrQsdLVcX07ewvyLZqM64efNmiU+VTpAF2RxfPBhvFyssFcXpYA/yc1ACJtdjOUdLmr9QfCrynGsvmmu8QB57AC7yEW01X15vv55LZHDtH/3G09DvBvdEDmv9nsxmgzL5JyYObYW9ZU1kMhk1agbyB3e4f1fz5NmWZhovHcjrwf38bJ3TOgraBfKfTn8x3bUjPkMnMWXxVqLLyG5o6min/ncdK1cESqpdbcq7Uawa64V7YwsUMhmmsjZ8FGXOg6ySu4P1WlkXz1UuV89VF/kzBF9TT4DCwQsPNY8dcdZ4L/12/D7i+IsPmxTLeA3ZCMK5Q1aqbtXGC4jnaBw0C/DCqkxdvEhyEji0syn+ssbzuNtB2oUMAFLiVONsq04BbYOnm0ZK6PWjnLsO69+yUI/TVNaEN3fC7bPpeqaXdifkmiBVTKaNodNerseSXIqvdVyHluCrNtukX5qNA28umoZZ1AAcFXK9KorqYkNX95FhYfMOO/Nn8MVnNk+lbbqdeJIbuNLSqXh3uLWH/uPI3D2TkV0bqXli5hPDbXK49wT8RVFRE80T2ccBQ2YiJESBhUMvuptXJL+O2Hcu5pu+PudpgSTDJW3guTst6fBS2fZCFr+TNNrQuVPxdzVdvWnCRc6cA0ESpxKhwQsu6lc68hu1x8XasH7rcepaeXGAoVGzy1LmDf+Lz3vWopEskD8N2HYe6/E3VWDTZT2yfqHM8DQOrSqSYbV2ONoUxxry+si5R0aubjGPIdYP2vS1gESOHodTO7thoaFLLSfDXZK5qidNBqwT3BK/M8bSODRXvYMcT0xMjPoTuaN3iXiuPBkuIJ6EC9BEQ18Larcroa8Gia3ow5iJ8FegK11eHc2EuT+yPe7RdAm5hz226lPzBlhyVy0bzxL0WiALWS5KZOq/72x6nlfH38Ljq3iSc4vTwfSFo8Ov3CtMHyv63BV7eNprmWSkZ1ETG2zNVKkJXwx8h32ZnxJx9h5CCPIfhNHXwG8umtCDoKgson+bziCvm5xZMhCf+gFsLRWz16xV3UVTycHJHkza4M6s3ZlkCUG+SGRRx0dzkuWGvtHqXsmUE0PwtR7j+KOUjAuhZMN42WOnrLxCqrck6EjpcQridng9VdIhK/2mrqIkHQ1lm1SOOIlV4+dxx2MbibnKMiuKVn4eVryxQ3AvfSU9as7l88/SDU6rx2WbtPqPzBD8+i7hxqubic4ulK29PVCAXoFsdfUXpJ/hGk1xstPNv0qQZNiofqAAapR6x1We//T6La3zeUw3Wz48NpZp63sy66+7pIolvGLAtmswnPD8XDL2Dkf8Po65R59eGda7X2OsHwS89EXaI/FKhvgCj6dOQst4B9nxuSciwxXFI92/FiSd/5GJg624tWcqr7X14P29T/m1sY9/gSxHroC8u8UOyCTtHDka/+XvAxep4xDI7EG2WBXuCKVoVIsqaNgeF4sLJEcXq92ts3u4pNFG6xfgXtIevd7FLBdGLtJVMmiOZ1841Gnfj+cBk9vHORXnQK9gf9xtVZUuTM4eJBkzowhx6xeGMSZoBVvPLKEzG9h2wDiLVGMWWgIQFjLk3OP+vdL0TeToX9DxvZn4tqmNAhDEceq8HjzSQf6EwgJzcjX6V5KhUSVCF7629oAHSTEahV0SSdB4Z7eO24vYcIidR6uiqG54toHLKw6X+V6VDCfsHSDptMYCK+84MSlg21K1zdjCA/KTktUF3QpII+WCBi8aeuJufYFTuw2zSLuZkc61K4aXnYKG7XG2OE3a2WKj/SD5GNc0nK8226SfridyNBo6v9cfh3J2F4oKfFTadVqPYLQXpO4/V/kAUWFLAbmPBDmGsE11HDtRn7NcuFisJ3+fKNW/3IQHpKv7LyCNlBQNGT35M+fzfBkz3UtNx8tnD/DwSfkLlGRkZHDtxuPZ8ItaH0kBXnh01M2/lkBW2QtB586GpMeT96+SDOvh22qXb6uFW29siSPqpMbC7uxeruJEWxeVP3FuCTdOFP9/Wd4Fzl03rN96MrqmBXdzq7QQzDz7G/kMZfiLFuUUVKxq3CSnQc/38G54nvP7cw0+V20yrAu0xTyGWD9o01cTHOnQrvyYSG8JNXqRrqrFf84t4er+c+rxmdw5zbkM3WNqfVC35cuMCFjIit37+apjArE/nDPKvKoaNz3BBbLKkGcfDmdrtspRbJu3ggsa/6VFG1Am/c6ewlyG69vf5UuNoj+m9OHtUbD/g/dZHnOF9OQNTJ19nAcafTQZuRkf21CCBi4mMuEyyZdj2LchmPdHr9L7Tj1DFOmqCA9IJ/X8eU4dDCfE/3lmRXvz3jIflXLXaYld4yRiI5NUAnw3isVTwkg19FXT50L4cP42jsZnkpGZQtSq1ZynE21cDT/f/LwwRtrY0t17l9EEML+hJx0aniFy3m6SM65xM+t+4YLPFuf2cGnrHhILjefhmYPYeEf3gEgX+RMNPenQ+Bg7f1bxTfn3HEI1pqsLX5sOC6ZljSV8OuMwZ6+nEhX6LkuSNIKZVtP5cFAsq4cFsHLXRVIuJXDq0HJCXv+Y/9PRssuw4tXpftRInoTfrN3EJGeScf4QGwND2Y8qpfmtQIj9KoCFuy+SfuUwa98MJIZxDPdXLRydhgXjwDK+26TKyb++72NCozWNQW8mzDIhduZQxq86SXJmCgnHI/llxiAWbNGTr4VFup5vVrUiXRXx9fgHS4hXqiqt/jBvL/9oLJC12Sb9kAv3IL9W+Ztli1+2pUOTOVW401COsFAFNJVFzU5v0JhthIclcS3tpnohYwjblN9uMm87H+WX4Ss4nJJJyvEgPtlIiYIpdTq/gw27+b+9AlCStG4qGws0yuK6DaAxJ9lZGPQpU5YydV5xG4/bX3BpNv2a2tA3wDh3Y+aTQ0ZqIn8f28PPs3rx+jeN6PLtDHqb6+ZfNWX5Vs7vbEi++0jQY/veWnxsQ/nIZzl7Ei6RkXqOfavm8NNhI0zo6Iu42LTAf6nxbmSWZFhXGziQCZ/B6Zn+KludcY3UE7+yaO4OsgHR0J/R3S4Q8cFMVR9nVzHxg73Utg9ggK3Knwwa68GNLV+w/ILKv8Z8GsgezA3qtx6XrumK9n3qcTN2BStO3qj8YigXCmobP26S14L8GkrDz1WLDOsCbTGPIdYP2vRVhhWvfj6S2sljGP5ZJDHJmaTGHmZz2FhGB8frTS9DFOnSJjjX/j7LqVOnij/nUnVa3MuwYuCk58k5PIMp6xNJuxFN+ITJHDI31zmm1u0wYCdLRn9PRPRlMjIy+PvoBjbFm9Koh73hDzoMEjc9wQVyk7dPMHdgGKNaWOPo+i7bXpyKh4YaNXg7jm/GHOX9jo1p4ezC0G+8GTO2ZNDnFXqCL0ftY5anA209llIw5kPaYqbeeTMxH8SSqHUMsPiB9z0dcHHrx6gFe8l3c6XeU0asNL5mQOt2dB38BZtvjCH02G8EdTFRLy7mRkynzra22NnZ49r5E+Lemk9PPVLA8viJoYXvUbT9EhJz3qCeTIaZzIXxu9Vb7Nzc9zEjejfBvmkHfOdZMzR8NeOdjCAc2TfIlkHddjZGo2kNejN56xgsjvTFwcaadvVVCyoZVgxYuhmf5pPp3sgOV6d+fH17FaM9H+i16NAqf/Tmk5Vvcme1K9YtXOg93pbBI0suGrXxVdZoMmt2jEAR0Y1O1p6M/zWAcQPAXCkvbMMB/4g4Fr0ex//82+Hi5Enft8I4avE8bnrc6WPeZQ17Do+i3i4/ejk3w6Xru/x8rZFaT9wmJfLLxOssf6M1Dg79mHdhHHOP/I9B5hrj3PMyV6fZ0djOngFTWtO3f8k+nMb9Q+SKxsR9+TIuzZ3p6juLlfFtcHJ9mjRRxdcpr3/LgBaNcWj1Lke6DMdN4z0/7bZJ3/OPGuWmpgtyybkBCuxpUsWZ5VH5NDfR/GOWLqnHiYktsW5iiXdhxVhD2CZTOjN5bxgv1J1I/9bN6PMGDB/TrcS1VKJVMF8vFEQOrou1Uy8+Pj4WX2eNc4nmnxK2oj4xo5pi3dyF7kPjeHnGIOoinkl/8ZAjfOrlRPve/ny1247/ro5mjUYOrTb/WoT6o/cza9BuPnWpjbxWyWueTMxGsCRqHf0s5xHg6Yi9az8m/XKfhi0MP5/bWbk8oB4Nm1oajWaSDOuONkFZbFtRV2Wr7VrQ9fVQYsyaIC/0OQG//cmHrX7ifU8HXD0+4XTjRSyLGqp+d7D2kD9ZHZLJkt4NcWjelQ9vTKJfs/savs8wfutpQoPh+wke/gdzuzXApokdo9fq38b9XDC9ozBy3KTyNg/vGGGuWmVYhwWblpjHEOsHXfTVvF04vx8eQ4M/3qeXczOcvfz5LPw+bdtaP3WyJ0z/YUOgG+7u7uqPt+skNusY0tbp+webguHABCda2vizptUi/OvfxyRfrlNMXUASi18ofFe7ywESCcNXJkMmk9NzWmEmibDC/O73fD7UGTs7O7oN2YH1pH0sGmd4hTdk3GQ8pj1uVLbiqITHX1E0wunRSqzVHY9B/ooqDnoExUtC9Awg5+gbohPtxZxYUW7F2F7ULVH9uzI4M01VGXRnVvWgS2WrhUr+ojoiVxx8yzhV6SUZllBdUPAwUawahGjdvvzbEAwRN+WLq+LH7ogO7baJtHvVgC6PKeZ5LPpaTVDpivJPi8wYKG56aqtY64SLW/hp2xmSsx+gvHGQ5Z+sx7S9P6+YIeGphpJjv12k+aAveNO2Gk/jMcifIJsTa8LZe/Y6ygc5pO6bxDc72zN4qKskRtUYqoqiMqz7R2H1xlwC2pX9uzsHfyGFmcwcVbVdVrcpaxnx4hretJHh1CHyqXsXKvXgD2w+eJls5X1ykn9m3jKw/6IfttVMXyXoj3zi2L4Huv4caPCq9JIMS6gWocRCGRYWHfks1o/3lvmU+/6xIeImE2x5Lfg/WJuOxNXS3KA3J1SnmOex6Gs1QYGIYuuyP4jOuEXuw3QOfT2FfQxn2CvVcz6Gipuq9wnyudliSPvGwtLMTMgt7ET33ovEwRvS7o+Ex4THIH/54qr4bVIr4dy4tjA3Nxe2TX3EB+HSHqeEZwuXwn2EZ4t6wtzcXFjUdReDZ+4y/E6+5C8kSDIsQcJTjccV8zwWfa02NN8hgrubC7u6NYS8Zl3h2mmcCDuSJwmjEU+QZUKIf2f9bgkSnpKT+uPLx7Mmrvx7uUSH9/jubTeJVBIkSJDwLJ8SEU9E4GIO1iz/YmvngQsZ08tUIpYECRIkGBC3bt0q8be0QJYgQYIECRIkSJAgQYIECdICGTCRSCJBggQJEiRIkCBBggQJEiRUcYF8fW19FIXXEtnKZj61d1k9y8jnIJMbyRgamisRowxcXChDYWaJk/1IFh4rMHp/N4/+F5+OdbEy16+wxrYRheX3ZTKcu+2RGCdBQmXtYeMiXZJLdvEJ4fYaU5pLMUGZyGM9b8hkKBq40PvNSNKM3J+4uY6gnjbYmJvpV/zv0jQ61lDpkkLmxYKLEu8kVALHX8BJFsAmyedIqGY+x0TXjlvJFj9yiX1DvxvkCsGtcBNqSPyplgJVFl8NbjzsZZW6b1Af7HpHRheN+0GL4BQkuHcvms/ar+XH/243amXgAtLY8NEPZOSv4WzOfXZ8YqXzOAesEwgh2Pm2JJe60Oux6IFGgKj5sZEFPbOBf9QkGU6OG6lSzdTUOfSQ+fBzzuO3K6Z0J+SaIE8cIKjhfUmBqmOw+QT9xeOwKzUYzmohyIjsTPbqGaw4bdy5xs/3Y92+kazKeMDFU/0frb5cnr42n0d0nkCkzKYTBZJwPgVxU8nFWPHHTNaRz/WVo33taPY4Fq4NhzNk2Is0NWYfks+RYARI61oJzzxkNRzw7AEPt2SQBjgaqR9BGilXoOE7XtgoJLo/E7KT34DXluxjutcD9XeKGjY0l0gjQYKEKqB2lwE4s44rKUA74/WTkQ6K9r3oZiXR/JmAAPdB2wj7rEnxd+ZW2Nk9peO1DyR4g8Q2CdUPRn8HOXP3TPy83bC3rInC1AaXnoGsOJNf/INL0/CQeTPm54n4uNtiaWlJx07LOanUtPArGdfrOazMLGnVKpBln3QvcZR+PUyGvSyEE4V/FxBPiIuMl+emF9qTbI6HDcHH3RYbczNVatOg5RzKKu6iQESx6h077M1q0qBZP8YtnUh3mWeJtCJl+nqm+zpibWWGopY9ffqvLjlOnWybaizeLlbI5XJs7XvxVujZ4pPNrB0sGOmqolcte3qUGqcgm/0Lu+NuLaOWmQv9Fxwlu2apPgriWTXWCxcbUxSmNrj1CGKNJs11hpKbGemkG+nYVds4r4fJaNggkK+/9cHdvhb1LOzpN/1QpU63zBWQX9vYqS8qYahZ2xg+UZsMK9k2QkaLV5awyK81djbP0aBBLz5cnVWinWt7x9LPRYbC1IYuvZYTPFQzpVvVRps+h4v7vR3KAFlbJh8t1q1VY73oalcfK3Nz6tl44T/9UMk0QS36CnDtyCxGdm2kbmPknJOV4qvyZjrX0m4aMTNAQePWrnTo0EH9ad2mcfEpTNYOgoc0xd6yJvLnbLDv6Mu3e4pPWy6HyqjXLIBp73bF2b4RttZe+AWfLTFeXfQ1boaMZs6L+WPla3S1l6Mws6Rd8+XE6cQT7bJxcJzqJMLjG0hMGka9wpMJd81TNi22qbpAG73y2Mn7NjIGzF3NOO+m2NStS4umAYTFltLH0K5qO+wzfzEBTYpfdSlqY2SYRg3M7W1pIgvkT119o1Z91fAnrjWRy+U0aeXLlAj9mXLtyCxGetpjZW5O/bruDBz2K3Ea8vP3phFqn2Xj2o+pa66W1MPkn1Q6b25Oq1aBhCe0L9vvVXGcj0PntdomA+mBQIGcPJSPQeZrAMbYszVEfKc19ips4zsNJ3MwSJXpkqtjfKdNX6tT3ATwnJ1LCZ/UwaUFloqy9bVuCxf6DNuoPvF+uKmZ6tXInme4Qhi+hba+hSxErfMFJLF1hjfu1qpX1Nw6B5akhS5x+7EBOBS23aiMk2pD2GHJ50g+pzyf89gWyKJeL+p3r9z2Y05ODs38v2PNkUSSUyJZ0GkDs9t9wE6NTIR8k784uLwzIUfSyE79HveM95iyULW4zSeKEO/R7M39ko2nT/PbjzLWf3+IPL0cUS4ZmfYMmrGFvQmXOXs8hFey3+Ndn6JUQiWHx3kwYXM3Zu1J5sSffsi+/5Y4DfIU3N9CYMcR7K+7gE2HL3Lu2GI87r3Juy/t0Suwvxhaj/4B12gzfRfnUlLZvdGPJhmJKAuN0nK/V/gu1pfFR5M4e2IO7VJU4yxSpOubuzNycj49vrvImeQVDD31EWvSzDUUMY2IwW34ZH8v5kamkJwSyWdt1zGt3cccvK8nXy/NxrupLf38qpKKJsfaxpnGFqUNhm7jvJMdwe6chexJvkvSse5kzgtk7tEyerGCBh3kFa1zMLljfEOovAumeeWPQ+s4Ky3DhWvTHeFcHhVDSnomez6PIeLNWWpdE5khjPT5kYc9dhGdvJcFry0mdJu+I0njZt7rTFmxl+jUSxyOGIRyVXdGzdVdX+/Hvkc/r63UHL6Jw3+f53DEIO7/0IM3vs7Wm167/mtLyyZ+VUqtqrx9U7Ir6BW+Pf82Sw6nkXJmD+tm98LSpGRkpLyykWNNVxCTnEnSvp5kTunNhEiht75mZi9k/opBLDx0m+wb0Sxf6lgY9FbME11ko3uoKsX/xERwdPiVLKH6O2ZzR3XApM02FTOtATbmdphbGFPTyrYrhpBhAGRw7Jsj9F99hbQbMcztHMb8IcW6dvuPvgwJVNJxUTxnklfgf2p8CTtsCN+oi75eDG3AwHdlvLoghnOXEoiYI4gc2p8QPYLI+6f98fZaxj99F7Mn4TJRJ0MYXOMyReHI/WPD8fU9RYMPd5Nw/hTrxqex2n8AXx5BrfNfDHyH/Te/IfL8Bbb+L5dfvokpofO6j1M7Xw2h8+XZFW22SR890G5XFGABpneNu2kruwfUqmB5XAV9rWp8p0vsZQjfqE1fq0vcpBM9rgczzvcADccf4lxKKrFbF/PGCzXUG0o1h1wmVwjEX21pymgiCm19qphMm8LfxH/tyKgvFbwRfoH45N+Z1jKUyXrxFeiyjSQhEMd68JyR7LDkcySfU57PMczJlAFwK9xENGOG2KfDb/MeLhH9aSOCjhR+kTpVdKRV8d9CiJ1vI1xb7lb9ETtcuOEp5l8oeporDoyhRH+ZKxB2BIvj6gu140SwM+KlL9LKHceD7e6iBePEH0KIPLFFBIB4bf694gujtz8vGtJV3W/mCoQTweKMZiOxw4UzfmLtfd3olCe2iIDa5Y+rIHOO8KKleH9X8Xf3//IWLfARy66qLmdf1Rvh5rVbFI204Fqw6AXCd0nhN38HiM70FN9e1ex3nfCnvvjPFj0ZmzpVuJsiOgw6afgbuXUYZ+YKhDWjxWZl0fMTYoYd4lUNPukK5dGBwomeYu5fd410xXiuSD826hFZ1hc730a09tqt0281ZViIXLF1OMLR4VeRpSFPL/G8CD6l+vv8EoQtk9R6U6Qnxf2p2nDrfahYJm+V0tcycGIiwqX+NpVMatHXApEltg5HdOh9SGhy8UIIwoHl4qqe9No6HFEHH7E02wgsLZR/KPkponGByBKrej86F01cWvL/7J13WJXl/8dfDygccAEuhoMlMhQQRRE1V6aoOeuLSllqfX/OylGaq7TUcmSl0lCxUky/JmlKljMXbhFFnCxNQEyGg6HA/fvjAOccFTkHzkGw531dXJfyPNzrM973fT+f+3Nr6nDRGDf3KhwvLe313HREfYaJjWnaNV1DJlrohvrfqb+nrW+qbMgTB8Xk+mp+UYfxeih2inHWiM7TVH76TpizsCu0nSK5q/vh/LuLNfxwURlDVxeoKvm9hbAtttfSubE0e30odopx9RGBP6r6WMQRfu/GadXvApEmNvVDuDg8LvMifd31JsLJYl3x83wRK5b5qPFCVKBwforN66OdFWHz2vgmfdpBvogVKzsiWnfZLmKzDWMHWclrxEhbTV3WGQlzRAfaqclXf/M7beZeInHaYz7y4CSln8rSghu1sdeqMm/KEwfF5AaPc1JdRoowtXlps0f68kT81VI0Uv879TocNXUm7+EK0Rs1f1bavF0dxzoJpyfUU14/LHOOzDlPWxeWBZmZmRo/Bg+xzon/gYmDXXCwqI4kSVSrPo4/uEfuffXP2LY0VjvUp7CC3Px0soG7sae4jTvNnFW7OM19yxYKNKx9AyzMCpMaBERylwyyAKNbUVygGU1eUO2y1nbvRhO1xBRRB+Eq79NSPTmC10aukcLNf7T8XH8rigv3muHd3eaJz6Xzu0iiBW1aq35X3b0rdlzl3AUQxHEmFuq94FYcLpXfwAs3a9X7d8/vJ5q/eM9O1c5q0hBCuUdaoo5XXhcm6Sj6iqRPaNtOY2ywNS3aYDPDQgE5OboHpVVv9w0LAv/iky41aKAWcqIP5LGRIGMzbNptROodzAw/w9jS03S42DqcbCje21bURUEWKYVbx4knwMzRH99iu3PCVceoFEE6x5cPoKubZXE7fJfCg/wMcrSw1wJiOXoczuzqgLmaLTWbAveJ54aOY9J3g+CO+J3RFoYZc+UZ5PNERkYW/4Tv7IElIGHJS2Pak7m3F807DWLM2IX8sPPvx0I/FbjhZKr6n70jPIiKJ0lHe61FN5704aI0mWijG6WOQym+qSpB2/GyclE51loKBYIcsgvD5S5eATs1P1xQ01PDD+uDG0uzV+NbR7lwCza+YV6sO8aSHa/vgrsxyVqH/h2Nhsaj/LF84vMkLsZCnZfdip8b4YirJ9zdf4H0Qpu/9xSb10c7K8LmtfFN+rQDIxx5fdmHmJzsi5OZQqdbD7TR8XUvSZjbjGBX/gw+/dimUs7vtJl7lZcbtbHXqjJvKhQurfpv1+Ckw+fm06uob57j+G/rv5ju7kPA4ElMXb6N02m6FH+V+Dhw9FTTmWptaWUPSVdStJJrRfhhmXNkzinvurB0H21AFH0G35/6EWExWQghyH8QQq8KOXWjppypixnaawW3X97C6XRlOInY1wkz0MnQnBx/IaswHKXo577Yy7u2FdcXRQFUe+SMq+KRYzJWjOWPR9opRA6bJkiVymlo087qPD4LKjDWXX8eHhvDhxu7MOuv+ySKFfTUYz+qEUhofjYp+wIRv499Ygh4ZdFhneuVsslBJY97v7bl5Ql38P3sPPHZqrBcXQm++6dJj8hdkCI+xZfKhiecQXZSBYw1GBhBTMo+Vr7tj0VmKB/28eClWXGPlaIhI6ls9ipZKJ54jlAvMvkXQdvxUgj91vtQqq53bsyhGZOPiMdsKXqnf4WOqREKNCIPzawqZTsrk28qII61ExZwz3c7sdk5T7z1oMwbe1jy2k5BVvIaOlWfxycfJ+t9qJ7p/C5L/9xYVeZN8PgZZPW8GEZ0YvLJNE7/Np3+/pmcW9GPgLqj2JZeufrwrPywzDn/Ds6pNAtkhZktBWQ/5oyM7h7nTLQj3RYF0cpWKSijmEPEY6J12bWcWlOXGK5cVYnn0olH6lcY8YDk4voLSCIhQY0sTv3I5bxBjJ7uj2PhsaPrMQd5WPR+fS/czK8Qf1rVgzsxe7mmNjzNX4CsuL2PnUfRiRDre+FW8wpn9jyZrIRHD2yJ5uQpNQWP2ccNnGnpBkZ44NoMbp9Q/b2Ud4ULt9TGy6MzNhxml14WaTmkpKRw87b+lVu/7SwdqTG/kc9gAjubl5CsRJlYIyW9rAJWUK/L23Stf5nLB8q5ZL3/uC2VpsPaoLkvPIiLVEtmF8vFKM0+KMwg777KYRolXSBDzQ4uHbxKLcdxzOlvi2XhzmhCrPb2aoQT3p5wfXUE+uBrwyfp0kLy9VrTc/gUFoRGsW3CHZI+3adxBcg9IojJKJp/p3MxGky8HLDVkx2UJhOdkZajs28qq9wMKBUUNZ4cbVLe8SrywzcOXCjWO6N7Z7mQor5AMUNhDvf+UdWfkRSpEzeWZq+ivh+trEvmE2374teiZHs0whZXJ8jcdqH4eQFxXDwLtTord/hrObWmJvEkqh3CTTyRptd2VoTNa+Ob9GkHBcRy9DS0ebtPsU9/fIabVK6+mlkPYaQ/JB4oe5iHMJdQkEVulv7nd9rMvYSZOaZkq9WfQ0qS9tyojb1WlXmTLhskzV94hdGTV7Pt3ArasIntBx8VrAXSE//WGQdHiDurZq95x4lMANtm1npro955S+YcmXMq4wK5euvXaMh2QkPiuJmUSUahBEWtZtg3jCMqPE4p1PsnWT41hEQdqs33nMKbrkf5KXA1EQmpJByfzOzNaBzGrtVmBDbs4X/7BJBD3IZpbC5QS+3s0ZeGnGJX4cIlJ+Ebpi1QlWHMS7w5HA68M55VkX+THL+JaXOO80CtDrthWwiwDWZyv+WEX7xO/PVI9m9axPiRa7W+D8+Yfrz7MZydGcSEtaeIT7lJ4olfWDZvJ+mAqB/EyA5XCHtnprKOmLVMfGcfNR1G0ddW6fT6j/Hl9tZPWXVFaWSRH41jL2rJJlym817/KNa9Moo1u6+ScO0iZw6vYvF/PuB/uq5Irs2hdyMbeo3S/32Rem2nNsiGgqdkl87PC2GYjS0du+4un4usAfnVyr6D7vWSFZlRq1l96rbmxKgUHdYGjV5ZRLNqK/hoRgQxtxI5GfwWKx752Nn8BUiPCGVbunKjafuC1VxRs9emLSAn7nf2FsZC39rxFvPDtbdXCUte/mQYNeNHE/hxOJHxqSRGRbAlZAwjF53Xebz0kbCnNMW5eSmGM2fOqH4uJJJeuBH322eT+GH7OeJTbpIcv4mfd0PtHm7YaiyQf+fbwM2cTkwkauubfPRbE7pM742ZnuygNJnogqYt4E7G72yKv68xIS7NN+m2MDjP8hdt8baba7D7pI1wwq8dxCxR6mFyhsqWyjteEpb0m9SWjIgZTN0YS9Lt04S+O4XDpqYak4AuvnDlpzBiAZGzk8++VNmBNtxYmr0a0YN3ZxkRNXOwkk9SE7h4PJyfZvRn4Vbt+/Ly9KFUi5/E0Fl7iIxPJeXyYTaPCy6UjYJOo/shMj7hv9+dJj41gYPfDOKz0950n+ZTbPOveuzg52mnlROalDUs3aTqqz7aWRE2r41v0qcdQDZkQX6Nkt84OdWOxnZdWVzmu5IVCHPlpmtZkV/fD+/65whfsIf4lJtkpuXqbX6nzdxL1PfDu+Exdv2orCfn0lyC1Wm6FG7Uxl6ryrypeBMh4YIGJ0VevKTKmn1hMe99vp2j51NJSU3g5Np1XKY1LdwfKcSxA/U5xPatSRqLOmM68sY4iPpsFEv2XCX57wh+fn0ckYwlMEh/X9P1yVsy58ico845eoO+klscW+EnXGsbCdBMTpBxeLoY6G0uGjS1F26uAeL/1n8u+mCtSnKhTQKG5BAxpmstYWFiIpo1Gyu+ndVBNGZGcVKuApEm9i/xFPa1a4mGTu1F/4krxVhP9WRY2SJqdTfh19RKNGzsKlr7jBUh3/QXDgwVoUWHwAtOiO9HOAlrk+qibt2u4v9+eE90pLP4Wi0xRXbSBvHhgJbCvk41YVrLWjRpEyBGLz4p0nQdq9UDRBdXC2Fqaips7LuKEQujVX29/adYOMBO2NepJhTm9qJjj2Xi0G3Nv9+/uIPwblpP2DduLjr83yQxqLFmYoCC/Gjxv4lthXcDM6GoXkc0dGovBr+xSURnV55kE9q0syzJ10pCUaKVqyW1JXWuaC8hfF4/VY4kDcokYj3mpJVrTNYGmglrU4SEhRiyXmipw9ol2ErZO1oEuCIURtaibdeVYuEghKeP6m/yC06Ilf0QFrUaCnu3APF/a6aJ7rQsLqMgP1r8b7S7sG/QQDRp7io69lgmvhuvmVChNHsVQoiUiJliaDt7YWFiIhTm9sKr2wjxxY5/Kk3Cnqcl6bJgkAjJVdmin1tdYWFiIsyru4oX+60Up25rJumqV3es+HJKa2Ffp5qoqWgvhiw8r5FcRht7PTf9kTF+9O+fKhPtk6/liwPi6/4NhbUpj/ny0nyTTnbigHBgWYn2qBck/SzGtqslFGjqSGnjpU2ykwKRJo4v8hPeDRHm1V1Fr8+WiZG2iFe+Vvub2BAx0hNRp769aO0zVqz54kWNMkrlRi3s9VE+sbBrJbr0ny42X9ZtqFIiZoqhfvWFhYmJsLByFS8P3qSWkDJbXFr3H9HFrZowNTUVto0CxDuhNzR0ODtujRjTtZawrt9UuHsOFR9M8NRImKKvdhrc5rXxTXqyg4diqwii2lOSQCmT1dRhkPipHInwdr2JcCpKClhGJB8dLbo2rSYA0UQtWak+5nfazL1u/v668LM3FbWbKO31q7fUyyh9fqeNvVaFeVNJSbqMsBbDi/Qobrl4M8BNNLWpJhTV6wjbZgPF1NC/n5Ak7oY4+GHL4nm7ulzzRaz4bWIb4WptJBTV6wj31mNFyJE8jT4+Ta75IlYs6/R4O8G0OBGVPvywzDky55TEOfpI0oWogihrxludoGOGahmVFwUPY8Xa/mqZg5+AO2HOwrqcGXnzxQ2xsiPC23O7SMqqAuNSmBnRd/L5qm+vlRTXVmhOPGQoN6O6UUcjE2ZVR5kz3lZCe5VRMcg4+ppojZeYG/X0Dde2/U+Va3F77kNlZtpdaVVkYCpg7lUR9ipD5hyZc6oWKjyLtT6QeOh7thy6TnpOLhnxP7LgO3D4tDd6zY11dasyVDL9ATm3D7Fq9kaMvYLoaYKMKoyrSyTMzX34OGoob38XUOL542O/XaVJ/0953bY8ITa2vLrov1gbD8PdwlSvWUn1Ei1COifWh7Iv5hY5DzJI3D+Jpbu8GDDYverZq4wqi3uHfiKBmcwcblZl+1AgTrLtuz84nXKH7IfJHP5iKvsJ5JWeVc9eZVQslLceSFj3OYnla/MY5VkCn9zawbGEnowK9qE8luIx9WeGdF7P6zYSzt7hlS8DcAXMvSrCXmXInCNzznOGKvEVJjRA+DW1EqampsK8TisxYOZu/X+NujBHDPRqWBxWVdawKRkyKivyxQ3x2yQX4dqwpkbYSpW0V/kLsoxnaks7xaKOpsow2yeFIFYhe5Uh45miAuZeFWGvMmTInPN8fUGWhBBC3l8qfwKAsHHLOVTdtMR3XPstYXQ3Y3mwZMiQIUOGwXEzYj4L/pda4nOj2i8ybm5fnOShkiFDhgwZ/3LOuXPnjsb/5QWyDBkyZMiQIUOGDBkyZMj4V+LRBbKRPCQyZMiQIUOGDBkyZMiQIUOGvEDWGnls5DVJwqyeGz1eDyfJwPWJzA1M7mKDjamJbok1rn2ITzUJSZIwk/xZeFWWXdXSsx94RXJkwp5yyPX4CzhLo/i1PA3RRxmVGPkcYkpD5XhKkoLBwdmy8j0D3F1vTBNppsHupjQ0Cohj++jmOFhUR5IkOg2Neeyd6BkSzpahpBtA/64ukTAzscDZYRhLjhUYuLc5nFvenVYONagt+fDJWdnW/i14kg7rHWXknDx2Md5GYlhI5Q6GlO1A5pxnyTnyOucZLZDzOcQUB4mRPxt2MHePkGg3oByXr+/3pHEpDvjuemNcpOXEPvL7agSyTghSwtuQvm4Gq88atq/nPx/Khv3DWJvygKtn+jyexTJxLp2kAH7MeOT3TRZwOk8gEubQmgJkPF2ueifAEuxg+5AiYlT/UfDqMvGIQTrR643BdG1SDrnWD2TgK51pVJ7O6KOM0lCSDleATIzpyOKbgjxxkMn1c2UDqYobHJWAc4yOvcPE72wZsfcmGbdz2L368WyftTuMoedEVxRl1L+n9dV5siAr6zQfe/3Myv/bYdAMxXls4ON39mL31hVuitPM8tRuvGRbq6Q6rDbJVP+xlWZyQgsd1jtkzpEh26vBOEde5+iOarLa64aa7friygb+TgA8DVdPSjKYeXWjg6U85s8LmrCINWd6YFV47F8qMKNOU+mRBXIn3vqhU/kqchjHok08+zJkyHjOcTfpEtn0o4uPFXVKsvvewazobbg2SNUc8esED7emkAQGS4BifOs6maIlnV+2xUwW/XMBKb8er67Yz3T/B8W/M6tmQ5MK1mGZc2TIqDycI69ziubjT4EgneMhA+nqXh2FQoGdyyCmhqWVqaKczGRuJmUabIf75pFZDGvfAEtTU6xs/Bk291RxeMHDXxtjJklIXc7xNyEMKtwpbSotJlrHegRmKMgjpwKEUw0MMhFJ3TOToV09cLCojpmxDW5dxrH6XL7qhWsf4it1ZfSPEwloZYuFhQU+rVdxSq3TBeIka0fY42BSnXqNezP2m4l0lPxUoQ6FZXylFqNxaLKEs9NmstV0K6CVLTamJsqQjv6rOJz2iP4Ft6eVtUQNEzcCPl/OKDtJIzRJFJxn7Rh/3GyMMTO2waPTZNar90V7DSUzJZlkA36CqW5hQysvL7y9vfH29sbLpzn2dZXPikJbJEnCRHJ7PMRaGxzri2NhGQ2eFClx+S1aSO15a3Yg7d3rYdPAnpde2cz5HB3K0EI3SNvJwmHuSv2q4UCnR+RaVVCAUrfa29ct9itB0w8Xhx0Vhfb1nbeOsV0bYVOnDk0bjSIkSnsdfmJ44I6W2Enj+FNbewVu7htDbzcJM2Mb2nVbxaLBEq4d9urdl988Mothfg5YmppSt04r+r3yi5oPzeHSr0Po6maJQqHAxr0309bf0LSy+B8Y2602lqamuLiMI/SiV5XknFshEmaSRO1BV7nBF3QutBn1cLerS1Rf5QwdnmpqBvk1DR+ymYP0TGwNctg+RKJpzxUsG9oce5va1KvXjffWpWltB9rYGskbmDTIGzfrWpiZWODkMugxHSZljVKHTSxwcRnHd7M7aoRsVqV5E5jRsLl7MSd5e3vTvEXD4nnH03VYC5lowxelcQ6QefoLRra3wtLUFLMaDvj6zSD8EbHcuf070wPqY2lq+pgfljlH5hyZc/5d6xyDL5CvBtej31sSLy+M5MK1i4TNFYQP7sPixxyPAmsbVxqal1zW7v+zpZnd0HKFtigsoZ7340EDuVFv09t/G9UDfyXi0mUiwvqT+30nXvtCqR7VB14nWwjEXy1pxEjChEAIQaKYQotHFcOqG3U7Wj6VUDAH4/sGnoZkATWeojaKetiY2mNqrnvpGRkZNA76ivVHYolPCGdh603M8XyHXWpRP/lGf3FoVRsWH0kiPfFbWqW8zdQlycXtixjry7tbOjBrbzwn/hyK9O2XROsQsS/IJiXVgf4ztrLv4nViji+mZ/rbvBWwudio7/7Ri4HjcvBZdp5z8asJOjOB9UmmamSSRNiAFsw+0I154QnEJ4TzccsNfOj5AYdydZTrtTl0bWRL76HlCOHXwg5KdhLK0JaHYg39KGP4VbvtxAmBONaJ2iUS8FEOh/Uj9PQ/JF37npaXX2H0iBidyniabhQQx6qhPfkqahDLj8YRc2IunglKuSbpUYcrQiaQRGbef5i6eh+nE68REdafnLUdGT4vWfWKBMeWHqHPur9Juh3JvDYhfD5Qex3Wh72K1MUMC1jJw067OR2/j4WvLid4e1l9ecnIPRtEV//v+KfXcvZevM7JU4sZUO06RdOR3GOBDBp0hnrv7eHi5TNsmJDEuqC+zD9SqDec5NN+IziQuZTwy1fY9nU2Py2NJK8Kck79kYJsIbgT5owdk9hfyCkHf1aFuzlPVv7u3PQK0GEzMLpn2MmClJ0FmD3VXksaL73YGpCyM5TrwyNJSE5l7yeRhL0+Syc7KN3Y/kZ4zSB4xyli/j7D+rmC7UF9mHJUpcOLu45kX/Z8Np89y28rJTZ+e7hK6rA20EaHnyaT0ucSpXNOPidZNHgyFxquZc+16ySc3sy80baPKCccXxJCjfH7iDwVxiuNNP2wzDky58ic8+9a5+gFJV2Y/FDsFOPqIwJ/zNK4RHptD4Tfu3E6X8C8LRBRiwDxTbp+L3YuEGliWyDCu8dhkaX2+yuLEY6sEhpXXP/VUjRipAgr10XasWJlR0TrLttFbLZhLqvOSl4jRtoiOk9LKnshCXNEB9qJz6+U/mrewxWiDy3E5COFv0icJnxwUf1fCLHrTYR7sz3K98VWMQrEq5+rRjxzR1tRn/aq+hKniTZ0EV+qCeDgJIST4y8aclLHgx2tRFPGij8K5bq2B8LDf0/x+/l3F4tuIAatKPzNpVGP1ZEnNogg6or/btVxvBKniVbGCO/+pwwi022BCND8qV/YV027WyMG4yDG7y6HXI91Ek5P0vNLo4Q7zTXKTl1vJeyYJPZrW0YpulGQOlf400yjjty/uoqmBIjvKuF983nioJhcX02nSsGJiQi3uttFVpGPtNa00zthzsXjqY0OF5UxdHWBqpLfWwjbJ+hGSfZ6eQXCVk2G+SJaLHJFNPffozdfXiDSxKZ+CBeHX0TaE9/IFrveRDhZrCt+ni9ixTIfNZuKChTO+KnpbrY4OBrRmBlifxXiHHWoy7sknJuuOS7l0b+SkHO0n3Cmi5j3132D9LNApInjS6xFI0aKLTkVb2tCZIttgUr+KBrHgtS5ojttxaIzOtiBjraWL6LFojaIHnPSinXY43nR4ULO0+QlU1VfS9Xh0mVSGl9owzlKTi9Zb4rkqj6+d0KNSrVLmXNkzvk3cs6/dZ2jDTIzMzV+SvzkZ3zrKBduwcY3zIs/2RtLdry+C+7GJOu8EO+7QXBH/M5oC32HpMRy9Dic2dUBc7VEE82mwH3iuaH3T+6OvL7sQ0xO9sXJTMFLc/UXOCdIZ91LEuY2I9iVP4NPP7YxzL5N/A9MHOxSnAWvWvVx/ME9cu+r99OWxmoHkRRWkJufTjZgdCuKCzSjyQuqnZ/a7t1oouNh+dQ9MxnWvgEWZoWhxQGR3CWDrMJQo4tXwO4Ft+Lwi4KanrhZq/7+7vn9RPMX79mp5F5NGkIo90hL1DGjZeGh/8gtPgbbjGrCIvacOUNkZCSRkZEcPDebFyo8ZMSGlm5qu5KO7anGBeIzdCmjZN2Qzu8iiRa0aa16Xt29K3Zc5dyFqhXuJkjn+PIBdHWzLNZR36XwID9DI/TIykWllLUUCgQ5ZGupw/qw18QTYOboj2+xfJxw9dKvLy/gPEejofEofyyf+DyJi7FQ52W34udGOOLqCXf3XyAduBt7inu408xZtSPf3LfqcU5lRPV237Ag8C8+6VKDBuohw/rA2SE4SVb4TVbgv/IT+ps+O1tTONmo9E9RFwVZpGRrZwda4f5J1o7xp1VDc8wkCWOpBe+fNOVBmpLn78ae4vZzpMPKM8jniznpzKkovh+n24HAp8mkNL7Qjm9eYvRE+GucO+1eHsm781ayI/rxcIlGTvYqP2zpXuyHZc6ROUfmnH/fOkc/4/DUD+DNmHxE+cle/Sd6p39l8yp0/zTpsXamiE/x1XNVBcSxdsIC7vluJzY7h52z9Xe6XMKS13YKspLX0Kn6PD75OFnvQ1UUcrI/9SPCYrIQQpD/IIReFXHaIEtNZKmLGdprBbdf3sLp9EKZ7euEGehEalaM5Q/xqI7msGmCVOmM7dEzyOpnvSoSGuObfefx38kA4N6vbXl5wh18PztPfLZSt05MfMIEUc+3izyUquvdXiuLLzdCgUa0lJlV1eScSoaHx8bw4cYuzPrrPoliBT31WbjnBuJy0ji6JIeIt2exNffZ2Zrex03N1iCHQ1N8mbSpFbP2pJImBPkilmU+uVXS1rSD5hlk9bwYlQUSlnT8QhB3eSUTB1hyZ+80Xm3py/h9mo63eg2Zc2TOkTlHXudUwAJZ1PejlfUVzuzRT+MNdXjdCCe8PeH66ojSD6QLi3KnGCkglqOnoc3bfXAs6VjPw6Ry9dXMeggj/SHxQNk/uQlzCQVZ5GY9Ml53j3Mm2pFui4JoZat0ikYxh4jHRPsxqO+Fm/kV4k+rengnZi/X1NRJmJljSrZa/TmkqB1ClU79yOW8QYye7l88jtdjDvKwWK4euDaDGwcuFI+j0b2zXEhRlVHLozM2HGbXUb1oKCkpKdy8XbkdV0ly1X6D5DznI1Xsej3mIHm44W6hp/Z59MCWaE6eUjOHmH3cwFnjy7WufsNwUKCoATk5j5P/pYNXqeU4jjn9bbFEufOZEKuLbypdhyXMUJjDvX9U9WckRepkr8194UFcZPHVLAXEcjFKv77cCA/8WpTsZ42wxdUJMrddKH5eQBwXz0Ktzsod/lpOralJPIlqfiDxRFqV45yK0j9dkBrzG/kMJrCzeQmbbsokhCnpZVzdmlri+8qbNOU8l65XPlvTxg5Ks7UCYjn6F/i8PZNBLWpiBgiiOXNZjXOcWlOXGK5cVY3rpRP8y3W4YlCn2YsMGbWE1XsO8JnPRaK+N0xIksw5Muf82+21qq9zDL5ANqIH784yImrmYCasPUV8agIXj4fz04z+LNyqe0X6OLxe0m7Ey58Mo2b8aAI/DicyPpXEqAi2hIxh5KLzmi87dqA+h9i+NakcE5JsyIL8p+xWnpxqR2O7riw+W3YHKsyB+2U3s/z6fnjXP0f4gj3Ep9wkM005MRK1mmHfMI6o8DilYt8/yfKpISTqkGDLmJd4czgceGc8qyL/Jjl+E9PmHOfBIxss3g2PsetHZT05l+YSvFvtBY++NOQUuw4o+5iT8A3TFlCcPEHCkn6T2pIRMYOpG2NJun2a0HencNhULUmXy3Te6x/FuldGsWb3VRKuXeTM4VUs/s8H/E/XiJBrc+jdyIZeo05XasdVkly1xy3Cx73P5ovXSYj8ivc+A4cho/QW6i3qBzGywxXC3plJ+MXrxMesZeI7+6jpMIq+tro66fMsf9EWb7u5xRli9e8AnfBrBzFLVhORkEpyhsrhN20BOXG/s7fwnMatHW8xP1w331SaDhvhQRdfuPJTGLGAyNnJZ1+q7EAbe230yiKaVVvBRzMiiLmVyMngt1gRp19fLmHJy9OHUi1+EkNn7SEyPpWUy4fZPC64UDYKOo3uh8j4hP9+d5r41AQOfjOIz057032a8thCvucUXvXYwc/TTisnNClrWLpJ1deqwjkVpX+60lJBzaf4jbwQhtnY0rHr7rLbtpk5aGx6Vh5b084Onm5rEra4esG1bXuVz0knYmZ/Nt9TLQzyPafwputRfgpU9iHh+GRmb/5367DhJ+u7WDHyW8JOXyclJYVLRzfx63ljGnRyMEBdMufInCPba1Vf5xh8gQzgPPYfwlc3JHr+i7g1caX9oFmsOd8CZ/fKJUpTz1B+jxhNvT/G0821Ma7+QXwcmkvLlpoHLwqaTOCrD02JGN4YMzOzMl3zpNwzrobiKU8z0sEcB+zrla9feZQ99LUaPZiybTTmR3rhaGONZ91lRBc6hHlh06m1vSX29g64t5lN9Buf00Wn8BkF/sEnmD98P7P8HGnp+w0Fo9+jJSbFXy+M6MHsNa9zb5071k3d6DHBlgHD1Ipo8hEhq+sSObwR1k3c6Dg4mhdn9KcOqq+btXr9wa+L4OC7zjSzCWK9yzKC6uZilK8orMORoLBolv0nmq+DPHFz9qPXGyEcNW+LRxW7qDN6hvL8S3VpBJuJZ/mLT07VX5JcC4hj+QuFZ7HbHSS2+DozBV0+TFbb3OhCv+n/sKRzE9w6fsndtr/w7Rr34t1Xbcp4ukNxZNRvf/Keyw+M93PE3Xc2Zxsu47uTg9FxfYwgm4zbYIYDdgYadwlL+i79md6N59LdoSHNLVXkVu/NaJaOPsp4n4Y0dXVj8NKujB6jW/ml6bCEJX3nh+Bv/BqtGzjg22ErLUe8WHxBvTb2KjWYwvqdQzAL60Braz8m/DKKsX3BNEehV19u2m49eyOGY7V7KN1cG+PW/i1+vNkAq+LnG9mxzot/vmqHWxNXhs23ZXBoOJ/4FeleG2ZuW4Pb311wb2CPR89dNBroWdzXqsQ5pfvuHxhceKat5XyIzXgNqydc4fY0/dMFudlgfK9kp2eUfpt0Cep4lu+8lwJRaW2tNDsozdYkLOn7zRYCmkyhYwN73J1788XdtYz0e6DmP9swZV8IL9SZSJ/mjXnpNQgc3UHjqpJ/mw6Xb0GqBecIS0zvf8sng12xt7enw8CdWE/az7Kx+id5mXNkzpHtteqvc/TnEGTohIyjr4nWeIm5USVlKDwhZtgj2vY/JcqTl/Tch8osgbvSqsjARAUKV4aKn3MNmf2xjBmqZRRnsW5JL4NmWNRr5tzUuaIbdTQyTFZ1VIQOF2Uy9Z18Xtb5fwEKHsaKtf0Rzb22l8g5d8KchXU5M8k/FGvEIAnR59MboipYZEXZwRNvzJBRNW1J5hyZc2T8a9c5WmexlvHoLsdGgowlrPucxPK1eYzyLGGn/tYOjiX0ZFSwT7kSMHlM/Zkhndfzuo2Es3d45TvTcHUrP2w/R3z6A3JuH2LV7I0YewXR00R/VRSIk2z77g9Op9wh+2Eyh7+Yyn4CeaWnrI//Btw79BMJzGTmcLMq24eK0GFBOifWh7Iv5hY5DzJI3D+Jpbu8GDDYXVai5xxXl0iYm/vwcdRQ3v4uoMTzx8d+u0qT/p/yum3Z66rGEKYu9+PGqmY0lHz45GzlGouKsoPEQ9+z5dB10nNyyYj/kQXfgcOnvbGV1VHmHJlzZCWS1znPzzpH3iuRUSZcmCMGejUUFiYmQmFuLzr2WCYO3dZvFflip1jU0VTY16kmFNXrCPfWY0XIkTx57P8lX5CfB1SEDueLG+K3SS7CtWFNYWpqKmwbBYh3QuXvWTL+bbZWMXZwLTRA+DW1EqampsK8TisxYOZu+euxDJlzZM6RUcXx6BdkSQgh5H0TGTJkyPh34mbEfBb8L7XE50a1X2Tc3L44yUMlQ4YMGTJkzpHxHOLOnTsa/5cXyDJkyJAhQ4YMGTJkyJAhQ14gA/IZZBkyZMiQIUOGDBkyZMiQIUNeIMsoG3LYPkSixUsRlbqV+RxiSsPCKyQkBYODs2XRPQPcXW9ME2mmwe6VrAh9v7y+L/6FuuQkrSZJTyUL0ln3koSitg1+novZnW7YnhRwnrUj7HGwqI6tNI4/tf3Dax/iU03ZfzPJn4VXZb1+LqCDXPP4gVckx/Jd8XP8BZylUfz6nA6nzDky51QWe5U5R4YMeYGsd8fqIi0n1tAk6iAx8ufHn20fUkSu6j8KXl1WNSPhn9ZXfWL3CIl2A05r/M6Yjiy+KcgTB5lcP1dW7iqIJ8m1om0+n63MDfqT+rNiSU9PJ+b+KN0z1ibOpZMU8NgdtxKWvLZTkHb9Szxuv8/CZYadrRgdm8r0H2wYuTuTJLGCntraa5MFnM4TiIQ5tKZAVsxS5FqRPjRx72yG+TlgaWqKZSMf+gau43SaloXrIFcjnOj1xmC6NilHZ+oHMvCVzjSSOUeGzDm6zzN18cMy58icUxk5pwqhmqxtlQ9NWMSaMz2wKjweLhWYUaepJA+MDBnPAEa3LpOCD51fcMTCwjB1mNV5ia4e8PWFZMDSYH15mBRFPv1o28ZcFuxzgMz9Peja/Qpuo1cQ/qMz5ndiOfdLOGeuv4aPlZ7tgE689UOn8hXiMI5Fm2S5yZDxrCFzjozKzjnPfO73tIepe2YytKsHDhbVMTO2wa3LOFafy1e9cO1DfKWujP5xIgGtbLGwsMCn9SpO5aheKRAnleEVJtWp17g3Y7+ZSEfJTxUuUVjGV2oxi4cmSzg7bSYbZTjI8ZCBBLSyxcbUBLN6bvTov4rDarsVgnSOB7enlbVEDRM3Aj5fzig7SSO8SRScZ+0Yf9xsjDEztsGj02TWq/dFa+SQmZJMsgEjp6pb2NDKywtvb2+8vb3x8mmOfV21F46/gKM0jO+Of8mw9g2wNDXF2iKItUna9FUZHt205wqWDW2OvU1t6tXrxnvrNLd/isa9q5slCoUCW4duvBEco3FPWZZJPJvGKPXjSWVUBRSgHKv29nWxNDXFysafoOmH1UJotRuvm/vG0NtNwszYhnbdVrFosIRrh70A5LGL8TYSw0LUogB2tMROPdwoeQOTBnnjZl0LMxMLnFwGMW39Dc3GpqxhbLfaWJpY4OIyju9md9QIIyuWmXt1FAoFdi6DmBqmu0xykjcyfaCn0u5rONC6xwzC1ZqScXEpI9tbFe8eao4X5MT/oGynqSkuLuMIvej1WB03j8wq1l0rG3+GzT1FWfaxczKTuZmUaZj78659iI8kYdRgNns4zmyvx0OsC4hj+QsSHcaGs2myB251jFHUtqHDtNOVUt9zUGCEAoPc8lmKDhfZQd956xjbtRE2derQtNEoQqL0xxda8VYp9qpfvoDMlGRS0vX/NTGfkyx6czd1/EP45Zs++Ddvjrdvb17/fAUjvbT1b6Ujj428VhjNZCK5lRhiffPIrOKvCnXrtKLfK78QXfTwWF8cC8to8IQQa335YZlzZM6p0pyjhW+qapA559/FOcX2PMgJa0sTzGo48FKfdRrrQtJ2snCYe7G9d3pkTafNOqc032TwBXJGRgaNg75i/ZFY4hPCWdh6E3M832GX2rjnG/3FoVVtWHwkifTEb2mV8jZTlyQXm0bEWF/e3dKBWXvjOfHnUKRvvyRah8huQTYpqQ70n7GVfRevE3N8MT3T3+atgM3Fzu3uH70YOC4Hn2XnORe/mqAzE1ifZKpGSEmEDWjB7APdmBeeQHxCOB+33MCHnh9w6BEdElbdqNvxKbtp1+bQtZEtvYeWZwKswNrGlYbl2FDLkfayaOwV+qyKJ/nuTQ5sGYajQvu+puwM5frwSBKSU9n7SSRhr8/SkOvVYCv6jLpJi+m7uZCQyJ7NQ7FLiUVdx2+FL2FT8+/ZcfwE3/bbx/8eKUNffdVqRC2hnreiDH+ZRGbef5i6eh+nE68REdafnLUdGT4vWXOe8JTxEqmLGRawkoeddnM6fh8LX11O8HYdm5HxN8JrBsE7ThHz9xnWzxVsD+rDlKMqx7S460j2Zc9n89mz/LZSYuO3h8lDXWb16PeWxMsLI7lw7SJhcwXhg/uwOEqHyduDDYxrM4RfU/7L8qNxxF/czIJ+t7mWqPbcbxLRdivZc/kyR0L9Sfmic/F45XOST/uN4EDmUsIvX2Hb19n8tDRSo525UW/T238b1QN/JeLSZSLC+pP7fSde+yJdZ7nu/j9bmtkNLVe4UYk232QBp4WgIHUuHWjHojMCIQSx4vEQ64uhMwmt+z3hqdlkxG3ng+61HulIPWxM7TEtwQ4kzFCYgZSdY1hDyY5DGMo3laLDhR3l2NIj9Fn3N0m3I5nXJoTPBxb58vLzhTa8VZq96sIXpck1n0N84mVLO6tlqsWinvjC+Npm9iVY4fVu16dMPrXzb09DNQJZJwQPxRr68eRJV+7ZILr6f8c/vZaz9+J1Tp5azIBq1ymeqrbbTpwQiGOdqG0gPyxzjsw5VZ1z9CJXmXNkznmGnFOQu5VxPkM4UGchv0Zc5cKx5fhmvc5b3feSXvhRYdXQnnwVNYjlR+OIOTEXzwTlmi5Jy3WONr5JL9DlEuW8hytEH1qIyUcKf5E4Tfjgovq/EGLXmwj3ZnuU74utYhSIVz/PUl3EvKOtqE978fkVVRlt6CK+VLtj/OAkhJPjLyKrhHY82NFKNGWs+EMIUSDSxNoeCA//PcXv599dLLqBGLSi8DeXRj1WR57YIIKoK/67VcebpBOniVbGCO/+pwxyUfW2QARo/tQv7GsxjnUStjQV4/YWPF5AqX3NFtsCleObVvi8IHWu6E5bseiMUMmtJqL7p0kltLKwDIt1oriahDmiA+2Ky6hMyBMHxeT6avpQCk5MRLjV3V6oT6WP1+UVCFsmif1F+ieixSJXRHN/pR08FDvFOGvE0NVq8vq9hbB9VK5qyBfRYlEbRI85hbVGBQoP/FR2I7LFwdGIxswQ+4vqqI8I/DFLrYwbYm0PhN+7cVqP1fXlCBvGip05T35+J9RIWDNSbMnRHK8mLBLnCtvp/JR2Fog0sS0Q4d3jsIZ9X1mMcGSVuFEGe6lFgPgm3XD6U5A6t0TdzhexYlmnR2yhjDj3IcK6+mSx+8ZDw3TkbrRYOQDh4qDSZZ1RaOcq+ZaMR3W4yA46T1P5lTthzsKu0HYMxReP8lZp9qpPvsgTB8XkBmr2oU8c7SPs8BZzowr/fyRQ2JsgwFT4vH5KS/+mvVwfijViMA5i/O5H7EOkiU39tNSrY52EEyNFmAH8sMw5MudUdc4p1TeVwQ/LnCNzTkVyTupqhPOjdUcFCleGip9zlb7Mn2YaPJL7V1fRlADx3Q0t1zml+KayIjMzU+PnqdskOfE/MHGwCw4W1ZEkiWrVx/EH98i9r/4J2pbGakk7FFaQm59ONmB0K4oLNKPJC6q9htru3Wii44H71D0zGda+ARZmhWFeAZHcJYOswnCli1fA7gW34h2NgpqeuFmr/v7u+f1E8xfv2akSX1WThhDKPdISdUx+VZg4IHKLj8E23JqwiD1nzhAZGUlkZCQHz83mhUfeMcGH1h0eP5esbV8VTjaqUyeKuijIIqUwXsToVhQX7jXDu7vN0/eYfB2Kv6QJq3pYcL+4jKoCQTrHlw+gq5tlsX75LoUH+RkaX8ufNl6JJ8DM0R/fYptwwtVLx4bcP8naMf60amiOmSRhLLXg/ZOmPEhT7nPejT3Fbdxp5qza4Wvuq7azd+soF27BxjfMi+VuLNnx+i64G6P916KLJ8HcsRsdTZ/8PPF8AWa0ooXa8+adnHnIBa4UtvPeU9pZQCxHj8OZXR0wV0tE12wK3CeeGzoOW98Ngjvid0ZbPFs9sunVSvfEXY/A/aMtDHJbwot21XH2DtdrCN/VJRJmtVrw7pYA3vl1sGFOnJWiw0WwclE551oKBYIcvfJFabxVmr3qky+KkjYliim0MLQStv6Cved3M71tLtXu6ObfyoMCznM0GhqP8i+zXunDD8ucI3NOVeccvchV5hyZc54h50QdhKu8T0v1RMNeG7lGCjf/Aen8LpJoQZvWqmKqu3fFjqucu6DlOqcU36QvlLhALgpb2Z/6EWExWQghyH8QQi9yDM8gWZohJ0N7reD2y1s4na4McRT7OmEGOhmzFWP5QxT+ffFPDpsmVL7kV4+eQW7eouFj4QwSCkxNqn5fnzXu/dqWlyfcwfez88RnK8fqxETD1/tQqq7uXjk0xZdJm1oxa08qaUKQL2JZ5qPbGZIcmjH5yKNyF0Tv9K/QMTVCgUZkjpnVozNEun+a9Fg7U8Sn+FZRPTJuqCh3GTFzBhB2YTK7bzzk6pk+ej2z5TxZkH03mq967ODrgZvRf95S7XVYoe+E/Fn6560q4UNtWtKUa/ydUEQctjR1dsPB5Nn7t6rih2XOkTnHl38vZM6ROUffnAPg5PgLWY/05b7Yy7s6fkV42jqnYvxKSQ/uHudMtCPdFgXRylbpWI1iDhGP9q0tqO+Fm/kV4k+rlrJ3YvZyTa1aYWaOKdnkZqmUPkUtEF069SOX8wYxero/joVz0OsxB3lY3AEPXJvBjQMXihfMRvfOciFFVUYtj87YcJhdR/VjlCkpKdy8XTkdnj76WlDfC7eaVzizJ7lC2lyU9MJwUKCoATk5jzusSwevUstxHHP622KJcnc/Qce7F5r7woO4SE4UjR+xXIxSN3IzFOZw7x9V/RlJkarxJpajf4HP2zMZ1KImZoAgmjOX1eTq1Jq6xHDlqkoPL51Q4//6frSyLr/MXNtAVtzex8+9FKKphxHZRBKdqzmGprjRrLCdNYknUc2GE0+kqTkcJ7w94frqCL0QpqETplQccrh4Hpr0HkZ32xIuF3iYVL6+1vQg8E0j7sVHcK6MRQhzCQVZav5aex2uCL7QhrdKs1f98oUyYcrNvw2QMKXJYLrap3F8eUSJOqGtfytJrtpNIjzwa1E+m9aHH5Y5R+acqs45pclVH/Yqc47MOYbknOYvPN2ehUcPbInm5Ck1NYvZxw2caemm5TqnFN9k8AWyqNUM+4ZxRIXHKQfi/kmWTw0hUYfD68a8xJvD4cA741kV+TfJ8ZuYNuc4D9B0st4Nj7HrR2U9OZfmErxb7QWPvjTkFLsOKMWRk/AN0xZQfBhbwpJ+k9qSETGDqRtjSbp9mtB3p3DYVC1Jl8t03usfxbpXRrFm91USrl3kzOFVLP7PB/xPV495bQ69G9nQa1TlzFKrj74a0493P4azM4OYsPYU8Sk3STzxC8vm7dT7LmAB51n+oi3ednP1mn1OU8md8GsHMUtWE5GQSnKGyuE3bQE5cb+ztzDO6taOt5gfrlv5jV5ZRLNqK/hoRgQxtxI5GfwWK+I0J5BdfOHKT2HEAiJnJ599qa7Dtrh6wbVte5XPSSdiZn8231M52HzPKbzpepSfApV9SDg+mdmbVWUY0YN3ZxkRNXOwUmapCVw8Hs5PM/qzcKv2fbF9+2cCbIN5P2AVey9eIyXxAvvXzuWHCOXzGq+E0q1OCPOCNnM6MZGL+8czNdgYl2lBtChs56seO/h52mmlrqSsYekmTXt9+ZNh1IwfTeDH4UTGp5IYFcGWkDGMXHReZ9nqI2FKZYAgm5xsEGYlf4k+OdWOxnZdWXy2HBWZOVKe/ej8+n541z9H+II9xKfcJDMtV2sdrgi+0Ia3SrNXffJFUcKUto3LkzClpPFqw4Rv/cncNYwhH4cTcekSl4+sZUei2uJCS/9Wkly1gYQlL08fSrX4SQydtYfI+FRSLh9m87hgrX26PvywzDky51R1zilNrvqwV5lzZM4xJOfYDdtCgG0wk/stJ/zideKvR7J/0yLGj1yrlFP9IEZ2uELYOzOVz2PWMvGdfdR0GEVfLb8wl+abDL5ANqIH88KmU2t7S+ztHXBvM5voNz6ni05hAwr8g08wf/h+Zvk50tL3GwpGv0dLTIpDOYzowew1r3NvnTvWTd3oMcGWAcPUimjyESGr6xI5vBHWTdzoODiaF2f0p45aXrxavf7g10Vw8F1nmtkEsd5lGUF1czHKVxTW4UhQWDTL/hPN10GeuDn70euNEI6at8XDjOcK+upri8lpbF9dh+j5L+Jm35T2/wkm0sQOhZ7bK8gm4zaY4YCdgcZEwpK+S3+md+O5dHdoSHNLFbnVezOapaOPMt6nIU1d3Ri8tCujx+hYfoMprN85BLOwDrS29mPCL6MY2xdMcxSq+ueH4G/8Gq0bOODbYSstR7xYfAm5hCV9v9lCQJMpdGxgj7tzb764u5aRfg80HNOUfSG8UGcifZo35qXXIHB0B6pBsS05j/2H8NUNlTJr4kr7QbNYc74Fzu466I/JEFac3EBviwWM8nPCwb03k37KpX5T1fPgvUtoceNturu40Lp/BLXf/5M1C2yK2zlz2xrc/u6CewN7PHruotFAT40L1009Q/k9YjT1/hhPN9fGuPoH8XFoLi1bWiOj5N3+jHQwxwH7emUvRUEOBYXnr8qCavRgyrbRmB/phaONNZ51lSSsjQ5XBF9ow1ul2WtV4ouGPfewb18favw5gj6enrR6+QfutFrJl8t9dPJvJckVIHqG8hxZdWkEm4ln+YvK/ztbhhZvmJq2W8/eiOFY7R5KN9fGuLV/ix9vNsAK1VVokiQhtTtILCEMkiQkSUGXD5P15odlzpE5p6pzTmly1cZeZc6ROedZco6RaX9WnNxAX/PvGe/niJtHb4Yv3Ee+hztWhX0d9dufvOfyA+P9HHH3nc3Zhsv47uRgrfO4aOOb9EMWFQ21bGaGyyBZxgzVMiocBalzRTfqaGTCrPJ9Ksys7jv5vEHrKWsWThmVD/czNoiRtmoZZB/zaSfEDHtE2/6nRLks5Wgf0Qg/MffE/aoxMBXAFxVlrzJkzpE5R0ZlkavMOTLnPE/Qh2/SKYu1XnB1Kz9sP0d8+gNybh9i1eyNGHsF0VOPB68LxEm2ffcHp1PukP0wmcNfTGU/gbzSU/7uVNlx79BPJDCTmcOr7qd8QTon1oeyL+YWOQ8ySNw/iaW7vBgw2F2v9SQe+p4th66TnpNLRvyPLPgOHD7tXe7syTKere6se0nCqvF7nK+7iA8mPDnXp9GtHRxL6MmoYJ9y7ZAWtPuc+W8mE/JiHWylcfxZ2QakAviiouxVhsw5MufIqGxylTlH5pznARXimwy+rL8wRwz0aigsTEyEwtxedOyxTBy6rd8q8sVOsaijqbCvU00oqtcR7q3HipAjefKWiowKQb64IX6b5CJcG9YUpqamwrZRgHgnVP977NdCA4RfUythamoqzOu0EgNm7pZ38mU8X6gQvqgYe5UhQ+YcGbJvkjlHlqv+YQjf9OgXZEkIIeS9CBkynm/cjJjPgv+llvjcqPaLjJvbFyd5qGTIkCFDhsw5MmTI+Bfhzp07Gv+XF8gyZMiQIUOGDBkyZMiQIUNeIANG8pDIkCFDhgwZMmTIkCFDhgwZ2i6Qj7+AszSKX5/TQcjnEFMaFl5DISkYHJwta8YzwN31xjSRZhrsbkqD6k8DiT5fpBusjqLEGoraNvh5LmZ3umH7VMB51o6wx8Gium6JNa59iE81pS2ZSf4svCrrtYznD9uHFPGFhGuHvfKAPAskzqWj5Pdc+JjdI/SrR1WFL+S5l4zS7MLZO7xSt1HW4ed3/aDdArl+IANf6UwjQyuZg8TInw1vcO0GnNb4nTEdWXxTkCcOMrl+rqxpVdSRPipXQxigi7ScWANP+jpJAcV3ZhZBwpLXdgrSrn+Jx+33WbjMsDMeo2NTmf6DDSN3Z5IkVtBTW3ttsoDTeQKRMIfWFMiKWYpcK9KHJu6dzTA/ByxNTbFs5EPfwHWcTquaw/ks+QKg7waBEIJdb8qqLfPFs+OLkuygqvCFPPeqnP6tyvHFM+RXWYefX2i3QHYYx6JNw/GVx0uGjGcKszov0dUDMi4kG7Seh0lR5OND2zbm8qA/B8jc34Ou3X8is9Vyws+eZd+vnxJof4Qz1+WxkSFD5guZL2TIfCFDhvYL5GN9cSwMI2vwhBDrAs6zdow/7e3rYmlqipWNP0HTD5NU/EYO24dINO25gmVDm2NvU5t69brx3rqq99lCX329uW8Mvd0kzIxtaNdtFYsGq0Kr8tjFeBuJYSFqedN2tMROPWQpeQOTBnnjZl0LMxMLnFwGMW39Dc3GpqxhbLfaWJpY4OIyju9md9QIPRCkczxkIF3dq6NQKLBzGcTUMN1lkpO8kekDPXGwqI5ZDQda95hBuFpTMi4uZWR7q+IdSM3xgpz4H5TtNDXFxWUcoRe9Hqvj5pFZDGvfoHjMh809RVn2wnMyk7mZlElFBL8UiJMs7yXh2WQV53NU4x3QyhYbUxPM6rnRo/8qDldiM8hBgREKDHJTaCk6XGQHfeetY2zXRtjUqUPTRqMIidIc47Uj7HEwqU69xr0Z+81EzXDLax/iK3XlKzWFOzRZwtlpc7EOpO6ZydCuHkr9NbbBrcs4Vp/L19peAUSB0i+42RhjZmyDR6fJrH+kDK0nJSnJpKTrfwc6n5MsenM3dfxD+OWbPvg3b463b29e/3wFI70esedBTlhbmmBWw4GX+qzjVI66D4xj+QsSHcaGs2myB251jFHUtqHDtNPksZHXJHteerUdDjUb0mbSapYNlLAyd6D/8jgNv1OyHTw/fKGvvj5d/5RltHgpQlXv3WD6Si2ZclRb3iqdL/Tlh8vLFwXiJCuHOCltvl43xuxIenIdT9FhrZGbTkpKChkGIgx1ufq+tJzIO0/Wn/Jy9PPAF6XpsDZ8IUjneHB7WllL1DBxI+Dz5Yyyk4rDYbWZe+mFL/Qo12fNF3n8wCtSQ0Zs3M70QU7YmJpQw8KH0f8TWvdVF3sVpHNyhkRTiyBCrzxf64d/ow7fPDKrOEKhbp1W9HvlF6LVPMqlX4fQ1c0ShUKBjXvvx9Y52qwfDLtAbredOCEQxzpR+4kvJJGZ9x+mrt7H6cRrRIT1J2dtR4bP09ytTNkZyvXhkSQkp7L3k0jCXp/FrsfsWoG1jSsNDbwBqbCEet6KMvxl+fsqUhczLGAlDzvt5nT8Pha+upzg7To2I+NvhNcMgnecIubvM6yfK9ge1Kd4QpTPSRZ3Hcm+7PlsPnuW31ZKbPz2MHlqRVwNrke/tyReXhjJhWsXCZsrCB/ch8VROhj8gw2MazOEX1P+y/KjccRf3MyCfre5lqj23G8S0XYr2XP5MkdC/Un5onPxeOVzkk/7jeBA5lLCL19h29fZ/LQ0UqOduVFv09t/G9UDfyXi0mUiwvqT+30nXnvCWd/S5Lr7/2xpZje0XCE4wqobdTtalro4Dunpy/cxK/n58lt4KECQTUqqA/1nbGXfxevEHF9Mz/S3eStg8+OTTEU9bEztMS3BDiTMUJiBlJ1jWEPJjuPp6e3LYa+l6HBhRzm29Ah91v1N0u1I5rUJ4fOBReOVQ8RYX97d0oFZe+M58edQpG+/JFrHnIMZGRk0DvqK9UdiiU8IZ2HrTczxfEdrey0gibABLZh9oBvzwhOITwjn45Yb+NDzAw7l6ibXfA7xiZct7ayWqZGEzt7tiTIxvraZfQlWeL3btcQJbEHuVsb5DOFAnYX8GnGVC8eW45v1Om913/uYjl4MnUlo3e8JT80mI247H3SvVfgkkeoea/hzpTtJS2dwuFssfwWbEjMhhBNobwfPA1/oo6964YtSeEsbvtDFDxuKL4psfvovXfj0aDwnDowg97vvOKVm87rocGlyvRXmjKONK2O26J8vROpihr20gexBhzkdv48lvVbyxSPHLLXn6KfbwXPBF9rMvZ7KF3D3j14MHJeDz7LznItfTdCZCaxPMq1QvtCnXPXDF0+2A234QuXnUtk5JZi8Nw4Sk3mXG6fmMLBxvlZ91cVeBemcmmHF4BXDmH8ilKBmuvGrnthA1mE9rR9yzwbR1f87/um1nL0Xr3Py1GIGVLtO0RI491gggwadod57e7h4+QwbJiSxLqgv84+g9fpBPzvd2uBYJ+HESBGmxasnJiLc6m4XWUIIIbLFtkCEk+MvIq3weUHqXNGdtmLRmcp38XSeOCgm10cMWpGl1fu69vXyCoQtk8T+4svDo8UiV0Rz/z1CCCEeip1inDVi6OoCVSW/txC2jBV/lHgBebRY1AbRY05hrVGBwgM/8fmVojeyxcHRiMbMEPuL6qiPCPwxS+MS87U9EH7vxmk9VteXI2wYK3bmPPn5nVAjYc1IsSVHc7yasEicK2yn81PaWSDSxLZAhHePw0JdGlcWIxxZpfOF4NsCEbUIEN+kG05vXlywWyzriWjZeKWIzn763zzY0Uo0fYpcn4ZzHyKsq08Wu288NIwh3I0WKwcgXBxUuqwzEuaIDrRTk2/JeFSHi+yg87QklT6FOQu7QtvJE1vFKBCvfq7SjMwdbUV92qvqS5wm2tBFfKmmKAcnKe2zJOvOe7hC9KGFmHxEO3sVl0Y9Vkee2CCCqCv+u7UMOtRAzT70iaN9hB3eYm5U4f+PBAp7EwSYCp/XTwkhhEhdjXB+tO6oQOHKUPFzblH/Y8WyTggni3WP2d9DsUEE4SbmRQhRcHOReJEXlOOSOE20ZWiJ3KFpB1WLL4QQYtebavogdLH58vNFURkePQ4X11FwR1OHS+WtUvhCX364vHyRJ7aKoEds/k6Ys4bNa6PD2iJ1vZUwo44Ysl7/OnNlsaZc88QJMaPFI/MAPXB0VeKL8sy9SuOLApEm1vZAePjvKdbh/LuLRTdU9ZVl7qUrX+hTrs+aL5T9WSMGgej8buxjRWjTV23sddebCLtO68SBGYgmdYaJdZdFpYWsw9rpcIFIE5v6Pc1fZItdbyrnGWlCbe7hg/Duf6pYT562figrMjMzNX7Kdc2TIJ3jywfQ1c0SCzNlKLbvUniQn4H6fqXCyYbifVRFXRRkkVLFEr3po6+JJ8DM0b/4LLcRTrjqGhVw/yRrx/jTqqE5ZpKEsdSC90+a8iBNuc90N/YUt3GnmbNq16u52uFx41tHuXALNr5hXpyF1Viy4/VdcDdG+3NKF0+CuWM3OpawgZV4vgAzWtFC7XnzTs485AJXCtt57yntLCCWo8fhzK4OmEuqjLHNpsB94rmh47D13SC4I35ntIWBFESCE58N5v0/TTFp547jIx8nUvfMZFj7BsW6YxIQyV0yyCpDVe4fbWGQ2xJetKuOs3e4XsPGry6RMKvVgne3BPDOr4OxNMRYlaLDRbBysS7+dy2FAkEO2YDRrSgu0IwmL6j2t2u7d6OJjknBcuJ/YOJgFxwsqiNJEtWqj+MP7pF7Xzt7vXt+P9H8xXt2Kv2sJg0hlHukJep2vXxRoo9EMYUWhnZmrb9g7/ndTG+bS7XC0M6og3CV92mpZmuS10aukcLNfzT/3KZXK2yfaALmmJgDZuYoUCh384UZpmST+0B7O3ge+EIffdUHX5TGW6Xxhb78cHn5wuhWFPGP2Hwt98EaNq+LDpeG+kNvkyUy+Hmo/vUiIVop15bFtt8CPw/9c/Tzwhfazr1K4osCznPxCti94Fb8RbSgpidu1lQoX+hTrs+aL1Q+X0Hzbo6Pt0+LvmprrzfOjeflJUBmK1wbUyUh67A6p5znaDQ0HuX/RH9RQBIXY6HOy27Fz41wxNUT7u6/QLoW6wd9oVwL5Hu/tuXlCXfw/ew88dnKrJ4nJvJc4ln19aFUXV29OTTFl0mbWjFrTyppQpAvYlnmo9s5lByaMfmIsg/qP9E7/St0TI1QoBGtYmb1qFeh+6dJj7UzRXxa+RLGCbBptILDx18n+5eRTNiRrRFSN7TXCm6/vIXT6YX92NcJMyjTZCVmzgDCLkxm942HXD3TR6/nvpwnC7LvRvNVjx18PXAz+s99qr0OK4Seq85SD1FThujsT/2IsJgshBDkPwihF7qFIloxlj/Eo7aUw6YJUuXRTZuWNOUafycU/r+6LU2d3XAw0XzNyfEXsh7py32xl3cfWQ0bN1SUzUT0bAeVekL0jPoqpGxykPTLW5XED0uPejqzx21MWx2uDFBUEEdXbb7QXof1zRfqcy998UVlmXvpgy8Kt6YxqVH2vmpjr3XuDuL7yC28aPs+742IqZJcIevwM1g/POsF8qWDV6nlOI45/W2xLNwlSTDgnQZFiZYMSVmKGpCTk2OQvjb3hQdxkZwo3imJ5WKU5gRAYQ73/lHVn5EUqbazEsvRv8Dn7ZkMalETM0AQzZnLqjJqObWmLjFcuapS50sn1OY69f1oZX2FM3vKl9XStQ1kxe19/KxlIZp6GJFNJNG5mmNoihvNCttZk3gS1fKsJJ5IU1NMJ7w94frqCL2QbkUk6XIc2Rsf32X8OP0S23qPZ1thw6VTP3I5bxCjp/sXf1m+HnOQh2VcYF48D016D6O7bbUSvGJS+fpa04PAN424Fx/BubJO1M0lFGSRm/Xo7mDpOlzqDmR9L9zMrxB/WtXDOzF7uabmzoSZufLLZZZq3FLUdM3o7nHORDvSbVEQrWyVJGIUc4h4TLS211oenbHhMLuO6kd/MlOSufm3AZKuNBlMV/s0ji+PKFEnmr/wdHvWywJHr3agzewgqWIS893PfqwOffS1NP0DBQozyLuv4gujpAtkqNlBabxVGl/oyw+Xly8K6nvhan6WpBjVDPJB/DFuqm0G6FWHDZikq6kv5MfFF1//VEASCVf0z9Fa80V5+6oHvjDk3MsID1ybwY0DF4rt1OjeWS6kaD/30gdf6Feuz5YvSuV/Lfqqrb3WazGI/7j254v1L5K8IYj395VtFVmV1w/Pkw4b4YFfi5I5xQhbXJ0gc9uF4ucFxHHxLNTqrPyqXNr6oVIskJu2gJy439lbGGd1a8dbzDfQnd4FnGf5i7Z4283V60XQmoPhhF87iFmymoiEVJIzVJMrffS10SuLaFZtBR/NiCDmViIng99iRZym4nTxhSs/hRELiJydfPYlxQfPJWxx9YJr2/Yqn5NOxMz+bL6nUvB8zym86XqUnwKVfUg4PpnZm1VlGNGDd2cZETVzMBPWniI+NYGLx8P5aUZ/Fm7Vvi+2b/9MgG0w7wesYu/Fa6QkXmD/2rn8UJhQtcYroXSrE8K8oM2cTkzk4v7xTA02xmVaEC0K2/mqxw5+nnZaaQQpa1i6Sb2vlrz8yTBqxo8m8ONwIuNTSYyKYEvIGEYuOq+zbPWRpEtbJ+kz7wBvtwhhdpdwZZZCj7405BS7Dii1KSfhG6YtoEwJBQTZ5GSDMCv5+8PJqXY0tuvK4rPl6IaZI+X5Bppf3w/v+ucIX7CH+JSbZKblaq3DpcGYl3hzOBx4ZzyrIv8mOX4T0+Yc58EjBO3d8Bi7fowjG8i5NJfg3WrPazXDvmEcUeHK59w/yfKpISSqucTS7LXAZTrv9Y9i3SujWLP7KgnXLnLm8CoW/+cD/qfjaqIo6UrbxuVLuvLk8WrDhG/9ydw1jCEfhxNx6RKXj6xlR6LqHbthWwiwDWZyv+WEX7xO/PVI9m9axPiRa/V3j6se7UAb6MUOSoHXS1ZkRq1m9anbmotxPfS1NP0rmmSmR4SyLV250Nq+YDVX1HS4NN4qjS/05YfLyxdFNn/8nRXKmwEKzvP9gn38o+al9KnD+kjSVRKcX1mEI9/x1a/KCd2t/R8QfFp9HqAfjtaWLzjaGTebpgR9k/7M+MKQcy8JS/pNaktGxAymbowl6fZpQt+dwmFTU63nXvrgC33K9VnzRenyLL2vutpr7c7/49sxZ/il23h266iqVX398DzpsIQlL08fSrX4SQydtYfI+FRSLh9m87jgQtko6DS6HyLjE/773WniUxM4+M0gPjvtTfdpPsW89bT1g8EXyEVXekiShNTuILGEMEiSkCQFXT5U7h7UezOapaOPMt6nIU1d3Ri8tCujxxhG+QTZZNwGMxywM9QXDizpu/RnejeeS3eHhjS3VC2o9NFXqcEU1u8cgllYB1pb+zHhl1GM7QumOQpV/fND8Dd+jdYNHPDtsJWWI16kmnr7vtlCQJMpdGxgj7tzb764u5aRfg80nNuUfSG8UGcifZo35qXXIHB0B6pBcWiV89h/CF/dkOj5L+LWxJX2g2ax5nwLnN11UByTIaw4uYHeFgsY5eeEg3tvJv2US/2mqufBe5fQ4sbbdHdxoXX/CGq//ydrFtgUt3PmtjW4/d0F9wb2ePTcRaOBnqjvcZt6hvJ7xGjq/TGebq6NcfUP4uPQXFq2tKYyw4hOzPzlQ8zPDmfsd+nQ5CNCVtclcngjrJu40XFwNC/O6E8dhAFqzyEjHcxxwL5eeZb5ORQUnn8pC6rRgynbRmN+pBeONtZ41lUSuTY6rE3r/INPMH/4fmb5OdLS9xsKRr9HS0yKddyIHsxe8zr31rlj3dSNHhNsGTBM09HPC5tOre0tsbd3wL3NbKLf+JwuauFGpdmrEY4EhUWz7D/RfB3kiZuzH73eCOGoeVs8zCqXTjbsuYd9+/pQ488R9PH0pNXLP3Cn1Uq+XK4kHCPT/qw4uYG+5t8z3s8RN4/eDF+4j3wPd/QWuFQF7aA01As8wKLAP5jXoR42dvaM/Fl/fS1N/wDs3jzBvH4hDG9qjZP7W2zvPA1ftWlCabylDV/oww+Xly+KbH7qf76kb9OGOLq8xZF2gXionUGuEB3WxzyjwRTW732RGx/a09Degb5Tm9OrzyOLaD1wtLa4m5bNA6yo38jimfGFoedetXr9wa+L4OC7zjSzCWK9yzKC6uZilK/d3EsffFHRcjUkX2i1EVRKX3W1VwlLun/xJ4Odg3m/716dIlqeh/XD86TDpu3WszdiOFa7h9LNtTFu7d/ix5sNiuVu2m4jO9Z58c9X7XBr4sqw+bYMDg3nEz+0Xj/oZ+FZRVCQOld0o45G9rSqjqLMdL6Tzxu0nrJmfpZR+XA/Y4MYaauWtfyxTIonxAx7RNv+p0S5LOVoH9EIPzH3xP2qMTBlzFZbGe1Vhj4yiurJDmS+kPEc84UQ2eLQG3rIhlzF+KKstw3IfFFFfedzuH6QdVj/0GsW64rEvUM/kcBMZg43o6pCkM6J9aHsi7lFzoMMEvdPYukuLwYM1u/2YeKh79ly6DrpOblkxP/Igu/A4dPe2CKjKuvOupckrBq/x/m6i/hgwpPzhRrd2sGxhJ6MCvYpVzKWgnafM//NZEJerIOt2kXzlQZXt/LD9nPEpz8g5/YhVs3eiLFXED1Nqp69yjBAFIee7EDmCxnPM1/kE82OvdD+x3HlyoZc2fmiQJxk23d/cDrlDtkPkzn8xVT2E8grPWW++DfgeVg/yDr8LBypjApDvrghfpvkIlwb1hSmpqbCtlGAeCdU//v010IDhF9TK2FqairM67QSA2bulr8GyHi+cGGOGOjVUFiYmAiFub3o2GOZOHS7atqrDBkyX8iQYUhb2ikWdTQV9nWqCUX1OsK99VgRciRP5gsZsg7LOlziF2RJCCHk/SUZRbgZMZ8F/0st+ctM7RcZN7cvTvJQyZAhQ8a/G8kbWLgggiSjJwejGWc70mfWO3RrJA+VDBkyZMjrh8q7frhzR/Oib3mBLEOGDBkyZMiQIUOGDBky/pV4dIFsJA+JDBkyZMiQIUOGDBkyZMiQ8W9ZIF/7EJ9qyiurzCR/Fl7VvYg8NvKaJGFWz40erxfeb2tAiMwNTO5ig42pCc7e4dpfn6CHvsqo5EicSyepC8squWyjZ0g4W4aSXgnbls8hpjQsvMZOUjA4OFvWq2eAu+uNaSLNNNjdlFUZMufIeF58edG1oUVXhP4b8Txxzq2f62ImKftiK/vvZ6dPDaQqp0d57GK8jcSwkMofvGykN0E5SKo7IA2E3SMk2g04rfsfNlnA6TyBSJhDa7V7E0uasLlIyx+7qLwagawTgpTwNqSvm8Hqs4bt6/nPh7Jh/zDWpjzg6pk+j2diTZxLJymg+J61svT13zYRf5Jc9e6wSrADQTrHlw+gq5slZiYW2Dp0Y8S8w2Wb9Nb2ov9rvXCr++zG8+QkCWenzU+dMNXuMIaeE11RPHWh/wQdrgCZGNORxTcFeeIgk+vnygZSFScHlZlz9OCbZM6ROafMdrDfExupN98nacqvg9SY//utDJTzFF+enxdMX8mJKUdL/nsJS7z6BtHL1+TZCeT+SdaO8adVQ3PMTCxwcO/Nu+uTKqx6fXPOs/RN9YfeJlsI7oQa6f/uWRnP/Xy4qkDWbR1Rs11fXNnA3wmAp+HqSUkGM69udLCUx7zqI4dTM6zo/kV7Rny1jS+61CT32ikivo/mKh10v07Fsj9T1vav9L1u0juYFb1l6cuQIXOOjKqM8vpyCUs6fbCOTs+o/fmc5JsAXz6NG8lHq7+na+O7JJz/H7/9nQ7yhWYyZMh4Ap76BVmQzvGQgXR1r45CocDOZRBTw9LKtkTITOZmUiaGCga4eWQWw9o3wNLUFCsbf4bNPWWQ0E6BGQryyKmg3QtD3NqWumcmQ7t64GBRHTNjG9y6jGP1uXzVC9c+xFfqyugfJxLQyhYLCwt8Wq/ilFqnC8RJ1o6wx8GkOvUa92bsNxPpKPmpwusKy/hKbYP20GTlV8dsNd0KaGWLjamJMoyw/yoOpz2if8HtaWUtUcPEjYDPlzPKTjOkRBScZ+0Yf9xsjDEztsGj02TWq/dFh0VsZkoyyQZQUJG6nKnzjen+ZThf/7cjrVy88XtxFJP+93+8UPjOrRAJB2kxJ4rGl/MsdpN4cZ5aSNp+TywLw5pqSN0eC7EuVa5AHj/witSQERu3M32QEzamJtSw8GH0/4RWZRwaq6zfdynExr2CVWF7WqntZF9dUhRGVnlDrLVBAUrdam9ft9ivBE1XffUvChXqO28dY7s2wqZOHZo2GkVIlPY6/MRwox0tsVO7S1Qbud7cN4bebhJmxja067aKRYMlXDvs1bsvv3lkFsP8HLA0NaVunVb0e+UXotVs6NKvQ+jqZolCocDGvTfT1t/QtLL4HxjbrTaWpqa4uIwj9KJXleQcfchV5hyZcwzFOVoheQOTBnnjZl0LMxMLnFwGPWavT/PlInUx3SWJatXHEU4cS9or36st9ebbjCIfmsSqTqqw4ieFWOtDN0pD1q9D+fRgVyb9tZoxfVvg6tWeXsOWEvyBh5q/V4aBdxgbzqbJHrjVMUZR24YO005r7ZsyLi5lZHsrLE1NsWzko8EXWmtF8kamD3LC2tIEsxoOvNRnnU59rSzQi1xT1ij5wsQCF5dxfDe7o8aRnNLmTdrYfKl+RU8yKdafQn60dejGG8ExKn5K28nCYe7K8arhQKcn+KYDSzoW+6Y+C4+SXv2ROqqQb7pz+3emB9TH0tT0sXlTlVggXw2uR7+3JF5eGMmFaxcJmysIH9yHxY91RIG1jSsNzUsua/f/2dLMbmi5wikVllDP+/Egn9yot+ntv43qgb8ScekyEWH9yf2+E699ofvUXFh1o27Hp22hm4E5GN83pFhykLKAGk+ZqijqYWNqj6m57qVnZGTQOOgr1h+JJT4hnIWtNzHH8x12qUX95Bv9xaFVbVh8JIn0xG9plfI2U5ckF7cvYqwv727pwKy98Zz4cyjSt18SrUPEviCblFQH+s/Yyr6L14k5vpie6W/zVoAqbPfuH70YOC4Hn2XnORe/mqAzE1ifZKpGaEmEDWjB7APdmBeeQHxCOB+33MCHnh9wKFdHuV6bQ9dGtvQeWp6QpSfbwb3dUzlHPwYGlvPTTOezpAtlKKPPE0IZtZGrcuxT2TklmLw3DhKTeZcbp+YwsHG+VmV0DBYIITgxEZwcfyFNKP8fucWnuHznycrfnZte2nCVXYfLKxPtkERm3n+YunofpxOvERHWn5y1HRmuvmkhwbGlR+iz7m+Sbkcyr00Inw/UXof1Ya8idTHDAlbysNNuTsfvY+GrywneXlZfXjJyzwbR1f87/um1nL0Xr3Py1GIGVLtO0ZQ691gggwadod57e7h4+QwbJiSxLqgv848U+hRO8mm/ERzIXEr45Sts+zqbn5ZGklcFOUcfcpU5R+YcQ3GOdkL5G+E1g+Adp4j5+wzr5wq2B/XRCJV+mi+XGkxhjxDkPVxBHxyZfET57h3xO6MtiiaYtrx1UJAvYlnWKddAulG6bh/fcBVFzUEMdi797YuhMwmt+z3hqdlkxG3ng+61tPJNBQ82MM5vEtF2K9lz+TJHQv1J+aKzJl+Utimbu5VxPkM4UGchv0Zc5cKx5fhmvc5b3fc+ttFckm/S60Zgqb7JcDafz0kWdx3Jvuz5bD57lt9WSmz89rAGX5Tf5kv3K7rI5OnrKSv6jLpJi+m7uZCQyJ7NQ7FLiSWncHNm1dCefBU1iOVH44g5MRfPBGU7izZYbm3pyLAp+XT66irn4lcz+Mz7Vdc3SXB8SQg1xu8j8lQYrzTSnDdVGpR0YfJDsVOMq48I/DFL4xLptT0Qfu/G6XwB87ZARC0CxDfp+r3YuUCkiW2BCO8eh0WW2u+vLEY4skpoXHGdMEd0oJ34/Ep5LtKOFSs7Ilp32S5isw1zWXVW8hox0hbReVpS2QvRoa95D1eIPrQQk48U/iJxmvDBRfV/IcSuNxHuzfYo3xdbxSgQr36uGvHMHW1Ffdqr6kucJtrQRXypJoCDkxBOjr9oyEkdD3a0Ek0ZK/4olOvaHggP/z3F7+ffXSy6gRi0ovA3l0Y9Vkee2CCCqCv+u1XH8UqcJloZI7z7n9K7PM99iLAp7FeRbipAGGEtRqxX/i51NcKeReJ4sZ5Fi0WuiO6fJj1Rth3pLL6+oqNchRAPxRoxCETnd2O1avuTyhBCiBMTlbJMe1q/pyOcLNY99Z1njTxxUEyur6ZTpeDERIRb3e0iq8hHWmva6Z0wZ2HHJLFfSx0uKmPo6gJVJb+3ELZq+lKaTC6vQNgW1qmuO8399+jNlxeINLGpH8LFoSSZZ4tdb2rKO1/EimU+ajYVFSic8VPzSdni4GhEY2aI/VWMcwwhV5lzZM7RG/5qKSxA8MiPMfYltjNfRItFbRA95qTp5MuVsnR8jCMe1eFlnbTTL111o3T7uSFWdkQ4eW0XWaL0NjpZrNOcN2rpm+6EGglrRootOZp80YRF4pyWnJO6GuH8yPsiKlC4MlT8nFv5+PNOqFGx/9a7XKMChcdT+ELnedMTbF4bv6IPmeSJrWJUzZLbVZA6V/jTTIzfrfpd7l9dRVMCxHc3VLqm7psKbi6qkr6piBvVOf1OqFHxvOlZIjMzU+OnxO1X41tHuXALNr5hXhxiYyzZ8fouuBujeybCvhs0dxb1FwYZy9HjcGZXB8wlVThQsylwn3hu6P2TuyOvL/sQk5N9cTJT8NJc/e15CNJZ95KEuc0IduXP4NOPbQzzrSD+ByYOdsHBojpSYYjUH9wj9756P21p3ERtL8gKcvPTyQaMbkVxgWY0eUH1taG2ezea6JigJXXPTIa1b4CFmVJmJgGR3CWDrMJQmYtXwO4Ft+KQv4KanrhZq33FOb+faP7iPTuV3KtJQwjlHmmJOmbIK0w0o/4lVL96o9rpdX77KicvfUYvUipcrsrNOwXNuzmWq4x/A9QTqxXpqO9SeJCfoRHuauWiUspaCgWCHLK11GF9yDXxBJg5+uNbrGtOuHrp15cXcJ6j0dB4lD+WT3yexMVYqPOyW/FzIxxx9YS7+y+QDtyNPcU93GnmrNphbu5bFTlHP3KVOUfmHENyTnXa896+aCIjI4mMjOT0/lF4oRZuqZ60SpIwllrw/klTHqRV7Hec8uqGvmHTq9Vjp5K18U2J5wswoxUt1AJJmndy5iEXuKJl3VEH4Srv01JtLit5beQaKdz8p2rxZ3nlejf2FLefwhf6sHlt/Io+ZGJ0K4oL95rh3f3J/lU6v4skWtCmtZr9unfFjqucuwCCOM7EQj0135TfwKvK+iaARk72qnmTpXvxvKkywejpgSnNisNm1H+id/pXtpks3T9NeqydKeJTfPVcVQFxrJ2wgHu+24nNzmHnbP1lNJGw5LWdgqzkNXSqPo9PPtb/lQhFYY77Uz8iLCYLIQT5D0LoVREn3LLURJa6mKG9VnD75S2cTi+U2b5OmIFORmLFWP4Qj+poDpsmSJVGPZu2MOIB8aRkFHlgJ1xd7FE8M7nWxqRGJdONSoh7v7bl5Ql38P3sPPHZqtDyxwKJ9HxbwUOput5lUll8uREKNCKuzKyqJueUU64y58icY2gYY4Gbiwfe3t54e3vTqmkTFIhiSzs0xZdJm1oxa08qaaIwDNqnYjP6V4RuGGGFtR3kxcZrdR7YuKHimfpQJ8dfyHqkjvtiL+9WoVxilWUuoS+brwwyURRAtZqP/C6/avomgOo1Kr8el7hAFvX9aGV9hTN79EOYhkqYYoQT3p5wfXVEqfHrwlxCQRa5WeVZIMdy9DS0ebsPjiWtcB4mlauvZtZDGOkPiQculN0xlNBXo7vHORPtSLdFQbSyVU7YjGIOEY/21y8U1PfCzfwK8adVPbwTs5drauokzMwxJVut/hxS1NhJOvUjl/MGMXq6f/E4Xo85yMNiuXrg2gxuHLhQPI5G985yQe2jay2PzthwmF1H9aKhpKSkcPO2/o2sZo+PacZ+dvxWskYoFEY8ILm4rwUkkZCggx3oQa46l5FmeLIr8hsGpB0UNSAn5/G+XDp4lVqO45jT3xZLlF/bEmJ18U2l67CEGQpzuPePqv6MpEidZNLcFx7ERaolKonlYpR+fbkRHvi1KNnPGmGLqxNkbrtQ/LyAOC6ehVqdlV+Vazm1pibxJKr5gcQTaVWQc8ovV5lzZM4xJOdopVN/gc/bMxnUoiZmgCCaM5fLXmZZooz0oRva+PjOgc7k3Avj9zLe0a2Nb2rqYUQ2kUTnanKIKW4005Jzmr8AWXF7HzszWjaBpJOSkkKGAT/LKcxsKSD7Mb+jD7nWcmpNXWK4clVlL5dO6DZvKs3mtfEr+pBJQX0v3GqWrD/Cowe2RHPylJpLj9nHDZxp6abyTbdPqP5eyrvChVvPn2+qEgtkI3rw7iwjomYOZsLaU8SnJnDxeDg/zejPwq26V6SPhClPgoQlL38yjJrxown8OJzI+FQSoyLYEjKGkYvOa+5q1ffDu/45whfsIT7lJplpZdH4bMiC/Kfsfpycakdju64sLvO9lQqEOXC/7J6tpL6KWs2wbxhHVHic0qncP8nyqSEk6pDsxJiXeHM4HHhnPKsi/yY5fhPT5hznwSOE4t3wGLt+VNaTc2kuwbvVXvDoS0NOseuAso85Cd8wbQHFCRgkLOk3qS0ZETOYujGWpNunCX13CodN1ZISuEznvf5RrHtlFGt2XyXh2kXOHF7F4v98wP90jRK7NofejWzoNcoA9wrWH8/nk9LY8UYfPvjpFBcvXuTkhg1cMFIpUa02I7BhD//bJ4Ac4jZMY3OB9l+c9CFXXcpo2gLuZPzOpvj75dpwevok7jzLX7TF225ucdZK/TtAJ/zaQcyS1UQkpJKcoVpkNG0BOXG/s7fwnMatHW8xP1w331SaDhvhQRdfuPJTGLGAyNnJZ1+q7EAbmTR6ZRHNqq3goxkRxNxK5GTwW6yI068vl7Dk5elDqRY/iaGz9hAZn0rK5cNsHhdcKBsFnUb3Q2R8wn+/O018agIHvxnEZ6e96T5NGaaV7zmFVz128PO008pFdMoalm5S9bUqcU555Spzjsw5BuWcUnXYFlcvuLZtr1I/SSdiZn8239N9YSqqNcPeOo7oH0+TnJur0yaNPnRDG9QY8DNTWu9jXpdRrNgbzYUrR/hj86dMXnheS54o3TfVeCWUbnVCmBe0mdOJiVzcP56pwca4TAuihZacYzdsCwG2wUzut5zwi9eJvx7J/k2LGD9yre531h7tjJtNU4K+MVzIfPXWr9GQ7YSGxHEzKbN4Ma4PueZ7TuFN16P8FKgcp4Tjk5m9WdOHljpvKsXmtfEr+pCJMf1492M4OzNIqT8pN0k88QvL5u0kHRD1gxjZ4Qph78xU1hGzlonv7KOmwyj62ip9U/8xvtze+imrrijtNfKjcezl+fNNVWKBDOA89h/CVzckev6LuDVxpf2gWaw53wJn98rVCVPPUH6PGE29P8bTzbUxrv5BfByaS8uWmofCqtGDKdtGY36kF4421njWXaZ2RYkueyvVnhIem0NGOpjjgH298vUrD8r8RaCkvhrRg3lh06m1vSX29g64t5lN9Buf00Wn0BcF/sEnmD98P7P8HGnp+w0Fo9+jJSbF5yOM6MHsNa9zb5071k3d6DHBlgHD1Ipo8hEhq+sSObwR1k3c6Dg4mhdn9KcOqnjVWr3+4NdFcPBdZ5rZBLHeZRlBdXMxylcU1uFIUFg0y/4TzddBnrg5+9HrjRCOmrfFw6zy6KeEJf5LbrBtuQUnFryIt7c3ARNv4jV9KzOGFhKKyyK+WCIIH1AHa+dufHB8DINcH+pgyOWXqy5l1B15gFn99/CRW00UNVTXPOXxA4MLz7+0nA+xGa9hJUmYSG5M2KPjxItsMm6DGQ7YGVA2fZf+TO/Gc+nu0JDmlqoFVb03o1k6+ijjfRrS1NWNwUu7MnqMbuWXpsMSlvSdH4K/8Wu0buCAb4ettBzxYvEF9drIRGowhfU7h2AW1oHW1n5M+GUUY/uCaY5Cr77ctN169kYMx2r3ULq5Nsat/Vv8eLMBVsXPN7JjnRf/fNUOtyauDJtvy+DQcD7xK5oktGHmtjW4/d0F9wb2ePTcRaOBnsV9rUqcU165ypwjc86z5qS+32whoMkUOjawx925N1/cXctIvwdquqCdL69GD95f8yrSgXY4KhQ0VLvmieMvYCNJGEtOTDgI+z+zRZIkGkij+FVvuqEFt0ltmLL/BItevsCqoW3x8QhgzKwIHjbT/sx9ab7JyGQIwXuX0OLG23R3caF1/whqv/8naxbYaM05Rqb9WXFyA33Nv2e8nyNuHr0ZvnAf+R7uWOnY57tp2TzAivqNLAymR6LJB3yzwooTE5thbWdB18Ksx/qQqzFtmLIvhBfqTKRP88a89BoEju6gcRVdqfOmUm1eC7+iJ5m0mJzG9tV1lPpj35T2/wkm0sQORaFfGfXbn7zn8gPj/Rxx953N2YbL+O7k4OLz8DUH/sm6xams6FEfxybtee/2JHo3zlWbvz0fvqlSQcjQCRlHXxOt8RJzo0rKVndCzLBHtO1/SmSVo55zHyoz0+5KqyIDUwGZFsucke95w6VRwpde4rsbz3c3C1Lnim7U0cgcWtVRETpclI3Xd/J52WE/B3KVOUfmHBkydEO2OPTG4xm0qzqeeDtNFfQrMiontM5iLePRnfWNBBlLWPc5ieVr8xjlWcJO5a0dHEvoyahgH8qzaeMx9WeGdF7P6zYSzt7hlS67G1e38sP2c8SnPyDn9iFWzd6IsVcQPfV4dKhAnGTbd39wOuUO2Q+TOfzFVPYTyCs9/506mJuRTvKtC+z6bjU3cMfV9vnu771DP5HATGYOr7rbnxWhw4J0TqwPZV/MLXIeZJC4fxJLd3kxYLA7MqquXGXOkTlHhoyyIJ9oduyF9j+O0wjvrmpIPPQ9Ww5dJz0nl4z4H1nwHTh82hvbKuZXZMhfkGX8m3Bhjhjo1VBYmJgIhbm96NhjmTh0W79V5IudYlFHU2Ffp5pQVK8j3FuPFSFH8v6Vw/1QbBDDjJR3WdavGSDe//2+rINVABWhw/nihvhtkotwbVhTmJqaCttGAeKd0Bvy4FdxucqQOUeGjH8zroUGCL+mVsLU1FSY12klBszcrf+vxxXgV2RUzS/IkhBCyNsEMmTIkPHvxM2I+Sz4X2qJz41qv8i4uX1xkodKhgwZMmTIAJSJRMPGLedQddMS33Htt4TR3YzlwaoCuHPnjsb/5QWyDBkyZMiQIUOGDBkyZMiQF8iAfAZZhgwZMmTIkCFDhgwZMmTIqIgF8tUlEmYmFjg7DGPJsQID15bDueXdaeVQg9qSD59oeSdkPoeY0lB5nYEkKRgcnC1rhowqBVmHKwfurjemiTTTYPc2GwzXPsRX6spXSYarQpDOupckFLVt8PNczO50w3apgPOsHWGPg0V1bKVx/KnDWPhUU9qSmeTPwquyXst4HNEzJJwtQylRjY+/gHPhdUYy58iQOafiOafyrVEg8+j/EeBTB0tTU16aqz0Jbh9SZGsSrh32yopfGRbI+XnB9JWcmHK0FEfpIDHy58efOU8WZGWd5mOvn1n5fzsMmhkzjw18/M5e7N66wk1xmllPyPq5e4REuwGal18b05HFNwV54iCT6+fKWqGFXPWJJ8mkgPMs9pXwfDXisXedpNUkyeMl6/BzhifJ1RCTKRdpObGGrCRxLp2kgOK7PYsgYclrOwVp17/E4/b7LFxm2BWy0bGpTP/BhpG7M0kSK+iprb02WcDpPIFImENrCmTFLEWuFeFD8/OC6SNJvLbykXcbSLR/L/6ZDEftDmPoOdG15Pup6wcy8JXONJI5R4bMOYblnHL0tSLXKAUksen970nJX09MRi47Z1tq3c6+GwRCCHa9KettpVkg6wNSNUf8OsHDqBSDLmyMb10nU7Sk3cu2yPdiy5AhQ0blg1mdl+jqARkXkg1az8OkKPLxoW0bc3nQZegdTXoHs2J265LnGg7jWLRpOL7yUMmQUalRUWsUQRIJf0P9wf7YyIuUqrtAFqmL6S5JVKs+jnDiWNJe+Wm/ttSbbzN0r8jUDPJrGj4EJwfJIOUWcJ61Y/xpb18XS1NTrGz8CZp+WM2Yctg+RKJpzxUsG9oce5va1KvXjffWpWmUc3PfGHq7SZgZ29Cu2yoWDVaFS+Sxi/E2EsNC1PKm7WiJnXp4YPIGJg3yxs26FmYmFji5DGLa+huajU1Zw9hutbE0scDFZRzfze6oEYIjSOd4yEC6uldHoVBg5zKIqWFpZRvvzGRuJmU+kzszi/oR0MoWG1MTzOq50aP/Kg6nacqkxUuqr9DibjB9pZYaERGZp79gZHsrLE1NMavhgK/fDMLVhjR1z0yGdvXAwaI6ZsY2uHUZx+pz+VXO2GUdfoL+Jm9k+kBPpWxrONC6h6bsMy4uLdYNy0Y+j4wX5MT/oGynqSkuLuMIvej1WB03j8xiWPsGxWM+bO4p0iuprWUe/5xBrWpgZmKBT+tVnMrR1tYqH3JQYITCMJulpehwkR30nbeOsV0bYVOnDk0bjSIkSs0exUllCLhJdeo17s3YbybSUfJThXQ/IQTx0GQJZ6fNxTqgjW96mr0CiAKlX3CzMcbM2AaPTpNZX0b/lpmSTEp6bqXzb+LWJ3SSujw5nPPah/hKAcp5jRa+6eoSVajjE0Osj/XFsfB5gyeEWOvLD8ucI3POv5dzctg9QnNuxyM6peuX8YpZoyg7V73ms5sPl8fWtJlTl27zpdtapV8gSw2msEcI8h6uoA+OTD6i/Lx/R/zOaItH31ZgbeNKw6dt1JuB0T0D7wJlZwFmmD6lHQpLqOetKEPpSWTm/Yepq/dxOvEaEWH9yVnbkeHzNL+CpOwM5frwSBKSU9n7SSRhr89iV65q02FYwEoedtrN6fh9LHx1OcHbdWxGxt8IrxkE7zhFzN9nWD9XsD2oT7Fy5nOSxV1Hsi97PpvPnuW3lRIbvz1MnjrBB9ej31sSLy+M5MK1i4TNFYQP7sPiKN3luvv/bGlmN7RcYXdllYkgm5RUB/rP2Mq+i9eJOb6Ynulv81bAZq3JIJ+TLBo8mQsN17Ln2nUSTm9m3mjNa+gzMjJoHPQV64/EEp8QzsLWm5jj+U6xXHWyAz1A1mFddPgpk7cHGxjXZgi/pvyX5UfjiL+4mQX9bnMtUe253ySi7Vay5/JljoT6k/JF5+Lxyuckn/YbwYHMpYRfvsK2r7P5aWmkRjtzo96mt/82qgf+SsSly0SE9Sf3+0689kW6znLVh60Jq27U7WhZgi0cY93HqQStOcPpA+9hc+1tpi5J1t3WFPWwMbUv0Q9LmKEwAyk7x7CGkh3H069oKIe9lqLDhR3l2NIj9Fn3N0m3I5nXJoTPBxaNVw4RY315d0sHZu2N58SfQ5G+/ZJoHYO6SvNNpdlrAUmEDWjB7APdmBeeQHxCOB+33MCHnh9wKFc3ueZziE+8bGlntYzosnu3cvjQkv1bfn0/vOrvJ/LQ4xpx99QvZNCdjhbaydV5snIudG56Cc1ot504IRDHOlHbQH5Y5hyZc/7dnKPA6yUrsnadfszX5BPN0aPg1K+VbjpcAWsUgJz7YJyneGbzYYPbWik2r42tVRqUdnFy3sMVog+OYvKR8l3AnHO0n3Cmi5j3132DXPBcINLE8SXWohEjxZacspWRJw6KyfURg1ZkafX+iYkIt7rbhfLtbLEtEOHk+ItIK2pT6lzRnbZi0Rnl/y+vQNgySewvfJ4vosUiV0Rz/z1CCCEeip1inDVi6OoCVSW/txC2jBV/lNCGfBEtFrVB9JhTWGtUoPDAT3x+peiNbHFwNKIxM8T+ojrqIwJ/zFIr44ZY2wPh926czmO2LRBRiwDxTbp+5VnUL3j8x5FVJV4W/2BHK9G0eLyUMvHocVilJ3dWiD60KNbnPLFBBKG9zFU20aLcNmEIyDqsvQ5fX46wYazYWYK/uBNqJKwf8ScnJiKasEicK2yn81PaWSDSxLZAhHePw0JdGlcWP12HK9rWhBBCJE4TPjQW725V9WXXmwj3ZntK/BNNW9MN5z5EWFefLHbfeGgYQ7gbLVYOQLg4qHRZZyTMER1opybf0v1VkQ4X2UHnaUkqfQpzFnaFtpMntopRIF79XKUZmTvaivq0V9WXOE20oYv4Uk1RDk5S2meWlr6pNHsVl0Y9VofSJ9YV/91aBt/TQM0+9OnXHq4QvXkyHzzN5ov8232RLjb1Q3Qccl7pYla9LEZ/HVv8jqfP4SeO6WO+SV2HpyOcLNaVrF/HOgknRoowA/hhmXNkzvnXc86lUaItQ8XPuUIUZPwsZg78TOxKU87x+vKC+PqKbs0x9BpFiGyRfGy48MGlXHPHXW+q+e9S8KT5cHlsTZs5dak2X4qtPUtkZmZq/FTYNU/V233DgsC/+KRLDRroklFUG5wdgpNkhd9kBf4rP6G/qYHCF5YPoKubJRZmyvAp36XwID8D9e8gCicbivfKFHVRkEVKYdRG4gkwc/QvPpNkhBOuXjo25P5J1o7xp1VDc8wkCWOpBe+fNOVBmnKP6G7sKW7jTjNn1Q5zc7VDUMa3jnLhFmx8w7w4TMxYsuP1XXA3RvczgX03lBRVoB8067iOyMjI4p+VAzSfp+6ZybD2DYplYhIQyV0yyNI6hOIlRk+Ev8a50+7lkbw7byU7ojW3EXPif2DiYBccLKojFR47+IN75N6vWuFusg5r4uJJMHfsRscS/EXi+QLMaEULtefNOznzkAtcKWznvae0s4BYjh6HM7s6YC6pwjKbTYH7xHOjktmaEU44tFH1RWEFufnpGuG85bE1dbh/tIVBbkt40a46zt7heg3hu7pEwqxWC97dEsA7vw7G0hCDVYoOF8HKxbr437UUCgQ5ZANGt6K4QDOavKAKAK/t3o0mOiYFK803lWavd8/vJ5q/eM9OpZ/VpCGEco+0RKFTW4qSNiWKKbQwkA/r/dH5Yi44FbOOkbba+bdcLGjXE1J3RHKLw/z41Tb2vPM7USRy9CQ0DWylDMXXUq7P2g/LnCNzzr+dc/Jd+tGSQxw+CPfCg1j9xzes2yV4cOEXLtAGL+fKs0bJYyNBxmbYtNuI1DuYGX6GGU9tONrQtlaazZdma5UJFbZAfnhsDB9u7MKsv+6T+ISMouWC5wbictI4uiSHiLdnsdUAR6Du/dqWlyfcwfez88RnK0OsTkysgHGTqqtPhzg0xZdJm1oxa08qaUKQL2JZ5qNbh3NoVhwyr/4TvdO/0imowtoBb2/v4h97NUctUhcztNcKbr+8hdPphf3Y1wkzKHHCLaRsjXPqEpZ0/EIQd3klEwdYcmfvNF5t6cv4fUIjpGl/6keExWQhhCD/QQi9yKGqQdZhQzhQBRrRjWZWj7IF3T9NeqydKeLTKpW8pyy29jTEzBlA2IXJ7L7xkKtn+uj1nLDzZEH23Wi+6rGDrwduRv+5srXXYYXQc9VqMx19+SYrxvKHeNSWctg0Qap0emhp517MBV5uTbF8qL1/a9wxEOPMCCJj93HWbDr92v/KgX+iOHrQDd9eZnrzTZXVD8ucI3PO88Q5Em3o2uM60Sfj2P+nJX0md+Ha/45w+eA+qnl107mvhlyjVCOQ0PxsUvYFIn4fy7yjlZ+jta73kTn18+TftF4gl/drWWrMb+QzmMDO5iVMhnLKl+DD1BLfV96kKee5dL3MyzEUNSAn5/EJxqWDV6nlOI45/W2xLNwlSdAxb31zX3gQF8kJtd2+i2rnVyTMUJjDvX9U9WckRWruDv4FPm/PZFCLmpgBgmjOXFaVUcupNXWJ4cpV1bheOqGmzPX9aGV9hTN79JNB9lkm6ZJO/cjlvEGMnu6PY+GRjesxB3moLk8zyLuvGk+jpAtkPEHt6zR7kSGjlrB6zwE+87lI1PcXlO/fPc6ZaEe6LQqila2SdI1iDhGPSbnGy4BbCrIOawnXNpAVt/fxs5aFaOphRDaRROdqjqEpbjQrbGdN4klUyz6ReCJNzbk64e0J11dH6GWRVrltTbep5sXz0KT3MLrbVithtpJUvr7W9CDwTSPuxUdwrqzEby6hIIvcRz6Ra6PDpaGgvhdu5leIP63q4Z2YvVxT803CzBxTstXqzyFFTde08U2l2Wstj87YcJhdepqwZaYkc/PvZ5OkqzT/lu85EHeOs/37vxD9xvPG4FP8seAPovHDr7l+5KqPdup9O0fmHJlznkPOMcIWrzZw5kQwW/e9QsDUgTQ6tImQo9DoVR+dN10NvkZBQb0ub9O1/mUuHyjniN7Pfkwm+uDo0mxNmzl1aTZfmq1VqQWyqNYMe+s4on88TXJubtkNJRsKnpK5LT8vhGE2tnTsurvsOxlm5qAxodB1MJzwawcxS1YTkZBKcobKMTRtATlxv7O3MEbl1o63mB+uW/mNXllEs2or+GhGBDG3EjkZ/BYr4tTr96CLL1z5KYxYQOTs5LMvKT68LmGLqxdc27ZX+Zx0Imb2Z/M9E7VJwBTedD3KT4HKPiQcn8zszaoyjOjBu7OMiJo5mAlrTxGfmsDF4+H8NKM/C7fqPmb6SOJQZnj0pSGn2FXobHISvmHaAjQO+zd/AdIjQtmWrkxIs33Baq6oqX0Bu1gx8lvCTl8nJSWFS0c38et5Yxp0clDqVK1m2DeMIyo8TqkL90+yfGoIiWUIvijgPMtftMXbbq7BsvXJOqx9X2zf/pkA22DeD1jF3ovXSEm8wP61c/mhMEFjjVdC6VYnhHlBmzmdmMjF/eOZGmyMy7QgWhS281WPHfw87bRyMpKyhqWb1PtqycufDKNm/GgCPw4nMj6VxKgItoSMYeSi88+drWntp8kmJxuEWcmJSE5OtaOxXVcWny1Hm80cy3WnQX59P7zrnyN8wR7iU26SmZartQ6XBmNe4s3hcOCd8ayK/Jvk+E1Mm3OcB2hOyr0bHmPXj0rfk3NpLsFq9KiNbyrNXgtcpvNe/yjWvTKKNbuvknDtImcOr2Lxfz7gfzrOsIuSdLVtXJ4kXWVHaf5NwpeuPif5eWEWnV+2oWWPXiR/9wP3LLrTxlQ/ctVHO/UJmXNkznmeOcelZ1cUu1Zy0vJletVsS8+WX/LTVlfc/Gwq5RoFQFED8quVPQLR6yUrMqNWs/rUbc3NCz1wdGm2ps2cujSbL83WqtQCuRo9eH/Nq0gH2uGoUNCwjNc85WaD8b2S93SM0m+TLkEdT5vyKR9lj2mTsKTv0p/p3Xgu3R0a0txS5RjqvRnN0tFHGe/TkKaubgxe2pXRY3Qsv8EU1u8cgllYB1pb+zHhl1GM7QumOQpV/fND8Dd+jdYNHPDtsJWWI16kmnr7vtlCQJMpdGxgj7tzb764u5aRfg/UJl5tmLIvhBfqTKRP88a89BoEju5ANSjeFXMe+w/hqxsSPf9F3Jq40n7QLNacb4GzO1ULTT4iZHVdIoc3wrqJGx0HR/PijP7UUdMBuzdPMK9fCMObWuPk/hbbO0/DV90UhSWm97/lk8Gu2Nvb02HgTqwn7WfZWLNiYpwXNp1a21tib++Ae5vZRL/xOV3KEGItyCbjNpjhgJ2hdl1lHdbe+ZkMYcXJDfS2WMAoPycc3Hsz6adc6jdVPQ/eu4QWN96mu4sLrftHUPv9P1mzwKa4nTO3rcHt7y64N7DHo+cuGg30RP2bqKlnKL9HjKbeH+Pp5toYV/8gPg7NpWVL6+fO1vSHHDLSwRwH7OuVhwtyKCg881sWVKMHU7aNxvxILxxtrPGsq1z4aaPD2rTOP/gE84fvZ5afIy19v6Fg9Hu0xKRYx43owew1r3NvnTvWTd3oMcGWAcPUybt031SavRrhSFBYNMv+E83XQZ64OfvR640Qjpq3xaOK3dNZmn8zwpF2ncGE9nT2hHzPYfhI2dR/wx9LLeWaxw8MLjzX2XI+xGa8hpUkYSK5MWEPFBDH8hcKz362O0gsIQySJCRJQZcPk/Xmh2XOkTlH5hyo7vMKPnfu0DioG+bY0HkAVHvoQ4dOlXWNotTZh+XIll0v8ACLAv9gXod62NjZM/Jn/XF0abamzZy6NJvXxtYqDSoiM1jBw1ixtj+iudf2ErNv3glzFtYEiO9ulL2eh2KNGCQh+nx6Q2SJyo8CkSbW9kD4Tj5v0HrKmsFQhp7lnTpXdKOORibMKt8nWYdl6Ij7GRvESNsnZwZWZsU9IWbYI9r2P1U+P360j2iEn5h74n7VGJioQOFamJW1qturDJlzZM6RUWV0qoLWKPnihljZEeHtuV0kZcm2VtlsrcKzWF9dImFu7sPHUUN5+7uAEmP7j/12lSb9P+V127LXVY0hTF3ux41VzWgo+fDJ2Uq2GUE6J9aHsi/mFjkPMkjcP4mlu7wYMFi/n24TD33PlkPXSc/JJSP+RxZ8Bw6f9sYWGc8S9w79RAIzmTncrMr2QdZhGeXRnXUvSVg1fo/zdRfxwYQn55c2urWDYwk9GRXsU64d5YJ2nzP/zWRCXqyDrb5vTtALOW7lh+3niE9/QM7tQ6yavRFjryB6mlQ9e5Uhc47MOTKqIipyjWKELa8u+i/WxsNwtzDlpbnpsq1VZluT944qDvnihvhtkotwbVhTmJqaCttGAeKdUP3vmVwLDRB+Ta2EqampMK/TSgyYuVveBZUh67AMGZUJF+aIgV4NhYWJiVCY24uOPZaJQ7erpr3KkCFzjgwZsq1VZVt79AuyJIQQ8h6SDBkynhfcjJjPgv+llryLW/tFxs3ti5M8VDJkyJAhQ+YcGTL+9bhz547G/+UFsgwZMmTIkCFDhgwZMmTIkBfIgJE8JDJkyJAhQ4YMGTJkyJAhQ4a8QC5EDr/0l/B8NUIeCuDWz3UxK7zKwlaaabD7E2WUjHwOMaWBxODg7Crbh+gZEs6WoRgiDcXVJRJmJhY4OwxjybECg/cl8+j/EeBTB0tT3RJrbB9SeOWLJOHaYa+s2P9iHb673pgmT/Knx1/AWRrFr5V0DGQdrgRInEtHyY+FV6tYu699iK/Ula+StHi3jHZQlPxPUdsGP8/F7DZw3qMCzrN2hD0OFtV1Sv6XzyGmNCyyJUWV5nYZ/+J56b9Ih430NmgOkuo+LgNh9wiJdgNOP+asFvs+vrjdPULCSVpNUhUVzJP6qm/cXW+Mi7Sc2Ed+X3/obbKF4E6okcb9ejKqBkqSq94dZSk2X7vDGHpOdEVhADtwnizIyjrNx14/s/L/dmBIN11AEpve/56U/PXEZOSyc7al1u3su0EghGDXm7JeVhb/dnKShIO0mOhH3rWWglhvAB0uFfUDGfhKZxpVQn6VdVi2tQrjnDLagYQlr+0UpF3/Eo/b77NwmWFXyEbHpjL9BxtG7s4kSaygp5btNKYji28K8sRBJtfPlRWzEvi3/Lxg+kgSr618pD0NJNq/F185ByxxLp2kgOK7xitSJv82HZbXPzJkyDAImvQOZkVvw5UvVXPErxM83JpCEhgsAYogiYS/of4If2zMZLnKOqxnOIxj0SZ5rGX8y1FOOzCr8xJdPeDrC8mApcGa+TApinz60baNuSwzGTKeYxg9fWKYzvGQgXR1r45CocDOZRBTw9LKVFFOZjI3kzJ5Vh/kRcF51o7xx83GGDNjGzw6TWb9uXyNd7KyIlg0sBE2piY0th7E/D9vazzP4wdekRoyYuN2pg9ywsbUhBoWPoz+nyh1vO6uN8ZemsmJJ7Tt1gYJR2m5xheNyo7UPTMZ2tUDB4vqmBnb4NZlHKvVx7MwtGr0jxMJaGWLhYUFPq1XcSpHrZCUNYztVhtLEwtcXMbx3eyOGiGIt0KUX3qKxqyA8yx2k3hxXrLGeAe0ssXG1ASzem706L+Kw2oqWiBOKsOhTKpTr3Fvxn4z8bFQtZzkjUwf5IS1pQlmNRx4qc86zXZqtYgqlL2bJQqFAluHbrwRHKPS97SdLBzmrhyvGg50eqSdgnQOLOlIK2uJGiZu9Fl4lPTquuuwltZIZkoyyQYyxqtLVCGZmuGpOeweIdHipYgntmn7EN2/dJiaQX5NQ3sVpTJUr2mIxXdpOqwcl6Y9V7BsaHPsbWpTr1433lun6Ydv7htDbzcJM2Mb2nVbxaLB6uGwyjLUx13cDaav1JIpR1W2tXaMP+3t62JpaoqVjT9B0w9rRuCUYq8AN4/MYlj7BsVlDJt7qkzhyc+aL0rWYZVvql9vHF98GUArhxpYmTvQe/phjfdy4n9QjpepKS4u4wi96KVZyLG+OBbW0aASh1jLOqy7Duckb2T6QM9if9+6xwzCb6ieZ1xcysj2VliammLZyOexdhaIk6wc4qTkrXrdGLMj6cl1lJO3AMhNJyUlhQwDGlvm8c8Z1KoGZiZPmAdUMTvIQYERCgyxV1qaDuexi/E2En3nrWNs10bY1KlD00ajCIl6xB6D2xfPJQI+X84oO9VxraIyhoWo5efd0RI7tXDxUud3pdqrftcPmSnJpKRX/BfLApJY1UnCs+cgWjU0x91rMd/O9sGxWm3adA0vlksBcWyb0ZVW1sqjXx5txmnOzfQwH64qqCw6bPAF8tXgevR7S+LlhZFcuHaRsLmC8MF9WBz16JsKrG1cafiUDbXd/2dLM7uh5QoLUFhCPW9FmZQ8bEALZh/oxrzwBOITwvm45QY+9PyAQ2o2F//7Cg51+o0jV84S8lYUy3q9zvdJj04GUtk5JZi8Nw4Sk3mXG6fmMLBxfqnjVavjB9TnFKcyHne3UX9CnR4+tNBDX3Wa2Fh1o27Hsu20ZmRk0DjoK9YfiSU+IZyFrTcxx/MddqmNZ77RXxxa1YbFR5JIT/yWVilvM3WJcnGbz0kWdx3Jvuz5bD57lt9WSmz89jB5Ok3MsklJdaD/jK3su3idmOOL6Zn+Nm8FbC6c0OQQMdaXd7d0YNbeeE78ORTp2y+JVlP7gtytjPMZwoE6C/k14ioXji3HN+t13uq+V6dJ0dVgK/qMukmL6bu5kJDIns1DsUuJJafQea4a2pOvogax/GgcMSfm4pmgbGeRet3a0pFhU/Lp9NVVzsWvZvCZ91mfZKqzDmsl12tz6NrIlt5DyxN2V7LNO09WhmSem/7433i9ZEXWrtOPbQblE83Ro+DUr5VuNm8GRvcqYFJ0H4zzFHr3TaXrcCF37gzl+vBIEpJT2ftJJGGvzyq2NZG6mGEBK3nYaTen4/ex8NXlBG/XtSVJZOb9h6mr93E68RoRYf3JWduR4fO0t9fcqLfp7b+N6oG/EnHpMhFh/cn9vhOvfZGu83jpgy/K499K1mEV7qWHsSdjCXvj7xN3rCOpC8Yx7yjF4/VpvxEcyFxK+OUrbPs6m5+WRmr6t3bbiRMCcawTtctoa/qErMO66XCJ840HGxjXZgi/pvyX5UfjiL+4mQX9bnMtUe253ySi7Vay5/JljoT6k/JF5+J2FvHW9F+68OnReE4cGEHud99xqoy8VZpcb4U542jjypgthrG1fI6x7uNUgtac4fSB97C5ppoH6NMOJMxQmIGUnWNYQ8mOQxjMXp+uw4Ud5djSI/RZ9zdJtyOZ1yaEzweqbO3uH70YOC4Hn2XnORe/mqAzEzTmEvqY32ljr/paP+RziE+8bGlntaxcH5HKM6fOyRrMuoMfYX31fVadWsT205NQ/LWIzYUfWs5/4cTw+Wa8FnqF8/G/82GzYKYYaj6sqIeNqT2mBuWDqq/D+lkklYCHYqcYVx8R+GOWxiXSa3sg/N6N0/kC5m2BiFoEiG/S9X2xdbRY1AYBj/84skp5+fSlUaINXcSXajdR54kNIoi64r9bhRAiW2zqp3z/anG5O8U4a0SPOWlqY7JGDALR+d1YncfrodgpxlFD/Herss1r3woU3+zJE/kiWix2RQxakVXpLg2/E2okGjND7Nfi3byHK0QfWojJRwp/kThN+OCi+r8QYtebCPdme5T/iQoUHviJz68UPc0WB0ejUV/qaoQ9i8RxdVm7Irp/mlRiOx7saCWaMlb8IYTIE1vFKBCvfq4a28wdbUV92hfXm7oa4cwicU69kKhA4cpQ8XOuduOUJ7aKUTVLbldB6lzhTzMxfrfqd7l/dRVNCRDf3VDpiYf/HlHU0oKbi0Q31PSiVB3WAYnTRCtjhHf/UwbVn3PTEU4W60Sa+i8vjRJtC8e2IONnMXPgZ2JXmhAFd1aIvrwgvr6iWx05R/sJZ7qIeX/dN1AvskXyseGP6bKu2PUmorn/Hq3eVddhIbLFtkCEk+MvxeNYkDpXdKetWHRG+f/LKxC2TCq2myI7UdWnLMOjx2GVTt55xF6fgBMTEW51tyt1shR7LRBpYlsgwrvHYaHuya4sVvPDlYAvivr1JL6oyzARqo0OF/oNa0aKLTlFtnhCzLBHvFzka6IChXMp/q0YxzoJJ0aKMFG5Ieuwdri+HGHDWLEzp2ReVdedonY2KeShPLFVBD3CW3fCnPXOW8W6vN5KmFFHDFlvAKVJnCZ8aCze3aoac415gJ7t4NyHCOvqk8XuGw8NYwR3o8XKAQgXh18e8wnaIk8cFJPraz/nU9fhh4Xz0s7TkjR0w67QdgpE2mNzify7izXmEkVlDF1doKrk9xbCttheS5/flWav+lw/5ImDYnIDlX3oE3kPV4jePJkP/N6NE/nihljVQbkOyBMnxIymiIEhBcr+WdiK8bsL2+eoKZOicovHWA/z4cqEqqjD2iAzM1Pj5//bO++oKI8ujP8WBBZsYKVYaCqIgqgotqgkaiyxJrGQGOsXWzSWRGNJMZbEkmZLYkuiWGI0GjUm1hgVu4hSrBSNgBgFBGEpu/P9scAuKuwu7CKY9zlnz4Et78yduc+9d9qdQleQze+dIvIebH3LJn+rmbnMiTcPQGpEvMED8V5bBA/F74yxNc1Av0H7jYSEhOS/VvfVfJYafpQw/uJdJ822uQqyQQSRxoNYzVygdRdPrXOMXvg3hXvHIx+bpZTTKMDV4PYypyX+fR5x9WQ8sns7WBn0K+u/CYXsM5y80pI27crX4UZF9A9MHtAQF1sLdXtajOcP0sh8pL09wZG69bTmpKpBpjKJDCD15nnu05gG7poZq0Z+htcj8dBshrSpha21us0tu4eQSjLpgNm9UCJpQL0XNG1bpXEA9dBkPQ49Bjd4j6YyjW7IfLZyiwTu/qvnNox7oUSmNaDZiw5Pn9kOP0AcTWjZQvOeRePOOHGDy5EgiOLiTajxgmf+ti1lLR887Q3XYb1QbyEXcgQhO5uXut4oG/amKcc5cQzS9gay9o9VbDwgyIr8hUha4uNu2PMsWq9i4cC/+LRTRWoZeXtNDlsJNLfGofVWZD1WMsvfNG1SlA7ns8PNQXOqTl4dOekk5G6JjD0L1q5t8cvnnRsePoauAiZxZnlfOnva5dfD70vIUiaj0IOvKm5y6gxcPNAOGy0uNZgGj4jmThnzF7UZxy+hofn+4ujS+gYn5DDHAUcrzeqVrRwUCvXqVerN86QZwb6VF0g6rMGVc2DjGkD7QhY8YsNVWONLE63PG3VwJ5tIruf6k+jH/FblxgOM7rfyUHPwfdJFMpsHm0Y3zHDDpaWmzbXjAGOj8Uc76e+5lJecLHBvtteoZdxYKsO6chMm7ezOxF8HmOSUsy4dzkO1hprgoLJcjkBBBurtrVeug5NWLKGq5F0gljBGfKeLr8YcP+QlhooV0wrssjQmenwUnu8LzkdsZITjY+upcjkyrLGzBiu5TL1boeo9sh6B4AbRUeDqrRX/VWiFrzPEXU8o1Xi4LKCs6LBxbFdRJKEBU0+qt5ppv8L2ty1znSK3d6FZs2b5L+fHAqtqjOMP8bgsCra9Iys6oK/6+DtVsKxoeHvJsMO/AyTsu8Dtg7/A/6bhcuwQFy8GE0ErmvqUHwLkbR88mvgROyLSEUKgzFrHyyhKl4iJSxj88gruv7KTC0m57X2kA9ZgkGN0c/2F9Mf67JE4zCTHUtRfFVR47IyrXGkcHS5LkNGSzl1uE3YuiqN/2tFzaidu/XySa8eOUMEnAEN9QvbpsXywtRNz/npE7FMyipYEFRhIkDKDhCMDEb+Py98+WxZ12OByZRko0OhN2q+teOWdh/h9Fk50hroeZycb7Bl5cV7cE/YvQcyjrPl6a1xo5O2d7y987W8b/AwLnhy9q8wVWs5VToEdatbVnsvBsaTDprCTj02YW8vKpN8qa4j4pC87Iqdy8E42Ny72NOo5YfepgozUML7uso9v+m03yfWF+uqwXBi33GyZhdHju/I0frBzapzvC3w862OXjYRyrMMmHyCLmv742l/n4qF4oxT0LJOuVPbqiAMnOKAjwM04EKl1TUE4py6DfVNP/fyqHu3l3r4nstDf+XKvGS2HjaeLdxDrf4lA6RJAK0OFKoXEGnJrR1RkPNFnZqlnuBjmSsDiQHwd1UppFnGcaCz17xO3FlQngus3NOb06tnHZ+3MyCI+v3wVccTEaAUR53/kWk5/xsxsi2vu0ZLbEcfIs22qmj542lwn+oJGgocRh7mlpfaNXoD0qMNPnOM1BKqaPnhWKrzvhVcXHAnj3HktMkcc4Q7uNPUEM7zwaAD3z2p+L8u5TuQ9w3VYX9eVkJDA3fvPYkbOEZ+WcPHsSnYdeZXu0/tR5/g21p2COq81NzigSYz4DSUDGNjRppDfKkqY4ENOjU6j6VzzGtf+LiHZHj3JJV06rA8a+UFWVIhWMrubXAktKIPcGnIeaQ3e4iJJ1uLB1WM3qOw6nk/6OGKHehY45qb+fDXDjWbecHttsFECx2edpKvEPsetBZWIJlYrh0Xs2QemKzA7rnTaS9JhnfBoWbRPqe9lRgYhhGl9fvXYDazwpEGuP/GwuURchCaCzIo+zV2tyQBj+K3SjCVKBwquhEO9HkN40bGCaWSt5MXAYWakRQdzufiRFfKKmt0m2tClw7r9qzqWuPN3ZD5PzdIuEZlQcPJFbgNp/2rKT44LMSi+08VXY48fUhLiuftP2bxWSIY7Lq4QdUlL1pwzhMSAYwP9lj31iYeL4z9NODoo0zps8gGyGV2YNMeM0NkDeGfDeaITY7hyZi8/zerDol2GF2SMpCvFHsA0nMm7fULZ+OpI1h+8QcytK1w8sYYlr7/Pz1qeMIZ5zPziPFH/XuHQ7DHsSOjHq6Ps9GxI3e2laj6AxqxkR1AAPZs50rFXKBu+C6dWoK/h23VOdcTToT6Bq0x3559FizeozR6C1kVxNy4l36mIyg1wrh1F6N4otQI/Osfy6euINeBabaX3NIZ5nOKngWsJjkkk5sxUPtxOgaQElVsOx4FD/HxEAAqitsxgu0prlsirF7U5z4HcgYsiZhUzFmqeYU5Xhg2FvydOYE3IP8RHb2PGJ2fI0irDachOujuuZGrv5ey9cpvo2yEc3baYCSM26H2nozm9mfQxXJodqO77hLvEnv2FZfP3kwSImoGMaHedHRNnq8uI2MDkiUeo5DKSXo7qexz7jPXj/q55rLmuNighH43nMFYG67BeuPUJPeo48PLIC8/EoTTs1hn5gdWcs3uFlyu1olvTr/hplwee/g6GPywDVEVkl1bmrGOIgyPtOx8smTuoCMoKxd8h4dO1Gimha1l7/n7BgYwOHdYHdV5dTIMKK/hoVjAR92I5t3IUK6IeG4C8AEnBQexOUk807Vm4lutafK3fBBRRv3M4dx/pvX2jWLBXf77KsOOVT4dQKXoMAz/eS0h0IrGhwexcN5YRi8PLlb8wBpTe03jNax+bZ1xQD7YS1vPlNsP61RCcm+5EXafOLLlkOpkkHdYPjqM3091xJe91X8PhK7dIiI3k6Ia5/JCbgLviq0EEVF3H/MDtXIiN5crRCUxfaU7DGYE00fJbZyauIFyhvr3g+4VH+FdrgGwMv5UHYyTpKgsQZKDIAGEtN23cZO1KSfZsmeGGf2uIWKrWw/hkDZd06bDuwZodvae0Ijl4FtO33iTu/gWCJk3jhJVVgQFIJz+4/tMObgJCsZ/PvtLwQJ/4ThdfjTl+yEvS1arusjJ504s57XlrPIR+NpKlh24Q/08wm98cTwjjGBgo09tf6IqH9R7vEM7ylxxp5jTXZBmwy7oOm3yADOA+7l/2rq1N2IKX8KznQZv+c1gf3gT3xuXLcJrhSuCOMJa9HsY3gd54uvvz8lvrOGXTCi+tZSeXHuNpeawDLZx8GLHGhwl/rOZ/BmxX0tleFq1o0xIqt+3JC4D7KyNxSqlKYz9Xg2VKfZBBFtWoWcfWdA6n3vusWlGNs5MbYO9kS+fcrMdmdGH+jplU3tMUZ2cXGrf8kLC3PqeTAVtwzGnJtCPreKHqZHo2qkvXN2DgmHZUgPyVQNFwMV8sFeztWxV79wDePzOW/h5a6xL1PmLd2uqEDK2DfT1P2g8I46VZfaian2NSTtuVZ1kw9Chz/F1p6rcK1Zh3aYplfhlmVn1YcW4LvWy+Z4K/K55ePRi66AhKr8YYsiGyydQH7FlbVd33zvVp8/pKQiydkOfq38jf/uTdhj8wwd+Vxn4fcqn2Mr47N4A89arU7082LklkRZeauNZrw7v3p9CjbqbBOvyskcMPDMg9c9R0AdxMfoNqMhmWMk/eOZRLg+av0vzhQ+oGBmCDAx37QoXs5rTrUIzFjwwwTyu8AcyS7pMkg6reDiWQSh1wZZcgW3aNgX+zeOAfzG9XAwcnZ0Zs1leH9XAotaaxaf8grHe0o4W9P+/8MpJxvcBKoQkUnYadZX7vdQytb49b41Hs6TgDPy13UmNYGF+OOcWE5rWp7+HJgC87M2asYXy18g7i9+Ax1PhjAgEedfFoG8jHQZk0bWpfrvyFPjqsj32bvXs9nv90onEtZ7y6HaBOP+/8c84qolj+Qu7Z0dbHuMk6+stkyGRyOn1g6KqLguQksMEF5xqmaxdJh/WMNywHseLcFnrYLmSkvxsujXsw5adMatbXfL7y8FKa3BnNiw0b0qJPMFXe+5P1Cx0K+K3pr39Fr/q1cW04ipOtB+KldQbZWH7rWcO4PCiduEmOAlXuecniQIYdvb7cTI+6c3nRpTaN7DQTgbp0WB9UfvkPfl0Mxya508AhkE0NlxFYPRMzpVxT/oJ1tDV/gxa1XPBrt4umw1/Kt036xHf68PV5GT/oA68pN/lp8j3WvNEIV9ceLLw+jvknv6GPlf7+QpdtMmSiKPm++hiRk4nkLes6bLxBkIRyiAxx/C3TZPV7lihuxluDUMxMnxLKHlTZN8WGPohGPntEYbkUH+5wF/a52cKLnyn/jljdHtHMe4+ISy8H7ZKbBdJvanj556sEPTKKqjNot+pzXqQ/L9yWdFiCgXiUvEWMcCx484hJ4qZTPUUd/MXcs4/KiX0o5m0XZZCv/yUU1zapEueKAKoWyCBe/n2c6XXYoCzWEsrw9j3C2HcY2vw43mRZ/UoDsce/Z+fx2yQpMkmO/pGF34HLvB4YNcfIjV38sOcy0UlZKO4fZ82HWzH3CaSbpaRH5Rk3lsqwsWnOx6GDGf1d90LPH5/+7Qb1+szjzRIolRmOvLb4f9ibD6GxrRVd5yaVqbYQJHF2UxBHIu6hyEom9ugUvjzgQ98BjcsfXyUYrp/39nE6phsjVzbHupzKIOmwhJLozsauMqrVfZfw6ot5/x07k8ZNqtafs2BYPOteqoqjkW9OMMqqvDjH7u/+4ELCQzKy4znxxXSOMpBXu5U/vv6XYCzblHb8J2KYzeyh1uW2LUpDh6UVZAllGreCugv/+tWElZWVsKnqK/rOPmj8mfzIT0Q/n9rC1tJSyG2cRfsuy8Tx+1LbS3h+oBR3xG9TGgqP2pWElZWVcKzTXUwMulM++SpB0mFJhyVIKAGX9ovF7a2Ec9UKQm5RVTRuMU6sO5lTLvkqxcOSDptKh/VZQZYJIYQ0dyNBwlNmsQhnx/jlHLco/CCJR++ljAkwlxpLggQJEp5nxG9h0cJg4syevvHOPMOVnnMmElBHaioJEiRIKG94+PBhgf+lAbIECRIkSJAgQYIECRIkSJAGyIB0BlmCBAkSJEiQIEGCBAkSJEj4Lw+QUzeZU08222T3hJkK99bJcJEt4ewzrseNpTKsLW1xdxnC0tMqE5em4PLyF/F1qUgVWXM+1fOuTyXHmVY79woJmZwBKzMkxkswCcJmyXC3CyLpeRXw1gc0r6DmkrWsLYtuSH3+LHBwuAyPdofLWa0V7Bkko0nXYJOWksNW3pDJsK7hSZc39xJnYqlEyhamdnLAwcoS92Z79b72597m6ljnXiPmWA5jEAnFw7OKR5QcZ1ot2VPLK+9+a8+gvPYsj3bxOUHsXNrL/J/LmEBaQS6OsXGRae6ANGEg1LrvhTIrq/tUQXr6BT722czqt/dhSlOfwxY+nngYp1HXuSsuMMdbv/Yypz1L7gpyxDGm1syUlLcM6LCKcJb4yfB+LfiJ77rJ1po8qDUVqrQbS7fJHshNWEbqJnMaypZz81noRr2FXMgRiJhPaIFKIpHE+WfmtwrjQQUGslEIEva2JGnjLNZeMq2s4Z8PZsvRIWxIyOLGxZ5PZBAvrJ41B98nQwgeBpkZ/97OcozSsG/EzqWDrHv+na3a/Jjtqhls5b1cjVifshiPlNRvPWu70muLQAjBgWESf8ojysI4pyhI9llCsSGr4Ip/B8jelUAc4Gaicszv3SZFNKXjK45YS80uoQyiXo+VrOghtYMECc8alVr3woMt/BMDeJuunIR4sPYJoJ2d1OblHea05J29EQzISeDQiAC+Tl3G7i3tsa7sarK4RvJbEiSUbRS5gpx4aDaDO3vhYmuBtbkDnp3Gs/ayssB37h4ZSw9PGdbmDrQOWMPiAQW3OgiSOLOuH50bWyCXy3Fq2J/pOx4YXNG7J+cwxN8FOysrqlf1pfervxCW/6mCq78OorOnHXK5HIfGPZix6U6B3yuif2BcQBXsrKxo2HA8QVd8CnxurHoCKFLiuRuXYrJVVYVFApd/HEwbFxnWFV3oMfNE/haZG0tlVG0xgP6NKmJvG8jS9RNpW1uGi/NUDiap22rPIBn1u61g2eBGODtUoUaNAN7dWDxZraxBWcn0W4UUyEzyXBXhbBjbljbO1bGzsqKaQ1sCZ57QWsnUr72K4kEOB5jgIGPIOq18ePua4qR9h2L8Fqb0b4anfWWsLW1xa9j/CR0mYb1ahy1tadhwPN992L7AMYHypMNFQXd7lbxP9LVvOfzAq7LaDN+6h5n93XCwsqSibXPG/Czy+Za32vDUrWo6+jVP1l7zNzKucx0cqlalfp2RrAsth97ECLKqxDk2DHfGxdKCGnV7MG7V5ILbt259gJ+sM19rbTU4PlWGu9v2fF01it9Sqe2Cp4M51uYOeHWYyqbHnlFSv6Uiit2zOuNrrz6u4tVy/BNlaNfTr+tyQgrmEDEq51MS4klIMt3KVrplNNvGqvvlCb7q0a/6QmCNnBwUpaDyFcAkk7Y6dTi3vcb8OJnuvo7Y2trSvMUaziv09xePH9dSEc4STxkvzY8voFvdfR1xsLJUb13vs4YTDwzgK6CI38rM/m7Y21liXdGFrj03FqynAVFASkI88SZxSnJqe3rSrGkz7O3ASu5Cs2bNaORWpWAN4rcys5+3ul8qutCiyyz23jGerLriEX1sqCCJv5e2x9deRkVLT3ouOkWSRcFydPotPWQtD9Ctw8aIJZ48QiJSV9JL1pRpp/SNM3XzNd+ftKmV/4whc88bvD1eV78mX/mSEW2qYWdlhV2d5k/UUyXOsXqQm5rzNQIYuy/u6WUYg/OZSSQkJJD8jE5HFjlATk5Opm7g12w6eZPomL0sarGNT7wnciDXh4rEJQzpvprsDge5EH2ERa8tZ+Wex4i4sga9R8l4ZVEIkbeusGOuYO+AniwxIADMvBRI57bf8e/Lyzl85Tbnzi+hb4Xb5PVp5umB9O9/kRrvHuLKtYtseSeOjYG9WHBS/bmSc8zrPZy/U75k77Xr7P4mg5++DCGnWPWUY+/gQW2bwut78G1HGjgNfmIbj0Hm2g5qNHv6xpdkZRA/7H6VpX9c4a/lDbi2cALzT2k+t75gz/B9vzOy0SaWfFCFzy/9zgCzL1i1WaNlCfuDuD00hJj4RA5/GsKON+fk96shsmINZmmmVVJZRjpgjZVN8dqraMSRkvM609ce4ULsLYJ39EGxoT1Dc4MEfdpLHx7oRPI/CJ9ZrNx3noh/LrJprmBPYM98A6vkHEs6j+BIxgK2X7rEb6tlbP32RLnVYWOgpH2iy75pnGwi+6etJOetY0SkpHLn/Cf0q6sOVt2nqrd4XZ5ZvH5VKzic/vIkPTf+Q9z9EOa3XMfn/bY/4fhEtQCqtzf1cpUenMdUsioIHufHpJ3tmHM4mrN/Dkb27VeEGXgSqKR+S0UcO/o24cO/A5i/N4bomL183HQLH3i/z/FM4/mt8C/cGLrAmjeCrhMe/TsfNFjJtMfr2XULGf1PcCH6CEtfXs0Xe4vrX4vuVyXH+dTHkdbVlmlNPBuX8/f2LmVbo+/Zd+Ys3/Y+ws9P9Tl6BL06eWANNmD+yMRTtulAResS1LP4OgygNPuL42tasuRkHEmx3+KbMJrpS+P19he6BxcZJCS60GfWLo5cuU3EmSV0SxrNqO7681WVuYvxzQfxd9VF/Bp8g8jTy/FLf5NRLx423L7d+oTOdRzpMbgEWzLlNXCwci4ylih08Jq1hfEtB/Frwv9YfiqK6CvbWdj7PrdiDZe1RPGIDn9xb2d7hkxT0uHrG1yOXsuAi++xKa7gVZW6/JYuWY3iL0ohltCtw6UU3+noV334mhk6mh5td2Mx8FeCr14jeEcfMr/vwBtfJBlPh7O2MN5/CmFOqzl07Rong9qS8EVHLf1Tc37mL52Ydyqas38PJ/O77zhfTM7r6td7O9xxdfBg7M5nNcNiAHKyV4ieNBFTT6r/v7YC4cgUcTT/cucwsdgD0ajtISGEENlivxhfEzHwx/QCF4xv6ILwnxSlV5kq8UBs641o6PKLePDUb2SIA8MQbrYb8z9XiptiWXNEsz7n1W+EDhTu+IvPr2t+c2wMoi6zxFEj1VMbuwciKtNdrEoy/kXWiWsRtRgiNmfm9ok4Jqa6Il75XF3360sQjXz2iHQhxLGxCK8uJ4QQGWL3QETHSTfz/3Zz1bSnKnGueJFWYvFFw+ujONVbuNNJzP/rkUku7laJB+LMUntRhxFip6J4z8gRx8TUmoj+K9L1+v7ZyQjP6uo21Ke99OKBPWLwWpWmkN+bCEfGiT8KvSg9TCxuiejyyYN8HfZ6DnQ4Ty548uXKGnFHr/YqeZ/oY9/Ufbde9CePO4Xj8syCNkjo2a95snacEZf/nYc73IWTVt3LFGI+Ee1oraWHxpM1R+wSI0G89rlGh1P2tRI1aaMpL3aGaEkn8dUdTTnHpqh1Id1IfktcHflEGTliiwikuvjfLmEUv5Vnt7XbIid7heiBRu+vLylYzxxxVsxqYlz/WqA+tRD1WCwuG11pcvlqu1HceUyP8n1OMfq1cL27KVa3R7TotEfczDANDdLj14sRjgX7z1A8DDLLt9+Gxl4idoZoTsMCturAMETjBof08hd5sYQzi8WZx3jw4rzCZcra5yvq59phffiauBbh/rhOhQ4UHgzOj2H0RuwM4WuuFdeZKN7Y0AXh5rPnic9uL0c4ME7sVxQem+kja0niEV02NI//Xm0P5fNGdXexCODp5RXmt3TJWtZwYFjRvr0wHTZOLKF+hjrWzn3GwydjiSLjTB18VYkHYvdARLMuJwrYw+tLNHGTPtDVrw+DzIT9Y7H22ckav5AjdonAxzj/cIe7yTifuKmasKaqGLSpdPQoJSWlwKvIqXlF9A9MHtAQF1sLZDIZFSzG8wdpZObOzMaeBWvXtvjlL0e74aG1c9n83iki78HWt2zyt3OYy5x48wCkRsTrveXkVBjUHdkWu6d+HseVm1D1Fc/8z81wxcMbUo9GkgSk3jxPGo1p4K6Z9WrkZ9x6aqPXFsFD8TtjbE0zqWGBC26WeZOJdthbgkKh2b9gnm6t3vYloKKNHJBjLSC9guY7cjcHTXvKqyMnnYRibGOwaL2KhQP/4tNOFamlvWXYGLg0CDdZNfynymm7+lP6WJloC87yvnT2tMPWWt33fl9CljK5wBa9otpLFw/0wqNzbBjbFt/aNljLZJjLmvDeOSuyHqjn3FJvnuf+c6TDDdpvJCQkJP+1um8xZpVL2Ce67Jtmwl5OowDX4gmqo1/zUK2hff7fleVyBArKXc71Espqdi+USBpQ7wXNqlyVxgHUMzApWEn9Vmr4UcL4i3edNNsQK8gGEUQaD2KFUfyW4AbRUeDq7aB5s0IrfJ0h7noCADFh6no2zeM4TfD3Mg3n8xIIxYppNDHVKpCfC475q4U1sOVRsXyO7m1xrry57AMsz/XCzVpO17lJRvUXG7vKsHEYzgHlLOZ97GCa9Wk9bJMZjtStp9W+1SBTmUSGHv5CXyQems2QNrXyfaNl9xBSSSZdT76GHoMbvEdT7eRXPlu5RQJ3/zWwMrmJAkN2Nn8m5u3KObBxDaB9IXGIMWTVNx4pzIYKorh4E2q84Jm/9V9ZywdPe+PKWp5QlA6XVnynq1918VXFTU6dgYsH2mGjpV8NpsEjorljpH6NDVdhjS9NtD5v1MGdbCK5nsv56Mc4X7nxAJNxvubg+6SLZDYPfja6U+gAOW9b8tHEj9gRkY4QAmXWOl428GSPggZMPanezqH9CtvftpQFlVNgF4h1tTJZT/0GyE+OWlTmmn5R1sz9Q0tgYQNWJjg/kn16LB9s7cScvx4RK1bQzZgP995ClOIBp5YqCB49h10mOB6X9msrXnnnIX6fhROdoe7zs5NN34fZMosC2nd8mh9Ttvky51AiD4RAKW6yrHlmueSaXsGyvfqMV97L2daQ9io5DLNvVbCsWKwwV+9+lQvKOZ6hrOnG91vVGMcf4nEuKdj2jqz0ufKccL4k/WoIVESx4Z2FpPnt4WaGgv0fGu9Yggw73tgvSI9fTweL+Xz6cbzRxTaWDpd4MiBxCYNfXsH9V3ZyISlXt450wBoMmrxzc/2F9Mf085E4zCRHnjuUVFZ945GibKhcBRUqPfaekv8kjKXDBpcryyiQN8cocaaAF+fFPWHrE8Q8/EqxTWWPZ12wlj23nC90gGyWeoaLYa4ELA7E11EdnJpFHCcaS83Mgh9kRYVoJXm4yRXtZAE1/fG1v87FQ/ElqKAX/k3g9trgp57jMMMRDzdI2R2Z/7mKKK5cgsod1avKld1aUIloYrXOkseefWDUehYIWp5hgqNSn52L+A0lAxjY0aaQZCWKkiV/sbLD79Vh1Cecq7eLH2LKKxZcZc/D1WM3qOw6nk/6OGKXO9MXY+C9Drp4IMMauQ2k/aspPzkupODs4F/QfPRs+jephDUgCOPiNc0zKru1oDoRXL+haderZ3kudVhXexmjT/SxbyWFPv1q7EGqqRMtCRsZctLJTDe+rKqaPnjaXCf6gkbrHkYc5paWmxLWNliRoVW+goQ44/qtyl4dceAEB06VxLEW7bdkuOPiClGXtPiac4aQGHBsoF7uqe8Hyqjo/GtmVMQRc910nE9JiOfuP8/m+hld/Wow7y5Ay9E9cZUXbd+KC2v7QYxoC7F/RxZ/4sPaERUZT9hYY9gmXf4CQC43I4v4/PJVxBETo6Wj53/kWk5/xsxsm9+OtyOOkW0AXxu9AOlRhw06u1+UfUtISODu/WcT63i0LFoW/WU1XTxihhceDeD+WY1NkOVcJ/KecWU1CNlxpRNLPHqSS7p02BixBMiRW0POI01/msVFkqzFA139qouvZrjRzLtwf2Ksfq3vZUYGIYRlFtRJKzxpkMt5D5tLxEVoZmiyok9zV2sywKicL6tJukTlBjjXjiJ0b5Ra6R6dY/n0dcRq/aTOq4tpUGEFH80KJuJeLOdWjmJFlPbDuzBpjhmhswfwzobzRCfGcOXMXn6a1YdFu/SfsX1l5mAqRE9h8JxDhEQnknDtBNvHr8zN7ianw5jeiORP+d93F4hOjOHYqv58dqEZL85Qb8VRek/jNa99bJ5xQa1cCev5chv5B+CNUU9tGCPBUblBBqgqFf6xMmcdQxwcad/5YImCJwoET4YquRv+rSFi6VqCYxKJT9YY6/pNQBH1O4dzV9fv7RvFgr2GPV83D7zo5AfXf9rBTUAo9vPZVxr9k+GIhw/c2n1Y/TlJBM/uw/Y0TUCk9J7GMI9T/DRQLUPMmal8uP351GFd7WWMPtHHvpV8oK+7X40JY3BNZxk1/WlW8zJ7Fx4iOuEuKQ8yjSarOV0ZNhT+njiBNSH/EB+9jRmfnCGLgoPCZrVPc+BHdb8prs5l5UHj+i1Vw5m82yeUja+OZP3BG8TcusLFE2tY8vr7/Jykb98X7bfMac9b4yH0s5EsPXSD+H+C2fzmeEIYx8BAdbDh/upiXPmOr39VT+beO/o+Ky8Y17/m92tukq5WdUuWpKvYNl5HvxrslNJBWbGwAXQ4y19ypJnT3AIZYg2ddBU26qC8uLBo8Qa12UPQuijuxqXkB4HGsE26/AVA5ZbDceAQPx8RgIKoLTPYrtLaqePVi9qc58Df6oopYlYxY6HmGfrw1WnITro7rmRq7+XsvXKb6NshHN22mAkjNhh+v/CtT+hRx4GXR5ri3lQFdyMjuXj5IglJkKmI5uLFi1y9qUkb7zh6M90dV/Je9zUcvnKLhNhIjm6Yyw/BhslqynhEhh19xvpxf9c81lxX2+GQj8ZzGMP2SuuS1RCcm+5EXafOLDHhveQ+XauRErqWtefvFxyM69BhY8QSeYPCpOAgdiepJ5r2LFzLdS2+6upXXXyVYccrnw6hUvQYBn68l5DoRGJDg9m5biwjFocbrV8rvhpEQNV1zA/czoXYWK4cncD0leY0nBFIEy3On5m4gnCF+raH7xce4V+tAbIxOf+sk3QVvoJMF+bvmEnlPU1xdnahccsPCXvrczppbfOR1ZrGpv2DsN7Rjhb2/rzzy0jG9QIrhWba1n3cv+xdW5uwBS/hWc+DNv3nsD68Ce6N9a+kVetNHA4eSrWDgwnwqItnm1H8eLcW1fI/38q+jT78+3VrPOt5MGSBIwOC9vKpf54hb8ns3evx/KcTjWs549XtAHX6eRe4BNoY9fwvIjMDzNMKz+RplnSfJBlU9S7ZWS05xd+XKcOOXl9upkfdubzoUptGdpqBX41hYXw55hQTmtemvocnA77szJixBj5fBw9k2NFrwTramr9Bi1ou+LXbRdPhL+Xrnww7eq3aSfd602hfy5nG7j34InUDI/yztAYPLZl2ZB0vVJ1Mz0Z16foGDBzTrsA1I8+LDutqL2P0iT72TRdy+IEBuWdsmi6Am8lvUE0mw1LmyTuH9OtXoxpzI3GtKFSgC9N2j8Hm5Mu4OtjjXV09oDKOrHLarjzLgqFHmePvSlO/VajGvEtTLPN13IwufLj+TdI2Nsa+vidd3nGk7xDj+i0zXAncEcay18P4JtAbT3d/Xn5rHadsWuFlwJ0+uvyW15Sb/DT5HmveaISraw8WXh/H/JPf5OdakNWaxqbDL3HnA2dqO7vQa3ojXu5ZsIznhfO6+tXw4U6FQremCzJIvg/WuOBUwnrnUPytmqLe+6xaUY2zkxtg72RL59zszMawTfr4C9FwMV8sFeztWxV79wDePzOW/h5aa2v1PmLd2uqEDK2DfT1P2g8I46VZfaia74v14KtVH1ac20Ivm++Z4O+Kp1cPhi46gtKrMdXKkP4pOceyno1p7h3Ae+fgn6vv4OvrS3f3n/KDejPLQaw4t4UetgsZ6e+GS+MeTPkpk5r1DZPV1PFIpX5/snFJIiu61MS1XhvevT+FHnUz9fZb+shqCBOTk8AGF5xrmK7/agz8m8UD/2B+uxo4ODkzYrO+OlzyWALAadhZ5vdex9D69rg1HsWejjPw0xqG6+pXffhq5R3E78FjqPHHBAI86uLRNpCPgzJp2lT/A+Y6ddhyECsPL6XJndG82LAhLfoEU+W9P1m/0KEA56e//hW96tfGteEoTrYeiJfWGeTywnn9jLQJMgD6TQ0XEp5/qLJvig19NFmzn5oVb4e7sKe7+O5O8cvJFutFfxmi57w7Bmc0fSbtUko8MDSD4X9aV/8DtskYXCtzKG7GW0k3/rNIPvWGaIGPmBtaSH8nzhUBVC2Q/bs4uPyBOrvtgQflo11KxV+UAl8llB/kiLNiljOiVZ/z5SJ2k+K7/zYMymKtc3BNEmc3BXEk4h6KrGRij07hywM+9B0gLbs+77ixVIaNTXM+Dh3M6O+6F3r++PRvN6jXZx5vluBwfgUGMX25P3fWNKC2rDmfXipjk0ylxIPY49+z8/htkhSZJEf/yMLvwGVeDxwldZRsk5G49uwNyy5+2HOZ6KQsFPePs+bDrZj7BNLNUtINCbpWc7cSaC7Dvuc57N6Yz0jvp38v7fhPxDCb2UOtS1Se1/TNDOq4iTcdZLg321vmco6Uir8oBb5KKL8wu7eP0zHdGLmyOdblVAYpvvsvB5IlgFLcEb9NaSg8alcSVlZWwrFOdzExSJrvkPDfQmnx4FZQd+Ffv5qwsrISNlV9Rd/ZB6XZRck2PV+I/ET086ktbC0thdzGWbTvskwcvy/phgQJZdJflAJfJUiQ4jsJz2IFWSaEeGYXjNwNXsDCnxMLn32q8hLj5/bCTZrHkCBBggQJZWCl/syad9gUVvi9X6LZaL4e5iU1lQQJEiRIMD3it7BoYTBxZk/fFGye4UrPORMJqCM1VVF4+PBhgf+f6QBZggQJEiRIkCBBggQJEiRIKCsDZDOpSSRIkCBBggQJEiRIkCBBggQjDZBVRLH8BRmdPog3egUFSWzsKkNexQF/7yUcTDJtg6gIZ8NwZ1xsLXCUjedPPX+n5DjTaqtT58tkcgaszJC067mAgl/6yPB+LbjcS3Jvc3Wsc693cJTNLsEdoBKKCyXHmVZLVq7tQ9gsGe52QZjCFN9YKsPa0hZ3lyEsPa0yuSwpp96me/Oq2FlZ0XWu/hLtGZRn62V4tDssKbbE12cCU8Zekt+SkI/YubSX+bPoRvkVQW+/VQxZS9dvKbi8/EV8XSpSxYCktdIYxUQD5NRN5jSULS/0kmcZdvj0CuRlv+KnLlRynGkuMs39ZVrPfmO/4MHtr/C6/x6Llpl2hGx2ejozf3BgxMEU4sQKuulZT3Pas+SuIEccY2rNTEmzdLSXsXFwuIzWfS889f28QDbvVUXWI//ewdJGYfU0Jgrja83B98kQgodBZgbdKSyhbECXHS4tvlZpN5Zukz0KvWe2JDxwnypIT7/Axz6bWf32PpNmBlYRx7b3vidBuYmI5Ez2f2indz17bREIITgwTNLLsmLfxL1PaWv2pL03dX2eJYwRe0l+S0J591vEzqWDrHuRcV1J/VZRvrE0/VYOW/h44mGcRl3nrrjAHG/9+CqNUQyHUeyNDDs6vL+RDiasqHXVrnT2gm8i4wE7k5WTHReKkt60amkjacdzgPafh3FlUhbXVjdn5MohzA+dgZ9FFerbSm0jQUJxUK/HSlb0MGHQX8EV/w6QvSuBODBZkkZBHDH/QM3hbXGwlvq13KPmBDZF9uJfswN81HA6acNP8M2E6ljVdnmuB8imjr0kSJD8VtnxW+b3bpMimtLxFUckt2ValGiLtYo41nTQLNk/bZuPiih2z/bD1169BcHevS2DF0eU2QZRIMcMuUkUT0U4G8a2pY1zdeysrKjm0JbAmSeIy/08hwNMcJDRa/5GxnWug0PVqtSvM5J1odpBXRJnVrbB115GRUtPun++nJFOmi1gec8Ysk4r99q+pjhpbRdPPDSbwZ29cLG1wNrcAc9O41l7WVmgrnePjKWHpwxrcwdaB6xh8YCCWwkFSZxZ14/OjS2Qy+U4NezP9B0PitUuKQnxJCSZZkZLXsuLRs188XQFS+xp5N2UZp71C0yx6JIVID09mMX96uBgZUld+/4s+PN+gc+Tr3zJiDbVsLOywq5O8wL9Wp6gUzdufYCfrDNjfpxMd19HbG1tad5iDecVWg9JWM+4gCrYWdrSsOF4vvuwPfW0tsbdWyfDRbaEs1q8WOIp46X58QV0q7uvIw5WlljX8KRLnzWc0FIvlTinPgphaUGNuj0Yt2ryE9uiFPFbmdnfDXs7S6wrutC158aC9dRrEJWr5552yOVyHF0CeGtlhGaG+MF+Fg1prG6vii50eKyegiT+Xto+n689F50iyeKxMlRqu+DpYI61uQNeHaay6TE+6mu9UhLiiTfR9PWNpZpVuadtVdNlmwyBlTUoK2WY3NoDWFQyxeBblw4r2DNIRv1uK1g2uBHODlWoUSOAdzc+MMAOq5/RpKvm+IdIXUkvWVOmndLP5+jDV4C7J+cwpE2t/GcMmXu+WFvsFSnx3I1LMckKiww7nBv50qyB2r5XauKJT/NGeDhZGuRfdfG1aM7r16+6bJOuuElX7KWPDb23TkbNGuP54qvu+LpUpJqNCz1mniCpnPkso8laJA+Mw7XS8lsqcY6fprbFt7YN1pa2uPoE8tXvj/TUYfXvVw9yU9ezRgBj9z0ZzRijnmXBb+kja9nyW6BAZpLn6tbhkvstfcYoxG9hSv9meNpXxtrSFreG/Zmx6U7Byurht0plgCyqBVC9vd1TfuzIqGMCpbjJsg5PH+A8+rUbo+bXJHD7P0T/c5Gj68fRpsbT9ujLsXfwoLZNYc7PGrk1yDIUptW8jCiKTutddD2LRhwpOa8zfe0RLsTeInhHHxQb2jN0fry2oJz+8iQ9N/5D3P0Q5rdcx+f9tueTOvWPl+k3XkHzZeFcjl5L4MV32BRnZVAtkpOTqRv4NZtO3iQ6Zi+LWmzjE++JHMjtQpG4hCHdV5Pd4SAXoo+w6LXlrNzzmNFZWYPeo2S8siiEyFtX2DFXsHdAT5aEGtZeSo7zqY8jrastI6wkA2E7qNHM8M0z+sgKEP37Co53+I2T1y+xblQoy15+k+9zrYYqawvj/acQ5rSaQ9eucTKoLQlfdCzYryWsp0EyFcJXY+gGgNLsL46vacmSk3EkxX6Lb8Jopi+Nz+3PcyzpPIIjGQvYfukSv62WsfXbE+QYFPBkkJDoQp9Zuzhy5TYRZ5bQLWk0o7rn8UBB8Dg/Ju1sx5zD0Zz9czCyb78iTMucqTJ3Mb75IP6uuohfg28QeXo5fulvMurFwwYFgDdWVqPnyLs0mXmQyJhYDm0fjFPCTRS5Qeyawd34OrQ/y09FEXF2Lt4x6nrmOZR7O9szZJqSDl/f4HL0WgZcfK8AX1XEsaNvEz78O4D5e2OIjtnLx0238IH3+xzPNLBfb31C5zqO9Bhckq2QhfPVfap6W/HlmU//pSG2SScPrMEsrRQmRB+BeY7c+HZFpw7n+vj9QdweGkJMfCKHPw1hx5tzDLLDJfU5+vA1M3Q0PdruxmLgrwRfvUbwjj5kft+BN75IMri9Dr7tSAOnwSU64lIS+6bLv+rmq27O6+pXfWyTrrhJV+ylr/6lJe3gUPJSDkc/Iup0exIXjmf+KcqV3zKGrMbwW7rju9LxWyqi2NzVj/e3ejIx6BIR/1xk08JGJN5J1lOH1fWc+Usn5p2K5uzfw8n87jvOF7OepeK35DVwsHLGymC/pVtWg2L/UvBbsox0wPqpspacr3qMUUrDbyX/g/CZxcp959X6O1ewJ7Bn/mSUcfiqj3ExykXaN8WyDoiOM+Ke+Oz6EoQTs8QZI5Rz+QOEvcVUcfBOtmluiU4NE6v7Ihq6/CIeFPMROeKYmFoT0X9Ful7fPzsZ4Vl9j0gXQmSL/WK8fcF2fLjDXTgxRRwVQqjEA7GhC8Kr7SGR93Rl6hIRgKa8vGcMXqvSFPJ7E+HIOPFHYXXOXiF60kRMPan+/9oKhGNumer+DROLPRCN2h7SlFETMfDH9AKXqW/ogvCfFGV4e9VC1GOxuGzCC8DVeqiRKQ+6ZBUiQ2zrjXBljbiR/x11G3f5RK0lD4PMhD0jxE5FwX41tUzFxcMgM1GXWU+0hT66IWJniOY01PwvhDgwDNG4QW57hQ4UXviLz6+L/PY7NoYC5SWuRTizON8m5LX5i/PiCq1H1j5fUT9Xh3PELjESxGufa/QvZV8rUZM2+eUmrkW4P97+oQOFB4PF5kx9dXOXGFmp8HqpEueKtjQQEw5q3sv8q7OoT3fx3R0NJ7T5qrq7uABfxdWRoiWdxFd3tMvdIgKpLv63y8COjZ0hfM0RzfqcN6n+XJ6JcLPdWMBG6mObDIHiVG/hTicx/69HJpIiQ8SfHvqELhuKA8O0bUXR0NZhITLE7oEIN1eNr1ElzhUv0kosvqi/bdo9EOHV5YSmHx4+xlcdPkcXX1Xigdg9ENGsywmR/pg9dWWNuGNge+0eiKhMd7EqyXT6mS22iEAQPZY+eOz9ov2rPnzVxXl9+lUf26Rv3FRU7FW0/qnroe23csRZMcsZ8crn6aIswhC/ZbCsOv1WyblWWn5LXB0pvPAptF66dDhH7BKBj9Xz4Q5349ezDPgtfWQtS35LJR6IM0vtRZ3H4s3SGqMYw28VZ4yiFGFicUtNzK1PnFkcpKSkFHiZ/Jon9wGL8akxn24uAQwaPZOvfzxb7K0UjT/aSX/PpbzkZIF7s71G3aZ1Y6kM68pNmLSzOxN/HWCSU86CJM4s70tnTztsrdVbPvy+hCxlMtrr4tUa2uf/XVkuR6AgI3f7w5Xr4PSCZ/4WcFUlbzztDVw1if6ByQMa4mJrgUwmo4LFeP4gjczcHTixZ8HatS1++bPVbnj4aH5vfu8Ukfdg61s2+VtXzGVOvHkAUiMMy6aZlzggVkyjyTPYnqVL1vyJwS6eWmdKvPBvCveOR6qfEa7CGl+aaC2WNergTjaRXC9n29V06Ube6kXdelqzldUgU5lEBpB68zz3aUwDd82sayM/w+uReGg2Q9rUyueJZfcQUkkmHTC7F0okDaj3guYgRJXGAdRDs8ISegxu8B5NtRP2+GzlFgnc/VfP7TX3QolMa0CzFx2ePpMbfoA4mtCyheY9i8adceIGlyNBEMXFm1BDi6/KWj4F+JoafpQw/uJdJ009K8gGEUQaD2INvKK+3kIu5AhCdjYvdb0xlm3Kb8fWq1g48C8+7VSRWgbcJqAPcthKoLk1Dq23Iuuxkln+pmmTonQ4nx1uDhpfI6+OnHQSMgyzTSXxObr4quImp87AxQPtsNHiUoNp8Iho7hjYJr22CB6K3xlj++xsXGH+VR++6uK8Pv2qj20yRtykj/6Z44CjlWaXnq0cFAoF5Q0lldUYfksX10rLb6WeW899WtClELumS4fN7oUS/Vg9KzceYPR6lgW/pY+sZcVvcWkQbrJq+E+V03b1p/SxMn576DtGMbXf4tE5NozNPSIgk2Eua8J756zIepBkNL7qpR8m10DnaeyJv8m+r4fQpsoFfpjeigC/oGKdz4z4pC87Iqdy8E42Ny72NOo5YfepgozUML7uso9v+m03yTmctF9b8co7D/H7LJzoDPW2j7OTn7I9Qhi33GyZ5hCVknPM6z2co4kfsSMiHSEEyqx1vIxhTlFBA6aeVMug/Qrb35b/CpRVnzN5jKQbJTbSiUsY/PIK7r+ykwtJubp1pAPWYNCkmJvrL6Q/pp+PxGEmOZaeLHIVVHjsjKv8sePF1RjHH+JxLinY9o6M/yqyT4/lg62dmPPXI2KfcptASVCBgQQpM0g4MhDx+7inbiktKzpscLmyjALn0/T1OTqiJl6cF/eErU8Q8/Arh7pVlH/Vh6/GgE7bVMK4SV/9s+DJmQqVefkaID8rWU3CNSP5LTNKth1e9nh0bS0rk/7VGNBH1rLgt/DeQpTiAaeWKggePYddJkjbYywdLskYBRQcn+bHlG2+zDmUyAORe5Skeeln3jYrFQWs4Err3qOYtPQPTm/tjCJ8O39mGfoUBVfCoV6PIbzoWEjy7cwkEhISSC5uBFLJi4HDzEiLDuZy8d0v8opPn4W9euwGlV3H80kfR+xyZ2tibhrSWV54NIA7f0fmG36ztEtEJhQku9wG0v7VlJ8cF6J5RuoZLoa5ErA4EF9HtVKaRRwnGs01EY38ICsqRCuJ0k2uaCcyqemPr/11Lh4yzt2LKQnx3P3n2aSd1yVrHjIORGpdUxDOqctg39QTgPpeZmQQQlhmwb62wpMGhlaopDqsj4ZaO6Ii44lAXR/d0IXKbi2oTgTXb2h4e/XsY+XLzcgiPr98FXHExGjp8PkfuZbTnzEz2+Ka6+dvRxwjO+/7NX3wtLlO9AWNBA8jDnNLy5w1egHSow4/cY7XEKhq+uBZqXA9F15dcCSMc+e1DH3EEe7gTlNPDV/vn9X8XpZznch7Wu3l1REHTnDAKIM0BQkJCdy9X/o80sc2GYLEiN9QMoCBHW0KmQhVlDC5n5wanUbTueY1rv1dQrI9epJLunTYOLZJjtwach5pbL1ZXCTJWjzQ5XN08dUMN5p5w+21wUaZNDZlki5j6XBRfNXFeb36VU/bVJK4yRj6Z1iEG2fyfi3MbxlDVt1+q+RcKy2/VbnlcOyK8Cm6dFhV0wcPm0vERWhmkrKiT3NXazLAGPUsC35LH1nLlN+yssPv1WHUJ5yrt8veGEUfv6VrjKLiJqf+guajZ9O/SSWsAUEYF68ZFmeWiwHyte0TWLjxGFei75Jw+wJbfzpCNo1pYuC1fYIMFBkgrIuYGTvVEU+H+gSuKoErt3YtUX44M9zwbw0RS9cSHJNIfLLGadRvAoqo3zmcuy/t3r5RLNhryEyXHb2ntCI5eBbTt94k7v4FgiZN44SVVQEn38kPrv+0g5uAUOzns6/IP7wuKjfAuXYUoXuj1PV6dI7l09cRq6UKdV5dTIMKK/hoVjAR92I5t3IUK6K0ZezCpDlmhM4ewDsbzhOdGMOVM3v5aVYfFu0yrL3yknS1qluyJF2Fmt7EcK5eDCEyCrJI4Oqly1yMjM0P9nTJmocY5jHzi/NE/XuFQ7PHsCOhH6+OUm8yqfhqEAFV1zE/cDsXYmO5cnQC01ea03BGoOHbxo2hwzpg0eINarOHoHVR3I1LyR+M66MbOvvTexrDPE7x00C1/secmcqH2ymQPKFyy+E4cIifjwhAQdSWGWxXac0gevWiNuc5kDtwUcSsYsZCzTPM6cqwofD3xAmsCfmH+OhtzPjkDNqxo9OQnXR3XMnU3svZe+U20bdDOLptMRNGbND7PkZzejPpY7g0O1Ct5wl3iT37C8vm7ycJEDUDGdHuOjsmzlaXEbGByROPUMllJL0c1XztM9aP+7vmsea62tmEfDSew2gl/Wk4k3f7hLLx1ZGsP3iDmFtXuHhiDUtef5+fDVWBW5/Qo44DL48s/Xtf9bFNBiEDVEVkl1bmrGOIgyPtOx8sWdBdEZQVir+K5NO1Gimha1l7/n7BAYIOHdYH+timRi9AUnAQu5PUE017Fq7luhZfdfkcXXyVYccrnw6hUvQYBn68l5DoRGJDg9m5biwjFocb3F7GSNJVeIyQRMzVEC5eV9v3tLBIQi9c5cqdLL11WBdfdXFeH+hjm0ocNxlB/wzBuelO1HXqzJJLlLrfMoas+vitknKttPyWquFMPnhJ7VPWBt8gITGGi4eW8XnQHb10OK+eZyauIFyhvmXh+4VH+FcrMjZGPcuC39JH1rLmt4S1DZBBZnrZG6PoN34oeowiwxEPH7i1+7D6c5IInt2H7WmWBvHVOE6lJDjdQdiD4LFXTUaIHblfifn9LfFyGzdR29ZCyMzthUfHcSLoUk6xDqdv6ILwGxReeBKHHe7CBnvx1lZVsUXK2lFHOBRxWFwvxG0W41pXFnIKJiRRKcPEz2MaC+datUS9Rh6ifZdl4rsJmsQB+hxeV4kH4sxif9GsNsLGwkO8/NkyMcIR8eo3Wr+5uU6M8EZUreksWjQfJ9Z/8VKBZySfmCn6NbMRteo7C0+P7uLtTZ+LntgXSNqQcHiM6O6BkJvZi1adV4tF/RHezU8U6I/Ta/uKTh62wsrKStg6+YpOfWaK7deKkTDAhEm6Dgx7Uj8r0138kKSvrOokXW49FotFfa2FraWlqFO7n5j/x78Fykk+v1QM97cTtpaWwqaqr+g7+6DBCWyMpcP6cOn0Cn/hUcVMQMHkGDp1I3bGE0mljk1RJ23IT/kQv06M7VxZ2FpaigYNxolv57QTdbUSzqjEA3F0qbdwrlJZ1HZrI/pMXi3GeWsnw8oQoWsDhH/9aqJ2XQ/Rovk4sW5VH+HCYBGUl7RBdVZ8P9xN2FtaiOrVO4u3f3hXtKej+EYrsUZG3BbxQd+mwrlqBWFV2V7Ua9ldjFlyzqAEfI/ruYNzZzF8UZhG1vt/ikV9nYRz1QpCbuMs2ndZJo7fL/j7o0vaiWb1awjnuo1Eu7eniP51CybIUCnDxM+TW4lmtayF3KKqqO3WRgx4a5sIyyg7yU6yxXrR/ym23gKPfN3QyzYZkFRPOzHe0xLNtJEhmr9ZfFnzEvXkJ/4oDpeUYWLDQGthb4WQYSsGbRJ66rB+SX902WGl6qxY3RthW7m2cPbsLt5eP0O8SNP8Z+jyOfrwVQghEoJni8GtnYWtpaWQ2zgLn4Dh4ot9/xrcXqZM0pWnE4/raKtcPujrX3XxtWjO69evumyTzrhJZ+yl24YWJ1liYQnvDgxDVKW/+OmOeAZ+y0iy6uCBMbhWWn5LqTorfpzSJt+nuHgPEV/uTdNThzX1dK5VSzi7+YshHw4ULWhdIHGVMepZFvyWPrKWJb+lTorVVMwNLf0xirH8lq4xiniwU0zubi/sa9YXHm7+ou/EDWKKP6LjpJt689UYSboQ5QSPkreIEY5FBTMZ4vhbRhhoneop6uAv5p59VC7apdgZb4szOTE1XDzveLayGkmHyxiKm/HWIBQ3g6aEMmebVNk3xYY+iEY+e0R6ERNJ9vmZg4sHpbgjVrdHNPPeI+LSy357lpZtKhW+SniOeK6eaGrV57xIf47kkvyWhLLot7LFetFfhug570654Ft58lvlboCc17hWle1F66aLxYEHRRjpugWvHipe0BQmfhpWXzhXrVDylWQTQKk6K377dp84H58i0rPixNGl9UUdxon9CuO2+ZmgjeJweKLIyEwS0X8NE83xEfODn88BcVmR1Vg6/KwRc+w78euxW+JBhkIkRf0gRjQozqqELmu4U6zffUlEPcgUGf8eE6v7ILx89ogHQkJ5tk3XlyDkFlWFm/NgseSUspBvqVesjBGQJ5/8n3jZt4qwtbQs0UpyebZNpcJXCc/vwCBxrniJbiUK+iW/JaG8T6aUnt/KEKdX+ItmzjaiMr4lW0mW/FaRA2SZUqkUSCg3UJkd4MsOfVl5OYeE9Iq4eg9h6jdfM8zf3IhlxLF38kvM2HyH6ORsqtcMYMDC7/lqiONz2J7/HVlLC7c392TQrDOEJDzCXN6YrhM+Z9mnXXAUKqOVIbvyKQOGrOJIZBKKCo60bDuFBZvfoV01ldQBz7Ft+m+1Z+nYptLgqwQJkt+S/JYEyW+VZb6mpaUV5GtOTo40QJYgQcJ/x4Cbh/Pr+FWcqFB4xptGvRbzdoA0sJMgQYIECWUA8VtZ/PlJ4s2enjTTXOFCj5nv0rmOUmorCRKKgUePHhUcICsUCmmALEGCBAkSJEiQIEGCBAkS/nPIzCx4/VaF7OxsqVUkSJAgQYIECRIkSJAgQcJ/HhWedln0fxlmF/rQspsLHz1YQU+lAZMHZgr2j6zL3OS9HN/WqszKp7Q+xVzXV1iZCGBFz0XX+WG4tdTxpYy07fVpN+ZtVj34kLbKHKlBtCDMk/llQAMmn61Nk/pjmLnzXV6wNV0bqayu8MvbgXy+N47Mh0P55sFSAvTpkzuf8mLLb7iUA1b4MeP0QSa4Zkkd+B/A/tE1Cdyp/tvNfzundr9Q6HcjF9TkzQ2rOHjlNWzFc7hhS+JBmcDRiTWZHl20Lj6XsZcekIWPpnmXPTy086X7uyv5ZrSzSWV5eH4a/3v/V85dVeD7bhjbptnp9bt/tzfGd8w9FEAtJrNaig8kSCg1n2NpWfDYXYX09PQSP1RpfYaFLV4j5b14FvcxnWM8Pq0+i1L28NvqpgXeT/2zMy3/F4X2UF9GVV775orB9ZHZdKdrj4rYPUojXWXAWQ4zBZlKUKkU6GrTZ9pe6d5MPxvLNOszfNb4NW5lppOeLu2yL22kZ8kQZKNITyfdQAdYGA+MOoDf1ZieE6fz4+3hOKtMlEDkn695rd0FBl7axKtVtQMiS3r+EEvAw9181GUCX63qT8tJtqYLzE58xLzNNRjy259M9LGB1Iek68NXu6nsvjkV/vmaV9sdISsjnfR0aWBQeL8aD0XZ0OPT6hO4reD3bejMp5eCCtTn0qf1GX/wW3b/3cPggWv7r2OJ/Vpd1uyYzCJtvrn3m7wwtA7KR+mkI54/vko8KBPIzAGVMhODY7pnzFd9Yy99+Fqob3T5mr+jP+Hqqs68OXMZvw9dSCcTDTxFhQR+mfMj8cr1HAh9idrWqif6pDC+2nQ/x9VY9ecvTSxefPA84lnHPDkVDzDTdRRbH6r/r8zLfHh9Ha9b/nd34D6PPueJAXJqamrJjV9OOlkCshSppKaazjFmZKvLeqLO3ivY9ssjsqIWM/b9e7Rf+iWDG5hRw/EBqakGBiR2/XhnEZCSjEEtI8tU10+Zga42febtlVuHTAE5WWmkpkoGuLTxKEOgJIuMhw9JVSmN1q/GrJ+KTB49TCXVVNlsH2WRQzaZaamkmmU/JdDwxdcVwq/EkJrqZjJZc2Kvks0LNGwgK5QrRfL1URZKlGSmPyQ1VTqyoqtfjRJwF9EnHu/sZPfAHGK3v8qczT2YtGM0Tcwr4mCeVMAfpGeBUmSQlpqKeTFXdjOyQaXD5lf1m850P8hJfUjqc8xXiQfPFvroYlnkq76xlz58Ldo3mlOneStsiOP2vTRSLUwjq8oqhpvxYNu7ETY5KTytKrr4WpL44HnV7Wca86T5Mm7DLl7LziY79APGfZqj5ovFf9fOPY8+x9bWtuAAOSUlpfCZMPOHROxawLebThEWL6NK7TZ0GzuDcR2rFDR+mY/IUkJWegopKU83fplp/5KmsKJijSrIizmLnpYFOTlpPFnnKlRzqIIsrTIWPKBaDQccq2dDZjIpuWeuVRZ32PG/1znospjX5atYszuWeGFLo36L+XZsI8zC36f//04QD1SmJx+c+pCOj83cpV3dwjdf/Mjf1zLIMq+Bs2tXRs0bR9taOSDL5FE2ZIjr7JzzISsO3CLd3Iduk+YxqZvh7WWUGZ5C2yu3DirIzkghJaXgwXSVZTT7F3zGrydvEfsgA1mlRrTuOZ7xY5tRU6hAlsmJOQEsTZ3C4Crb2RLyLxk5Hk/I+uDCEuYv+Y2Qf2xxbTaKzpU/57cHX7N1VUuU1mf4ustkUt4+zic9ZWr3dXIoPac1Y+bJ9/FX5cC/B/lm6UZOhd0hPtWMGrVbEDByMmO71tRU9v5elnz8DQcvQVXHrgwKuMmPPzTjo5Nj8VUp9dZhXci8f4gflvzEgQsxPFDWpH6Troyemdv3QGrsFpYtUOuGqOpMm5enaNoLyIz7nWULv+ZgWCZV7V9h0It1EWSSlpJCSq4DfHD5e75e/hunr6Uhq9SIVv0nM3WEJ1UeCwaK6ldjcS09wxwl6er6PWb8iurXvPZe90sk12NSSLVxxKfpIEbM6od3lcccfaoCJTmkP0wmReQ81f6k50BOduGyGsUGp6uzVWcnJ+f3hUF8TVWQgxJFagopKY8ZaR06nMeD+P4fYn9+FX9dS8fCuhMjF39IzwbqNhGqK+xfOIfVBxJJt/MjYGg9bi4Jo/3W9QTWyYa7qxjZP4JuO7/l9Zrq8kOXt+PTY/PZuLUzcgQPzn3P1z8eJfzaPzzIqIq9d0eGTH6XXm7mevUrgFBG8+eXn/Hj35HcTbbFwasrw6aNpYubuUH9CpB2/z6ZFpWpXsWyeAF3UX1iXpNqDpBeHcypSg0HBxxUSkhOJgUIXdqOcTvyvjyZdl7qv9w7ruPHBY0M0uG0LFAWwsV/Nrdj4HL13w52H7Fub7cCXNbZJ7n96jGrAQk/HyIsXoFDnfF8sLIfjayUevPVaNDVr0XwwBiylpQHVuYpOvtVmD8kctv7LPohnNupdWk2sj81fvmS1LcOsaCf3DAeFAGNX7pIWHwmlas3wW/IFN7r74ocgcriDsHLF7JmbyixD21wcuvKWzPfLVCGNl9dWgwlwKagLpYXvuqKvXTx1RDfKEvNwZws0pOTSbE0zcKAUn6fTCUI8xRSUoTB/jXv88fjA229KUqHk/e0Y8iqAbw59A5/bAvlbpItXq9/yEdjfDT2p6i4SaRzYk4AK9O+JegL9YqteLSD97v+Sv3vtzDBK1t3jKgPX3PjqvVLv2XvhXs8yqmBj89oxizo8YR909WvZD3kfmo2lhVrUFlu/JgHoEKNGjgA2bHmqMguoEM67dvtz3hjUDRNhtci+vB54lKscfN9h0lzAnCxUhmtX3VxXmVxh+AVH7Fmz1ViH9pQqZYzzfvM4JNAlwKxrj59UtZ9TnFQt27dgvZCCCHtr5UgQYIECRIkSJAgQYIECf95/B/PQnhqDqeiJQAAAABJRU5ErkJggg==" srcset="" sizes="" width="968"&gt;&lt;/p&gt;&lt;h3&gt;Writing Subtitles to Text File&lt;/h3&gt;&lt;p&gt;Now we would see how can we can write subtitles of a YouTube video in a text file. For that first, we would import the modules and then get the transcript or caption using the .get_transcript() function and store it into a variable. Then we would use the built-in file reader of python. The line uses a context manager so that we need not worry to close the file after our work is done. We open a file named &lt;i&gt;subtitles.txt &lt;/i&gt;in write mode and then inside it we would iterate through each element of the list and then write it to the file. The code is as follows:&lt;/p&gt;&lt;div&gt;&lt;ul role="tablist"&gt;&lt;li id="tablist4-tab1" aria-controls="tablist4-panel1" role="tab" tabindex="0"&gt;Python3&lt;/li&gt;&lt;/ul&gt;&lt;div id="tablist4-panel1" aria-hidden="false" role="tabpanel" aria-labelledby="tablist4-tab1"&gt;&lt;p&gt;&lt;code&gt;from&lt;/code&gt; &lt;code&gt;youtube_transcript_api &lt;/code&gt;&lt;code&gt;import&lt;/code&gt; &lt;code&gt;YouTubeTranscriptApi&lt;/code&gt;&lt;/p&gt;&lt;p&gt;&lt;code&gt;srt &lt;/code&gt;&lt;code&gt;=&lt;/code&gt; &lt;code&gt;YouTubeTranscriptApi.get_transcript(&lt;/code&gt;&lt;code&gt;"SW14tOda_kI"&lt;/code&gt;&lt;code&gt;)&lt;/code&gt;&lt;/p&gt;&lt;p&gt;&lt;code&gt;with &lt;/code&gt;&lt;code&gt;open&lt;/code&gt;&lt;code&gt;(&lt;/code&gt;&lt;code&gt;"subtitles.txt"&lt;/code&gt;&lt;code&gt;, &lt;/code&gt;&lt;code&gt;"w"&lt;/code&gt;&lt;code&gt;) as f:&lt;/code&gt;&lt;/p&gt;&lt;p&gt;&lt;code&gt;&amp;nbsp;&amp;nbsp;&amp;nbsp;&amp;nbsp;&lt;/code&gt;&lt;code&gt;for&lt;/code&gt; &lt;code&gt;i &lt;/code&gt;&lt;code&gt;in&lt;/code&gt; &lt;code&gt;srt:&lt;/code&gt;&lt;/p&gt;&lt;p&gt;&lt;code&gt;&amp;nbsp;&amp;nbsp;&amp;nbsp;&amp;nbsp;&amp;nbsp;&amp;nbsp;&amp;nbsp;&amp;nbsp;&lt;/code&gt;&lt;code&gt;f.write(&lt;/code&gt;&lt;code&gt;"{}\n"&lt;/code&gt;&lt;code&gt;.&lt;/code&gt;&lt;code&gt;format&lt;/code&gt;&lt;code&gt;(i))&lt;/code&gt;&lt;/p&gt;&lt;/div&gt;&lt;/div&gt;&lt;p&gt;&lt;strong&gt;Output:&lt;/strong&gt;&lt;/p&gt;&lt;p&gt;&lt;img src="data:image/png;base64,iVBORw0KGgoAAAANSUhEUgAAAzgAAAE1CAYAAAArjUV1AAEAAElEQVR42uxdd1RU1xP+tu8KSO+9KiiCNaJiJDY0lkSxxBKNvcT+s/cajbE37MbeNRoVsSt2LLGhoiISkC4gSNt98/vDQhF238KyQnzfOZyTyOPO3JlvZu7cffcuLzk5kdq3/xFTZ0yEMtSpWQ8cOHDgwIEDBw4cOHBgh9A7N1Q+w62xNQ8+ZwIOHDhw4MCBAwcOHDhwDQ4H9UFvcXvbTIzbEIpczhrlD4pnOLpgKlacSwJxOnP4z+WfZJye8xPazTiHbM4aHDhw+ZkDh6+pweFJjGHvWgPeXnVRp2ZduJmICj3BICqwDSwsO2BzXDEh+y4KocGncTdRCyHNShYLnTUGJbIoFTf3rMW2kH+hKM06JWEbAixNYGT0/sey92FkleCZMsjmiLuwCH2a1YabrTWsnWrAp/UgbHkkV2uU9EvT0di5KlotvafdRlD+CAeXbkTQk4yKU4y+oM5fhmNahDbzmFYc9g7Pr13AzZepWuSKZnJCqXNveZX1VdfKigg17VMeagoLv2u35n6NHBPB1OX9mrqWZw1UsTWGlMdFk5YbHD70LexhIkzFyyf/4J8Hd/E8uTDdeRBLJeBBDLGwmJh+vAmDe03G4VeKMp8AO1mqddYcyl4Wz6gtlpy/hMshh/C/2qISP6Px9VPyEYzvsxA3TH7Cgu2HcGjbMkzu1RLVzATqjIJ3UeF4mZKM5+Gx3Cdd5RhfgmNa7R21mMf+q9BMTig/uVfTsr7aWkkpuLVuGFp6O8PS0gneLX7F2ltv1G8CNDVOueSYtvyu7ZqrXRtmPT+AYd/YoebkayWb27vH2DMxAN+42cLSyhW1/IdizbUkMPnsl3J3ByZ3+w5eTjawsHZDrRYDsPRifL5ncpEUcRf/PPgHj16lQmhsD8vK3AtUZY1C9BJAJOJDnpGC1KycYpIED3r6lcETClFZt6K0oNrUWQuyBAawrWIAMK9xRYdX8mc0DEXkQzx+Z40fRo/Aj/VEJbaf2U9rcdEjEqIq1VGJi9Hyiy/AMQ4VC5rJCV9pnv/P1koG/+4ciq5T/4HXyAXYXhe4ETgD07r+Cr3z29DNmq/lcb52v2u75mrHhvKk+ziyfgn+CDyBZ+8YWJVshwYnxnbG8NMuGLFwP1pbpeLKmsmY1bUfRGf3o5+TAFBEYO/MP3DFvAfGrZoKK8ULHF0yF3N7Z8Pq+hZ0Nn0/R0aRC0YB5KalIF1uCqlICCCHKxJlCH5h4vEAgJTvfwiNTWFsZgGzwvkj9wom1DCHWbMVeJ79HMubWXx4fcUMbiPO5rmSScKN9aPRobE3HK1s4FzrewxZcx1JH8Qyrw+jX3Ur1Bp2Egkf/o0STuBXLxvUn3wZaaSGLFU6fyJyEk6ObQxnp0YYcyKxVDtAqmTlXp4N3yr2sLR0gIdvT8wLjkaBFzZU2EezWSAG5xb3RzMvJ1haOsO7xUAsPh8DtV4g+eiLpkvxNDsSq/0tP/jCCi1Xvfy0i0EpodgyeSB+9KuH6q4OsDSzhJVDDQSsfQYF8r3yZOyIWt81QZ3BxbzypMo+lIyz87qhpY833OytYW7hgGrf9sTcoKiCOziZT7F/cid842YDC6sqqNthBe4U2uSi9AfY/r8O8KnqAAszK9g4VUOdFtNw5q2aeTLhCEY29oKztSVMze1Q5ZsO+N+Oh8goA52VIwenh1WBZcC2T7GVt1N1CL1sqmLkuRwN8zAHMRfWYGTAt/B0tIa5hS2cqvui25oHeTxTwUP5P2vwU8PqsLeyRxWfLhg57hc0qeoIR+/2mHYq306ZJnRmm1s0ETsAIH+N80sGokVNF1iaW8LKyRP1W3bH/HPJeXmIzbzUnjsh9foCtHR0RssFN97nVU1xnmVOYGNDVXlDrTyvyd1BJbJU2pAlx1TmDTb2KW+1Uv4I21afA9rMxboJAWjaLAAT1s3G93QOa7aHsY8fTY2jyfquKj8rHuH3b63gPuZCnt2zj+AXSyt8H/iKda1kxQ0Wfmddc1XFKdv6pbX1mByPN47F7As6+GltIPo7lvAT47fnsOtIIryHLcKE9t/Au24LDFkxDwHS69iw4/77+Quc0H/vDZwKHIPurfzg16Yv5s/5CdYZt3AjLLfIvPthuc2hrHN0Ec21SjKJ3H/E2NF8uBb+a1EtjPnrMnr9swo/DbqAbwN34NdqQgA8CPSt8H7/LhO3FnRCx00SdJv8ByZ46SIhZB2mz+qBIXrnsKuHDfiW7bFo9U34dxmOX2ufwPafK+Ho+LE4bPQrjkxpiMo8trJY6PwpHp7j0tkneJMCnA15DnkrE5R0v1GVLIHltxgxoS3spG9wY8MsLOw3DOYh+9HXjs/OPhpz/1uETO+EbluF6DB5OaZUZfBo90LM+ykASftOYm4jPZYTLt4XMlPrT/oyCZexbeMJ8HrMxtxJTjDTEyInLR5wsoMAAIzaY3lIfWQoEnHg145YVqQwFvahdwi/ch53dfogcGMLGFEcrm2cg0X9hsD44mEMchIAlITjYztj6DET/DRpLeY75ODZxW1YWuA2x1zcnN8bY/52xKjftqOFoy4UabF4HimCk5rbXDwDT3QYswidrE2hQ0m4v3suJo/uAx23S5hZVwxoTGfVexrmVubgPUxAMgOYypMQGcPAzNEUksR4JJIFqpkLNMhDBrF/DUerAX9D0KQfhi2cCDczGbITIvDWwfa931nwUBH7ANdf2GPwvtnw/HsE+mzVw4jtu+B6aASGT1yJtk1moa5IQzqzyi0aih2k48rMTvhpE6HNhD8wsaYpkBiEuQM34tKTdIzzMwKPlS/UnTuDhAtz0b3PdogG7cD2cfXe51VNcZ5VTmBnQ5V5Q508r0EUL4uFDVnWL5V5g419ylmtpMSbuPGCh7rDGiFlazf4/paJYYfXoWktHk5cv4VkqgYznvbG0ZjfNZKfwZrzKrnBwu88VjWXRZyyqV9aXY8JUX3sCdwexwNPfhezp5fM1/TuLd7KAX1D/bx+pFIN1HIH9j96jHR4wwAATyTKt5gmpL9+jbcCBzjbCYvZWuKg9QaHJ9KDngTISc1W6gCeqQ9+7l7Ub6QwdXSB4RsDiHgiGNq5wrUQgynhEBauicJ3i65hfifj96Sp6YHc294YvDcIr7v1gzWfB/3G07Bu3F20mdof/3tsjKCzDhh3fDRqydjLYqfzx4irgxEr50PnPOHbfnVRmpcpVMniOzVGQGs/SAE0qpKMi7Wn4+SlN+jT3RhgZR/NOJ9iD2PpnxGo9r/zWDbIDUIATRpVQXa4HxYtO4zhDXvCnFWBUMcXMri3+gntm4qL6Pwqw8q5MsDowrRScZ+EsLDPRzvb1EGrZo0hBeBb7S2u1J6CU5eSMdDJFBR9CGsPJKDOtL+wuL89+AD8GgtwZcM1xOdttyEx4Q1g2Bw+vj6oZfI+SdctUVV0ROP2jp/+17t6FkIO9sP1mzFg6jp8WnyWXmdVEMDa3gqIjUGsgmB6eCQajUzDtJuH0DsuGnF8WzjYCFjGKZsPb25gxczDSPNdgAs7e8HuU537Vi0eGrwPLLjVqoXmmTWht/UNXOvVR3s0wJQDz/D8HVAnR1OxwyKPaSh2KP4vLNvyAlVGnMLqYdXe553sJGzlb/zkUza+sEpiHxegLDzZNQT9Jt5EtRmHsLq3R77XUjTFeU3bUEneUCfPaxDFy2JjQ5Y5k2XeUG6f8lUrFfFxiKfKqGchQ9rlV0hMzkRUaiV8Z6ELuhuLBAVgJtTeOJryO6OR/MyyVrLiBgu/s6m5bOKURf3iaXs9xuOV+kMSnkkdfOMMrN4aiJCmY9DIQoh3MS8Q/ZYAfg5y6fNPYnJe7Mao6adhNWAvejoU9fFuNrKyAUNdPYgTk5DDdTtl3+BUtvWGi7EYyIzG48Syu0Q092Eo7r5LRfIwT1gNz+dzeS4Yh38Ry+DDIkQCz+GrMT3ED2PXh6HmlHMY4iEuQ1PwYerzCyb6aNcBfFMH2OsSHsUng4ExFKztowFfhN3G/VxrdGnkmEcEoRN8G9lg/t67eJzbE+bi8kXY3BLah29iDztd4FHyGzAwheLpQ4Qx1vipnrWSXX0pmo6diw49xiOgVjDqt/4RHTp1RYCfC/TU9IEi4RrWz/0DOy88xL8pDHRNdJGZSbDJLH4zoWQ6q0zZ0LN3hElKBP59m4LkoGvIZXIQfC4BXXWjEG/uBEcZkHtbMzxkom8jNIaPumPawFZQch7WL2AYHnggEPPxvxkwDJWYG18ydnIf3cI/OZYIaOJWbBFnMy9TNeaee3Eqfjguh9fcM9jQ26nQx/ia4/x/Mf+wbe6+ZN7QQtXSUK0UwnvCcdzprYCptQgXd3zpcUoHuUbyc/njBqs4FaquX4IvwrHSUrQ6hq2ajfBB89Ch2jLwhQBJ9KGTo4D0B7MPn3rn4d3DTRjw00w8abgU+yfXh26Rg2Yj4d8YGLs5w7OGLRIj/kFkGtfllGmDk/46DGFp5nB0MIWZbixeppXmVhclnTMRSGCH7uu2Y4h7QcrzRIawyRcoiuhrOP8oB/r6QoQdOYC7AyehTiU1ZFUICCAQAAzDqG2fMt6f/HIm4ZWSP0zRCVPABxgm7/1XHijv/4uBxKUr1lxqjqGnD+PAoYNY/PMqzK81Cpv+HIuGRixtxERiy4CfMOOlL8bN2Iimrvpgks5jfu+5Knb2SqazyqB3rgJnXghePjiN8OveGDFCjk1/B+NOnUiQc3M4CzXIQx4PfAB8Hl9zPOTxwRfwweOVPLeUOo9pKnYUCigggkio5G/YzEuNuBBWbYue4iCsXTAMv3tsw8RGRgU01gjnK3L+0QDY21AJx0qcNzTNZw1XPDNzmPHSEBf7DiQwgJU1AEpGbGw6eCbmMBVodxxNUlZ1fn6f0xW5pTwhpBY3WPidVxa5rlD9qqDQ8eqLjVd/xtu4GCTlyGCYdQBdG8+FtF6NfJtShLe3l6NH1yVIaheIv+a3gpWw+DWfvpkZZFmxeP4qDunZXHNTdlsxH+NFno3M1DgkvRNCT09WukQokUJK6UhL+3ylKfKohRqiGITez4Ktqytc8/24OJhA+vHBrPtYPmAirlWfjROnFsAvZiUGTz+HFGIvS82MgYSrWzD/t024ksB8MYewtg8A8MSQiABkpCO9uBhR8ozIvRY8RdG4EhKR77D3C1wK+Rei6l6o+sVu/pVCJgWQmopUKoV9VNo5GpfOPlV9j4nIGNVb9cX0dccQemEa3O8uxaydL8GaJblhuHknC+7dJ2FE+wbw8qiGmt/UgK2kJNxgqbOykmRcBVVNonEjcCdu1O6Efn06otadPVhxMRKWHlVRmac5HvKtvOFtweDm0eOILmbPRF0eir9bgidRW9FJr2y4wSqPaSh2hE5V4MyLQmhoTLF8YjMvdebOM2+MSXuPY03rN1jdPQDTzhfxJYSl5TwbPpfb/KOpCbKwobL6paG8Ud5qJc+kDuo5EULPXPxUzynlEs7eIbh8UwcFe+jiZak3jrZqt4r8zDeBmTEPaREvUKplhjrcYOV3JTX3i8SpNtdjbGSJoGduDweztzgyayVuGbZDvx8s884Xx/2FUT8vQnzb9Tjwu7LmBgBPBj0dId69iUNKZjbkDDiUEQq5gUAE8Pml+4BVaF8d7nqJ+HvpQjRQNIapPBZPsquhTzsPCM074H8DNqLD8u4ISP0VvzTzgIkoE/HPomHo/wua2fIBZODab0OxMLol1p7tjSqmwOLfz6HJgDGY3vw0lrbI23FUKkuthBGK5b+Ox6oIYG96NVyf+w2+RH3lsbLPx4crw62KJRRbt2LxHgs0rfwGkaiBn1tXyZu7smcsfsTIXmvQaVE/DJf8Dx3dGITt/QOLHjmg174fWJ6/KQsj6MLD0wnM6i1YsN0CrY1T8VLhid5t3Vnyh42df8TI3oEIWPozetP/0MvHFtK3txFNyOf3LFxeORnnZN/C19MOBqIsvL55FzG5Ejgb6bLfBBC6wctDiL/2L8OG6r3wjZUOKO0+onPU5QYbndnoUwU1PHKw7tQjBGzxh6m5HJ19ZmDA3wq06+v6njua4qH4GwyZ0BKHh41Hu5+eYFBXX1QxEUP+Ng6R8MLP37PjYbamY6e0eUxDscO374C+LZdjyPy+GCsYjTb2uYi8tgO35ICtGvNSe+4SB3RYuh9iXgcM6NMLRgf2YlTNSprjPBt/faH8k3lzITr0WINYn7k4tOknOGj8fSL2NlTKMQ3lDZS3Wimshp5DmmDT6CkY6KLAoLrAzcDp+Bt+WNzdvaAuymSpM44W/M4qP/OM8G2r+hBPXIHRC40wsJElBG9uI4agng/U4AYrvyuruWziVNMfQmhiPZadiBcRCciWRyAxh5CbHInHYQaQGdrB2aJSXhyqkJUZ+wSPI6Lw/J9LOLJtO4Ji3TB8yxy0/tRB5yB05Vz8Ta2wqIcNkp+EIfljfte1gout/mefK/D5ABH3yY2WGxwNQbcFJi8ZiIRZWzGi2wowujao1WshurT1gD5PB99MOYC/bBZgwebVGLMtAe94erB0a4ChPr0AWz6ybi3B/9anoeOmOWjz4Q5xs7azMK15Y4ycshQ/+c5CfRkbWepYwhmNvnPDjgMEv0bO+HLf4aXaPvl3FeoMW4BfH03Cn6N6YrPMCt4/L0THVlXyzV3ZM7poNHM/dhhMxZxVw9E9iQdTj6YYsWMmRrG+BapsaFlj8O8Y++B/WDu+N3ZJreDVcyE6tXFnxR+WJEXDGQew22wWFmydjl8Wp0IhNoCFmw86unxYhFAG5NkpuLRlLAKjUpANKQxtPdBo1HrM6mTKfrEncELfwA1ImbYIa0d0xYyUHAgqVYaRhTeaOqqzaGShM6tKrA+vmi4QP2mAXs0rAzygVa+2sAx+jNo1dDTMQz5su67HSdO1WLhyD5aO2oCEd4DMxAE1u87Gj62rwFBjPNQUN9jkFg3pzLdAwPLdSJ86BSvm9sX2LD3Yedu8/xVfoMa8SjB3gRXa/PEnpr5shRl9p8DzzCI0M9AQ51nyWfv5h0Fc6HncSUxDzsm/cCW1KxwMNdxJqZM3lHFMY3mjvNVKPmy6rcLujKmYuHI0ui8FTD1bY+auOehmw1dDlhrjaMPvrPIzH3a9VmBzwgTM+nM0fvojC3zZ+2faO+uUTU1h5XdlNfcLxKkG1mPysLXo3mIJnnz82OnlUHy7hw/zX/bhn0XfQsxKlhxha3ujzYZkmDtXxzctZ+DIgC6ob5HvcCATi1u3o5HzOgLDmh4ouI/UbBke7NHSrSccPl/qJCcnUvv2P2LqjIkARDB18YJ1Tjj+eZVaoCmvU7MeZy0OHDhwKGMwUevQrt48mAY+wOb2upxBNAx6ex+rfu6I2f/+hGNXZqKOiLMJ53cOHMoOoXfy3RXO04dDdVeIX/+Dp4m53Bq7DFGoMZYjO1sOgZ4RDKSZSFcQGEUuFNw7ghw4cOBQBsjG3f2b8FBSFY7mOmDehONM4HLc1G+JDY10OPNoGDkvTmHd2rXYeMcQXdcMRW1ukcv5nQMHLYAvEEHA50GoYwhdgRxvs+WcUbTb4BDexr5EnMQO9lW8IOQDaVF3C3SZHDhw4MBBQ2ASEXH5MBb9HYbolBzw9czhVrcdFu+dgDbG3Fdda3yR8fYlnmTWwcTD6xDgbcR9mTjndw4ctAARjB29Ya/3/kKv9PiXeJ3OncEpa/CIO+nEgQMHDhw4cODAgQOH/wj4nAk4cODAgQMHDhw4cODANTgcOHDgwIEDBw4cOHDgwDU4HLQCSsKJyW3gNz6Y1XeI/LfmnoYbG8bj11XXwJ0e48CBi2UOHP7zUDzBgRmjsTA4Edy5Aw4cimhwcp7uwOBvXWFSSQQ+X4rma2MLBQuDyGWNIZE2Q+DrYsIoIxLXjh3HrQQthBkrWSx01hi0KUvZwiAD4SGncO1FCrR1Cd7bc2PhbWyORvNvl/1iRJnfKQXXti3FxvOvIK8oOn+JcbTgU4rfAH8pDzze+x9Zp73I/A8lUGX2YTN3TdnnP2tnNWK5YuZwDcn6qmvufxVq2lB+H3sWrMLRsPQv1+Cw4IZWa+7XyEOKw7qWUvD5IlQycUWTITvwNOfrjKBCDU4GTswejk3J/th8OwIxMZHY+7NZoRtHeBBLJeBBDHExVy3KH65Gr46jsDdCUeYTYCdLtc6agzZllauoQkbkY7x4k4inj2OQUy78/l/UWZvxVXr78Iw7Yu3t+7h/7wymfCP6qjjPZu6ass9/287aRsWrF193zQUyw3eij7sunEaFlGzRnPEQ20a0gLuZDqSVjOHcsBeWhCTm2xwkvLm1CaPb1YaDUSVIdEzg7NMN88/GluEGYsVbS6jmhnZrrnZsqGluENLDj2PpiAD4etjAyMgfgTFFN2eZD1ajrbUQ4jrzEPbR5Dwz9NwdiZiYCNza5I+kjcMx+0TGV5nJC14TTamIef0Ohj5t0bKqDcTFEKaygT74IhEMdCvKZYva1Lki2kcz87botQN3PV9A5O4NHU5nzqcAIDCEvYchwETjog7v67IPm7lryj7/aTtz9YKzYTEL6sQ72L9iHuYs+wtPMhjYlGg9mYQjQ/3R90QVjF8VjB9s3uDC0lGY1KYLxKHBGOoiABTPsH38LFyw7IfpW36DtSIcB+dNxpSALNiEHUAPcx7HjXJZc7VgQ41yIwthm/vix/GhcOrSF/1+GwI3Wxs4F/GVAbnhG/FTq5m4x5d+9iGEzNAcMgAW/u3QwGgDnkWngIHO13cmhfJD8S+t+k5KloNOUTYVj+wzQ8jWeRSF5BT6Rc55GmYnIACFfvhk2i8ob0xFAl1eMYCae9mRgUxGRk4N6eclIZTAfFRjD3W1kZBTnyMU9+HfmLjD1NteRu4jz1EKo4YsVTp/BBNPR4d4kpFhNRr0VxwxVHIolZX7LwXP60b1HQ1JKhKRzNCa3H3a0rSTiXkyVdiH1TOKSFrWWEzSgD307v0E6U3INPIxMCCf6Zff25CImLQ7tGFwU/Kw0COxUEw6hpbkUn8MnUhlP18mbj21lOT5IE9m/ocSKWhKG/LxsCPTylISifXI2rs9TT7yknLUMS4bv3+YO9/EkVzNdUki0SOrGu1pyt+vKFcdnTVkH1Y6y+/RTG9xwdjL2kedpGLyXRpBCnXiKzeKTs7tSvXs9UkqNSCH+t1obnDUp7kTETHJVylwVDdqVsuVbEz0SCIUkUzfhloue0xydewTt4/6e9mSUSURCUQ6ZF61KQ3edJfeFg4gxb+06jtxseOoiCg63seEpC3Xf8oHn5C+mzrqmFH/k9nsY0cDstjah/XcS2UfNcZhYR82PlXFH43FO4tYVs15NfjDtl5oEMpkqcw/LHOCRnxa7mpuLt2dWZ8cG/am34/upVFVxeQw8hKp7bKUHfSjrph8Foa/z7NERG//pl8sxOQ+8WZezcjJKcC57IsjyEFkRYPPZH8RblDGI9oxsgVVNZWRWGZCbr51yUGYr16wqSls/M6GPyy4wTpnqqpfauYWbaz9NMWNd1cnUA3LFrT0foZyeSkXaKy3JTWed4WODrUlSe259Ehe5ORpsJWU/FZG5XH7K0KhBieKVvpJyXrwGaUNDhN3gdZtDKHEz5jwjuKePab7e/qRg9iB+u25T2FhYRQW9pjCX6d/IE4GXZtai3RNfOjXwGN0+cYlOvR7ALlIjaj1hsgPTmDozZkR5CE1pdaBTylHEU27OluRTq2pdD1DHVlsdP4YoJdptLOAAAE5jgqh0tS14mWl0YUx1UhayYN++n0PnTx3jk7uGUX1RPkTDhv7sHimQIOjoLhTE6i+kQn5zrhISZ/0yqHLo51JZNGCpu0+S9dDb9KVM3/Rn+tP0DO5GhOWp1DUkzAKe3SBptUvZnH1QR9RvZG0+/hpOn1sG8343paEOo1pabg6wlj4/aMsrwG04fBJOhO0k2a3tSORXlNaFaFgr7Om7MNGZ1bFiA3nU+ncKA+S6tagXksPUHDwPlrUozrpSNxp5Lm8rkwe9hvVFetQvcGBtPfYGbp46QKd/nsvnXqcpYZ9iCgnnM7sPUbnr4ZS6JUgWj+oNumJ3GjslWwNLuBz6c5UT5LVnkMP5USUGU8vnsVSBhEpIpaSbyVvmnlPzjJ2NCSLrX3KVYPD0j4sfKqSP5qKdzaxrJLzbPmjRr3QIIqXxSb/sKyDmvBpeay5DPNebu5NmuhesgaHiV5DTSUSarUp3yYjE0NrmklI0mYLJRf9V5S4K4CMZL605LlC+9xgEuhwbzsSGdSh/isO0slju2nFmKZkLVC/wVHtdzb8YVPj2ORMFvVLzdyizbVfqbjBJNPuToYksa9NDTysyVjfkKyqNachG25TaoHN7Rja282eHLvvo2hFDp37VUmDk3OWhtpIqcmKV1yDkxu1nTpZyKjR4melMkbu9XHkJnGjcddzP/dh7Cb6Xs+IOmyPz5cQU2hPJ32SNFlBrz4JzqQ78xpSZd3a1G9YSzLTb0QL7mWpJUvNlQHFXlxNU6euoguxZUMF5vVGaq0rppoz/8kLokIJh419WNnwY4PTcQvd2tKd3PSdKCDwHqUXWngf7m5AIo9hdCpeXvoJKltcffaJEpEiahX5SSTUYm2s2rsmSv1elKxXK6iJWEqtNsYXlKV0QahZ+yjVmWUxUhlf0euopY6Y6v32KG9HKfchzasrJh3/9RTD5C9qJtTnRHbpPhH4bA19iLobiKnBokI5pFQLeIYSN7cmmdUgOp3NUOLW9qQrbUIrIhWUc2UMuei2p20p6uSW0svSePOihQanxPYpwqcq+aOpeGcRy6o5r6ZPyw3Y5x+162BJfFqea24pGhzKvUPTPMWk5zOZzkZnEkNyevvqAk2qJyJJi7UUWwRZs8M3U0dbHaox7hKlfQFmKCJXkJ9USr5Lnufl2cL1Qq0Gh0UtYJHnWXFDWY5iU780vJbQ9NqvxNzIDqYB5iJybD+Xdp2+TnfvXqED05uTudCSehz82Hwr6N/tHcjKZQCdSGKISEWDo3hJK/10yDxgG0Xl0leHD6/k5SB4iD30HXviuN0ELB3kXGbv6uXeu4ZbGSk40scWMqkUUqkUUqk5eh5MgyL6FWI+ncqSwnvcVsxv8AwbV56Dw/i1GO0pKcOX9fgw9x2MWbOGoLF52cw+9/513M62gV8zd4hKYR/2NgRyzoxG075HYTM7CLsGehZ651UG/6lL0ZU2w9/ZDU16TkJg0BOkaenaNb6ZExz1CMlJyWV+0xvf3AmOegwS4pLUkPVl7VMijj24ibs5dmjcxCXvgJ3QFX5N7JHzTygeavjaGkX8JSwb0ALeThYwMjSDfc3ROPmOkJWZrcGbfHio7OgM0zev8CrtDU4fvYQcRSiOBcch89VLxFm4wrmSenFRWlkVEWztU1Y+1VS8F45l1ZyvqD7VXP7RTpyWv5rLCkJvjN2yGK1TV6G5jS4kYgkMq3XA6rsKyMwsoF/o+EPGvdXo3HQY7n27HofnNILeF1BZHvYPHihsUd/HTivnKrTFn5LWr9LlFs3xsDTcoPRoRKfw4fp9P3RpWg9eXj7oMHU5RtZMwl87T+MtAEo6ikkTr6PJb3PQ0ojF2R6+PfotngiHoF5w1LfD4JNf13VqH7wphu+sC7h2YCSqPNyAwPNppV6Q8Io/9AMSOKLPjlu4e/fup59/HjzCg6D/oUa+aw8UUSE4dT8HBgYiPNi/E6EZasoqb1DIIYcIIiFP2aEo1fZRw4bCagHo17gSLs34BTPPJ32WjCRVemHrPy9wa/to1GcuYl5HT7h9NwMXkkqQtnjq+oIPgQBgGNIsx4quYhAKAYZh1NJZo/ZRqjMfAj4gz5WXeu6k5O806lMmAmu7tcG40zrovGAPTl88jQOBQ1CvDA5zCl094Mp7hef/HMf+y3Uwfnw9hB76G6FPI0BuHnBTMy5KLavEnP+iBy5V26dMfVqaeFcey6o4r5ZPyxHY5x9txmkF4jxL6NYait0P45EcHY7H4f8i4cYkVONJULtBrXyXLRHSbsxH22YT8OL77Ti7+Sc4fqnbzXg88EEqYkmdmqIEavGHBTd4ZVG/NJVbSpxcS80NnkgMEY/Bm6Q3eU2awAZ21nxkJ8QjlQHSgjZj37+x2Nfj4yaVHlqu+Rc5d6bD27AV1he+CptSELx0NR64jcD+qxcxu7H4a2xwAJmJAzzbDEOPmgk4c+p+6e4nl8ogpbdITf28lxZ51kNNcRSu3c2EfdWqqJrvp4qTGWQfH8y8g9+7D0eI1yKEXF+J5tF/oNe4YLwh9rLUjGLEXQrE9GmrcTGubLboha4ecONF4tr1f4vdZWBjH9Y2BMC3bIpZJ0KwtX0ylrRvgbGnEj5PICJTeLUbivk7QvD09gJUu/UbJm5+XoKdEBkqyXiglDdIKes8ozG/s9BZU/ZRpjPfFOamfKQ+C4dK+imLr+p1UVP8ChfPP8v73hB5OM6dj4TYqzaqiTRon9z7uBqaiep95mB8p29Ry7MG6jSsBXtpEYWIJ4ZEzAOlv0V6SXpnUw9UM43ClaWbcaVeDwwd3A31bm7DwjMvYO1ZDfo89eKitLLU4g+buZfSPmzGYWUfdXxaTsCG8+r5tLxNkEX+UZZbNO3TClRz1ZMlQmVLRzhZpGH/xD9w3TgAv3a2/rRIYl7vw8COcxDXcRdOrmwPmy/YFL+P5Vc4G/yo+KuW1akpyqAOf1hxo/icqfn6pR0esueGElmyqqjuDIRduoxPXyOU+wQPnyqg7+QMEz6g13Yl7j56gHufNqhCsb6rOUQew3Do+jp0MivkE/lDnLuUDK/uQ9G2hgNMZPiqUMgNYkjEQFZmVqk+dhQ6eqF65XgcnD8TjRVNYSaPQViWFwYHeEJo2RVThq1Ei9/bwT9lLAa18oSZ6B1in0bBqO1gtLLnA0hHyPRemB3VFttvDoKHORC4Ihi1uw/EuNahWPe98adeXqkstYL4Ghb+8isWPQe2p3vh8eKG0HQs8R1/wpA2v6PX9M4YKpiMHx1zERGyEddzAfuP6xMW9uGxsmH+bUBndF0fDAm/Gbp36Qjj4BOYWEcHQCYu/DEKwZWawc/bAUbiLERfDUV0jhSuJnrq79Lx9ODp7QJmyVrM3GiF9qYpeKGoiYEdqkPTtUBjfleqs2bto1RnngmatWsEyYjfMWi2MYY3sYYg+Qb+ZT4LUuXjWHXFhAFL0GpuF/SVTMNP7gwebJ+Fufec0T+oMyx5GvSp0B21PEXYv3M+VnkNREMbHTCpdxCVXUT24BnA3cMaivXrMHebJfz1kxGBWujf3oOdv4TVUMszByuO30e3/e1gbilHj8Zj0f2gAgFDqr4fQ924KI0sdTjPZu6ltQ+bcdjYRx2flhPw2HBeHZ+yxLurs9Dix8WI8V2K03t6w0nj7wqxzz9Kc4KGfVquam5WPJ49j0eW/DkSsgm5SS/w8IEhZEYOcLPSybORClnvYh7h4fNIhN8+i/0bNuBojDvG7V+C9p+u583BtUWTcZDaI7CvPZIePUDSx7quZ4Mq9gYQaJEbPMsumDBwCVrO74AAZioGNLaHNO0GohjkzUuNmqLc4ez5w4obynImm1jWdCoqNQ/V4IYyWUIv/DygIZaNmYb+C8wwzd8Iz7eNweoXVTBoo9/7DajKNnCrXEB5xBqKwJOYwNHNFgaCwh8sZSMrC5BIJPgq8fnhL9XXRLO5iSji4GhqXsWUKomEJDVyJt8JJ+nNpyuME+jq6iHkX8Oa9CVCEsqMyL7mj7T87vtTUO+uTSRPmR39ciQh39XJ0fRne2MSVxlNlzLUkMX6HHM8HR1SnQw1cE20UjFvbtKavr7kZCghkcyE3BrVJjuBmL5dnu+WCxX2YfVMEQfxKPshLW6iTyKnAXQ8iSFiEuj0nE7k42JKOiIBCUS6ZOriQ51nHKPIEl4lwiSep9lt3MlEJiKJoSM1GBv03hdF6nOS+puLqdachyTXJMfUlFWszhq3jwqu5kbRiWk/kLeVLokEApLomZKjVzMadyyhEB9VjxM0qxPVttEjsaQy2dbpTLOCCl6rq87B0mLtQ0TZEUdoakA9cjLTI4lITDoGZmTn0YAG7Pr81hZFzHGa0NyVjKQikho6UsNxQWrEqZzuzfQmidNwupD5/l/Sg/qTjdSHFoYr2MeFJmWxsI86cy+dfViOw8I+bHxakksGShTvbMdRyXn1fMrmYPLzxQ1JzANB0po2J5VBxVAr/yjPCRrxaTmsubmhk8hD+PnVxJ+tYZTKyqXr46uSTNeUHGs2ox4T1tOl6MK3QEbQEl9xEdcggyStNha6hl4L3CAiyo2m0wt6UiMXY5IJBSTSMSF7r2Y04Xi+2+BY1BQ2fmef59lxQ2nOVBXLml5LlJaH6nBDlSxFLJ1b0I2+sTcgibgSmVX7niYcjlBycYaKSwa+8muieUSU1w9TLNa2cMQU+0OI3uAPMTiUNZjI5fCrMgXm26Kxt5MeZxAOHDhwqAibg2l3sKhjc0yK/AUXHy5EfRFnEw4cNziUI+ScRH/bHxAx8wVODbLE1/YV0AU/qeQZwsXFGGnnDuLIw+poZCyCRN8UhjI+RxSNIAu3dq7GP9LqcLHQBZP8GEHLFuCqYVvs8tPlzMOBAwcOFWHd8OwYli9bhtU3jdFr6xh8wy1gOXDc4FA+2mtkvolHanYukq8cQkiKEZq4GH11zc3nDQ4kaDJ5DUY8H4vBdR2RlCVA0zUvETzQ4qs0jsbBJODZhb2Ye3Aaot5kQ1DZElV9ArD2+Cx0MOEszIEDBw4VAfy0F3iUWR+zzuxCt9rGXH3kwHGDQznpb+Kxras9Bp2SQ2rsAt+RgZjs93WewSn4ihoHDhw4cODAgQMHDhw4VGBw755x4MCBAwcOHDhw4MCBa3A4cODAgQMHDhw4cODAgWtwOHDgUHagJJyY3AZ+44ORzVmDAwcOHL4cFE9wYMZoLAxOBHcWgAOHL9zg5DzdgcHfusKkkgh8vhTN18YWCkwGkcsaQyJthsDXxYRsRiSuHTuOWwlaCGlWsljorDGUM/twKD/Qht8pA+Ehp3DtRQqYcjT1t+fGwtvYHI3m30YuxwTOzmWRV8ubrK+6Dv5XoaYN5fexZ8EqHA1L/3INDgtuaDdvcDwsunbHYV1LKfh8ESqZuKLJkB14msOZRYMNTgZOzB6OTcn+2Hw7AjExkdj7s1mhW0B4EEsl4EEMcTHXH8ofrkavjqOwN0JR5hNgJ0u1zppD+bIPh/KDr9fvhIzIx3jxJhFPH8eAy9mcncsir5Y3WV93HXyPzAer0dZaCHGdeQhT1wyKB5hTSwwej5fvR4Yfdrz9jPfp4cexdEQAfD1sYGTkj8AY+g/wUFvc0Hbe0IYNCW9ubcLodrXhYFQJEh0TOPt0w/yzsWpu/LEYJ/cChtsLC/H0/Y/QaTQuf+wYMx5i24gWcDfTgbSSMZwb9sKSkMS8cXhm6Lk7EjExEbi1yR9JG4dj9okMrqyVAgWviaZUxLx+B0OftmhZ1aaYL/rkobKBPvgiEQx0K8oFiNrUuSLahwOHso0Ji147cNfzBUTu3tDhDMLZmcvh/3EbArnhG/FTq5m4x5eW7KpkJh2pbwWoN/kENnQ1/zAGH5Vt8zM7C2Gb++LH8aFw6tIX/X4bAjdbGzgb8zhulNu8oQUbKp5h+/hZuGDZD9O3/AZrRTgOzpuMKQFZsAk7gB7mPM2NI6yF0Ycvo1t2XlNNScGY8vNcvGreDFWEACgJR4b6o++JKhi/Khg/2LzBhaWjMKlNF4hDgzHURQCAB5mhOWQALPzboYHRBjyLTgEDHe4sSYn73PxQ/EurvpOS5aBTlE3FI/vMELJ1HkUhOYV+kXOehtkJCEChHz6Z9gvKG1ORQJdXDKDmXnZkIJORkVND+nlJCCUwH9XYQ11tJOTU5wjFffg3Ju4w9baXkfvIc5TCqCFLlc4fwcTT0SGeZGRYjQb9FUcMlRyltk9uFJ2c25Xq2euTVGpADvW70dzgKMpVUw8m+SoFjupGzWq5ko2JHkmEIpLp21DLZY9JztIXKfu6kKHQiUYVmIyc7s+uSWLDrrQ/ld04bPVh0u7QhsFNycNCj8RCMekYWpJL/TF0IjU/T1XLYmWfuH3U38uWjCqJSCDSIfOqTWnwprv0Vt1xVOnM0u/s9MmmqNOLqX/LGmRrICWRuBIZ2lSntkvuvOeHIpKWNRaTNGAPvXs/Kr0JmUY+BgbkM/3y+9hhA/k9muktLpgLsvZRJ6mYfJdGkILl3Jm49dRSkjfnPL3yGzCRgqa0IR8POzKtLCWRWI+svdvT5CMvqUAI5f5LwfO6UX1HQ5KKRCQztCZ3n7Y07WSiWvGqibhg5Qu2NtRAXLCyM5vcwtYXmogLNXOdyhyuQSiTpc14V8mNcloHmZQLNNbbkhrPu0JHh9qSpPZceiRX1wknqK+pDnXcnV7sI++uTqAali1o6f0M0haU2jDjEe0Y2YKqmspILDMhN9+65CDMF++azAmq+MOCG18qb2iDh0xOToE8kn1xBDmIrGjwmeyyHYeJp0M9bUjiPpoupn34t5Qd9KOumHwWhn/yMb39m36xEJP7xJuf57vsMzTYSkp+K6PynuegNgo1OFG00k9K1oPPKG1wmLgLtG5jCCV+xrp3FPfsMd3f048cxA7Ub899CgsLo7CwxxT+Ov0DSTPo2tRapGviQ78GHqPLNy7Rod8DyEVqRK03RH5wJkNvzowgD6kptQ58SjmKaNrV2Yp0ak2l6xnqyGKj88dkcJlGOwsIEJDjqBAqTQ0tnX1S6dwoD5Lq1qBeSw9QcPA+WtSjOulI3GnkuVS19JCH/UZ1xTpUb3Ag7T12hi5eukCn/95Lpx5nfczGKn3BJO2kDvoi8pgUmheE8jD6ra6YDDvtpmSGrU/Z6JNDl0c7k8iiBU3bfZauh96kK2f+oj/Xn6Bnn4ojO1mskBNOZ/Yeo/NXQyn0ShCtH1Sb9ERuNPaKOgmQjc4suapSHwVF7+1O9iIZObUeS8t3/EXBZ07R0Z1raMe1N+/HKdDgKCju1ASqb2RCvjMuUpI6VYJVIWYxd3kKRT0Jo7BHF2hafXHRBfSDzqJ6I2n38dN0+tg2mvG9LQl1GtPS8I8DpdGFMdVIWsmDfvp9D508d45O7hlF9UQFFwbaigtWvmC5mNFIXLCxM5vcwsoXmooL9XKdyhyuQRQvS5vxzoYb5bAOKmJobzd7cuy+j6IVOXTu1xI2OClbqa3MjLptD6fXKdmfL3KZZNrdyZAk9rWpgYc1GesbklW15jRkw21KZb4AN5gEOtzbjkQGdaj/ioN08thuWjGmKVkL1G9wVPudDX9YcOML5Q1trsc+SKTEXQFkJPOlJc8VZTpO+oWR5Cq2pO4H8jbemOg11FQioVab8m3GMTG0ppmEJG22UPJn8z9LQ22k1GTFK67B0VSDkxu1nTpZyKjR4melMmru9XHkJnGjcdc/34djYjfR93pG1GF7fL6ElUJ7OumTpMkKevVJcCbdmdeQKuvWpn7DWpKZfiNacC9LLVlqZmWKvbiapk5dRRdiy5ZSSu0TvY5a6oip3m+P8hqK3Ic0r66YdPzXU4waift9kjShPieKXrCz8gWTSDs7GpCo+lS6/UEh+YM5VEtsSj0OparlU1X6EL2jw90NSOQxjE7Fy0uuc0mRcYi6G4ipwSJ1+K9a5xJztbA+2ZdopJOQDFoGUkRxoj42OB230K0t3clN34kCAu9Rurq2YFWI2c/9/afDyhuc/L9TRK0iP4mEWqyNJYaImNcbqbWumGrO/Cev2BWxMNBaXLDxhVqLmdLFBRs7s8otLHyhqbjQZK7THrQY76y4Ud7qoIL+3d6BrFwG0IkkhohK3uDIn62hH6rYk5WhjAQ8MRl7tKaxe59S5qdd7mAaYC4ix/Zzadfp63T37hU6ML05mQstqcfBRNI2fRSRK8hPKiXfJc/z8lHheNdYTmBfv1hxo9zkjbJZj2WHb6aOtjpUY9wlSivLcRSvaG0LPdJptIie5Od77h2a5ikmPZ/JdDY6kxiS09tXF2hSPRFJWqyl2MIGUryklX46ZB6wjaJyiUMJ8eHVvhwED7GHvmNPHLebgKWDnMvsnb/ce9dwKyMFR/rYQiaVQiqVQio1R8+DaVBEv0LMpxNXUniP24r5DZ5h48pzcBi/FqM9JWX4sh4f5r6DMWvWEDQ2/3JvPOY+uIm7OXZo3MQl74CU0BV+TeyR808oHuZq2Rc8Y7Tu/j0MnhzEgXtyAHLc37MHD8w7olfLymr6VBVk8J+6FF1pM/yd3dCk5yQEBj1BGlMS/rB4vTb+EpYNaAFvJwsYGZrBvuZonHxHyMrMVuPGG9U6a0ofJuo6rv8rgE/njrAXKB8r58xoNO17FDazg7BroGcZvVetubl/Fo1mTnDUIyQnJYMBkHv/Om5n28CvmTvK+mwvG46p44vyYueS5pbCvtBYLGsx15VHzmsm/5SvOkhJRzFp4nU0+W0OWhqV7nyFwHkQDj1+iejkdKS+uoglfvFY16MV/nfm/SUDlB6N6BQ+XL/vhy5N68HLywcdpi7HyJpJ+GvnabzVsuXkYf/ggcIW9X3stHJmQlv80W7e0Px6LOPeanRuOgz3vl2Pw3MaQa8Mx1E82ITV5yVoN/IXuOavC0JvjN2yGK1TV6G5jS4kYgkMq3XA6rsKyMwsoF84VPj26Ld4IhyCesFR3w6DT3JX85QsmwEAxPCddQHXDoxElYcbEHg+rdSHyHjFH/oBCRzRZ8ct3L1799PPPw8e4UHQ/1Aj37UHiqgQnLqfAwMDER7s34nQDDVlleNDfcp0JiV/p+EDWKx8od+yNzpahGPvrpvIybqCLdufwLl7H3wrU9+nqiCp0gtb/3mBW9tHoz5zEfM6esLtuxm4kESalcVEYG23Nhh3WgedF+zB6YuncSBwCOqV4NCjSp3Z+J2NPjw++AD4fNUJX1gtAP0aV8KlGb9g5vmkEhQ8PgR8QJ4r18zceerGKR8CAcAwH8ZRyCGHCCKhFqKdDcdY+YKdDTXKMV5Z5JZCvtCgzlrLdRqE1uJdgzVFW0gL2ox9/8ZiX4+PmwN6aLnmX+TcmQ5vw1ZYX6JrgfnQsfkGPZcsRV/bVziw7zpyAPBEYoh4DN4kvclbQAtsYGfNR3ZCPFK1fU8+jwc+SEWcaCgnqMUfFtwoR3lDg4kcaTfmo22zCXjx/Xac3fwTHEVlOY4ct3ftwiPjH/BzK8PPLKNbayh2P4xHcnQ4Hof/i4Qbk1CNJ0HtBrU+v9CLUhC8dDUeuI3A/qsXMbuxmOtWSt7gADITB3i2GYYeNRNw5tT90t2FLpVBSm+RWkSGEXnWQ01xFK7dzYR91aqomu+nipMZPq6ZkXkHv3cfjhCvRQi5vhLNo/9Ar3HBeEPsZamZMRB3KRDTp63GxbgyzozK7FO9LmqKX+Hi+Wf4lALl4Th3PhJir9qopsHta9a+qNQEA3+pilc712PvrjXYGVcfA/vX/rSTznoc1oqZwqvdUMzfEYKntxeg2q3fMHHzczCalJV7H1dDM1G9zxyM7/QtannWQJ2GtWAvLeEyQYnOrLjKQh++TW3UtlLg6oHDiFJx5SrfsilmnQjB1vbJWNK+BcaeSlCvyeGbwtyUj9Rn4VAZDmzmDhkqyXiglDdIKUG9E7p6wI0XiWvX/y3z7/dhwzFWvlDHhprimBI7azO3sIrlL6GPFualqXjXVE3RZh3Ua7sSdx89wL1PGwOhWN/VHCKPYTh0fR06mfFKLoshUH5Oy6qiujMQdukyPn3FS+4TPHyqgL6TM0y0/CLG+7zxCmeDHxV/1bKmcoI6/GHFjXKWNzSwHmNe78PAjnMQ13EXTq5sDxthyWSxHkf+AEePRcCgZXs0rlQsS1DZ0hFOFmnYP/EPXDcOwK+drT//xE/+EOcuJcOr+1C0reEAExk4lACFXCWGRAxkZWaV6iNOoaMXqleOx8H5M9FY0RRm8hiEZXlhcIAnhJZdMWXYSrT4vR38U8ZiUCtPmIneIfZpFIzaDkYrez6AdIRM74XZUW2x/eYgeJgDgSuCUbv7QIxrHYp13xt/6o6VylIrYVzDwl9+xaLnwPZ0Lzxe3LDMXoVRqrNVV0wYsASt5nZBX8k0/OTO4MH2WZh7zxn9gzrDUoPbdDxWvnhPkxr9huDbJSMxeBihUvsd6OnIL8E4qpCJC3+MQnClZvDzdoCROAvRV0MRnSOFq4keeJqUJXRHLU8R9u+cj1VeA9HQRgdM6h1EZavLfNU6s/I7G33EjTB6Zlvs6/Mr/No+wsif/eBuJoE87TUiUBv9f/AoyHmJM7quD4aE3wzdu3SEcfAJTKzD8mU1ngmatWsEyYjfMWi2MYY3sYYg+Qb+ZfInDfZzB08Pnt4uYJasxcyNVmhvmoIXipoY2KE6qzjlO/6EIW1+R6/pnTFUMBk/OuYiImQjrucC9preiGXDMTa+YGVDzXJMqZ3Z5BaNbbayiOUyyHXvrs5Cix8XI8Z3KU7v6Q0njS9ytRjvmqopWqyD/Mo2cKtcYEDEGorAk5jA0c0WBgK2srJxff0chEjqooadPvhvIxCyZT7WRtnhl07fvN/xFnrh5wENsWzMNPRfYIZp/kZ4vm0MVr+ogkEb/T7b7CprbvAsu2DCwCVoOb8DApipGNDYHtK0G4hikDcvTeUENfjDihvlJm9oaj2Wg2uLJuMgtUdgX3skPXqApI8c1bNBFXsDCFjJYj8OE3sZIU/5qDPymyI3Wt/FPMLD55EIv30W+zdswNEYd4zbvwTti7rSnLKRlQVIJGV5LOMrwOcHzVRfE83iGD1FHBxNzauYUiWRkKRGzuQ74SS9+XiQSpFAV1cPIf8a1qQvEZJQZkT2NX+k5Xffn6Z6d20iecrs6JcjCXmH0xTR9Gd7YxJXGU2XMtSQxfpyjHg6OqQ6GWrgmuhS2yc3ioJmdaLaNnokllQm2zqdaVbQK7WviWZ1UFGFL/LwloIH2ZNAVIOm3s4p0Tgq9WES6PScTuTjYko6IgEJRLpk6uJDnWcco8ickuis4sBgxBGaGlCPnMz0SCISk46BGdl5NKABu9S4uYStziz8zk6fLIo4sYD6NK1GVpUlJBCISc/SnfzGn3h/S1oRhz0p+yEtbqJPIqcBdFydq9Ryo+jEtB/I20qXRAIBSfRMydGrGY079iEu1Zo7EZN4nma3cScTmYgkho7UYGzQ+7kXqfNJ6m8uplpzHuZdi/rmJq3p60tOhhISyUzIrVFtshOI6dvlrzR6yQB7jqnwBRsbajIuVNmZTW5h6QuNxYWGct3Hg8nPFzckMQ8ESWvanFQGWVzL8c7+sHl5rYNKLhlQJotJoOAZP1B9N3PSEwtJrGtObr7daOaR53mXDBARKWLp3IJu9I29AUnElcis2vc04XBEEbduaYEbRES50XR6QU9q5GJMMqGARDomZO/VjCYcz3fpgSZyglr1ix03ykXe0BQPFRG0xFdcxBXZIEmrjQWv+1cmS41xss8OIWuRY6Gv1MjzwfXxVUmma0qONZtRjwnr6VK0kpjmronWCHhE+T70pVisbeGIKfaHEL3BH9xbfxw4cCivYCKXw6/KFJhvi8beTnqcQTiA0u5gUcfmmBT5Cy4+XIj6Is4mHDhucKhgyDmJ/rY/IGLmC5waZAnuK+NLhoKfivIM4eJijLRzB3HkYXU0MhZBom8KQxn3PaocOHD4ksjCrZ2r8Y+0OlwsdMEkP0bQsgW4atgWu/x0OfNwQM6zY1i+bBlW3zRGr61j8A23gOXAcYNDxWnBkfkmHqnZuUi+cgghKUZo4mLENTcaa3AgQZPJazDi+VgMruuIpCwBmq55ieCBFpyROXDg8OXAJODZhb2Ye3Aaot5kQ1DZElV9ArD2+Cx0MOGyEweAn/YCjzLrY9aZXehW25irWRw4bnCoQP1NPLZ1tcegU3JIjV3gOzIQk/24MzilQcFX1Dhw4MCBAwcOHDhw4MChAoN794wDBw4cOHDgwIEDBw5cg8OBAwcOHDhw4MCBAwcOXIPzNYPScGPDePy66lrpvkiVs+F/z4b0FqFbJmPkmhscN7jY4cCBAwfNQ/EEB2aMxsLgRHBnEzh8dQ1OztMdGPytK0wqicDnS9F8bWyhQGAQuawxJNJmCHxdTIhkROLaseO4laCFEGIli4XOGoMSWZSCa9uWYuP5V3nfCFxB8PbcWHgbm6PR/Ntlv8BU5tMKbEPlC/g3uLL5D6w9+7LYeVH8BvhLeeDx3v/IOu1F5lfT4FRgv2szH3Io2xxeXmV91TWX4yprO8vvY8+CVTgalv7lGhwW/NHqeoPjajE1Nw7rWkrB54tQycQVTYbswNOcCt3gZODE7OHYlOyPzbcjEBMTib0/mxW6cYQHsVQCHsQQF3PVovzhavTqOAp7IxRlPgF2slTrrDloU5bWmI6MyMd48SYRTx/HIKdc+PTrA8+4I9bevo/7985gCnfPaYUBx+cKF2kVrl583TWXkB5+HEtHBMDXwwZGRv4IjFFzoZr1DAcn/YCaNpUhkejColpLDNtyD28/DZOLl8dmoWeTqjDXlUCiYwa3xr2w+FKhT0IyHmLbiBZwN9OBtJIxnBv2wpKQRDDcekMN/mh3vaEdGxLe3NqE0e1qw8GoEiQ6JnD26Yb5Z2NLzI3M8J3o464Lp1EhhZpAllxVNQ7PDD13RyImJgK3NvkjaeNwzD6RUaEyecFroikVMa/fwdCnLVpWtSnmiz55qGygD75IBAPdinLZojZ1roj2UT0ni147cNfzBUTu3tDhVkBfBgJD2HsYAkw0LupwF51y4MDVi6/dhlkI29wXP44PhVOXvuj32xC42drA2Vgdme9wYWJr/LTLDuNWnMAWVwaPdk3FiAFtkWv1EIEtdAEIIMrMhn6zsVg72RGVUh/i4B/TMS6AgdPTbfhBHwAl4chQf/Q9UQXjVwXjB5s3uLB0FCa16QJxaDCGugg4/pTL9YYWbKh4hu3jZ+GCZT9M3/IbrBXhODhvMqYEZMEm7AB6mLOXK0+8g/0r5mHOsr/wJIOBzecLBdVcZTUODzJDc8gAWPi3QwOjDXgWnQIGOhXnbAvlh+JfWvWdlCwHnaJsKh7ZZ4aQrfMoCskp9Iuc8zTMTkAACv3wybRfUN6YigS6vGIANfeyIwOZjIycGtLPS0Iogfmoxh7qaiMhpz5HKO7DvzFxh6m3vYzcR56jFEYNWap0/ggmno4O8SQjw2o06K84YqjkKFaWIpKWNRYT38SRXM11SSLRI6sa7WnK368ot8Bzyu1DRMQkX6XAUd2oWS1XsjHRI4lQRDJ9G2q57DHJ1RhHFZi49dRSkmdfacAeelfUc2l3aMPgpuRhoUdioZh0DC3Jpf4YOpGqhuHY+FSDNlQ9+UQKmuRPtV3MqbJESCKZCbk27k1/nHudZ2O2vsiNopNzu1I9e32SSg3IoX43mhsclafzh3kJHb4hPw8zqiSWkWnV5jR82wPKKKyX4l9a9Z24WF+omnvurcXUproVVZbpkpmHP/Uf2pFqWlQmA4cm9L9jr0nBjuV0vI8JSVuu/xSjn5C+mzrqmFH/k9ma8wVLvzNx+6i/ly0ZVRKRQKRD5lWb0uBNd+ntB1kp+7qQodCJRhUITjndn12TxIZdaX+qBvnDNkep4gZbumogJ2jSPmz0YZU3NOELFtxQq15oEMpkqbQPS46xmbtKf5XDmvvu6gSqYdmClt7PKLkDcm/QhKpichp9mT6pmnOZRjtLyHPanWLjMOtITzIQedPMex/YnLKDftQVk8/C8Lwc+vZv+sVCTO4Tb6odz5rgD2U8oh0jW1BVUxmJZSbk5luXHIRi8l0a8V5H+T2a6S0uuObL2kedpPmeYRvLqjjGgj9s1xsqcyaTSEFT2pCPhx2ZVpaSSKxH1t7tafKRl5RDJYh3DXCVyckpwIHsiyPIQWRFg89kq0NWujuzPjk27E2/H91Lo6qKyWHkJVKVpj7jqrrjZJ+hwVZS8lsZxXJ9UD5QqMGJopV+UrIefEZpg8PEXaB1G0Mo8TMvv6O4Z4/p/p5+5CB2oH577lNYWBiFhT2m8NfpH0iRQdem1iJdEx/6NfAYXb5xiQ79HkAuUiNqvSHyg/EYenNmBHlITal14FPKUUTTrs5WpFNrKl3PUEcWG53zJzQBAQJyHBVCpalrxcr6sEgTeQ2gDYdP0pmgnTS7rR2J9JrSqoiPtGFjHyJ52G9UV6xD9QYH0t5jZ+jipQt0+u+9dOpxllrjqIQ8haKehFHYows0rX5xi+ocujzamUQWLWja7rN0PfQmXTnzF/25/gQ9k6tVrlT7VIM2ZLuoFtcfSwdPn6dzx7fSjPbOJJV50tiLb/NMpNIXqXRulAdJdWtQr6UHKDh4Hy3qUZ10JO408lxqAVkC66Y0ZuUeOn7yIK3oX5v0hbbU+6/EgnxW2uConnvW0Z/JUNKQpp27ToeGVSeRrAFNCbpE2/u4kcRlDF3JYZdo70z1JFntOfRQTkSZ8fTiWSxlEJEiYin5VvqYTDXrC+V+J6KccDqz9xidvxpKoVeCaP2g2qQncqOxV95nNCZpJ3XQF5HHpNC8YiMPo9/qismw025KZjTIH1Y5igU32IaqBnKCJu2jWh82eUNTvlDNDbXqhQZRvCw29mFZB1nMXbW/ylnNZZJpdydDktjXpgYe1mSsb0hW1ZrTkA23KVWtjaxo2tBKlyRe4+jyhz/MDltIvrpW9MvfRcWgnN6+PE9/tLUmXa/JdDXz4zBrqKlEQq025cvXTAytaSYhSZstlKxt/jAJdLi3HYkM6lD/FQfp5LHdtGJMU7IWqN/gqOYGG46x4A+r9Qb7eiqqN5J2Hz9Np49toxnf25JQpzEtDZerH+8aXB9+kEiJuwLISOZLS56r2TIwzHtb5d6kie6qGpyiuar2ODlnaaiNlJqseFVxG5zcqO3UyUJGjRY/K9Ukcq+PIzeJG427/vmeBRO7ib7XM6IO2+PzJcQU2tNJnyRNVtCrT4Iz6c68hlRZtzb1G9aSzPQb0YJ7WWrJUg8Kir24mqZOXUUXYsvIhR+CLn/QKl6toCZiKbXa+N4ebO3zPuGYUJ8TRbei7O3MVndli+p3dLi7AYk8htGpeHmpzaTUpxq0YUn8Rdl3aUZNMem23kixDEtfRK+jljpiqvfbo7xFY+5DmldXTDr+6ymGKUaWIpwWNZSQrOlqilKw8wWbuWcd/ZkMZR1oVzpR9rFfyFjWnranEWUH9SMzWRv68w3LBL25NcmsBtHpbIYSt7YnXWkTWhGpoJwrY8hFtz1tSylbXxT2e5HIOETdDcTUYNGHnMYk0s6OBiSqPpVuf3CG/MEcqiU2pR6HUsskdpTmQzbcUKvBKWVO0KB9VOnDJm9oPI8p40a5A/u8qnYdLGLuqv1VzmpudjANMBeRY/u5tOv0dbp79wodmN6czIWW1ONgolq77NlPtlLPqjpUya4RdRvSi3ytLajxrJAPDX3+nmortdcVEI/HI77pd7Tg5tt8hrlD0zzFpOczmc5GZxJDcnr76gJNqiciSYu1n+qFtqCIXEF+Uin5Lnmex+/CzYtaDY5qbrCJL1b8UVbjSlhPFVGryE8ioRZrY0vwCYxm14fZ4Zupo60O1Rh3idJKvFBS3pgo5aoa47yf/kta6adD5gHbKCqXKgw+vEqXg+Ah9tB37InjdhOwdJBzmb1jl3vvGm5lpOBIH1vIpFJIpVJIpeboeTANiuhXiPl04koK73FbMb/BM2xceQ4O49ditKekDF/W48PcdzBmzRqCxubae8OQb+4ERz0GCXFJYNSyj6bsrAnI4D91KbrSZvg7u6FJz0kIDHqCNKZi27BIiD3Qsqkdsu/cxAOW17vkPriJuzl2aNzEJe/Qm9AVfk3skfNPKB4WNw7fAQ0b2kP+8B+EycvI73weeCAQA4DPBx8MGIbNAV0eKjs6w/TNK7xKe4PTRy8hRxGKY8FxyHz1EnEWrnCuVLa+KOx3AFDEX8KyAS3g7WQBI0Mz2NccjZPvCFmZ2e8PWPKM0br79zB4chAH7skByHF/zx48MO+IXi0raz12SsyNssq9WrWP6ryhSV+o5Ea5g+byavmce+lqLqVHIzqFD9fv+6FL03rw8vJBh6nLMbJmEv7aeRpv2Y+E9JhwRLy1Qat+3VHfmAeeIA139mzGqciCiZen3w4rrl7HhaMbMKFeBGa0bI3f72R/iFtvjN2yGK1TV6G5jS4kYgkMq3XA6rsKyMwsoK/lIzLysH/wQGGL+j52WjkzoS2OlTRn8s2c4KhHSE5KLsHBfs2tDzPurUbnpsNw79v1ODynEfTK6mSRMq6qPX179Fs8EQ5BveCob4fBJyvGdWof+CGG76wLuOa/HL27bUDg+ZFY36pyqQ5t8Yo/9AMSOKLPjr8wqnrBQ3c8sRHs8l17oIgKwan7OTAwEOHB/p0IHT4H9XXUkFVBXCAUAgzDqG0fFYerNDPOpz9SbmdJlV7Y+k9rjDmxF7v27MK8jn9gRt1J2HNgOr415mmOP9q0YXG68fkAkVpJkpSMp+yviEil7Uvld54AAgEfvBIEkdDVA668c3j+z3E8uVwH48fLsebQ3witHwFy+x5uwrL2RSG/MxFY260Nxr34DtMX7IF/VUMwicGYHjAZsfn+Sr9lb3S0+B57d93ENI9cbNn+BM7dN+JbWRnFjgo+l4wbJTpwyWpe2rSPyryhKVksuVHewD6vKuGYxudePmouTySGiMcgPukNGJhBAAACG9hZ85GdEI9UBqjMZi2adR7Tev+B3GG3sXt8VQgxCL+O+QWjGzTDr9Pbo/WfbaH7aaGnD9vqtWFbvTZ8mzrjrXtzLF9/GSNXfwcxAN1aQ7H74QCkvf4XiTkyGGXuRBvvKZA2qFXMpU1laSAe+CAVG1Z8CPiAPLeUl++rxTEW/OGVRc7kQyAAyw28sgAh7cYC/NBmHhIDtuPs8vawEZahOBVcVU/1FAQvXY0HbiOwf/NwNHQVoyLgk3llJg7wbDMMPWquwYpT95HbqiFKfGOeVAYpvUVq6udLQJFnPdQU/4lrdzNhH1AHsuLGyLyD37sPR4jXIoQsl2GS7yD0GtcY11a2gCGPnSw1IxRxl9Zh9SkGTYcO0uqnOCWyj5bGyb+bWEnGA6W8QQoBsqLyiMgUXu2GwqvdUMx4sgTf15mAiZt7IOR/LurtIJXSp5qfe36avERISCSE1bzgzjI5iarXRU3xn7h4/hnk9d3fB508HOfOR0LsVRvVRMVk7NynOHMuEmLvOqguKrCyg0TMA6W/RXohX7CZe/49HHHLdYj9sNWp7p4Mz9QD1UyjcGXpZjyp1xsrB+fglvefWJjxAtb1q0GfBwjK0hef2es+roZmovr/5mB8p2rvFzw5ibCX8goW2UpNMPCXqti8YT32emRiZ1x9TO5f+1O+0zh/lOVDNtzQdm7Rtn2U5A2NyWLLjfIINnlVWc7U9NzLS82VVUV1Z+D0pctIGF8FFjwAuU/w8KkC+t84w4TPThaTFIawWAmcq9h9WhDx9OvAt4YMa6KikMoAukWpxuODzwcUisLXHYtQ2dIRlbOfYkPXP3DdOAD7Oltr/eapj7FzNvgRcny8il7U8k1hbspH6rNwxDH+sOVrIb5Y8af49UaJ6+kXXh8yr/dhYMc5iOu4B6dXfg9LvhbXosVylSXkD3HuUjK8hg5F2xoOFeYWtUJLNDEkYiArM6tU/BA6eqF65XgcnD8TjRVNYSaPQViWFwYHeEJo2RVThq1Ei9/bwT9lLAa18oSZ6B1in0bBqO1gtLLnA0hHyPRemB3VFttvDoKHORC4Ihi1uw/EuNahWPe98ac+XakstQL0Ghb+8isWPQe2p3vh8eJSNHil4SEr+2hvnLwB9eDp7QJmyVrM3GiF9qYpeKGoiYEdqkOITFz4YxSCKzWDn7cDjMRZiL4aiugcKVxN9NTe7SutTzU999wrazF1JcHPRYQXB+Zi9g0zdDnQGdYsh+FZdcWEAUvQam4X9JVMw0/uDB5sn4W595zRP6gzLHl5CZmJuoETZ8xhkBmB8xvm4o8HrhgS1Pl98f40oAHcPayhWL8Oc7dZwl8/GRGohf7tPVjGl6ayRzXU8szBiuP30W1/O5hbytGj8Vh0P6hAwJCq732lVX3cUctThP0752OV10A0tNEBk3oHUdn0Wdqr0W8Ivl0yEoOHESq134Gejvwy449SPrPhhtZzi7bsozpvaEwWa26wx7urs9Dix8WI8V2K03t6w0njVZ99XlXKMQ3PvdzUXKEXfh7QEMvGTEP/BWaY5m+E59vGYPWLKhi00a9gM6xEFt+8Ib71yMLv035FoM4wfGsDRF9ciZlHc1F9oi8s+ACYWAQt24AI61qoYq4DSnuJK1t/w/p/7dG3S/1PzcO7mEd4+DwS4bfPYv+GDTga445x+5egfRFvMZQ1f3iWXTBh4BK0nN8BAcxUDGhsD2naDUQxyLMzzwTN2jWCZMTvGDTbGMObWEOQfAP/MlDPl2pwjBV/lK031Kinmts8K+36MAfXFk3GQWqPwL72SHr0AEkf+adngyr2BhCwlZUVj2fP45Elf46EbEJu0gs8fGAImZED3Kx0wGPJVZXjFPgEJxtZWYBEUpbHRMoAnx/sUn1NNJsbliIOjqbmVUypkkhIUiNn8p1wkt58PNmlSKCrq4eQfw1r0pcISSgzIvuaP9Lyu+9PL727NpE8ZXb0y5GEvMNgimj6s70xiauMpksZashifTNFPB0dUp0MNXBNtHqH1k9Sf3Mx1ZrzsMBVrsrsw/rQH4tx1DJR4nma3cadTGQikhg6UoOxQe/tzCTQ6TmdyMfFlHREAhKIdMnUxYc6zzhGkTka5o8GbcjWX0KHOtTI1ZikIhmZVGlOwwpd3czKF7lRFDSrE9W20SOxpDLZ1ulMs4JeFbjW8sTE5uRlb0I6YgEJZcbk4tuLFp6JLvJ6UUXMcZrQ3JWMpCKSGjpSw3FBrOMr/yUDBc/sDiALWWvanMSW/XK6N9ObJE7D6cKH21nSg/qTjdSHFoYrNMtDln7PjjhCUwPqkZOZHklEYtIxMCM7jwY0YFfh21/eUvAgexKIatDU2zllHDsqcpQqbmjokgH15lV6+6jUh23e0JAv2HOD3aHj54sbkpgHgkSdmFEn4aqTV5VzjM3c2R8kL0c1VxFL5xZ0o2/sDUgirkRm1b6nCYcjPj8srUJW1vPDNOXHWmRTWUx8gZQM7etShyl/UcTHgeThtGt4G6rrbEo6IiFJKluS+7c9aM7fEZSVzy7Xx1clma4pOdZsRj0mrKdL0dlfjj9ERLnRdHpBT2rkYkwyoYBEOiZk79WMJhzPdwlDbhSdmPYDeVvpkkggIImeKTl6NaNxx/LWX2y4wT6+2PGn2PUGm5zJdp2gLa4qImiJr7iIK7JBklYbC155r0JWbugk8hB+ftX2p3U7K66yGKeAcyvmNdE8IsrrdSkWa1s4Yor9IURv8IcYHDh8xWBeYbmfK8abbUPyvs5l+3oVBw4cKtbmYNodLOrYHJMif8HFhwtRX8TZhAPHHw7/QeScRH/bHxAx8wVODbKsMOfeC34KyTOEi4sx0s4dxJGH1dHIWASJvikMZXzOwRw4cODAgQOAnGfHsHzZMqy+aYxeW8fgG25xyoHjD4f/VguOzDfxSM3ORfKVQwhJMUITF6MKdalXoc5FgiaT12CE3UUMrusIKyt7dN4aX06v0OTAgQMHDhy+QOFMe4FHmfUx68wVrG1nUcFv8uTA8YcDh8L9TTy2dbWHlZUD6gw8D7uRgZjsV7HO4BR8RY0DBw4cOHDgwIEDBw4cKjC4d884cODAgQMHDhw4cODANTgcOHDgwIEDBw4cOHDgwDU4HMoPKAknJreB3/jgAl/+WK6geIIDM0ZjYXAidxaMQ/kGx1UOHLhY5sCBQ/lscHKe7sDgb11hUkkEPl+K5mtjCwU4g8hljSGRNkPg62JCPyMS144dx60ELaQGVrJY6KwxaEiWNmxIGQgPOYVrL1LAlFeGyu9jz4JVOBqWzhWaLwEt8JDiN8BfygOP9/5H1mkvMkvwTIXmqjZzplbB5d6KVb/+q1DThuWh7rDgxttzY+FtbI5G828j9z8Vy+UEFId1LaXg80WoZOKKJkN24GkOF00VtMHJwInZw7Ep2R+bb0cgJiYSe382K3TDBw9iqQQ8iCEu5mpD+cPV6NVxFPZGKMp+TcFKlmqdNQfNyNKmDTlw+JI85Bl3xNrb93H/3hlMKea+VDbPcHYuj+Byb4WpX1nPcHDSD6hpUxkSiS4sqrXEsC338FbdtWzGQ2wb0QLuZjqQVjKGc8NeWBKSmLeJlnsBw+2FnzYr8v8InUbjcm5F56G2uEHIiHyMF28S8fRxDHL+U7EMZIbvRB93XTiNCilF80ZIDz+OpSMC4OthAyMjfwTG5CO04gHm1BIX4qEMP+x4+2HKZui5OxIxMRG4tckfSRuHY/aJDG5hUEFQ8HtwKBUxr9/B0KctWla1KeaLPnmobKAPvkgEA92KcrmhNnWuiPbhwOELQmAIew9DgInGRR1eyZ/hwOXe/2Tu1ca83uHCxNb4aZcdxq04gS2uDB7tmooRA9oi1+ohAlvoslxPJuHIUH/0PVEF41cF4webN7iwdBQmtekCcWgwhroIAGEtjD58Gd2y833HeFIwpvw8F6+aN0MVIccNtnOy6LUDdz1fQOTuDZ3/SCzLE+9g/4p5mLPsLzzJYGBT8o4dYZv74sfxoXDq0hf9fhsCN1sbOBvn051JR+pbAepNPoENXc0/bObzUdlW59OcZYbmkAGw8G+HBkYb8Cw6BQx0uPMdFQGUH4p/adV3UrIcdIqyqXhknxlCts6jKCSn0C9yztMwOwEBKPTDJ9N+QXljKhLo8ooB1NzLjgxkMjJyakg/LwmhBOajGnuoq42EnPocobgP/8bEHabe9jJyH3mOUhg1ZKnS+SOYeDo6xJOMDKvRoL/iiKGSQ5ksJu0ObRjclDws9EgsFJOOoSW51B9DJ1LVsyETt4/6e9mSUSURCUQ6ZF61KQ3edJfeFlA8m6JOL6b+LWuQrYGUROJKZGhTndouuUO5RESKSFrWWEzSgD307v2o9CZkGvkYGJDP9Mvv7cwSKvVhEiloShvy8bAj08pSEon1yNq7PU0+8pIKmCnjEe0Y2YKqmspILDMhN9+65CAUk+/SCFKwsz4d72NC0pbrP3HnE9J3U0cdM+p/MpsVDzU2dyJikq9S4Khu1KyWK9mY6JFEKCKZvg21XPaY5Czjgp0yLO2cG0Un53alevb6JJUakEP9bjQ3OOo9L0j9+CqtffLyT34+FgFVzyidl4a5UWquqmFnVf5iA/k9muktLpjfs/ZRJ2lBnVXmKDW5qjL3ahDlJfeqjPfyVr9yb9CEqmJyGn05L0/kXKbRzhLynHaHPc9SdtCPumLyWRieFwNv/6ZfLMTkPvFm0eMw8XSopw1J3EfTxbQvww2Vscw2dljkeZX8YcENJm49tZTk/a5k+VCNeqG1dVQu3Z1Znxwb9qbfj+6lUVXF5DDyEpUkdby7OoFqWLagpfczlJDiBPU11aGOu9PZEIgGW0nJb2UU+/zO4YuiUIMTRSv9pGQ9+IzSBQwTd4HWbQyhxM/Y+47inj2m+3v6kYPYgfrtuU9hYWEUFvaYwl+nfyB7Bl2bWot0TXzo18BjdPnGJTr0ewC5SI2o9YbID8Rh6M2ZEeQhNaXWgU8pRxFNuzpbkU6tqXQ9Qx1ZbHTOn8wFBAjIcVQIlaYWFy8rhy6PdiaRRQuatvssXQ+9SVfO/EV/rj9Bz+RqzisnnM7sPUbnr4ZS6JUgWj+oNumJ3GjslY+eU1D03u5kL5KRU+uxtHzHXxR85hQd3bmGdlx7836cAg2OguJOTaD6RibkO+MiJambmVTp80GWqN5I2n38NJ0+to1mfG9LQp3GtDT8w+SZBDrc245EBnWo/4qDdPLYbloxpilZC9RZNObSnameJKs9hx7KiSgznl48i6UMIlJELCXfSt40856cJQ81NHcikof9RnXFOlRvcCDtPXaGLl66QKf/3kunHmd9rLCa0YeNnSmVzo3yIKluDeq19AAFB++jRT2qk47EnUaeSy1RfJXWPpppcFTNS4Pc0AhX2dqZjb801eCwyVHqcVVl7tUgykfuZRPv5ax+MdG0oZUuSbzG0eXU90KywxaSr64V/fJ3qhrDrKGmEgm12pSYNwcmhtY0k5CkzRZKLuJv0i+MJFexJXU/kEjMl+AGm1hm2eCo9jsb/rDghjyFop6EUdijCzStfknzIdt6oeV1FMO8n2PuTZroXsIGh0mm3Z0MSWJfmxp4WJOxviFZVWtOQzbcptT8uqdspbYyM+q2PZxep2Qr51/OWRpqI6UmK15xDU5FbHByo7ZTJwsZNVr8rFQOzL0+jtwkbjTu+uf7NUzsJvpez4g6bI/PR6YU2tNJnyRNVtCrT4Iz6c68hlRZtzb1G9aSzPQb0YJ7WWrJUg8Kir24mqZOXUUXYsuKvu/ocHcDEnkMo1Px8hLbsEhkHKLuBmJqsOiD77Iv0UgnIRm0DKQIufLFsLTjFrq1pTu56TtRQOA9StfEVAvr89mnRUSKqFXkJ5FQi7WxxBCRInIF+Uml5LvkeR7/iigiKjIbJW5uTTKrQXQ6m6HEre1JV9qEVkQqKOfKGHLRbU/bUtThoQbm/qnwmVCfE0VvHWhMHxZ2ZqLXUUsdMdX77VHeTl7uQ5pXV0w6/usphimL+FJuH000OKrnpTluaIarLHOmGv4qfYOjOkeVaeyUGbSYe1nEe3msX9lPtlLPqjpUya4RdRvSi3ytLajxrBBKVqfryL1D0zzFpOczmc5GZxJDcnr76gJNqiciSYu1FPvZp7avaG0LPdJptIieyL8MM1jFsloNjmq/s8mHrLhRqnzIrl58sXVUaRqc7GAaYC4ix/Zzadfp63T37hU6ML05mQstqcfBvEZa/mwN/VDFnqwMZSTgicnYozWN3fuUMouc2kta6adD5gHbKCqXOFQAfHiNMAfBQ+yh79gTx+0mYOkg5zJ7vzD33jXcykjBkT62kEmlkEqlkErN0fNgGhTRrxDz6SSiFN7jtmJ+g2fYuPIcHMavxWhPSRm+rMeHue9gzJo1BI3Ny2r2MvhPXYqutBn+zm5o0nMSAoOeIK0EV5gp4i9h2YAW8HaygJGhGexrjsbJd4SszGwQACbqOq7/K4BP546wFygfK+fMaDTtexQ2s4Owa6Bnid7lVaVPkRY3c4KjHiE5KRkMAHnYP3igsEV9H7tS8I+Hyo7OMH3zCq/S3uD00UvIUYTiWHAcMl+9RJyFK5wrqcPDspl7yeOiBMwuZOfcBzdxN8cOjZu45B3CE7rCr4k9cv4JxUMNH/LVhH1Y2VDlvDTHDc1wVVPz0m6OKkuulh20l3u/DEpbvwjpMeGIeGuDVv26o74xDzxBGu7s2YxTkXL2wwi9MXbLYrROXYXmNrqQiCUwrNYBq+8qIDOzgH6hoxuKB5uw+rwE7Ub+AlfBl7GcNmO5fOVDdvWi/K2jWLA5PRrRKXy4ft8PXZrWg5eXDzpMXY6RNZPw187TePvxaKfzIBx6/BLRyelIfXURS/zisa5HK/zvzNsipmaPfosnwiGoFxz17TD4JHedWnnHBwaK4TvrAq4dGIkqDzcg8HxaqQ+j8Yo/9AMSOKLPjlu4e/fup59/HjzCg6D/oUa+A4aKqBCcup8DAwMRHuzfidAMNWWVQ0iq9MLWf17g1vbRqM9cxLyOnnD7bgYuJBH7eTERWNutDcad1kHnBXtw+uJpHAgcgnr5D/7x+OAD4PNVJxlhtQD0a1wJl2b8gpnnk9RPsmz0KYZ+AgHAMB8k8njgg/L+v4QQunrAlfcKz/85jv2X62D8+HoIPfQ3Qp9GgNw84CZUj4dlM/eSx0VJwryAnT+8uF1c7Go0vjRlH9bLNOXz0hg3NMRVtnZm7y8VPOAD8lx56XJUmXL1P5B7Neh3rSHrPKb1/gO5ww5j99RBGDZrM87fO4G+tBW/Tj+BdDWG0q01FLsfxiM5OhyPw/9Fwo1JqMaToHaDWoUuLpLj9q5deGT8A35uZfjl7MAqltnFjmbzIQtu8Moib3xeLyoaeCIxRDwGb5Le5DVpAhvYWfORnRCPVObzOevYfIOeS5air+0rHNh3/fNb6SgFwUtX44HbCOy/ehGzG4u5DqJiNDiAzMQBnm2GoUfNBJw5db90d6pLZZDSW6R+ziKIPOuhpjgK1+5mwr5qVVTN91PFyQyyjw9m3sHv3YcjxGsRQq6vRPPoP9BrXDDeEHtZamYexF0KxPRpq3Exroy3IEWm8Go3FPN3hODp7QWodus3TNz8vOBuibJ55d7H1dBMVO8zB+M7fYtanjVQp2Et2EvzkhbfpjZqWylw9cBhRKm47ZRv2RSzToRga/tkLGnfAmNPJajX5LDQh5VZPOuhpvgVzgY/KtWVlzxTD1QzjcKVpZtxpV4PDB3cDfVubsPCMy9g7VkN+jw1eKjVuWtAHzayqtdFTfErXDz/DJ/KtTwc585HQuxVG9VEGowvdezDE0Mi5oHS3yK9OAIqeYbNvDTFDU1xlVXOVMdfSgPdFOamfKQ+C4fKFKckR2mTqxUx92rK79qsX0xSGMJiJXCuYvdpt5+nXwe+NWRIi4oqtCBkI0uEypaOcLJIw/6Jf+C6cQB+7Wxd8BMS+QMcPRYBg5bt0bjSF6QEm1hWJ3Y0lQ9ZcUOGSjIeKOUNUqiM8kZ5XUcpkyWriurOQNily/j0NUK5T/DwqQL6Ts4wKW7flyFQcbVH/hDnLiXDq/tQtK3hAJNyneg4AIWviYYYEjGQlZlVqo9KhY5eqF45Hgfnz0RjRVOYyWMQluWFwQGeEFp2xZRhK9Hi93bwTxmLQa08YSZ6h9inUTBqOxit7PkA0hEyvRdmR7XF9puD4GEOBK4IRu3uAzGudSjWfW/8af9BqSy1Es81LPzlVyx6DmxP98LjxQ2h+fjPxIU/RiG4UjP4eTvASJyF6KuhiM6RwtVEr8CeitJ5Cd1Ry1OE/TvnY5XXQDS00QGTegdR+a7dhLgRRs9si319foVf20cY+bMf3M0kkKe9RgRqo/8PHgXtI3FG1/XBkPCboXuXjjAOPoGJdVi+rMZGHzaNiWUXTBi4BC3nd0AAMxUDGttDmnYDUQzU84WwGmp55mDF8fvotr8dzC3l6NF4LLofVCBgSNX382bFQ23OXUP6sJFl1RUTBixBq7ld0FcyDT+5M3iwfRbm3nNG/6DOsOSx5KGm7cMzgLuHNRTr12HuNkv46ycjArXQv30+rip7hs28NMQNjXGVjZ3V8Jdyx5ugWbtGkIz4HYNmG2N4E2sIkm/gXyZ/IVCdo8qCq++uzkKLHxcjxncpTu/pDSd+Bc69mvK7FusX37whvvXIwu/TfkWgzjB8awNEX1yJmUdzUX2iLyz47GW9i3mEh88jEX77LPZv2ICjMe4Yt38J2hsXJCoTexkhT/moM/IbpU1xWXODVSyzih3N5kNW3ODpwdPbBcyStZi50QrtTVPwQlETAztUZ5c3NP0hjSbWUVnxePY8Hlny50jIJuQmvcDDB4aQGTnAzUonL1aVyRJ64ecBDbFszDT0X2CGaf5GeL5tDFa/qIJBG/0+8C0b19fPQYikLmrY6YP/NgIhW+ZjbZQdfun0zedfk0LZyMoCJJKyPCrBQaP4/MCa6mui2dxkFXFwNDWvYkqVREKSGjmT74ST9ObjyS5FAl1dPYT8a1iTvkRIQpkR2df8kZbffX9y6921ieQps6NfjiTkHXJTRNOf7Y1JXGU0XcpQQxbrWzfi6eiQ6mSogWuii5eRQKfndCIfF1PSEQlIINIlUxcf6jzjGEXmqGfD7IgjNDWgHjmZ6ZFEJCYdAzOy82hAA3blv+EjiyJOLKA+TauRVWUJCQRi0rN0J7/xJ97fklbEAUPKfkiLm+iTyGkAHVfjKjWV+hQp6yT1NxdTrTkP865Kzo2m0wt6UiMXY5IJBSTSMSF7r2Y04bg6N+zI6d5Mb5I4DacLH04Lpgf1JxupDy0Mz3fwUQUPNTZ3todPNaEPaztHUdCsTlTbRo/EkspkW6czzQp6VcQ1rqWPL3Zc/aB+zHGa0NyVjKQikho6UsNxQZ/JUvqMynlpkBsa4SpLO7P2lyoxUXRi2g/kbaVLIoGAJHqm5OjVjMYd+5Br2eYoDcXOx4PJzxc3JDEPBElr2pzEVPjcy/6wefmpX1nPD9OUH2uRTWUx8QVSMrSvSx2m/EUROerIyqXr46uSTNeUHGs2ox4T1tOl6KJtkH12CFmLHGmU0vvDtcANtrGsKnZY+p19PmTHDSbxPM1u404mMhFJDB2pwVg18iHbeqFFHuaGTiIP4edXZH+2LlUlSxFL5xZ0o2/sDUgirkRm1b6nCYcj8i4sYBIoeMYPVN/NnPTEQhLrmpObbzeaeeR50ZcMcNdEVzjwiPJ9IEexWNvCEVPsDyF6gz+4Nww5cODAgUOZb7Sl3cGijs0xKfIXXHy4EPVFnE04cNzgUI6QcxL9bX9AxMwXODXIEtzXTZd/FPx0lWcIFxdjpJ07iCMPq6ORsQgSfVMYyrjvbOXAgQMHDmWwbnh2DMuXLcPqm8botXUMvuEWsBw4bnAoH+01Mt/EIzU7F8lXDiEkxQhNXIy45qaCoFDnIkGTyWswwu4iBtd1hJWVPTpvjQdxduLAgQMHDmVRhNJe4FFmfcw6cwVr21lwiwcOHDc4lJP+Jh7butrDysoBdQaeh93IQEz2487gVBQUfEWNAwcOHDhw4MCBAwcOHCowuHfPOHDgwIEDBw4cOHDgwDU4HDhw4MCBAwcOHDhw4MA1OBw4FAdKwonJbeA3PhjZ5UKfNNzYMB6/rrpWui++5cCBAwcOXx8UT3BgxmgsDE7kzjJz4PClG5ycpzsw+FtXmFQSgc+Xovna2EKBySByWWNIpM0Q+LqYkM2IxLVjx3ErQQshzUoWC501huJlUfwG+Et54PHe/8g67UXmf6EvUWNeb8+NhbexORrNv/1500AZCA85hWsvUsCUi4ml4Nq2pdh4/lXeN0GXYF5fxu8KvD49B12+cYaZngw6Rrao5tsDa+/LKzbZtJlbOGgJ5SM/l1selrsax3GVtZ3l97FnwSocDUv/cg0OC/4orcsVOt7LyyIpDutaSsHni1DJxBVNhuzA0xwumrTc4GTgxOzh2JTsj823IxATE4m9P5sVurmEB7FUAh7EEBdzZaP84Wr06jgKeyMUZT4BdrJU66w5FC+LZ9wRa2/fx/17ZzDlP3TfJft5ETIiH+PFm0Q8fRyD/058K5/Xl/A7Je3D8C4zccW0N1YcPoNThzZizoC2qGEhqNCW1mZu4aC1DFIu8nN55WH5q3FAZvhO9HHXhdOokCI2qt7g+opf0MDREDKZARx9emP59eQSLvAJ6eHHsXREAHw9bGBk5I/AGPr0uze3NmF0u9pwMKoEiY4JnH26Yf7Z2DLcINOunbXDH23XZe3bMPPBarS1FkJcZx7C1A1ZNnxWPMCcWuJPm5jvf2T4YcfbD1M2Q8/dkYiJicCtTf5I2jgcs09kcKm/jFHwe3AoFTGv38HQpy1aVrUp5os+eahsoA++SAQD3YpyaaM2dVYiS2AIew9DgInGRZ3/0IWXrOfFg0WvHbjr+QIid2/o/IcWaErn9QX8roi4h4cZdug8aQK6NOC+PIIDl58rbv0qP/OSJ97B/hXzMGfZX3iSwcDmsycYvNrSC23G3ELtCStxyAe4smwc/temNyrfPozetuq8FZ+FsM198eP4UDh16Yt+vw2Bm60NnI0/zE/xDNvHz8IFy36YvuU3WCvCcXDeZEwJyIJN2AH0MOdx/NFE/argNswN34ifWs3EPb60BNeMs+Qzk47UtwLUm3wCG7qaf5DDR2VbnU9zlhmaQwbAwr8dGhhtwLPoFDDQ4c6JlCUoPxT/0qrvpGQ56BRlU/HIPjOEbJ1HUUhOoV/knKdhdgICUOiHT6b9gvLGVCTQ5RUDqLmXHRnIZGTk1JB+XhJCCcxHNfZQVxsJOfU5QnEf/o2JO0y97WXkPvIcpTBqyFKl80cw8XR0iCcZGVajQX/FEUMlh0pZin9p1XdikgbsoXdF/T43ik7O7Ur17PVJKjUgh/rdaG5wFOWq8wyTSEGT/Km2izlVlghJJDMh18a96Y9zr0mef9ppd2jD4KbkYaFHYqGYdAwtyaX+GDqRWoKJK5kXE7eeWkry/FTk3BWRtKxx/r9n6E3INPIxMCCf6Zff+50Ff1h4iI73MSFpy/Wf+PUJ6bupo44Z9T+Z/UkfvokjuZrrkkSiR1Y12tOUv199sjOrebH1e6nnpSwuxOTzxzNSsOWP/B7N9BYXzAVZ+6iTVEy+SyM+jcMkX6XAUd2oWS1XsjHRI4lQRDJ9G2q57HEBnqnmjoq5s473bIo6vZj6t6xBtgZSEokrkaFNdWq75E7B+CktNzTlL5Y6M3H7qL+XLRlVEpFApEPmVZvS4E136S2TL96ntCEfDzsyrSwlkViPrL3b0+QjLylHHVXY+p1N3lDDPipzpgahTJbKebHkoUp/sYmdclfjcunuzPrk2LA3/X50L42qKiaHkZcK8iv3Dk2tLiaTLnsp8WPtTtxNnY3FVGP6XZYx+B7vrk6gGpYtaOn9jGKfYXJyCoyZfXEEOYisaPCZ7C/CH8p4RDtGtqCqpjISy0zIzbcuOQjzxY4G86pKjrHgD+v6xWa9oUb+0dZ6jEm5QGO9LanxvCt0dKgtSWrPpUfqFCa2fM4+QX1Ndajj7nQ2BKLBVlLyWxmVV485lAkKNThRtNJPStaDzyhtcJi4C7RuY8gnh+dLSRT37DHd39OPHMQO1G/PfQoLC6OwsMcU/jr9A0kz6NrUWqRr4kO/Bh6jyzcu0aHfA8hFakStN0R+cDhDb86MIA+pKbUOfEo5imja1dmKdGpNpesZ6shio/PHZHCZRjsLCBCQ46gQKk2dVSlL6UI3lc6N8iCpbg3qtfQABQfvo0U9qpOOxJ1Gnktl/8yHxbm4/lg6ePo8nTu+lWa0dyapzJPGXnz7cdJ0ebQziSxa0LTdZ+l66E26cuYv+nP9CXomL8HElc1LnkJRT8Io7NEFmlZfzKLBUVDcqQlU38iEfGdcpKRPtmTDH9WF+s5UT5LVnkMP5USUGU8vnsVSBhEpIpaSbyVvmnlP/kkfkdcA2nD4JJ0J2kmz29qRSK8prYpQsJ8XK79rYl7K4yIyOYc9f1gWYnnYb1RXrEP1BgfS3mNn6OKlC3T677106nGWGsRhM3c28a6g6L3dyV4kI6fWY2n5jr8o+MwpOrpzDe249oZlkWTJDY35i6XOOeF0Zu8xOn81lEKvBNH6QbVJT+RGY69kF4gdUb2RtPv4aTp9bBvN+N6WhDqNaWm4GsHMyu9s8oZ69lGZMzWI4mWxmRfLuqPKX6xipxzWOIZ5Lzf3Jk10/7zBYaJXU1OJlNr+mUDha9uQtcV3tPRBLG1qJSVJ87X0mq1/mWTa3cmQJPa1qYGHNRnrG5JVteY0ZMNtSi12DIYSdwWQkcyXljxXaJ8/TAId7m1HIoM61H/FQTp5bDetGNOUrAXqNzis8qpKjrHgD6v6xX69wTb/aIWrihja282eHLvvo2hFDp37Vf0GhzWfU7ZSW5kZddseTq9TspXXmpyzNNRGSk1WvOIaHG02OLlR26mThYwaLX5WKsPnXh9HbhI3Gnf98/0aJnYTfa9nRB22x+cjQQrt6aRPkiYr6NUnwZl0Z15Dqqxbm/oNa0lm+o1owb0stWSpGQ0Ue3E1TZ26ii7EljHtlH3SEb2OWuqIqd5vj/J2B3If0ry6YtLxX08xDLtnPv80hIiy79KMmmLSbb2RYpn3CfBwdwMSeQyjU/HyMp0Xq2c+6txxC93a0p3c9J0oIPAepZeIP0rTFiVubk0yq0F0OpuhxK3tSVfahFZEKijnyhhy0W1P21KKtqHi1QpqIpZSq43xBZNYKeeumXmxjEE2/FGrEJtQnxMl3zFVZ+5K4z37Eo10EpJBy0CKKDGd2XFDY/4qqc4Zh6i7gZgaLPqQq4viatQq8pNIqMXaWPY7oKz8rjpvaJrP2gH7fKh23SnsLzVip1zWuGIanNzbU6m62JwGBKdT6ORqJBI60aiQt3SirwmJvWbQP2ynkB1MA8xF5Nh+Lu06fZ3u3r1CB6Y3J3OhJfU4mFgkn7PDN1NHWx2qMe4SpX0B9igiV5CfVEq+S57nrZ8Kx05Z5tUiOMaaP6Vck2gs/2iMqwr6d3sHsnIZQCeSGCIqWYPDls/yZ2vohyr2ZGUoIwFPTMYerWns3qeUWaRqL2mlnw6ZB2yjqFziUIb48PpfDoKH2EPfsSeO203A0kHOZfZeYO69a7iVkYIjfWwhk0ohlUohlZqj58E0KKJfIebT6UApvMdtxfwGz7Bx5Tk4jF+L0Z6SMnxZjw9z38GYNWsIGpt/ubcicx/cxN0cOzRu4pJ3QEroCr8m9sj5JxQPc9k9UyTEHmjZ1A7Zd27iQS4AyOA/dSm60mb4O7uhSc9JCAx6grQvfIVZzpnRaNr3KGxmB2HXQM8C7wSz54+Kd4AdnWH65hVepb3B6aOXkKMIxbHgOGS+eok4C1c4VyqGJeZOcNRjkBCXpNGDrJqZl+Y4plXOa2juTNR1XP9XAJ/OHWFf4rsU2HFD2zor4i9h2YAW8HaygJGhGexrjsbJd4SszOxiD2/zzZzgqEdITkrW8KFr1XlDm3zW5rxYn4Ergb/KHtqscSLUnnkZL17cxIKGYvVfnU+PRnQKH67f90OXpvXg5eWDDlOXY2TNJPy18zTeFno+495qdG46DPe+XY/DcxpB7wtYVx72Dx4obFHfx04r5yq0xbGS1ovS5Z/ScZWSjmLSxOto8tsctDTilTmfBc6DcOjxS0QnpyP11UUs8YvHuh6t8L8zb4uYmj36LZ4Ih6BecNS3w+CT3HVqZYUPfBXDd9YFXPNfjt7dNiDw/Eisb1W5VIfIeMUf+gEJHNFnx18YVb1gReeJjWCX79oDRVQITt3PgYGBCA/270To8Dmor6OGrIp6LkqJXdV5pki/8PkA0aeEI6nSC1v/aY0xJ/Zi155dmNfxD8yoOwl7DkzHt8ZlYFmean8JqwWgn/gIls34BTM9/8KsJsZ5f6MGf5TKcPWAK+8cnv9zHE8u18H48XKsOfQ3QutHgNy+h5uwOCMLIRQCDMOoPS8Vh+E0Mi/NcYwPAR+Q52rhWmm15q7Ezjw++AD4/NItL9hxQ0P+YqMzE4G13dpg3IvvMH3BHvhXNQSTGIzpAZMRq2KRIBAADKPOcoed31XmDS3zWVNgnw+V8LDE/ipBPS1nEJhbwpyXitevM0ACQ9jYAqAkvI5JB8/MAmYsNx54IjFEPAbxSW/AwAwCABDYwM6aj+yEeKQyQGX++0yWdmMBfmgzD4kB23F2eXvYfClu8Xjgg1TEm4byqlocY8EfFfWrZOuNkuQfzSAtaDP2/RsLeQ9bHOjxYQ7yHOTSdHgbXsLKJ8fR35JXBnzmQ8fmG/RcshR3g/ywc991LG7arOCFXZSC4KWr8cBtBPZvHo6GrmJwKKstnY97VyYO8GwzDD1qJuDMqfuluwtdKoOU3iI19fO+XeRZDzXFUbh2NxP2Vauiar6fKk5mkH18MPMOfu8+HCFeixByfSWaR/+BXuOC8YbYy1IzYyDuUiCmT1uNi3FlvL3IE0Mi5oHS3yK90HxE1euipvgVLp5/lvfdK/JwnDsfCbFXbVQTsXum6Cm+REhIJITVvOCevwiITOHVbijm7wjB09sLUO3Wb5i4+bn6uy5K5pV/l7SSjAdKeYOUYp7hWzbFrBMh2No+GUvat8DYUwmfEixr/qhS1dQD1UyjcGXpZlyp1wNDB3dDvZvbsPDMC1h7VoO+2isK1fNS6ncNzYvVXhQb/vBNYW7KR+qzcJR1OKg1dyXxzrepjdpWClw9cBhRpbi9lw03NOUvVjrn3sfV0ExU7zMH4zt9i1qeNVCnYS3YS8tg2auO35XkDW3yWfOEZJEPldUdTfurAtU4nll9NHBlcC3ozKdaTW/O4uRNBlUa1IcJj6U+sqqo7gyEXbqMT1/fkvsED58qoO/kDJOPl1e93oeBHecgruMunFz5BZubT5x/hbPBj4q/allTeVUdjrHiT/H1q8TrjS/IVb22K3H30QPcu3sXd+/exd27oVjf1Rwij2E4dH0dOpnxWMlSj8/5hyRQcesA+UOcu5QMr+5D0baGA0zKdTKs2CiUDsSQiIGszKxSfcQpdPRC9crxODh/JhormsJMHoOwLC8MDvCE0LIrpgxbiRa/t4N/ylgMauUJM9E7xD6NglHbwWhlzweQjpDpvTA7qi223xwED3MgcEUwancfiHGtQ7Hu+7wdfaWy1EoY17Dwl1+x6DmwPd0Ljxc3RJldrsszgLuHNRTr12HuNkv46ycjArXQv70HhFZdMWHAErSa2wV9JdPwkzuDB9tnYe49Z/QP6gxLHgA2z3xwYO6VtZi6kuDnIsKLA3Mx+4YZuhzoDGs+AGTiwh+jEFypGfy8HWAkzkL01VBE50jhaqKn/q6hsnl9ekYPnt4uYJasxcyNVmhvmoIXipoY2KF6QX9JnNF1fTAk/Gbo3qUjjINPYGIdHfBY8YcNSauhlmcOVhy/j27728HcUo4ejcei+0EFAoZUhdp1ks28lNlHU/Nioyob/sAEzdo1gmTE7xg02xjDm1hDkHwD/zKAptcQ6vhUabyLG2H0zLbY1+dX+LV9hJE/+8HdTAJ52mtEoDb6/+DBTnc23NCUv9joLHRHLU8R9u+cj1VeA9HQRgdM6h1EZZfBziiPjd9V5w1eGfD53dVZaPHjYsT4LsXpPb3hpPH3gNjnQ6U81LC/ylWNy4rHs+fxyJI/R0I2ITfpBR4+MITMyAFuVjrgCb3Qb1QLrBk0Cj2qyDGiPnBt2VgcREus7VNIX2X6CL3w84CGWDZmGvovMMM0fyM83zYGq19UwaCNfh8a5BxcWzQZB6k9AvvaI+nRAyR97CP0bFDF3gACLfKHZ9kFEwYuQcv5HRDATMWAxvaQpt1AFIO8efE0lFfV4Bgr/iirX2qsNzSGUnKVX9kGbgVeQspFrKEIPIkJHN1sYSBgz0PVfM7G9fVzECKpixp2+uC/jUDIlvlYG2WHXzp98/nXrVA2srIAiaQsj1xweG/rzw6aqb4mms1NRBEHR1PzKqZUSSQkqZEz+U44SW/yXfN7dfUQ8q9hTfoSIQllRmRf80dafvf9iat31yaSp8yOfjmSkHc4TRFNf7Y3JnGV0XQpQw1ZrM8Wx9PRIdXJUAPXRLO74OM4TWjuSkZSEUkNHanhuKA8nXOjKGhWJ6pto0diSWWyrdOZZgW9+uyaaKXPfDj0J3SoQ41cjUkqkpFJleY0bNsDysh368vpOZ3Ix8WUdEQCEoh0ydTFhzrPOEaROWUwr49iE8/T7DbuZCITkcTQkRqM/fBMkRcjPKTFTfRJ5DSAjn+8Sk0Ff1iepqZ7M71J4jScLnw4CZge1J9spD60MFxRxK1uH/U5Sf3NxVRrzsPPrkEudl5s7aORebE8WMqSYyem/UDeVrokEghIomdKjl7NaNyxvLjUxCUD6s1dVbxnUcSJBdSnaTWyqiwhgUBMepbu5Df+RL6b+DTADY36S7XO2RFHaGpAPXIy0yOJSEw6BmZk59GABux6VewlA8q4qpw8KvzONm9okM9ECnq+uCGJeSBIWtPmpDLI0GrlQ+U8VOkvtWKn/NS43NBJ5CH8/NrhAmsGJomuLe9F9e0qk0RSmezq/0xLryZ9Lk+VPopYOregG31jb0AScSUyq/Y9TTgckXepgSKClviKi7gGGSRptbHQdeRa4A8RUW40nV7Qkxq5GJNMKCCRjgnZezWjCcfzXYygobzKhmPq8Edp/WK53tBI/imT9ZiSSwZUyVLFZyaBgmf8QPXdzElPLCSxrjm5+XajmUeeF33JAHdNtNbAI8r3QRrFYm0LR0yxP4ToDf7g3gyswGBeYbmfK8abbUPyvs7gPgXlwIFDhd6MS7uDRR2bY1LkL7j4cCHqc99fy4HjD4eKhpyT6G/7AyJmvsCpQZb/uTPk5QkFPxXlGcLFxRhp5w7iyMPqaGQsgkTfFIYy7rtWOXDgwIHDF1oTPDuG5cuWYfVNY/TaOgbfcItTDhx/OFSc9hqZb+KRmp2L5CuHEJJihCYuRlxzU8Yo1LlI0GTyGoywu4jBdR1hZWWPzlvjv+C1lhw4cODA4asvVGkv8CizPmaduYK17Sy4hQEHjj8cKlB/E49tXe1hZeWAOgPPw25kICb7cWdwyhoFX1HjwIEDBw4cOHDgwIEDhwoM7t0zDhw4cODAgQMHDhw4cA0OBw4cOHDgwIEDBw4cOHANDgcOHMoOlIQTk9vAb3wwsjmdOVR4Pqfhxobx+HXVtdJ9+TQHDhUZiic4MGM0FgYncmeiOXAoaYOT83QHBn/rCpNKIvD5UjRfG1sooBhELmsMibQZAl8XE2oZkbh27DhuJWghFFnJYqGzxsBGlgKvT89Bl2+cYaYng46RLar59sDa+/IvwwIWNnx7biy8jc3RaP7t/9hCQ4u+0EZcUAbCQ07h2osUMGVsOYrfAH8pDzze+x9Zp73ILAl/tKjzf57P2sy9WmlwUnBt21JsPP8KqiOyvOX5cuavclcrv2aoaWf5fexZsApHw9K/XINT7tYJXyFXKQ7rWkrB54tQycQVTYbswNMcLppYNjgZODF7ODYl+2Pz7QjExERi789mhW4c4UEslYAHMcTFXLUof7gavTqOwt4IRZlPgJ0s1TprDqplUdI+DO8yE1dMe2PF4TM4dWgj5gxoixoWgi9CAtU2JGREPsaLN4l4+jgG/6V40qYvtBkX2gDPuCPW3r6P+/fOYIrSe1fLG3/+u3z+r3FM07m3vMn6umslkBm+E33cdeE0KkTpgjjzwWq0tRZCXGcewhQli/n08ONYOiIAvh42MDLyR2DMh0Vx7gUMtxd+2qjJ/yN0Go3LuRWdq//VdYI2bJiLl8dmoWeTqjDXlUCiYwa3xr2w+FLpPkkrms+EN7c2YXS72nAwqgSJjgmcfbph/tnYvI0/nhl67o5ETEwEbm3yR9LG4Zh9IoPrZIpBwe/BoVTEvH4HQ5+2aFnVppgv+uShsoE++CIRDHQrymWL2tRZtSxFxD08zLBD50kT0KWBqELYz6LXDtz1fAGRuzd0/kMBUPF8UY4gMIS9hyHAROOiDq8C8ee/y+evG+Urz3M2VLJYTryD/SvmYc6yv/Akg4GNsiVm+Eb81Gom7vGlJbzeOQthm/vix/GhcOrSF/1+GwI3Wxs4G38YTVgLow9fRrfsfN95nhSMKT/PxavmzVBFyPGnfOZVbdhQAFFmNvSbjcXayY6olPoQB/+YjnEBDJyebsMP+iVomYrjs+IZto+fhQuW/TB9y2+wVoTj4LzJmBKQBZuwA+hhzgPAg8zQHDIAFv7t0MBoA55Fp4CBDnfepMieOz8U/9Kq76RkOegUZVPxyD4zhGydR1FITqFf5JynYXYCAlDoh0+m/YLyxlQk0OUVA6i5lx0ZyGRk5NSQfl4SQgnMRzX2UFcbCTn1OUJxH/6NiTtMve1l5D7yHKUwashSpfNHMPF0dIgnGRlWo0F/xRFDJYf69hGTzx/PSEFEJL9HM73FBX2QtY86ScXkuzTi/TNMIgVNaUM+HnZkWllKIrEeWXu3p8lHXlJBkdkUdXox9W9Zg2wNpCQSVyJDm+rUdskdymXpLyZuPbWU5P1OGrCH3hU16dwoOjm3K9Wz1yep1IAc6nejucFR7+WooTOTdoc2DG5KHhZ6JBaKScfQklzqj6ETqWo6QZU+bHzBEip1ZslVJm4f9feyJaNKIhKIdMi8alMavOkuvWXU8KkikpY1FufzE0NvQqaRj4EB+Uy//D52NGnnT3lDXCQ3WPGHpc6q8gYrX7Hks8bso0Ln3FuLqU11K6os0yUzD3/qP7Qj1bSoTAYOTeh/x17nxfskf6rtYk6VJUISyUzItXFv+uPca5KrkXuZpO30g56I3CeF5sUBvaO/e5uSyGMy3cpla0QW+rDJY2zs/IEbfBNHcjXXJYlEj6xqtKcpf7+iXHVybxlAmSxt5gQm+SoFjupGzWq5ko2JHkmEIpLp21DLZY/f+6Pc1cpcujuzPjk27E2/H91Lo6qKyWHkJSpKHJNygcZ6W1LjeVfo6FBbktSeS4/k6kl7d3UC1bBsQUvvZ7Dkdzwd6mlDEvfRdDHty/CHMh7RjpEtqKqpjMQyE3LzrUsOwnyxwza+VHGDDcfK4TrhS6zrPpn5SE8yEHnTzHtytf9WFZ+ZnJwCeS374ghyEFnR4DPZRU2eBltJyW9llFrrla8JhRqcKFrpJyXrwWeUNjhM3AVatzGEEj9jyzuKe/aY7u/pRw5iB+q35z6FhYVRWNhjCn+d/oFcGXRtai3SNfGhXwOP0eUbl+jQ7wHkIjWi1hsiPziKoTdnRpCH1JRaBz6lHEU07epsRTq1ptL1DHVksdH5YxBfptHOAgIE5DgqhEpTH0tin8jkHPYLgw9FX1RvJO0+fppOH9tGM763JaFOY1oa/jFaFBS9tzvZi2Tk1HosLd/xFwWfOUVHd66hHdfefLAPCxvKUyjqSRiFPbpA0+qLi0lcqXRulAdJdWtQr6UHKDh4Hy3qUZ10JO408lxqgYWKcp1z6PJoZxJZtKBpu8/S9dCbdOXMX/Tn+hP0TK1cwkIfNr5gBTY6s+RqTjid2XuMzl8NpdArQbR+UG3SE7nR2CvZ7H1aoFlQUNypCVTfyIR8Z1ykJIY0bGfVDQ4r/rDSmU3eYAFWfNaUfVTrnHX0ZzKUNKRp567ToWHVSSRrQFOCLtH2Pm4kcRlDV3Ly7COuP5YOnj5P545vpRntnUkq86SxF9+y5xgTSxtaVSLxNwvoycd55F6jcW4ish50mrJY+5uFPqwWYCzs/DFveA2gDYdP0pmgnTS7rR2J9JrSqgiFGrlX8yheljZzApE87DeqK9aheoMDae+xM3Tx0gU6/fdeOvU4q/zWSoZ5Lzf3Jk10L6bBUcTQ3m725Nh9H0UrcujcryVocJhk2t3JkCT2tamBhzUZ6xuSVbXmNGTDbUotZn7pF0aSq9iSuh9IJOZL8IdJoMO97UhkUIf6rzhIJ4/tphVjmpK1QP0GRzU32HCsvK0Tvsy6jkhOb1+epz/aWpOu12S6mqlunVSXzwwl7gogI5kvLXleRIXLOUtDbaTUZMUrrsFh0+DkRm2nThYyarT4WakMlnt9HLlJ3Gjc9c/32JjYTfS9nhF12B6fL3mk0J5O+iRpsoJefRKcSXfmNaTKurWp37CWZKbfiBbcy1JLlprso9iLq2nq1FV0IbZs6aJUZzUanPxJRBG1ivwkEmqxNva9XbMv0UgnIRm0DKQIeSn0YbNLH72OWuqIqd5vj/J2H3If0ry6YtLxX08xDEud6R0d7m5AIo9hdCpeXvLCwUYfjfGHvc5qy8o4RN0NxNRg0Yd4ZOPTj3buuIVubelObvpOFBB4j9JLqHOpGxw2z7DQmX3e0ITOGuIhC52zjv5MhrIOtCudKPvYL2Qsa0/b04iyg/qRmawN/fmm6Nih7Ls0o6aYdFtvpFjWfFZQ9LqWpCNpREtevDeYPHwh1Rcb0U8H1NiqZqMPqwUYCzsXlTderaAmYim12hhPWuhjyndO+LSINaE+J7I1K0sbtbLYBkdB/27vQFYuA+hEEkNEJWxwsoNpgLmIHNvPpV2nr9Pdu1fowPTmZC60pB4Hi2hgFK9obQs90mm0KG8TQMtQRK4gP6mUfJc8z1uHFY4dtRoc1dxQxbHytU7QPleZ5K3UXldAPB6P+Kbf0YKbb9XWQ10+Z4dvpo62OlRj3CUqMjsrXtJKPx0yD9hGUbnEoQh8eG0vB8FD7KHv2BPH7SZg6SDnMnufL/feNdzKSMGRPraQSaWQSqWQSs3R82AaFNGvEPPpNJUU3uO2Yn6DZ9i48hwcxq/FaE9JGb6sx4e572DMmjUEjc0r3tuMfDMnOOoRkpOSwQBgoq7j+r8C+HTuCPsyvrsg98FN3M2xQ+MmLnmHuoSu8Gtij5x/QvEwl53OgAz+U5eiK22Gv7MbmvSchMCgJ0hjtKNPyaAZnQFAEX8Jywa0gLeTBYwMzWBfczROviNkZWaD1PRpzpnRaNr3KGxmB2HXQM9C70NrTmdNQpnO7PNG+fGp2jrzeeCBQAwAPh98MGCYYo6yij3Qsqkdsu/cxINc9jnO8oduaCoJxYG/XoIBIfHCWdyTNkGbJrqlM1mJ9CmZnfnmTnDUY5AQlwSmXGZj7eWEL1RtyrxWUtJRTJp4HU1+m4OWRiU/X0Hp0YhO4cP1+37o0rQevLx80GHqcoysmYS/dp7G2/+zd51hUV1bdM0M06R3pSNYQBF77NHYsPtijSWW2NBo1MQSW6yJplhiiTUmlhi70aiIYsWOJTaMjSDBgg1RpM3c9X6IUqTcgQHB3PV9833vyc3d++y99t7nnHvPvpntfelnLDqoRtvhfVDm7fT8gS78L1zSu6JWbbdCOVdRWBwz3jyh8Lkqs2yL+cdP4tCO5RhbMwKTm7fEt+eSCozP8RcWoXPjobjw/jJsm14P5lkOzR39Zn8Jj6Be8LR0Q+AeqZ3am95/WZ1Qf+ohnNg8HOUuL8fig3H5Pvwly/7QD6jwRN+1Z3D+/PnXv78uXcGloC9QKd2BPn1UKPZeTIaVlRKXNv2GsHgDZRVTlyjkgC5FZ/h/p0DahEgmhxyAXC7Pn79eX5LzNczh3qJ1BqAu1wur/rqFM2tGopZwGF938EPZDybj0CPDUm3e9MkbxOucgw2FCCzp1hqj95mi86z12Hd4HzYvHoya6Q9PGuBTkwod0a9BCRyZ3AdTDj56wx7GsrP4lJA7x3LU2YC8YQx9jGIfQ3WWKaBQyCGTicyxcjlAZir6OY9LZtcWvVqb4/RvG3BNF4dDe45D0aANmljnNy4y6yMuj+XNziYwMQEEQSiyWbzQcoKx6nIRQ1zQSmz89x429ni1OWCO5j/9i+RzX6GydQssE9kWWKZUQSkT8OTRk7Q4UbjAzVmOpAcxeJqBQjqcXbcOV2zb4+MW1m/PVjIZ5GD2mxv5mifkh2NFZ55Q+NMyS7hWrIb6rfpixqaV6GdxAj8uOyq6U5x4PhNxp2aiTZOxuNVqDfav/Aie2fU+YiyC5y7CpbKfYdPxw5jWQCWtaLJe4ABaOw/4tR6KHlUeIGTvxfz1MNdooeEzPH36ZgFS+tVEFVUUTpxPgHv58iif7leutAO0ry5MOIdvuw9DqP8PCD25AE2jv0ev0cF4QvGyDIx03D+yGF9NWoTD999i4ZTbw9Fejqc3riM/ashdqqGakx7HN29DlD7v/kq/K1lCKwNjnyA2kw+UFWugiuo2Dh+8kfatCt11HDgYCZV/NVQwtDmZ0h7+bYdg5tpQXDs7CxXOfIMvV94UvXtjdH2MpXNOdk65iONhCajYdzrGdHofVf0qoXrdqnDXyPLkU3mpxpi6OxSr2j3GnHbNMGrvgzeLSz7tnFabVFCrZODzZ3hOw/kjRmfReUM0ctcn3zw0UGdV86W492wruluISVf/IDQ0EiYV/OFjYkAsy6zQMrAHXC/8gp8P7MGOg8QHnVvBPr+zucz6GJLHjMXDooZCyAnGqstFrVaat1mA81cu4cLrjYEwLOvqCKXvUGw9uRSdHGTi9NGWR0UvIPzIUbz+fEvK37h8TQ/L0l6wS79XpLuEHTsjYNW8HRqUeIu08auJKqrb2B98JfsJtJHmCQZxrKjNE94WV2VyyOWAXq8XLUssn4W7GzGww3Tc77AOexa0g0tOG3e6yzhw5DH8uw9Bm0oesNNCwhtbYRlLLNQqIDEhMV+PJk08/VHRIgZbZk5BA31jOOjuIDzRH4Ed/WBSqismDF2AZt+2RUDsKAxq4QcH5QvcuxYFmzaBaOEuB/AcoV/1wrSoNlhzehB8HYHF84NRrftAjG4ZhqWtbF+v93OUZVCgn8B3fT7FDzeBNc/9cXV2XbyVpsEyOzRpWw/qz77FoGm2GNbQGYrHp/CvAMPGo6qHkVPaYGPfT9GozRUM/7gRfBzU0MXdRQSqoX9739f3E2VDmTn8KntDmLMEU1Y4oZ19LG7pq2DghxVh4tQVYwfMQYsZXfCJehI+8hFwac1UzLjghf5BnVFKluPWTTok4ND3IxBcogkaVfaAjSoR0cfDEJ2sQRk7c9E7ajIx+hgN4nXO0c4mPqjqp8Sm32Ziof9A1HUxhfD0HKLStS41xKcvt5G90HVZMNTyJujepQNsg3fjy+qmRrNz+kmzj68z9MuWYsbqUgiwfIwIVEX/dr7i+CNCZ5movGGIzjnpYyQeGlnnlGNLMHEB0chbiVubZ2DaKQd02dwZznKRHHs1T6kdiMDqSzC93yhQaIbFrezytFudsz5i8piReSgSL45PRbP/zcad+nOxb31vlDb6e0CFmBOMVZcLu1YmxuDGzRgk6m7iQRKR8ugWLl+yhtbGA2WdTCG3cEHZDAv9FNyzVkKmtoNnWVdYKUTqY+KPjwfUxbzPJ6H/LAdMCrDBzdWfY9Gtchi0olGGTQbh3lGEXpOj+vD3ctwwKWj+yEp1wdiBc9B85ofoKEzEgAbu0MSdQpSAtHEZa55gAMeKzjyhELkq3EPQvOWIcK6Kco6mYNw/OLbqGyz71x2fdKmV8VMqOcgSx+dknPhhPLawHRZ/4o5HVy7h0av/3twF5dytkOGtSSYhMRFQqwvy6EYxx5sHxHJvEy3i5CAjtoxk03L2LKE0ocbGi/XH7uGTdO1ejy8azIBKzrRUm9BEa0P3Kv/jj+dfnpR6ceJL+mnd2Gf7g7RDZfpo/trOlqpyI3kk3gBZok+RxXDH4Iq0NmI7wTwf9kyJ4u5J7VnZyYxKhYJqc3t6+jfh6J0PsuiU9epE2h72d1Sx6vTLaa1amciI3bPYt3EFOlmoqVCoaF7Kh43G7E7XnUq8DYWHBzmttQ/ttEqqrT1ZZ1RQ2jUpUQya2onVXMypUlvQtXpnTg1K18pVjM7CA+6b3om1ve1pqlRQoTSjvXdtdp68k5GGtj/JTR9jHbw1SOec7ZwUsZ0TO9ZkaQdzqpUqmlo50M23DgesS98lJRefZmnny5zd0JLK0gO465FgXDu/bhCzi2OblqGNRkmNtSfrjg4Szx8xOovIGwa7Ljt9jGmfXHRO32Qg49noASypbcmVj4TX9jHxqM56ZWypUWppV64ph66+xHhDc29qd57YHX3oLJfTuX9QpgYU4psM5KpPbnlMjJ1F5zrxh31vzq5LlQyEOtW+Rm+PVbg5QfxB8qJTK1PCxtHX5M22w9nPPXI4lJ2bPvp7PDCrG99zt6JaVYIOFVpx7LaINzpqJe0fTGelJ0fk2GO8EPhDkinR3DerJ+t521JroqDS1I7u/k04dle6xgi5xZdIboirO0VonlCYXNVd57phrVnDy56mShOqLUrR5/0enP5nxJtdJw2SlQWf9RGcU1+VRTtuUN1ixZufQ5DaROcKGcl0X7e6hyXNPDHBfSuilwdAeqNPggQJEt4yhNv4sVEZjHFYjccbO8MYbyLor32H+tXWoMmhMEytqnzr+hTqpl7cOfzQoSnGRfbB4cvfoZb0fV8JEn8kFDck70F/1/aImHILeweVesfOohsHGZ9myqzh7W2LuANbsP1yRdSzVUJtaQ9rrfSNVAkSJEgo3hOzmzj79zPwaRiWj/4adzuvwrAq/63ZWfKNnfhx3jwsOm2LXqs+x3vS5FSCxB8JxSeLI+FJDJ4mpeDxsa0IjbVBQ28baXGTDTKtXNRoOP4nfOZ2GIE1POHk5I7Oq2LeYjtKCRIkSJBgDKSc+wk9Gr+Hep2+wZUac7BjfhvY/ccqozzuFq4k1MLUkGNY0rakNDGQIPFHQjFa38RgdVd3ODl5oPrAg3AbvhjjG0lncLJDxlfUJEiQIEGCBAkSJEiQIKEYQ3r3TIIECRIkSJAgQYIECdICR4IECRIkSJAgQYIECRKkBY6EgoH+b2yePBLfBT98t89MMQ6nlo/BpwtP5O9jtJIvJH9JkCBBglTfJUj4byxwkq+tReD7ZWBXQgm5XIOmS+5lCigBkfMaQK1pgsV3swm1+Eic2LkLZx4UQiiKkiVCZ6OhMGWlg+4i1s9aiB3hz4t/AszJp4zFidVzseLg7bSvIRcwnh0Yhcq2jqg386y4SXqx8YUed/dNR5f3vOBgroWpjSsq1O+BJRd1xdpf+V6TxSxHgEYGmezlT9tpAxIKOEcZzLGixvkCz+FFLfcaSdZ/ulb+l2GgnYtCTSlyeew/yFXex9LmGsjlSpSwK4OGg9fiWrIUTSIXOPHYPW0Yfn4cgJVnI3DnTiQ2fOyQqVOIDCqNGjKooMqmRaLu8iL06jACGyL0BT+vFyUrd52Nh8KU9W6iMPkjIqMgPvIqbj15iGtX7+BdyiV8tBHDukzBMfvemL8tBHu3rsD0AW1QqaSiGPvLCBFs2wFLzl7ExQshmGCEPrC526eocaxw9TEef4pfnv9v10og4fpv6OtjhtIjQt+cECfewJZx7VHFxQJqtRlKVmiOob9cwDND57J8gpPz+6COpzW0Wit41u6NH08+zrhQiL+M1Z81g4+DKTQlbOFVtxfmhD6EIM0TinAeKwwbpuCfnVPRs2F5OJqpoTZ1QNkGvTD7SB6epOkvYXpV1euNs5c/LdqvfSY+LmQO6Pl7JO7cicCZnwPwaMUwTNsdL00as0HG7+DwKe7cfQHr2m3QvLxLNh/6lMHCyhJypRJWZsWlSWJh6lwc7SMhJ3+W7LUW5/1uQelTGabv0Mj0ERdwOd4NnceNRZc60mr8NRTWcPe1BoRoHDaV/Qc5Vlw5L+X54jIu3cNz2DT/a0yf9wf+jhfg8sYVL3Doy5b4aJ0bRs/fjV/KCLiybiI+G9AGKU6XsbiZmUhJAm7/0gutPz+DamMXYGtt4Ni80fiidW9YnN2G3q5ygI+wfUgAPtldDmMWBqO9yxMcmjsC41p3gSosGEO8FRJ/imTeKAwbKqBMSIJlk1FYMt4TJZ5expbvv8LojgJKX1uN9pYG3Ep4jqfPFKg5fjeWd3VMfXAgh4WrqQFxIYPW2hFaACUD2qKOzXLciI6FAFPpvEmWa+700P/LhR9oWGrQXiYxeySFDKar1wiGJmf6Q/JBDnVTEECmn5z2/YLS7ql/wKPzB7CpvxuttFralK7Lj+eE8oHwSo317OqiZum+23k/9d+E+9vY211Ln+EHGCsYICs3nV9BiOGOwX60sa7AQX/cp8C8IydZwv2N7O/vSpsSSiqUpnQs35iBP5/ns1cChYcMmtCatX3daG+hoVJlTufK7Th++z/McLv4K1w7vBnL22up0tqxbP0a9DBRsf7cCOrFKio8ZNC4AFbzdqSF2oRKrR3LNOjN7w/cpS79dSlR3DOjK2u6W1KjsaJHrW6cERzFFEPvkxvE+FQfyXkNVJTbebKMoxnVanM6VWrHCX/eTtNHBMdEmef+MjZXp+mh6bieL7K6UIwvROiTKzfEIjd/ZWtnFWt/f0M8f4qYv0hSiDvH5YGN6VvSnCoTFU2tS9G71ufc/dQA+2TIh6qs/a67wCmVVRlzZeJGdtKk87sI+4jmmJgYFJM3jMR5UXY2Bn8M8ZeYPG9E5Jjnc7OPyLGLyQnC4+NcPKIbm1QtQxc7c6pNlNRaurD5vKsv82+Rq5UpPD+lFj3r9ua3OzZwRHkVPYYfycjTlFMcW17F0iOPpv178lGO9FLTb9K5LH2ftahznFhRRbsuG/jw1Vzi4e/sbKtipa/Ov7xP7Fr+z0zF2t9dT8t9z/5kn5Iq+nx5WrwsI/In15oiJv+I4YYYjhXhPFaY87rXZt7ek1bKypxyQWegw3fzE3tTdvj9ed7jIuPgGeikYaMFUeJr9n8MmRY4UVzQSEPnwJAcFzjC/UNcuiL0dcJIwwvev3GVF9f3o4fKg/3WX2R4eDjDw6/y+t3nqeSK54mJVWlmV5ufLt7Jo6eOcOu3HemtsWHL5ZGpjhL4JOQz+mrs2XLxNSbro7musxNNq07kyXhDZInROX3yVBBQ0HNEKPNTH3OUlXydIRt28uDxMIYdC+KyQdVorizLUcdSLZ46IVTWHM7fd+3jvp2rObmVK01MG3Du9dSAEh5wW283Kq2qs//8Ldyz83fO/7wxnRUGLnBSZalqjeKWfQd5YNcqTm7nRY3Wj6MOP0u96CkPjPClxqwSe83dzODgjfyhR0Waqn04/MBTA+4jBiJ8+so+/gO4fNsehgT9xmlt3Kg0b8yFEa9GLoZjIqCLZdTf4Qy/coiTamUz0RXlC5H65MYNURDhrxzsHPk4ufj6i8k8OtKLypLNOOn3/TwZdprHQv7gr8t284bOEPsYaYEjxj5iOGZADOaYN4zFeVF2NhJ/DPGXmDxvRGQvS4x9RNYvETlBF/4Na6hMWTNwMTfsDOHhI4e4788N3Hs1sejWSkF4KTflNL/0yWIiJ0RzeQszqv1H8+jTl4okhX/H+mZO7POn+FW0EL2IjdUatvn1Aa8vaU3nkh9w7qV7/LmFhuqmS3hXIIXon9hYrWaLnx+m2UK4w5+aqKlu/QsfFzZ/xNQUkQuc3LkhhmNFN48V5ryO1PHZPwf5fRtnmvmP5/EEA//z2FVso3VgtzXXeTc2KevFVm5xkWFs+znERcOG829LCxwxC5yUqDXsVFLLerNv5MtgKSdHs6y6LEeffHPvQ7j3M1uZ2/DDNTHpHBzL9Z0sqW44n7dfC07gua/r0sKsGvsNbU4Hy3qcdSHRIFmGQc97hxdx4sSFPHSvEOkSv5XdrVSs80OqzVMDPH2C0EctZCO1ms2W3KNAUh85n400GtafczPNT1kkN7ELnAzJKOk8J1dR0azlCt4TSCF6KZubqljzmytpuywpl/l1DRVNA5bxjiDuPsbiT5b2uT2fDVUatljxklPiOSbWTtlPdMX4Is/6ZOaGqIIuwl9Gjp2i468X3Nbdikrfodwbo8u3ffK/wDHAzjnIymsMZs4bxuK8GDsbrV4Y4q8iA/H2MTgGs8gJLyexduy7O8m4sgqjVuYwkUv6exV7ljdlCbd67Da4F+s7l2SDqaF8bIDPU85OZEWVIwcEP2fY+ApUmpTmiNBn3P2JHVX+k/lXysunPJP8VDSvPZ77oxMoUMdntw9xXE0l1c2WGFy/8gtR9d2gBU7u3BBTd4plHjMSV4XHq9jOTEGZTEa5/QecdfqZwffQ3fiJ7cu508laS4VMRVvflhy14RoTDIyLtKH9wwWNTOnYcTWjUighC6S+tpeM4MHusPTsiV1uYzF3kFeBvc+XcuEEzsTHYntfV2g1Gmg0Gmg0jui5JQ766Nu48/pUnwaVR6/CzDo3sGLBAXiMWYKRfuoCfFlPDsf6gZg6dTAaOBbc24z6mCOYN6AZKpcuCRtrB7hXGYk9L4jEhKRsD63JHUrD05x4/OgxBAC68L9wSe+KWrXdjO8nlS+aN3ZD0rnTuJQCpFw6jfPJbmjQ0DvtwJZJGTRq6I7kv8JwOUXcfQoScsfS8DQX8OD+IwgGccwI75KL8IVYffLCjTdk5dVfhYiC85cWARPnoitXIsCrLBr2HIfFQX8jTihe9jGWTzPnDeMhdzu/7bG/XRjPPsbICcWzVhLP71xHxDMXtOjXHbVsZZAp4nBu/UrsjcxLP0Ylqk05ilu3TmNW3Uyni00qY9Qvs9Hy6UI0dTGDWqWGdYUPsei8HlqHkrAs5CMyBVrf3yLH3k4eMw5XZZZtMf/4SRzasRxja0ZgcvOW+PZckmGnebwGYevVfxD9+Dme3j6MOY1isLRHC3wR8iyPYeiOfrO/hEdQL3hauiFwj9RO7U3vv5yNov7UQzixeTjKXV6OxQfj8n34S5b9oR9Q4Ym+a8/g/Pnzr39/XbqCS0FfoFK6tgf6qFDsvZgMKyslLm36DWHxBsoqahAisKRba4zeZ4rOs9Zj3+F92Lx4MGrmekBODoUCEITUdCOTQQ6m/X8jH9yTyeUA+TqZMIdrDbmPUfiTJUxgYgIIgmAwx8Spk4M+YnwhRp88cyOrqUFe/FVA8V7I/lKX64VVf93CmTUjUUs4jK87+KHsB5Nx6BGNbB85FHJAl6Izjn1kOV+TN50z5Q1jcV6knY3Fn8Lnc/4h3j45jN2IOaHY1crEg5jU+3ukDN2G3ycOwtCpK3Hwwm58wlX49KvdeC52UulYCo6yp7h7Nx5UWMLF1QZKPsPdO88hcygJh9T+AWZVh+D3yzF4HH0dV6//iwenxqGCTI1qdapm02ypACGqvhuSf4w1JymGecxoM2VLuFashvqt+mLGppXoZ3ECPy47msdOcXKYuryHnnPm4hPX29i88WTe7sNYBM9dhEtlP8Om44cxrYEKErJc4ABaOw/4tR6KHlUeIGTvxfz1MNdooeEzPH365tRW6VcTVVRROHE+Ae7ly6N8ul+50g7Qvrow4Ry+7T4Mof4/IPTkAjSN/h69RgfjCcXLMjDScf/IYnw1aREO3y+g5pApF3E8LAEV+07HmE7vo6pfJVSvWxXuGsPKzksb3sb+4CvGb8Uo/IPQ0EiYVPCHjwmgrFgDVVS3cfjgjbTvmOiu48DBSKj8q6GCUtx9jMUf8fYRwTHR0KKEVgbGPkEsDfeFKH2MxY28+quA4v2t+EtpD/+2QzBzbSiunZ2FCme+wZcrb0Iw1D4yFdQqGfj8GZ5nzjtyezjay/H0xnXkmi5E2ScHjr0Nn+agjxg7G61evJWxGwli7JMTN4yUE4pjrRQehSP8nhpe5dxe7/bLLKujfiUt4qKikHEI2esjc6iFOmUEnAgKeT134JP92HNaQLk6tWCXwZRKWJTyROmScdj05fc4adsRn3Z2LvTuVKLquyH5x1hzkmKZxwqAqzI55HJAr9fnT5ZAMD9rNt1lHDjyGP7dh6BNJQ/YaSHhja3UDFBBrQISExLz9WjSxNMfFS1isGXmFDTQN4aD7g7CE/0R2NEPJqW6YsLQBWj2bVsExI7CoBZ+cFC+wL1rUbBpE4gW7nIAzxH6VS9Mi2qDNacHwdcRWDw/GNW6D8TolmFY2sr29Xo/R1kGBfoJfNfnU/xwE1jz3B9XZ9eF0ePNxAdV/ZTY9NtMLPQfiLouphCenkNUkmHWlpXqgrED56D5zA/RUZiIAQ3coYk7hSgBedI55dgSTFxANPJW4tbmGZh2ygFdNneGsxyQOXXF2AFz0GJGF3yinoSPfARcWjMVMy54oX9QZ5SSpW3L5HQfo/FHlH3EcMwQg5vDr7I3hDlLMGWFE9rZx+KWvgoGflgRJiJ8IUofY3FDjL+MTesi468EHPp+BIJLNEGjyh6wUSUi+ngYopM1KGNnDpmh9pFZwcfXGfplSzFjdSkEWD5GBKqifztfmMjs0KRtPag/+xaDptliWENnKB6fwr/CG0lVnH1y4pgBMWi8XeQc9BFhZ6PxpwD4/OL4VDT732zcqT8X+9b3Rmmjz2DF2yfHsRspJ6Ao1srEGNy4GYNE3U08SCJSHt3C5UvW0Np4oKyTKeSOdfG+byK+nfQpFpsOxfsuQPThBZiyIwUVv6yPknKR+pj4o9+IZvhp0Aj0KKfDZ7WAE/NGYQuaY0nftHG/uHMFl29G4vrZ/di0fDl23PHB6E1z0M5WVuj8EVXfDcg/xpqTFMs8ll+uCvcQNG85IpyropyjKRj3D46t+gbL/nXHJ11qZXy6l6OsJJxcNh2h6hqo5GYJ+bMIhP4yE0ui3NCn03tp98klLjKwkUlITATU6oI8ulHM8eYBsdzbRIs42seILSPZtJw9SyhNqLHxYv2xe/jk1Qkx/QMeXzSYAZWcaak2oYnWhu5V/scfz788KfXixJf007qxz/YHaYfK9NH8tZ0tVeVG8ki8AbJEnyKL4Y7BFWltxHaCWXb2i9jOiR1rsrSDOdVKFU2tHOjmW4cD1t3OtskAk/awv6OKVadfTmu7nBLNfbN6sp63LbUmCipN7eju34Rjdz0Ur3uqLBOP6qxXxpYapZZ25Zpy6OpLzGjiKAZN7cRqLuZUqS3oWr0zpwala/Mr9j7G4I9Y++TCMYMPGT48yGmtfWinVVJt7ck6o4LSOCbGFyL0yZUbos2Xi7+Mfui4iPhLeMB90zuxtrc9TZUKKpRmtPeuzc6TdzIy2XD7kKT+zi6ObVqGNholNdaerDs6vd+juHtSe1Z2MqNSoaDa3J6e/k04eueDTDEoLkflzDFxMZirnY3BebF2Nla9MMBfYg4d35xdlyoZCHVLrnxUAJneIPvkPHYxOUH8QfKiUytTwsbR1+TNtsPp5x6JN7dxwv+q0sVCRblCQ2v3Gvxwwh+MSDZQH+ERT/zYi7XcLKhWW9Ct1sece/xRuutSeHJMeWrN7OlZpQl7jF3GI9FJb48/YmuKiPwjhhvi604xzGP55aruOtcNa80aXvY0VZpQbVGKPu/34PQ/I5hoiCzhAYMnt2etso40V5lQZebIsvW7ccr2mxmaDIiJizTHSW2ic4OMTPeQjPewpJknJrhvRfTyAEhv9L3jEG7jx0ZlMMZhNR5v7Azt276PBAkSJBT0pl7cOfzQoSnGRfbB4cvfoZb0jVsJEn8kFDck70F/1/aImHILeweVgvRZ+SweUGZ8NmoNb29bxB3Ygu2XK6KerRJqS3tYa6VvpEqQIEGChGI+J7ixEz/Om4dFp23Ra9XneE+anEqQ+COh+CyvkfAkBk+TUvD42FaExtqgobeNtLjJBplWLmo0HP8TPnM7jMAannByckfnVTFvsR2lBAkSJEiQYKSCF3cLVxJqYWrIMSxpW1KaGEiQ+COhGK1vYrC6qzucnDxQfeBBuA1fjPGNpDM42SHjK2oSJEiQIEGCBAkSJEiQUIwhvXsmQYIECRIkSJAgQYIEaYEjQYIECRIkSJAgQYIECdIC578MxuHU8jH4dOGJ/H1INa/Q/43Nk0fiu+CH7/a5qrdtZwkSVyVIkCBBymMSJBSdBU7ytbUIfL8M7EooIZdr0HTJvUyBKSByXgOoNU2w+G42IRsfiRM7d+HMg0IIaVGyROhsNOQgi7E4sXouVhy8nfYl37zM32OWI0Ajg0z28qfttAEJYv5D3UWsn7UQO8KfGzXZitEnzzrnxe9GsnOhrsmMbZ/ijnxxVY+7+6ajy3tecDDXwtTGFRXq98CSi2+JDSJy1LMDo1DZ1hH1Zp59Jxblxs8JRSSHG702vat18F2FgTYsoJpbvPPPf5CHvI+lzTWQy5UoYVcGDQevxbVkKZoKeYETj93ThuHnxwFYeTYCd+5EYsPHDpk6hcig0qghgwqqbFok6i4vQq8OI7AhQl/w8yBRsnLX2XgoeFky2w5YcvYiLl4IwYQi0KdSjD7G1rkwOVZUbChBZC15tBHDukzBMfvemL8tBHu3rsD0AW1QqaTi7azVcuUqER95FbeePMS1q3eQ/B/hs2GcL345/L9ZB4knZ37GyLbV4GFTAmpTO3jV7oaZ++9ByOLqhOu/oa+PGUqPCM3HxJp4fn0X5n7WEfV9XWBjE4DFd1ikufHfzj9Fj4dikXBpEdo4m0BV/WuE6w3gocwBPX+PxJ07ETjzcwAerRiGabvjpWJdwMj4HRw+xZ27L2Bduw2al3fJ5kOfMlhYWUKuVMLKrLg0SSxMnQtBlsIa7r7WgBCNw6ZFwAdi9ClqOhc1SPYxGvQRF3A53g2dx41FlzrFYRYiQ8lea3He7xaUPpVh+l/hs0Gcf8dy+LtaB/U3sGbMVBwq1Q9f/fINnPXXseXr8ZjQMREu4ZvRw/GlXN3Dc9g0/2tMn/cH/o4X4JJngYkIX/kJ/jcmDKW7fIJ+3wxGWVcXeNnKJG4U2fxTdHhoCFKur8BHLabgglyTRXvw3Hgog9baEVoAJQPaoo7NctyIjoUAU+mcSAEio21JkIBckbPJlfaOsHMsBcfMG6IphzDM3QTK977FtaRr+PY9ZerrBwo49N+TtjMgPMSxBQPRrLI7rEuUgK1XPfSaexQPUxe7QvQGfOSqgdcnOxCT+m+M+QN9PErAd8RBPKUBsnLT+fXYH+DPIZVga1MRgdvz9+2f3GQlHxwL/5Lm0Ggs4OzfHhN3RmV8lUr3L4K//gjveVhBq7WGZ+3u+Hrvv4a/bvUiHL+NaA4fhxJQl7BHuabf4nQe3tJhzCYMqOwGW1MVTFRmKOnTBINX/oXnb+PpsgF+z9XOufBQDJ5u6gobpRdGHk2//6jHpelVobb5CJvjjGhD/UVMraKGU+C+tHEmbUJnrRoN5v2TtjMlYlx8dh4rBjdBhVIWUCvVMLNxQpnaXyAozsjc4CPsmdgGdSq4w8FSC5XaAi5V2mPCjsiMO7bG4OorbtT4BuFJtzC7riqVG2rU+eHmS/uIsaFYnZGMf0PmYECAP9ystVCpTWHj6oe2c8+/5JkIrr5+TUtuCa/qVVC2VzavaeWWE0TrLAa5jOst5YRcc3ghyco1dkTmKDE25JMTWDKyO5pWKwtXewtolCqUsHJFwI9/Q48iWAcVZfDp7us4uXoC+rRthmb/G4IfZ/eG6/OTOHb5FRN1uLxoMMaFmKHXmrUY6p13hyacmIKu4x8icP857Jo/Gr3afYDaVcvCQf2WeJhbHhOZw3P1uxj+FOH8UzR4aECde3oY4ztPxJPB27Cw3Zsf1jSMhwoo5ID0hZZCANNDH8UFjTR0DgxhErOHcP8Ql64I5UMh819e8P6Nq7y4vh89VB7st/4iw8PDGR5+ldfvPufLy+N5YmJVmtnV5qeLd/LoqSPc+m1Hemts2HJ5JPUvJfBJyGf01diz5eJrTNZHc11nJ5pWnciT8YbIEqNzKpKPcqSXgoCCniNCmcy8I1tZ+kjOa6Ci0n8Al2/bw5Cg3zitjRuV5o25MEKfetFTHhjhS41ZJfaau5nBwRv5Q4+KNFX7cPiBp5nu9y8XfqCipuN6vnhDiQfc1tuNSqvq7D9/C/fs/J3zP29MZ4WK9edGUG/IgJKvM2TDTh48HsawY0FcNqgazZVlOepYknh9DLkmR4jwuyg7i+GhCF8/+o0fWirpOy6MKa/+URfOb2qoaN3pdz4WjGhD3QVOqaxiqUF70+IzcSM7adL7VMy4knl0pBeVJZtx0u/7eTLsNI+F/MFfl+3mDZ2B7shtXK98UXM4f9+1j/t2rubkVq40MW3Audd1RuZq9tyIfJws3oZidKae0Ru6012pZemWo/jj2j8YHLKXO377iWtPPEnNPyK4qotl1N/hDL9yiJNqZRcXInKCKJ3FQMy43k5OyDWHGxHZyxITOyJrkwgb6sK/YQ2VKWsGLuaGnSE8fOQQ9/25gXuvJhb5OpgqkQ/XdaSNtj7n3EwXyYLwUreU0/zSR0WP4UcMlyU85u+drKl2r8Y6vs60tbSmU4WmHLz8LJ8Kb4EbYvKYqBwuxu9i+FN080+R4aGolHiHG7q507P7Rkbrk3ngU1eqq83gFV0eeZi8n0NcNGw4/zb1lFCQyLDASYlaw04ltaw3+0a+DJ9ycjTLqsty9MmUN2l272e2Mrfhh2ti0iXfWK7vZEl1w/m8/VpwAs99XZcWZtXYb2hzOljW46wLiQbJMpDFvHd4ESdOXMhD9wqIdqlJIH0S0d+ez4YqDVuseGkPIXopm5uqWPObK2kT5pTL/LqGiqYBy3hHEDcx0EfOZyONhvXn3EzzZRaJNE+I38ruVirW+SETTwplgSPC72LsLJqHueXNh/ytgxWVFSfybKoqukvTWVVlzx5bnxrXhiKKo7hxveC27lZU+g7l3hidcTmeeVxZ+SJqIRup1Wy25B6FAuBqjtwwYIGTk85MOsLhpU1o1XwxI3T50EeE30XlBDE6i4EB4ypqOaFwID52DK5NWdjw5UTXjn13JxlXViHVwaTrK9nB1ZSVRh9hXJaK52OBkxTMAY5KerabwXX7TvL8+WPc/FVTOpqUYo8tDykUMjNE5TGDFji5+11MDBar/PO2eJiDHv+u+ZBO3gO4+5FAMosFjqE81P/DBY1M6dhxNaNSKKEAIX/1SkLwYHdYevbELrexmDvIq8DeC0y5cAJn4mOxva8rtBoNNBoNNBpH9NwSB330bdx5/Z6NBpVHr8LMOjewYsEBeIxZgpF+BfjcGXI41g/E1KmD0cCx8N6KlDuWhqe5gAf3H0EAkHLpNM4nu6FBQ++0A1ImZdCooTuS/wqD2KeruvC/cEnvilq13fLtS33MEcwb0AyVS5eEjbUD3KuMxJ4XRGJCUrFpffmGnUXzMLfXiW3RsnsrWP29BZsv6ADocHH9elxy7IBezS0K3YbixqVFwMS56MqVCPAqi4Y9x2Fx0N+IEwqHG3KH0vA0Jx4/egzByFwtMP5k0lmIOomT/ypQu3MHuBfwK1N5zQmZdRYDseN6F3JC3vB2Y6cw3lo3Vh2Mv7AInRsPxYX3l2Hb9HowN/bbJ8+jER0rR5lW/dClcU34+9fGhxN/xPAqj/DHb/vwrJAtV9h5rNBqSiHmn6LGQz7agXFfnkTDb6ajuY3MODyUu6Pf7C/hEdQLnpZuCNwjtVMruGwGAFCh/tRDOLF5OMpdXo7FB+PyeVsZZNm/EwcqPNF37RmcP3/+9e+vS1dwKegLVErX9kAfFYq9F5NhZaXEpU2/ISzeQFnFAiYwMQEEIS0FMAe7ineBDHIQgpDPVCdEYEm31hi9zxSdZ63HvsP7sHnxYNR86wcsDfV7JjsbwMPcYNm8NzqUvI4N604jOfEYflnzN7y698X7WmPbUA6FHNCl6HJ651TUuNTlemHVX7dwZs1I1BIO4+sOfij7wWQcesRC4IYcCgXSuGksrhrLhqJ0lkMOQC6XG4erspyvyVtOyKSzqLASMa4imxMKB+JjJwefGt2GRakOEnGnZqJNk7G41WoN9q/8CJ4F0OtDplRBKRPw5NGTtAm0wgVuznIkPYjBU6GQhy0qj+U1/+SHP8Uo/xQxHsYFrcTGf+9hY49XG4bmaP7Tv0g+9xUqW7fAsrs0nIeMRfDcRbhU9jNsOn4Y0xqopJVIwS5wAK2dB/xaD0WPKg8Qsvdi/nqha7TQ8BmeZpFhlH41UUUVhRPnE+BevjzKp/uVK+2AV3NCJJzDt92HIdT/B4SeXICm0d+j1+hgPKF4WQZmDNw/shhfTVqEw/eFt+YQZcUaqKK6jcMHb6Qd4NNdx4GDkVD5V0OF9AEqU0GtkoHPn71xuPelnW9jf/CV/LV9TLmI42EJqNh3OsZ0eh9V/Sqhet2qcNdkkdhy0Mega/LJMVF2FstDMSjREAP7lMft35Zhw7qf8Nv9WhjYvxqUxrah3B6O9nI8vXEd2VHUoHEp7eHfdghmrg3FtbOzUOHMN/hy5U3xu22GjCtXXxiBq6IyXu42FHUbl2qo5qTH8c3bEKU3Ble1KKGVgbFPEMt85IT8mkfMuIpqTijURC0idnLyu5FipyjWQeHuRgzsMB33O6zDngXt4GJSQPpoy6OiFxB+5Chef+Il5W9cvqaHZWkv2BXy42BRecxI+ccg/hSj/PN2eJi9LPM2C3D+yiVceL1ZGIZlXR2h9B2KrSeXopODzHAe6i7jwJHH8O8+BG0qecBOCwkFhEwuV0GtAhITEvP1iNPE0x8VLWKwZeYUNNA3hoPuDsIT/RHY0Q8mpbpiwtAFaPZtWwTEjsKgFn5wUL7AvWtRsGkTiBbucgDPEfpVL0yLaoM1pwfB1xFYPD8Y1boPxOiWYVjayvb1vkGOsgxKGCfwXZ9P8cNNYM1zf1ydXRdvo8GszKkrxg6YgxYzuuAT9SR85CPg0pqpmHHBC/2DOqNU+vwls4KPrzP0y5ZixupSCLB8jAhURf92vjAp1QVjB85B85kfoqMwEQMauEMTdwpRAgwbl4kPqvopsem3mVjoPxB1XUwhPD2HqKQsGJKTPoZck1+OibGzKB6KD6NK/Qbj/TnDETiUKNFuLXp6yo1vQ5kdmrStB/Vn32LQNFsMa+gMxeNT+FdIC2Rx40rAoe9HILhEEzSq7AEbVSKij4chOlmDMnbm4neCDRlXjr4wEldFCcvdhqKgqoeRU9pgY99P0ajNFQz/uBF8HNTQxd1FBKqhf/s0PoviqswcfpW9IcxZgikrnNDOPha39FUw8MOKMBGTE4y1MBAzriKaEwDgxfGpaPa/2bhTfy72re+N0kaf5IqPnRz9bqTYQZGrg8k48cN4bGE7LP7EHY+uXMKjV3N7cxeUc7eCAgASY3DjZgwSdTfxIIlIeXQLly9ZQ2vjgbJOpml2zEkfE398PKAu5n0+Cf1nOWBSgA1urv4ci26Vw6AVjd7YpCpobojKY8bKPwbwp1jln8LmYS6y5BYuKGuRQTHcs1ZCpraDZ1lXWCkAwDAegklITATU6oI8ciHhpa3fOGimyXgALm9HwBmxZSSblrNnCaUJNTZerD92D5+8Om2lf8DjiwYzoJIzLdUmNNHa0L3K//jj+Zcnrl6c+JJ+Wjf22f4g7YCWPpq/trOlqtxIHok3QJboJhsx3DG4Iq2tK3DQH/cL5oBiFgfxmLSH/R1VrDr9MnVp3R4YNLUTq7mYU6W2oGv1zpwadJspWTb42MWxTcvQRqOkxtqTdUcHpY09JZr7ZvVkPW9bak0UVJra0d2/CcfuMuwAZlLEdk7sWJOlHcypVqpoauVAN986HLDuzS4gOepjwDX54phYO+fCQ8PwjMGD3KlQVuLEs8kFZ8OUKO6e1J6VncyoVCioNrenp38Tjt6ZPlZyGZfwgPumd2Jtb3uaKhVUKM1o712bnSfvZKSBJ31zHZdozhuHq6IO1eZmQ7E6M5ERu2exb+MKdLJQU6FQ0byUDxuN2c1HguE5Snh4kNNa+9BOq6Ta2pN1RmX0e445QbTOYpD7uIpmTtDz5uy6VMlAqFty5aMCyOIGxU7OfhdjQ/GHzYtIHdRHcE59FVOnvBl+6hYr+CD1hilh4+hrkvka+Ztzj9z00d/jgVnd+J67FdWqEnSo0Ipjt0Vk0bCgELghNo+JyOFi/C4+Botb/ik8HhouK4smAwbxkGRSCAOdNGy0IErqolbAkJHpmnHzHpY088QE962IXh4A6c1ACRIkSJBQbDbs4s7hhw5NMS6yDw5f/g61lJJNJEjckFCEkLwH/V3bI2LKLewdVArSZ70LDhmfisqs4e1ti7gDW7D9ckXUs1VCbWkPa630rVUJEiRIkFCE5w03duLHefOw6LQteq36HO9JE1gJEjckFI3lNRKexOBpUgoeH9uK0FgbNPS2kRY3BYxMKxc1Go7/CZ+5HUZgDU84Obmj86oYSN9blSBBggQJRbqYxd3ClYRamBpyDEvalpQmDxIkbkgoIuubGKzu6g4nJw9UH3gQbsMXY3wj6QxOQSPjK2oSJEiQIEGCBAkSJEiQUIwhvXsmQYIECRIkSJAgQYIEaYEjQYIECRIkSJAgQYIECdICR0LRAR9h9/jWaDQmGEmSNfJowzicWj4Gny48kb+P4/6nbfgMYb+Mx/CfTkk2lCDFlwQJBQX939g8eSS+C34ona2W8N9b4CRfW4vA98vAroQScrkGTZfcyxQIAiLnNYBa0wSL72YTIvGROLFzF848KIQQEiVLhM5Gg5FkFYYNGY/roXtx4lYshKLEShFjf3ZgFCrbOqLezLNvTHwYsxwBGhlkspc/bacNSCgofRiLE6vnYsXB22lfeS4mNiwysvgEx1Z+jyX7/ylaNvwvozD5kyM33kZ8SfWieNXc/zIMtLPuItbPWogd4c/f3gInn/W9eMd7MQLvY2lzDeRyJUrYlUHDwWtxLblYL3DisXvaMPz8OAArz0bgzp1IbPjYIVPHERlUGjVkUEGVTatF3eVF6NVhBDZE6At8AOJk5a6z8WAcWYVpw6KG3MdOxEdexa0nD3Ht6h1kjjmZbQcsOXsRFy+EYIIR+oEWR18UvRiU8G7F4LsMqV4Uj5pLPDnzM0a2rQYPmxJQm9rBq3Y3zNx/L9sNu4RLi9DG2QSq6l8j3FBT8QlOzu+DOp7W0Gqt4Fm7N348+TiLhQLx/PouzP2sI+r7usDGJgCL7/Ad4GrRqO/F04Yp+GfnVPRsWB6OZmqoTR1QtkEvzD6ShydpYniov4TpVVWvN3lf/rRov/ZZuun+Zaz+rBl8HEyhKWELr7q9MCf0YVrsyBzQ8/dI3LkTgTM/B+DRimGYtju+WGXyjN/B4VPcufsC1rXboHl5l2w+9CmDhZUl5EolrMyKS7PFwtS5ONqn+E1ASvZai/N+t6D0qQzTzH9WWMPd1xoQonHYVPKBBAkSpHrxztlQfwNrxkzFoVL98NUv38BZfx1bvh6PCR0T4RK+GT0cM8pNub4CH7WYggtyTR7aRAu4/UsvtP78DKqNXYCttYFj80bji9a9YXF2G3q7vtorTkT4yk/wvzFhKN3lE/T7ZjDKurrAy1Ym8cdY9b1Y2lABZUISLJuMwpLxnijx9DK2fP8VRncUUPraarS3NDIPhed4+kyBmuN3Y3lXx1S+y2HhmmpNPsL2IQH4ZHc5jFkYjPYuT3Bo7giMa90FqrBgDPFWAJBBa+0ILYCSAW1Rx2Y5bkTHQoBp8TnbwvTQ/8uFH2hYatBeJjF7JIUMpqvXCIYmZ/pD8kEOdVMQQKafnPb9gtLuqX/Ao/MHsKm/G620WtqUrsuP54TygfBKjfXs6qJm6b7beT/134T729jbXUuf4QcYKxggKzedX0GI4Y7BfrSxrsBBf9ynwLwjJ1lC3DkuD2xM35LmVJmoaGpdit61Pufup4bZULi/kf39XWlTQkmF0pSO5Rsz8OfzfJZB8SRG7ZvN/s0r0dVKQ6WqBK1dKrLNnHNMIUl9JOc1UFHTcT1fvLwrn4ROYm0rK9b+6uhLO4uB7gKnVFZl5E3iRnbSqFh/bgT1JCk8ZNCE1qzt60Z7Cw2VKnM6V27H8dv/YbIB/BHuL2Nzddrf0nTPAvp/ufADVc7X5AQxvki1odzOk2UczahWm9OpUjtO+PP2SxuL5LxYFCZ/hMfHuXhENzapWoYuduZUmyiptXRh83lXqaPhMZgtUm1o4vEeG/k6sIRKS/vyTTls9SXGG2zDXDhPkilR3DOjK2u6W1KjsaJHrW6cERz1+u8pZ2azdUUnWmjN6OAbwP5DOrBKSQtaeTTkFzvvvuSzSH1y9ZdoG+UsS5TOwkMGjQtgNW9HWqhNqNTasUyD3vz+wN2X/hQbg4/WsL25kj7jwtJx/AX/7G1Ppe94nkkRlSW5q68dNc2Xvc7xr/H8d3YwdWD/PUnGiy8x+ceQemFEFJV6Yex4L4yaKyQnZ+BB0uHP6KF0YmBIRm2E2EMcVbkUG3x9jDuGuFJdbQav6AwQlHKOEyuqaNdlAx++mpM8/J2dbVWs9NX51zq8OD6WlUo149yL8Sws5Gjn+CtcO7wZy9trqdLasWz9GvQwSVeXxdRuMdwQwzFj1vdccrjR492I88PXZt7ek1bKypxyQWd0HjJpNz+xN2WH359nfZ/YtfyfmYq1v7ueVs+e/ck+JVX0+fI0U940EAOdNGy0ICrt+mKATAucKC5opKFzYEiOkxPh/iEuXRH62sBMV+Tu37jKi+v70UPlwX7rLzI8PJzh4Vd5/e7zVFLE88TEqjSzq81PF+/k0VNHuPXbjvTW2LDl8shU4wl8EvIZfTX2bLn4GpP10VzX2YmmVSfyZLwhssTo/Cr4jnKkl4KAgp4jQpmfupa9rGQeHelFZclmnPT7fp4MO81jIX/w12W7eUNn4LiSrzNkw04ePB7GsGNBXDaoGs2VZTnq2CvP6Rm9oTvdlVqWbjmKP679g8Ehe7njt5+49sSTl/fJsMDR8/7esaxlY8f6kw/zkSERLCZJpspS1hzO33ft476dqzm5lStNTBtw7nWd+LHrYhn1dzjDrxzipFqqgl3giNHn1bj8B3D5tj0MCfqN09q4UWnemAsjXqUCMZwXteIqRP6QuvBvWENlypqBi7lhZwgPHznEfX9u4N6riXmKwdwWOArnxvx8wXru2rOF8/tXo6WJK3v/8dCAvCGC83zKAyN8qTGrxF5zNzM4eCN/6FGRpmofDj/wctaYuONjWqvrctKBk9w6tCKV2jqcEHSEa/qWpdr7cx5LFquPGH+JQe6yROmcamdVrVHcsu8gD+xaxcntvKjR+nHU4WfifSrc4/IWJah6bxb/fjWOlBMcXVZJ50H7mCiuUvPcRD9qq03nZR3JhBjeunGP8ST1EXNZv0Rq4TdWfInKPwbUCyOiaNQL48d7YdbcVIl8uK4jbbT1Oedmuqyqv8MN3dzp2X0jo/XJPPCp4QscIXoRG6s1bPPrA15f0prOJT/g3Ev3+HMLDdVNl/CuQFJ4zN87WVPtXo11fJ1pa2lNpwpNOXj5WT4V3gJ/hAfc1tuNSqvq7D9/C/fs/J3zP29MZ4XhC5zcuSGGY8aq77nncKPHu1G5quOzfw7y+zbONPMfz+MJRuYhScauYhutA7utuc67sUlvxmb0T2ysVrPFzw/T/ibc4U9N1FS3/oWP3xj/fg5x0bDh/NvFd4GTErWGnUpqWW/2jXwNIuXkaJZVl+Xok29u5Qn3fmYrcxt+uCYmndFjub6TJdUN5/P2a8EJPPd1XVqYVWO/oc3pYFmPsy4kGiTLwC1S3ju8iBMnLuShewXlwhfc1t2KSt+h3Bujy7MNs54DbWV3KxXr/JDqu6QjHF7ahFbNFzNCl/PEUtPhF575pTvLWpZmx8UX+NzgeBW/wEmfsPRRC9lIrWazJfcyBKCosYtZvOR7gSNCn6zGdXs+G6o0bLHiJcfFc74I8ed1UbNj391JxpUlwobUX+cPddXUNl7EKL1IG4rgvBC9lM1NVaz5zZV0T3Qu8+saKpoGLOMdIXWxoP2Q656TSTv70FbbjmviyKSgfnTQtuavT8T6VLy/cixqImSJ0TlLOyed5+QqKpq1XMF7glif6hm9tDlN1fU459ZLtuiuf8daKht+tDlO/GR0ZUtqnQZxX5LAh6va0UzTkPMj9Uw+9jm9zdpxdawR48uA/FN08I7GewHV3KTrK9nB1ZSVRh9hXDoZ/675kE7eA7j7kUAybwuclLMTWVHlyAHBzxk2vgKVJqU5IvQZd39iR5X/ZP6VQjIpmAMclfRsN4Pr9p3k+fPHuPmrpnQ0KcUeWx4WOsf0kfPZSKNh/Tk30+ZzmeuyQQuc3LmRG8eMUd/F5HDjx7txuCo8XsV2ZgrKZDLK7T/grNPPDJuLiOEhSd2Nn9i+nDudrLVUyFS09W3JURuuMSHdk6BJfiqa1x7P/dEJFKjjs9uHOK6mkupmSzLUgpfD/4cLGpnSseNqRqWw2CD1VbpkBA92h6VnT+xyG4u5g7wK7B27lAsncCY+Ftv7ukKr0UCj0UCjcUTPLXHQR9/GndcnnDSoPHoVZta5gRULDsBjzBKM9FMX4Mt6cjjWD8TUqYPRwLGgRq9FwMS56MqVCPAqi4Y9x2Fx0N+Iy0MLM33MEcwb0AyVS5eEjbUD3KuMxJ4XRGJCEghAiDqJk/8qULtzB7grcr5XcshINP5kB1ymBWHdQL9CeOc11eIOpeFpTjx+9LhodXHL77gcS8PTXMCD+48gGMT5osOft29ED9St6w7d5b8QrhNnQzGcT7l0GueT3dCgoXfaAUSTMmjU0B3Jf4XhcuaWPXIZZCAoAJDLIYcAQaBInxrHXwbzJxuds4TKF80buyHp3GlcShGfK0u174bG6jBs/uMfCCAeHtqPC5qGaN3QTPx7755esH9yG7fjnmDfjiNI1odhZ/B9JNz+B/dLloFXiYKNr6Kff971eDdezY2/sAidGw/FhfeXYdv0ejB/9Qr+ox0Y9+VJNPxmOprbGON8hRLVphzFrVunMatuxlPKfB6N6Fg5yrTqhy6Na8LfvzY+nPgjhld5hD9+24dnhWxdXfhfuKR3Ra3aboVyZqKwOGZwDjdKvBuHqzLLtph//CQO7ViOsTUjMLl5S3x7LsmoPAQAhdcgbL36D6IfP8fT24cxp1EMlvZogS9CUlloUhmjfpmNlk8XoqmLGdQqNawrfIhF5/XQOpSEZeZQkbuj3+wv4RHUC56WbgjcUzzaqaV6SoX6Uw/hxObhKHd5ORYfjMv3oS1Z9od+QIUn+q49g/Pnz7/+/XXpCi4FfYFK6doe6KNCsfdiMqyslLi06TeExRsoqwhCXa4XVv11C2fWjEQt4TC+7uCHsh9MxqFHFD8uIQJLurXG6H2m6DxrPfYd3ofNiwejZvoDcjI55ADk8tyD0aRCR/RrUAJHJvfBlIOP8pCM5FDIAV2KzvD/ToEsJl8ifCorTL8bKssEJiaAIAgGc77I8KdA7SPqdCBIpvlZjA1Fcp45jOPNf1JAoZBDJstbHhPvrxwPShrGn+x0zs53cjlAZir6OftUZtcWvVqb4/RvG3BNF4dDe45D0aANmliLZ4JJGV+Ukd3Gzb92YdPR6hgzpibCtv6JsGsRYFlflDUp6PjKLv/8B+vFW4/3vOeJuFMz0abJWNxqtQb7V34Ez3SdsOKCVmLjv/ewscerxa85mv/0L5LPfYXK1i2wTGRbYIVjKTjKnuLu3XhQYQkXVxso+Qx37zyHzKEkHBSATKmCUibgyaMnabGkcIGbsxxJD2LwtLBX0TIZ5GAu/M5r7c4Px/Jf3w3K4UUp3uWWcK1YDfVb9cWMTSvRz+IEflx2VHSnODE8zDxmU5f30HPOXHziehubN558Lcus6hD8fjkGj6Ov4+r1f/Hg1DhUkKlRrU7VNxuMMRbBcxfhUtnPsOn4YUxroCpOCxxAa+cBv9ZD0aPKA4TsvZi/3uMaLTR8hqdZRLTSryaqqKJw4nwC3MuXR/l0v3KlHaB9dWHCOXzbfRhC/X9A6MkFaBr9PXqNDsYTipdlYITi/pHF+GrSIhy+X8CZSGkP/7ZDMHNtKK6dnYUKZ77BlytvZpxg5DSulIs4HpaAin2nY0yn91HVrxKq160Kd01acMtdqqGakx7HN29DVC7tMOWlGmPq7lCsavcYc9o1w6i9Dwxb5Mjt4Wgvx9Mb12EU04nyqRYltDIw9glis1NWpoJaJQOfP8NzFrQ+ObhbLOeLEH8K0z5Zb9NdQ8iBSKgqV0dFpTgbiuG8smINVFHdxuGDN9K+q6K7jgMHI6Hyr4YKmdqEqpovxb1nW9HdIh8+FeMvI/InO52zTnv/IDQ0EiYV/OFjYoBPZVZoGdgDrhd+wc8H9mDHQeKDzq1gbwCFZPa+qGAfhWNzV+JYzR4YEtgNNU+vxncht+DsV+HNXcTCiq+ihnc23vNfc4W7GzGww3Tc77AOexa0g0umxax5mwU4f+USLrxe+IZhWVdHKH2HYuvJpejkIBOlj8yhFuqUEXAiKOT1HIRP9mPPaQHl6tSCnQyAtjwqegHhR47i9SdeUv7G5Wt6WJb2gl0ht556GRe3sT/4SvYTaGPVbkM4ls/6bmgONw4KYH4ok0MuB/R6vWhZoniYpfoEs5wDKWFRyhOlS8Zh05ff46RtR3za2fnNJ366yzhw5DH8uw9Bm0oesCsmSTVTOlBBrQISExLz9UjRxNMfFS1isGXmFDTQN4aD7g7CE/0R2NEPJqW6YsLQBWj2bVsExI7CoBZ+cFC+wL1rUbBpE4gW7nIAzxH6VS9Mi2qDNacHwdcRWDw/GNW6D8TolmFY2sr29To9R1kGBegJfNfnU/xwE1jz3B9XZ9eF8eMkAYe+H4HgEk3QqLIHbFSJiD4ehuhkDcrYmWfYe8hxXCY+qOqnxKbfZmKh/0DUdTGF8PQcopLSeU1VDyOntMHGvp+iUZsrGP5xI/g4qKGLu4sIVEP/9r4Z7aP2QtdlwVDLm6B7lw6wDd6NL6uLfFlNZocmbetB/dm3GDTNFsMaOkPx+BT+FWCYDwzxqcwcfpW9IcxZgikrnNDOPha39FUw8MOK6a6xgo+vM/TLlmLG6lIIsHyMCFRF/3a+BumVX47JRHG+iPGnEO3zOgdHncLuEEdYJUTg4PIZ+P5SGQwO6oySMgBibCiG805dMXbAHLSY0QWfqCfhIx8Bl9ZMxYwLXugf1BmlZECS0Xwq3l+Fw5/UVHdsCSYuIBp5K3Fr8wxMO+WALps7w1lumE81tQMRWH0JpvcbBQrNsLiVnWE7+yYVUNUvGfN3XUS3TW3hWEqHHg1GofsWPToOLi+aO8a2j1i8OD4Vzf43G3fqz8W+9b1RWl6M68VbiPf819xknPhhPLawHRZ/4o5HVy7h0at5u7kLyrlbQWHhgrIZFvopuGethExtB8+yrrBSiNTHxB/9RjTDT4NGoEc5HT6rBZyYNwpb0BxL+qaO28QfHw+oi3mfT0L/WQ6YFGCDm6s/x6Jb5TBoRaM3FtoFzR9ZqS4YO3AOms/8EB2FiRjQwB2auFOIEpA2LmPVbgM4lu/6LiKHG/29y/xyVbiHoHnLEeFcFeUcTcG4f3Bs1TdY9q87PulSK+MTk/zyEEk4uWw6QtU1UMnNEvJnEQj9ZSaWRLmhT6f3Xst6cecKLt+MxPWz+7Fp+XLsuOOD0ZvmoF1WLc2ZhMREQK0uyGMiBYA3D3bl3iZaTIeciC0j2bScPUsoTaix8WL9sXv45NXBJf0DHl80mAGVnGmpNqGJ1obuVf7HH8+/PL304sSX9NO6sc/2B2mHwfTR/LWdLVXlRvJIvAGyRJ/+iuGOwRVpbcQ2gG/KeMB90zuxtrc9TZUKKpRmtPeuzc6TdzIy2TAbJkVs58SONVnawZxqpYqmVg50863DAevSd7lIZMTuWezbuAKdLNRUKFQ0L+XDRmN2v+ySluWh48uc3dCSytIDuMuQVmopUdw9qT0rO5lRqVBQbW5PT/8mHL3zQRYd217J2sP+jipWnX6ZOhruU+HhQU5r7UM7rZJqa0/WGRX0xjX6O7s4tmkZ2miU1Fh7su7oIMO5kZM+YseVC+eLIn/EHyzNZwwKD7n7y6b0d7ejqUpBE60tvev34nch0W+0As7dhrlwPpWrQVM7sZqLOVVqC7pW78ypQWlth9Mf2M9wiDl4AEtqW3Llqxvlpo9B/srtjGvOskTp/Lodd3XWK2NLjVJLu3JNOTRzO27RPhUYu6MPneVyOvcPMrw5CXW8MKUy1aWH8VDq6dfnQf3poqnN767rs29AkZf4Mij/iDt0fHN2XapkINTpOFGM60Whxbuxaq4+gnPqq7JoOwyqW6zIpgV/Dk0GctNHeMQTP/ZiLTcLqtUWdKv1Mecef5TxOv09HpjVje+5W1GtKkGHCq04dltEFl23CoE/JJkSzX2zerKety21JgoqTe3o7t+EY3ela3qQW+0WyQ1xcxIj1fdccrjR4z2/XNVd57phrVnDy56mShOqLUrR5/0enP5nxJtdJ/PLQ+EBgye3Z62yjjRXmVBl5siy9btxyvabaU0GmMKTY8pTa2ZPzypN2GPsMh6JziHui2mbaBmZ7sEV72FJM09McN+K6OUBUEGCBAkSJLwTEG7jx0ZlMMZhNR5v7GyUV7f0175D/Wpr0ORQGKZWVf6nzMm4c/ihQ1OMi+yDw5e/Qy2lRDEJEn8kvINI3oP+ru0RMeUW9g4qVWzOvWd8Cimzhre3LeIObMH2yxVRz1YJtaU9rLVyycESJEiQIAGMu4mzfz8Dn4Zh+eivcbfzKgyr8t+anSXf2Ikf583DotO26LXqc7wnTU4lSPyR8G5leiQ8icHTpBQ8PrYVobE2aOhtU6yaemVauajRcPxP+MztMAJreMLJyR2dV8WAkqclSJAgQQKAlHM/oUfj91Cv0ze4UmMOdsxvk/3h1ncU8rhbuJJQC1NDjmFJ25KQSbSQIPFHwju1vonB6q7ucHLyQPWBB+E2fDHGNypeZ3AyvqImQYIECRIkSJAgQYIECcUY0rtnEiRIkCBBggQJEiRIkBY4EiRIkCBBggQJEiRIkCAtcCTkDMbh1PIx+HThifx9bPU/bcNnCPtlPIb/dEqyoQQJEiRIKN7Q/43Nk0fiu+CH0ploCRLyusBJvrYWge+XgV0JJeRyDZouuZcpoAREzmsAtaYJFt/NJtTiI3Fi5y6ceVAIoShKlgidjYZ82oexOLF6LlYcvJ32ld6igCLn05wWOE9wbOX3WLL/n6Jlw/8yCpM/hYhnB0ahsq0j6s08W3wW04XgC8YsR4BGBpns5U/baQMS8nBNkc3hxTJnFqYNJRiVY7qLWD9rIXaEP397CxwRHCvcfPiO8Zn3sbS5BnK5EiXsyqDh4LW4lixFihEXOPHYPW0Yfn4cgJVnI3DnTiQ2fOyQqcOHDCqNGjKooMqmtaHu8iL06jACGyL0BT4AcbJy19l4KFr2KVw7Fz9ZEt49/hRiRUJ85FXcevIQ167eQbLki7QsaNsBS85exMULIZiQTQ9cMdcU1RxePHNmYdiQeHLmZ4xsWw0eNiWgNrWDV+1umLn/HoRXl6QcwjB3k9cL2/Q/k9IjcTQPM+OE67+hr48ZSo8IzXZineM18Zex+rNm8HEwhaaELbzq9sKc0IdpOhdRjhWtvFHY+bCI8DkPSLi0CG2cTaCq/jXCX5lT5oCev0fizp0InPk5AI9WDMO03fHS5CEfyPgdHD7FnbsvYF27DZqXd8nmQ58yWFhZQq5UwsqsuDQ3LEydi6N9JEiQkJdYL9lrLc773YLSpzJMJYOkQWENd19rQIjGYVNZ3q+RcnjxGpf+BtaMmYpDpfrhq1++gbP+OrZ8PR4TOibCJXwzejjKAJOqGLntKLolpfvG+KNgTPh4Bm43bYJyJgZMuh+ew6b5X2P6vD/wd7wAl7xcw0fYPiQAn+wuhzELg9He5QkOzR2Bca27QBUWjCHeColjRTIfFhE+G4iU6yvwUYspuCDXvPHwQGvtCC2AkgFtUcdmOW5Ex0KAqXSWJM/r0/TQ/8uFH2hYatBeJjF7JIUMpqvXCIYmZ/pD8kEOdVMQQKafnPb9gtLuqX/Ao/MHsKm/G620WtqUrsuP54TygfBKjfXs6qJm6b7beT/134T729jbXUuf4QcYKxggKzedX0GI4Y7BfrSxrsBBf9ynwLwjX/bRR3JeAxXldp4s42hGtdqcTpXaccKft5mSwVc521AshLhzXB7YmL4lzakyUdHUuhS9a33O3U8N86lwfyP7+7vSpoSSCqUpHcs3ZuDP5/ksnT7C4+NcPKIbm1QtQxc7c6pNlNRaurD5vKvU0XCfZotUG5p4vMdGvg4sodLSvnxTDlt9ifEG2zCJUftms3/zSnS10lCpKkFrl4psM+dcmj9SorhnRlfWdLekRmNFj1rdOCM46vXfU87MZuuKTrTQmtHBN4D9h3RglZIWtPJoyC923qXeAH1y9ZdoG+UsS5TOwkMGjQtgNW9HWqhNqNTasUyD3vz+wN2X/hTpU+HRGrY3V9JnXFg6jr/gn73tqfQdzzMpoqKOu/raUdN82euc8RrPf2cHUwf235NktNgR7i9jc3XaeDQd1/PFGxc9ZNCE1qzt60Z7Cw2VKnM6V27H8dv/YTIN9KkYbhRWfImM97SaosraPoZcIyaHGxE5ySrOObMw6qCQnJyhViUd/oweSicGhiRlK3NrTxeqfUbycJwhklJ4fkotetbtzW93bOCI8ip6DD/CZEOviV3L/5mpWPu762m5+Nmf7FNSRZ8vTzPlLXCM8Ve4dngzlrfXUqW1Y9n6NehhomL9uREvddRd4JTKqoxztcSN7KRJd40Y/ojhoZgcLiYfiqiVYnNmkeZzTveKPcRRlUuxwdfHuGOIK9XVZvCKLsuBMdBJw0YLotI4KcFgZFrgRHFBIw2dA0NyLHbC/UNcuiKUD99gywvev3GVF9f3o4fKg/3WX2R4eDjDw6/y+t3nqeSK54mJVWlmV5ufLt7Jo6eOcOu3HemtsWHL5ZGpzhT4JOQz+mrs2XLxNSbro7musxNNq07kyXhDZInR+VUQH+VILwUBBT1HhDI/NTRf9kmdnCv9B3D5tj0MCfqN09q4UWnemAsjXlFdjA3FIJlHR3pRWbIZJ/2+nyfDTvNYyB/8ddlu3tAZaOfk6wzZsJMHj4cx7FgQlw2qRnNlWY46lsYkXfg3rKEyZc3AxdywM4SHjxzivj83cO/VxDz5NLcFjsK5MT9fsJ679mzh/P7VaGniyt5/PDSAh3pGb+hOd6WWpVuO4o9r/2BwyF7u+O0nrj3xJPU+T3lghC81ZpXYa+5mBgdv5A89KtJU7cPhB17OeBJ3fExrdV1OOnCSW4dWpFJbhxOCjnBN37JUe3/OY8li9RHjLzHIXZYonVPtrKo1ilv2HeSBXas4uZ0XNVo/jjr8TLxPhXtc3qIEVe/N4t+vxpFygqPLKuk8aB8TRU52zk30o7badF7WkUyI4a0b9xhPUh8xl/VLVOaUCzrjxY4ullF/hzP8yiFOqpXN5PxVLNcczt937eO+nas5uZUrTUwbcO51nQExKE7nQosvkfFu7AVOrjnciMheVvHOmYVZB1Ml8uG6jrTR1uecm1lH1/NDw1lGVYrdNz80fAIqCC//m5TT/NInqwVO7tcI0T+xsVrNFj+nky/c4U9N1FS3/oWPC5tjwgNu6+1GpVV19p+/hXt2/s75nzems8LwBU7u/BHDQxEcE5MPRdRKcTmzaPM5+3nJHW7o5k7P7hsZrU/mgU9zWOAk7+cQFw0bzr8tLXCMtcBJiVrDTiW1rDf7Rr6MmnJyNMuqy3L0yTf3PoR7P7OVuQ0/XBOTLpnFcn0nS6obzuft14ITeO7rurQwq8Z+Q5vTwbIeZ11INEiWgezjvcOLOHHiQh66V7CUylHn1ABPnyD0t+ezoUrDFite2ky8DXPDC27rbkWl71DujdHlXecs59Bb2d1KxTo/3MiUbO3Yd3eScWWJsCH11/lDXTW1jRcxSi/ShklHOLy0Ca2aL2ZENuYRopeyuamKNb+5ku6JzmV+XUNF04BlvCOkLha0H3LdczJpZx/aattxTRyZFNSPDtrW/PWJWJ+K91eOKVqELDE6Z2nnpPOcXEVFs5YreE8Q61M9o5c2p6m6HufceskW3fXvWEtlw482i93SFfhwZUtqnQZxX5LAh6va0UzTkPMj9Uw+9jm9zdpxdawxY0fE5DyrWI5ayEZqNZstuZcqP3efitW50OJLZLwbe4FTNPCO5swCqoNJ11eyg6spK40+wiwjWX+bS5qZ07TeD2mbG3kqqjkscHK7JuUcJ/mpaF57PPdHJ1Cgjs9uH+K4mkqqmy3JkMcKA/rI+Wyk0bD+nJtpsZR58WLQAid3/oiJZVEcyyGWxdRKcTmzCPM5Bz3+XfMhnbwHcPcjgWQuCxz9P1zQyJSOHVczKoUS8ojUV/uSETzYHZaePbHLbSzmDvIqsHf+Ui6cwJn4WGzv6wqtRgONRgONxhE9t8RBH30bd16f3NKg8uhVmFnnBlYsOACPMUsw0k9dgC/ryeFYPxBTpw5GA8ei9caj3LE0PM0FPLj/CIJBNswNWgRMnIuuXIkAr7Jo2HMcFgf9jbg8nJ7TxxzBvAHNULl0SdhYO8C9ykjseUEkJiQVjbaWcg/UresO3eW/EK4TZ0Mh6iRO/qtA7c4d4J7Na9gpl07jfLIbGjT0TjvQZlIGjRq6I/mvMFzOfJpVLoMMBAUAcjnkECAIFOlT4/jLYP5ko3OWUPmieWM3JJ07jUsp4mOvVPtuaKwOw+Y//oEA4uGh/bigaYjWDc3Ev4/t6QX7J7dxO+4J9u04gmR9GHYG30fC7X9wv2QZeJUwZuzkkYYOpeFpTjx+9Dj1kGruPn3bOhfLeC8wvOs503h1MP7CInRuPBQX3l+GbdPrwTwrG1z6GYsOqtF2eB+UUbylIZtUxqhfZqPl04Vo6mIGtUoN6wofYtF5PbQOJWFZyEdkdOF/4ZLeFbVquxXK2YvC4qHBtTLbnFl0+ZztUZBHOzDuy5No+M10NLcRQSi5O/rN/hIeQb3gaemGwD1SO7U8hXbqrAT1px7CiYAf0bvbciw+OBzLWljk6/CXLPtDP6DCE33X/oERFTNmNJnKBm7pDhjqo0Kx92IyrKyUuLTpN4QNm45apgbIKsKH8WQGusnEBBAEwWAb5gZ1uV5Y9VdLfL57A9atX4evO3yPyTXGYf3mr/C+rUyczkIElnRrjdG3PsBXs9YjoLw1hIfB+KrjeNwrFPuISjEgCchS7y3GhjI55ADkcnkud85+HG/+kwIKhRwyWd7iQry/cjx4Zxh/stM5O9/J5QCZqRjl7FOZXVv0av0Fuv22Adc+DcSFPcehaDAHTazFM8GkjC/KyA7g5l+78PfR6hgzRoeftv6JsFoRYNlWKGti3Nh5+R8ZylU5FApkWCDm6lNj65zf+DJ6vBcv/HdyZt5zbdypWWjf+ms87LgG+39sB5csOarD2XXrcMW2PWa2sH6r+ptVHYLfLw9A3N1/8TBZC5uE39C68gRo6lTNptlSQU4PZJCD2W8ivcojckCXks8PIRjEQxEcyyUfGlQrc8iZRZPP2SMuaCU2/nsPuh6u2Nwj9a66ZKTwK1S2PoIFf+9C/1LpbMBYBM9dhEtlP8OmlcNQt4wKEvK8wAG0dh7waz0UPar8hPl7LyKlRV3kufOeRgsNn+Hp0zfX20q/mqii+hUnzifAvWN1aLO7R8I5fNt9GEL9f0Doj1qMqz8IvUY3wIkFzZBhzpODLAMjHfePLMWivQIaDxlUsE9x8qmzaBuKvqE9/NsOgX/bIZj89xy0qj4WX67sgdAvvNN2kHLSOeUijocloOIX0zGmUwUoACD5Idw1srwVa6P5NL2O1xByIBKqytVRUSnShi7VUM1JjzWbtyGqZ1+4ZbHDqKxYA1VUv+LwwRvQ1fJ5GVC66zhwMBIq/2qokCmIVM2X4t6zl/87Oa8+FeOvfPInSYTOWYfRPwgNjYRJBX/4mBjgU5kVWgb2gGuTX/DzgdK4e5D44IdWsDdg1iOz90UF+ygcm7sSf9fsjQWByThT+Vd8F38LzrUqwFIGKIwdO9CihFYGxj5BLAGtzPgxaPR4z298GRLvMhXUKhn4/BmeZ2cfMdcUNbyzOTP/dVC4uxEDO0zH/Q7rsW9BK5TK7ha6S9ixMwJWzb9HgxJFoC5DCYtSnrBIuoblXb/HSduO2NjZudA7WL2K9/3BV5Bc2z/rBZbcHo72cjy9cR33hQC45lVJQ3goimPZ50NRtdLoa5hC5HMOsszbLMD5KzPTbfrpcGp6U/T/6yNs3TACdRwyJT3dZRw48hj+Q4agTSUPqYtafhc4qVMZqFVAYkJivnhm4umPihYx2DJzChroG8NBdwfhif4I7OgHk1JdMWHoAjT7ti0CYkdhUAs/OChf4N61KNi0CUQLdzmA5wj9qhemRbXBmtOD4OsILJ4fjGrdB2J0yzAsbWX7er2foyyDAv0EvuvzKX64Cax57o+rs/OxwMuPfcRM5ETZUAwScOj7EQgu0QSNKnvARpWI6ONhiE7WoIydeYY9lRx1NvFBVT8lNv02Ewv9B6KuiymEp+cQlcS3Yp/X6SbqFHaHOMIqIQIHl8/A95fKYHBQZ5SUARBjQ1U9jJzSBhv7fopGba5g+MeN4OOghi7uLiJQDf3b+8LEqSvGDpiDFjO64BP1JHzkI+DSmqmYccEL/YM6o5Qs42Ihfz4V76/C4U9q6BxbgokLiEbeStzaPAPTTjmgy+bOcJYb5lNN7UAEVl+C6f1GgUIzLG5lZ9iurkkFVPVLxvxdF9FtU1s4ltKhR4NR6L5Fj46Dy7+UY+SxQ2YOv8reEOYswZQVTmhnH4tb+ioY+GFFkVzN3afG9le+48uQeJdZwcfXGfplSzFjdSkEWD5GBKqifzvfNFlirhGJF8enotn/ZuNO/bnYt743Sht9ZvBu58z818FknPhhPLawHRZ/4o5HVy7h0as5ubkLyrlb4dU+kXDvKEKvyVF9+HvZL9pz0ycxBjduxiBRdxMPkoiUR7dw+ZI1tDYeKOtk+tIfIq55cecKLt+MxPWz+7Fp+XLsuOOD0ZvmoF0WT8ULmmOyUl0wduAcNJ/5IToKEzGggTs0cacQJSBt7DI7NGlbD+rPvsWgabYY1tAZisen8K8Aw/xtAA9FcSynfCiiVhp9gVOIfM5JltzCBWUzvBSVgnvWSsjUdvAs6wqrzJunTEJiIqBWF+SxjP8A3jwglnubaDEdjSK2jGTTcvYsoTShxsaL9cfu4ZNXJ8T0D3h80WAGVHKmpdqEJlobulf5H388//I01YsTX9JP68Y+2x+kHSrTR/PXdrZUlRvJI/EGyBJ98jqGOwZXpLUR2kTnyz5ZHtzew/6OKladfjmt/W4uNhQ35gfcN70Ta3vb01SpoEJpRnvv2uw8eScjkw3zaVLEdk7sWJOlHcypVqpoauVAN986HLDudh4OPObTp8JD7v6yKf3d7WiqUtBEa0vv+r34XUj0G622c7dhIiN2z2LfxhXoZKGmQqGieSkfNhqzm4+E1905GDS1E6u5mFOltqBr9c6cGpTW1jv9gf0MBxaDB7CktiVXvrpRbvoY5K/czjzmLEuUzq/bcVdnvTK21Ci1tCvXlEMzt+MW7VOBsTv60Fkup3P/ID43OK50vDClMtWlh/FQQmqHpqD+dNHU5nfX9Qb63YAweniQ01r70E6rpNrak3VGBYmPZbE+FaFzocWXyHhPax60i2OblqGNRkmNtSfrjg56Q5aYa8Qc5L05uy5VMhDqdHFl1NZX72jONFYd1EdwTn1VFi2FQXWLFRnamiftH0xnpSdH5NT3Oxd9UsLG0dfkzfbF6ecwuV+TwpNjylNrZk/PKk3YY+wyHolOenscI8mUaO6b1ZP1vG2pNVFQaWpHd/8mHLsrXae3lCjuntSelZ3MqFQoqDa3p6d/E47emTZvEsMf8bEsjmPZ5kMRtVL0/KcI8tkwWbk0GZDaRBsFMpLpvrZ1D0uaeWKC+1ZELw+A9NafBAkSsn9Edhs/NiqDMQ6r8XhjZyO87gXor32H+tXWoMmhMEytqpRsLMGwDbu4c/ihQ1OMi+yDw5e/Qy2JQhIkjkkobkjeg/6u7REx5Rb2DioF6ZPxeUPGp5kya3h72yLuwBZsv1wR9WyVUFvaw1orvQEoQYKEgpow3MTZv5+BT8OwfPTXuNt5FYZVkWYNEgycE9zYiR/nzcOi07botepzvCdRSILEMQnFpxIi4UkMnial4PGxrQiNtUFDbxtpcZMPZFq5qNFw/E/4zO0wAmt4wsnJHZ1XxbzjbT8lSJDwNpFy7if0aPwe6nX6BldqzMGO+W1gJ2V1CYYWs7hbuJJQC1NDjmFJ25LSxECCxDEJxWh9E4PVXd3h5OSB6gMPwm34YoxvJJ3ByQ8yvqImQYIECRIkSJAgQYIECcUY0rtnEiRIkCBBggQJEiRIkBY4EiRIkCBBggQJEiRIkCAtcCTkDMbh1PIx+HThCaS8S7IkvINcfYawX8Zj+E+nJP78p/KG5HcJEt5Z6P/G5skj8V3wQ+n8tYR3a4GTfG0tAt8vA7sSSsjlGjRdci8TyQVEzmsAtaYJFt/Nhv7xkTixcxfOPCiE8BAlS4TORkM+7cNYnFg9FysO3oauwCcqxpHFmOUI0Mggk738aTttQEIerinU+WAR06d4Tqqf4NjK77Fk/z8Fz9XiDGPlwyKTN4zsdzH2KcyaUtTqRWFyrFjWXAlG5ZjuItbPWogd4c/f3gJHBMeeHRiFyraOqDfzbCFstEh8zroW3MfS5hrI5UqUsCuDhoPX4lpykV3gxGP3tGH4+XEAVp6NwJ07kdjwsUOmTiEyqDRqyKCCKpsWibrLi9CrwwhsiNAX+ADEycpdZ+OhaNmnMCCz7YAlZy/i4oUQTMimb6aYa4qazhIkFF6OKrz7FEf7FO7Yi1a9KGrcKDo1l3hy5meMbFsNHjYloDa1g1ftbpi5/x6EDNOay1j9WTP4OJhCU8IWXnV7YU7ow4zXiIH+EqZXVb3eFHv506L92mdvXJpw/Tf09TFD6RGhb06+jaVPkeRzYXGMiI+8iltPHuLa1TtIfidyQgr+2TkVPRuWh6OZGmpTB5Rt0Auzj+ThSRqf4OT8PqjjaQ2t1gqetXvjx5OP093HMFnZ8lnmgJ6/R+LOnQic+TkAj1YMw7Td8UWGRxm/g8OnuHP3Baxrt0Hz8i7ZfOhTBgsrS8iVSliZFZcmiYWpc3G0Tz6hsIa7rzUgROOwqSzv1xQ1nSVIkPAfhFQvisW49DewZsxUHCrVD1/98g2c9dex5evxmNAxES7hm9HDUQbwEbYPCcAnu8thzMJgtHd5gkNzR2Bc6y5QhQVjiLdCvDzhOZ4+U6Dm+N1Y3tUxdeNXDgtX07SJ+cNz2DT/a0yf9wf+jhfg8sbE04j6/Kc5JkPJXmtx3u8WlD6VYfpO5AQFlAlJsGwyCkvGe6LE08vY8v1XGN1RQOlrq9HeUjRRcfuXXmj9+RlUG7sAW2sDx+aNxhete8Pi7Db0dpWLlpUrnyGD1toRWgAlA9qijs1y3IiOhQDTonH+hemh/5cLP9Cw1KC9TGL2SAoZTFevEQxNzvSH5IMc6qYggEw/Oe37BaXdU/+AR+cPYFN/N1pptbQpXZcfzwnlA+GVGuvZ1UXN0n23837qvwn3t7G3u5Y+ww8wVjBAVm46v4IQwx2D/WhjXYGD/rhPgXlHvuyjj+S8BirK7TxZxtGMarU5nSq144Q/bzMlg69ytqEoGFuW/l8u/EBFTcf1fJGtTBHX5IDYjV1obVKaIzIYV8eL06pQZd2Vm56+4stG9vd3pU0JJRVKUzqWb8zAn8/zmSE66y5wSmVVxnhI3MhOGhXrz42g3gD7CHHnuDywMX1LmlNloqKpdSl61/qcu58aaICUKO6Z0ZU13S2p0VjRo1Y3zgiOSvOX8JBBE1qztq8b7S00VKrM6Vy5Hcdv/4fJBcQfE4/32MjXgSVUWtqXb8phqy8x/pU6j9awvbmSPuPC0nHqBf/sbU+l73ieSSmmYxfDMQNzVLYoonkjJ7+L8peYcYm1YS6yUs7MZuuKTrTQmtHBN4D9h3RglZIWtPJoyC923k2LZbH1wojISVaueUOkfcTkQ+HxcS4e0Y1Nqpahi5051SZKai1d2HzeVepYNGuukJycgd9Jhz+jh9KJgSGp2sSu5f/MVKz93fU0Hz/7k31Kqujz5WmmGOSo3fzE3pQdfn+eXYLi+Sm16Fm3N7/dsYEjyqvoMfxIxtxjTH2MxDHGX+Ha4c1Y3l5LldaOZevXoIdJuhonsg7myh8j5Uzh/jI2V6f9Ldu5hLHqxVuYQ7428/aetFJW5pQLOgPq5DlOrKiiXZcNfPhq/vzwd3a2VbHSV+ez5dibskTwOaOBGOikYaMFUW/k07eFTAucKC5opKFzYEiOxVe4f4hLV4S+Nh7TTVzu37jKi+v70UPlwX7rLzI8PJzh4Vd5/e7zVIfH88TEqjSzq81PF+/k0VNHuPXbjvTW2LDl8shUwwh8EvIZfTX2bLn4GpP10VzX2YmmVSfyZLwhssTo/CqwjnKkl4KAgp4jQpmfupYv+6ROHpT+A7h82x6GBP3GaW3cqDRvzIURr2gjxobiJypGk1UICxzh0W/80FJJ3/QTZl04v6mhonWn3/n4daK8zpANO3nweBjDjgVx2aBqNFeW5ahjSUZe4IixTzKPjvSismQzTvp9P0+GneaxkD/467LdvKEzZPRPeWCELzVmldhr7mYGB2/kDz0q0lTtw+EHnmb0ac3h/H3XPu7buZqTW7nSxLQB517XFQh/FM6N+fmC9dy1Zwvn969GSxNX9v7j4Us+C/e4vEUJqt6bxb9f580THF1WSedB+5hYXMcuimOG5ajsUTTzRo5+F+MvUfYRc03ushJ3fExrdV1OOnCSW4dWpFJbhxOCjnBN37JUe3/OY8kG1gsjIntZYvKGSI6JyIe68G9YQ2XKmoGLuWFnCA8fOcR9f27g3quJRb7mpkrkw3UdaaOtzzk3U2cS0T+xsVrNFj8/TNNPuMOfmqipbv0LHxu0u7aKbbQO7LbmOu/GJmUdv4Lw8t9TTvNLnzcnhEbVxxgcEx5wW283Kq2qs//8Ldyz83fO/7wxnRWGL3By54+RcqYullF/hzP8yiFOqpXdXMJY9eJt8VnHZ/8c5PdtnGnmP57HEwzwdfQiNlZr2ObXB7y+pDWdS37AuZfu8ecWGqqbLuFdwQBZufA54/j3c4iLhg3n3y6aC5yUqDXsVFLLerNv5EvBlJOjWVZdlqNPvrlWFO79zFbmNvxwTUy6BBHL9Z0sqW44n7dfC07gua/r0sKsGvsNbU4Hy3qcdSHRIFmGQc97hxdx4sSFPHSvYN2To86pQZc+aPW357OhSsMWK17aTLwNxU1UjCarEBY4FB7ytw5WVFacyLOp5tNdms6qKnv22JrD45D4rexupWKdH26IX5SJSOzi7POC27pbUek7lHtjdHkvUtFL2dxUxZrfXElb3KVc5tc1VDQNWMY7QjY+jVrIRmo1my25V+D8of46f6irprbxIkbpX8ZV9NLmNFXX45xbL2+su/4da6ls+NHmuOI7dgM4ZqwcVZTzRma/i/KXAfbJsaaIkJW442Naaz/kuudk0s4+tNW245o4MimoHx20rfnrExZBiM8bBnMsC66+nKDase/uJOPKKqSam3R9JTu4mrLS6COMS7ebPclPRfPa47k/OoECdXx2+xDH1VRS3WwJ7xmwgNXd+Inty7nTyVpLhUxFW9+WHLXhGrOce2Y3ITSiPsaAPnI+G2k0rD/nZlrOyrx4MWiBkzt/jJYzc6jdxqoXb4PPwuNVbGemoEwmo9z+A846/cywOnF2IiuqHDkg+DnDxleg0qQ0R4Q+4+5P7Kjyn8y/UvIgS8wCR/8PFzQypWPH1YxKKRoZNPU1uWQED3aHpWdP7HIbi7mDvArs/bmUCydwJj4W2/u6QqvRQKPRQKNxRM8tcdBH38ad1yftNKg8ehVm1rmBFQsOwGPMEoz0Uxfgy3pyONYPxNSpg9HAsWh1z5Y7loanuYAH9x9BMMiGRVtW3l6FtUXL7q1g9fcWbL6gA6DDxfXrccmxA3o1t0h7PTvmCOYNaIbKpUvCxtoB7lVGYs8LIjEhyaidYcTZR4uAiXPRlSsR4FUWDXuOw+KgvxFnoO1SLp3G+WQ3NGjonXZ4zqQMGjV0R/JfYbicTSsZuUNpeJoTjx89Lnifyj1Qt647dJf/QrjuZVyVat8NjdVh2PzHPxBAPDy0Hxc0DdG6oVmxHnthcaxYxHImv+fVX3mKQUNlyWWQgaAAQC6HHAIEoSh2RjJO3ii6XDVezY2/sAidGw/FhfeXYdv0ejB/zYPKGPXLbLR8uhBNXcygVqlhXeFDLDqvh9ahJCwNOE6h8BqErVf/QfTj53h6+zDmNIrB0h4t8EXIM/E3MaI+xoAu/C9c0ruiVm23QjkzUWh12Uj14m3wWWbZFvOPn8ShHcsxtmYEJjdviW/PJeXhTkpUm3IUt26dxqy6qgKWBUDujn6zv4RHUC94WrohcM/bb6eW6nsV6k89hBMBP6J3t+VYfHA4lrWwyNeBLFn2h35AhSf6rv0DIypmPFAnU9nALV3bA31UKPZeTIaVlRKXNv2GsGHTUcvUAFlF+ICczEA3mZgAgiAYbMO8UKLwZOUNls17o0PJVtiw7jQm+abglzV/w6v7CryvfXXGLgJLurXG6Fsf4KtZ6xFQ3hrCw2B81XE87hmYsBRyQJeiy+kQmyj7qMv1wqq/WuLz3Ruwbv06fN3he0yuMQ7rN3+F923Fs4E5cCrHcSiQNokrUJ8SJAFZGsdldm3Rq/UX6PbbBlz7NBAX9hyHosEcNLGWGXjnIjR2gzhmrBxVlPPGm34X7y8x48r5GoO4IVNAoZBDVgwKh/i8kYN9jJYPi2LNJeJOzUL71l/jYcc12P9jO7hk4rFZ1SH4/fIAxN39Fw+TtbBJ+A2tK0+Apk7VbBop5V4XTF3eQ885c3E+qBF+23gSsxs3EX0v4+uTn5QigxzMZYEvog6+jZwpM2JOyK5evJV1vyVcK1aDa8VqqN/YC898muLHZUcxfNEHovihcCwFR9lT3L0bDyqs4eIKgI9w985zyBxKwkFhPFkZDR6L4LmLcKnsZ9i0chjqllG99ezwOhVo7Tzg13ooelT5CfP3XkRKi7rIczc8jRYaPsPTp2+ugZV+NVFF9StOnE+Ae8fq0GZ3j4Rz+Lb7MIT6/4DQH7UYV38Qeo1ugBMLmiHDvCgHWQZGH+4fWYpFewU0HjKoYJ/i5FNn0TY0AgySJVNBrZKBz5/hOQGtLI/X5IYSDTGwT3msXL4MG3wT8Nv9Whjfv1oaX1Mu4nhYAip+MR1jOlWAAgCSH8JdI3szkeakj9wejvZyPL1xHfeFALjK82kfpT382w6Bf9shmPz3HLSqPhZfruyB0C+8Re2eKSvWQBXVrzh88AZ0tXxeBq/uOg4cjITKvxoqKHPM6oXDn5RrCDkQCVXl6qj4yiEyK7QM7AHXJr/g5wOlcfcg8cEPrWBvgO+L3NgN4ZixclRRzhuZ/C7KX4aMK6eaYogsAKrmS3EvddO9CH2yIX95IycbGsLVQuChMWuucHcjBnaYjvsd1mPfglYoJc9+N9uilCcskq5hedfvcdK2IzZ2ds6Udw3URyCY53mwGH0KgVqpOWF/8BUk1/bPelIrog6+nZypRQmtDIx9gthMtdtY9eKtzyFlcsjlgF6vFy1L5lALdcoIWBwUgic9O8JGBvDJfuw5LaDckFqwkxkqSyR0l3HgyGP4DxmCNpU8ikQXtUx7HSqoVUBiQmK+fG/i6Y+KFjHYMnMKGugbw0F3B+GJ/gjs6AeTUl0xYegCNPu2LQJiR2FQCz84KF/g3rUo2LQJRAt3OYDnCP2qF6ZFtcGa04Pg6wgsnh+Mat0HYnTLMCxtZft6DZ6jLIOC7wS+6/MpfrgJrHnuj6uz87HAy499xHBelA2NtMFjiCyZFXx8naFfthQzVpdCgOVjRKAq+rfzTRuXmGtE0LZSv8F4f85wBA4lSrRbi56e6fQw8UFVPyU2/TYTC/0Hoq6LKYSn5xCVlAWrc9JHZocmbetB/dm3GDTNFsMaOkPx+BT+FdICR5x9EnDo+xEILtEEjSp7wEaViOjjYYhO1qCMnbno3VCZU1eMHTAHLWZ0wSfqSfjIR8ClNVMx44IX+gd1RimZuKRtbP4IUaewO8QRVgkROLh8Br6/VAaDgzqjZLqBaWoHIrD6EkzvNwoUmmFxKzuDdoGL3NgN4JixclRRyxs5+l2MvwwYV47XiJCVVAB5/MXxqWj2v9m4U38u9q3vjdJGr+ji80aO9jEkHxYCD41Xc5Nx4ofx2MJ2WPyJOx5duYRHr+bk5i4odb4psgAAaW9JREFU524FBYAXd67g8s1IXD+7H5uWL8eOOz4YvWkO2mV+cp6jPkk4uWw6QtU1UMnNEvJnEQj9ZSaWRLmhT6f30hYGiTG4cTMGibqbeJBEpDy6hcuXrKG18UBZJ1PIDNGnEDgmK9UFYwfOQfOZH6KjMBEDGrhDE3cKUQLSxi6iDr6VnCkzh19lbwhzlmDKCie0s4/FLX0VDPywoqicYPQFTn75LNxD0LzliHCuinKOpmDcPzi26hss+9cdn3SplXHxmZMsE3/0G9EMPw0agR7ldPisFnBi3ihsQXMs6ZtqP7GyRPA57QlOEhITAbW6II+SGPpU6Y1DW7m3iRZxzIkRW0ayaTl7llCaUGPjxfpj9/DJq1Nb+gc8vmgwAyo501JtQhOtDd2r/I8/nn95MunFiS/pp3Vjn+0P0g566aP5aztbqsqN5JF4A2SJPtkVwx2DK9LaiC3+8mSfrA7wJu1hf0cVq06//LrdYm42zPNh4XzK0t/ZxbFNy9BGo6TG2pN1Rwe94Qsx1+SOZwwe5E6FshInnn3z2FtSxHZO7FiTpR3MqVaqaGrlQDffOhyw7s0OHznqkxLF3ZPas7KTGZUKBdXm9vT0b8LRO9NzMxf7CA+4b3on1va2p6lSQYXSjPbetdl58k5GGtpqJSWKQVM7sZqLOVVqC7pW78ypQelaARcmf4SH3P1lU/q729FUpaCJ1pbe9Xvxu5DoLFpRCozd0YfOcjmd+wfxeZ7CpgiN3SCOGSlHFZW8IdbvufnLIPvkck0ustI3Gcjgw+ABLKltyZWPDHWGnjdn16VKBkKdl/9ejJ0NyRs520cMV8UfEi8iNVcfwTn1VVm0FAbVLVaktj5P4ckx5ak1s6dnlSbsMXYZj0QnGa6P8IDBk9uzVllHmqtMqDJzZNn63Thl+80MTQZSwsbR1+TNFsdpcyoD9CkMjpFkSjT3zerJet621JooqDS1o7t/E47dla7Tm4g6KIY/xs6ZwsODnNbah3ZaJdXWnqwzKkh0ThCdMwuLz7rrXDesNWt42dNUaUK1RSn6vN+D0/+MeLPbaG6yhEc88WMv1nKzoFptQbdaH3Pu8Udp14mUlTuf0zu36LWJlpHpHrLyHpY088QE962IXh4AFSRIkCDBONBf+w71q61Bk0NhmFpVKRlEQrEG487hhw5NMS6yDw5f/g61JEpLkDgm4b+K5D3o79oeEVNuYe+gUkXinF7GJ4wya3h72yLuwBZsv1wR9WyVUFvaw1orl5wnQYKEPBTomzj79zPwaRiWj/4adzuvwrAqUpWWUMxr+Y2d+HHePCw6bYteqz7HexKlJUgck/Dfq/BIeBKDp0kpeHxsK0JjbdDQ26bINCHJtHJRo+H4n/CZ22EE1vCEk5M7Oq+KASUvSpAgIQ9IOfcTejR+D/U6fYMrNeZgx/w22R9ylCChmEAedwtXEmphasgxLGlbEhKlJUgck/DfW9/EYHVXdzg5eaD6wINwG74Y4xsVnTM4GV9RkyBBggQJEiRIkCBBgoTivEkgmUCCBAkSJEiQIEGCBAnSAkeCBAkSJEiQIEGCBAkSpAWOhCIDxuHU8jH4dOEJpEjWkCDBgNh5hN3jW6PRmOAC+caKFO8SJEh4Df3f2Dx5JL4LfiidiZYgIa8LnORraxH4fhnYlVBCLteg6ZJ7mQJKQOS8BlBrmmDx3WxCLT4SJ3buwpkHhRCKomSJ0NloMJYsPe7um44u73nBwVwLUxtXVKjfA0su6oxnH8bixOq5WHHwNnRFiZVFjj85zBljliNAI4NM9vKn7bQBCcVl7O/amsPYvshRWDyuh+7FiVuxEIpLXBTReH92YBQq2zqi3syz2S+83tU8/5+ulf9lGGhn3UWsn7UQO8Kfv70Fjgj+iIrlIjfXKk5F7j6WNtdALleihF0ZNBy8FteSpWgSucCJx+5pw/Dz4wCsPBuBO3ciseFjh0zdO2RQadSQQQVVNm0LdZcXoVeHEdgQoS/wAYiTlbvOxoNxZPHRRgzrMgXH7Htj/rYQ7N26AtMHtEGlkooCsE/RQtHjTw7etu2AJWcv4uKFEEwwQh/P4uivogJj++K/HBeFWLERH3kVt548xLWrd5D8H8vz/81amYJ/dk5Fz4bl4WimhtrUAWUb9MLsI+mfThBPzvyMkW2rwcOmBNSmdvCq3Q0z998zfENBfwnTq6peb3y8/GnRfu0zw64pgvwpWvlHXCwXLxsai4di7iPiGpkDev4eiTt3InDm5wA8WjEM03bHS8U/G2T8Dg6f4s7dF7Cu3QbNy7tk86FPGSysLCFXKmFlVlwaFxamzsaRpY+4gMvxbug8biy61JEa4BdZKKzh7msNCNE4bCo18pR8IcHQfFmy11qc97sFpU9lmP7H8vx/s1YqoExIgmWTUVgy3hMlnl7Glu+/wuiOAkpfW432lgD0N7BmzFQcKtUPX/3yDZz117Hl6/GY0DERLuGb0cPRAN2E53j6TIGa43djeVfH1A1bOSxcTQ27RuJPIcZyEbGhsXgo5j6iZMmgtXaEFkDJgLaoY7McN6JjIcBUOm+S5boyPfT/cuEHGpYatJdJzB5JIYPp6jWCocmZ/pB8kEPdFASQ6Senfb+gtHvqH/Do/AFs6u9GK62WNqXr8uM5oXwgvFJjPbu6qFm673beT/034f429nbX0mf4AcYKBsjKTedXEGK4Y7AfbawrcNAf9ykw78hRVkoU98zoyprultRorOhRqxtnBEcxJVcbqlj7+xvUi1VCjH30kZzXQEW5nSfLOJpRrTanU6V2nPDn7TR9RPhLLIS4c1we2Ji+Jc2pMlHR1LoUvWt9zt1PDeOPcH8j+/u70qaEkgqlKR3LN2bgz+f5LJ0+wuPjXDyiG5tULUMXO3OqTZTUWrqw+byr1NFw/uQK/b9c+IGKmo7r+SLLv+diQ2Ppo7vAKZVVGWM4cSM7aVSsPzfiNX9y9YUohz5k0ITWrO3rRnsLDZUqczpXbsfx2/9hsmjOJ3FXXztqmi97Heuv8fx3djB1YP89Scb1RW4xKOaa1NhJkyHwSegk1rayYu2vjr7MUWLNmBufjcUNsfFeSP4S7i9jc3XaeLL0l7HzvBGRk6zinOsKs1a+TlHbe9JKWZlTLujSxCQnZ+Bl0uHP6KF0YmCIgfkgaTc/sTdlh9+f5++aQuQP469w7fBmLG+vpUprx7L1a9DDJF0OF5vnc+OGkfKPqFgWk1fF1pRC5KqxeCjmPgbJSgphoJOGjRZEiZ8X/seQaYETxQWNNHQODMmxaAr3D3HpilA+fIMtL3j/xlVeXN+PHioP9lt/keHh4QwPv8rrd5+nkiueJyZWpZldbX66eCePnjrCrd92pLfGhi2XR6Y6SuCTkM/oq7Fny8XXmKyP5rrOTjStOpEn4w2RJUbnV0F8lCO9FAQU9BwRyvzUx+xlPeWBEb7UmFVir7mbGRy8kT/0qEhTtQ+HH3ia67giHxuilQj7pE54lP4DuHzbHoYE/cZpbdyoNG/MhRGvQkaMv0StuHh0pBeVJZtx0u/7eTLsNI+F/MFfl+3mDZ2BPk2+zpANO3nweBjDjgVx2aBqNFeW5ahjaazVhX/DGipT1gxczA07Q3j4yCHu+3MD915NzBN/8jepFmNDI+kjqvCJ8YX4CbOy5nD+vmsf9+1czcmtXGli2oBzr+tEcj6F5yb6UVttOi/rSCbE8NaNe4wnqY+Yy/olMk568u8LMTEo4poMCxw97+8dy1o2dqw/+TAfGUqeXPlsJG6IivdC9JcullF/hzP8yiFOqpWdv4yc542I7GUV71xXmLWS1PHZPwf5fRtnmvmP5/GEbK3Nh+s60kZbn3NuGjidi13FNloHdltznXdjk7KOFzHXFBZ/hAfc1tuNSqvq7D9/C/fs/J3zP29MZ4XhC5zcuWGk/CMqlsXn1Zxrytviaj55aPB9crkmeT+HuGjYcP5taYEjZoGTErWGnUpqWW/2jXwZLOXkaJZVl+Xokylvuuzez2xlbsMP18SkSyKxXN/JkuqG83n7teAEnvu6Li3MqrHf0OZ0sKzHWRcSDZJl4KyI9w4v4sSJC3noXsHQRYheyuamKtb85kraKj3lMr+uoaJpwDLeEYw/rhzv88YuNKm/PZ8NVRq2WPHSP+L9lfuCa1t3Kyp9h3JvjC7vOmeF+K3sbqVinR9uZErsduy7O8m4svIwqTbEhvnWR1ThE+8LMRPmDPyJWshGajWbLbn3kj+5cl7gw5UtqXUaxH1JAh+uakczTUPOj9Qz+djn9DZrx9WxRvSFiBgUFaevxt7hF575pTvLWpZmx8UXaJT93yz4bBRuiIn3IuYv4+f5wsA7nuuMVCuFx6vYzkxBmUxGuf0HnHX6WfZPO66vZAdXU1YafYRxhqbEGz+xfTl3OllrqZCpaOvbkqM2XGOCgdcUFvSR89lIo2H9OTfT4j9zDjdogZM7N4yWf/KZe8XUlLc5r8sPDw29T67X6P/hgkamdOy4mlHFIS2+BaS+tpeM4MHusPTsiV1uYzF3kFeBvc+XcuEEzsTHYntfV2g1Gmg0Gmg0jui5JQ766Nu48/o0lQaVR6/CzDo3sGLBAXiMWYKRfuoCfFlPDsf6gZg6dTAaOBbM6FMuncb5ZDc0aOiddvjJpAwaNXRH8l9huFwEerfKHUvD01zAg/uPIBjkr9ygRcDEuejKlQjwKouGPcdhcdDfiMtDCyp9zBHMG9AMlUuXhI21A9yrjMSeF0RiQlKRbKFpPBsaC8bzxRv8cSgNT3Pi8aPHL/mTK+dlsPD0gv2T27gd9wT7dhxBsj4MO4PvI+H2P7hfsgy8ShRuDBoSp8khI9H4kx1wmRaEdQP98vTe+dvk8xvxXsT8VTzxruc649RKmWVbzD9+Eod2LMfYmhGY3Lwlvj33ZtP1+AuL0LnxUFx4fxm2Ta8Hc0NP/HgNwtar/yD68XM8vX0YcxrFYGmPFvgi5JlB1xQWdOF/4ZLeFbVquxXKuYrC4lhe5z+Za8rbmtfll4eG3EeULLk7+s3+Eh5BveBp6YbAPVI7tTe9DwBQof7UQzixeTjKXV6OxQfj8n34S5b9oR9Q4Ym+a8/g/Pnzr39/XbqCS0FfoFK6tgf6qFDsvZgMKyslLm36DWHxBsoqimeecrBZQR3EM+zOJjAxAQRBMNhfuUFdrhdW/XULZ9aMRC3hML7u4IeyH0zGoUcUr7MQgSXdWmP0PlN0nrUe+w7vw+bFg1Ezz4cMC4E/Btkwv/rIoZADuhSdkXyRB/kKQBAomvMmZXxRRnYbN//ahU1Hq2PMmJoI2/onwq5FgGV9Udak8GNQbJyaVOiIfg1K4MjkPphy8JHhEwKD+FwQXM0U72/DXzIx4ypeef4/m+sMShWWcK1YDfVb9cWMTSvRz+IEflx2NF33LSLu1Ey0aTIWt1qtwf6VH8FTmb/cZOryHnrOmYtPXG9j88aTWXT6EnNNAUMmgxzMkEPzmucLPf/kEst5m/+8WVMKe9ZmHB6KuY8BshiL4LmLcKnsZ9h0/DCmNVBJK5qsFziA1s4Dfq2HokeVBwjZezF/Pcw1Wmj4DE+fvrneVvrVRBVVFE6cT4B7+fIon+5XrrQDtK8uTDiHb7sPQ6j/Dwg9uQBNo79Hr9HBeELxsgyMdNw/shhfTVqEw/cLZktdWbEGqqhu4/DBG2nfodBdx4GDkVD5V0OFgmiWlk/7iPaX6Bvaw7/tEMxcG4prZ2ehwplv8OXKmxl3ZnLSOeUijocloGLf6RjT6X1U9auE6nWrwl0jeyv2ScvPKqhVMvD5MzxnPmyYX33k9nC0l+PpjevIlcZifFEInJfZ+6KCfRSOzV2JYzV7YEhgN9Q8vRrfhdyCs18FWMqM6AsR+hgSp/JSjTF1dyhWtXuMOe2aYdTeB4Ytcgzhs9FyXRHzF7QooZWBsU8QywKO08LEu5rrCqJWyuSQywG9Pq0FsXB3IwZ2mI77HdZhz4J2cDExkj4CQRrhmoKijV9NVFHdxv7gK9kvrgzJ84Waf7KP5bcy/zECV43FQzH3ES8LgO4yDhx5DP/uQ9CmkgfstJDwxvZdBqigVgGJCYn5ejRp4umPihYx2DJzChroG8NBdwfhif4I7OgHk1JdMWHoAjT7ti0CYkdhUAs/OChf4N61KNi0CUQLdzmA5wj9qhemRbXBmtOD4OsILJ4fjGrdB2J0yzAsbWX7er2foyyDAv0EvuvzKX64Cax57o+rs+vC2PEmc+qKsQPmoMWMLvhEPQkf+Qi4tGYqZlzwQv+gzihVANtr+bWPTJS/xCABh74fgeASTdCosgdsVImIPh6G6GQNytiZZ9i/yVFnEx9U9VNi028zsdB/IOq6mEJ4eg5RSXwr9kkzlBV8fJ2hX7YUM1aXQoDlY0SgKvq38xXJeSPpI7NDk7b1oP7sWwyaZothDZ2heHwK/wrpg128LwqF8yYVUNUvGfN3XUS3TW3hWEqHHg1GofsWPToOLg+DH+Dk5Asx+oi5Jj3d1F7ouiwYankTdO/SAbbBu/FldZEvqxnAZ6Nxtcj5yxx+lb0hzFmCKSuc0M4+Frf0VTDww4qv72XMsb84PhXN/jcbd+rPxb71vVHa6O8BveO5Lr+1UriHoHnLEeFcFeUcTcG4f3Bs1TdY9q87PulSK/XzFMk48cN4bGE7LP7EHY+uXMKjV3N7cxeUc7eCQpQ+STi5bDpC1TVQyc0S8mcRCP1lJpZEuaFPp/dSZYm5pvD4IyvVBWMHzkHzmR+iozARAxq4QxN3ClEC0sYlKs+/hfyTUywbmleNgXzP64zFQzH3MUAWADAJiYmAWl2QRzeKOd48IJZ7m2gRR9sZsWUkm5azZwmlCTU2Xqw/dg+fvDohpn/A44sGM6CSMy3VJjTR2tC9yv/44/mXJ6VenPiSflo39tn+IO1QmT6av7azparcSB6JN0CW6BOPMdwxuCKtjdj6MmvTRDFoaidWczGnSm1B1+qdOTUoU5tWox4IzcE+WRzoY9Ie9ndUser0y6/bSObmL3H2fcB90zuxtrc9TZUKKpRmtPeuzc6TdzIy2TD+JEVs58SONVnawZxqpYqmVg50863DAetu5+FwpZH4Q1J/ZxfHNi1DG42SGmtP1h0dJJrzRtUnJYq7J7VnZSczKhUKqs3t6enfhKN3psaTQb4w7NB6lvzJlfM6XphSmerSw3go9VTv86D+dNHU5nfX83YwNEdfiInB3K7JcuyXObuhJZWlB3CXAa3UxPDZKNwowv4SHh7ktNY+tNMqqbb2ZJ1RQZnGZaw41fPm7LpUyUCoW3LlowLI9O96rstvrdRd57phrVnDy56mShOqLUrR5/0enP5nBF+3EdJHcE59VRatiUF1ixUZP1GQkz7CAwZPbs9aZR1prjKhysyRZet345TtN9MaCIi5pjD5Q5Ip0dw3qyfredtSa6Kg0tSO7v5NOHbXw7Tx5ZbnRXLD2Pknx1jOU17NIkcVFleNxUMx9zFEFim1iRYBGZnuQSzvYUkzT0xw34ro5QGQ3uiTIEGCBAnv1KZe3Dn80KEpxkX2weHL36GW9B1lCRJ/JBQ3JO9Bf9f2iJhyC3sHlYL0aessHlBmfDZqDW9vW8Qd2ILtlyuinq0Sakt7WGulb6RKkCBBgoRiPie4sRM/zpuHRadt0WvV53hPmpxKkPgjofgsr5HwJAZPk1Lw+NhWhMbaoKG3jbS4yQaZVi5qNBz/Ez5zO4zAGp5wcnJH51UxRbL1rgQJEiRIkGBQwYu7hSsJtTA15BiWtC0pTQwkSPyRUIzWNzFY3dUdTk4eqD7wINyGL8b4RtIZnOyQ8RU1CRIkSJAgQYIECRIkSCjGkN49kyBBggQJEiRIkCBBgrTAkSBBggQJEiRIkCBBggRpgSOhcMBH2D2+NRqNCUaSZA0JErKH/m9snjwS3wU/lM4bSpAgQYIECe/iAif52loEvl8GdiWUkMs1aLrkXqaiLyByXgOoNU2w+G4204H4SJzYuQtnHhTCdEGULBE6Gw2FKSunBU48rofuxYlbsUb6Mn0xtOF/mof/ZRhoZ91FrJ+1EDvCn7+9BY4I/jw7MAqVbR1Rb+ZZpBQ1G74L4H0sba6BXK5ECbsyaDh4La4lS9EkQYIECe/AAiceu6cNw8+PA7DybATu3InEho8dMnUKkUGlUUMGFVTZtEjUXV6EXh1GYEOEvsAHIE5W7jobD4UpqzBR/Gz43+RhCv7ZORU9G5aHo5kaalMHlG3QC7OPZP90IuHSIrRxNoGq+tcIN8RUKYcwzN0EMpnsjZ9J6ZE4miLyGikGRfCHiI+8iltPHuLa1TtIflfinU9wcn4f1PG0hlZrBc/avfHjyceGLzT1lzC9qioTx7Rov/bZm3y//hv6+pih9IjQjAtFmQN6/h6JO3cicObnADxaMQzTdsdLswQJEiRIKIbI+B0cPsWduy9gXbsNmpd3yeZDnzJYWFlCrlTCyqy4NEksTJ2Lo30kG747NlRAmZAEyyajsGS8J0o8vYwt33+F0R0FlL62Gu0tM61Rrq/ARy2m4IJcY3jLU5OqGLntKLolpftW8KNgTPh4Bm43bYJyJgAg5hqJP2LGVLLXWpz3uwWlT2WYvhNcFXD7l15o/fkZVBu7AFtrA8fmjcYXrXvD4uw29HY14A1q4TmePlOg5vjdWN7VMZXLcli4pllK9/AcNs3/GtPn/YG/4wW4ZDFmrbUjtABKBrRFHZvluBEdCwGm0rvcEiRIkFDMkDFvkyABuSLndK60d4SdYyk4KjL9IXW3Vvnet7iWdA3fvqdM3UlTwKH/nrRdR+Ehji0YiGaV3WFdogRsveqh19yjeJg6BxKiN+AjVw28PtmBmNR/Y8wf6ONRAr4jDuIpDZCVm86vx/4Afw6pBFubigjcnr9v/2QtKxm7P7GHNmD56zG9Rvx6dDRzxIDgVK11/yL464/wnocVtFpreNbujq/3/gtdenWfnMCSkd3RtFpZuNpbQKNUoYSVKwJ+/BtZ7wETsUe/Qh1ra9SZfOylDQHw2XmsGNwEFUpZQK1Uw8zGCWVqf4GgOAP8XgDISVauOovkBmM2YUBlN9iaqmCiMkNJnyYYvPIvPKcBdi5yPJTDueMMLJjwCdo3/QDNOg7FvPGtYf7kEi7c1mfazziM8Z0n4sngbVjYLg8fC5OZw6PKe6hVq9bL33teuL9+GY46foqfv28JO5nIawqZP3gRjt9GNIePQwmoS9ijXNNvcTp9cOkvYmoVNZwC96X5L2kTOmvVaDDvn9evfIqJwVw5JoI/jFmOAI0MMrklvKpXQdleG5CQ1aBzyxt8hD0T26BOBXc4WGqhUlvApUp7TNgRmeUrbwXOVd0FLJ+9B/hwLtZO6Y6AFt0xZe1s/I97MGfFxQz5LlcwFk+eKuDqVwt+FSuiYsWKqFjRF26Wr2qZDpcXDca4EDP0WrMWQ71zS2IKKOSA9BUFCRIkSCimYHroo7igkYbOgSFMYvYQ7h/i0hWhfChk/ssL3r9xlRfX96OHyoP91l9keHg4w8Ov8vrd53x5eTxPTKxKM7va/HTxTh49dYRbv+1Ib40NWy6PpP6lBD4J+Yy+Gnu2XHyNyfporuvsRNOqE3ky3hBZYnRORfL/2zvPsKiOLo7/t+/Se+9NRRGswYLBWMCe2GIssRc01rz2EntL7CVgiYklxm40KiJYEBUVG4JGUQkgiigKKFJ29573g4Ui5S4sK+j9Pc9+UK93Zs75zzkzc+/MPUcTnAUECMhxfATlUfkpviw5XZvpQbIG8ylWQUTZqfTgXgplEZEyfiX5aHnRnGgFEWXQqfHuJNWpS/1X7qOQkD20rG8d0pbUonGnMt7fTXF7ETUSa1PjgEDafSSMws+eodB/dtOJf3Pe+jKBVrUQk7T7LnpNSnpyYgp5G5mQz+xwSntfrzw6N8GZRBZtadZfJ+li1GU6H/Y3/bHxGN1TqOJ39VNyWWzqzFIbeXEUtvsInb4QRVHng2njiAakK3Kjiedz2du5CuuQSEEv/ztNv3SyJh3P6XQhu2Bff0S7e9uTY589lKzMo1M/2JKkwQK6pSh/aa/OjCNXsSX12feMmApcU6n6YZ7SwQF2JDJoSEPX7KfjR/6iNT+2ImuBmHxWxr+JP4pomuMlJssRJ/LjYM4e6iEtcA0rbbDRGAv9KNIp6c5tun3rDM3yfteni8IibryNCaLG4+ivo6EUemQbze5gS0LtFrQyTqF6f6+gVpnk9dRKIqVOfzyluKCOZG3xFa2MSaHf2klJ0iaIHqsikPSt1ElmRr23x9Hj9NzitcUwb/5efpmm1hKTw7izJdc57ySNspGS75rE9/7m4ODg4Kg+FJrgyJO2Uw8LGTVffq9CQV1+cRK5Sdxo0kX5hzkm5TfqoGtEXbenFkhC6bSrhz5JfNdQ4vuCs+nawmakp9OAhoz2IzP95rQkOkelslRDSSnh62nmzHV0JqUyUhpDz7a0J5nVCArNZejZ1i6kI/WlNQlKyjv/I7nodKFt6URM8gby0xZT40W36H2L5LG0sJGYtP030iOm4ODKhAYdK2Eq+m6C0+13uvJ7H3LTd6LugdH0qsiE9GAfAxK5j6YTqYpqIln2dVZZG1kHqI+BmJouu1dkEFuKnauoDpnnW6mLjoB4PB7xTb+iJZdfFirj4fauZOUyjI6lMUSkhgmOMpGC2uqSdvNldEdRgWsqGWXCGmoplZLPivv5Ma7o5EWlCU7Z2ihLY6z1o3xI674qfoLDKm4UWvR4t6a1jlpKJNQ2KKUcE86KaVV+dSbVEZvTsJBXFDW9NomETjQ+4iUdG2xCYs/ZdEOFrqS49yt9XcOerAxlJOCJydi9PU3cfZeyiy2YxQRH+R+tbalN5t23UZKcODg4ODiqGfx3r0+FjLSHvmM/HLWbgpUjnCvtnWN5dCSuZKXj0CBbyKRSSKVSSKXm6Lc/E8rkRDx6f+SXFF6TtmJx03vYvPYUHCYHYYKHpFLf1jP3CcDcuSPRwrwyWs+DnqMzTF8kIjHzBUIPn0WeMgpHQp4gO/E/PLFwhbMWII+5jOt5dmjh65K/QUroipa+9si7EYVYFTdl54VNQKvBh2EzLxg7h3sUeXdfBv+ZK9GLtsDf2Q2+/aYhMPgOMpmq/MxRfXVWpp7FqmFt4eVkASNDM9jXm4Djrwk52bkf8bhg9eiQp98Zay5cxJnDmzClcTxm+7XH0mu5b99UOoxpUy/Cd9F8+Bmp5x0xZcxvWH9ags7jBsJVUP5rKhvF7RuIUdrCu4mdRvZVaEpj5Y0bfDMnOOoSnqc9L8dpi+qKmSI0mHMODx5cxpJm4nLdQeA8Agf+/Q/Jz18hIzEcK1qmYkPfdvhf2MtydkN7DFk+FQ7B/eGob4eA49xxahwcHBzVibdZSQyfuWcQuW8casRuQuDpzAoP5nklvxMHEjhi0I4ruH79+vvfjZhbiAn+H+oW2HSsTIrAiZt5MDAQIWbvn4jKUrGsKobQ1R2uvETcv3EUe881xOTJjRF14B9E3Y0HubnD7W3bqRS7qlxm7e4Y0kILZ2cPxJzTaR/cW1KjP7beeIAr2yfAmwnHwm4ecPtqNs6kVd13z9nXuRRtMPEI6t0Rk0K10XPJLoSGh2Jf4Eg0LveG6iqmQ74+bOs0gE+HQViwdwuG6EVi9cZzyAOQGbwFex6mYE/fd4sMuvD79SHyrv0EL8N22KjyscAKXN25E7eMv8b37QxLsAObazQAjwc+CAxDpYZFAR9QyBUVK0sljbHQD6/0a8oXN/gQCFCGPSoHgbklzHkZePw4CyTQh42tEUT0Eo8fvQLPzAJm5ZoE86Ft8wX6rViJwbaJ2LfnYvlOnKN0hKxcjxi3sdh7IRzzWojBwcHBwVHtJjiAzMQBHh1Ho2+9pwg7cbNi31mQyiCll8jI+HBNUOTRGPXESYi8ng37mjVRs8CvhpMZZO8uzL6GpX3GIMJzGSIurkWb5F/Qf1IIXhD7slQcjeDJ2UD8NGs9wp9UziMMnqk7apsm4fzKLTjfuC9GBfRG48vb8HPYA1h71IY+DxDVaYR64kSEn76Xv8lWEYdTpxMg9myA2ioe2cq3bIW5xyKwtctzrOjSFhNPPP1wICQyhWfnUVi8IwJ3ry5B7SuLMHXLfVTpBzls6lyaNuQ3cSEqG3UGzcfkHl+ivkddNGxWH/ZSnto1/9F1yOODzweUyjdb33U7rcX1WzGIfr/AEIWNvcwhch+NAxc3oIcZT7X6KGJw+Eg8DPy6oIUWyn+NJmTj0Rj1xIk4GXKr5IEv3xTmpnxk3ItDhVygisZY6UcGLRkPlP4C6UU6sbrjhia0yjPzRlNXBpHBYe/jOr04ieOXGdRo6l3kAAoVy2LeHJhTbhSxOHX2OTz7jEKnug4wkXGDBQ4ODo7qRJFDWsWQiIGc7JwKvT4hdPREHb1U7F88By2UrWCmeITbOZ4I6O4BoWUvzBi9Fm2XdoZ/+kSMaOcBM9FrpNxNglGnALSz5wN4hYif+mNeUidsvzwC7uZA4JoQNOgzHJPaR2FDB+P3a5KllqXSYCQSPw/8AcvuA9tfeeLf5c2g9jGBsDbqe+RhzdGb6L23M8wtFejbYiL67Fei+8iab+pr1QtThq1AuwXfYrBkFr6rxSBm+1wsiHbG0OCesCzP+FvijF4bQyDht0afb7vBOOQYpjbUBpCNM7+MR4hWa7T0coCROAfJF6KQnCeFq4luuVbZX1+Yi7bfLMcjn5UI3TUATmp/D4h9nUvVhrAW6nuIsPfPxVjnORzNbLTBZFxDUi6pX/Oa1CGTguBVmxBvXR81zLVBmf/h/NZF2PjQHoO/9X5z9LueDdz0ChWKFEMReBITOLrZwkCgWn2YlHOIuMtHw3FfQFZitcq+RhP64Vl+iynDV8BvcVd0Z2ZiWAt7SDMvIYlBfrt4JmjduTkkY5dixDxjjPG1huD5JTxkoJovVdAYK/3wdOHh5QJmRRDmbLZCF9N0PFDWw/CudSBkEzfU/ZCmoloVemLI+Lb4dcR49K2hwFhvIHLVROyHH4IGFek3pZaVi4sb5yNC0gh17fTBfxmPiN8XIyjJDgN7fJH/uYOcVNy7n4ocxX08zSXI0x4gNsYQMiMHuFlpF453lIucHEAikYCDg4ODoxry4SZWaeHNteU7ZoDi90+gNjVMSUskJKmRM/lMOU4v3u1iVT6lC+tHkn9da9KXCEkoMyL7et/Q6utvdnO+jpxKHjI7Gnjoaf7GV2Uy/dHFmMQ1JtDZLBXKYr0rO5UOj6xDhoa1acTfTyrphCcFRc/xIonTGDrzdvfrq+ChZCNtQj/HKQue9kDBc3tQAxtdEkv0yLZhT5obnEgF97qyPmSg4Ibk3Fha7qtPIqdhdDSNIWKeUuj8HtTExZS0RQISiHTI1KUJ9Zx9hBLKdXyXku4vb0ZiHgiS9rQlrRKsqFKdS9dGbvwhmtm9MTmZ6ZJEJCZtAzOyc29Kw3YmlmMjeRXRoSKOdo7pSI2cTUlbJCSJniXV+rIvzf8nnnJK/E+lHDLAoj65J0eStciRxkeULBo212hEP0RE8mQKXdKPmrsYk0woIJG2Cdl7tqYpRwuc7CZPomOzviYvKx0SCQQk0TUlR8/WNOlIfkxiow02GlNFP8yz0zSvYy0ykYlIYuhITScG519TVtwoNiYcp6HmYqo/P5ZUPvdBHTGTSaPI1f3J206PJBI9svP+nlZeSPvwXqWVxTylkNlfk7ebOemKhSTWMSc3n94059D9QocMyKOmkbsQ9Haq9/bHLz7f5YZRgJWUWq5N4k5R4+Dg4KiG8IgKPMinFAS1dcQM+wNI3uQP7q1jDpUnzJnXsKxbG0xLGIjw2J/hLeJswsHph6OakXccQ22/RvycBzgxwhI8ziIcHBwc1YrCb1zwDOHiYozMU/txKLYOmhuLINE3haGM+44zB4sxwb0jWL1qFdZfNkb/rT/iC25wysHph6P6TK+R/SIVGblyPD9/ABHpRvB1MeImNxwcHBzVkCIzFwl8p/+KsXbhCGjkCCsre/TcmgruW84crMSU+QC3sr0xN+w8gjpbcAMDDk4/HNVofpOKbb3sYWXlgIbDT8NuXCCmt+T24HBwcHBURwq/osbBwcHBwcHBwcHBwVGN4d494+Dg4ODg4ODg4ODgJjgcHBwcHBwcHBwcHBzcBIeDg4ODg4MNlIlLmybjh3WRFfv4NAcHB6C8g32zJ+DnkGfc3mqOz2+Ck3d3BwK+dIWJlgh8vhRtglKKdAQGCataQCJtjcDHJXSRrAREHjmKK0810IVYlcWizmqj5LIodRP8pTzweG9+sh67kV3pbefg4DTG8XF4eWoivIzN0Xzx1ZInKKVpjNIRuW0lNp9OhEJjta4a+aLK9tMql3M/Z1S0s+Imdi1Zh8O3X328CQ4L/bCKG9Wyv1cR6Ak2+EnB54ugZeIK35E7cDfvk5/gZOHYvDH47bk/tlyNx6NHCdj9vVmR04x4EEsl4EEMcQnHuCpi16N/t/HYHa+s9AawK6vsOquPksviGXdD0NWbuBkdhhlqOANXk3bm+Dz53DWWHfcnBtXSgdP4iHIkWsKLK79hQucGcDDSgkTbBM5NemPxyRQwKt1Hjv+OzEU/35ow15FAom0Gtxb9sfxsxVZhs2PWo5O1EOKGC3G7UtxLyEr4Fw9ePMPdfx8hr4porGyfVo18UVX7adXJuSz7hTIG8+uL3y8svvnJ8PWOl+rvyzn3sH/a16hnoweJRAcWtf0w+vdovKSqrZ+qlVPYxY3qbMMKxd6sWGwb2xa1zLQh1TKGc7P+WBHxrIAOWWiVZ4Z+fyXg0aN4XPnNH2mbx2DesaxPLn8X/g4OZeDR49cwbNIJfjVtSvjQJw96Bvrgi0Qw0KkuB7lqss6llCUwhL27IcAkI1ybOwSXg6PKJuFn17B3zULMX/U37mQxsCnPTZT3sH3yXJyxHIKffl8Ea2Uc9i+cjhndc2Bzex/6mrONAQKIsnOh33oigqY7QisjFvt/+QmTujNwursNX+uXY2gYtxnftZuDaL60Eo/j5sGi/w5c93gAUS0vaFcbn1aRfFGt0US7WPYL5hUyXgrQePoxbOpl/lbvfOjZaqu5L7/Gmant8d1OO0xacwy/uzK4tXMmxg7rBLlVLALb6nD6qZJxQ7M2rFDspTQcGuWPwcdqYPK6EHxt8wJnVo7HtI7fQhwVglEuApZa5UFmaA4ZAAv/zmhqtAn3ktPBQPvT2rdCBVE+pHVfSclyxAnKpZLJDRtJts7jKSKvyD/knabRdgICUOTHJ9Mhwfn3VD6lc2uGURtPOzKQycjIqRl9vyKCnjLvqrGLetlIyGnQIXry9u+YJwdpgL2Mao07RemMCmWVVed3MKl0eKQHGRnWphF/PyGGyk+ZZSkf0rqvxCTtvoteF/vvpdtH1baXiCKa5niJC/s7Zw/1kIrJZ2U8Kd+ZJvMabQpoRe4WuiQWiknb0JJcvH+kYxmq2YV5soeGetqSkZaIBCJtMq/ZigJ+u04vCxibTVllXsOiXfIry6ljHSvSk+mQmbs/DR3VjepZ6JGBgy/978jj920v0xdskSfR8QW9qLG9PkmlBuTg3ZsWhCSRXFVfPL9AgeN7U+v6rmRjoksSoYhk+jbkt+pfUqjii7JsyFJjbHxK8ocUsrA3eTsaklQkIpmhNdVq0olmHX+mUj9Tl35YOIuuz/Emx2YDaOnh3TS+ppgcxp2lvHLEAiYvL9/HRJQbPpYcRFYUEJZLFSHnUD8yEHnRnGiF6nVKP0MTvSypxcLzdHiULUkaLKBbrG+TS0cHmZDUb+P72PyeV39RN20zGno8l5gnG8lPkq+bYmMdG40pE2hVCzHxTRzJ1VyHJBJdsqrbhWb8k1jIrur2aZkxXI2UVpYm+2mZsaUK59xS+0XuMRpsqk3d/npVoXuX2Zfll2hKTTE5TTiXr6u8czTBWUIes66pqFc1jTeybtGOcW2ppqmMxDITcvNpRA7CAjlFjXmnTI2x0A+ruMEmnzLPKHhGR2ribkemelISiXXJ2qsLTT/0X7F9XlNarVjsJaL0HfSNjpia/ByXP0Z5+Q8NtBBTramX37dfpbyTG0YBVlJquTYp/56fCMKijwaJAD6v9DmcqM63mDlNgJrCov/QGDNOxmLYlV/QqV8oWm87jB/rCgHwIDSwwZunf69xcbYf/H6VYMD8XzG7vh5ST6/CxKmd0V/3Gg4PtgPfugd+/eM8mnUYjIGNz+HgUG3sGz0Se4z/h5MLfKHPY1sWizq/X96Lw6njt/D8BXD8dBwUnc1Q3qeVZZZVKizso2LbK/oawIXZ3RFwwBlTV/6NDi66UGY8QtwDMVxVXFrhGXqh1/RA9LE1hw49w7Wt0zFheE/o1LyJpU3ELMtST32Uj67jXJwjxgUvR739g9Fzkx4mHziCmrsHY/DYX9C1zS9oImLhC1alZeL0JD902SjEt/N/w3x3Bje3zsGsTm3xNDgSK3z1WNebeXIam9f9Dd7gZVg+zxUWekLkZTwBuThAoE6fstRY2T59ifApfuj8K+Gb2YGY08gMSD2EmX3X4dTtl/iprTHrVSz16Ifdg23PmedxfxYPPEUUpk2qwNqgSFTgMTnhZXIyMoXOcHMQlvOOSrxKiEDQxpNQuA9AW1eBav+deYy9I7/H3tqrETG5Ie6OVbV8PiytLcG78QTPGMBM/hTxyQzMnc0hfZqCVLJCXUsBeMY9sCm6OV4pU7FzUBssLTZQso9jAus2mDynGxylaTi/bgrmfjcQltEhGOnArxSfViyGqytfaLKfsogtVTjnltovsp8i9ZU2dBWPkZJhB3N9cbmeWpbZlwXWcHEUIznsb1zObIKmejzk3T+Py0+M0bCxE4Sa1g89w9+j/DHgoBkGzNuBVU55uHtyIxafV70MNnmnTI2x0A+ruMEmn1IW7oSHIEpnJLb91REm9BgR66dh/nffw/T6SYx1EWheqxWOvQBlZSJTzoOBsWG+hrXro3EdHv68GYuXaAhDVfMOjwc+H/gkP4lZeFK8nXpYyKj58nsVmsnJL04iN4kbTbr44ZoFk/IbddA1oq7bUwvMgtNpVw99kviuocT3BWfTtYXNSE+nAQ0Z7Udm+s1pSXSOSmWphpJSwtfTzJnr6ExKJc9jS3mCw94+amg7q9Wb13SwjwGJ3EfTiVSFeu2QdYD6GIip6bJ7KpTF4hoW7co5/D0ZyrrSzldEuUcGkrGsC23PJMoNHkJmso70xwvVfFHqqk3yBvLTFlPjRbfyV1XksbSwkZi0/TfSI4b9Spri9iJqJDahQccq8gSAvU9V1lgRnzKPN1N7HTHVm3Mjf+WsmHZpTj+qBrPLNLVW+Z/gFFooi9tC3Wy1qe6ks5RZntW/51upi46AeDwe8U2/oiWXX6oc4x5u70pWLsPoWBpDRHl06gdVVxEZeralPcmsRlBoLkPPtnYhHakvrUlQUt75H8lFpwttS1fhaXVZGnv7BKfg/1cmriFfsZTabU4t30qqGn1auWiun6oSW6pazi2rXyju/Upf17AnK0MZCXhiMnZvTxN336XsSujLuXe2Ur+a2qRl15x6j+xPPtYW1GJuBD1nNK8eZcIaaimVks+K+/lxtmjsrcy8U4zGWOuntDESm3xaXNxIWkctJRJqG5RSjrhRUa2qI/YSkfwazfIQk26T6XQyOZsYUtDLxDM0rbGIJG2DKIUpR95R/kdrW2qTefdtlCSnT4q3y195CBlpD33HfjhqNwUrRzhX2nt48uhIXMlKx6FBtpBJpZBKpZBKzdFvfyaUyYl49H4XlBRek7ZicdN72Lz2FBwmB2GCh6QSp3p8mPsEYO7ckWhh/vHeQmRvH00hg//MlehFW+Dv7AbfftMQGHwHmeWohzL1LFYNawsvJwsYGZrBvt4EHH9NyMnOfbsplE1Z6qtPvut54IFADAA+H3wwYBhSmy/kMZdxPc8OLXxd8ldVhK5o6WuPvBtRiJV/uj6V37yIq7k2aNm6VoWfLKpHPx+HrOj16NlqNKK/3IiD85tDtzwryPqdsebCRZw5vAlTGsdjtl97LL2Wq8Lr24cxbepF+C6aDz+j8r5rzoOeozNMXyQiMfMFQg+fRZ4yCkdCniA78T88sXCFs1bl2pJv7gRHXQZPn6ShCrj2E4m9HwP15Nyy+oXAeQQO/Psfkp+/QkZiOFa0TMWGvu3wv7CXau7LhFeP4hD/0gbthvSBtzEPPEEmru3aghMJCo1bV3H7BmKUtvBuYqeRfRWa0lh58ynfzAmOuoTnac/LETcqplX1xF4AQi9M/H052mesQxsbHUjEEhjW7or115WQmVm8ebtJ1bzDt8eQ5VPhENwfjvp2CDj+6Ryn9tZTYvjMPYPIfeNQI3YTAk9nVvC2vJIfAROBBI4YtOMKrl+//v53I+YWYoL/h7oFnqApkyJw4mYeDAxEiNn7J6KyVCyrej5SY22firedDwEfUMhLD76SGv2x9cYDXNk+Ad5MOBZ284DbV7NxJk2FsMXEI6h3R0wK1UbPJbsQGh6KfYEj0bjIpj42ZZV9Dbt25ZtRAIGADx6vIr4ow62l9JVy1bmCsPdpKRpj41OlAgqIIBJWsJeqUT8a7tDIvLQYnVpPwYMO23Fyy3dwLO9Mj68P2zoN4NNhEBbs3YIhepFYvfEc61OGMoO3YM/DFOzp+27Crgu/Xx8i79pP8DJsh40sj0gVurrDlZeI+zeOYu+5hpg8uTGiDvyDqLvxIDd3uAkLv/5QtudVjWNCCIUAw3za0xuN9lN15fePMoph2y/40Lb5Av1WrMRg20Ts23NRxRO6yujLOacxa8AvkI8+iL9mjsDouVtwOvoYBtNW/PDTMbzStF14PPBBYBiq8BhAXfGZtX7KiBtl59MS2ipAGfaoHNQVewFAp/4o/BWbiufJcfg37iGeXpqG2jwJGjStX+BgMBXyDqUjZOV6xLiNxd4L4ZjXQvypTXAAmYkDPDqORt96TxF24mbFzh6XyiCll8jI+DABiTwao544CZHXs2FfsyZqFvjVcDKD7N2F2dewtM8YRHguQ8TFtWiT/Av6TwrBC2Jfloo9FE/OBuKnWesR/qSSEydPDImYB3r1Eq+onPZRR9v5pjA35SPjXhzKbLLIFJ6dR2HxjgjcvboEta8swtQt99mvhMhv4kJUNuoMmo/JPb5EfY+6aNisPuylvPKVVdo1qrQLgNhvA1JeHkAfvQr4ojTT1WmEeuJEhJ++l/8tD0UcTp1OgNizAWqLVK+zWmBj59I0xsKnQld3uPESEHnxYcVW29WtHw3BPN6D4d3m40m3nTi+tgts1PUiPo8PPh9QKtmfMarbaS2u34pB9PvJehQ29jKHyH00DlzcgB5m7IatPFN31DZNwvmVW3C+cV+MCuiNxpe34eewB7D2qF1kFVEGLRkPlP4C6aR6vuDQTD9VV37/6DmXTb9g3uw1VrU+ZfVlJu02bqdI4FzD7v2TBZ5+Q/jUlSEzKQmalveb/JWIkyG3Sp7IqSvvqKIxVvopOW6wyqfqj+QV0qpqsZdNWSLoWTrCySITe6f+govG3fFDT+v3A3qV8o4iFqfOPodnn1HoVNcBJrJPJ3QWabYYEjGQk51ToUeKQkdP1NFLxf7Fc9BC2Qpmike4neOJgO4eEFr2wozRa9F2aWf4p0/EiHYeMBO9RsrdJBh1CkA7ez6AV4j4qT/mJXXC9ssj4G4OBK4JQYM+wzGpfRQ2dMjfmFxqWSp10Ej8PPAHLLsPbH/liX+XN0OlHYnOM0Atd2soN27Agm2W8Nd/jnjUx9Au7izto6a280zQunNzSMYuxYh5xhjjaw3B80t4yBQURjbO/DIeIVqt0dLLAUbiHCRfiEJynhSuJrrsV/KEtVDfQ4S9fy7GOs/haGajDSbjGpJyCyqNTVksrmHVLhbmUcEXpd7HqhemDFuBdgu+xWDJLHxXi0HM9rlYEO2MocE9YckDAPXUmR3sfVqqxlj4lO/4HUZ2XIr+P/XEKMF0fOMoR3zEZlyUA/YqBRV16YclOam4dz8VOYr7eJpLkKc9QGyMIWRGDnCz0mZ5rzxELpuO/dQFgYPtkXYrBmnv7KJrgxr2BuwOhmBSELxqE+Kt66OGuTYo8z+c37oIGx/aY/C33mC73sbXs4FboUm8HCmGIvAkJnB0s4UB2/MKhLVR3yMPa47eRO+9nWFuqUDfFhPRZ78S3UfWLKxXni48vFzArAjCnM1W6GKajgfKehjetc7769QWwzXi03xeX5iLtt8sxyOflQjdNQBO/OrbT9WW3zWZc1n1i1xc3DgfEZJGqGunD/7LeET8vhhBSXYY2OOLwn2n1Pqw6MvmzfClew6WzvoBgdqj8aUNkBy+FnMOy1Fnqg8s+JrVD8/yW0wZvgJ+i7uiOzMTw1rYQ5p5CUkM8tulplwJFTTGSj+lxQ02+VTdD2kqqFWVYm8ZZb1+dAux9xMQd/Uk9m7ahMOPamHS3hXoYswrX96hXOTkABJJZW4B+UiU55hoNkdyxu+fQG1qmJKWSEhSI2fymXKcXjD5R+9eWD+S/Otak75ESEKZEdnX+4ZWX3+zw+l15FTykNnRwENP8zeDKZPpjy7GJK4xgc5mqVAW652KqXR4ZB0yVOORlaVuOXt0lKa0cSUjqYikho7UbFIwa/uote3yJDo262vystIhkUBAEl1TcvRsTZOOvLU985RC5/egJi6mpC0SkECkQ6YuTajn7COUoOIO3dz4QzSze2NyMtMliUhM2gZmZOfelIbtTHyzCZFNWWzrU0a7Ch4yUKiOIcPIQtaetqQxKvqibDsHz+1BDWx0SSzRI9uGPWlucJGjbsvyhboOGVDJp6VrrEyfEhHz4jL9OtiHnAwlJJKZkFvzBmQnENOXqxNVOmRALfph666oaeQu/PA4U5ViozKeVviIizkWFSRpt5n9UeOKONo5piM1cjYlbZGQJHqWVOvLvjT/n3jKqVAUKudGV1JQ9BwvkjiNoTNvd2q/Ch5KNtIm9HPchx5lnp2meR1rkYlMRBJDR2o6MbhIjCpFY8VsFqbc4zTUXEz158eqdDS6WnxaYNPw/eXNSMwDQVIgXqgTDfdT9rGliuRcNv2CeUohs78mbzdz0hULSaxjTm4+vWnOofsfHjJQWn1Y9uWc+wdpxjf1yUZPTHyBlAztG1HXGX9TfN5H0A8RkTyZQpf0o+YuxiQTCkikbUL2nq1pytECR/SrKe+w0Zgq+ik1bpSVT9UYNypnfFhK7C21LDldnFyTZDqm5FivNfWdspHOJudWLO98wsdE86jg2XCUgqC2jphhfwDJm/whBgcHB4eaH/YnrEbLGjNgvi0Zu3vocgbhqJ6Lg5nXsKxbG0xLGIjw2J/hLeJswsHph6OakXccQ22/RvycBzgxwvKT2tNe+CkkzxAuLsbIPLUfh2LroLmxCBJ9UxjK+JwIODg4ykEOrvy5HjekdeBioQPm+b8IXrUEFww7YWdLHc48HNVzTHDvCFavWoX1l43Rf+uP+IIbnHJw+uGoPtNrZL9IRUauHM/PH0BEuhF8XYw+rQO7PpjgQALf6b9i7P2JCGjkiLQcAVr9+h9Chlt8cg3n4ODQAMxT3DuzGwv2z0LSi1wI9CxRs0l3BB2di64mXFThqJ7wMx/gVrY35obtRO8Gxlx+5OD0w1GN5jep2NbLHiNOKCA1doHPuEBMb/np7cEp/IoaBwcHBwcHBwcHBwdHNYZ794yDg4ODg4ODg4ODg5vgcHBwcHBwcHBwcHBwcBMcDg6Oqg9l4tKmyfhhXWTFPvrLoSF/vUTU79Mx7tdLnL8AQHkH+2ZPwM8hz8C9g83B6ZmDg5vgIO/uDgR86QoTLRH4fCnaBKUU6VAMEla1gETaGoGPS+hqWQmIPHIUV55qoCuyKotFndWGmspSlw016QuO8o9PUzfBX8oDj/fmJ+uxG9nluEZt2qB0RG5bic2nE/O/Fv0J2PDTFdALnN/yC4JO/ldt/FWpKG5i15J1OHz7ler561PNBdUyn36qqGjDEvWsQVho4+WpifAyNkfzxVc1sNDyGeqQnmCDnxR8vghaJq7wHbkDd/O43sRygpOFY/PG4Lfn/thyNR6PHiVg9/dmRU744EEslYAHMcQlHG2oiF2P/t3GY3e8svLzGKuyyq6z+lBPWeqyoSZ9wVEB1Rh3Q9DVm7gZHYYZJZwZyuaaz1kb6raPpsmO+xODaunAaXxEtXkKU/3q/PnmguqZT9/qLGY9OlkLIW64ELeVhSf2F9cMRFNHQ8hkBnBsMgCrLz5XcRJAeHHlN0zo3AAORlqQaJvAuUlvLD6ZAuaT0KGmtEHISvgXD148w91/HyHvk+rLZehQzfcpMa7yzNDvrwQ8ehSPK7/5I23zGMw7lsUNoEqg8DHRlIFHj1/DsEkn+NW0KeFDnzzoGeiDLxLBQKe6HG6oyTpXR/twfHQEhrB3NwSYZIRr88p/DWfDamcfxbNr2LtmIeav+ht3shjYcHXmcgFnw/fI4zbju3ZzEM2XFllsZZD4e390/PEKGkxZiwNNgPOrJuF/HQdA7+pBDLBl+Qa+8h62T56LM5ZD8NPvi2CtjMP+hdMxo3sObG7vQ19zHqcNlm2y6L8D1z0eQFTLC9qfjQ7Vd5+y4yoPMkNzyABY+HdGU6NNuJecDgba3H6TYihsEyIQAXxB6aYSmZrDxNwS5oKinjuDMfZCiL5Yiru5d7H0C9Hb10UEMBt6PH9GzzzD+bXD0dbLHoZaWjB2bo7+K8/h2dtlFyZ5N76zlcJ58GGkvv07Sv0bAx204D7+NDJIhbLKqvP7tj/FP6PqwtioDgIOpVboMXBpZVHqXgzzsoOxthhCsQ4sarXGyC038IpUtGGZvYjlfRQPEbLwO3zhYACZzBCOTfpg4YmH+a+5UBqOT2+Hhq4W0JeKINYyhduXA7HsdArYL2Dk4dhgU8j8N73353uydqG7jjmGheSx0ga7BTmWddZI21n6XZOooLG801PgaaELqVQP1p5fY+aRpMKvQKnBXxl7e8FI5IwJ5wquVSkRM78+JEbfYV+mGm2ovIm59SSwCgjNb2fuXvSUSdBi1X/5K7Ys2kUvr2PzyNaobakHiUgCHSMruDb5H4IzVZoqIHb9SEwL00H/7Tsw2kVQsYlH1HJ0qG0ObYkWzGq1xdjtsXj9rr7Pd+AbPTHcp18p4MNsHBloBnHtGbiq0Hydy/QppeH4zE5oWtseZvoyiCV6sKn3NWYcTii8svn6Nv4c74daZlqQaJmiRpuluKxQPT6rm1JzQVn6YdlP2fQLehGJoAl90KaBG2xN9SAViaFlYAv/1XfexLIqmk8pIxzTe87Ei5EHsa5LkQ8RKqKxaflxoOtK7JjTB/7t+mDOjuX4ho5jxeab7F/VFLjih2NxuLhtBgZ2bou234zC6uUDYPvqIs7Hyj+KNsrUM8s4Vqbf1TQmef96MF8fzg3rwa1/Ca8Hs8m5bPp7VdKh2u6jalwVQMAHuC+9lGbwgiiTaG1LKVkHhFEulQzz5Axt2BxBz5ii//Kantz7l27uGkIOYgcasusm3b59m27f/pfiHr+iN5dnUeTM+qRj0oR+CDxC5y6dpQNLu5OL1Ijab0og5ZsS6EXYWHKXmlL7wLuUp0ymnT2tSLv+TLqYpUpZbOr8lrxzNMFZQICAHMdHUB6Vn1LLyoujsN1H6PSFKIo6H0wbRzQgXZEbTTyfW652lQyb+2TQqfHuJNWpS/1X7qOQkD20rG8d0pbUonGnMt5qIoFWtRCT2Hsi7Q89TaeObqXZXZxJKvOgieEvWdZFTtdmepCswXyKVRBRdio9uJdCWUSkjF9JPlpeNCdawVIbLGBVZ021na3f39X9Ia37SkzS7rvodYntY3FNRbXxtu0iz2G06eBxCgv+k+Z1siORbitaF//OE+rxF5P2J3XVF5H7tCiSv/tLxW1a1EhMhj3+oueMGm2oiKY5XmKyHHEiP8bl7KEeUjH5rIx/W2c27cqjcxOcSWTRlmb9dZIuRl2m82F/0x8bj9E9haoBg3ljc/llmlpLTA7jzqoef976S2Ddin5cu4uOHt9Pa4Y2IH2hLQ34+9mb+zMptKmdFom/WEJ33tVRHkmT3ERkPSKUcjRdZzY+fafDxuPor6OhFHpkG83uYEtC7Ra0Mu5tI5indHCAHYkMGtLQNfvp+JG/aM2PrchaUNCnKuQCNVJyWWz0wzIXsOgXituLqJFYmxoHBNLuI2EUfvYMhf6zm078m1N186nyEe3ubU+OffZQsjKPTv1gS5IGC+jWO7cnr6dWEil1+uMpxQV1JGuLr2hlTAr91k5KkjZB9Ljc/mXo2c7uZCTzoRX3lZrXBhs9s4pjbPyupjGJIp2S7tym27fO0CzvknIT+5xban+vYjpU631Uiat5J2mUjZR81ySSkjiKo9AER560nXpYyKj58nsVMpj84iRyk7jRpIvyDwWZ8ht10DWirttTCwTNdNrVQ58kvmso8X3B2XRtYTPS02lAQ0b7kZl+c1oSnaNSWSqqj1LC19PMmevoTIoG5ZJ1gPoYiKnpssI2V1e7SvVF8gby0xZT40W38geW8lha2EhM2v4b6RGTH3AKBazc6zS7nph02m+mFIZlwtjSnmRWIyg0l6FnW7uQjtSX1iQoKe/8j+Si04W2pauiDXaDvdLqrLm2q+Z3zUxwWGismLYrE9eQr1hK7Ta/8Y/a/MU8oz+7GZCozky6+rYqipj5VF9sSn0PZKjXhiwGBuza9ZoO9jEgkftoOpGqUE8sUMMEp1CblXG0rJmEZK3WU5LyTYxL3uBH2pLmtOLBG4sp4n4mb7ERfbcvU/N1ZuPT4nSYtI5aSiTUNiiF3nTTNdRSKiWfFffzdVDMYK9qwV4/KueCYvrFm4GuCQ06lqvesiotnyrp4fauZOUyjI6lMUT04YBQfnUm1RGb07CQVxQ1vTaJhE40PuIlHRtsQmLP2XSjnE3IjdtC3Wy1qe6ks5T5EZTBSs8qTXDK9rvaxiSlxN7y5tyi/b2q6bBS7sMmrir/o7Uttcm8+zZKkhNHMfDfvUIUMtIe+o79cNRuClaOcK609/nk0ZG4kpWOQ4NsIZNKIZVKIZWao9/+TCiTE/Ho/TsiUnhN2orFTe9h89pTcJgchAkekkp9W8/cJwBz545EC/PKe5tRmXoWq4a1hZeTBYwMzWBfbwKOvybkZOdq/HQUecxlXM+zQwtfl/zNWEJXtPS1R96NKJT4dF7sDr9Wdsi9dhkxrJ7g86Dn6AzTF4lIzHyB0MNnkaeMwpGQJ8hO/A9PLFzhrKWKNspBkTprru1Vz+/l7iHmTnDUZfD0SRoYqNFfPGO079MBBnf2Y1+0AoACN3ftQox5N/T309O4Ddm1Swb/mSvRi7bA39kNvv2mITD4DjKZquQwBzRrZg9F7A3cVryJcZZf90YrSRT2/f0fGBCenTmJaKkvOvrqfJQqlsenfDMnOOoSnqc9BwNAcfsGYpS28G5iV43eQ1effqpmbKlYPqW0w5g29SJ8F82Hn1FZLwSJ0GDOOTx4cBlLmokrVOus6PXo2Wo0or/ciIPzm0P3I1hO03rWWFwtZ84t2t+rrg4r/z6Fm2aPIcunwiG4Pxz17RBwnDtO7UPvvxm1wWfuGUTuG4casZsQeDqzgrfllfyOIhFI4IhBO67g+vXr7383Ym4hJvh/qFvg2ANlUgRO3MyDgYEIMXv/RFSWimVVNZh4BPXuiEmh2ui5ZBdCw0OxL3AkGhe7QU5d7Sr9PlTK/yv1nnw+QMQ64Ahd3eHKS8T9G0ex91xDTJ7cGFEH/kHU3XiQmzvchKppo1x2KFJnTbVdNb9rElU1JoRQCDAMo3JfLgt9vwHoZhGH3TsvIy/nPH7ffgfOfQbhS5m6bciHgA8o5IrS3ttl1S5Jjf7YeuMBrmyfAG8mHAu7ecDtq9k4k1ZVpqz05v1sXr6feSad0b+jLi7/uRt3FZk4c/wCBC06obUhr4rHwyI+FAAM89bOPB74oPw/VxPY66eUfqr22FI18mlm8BbseZiCPX3fLTLowu/Xh8i79hO8DNth42OCwNwS5rwMPH6cBRLow8bWCCJ6icePXoFnZgEzgWp9JfPSYnRqPQUPOmzHyS3fwfFjnW7GSs8s4tjHGJPwKmO8UaS/VzEdavI+hY2ZjpCV6xHjNhZ7L4RjXgsxOIqOWN6tJ5k4wKPjaPSt9yvWnLgJebtmKHf/lsogpZfIyPhwCCjyaIx64j8QeT0b9t0bQlbSPbKvYWmfMYjwXIaI1TJM8xmB/pNaIHJtWxTKxaWUpWJPx5OzG7D+BINWo0ZUzlMc+U1ciMpGnf/Nx+QetSEAgLxnsJfykKKCDdXmizqNUE/8B8JP34PCu9YbMSjicOp0AsSeDVBbVEJEYv5DREQChLU9UYvlIJZn6o7apkk4v3IL7jQegLUBebji9Qd+znoAa+/a0OcBArbaKJd7C9dZk21Xye88MSRiHujVS7wiQFZsnmFxTQW1wQaROv2l5YvhA2tiy6aN2O2ejT+feGP60Ab5MUhdNuSbwtyUj4x7cXjC+KO4g5ZUapfIFJ6dR8Gz8yjMvrMCHRpOwdQtfRHxP5eP/zRBfhdhpxIg9mqIOu8MyTNA+4C+sG39O3475YTHpwlfLesA048xqlXFpyx0eDLkFvKaeKJapXk2+imtn6rJhlUtn+p2WovrtxYXWERS4NL8Nhh64zsc2D0eTc144JE3mroyCAwOw4t+3WHEA+jFSRy/zKDGKG+Y8NjXh3m8B8O7zceTbrsQurYDLD9i52WlZxZx7OOMSWTQkvFA6S+QXiT2ljvnVnEdsilLtfuwRBGLU2efw3PUKHSq68CdolbaBOcNYkjEQE52ToV0JnT0RB29VOxfPActlK1gpniE2zmeCOjuAaFlL8wYvRZtl3aGf/pEjGjnATPRa6TcTYJRpwC0s+cDeIWIn/pjXlInbL88Au7mQOCaEDToMxyT2kdhQwfj9/P9UstSqaNH4ueBP2DZfWD7K0/8u7wCE7wSDVML9T1E2PvnYqzzHI5mNtpgMq4hKZdUs6G6fGHVC1OGrUC7Bd9isGQWvqvFIGb7XCyIdsbQ4J6w5OUHHPn5IMxcS2jpIsKDfQsw75IZvt3XE9Zse5WwNup75GHN0ZvovbczzC0V6NtiIvrsV6L7yJpv2sRKGyq4tJQ68zTadvZ+B88Atdytody4AQu2WcJf/zniUR9Du7jn+53NNRXVBptJq1r9JUTdISPx5YpxCBhN0OqyA/0c+eq3Ic8ErTs3h2TsUoyYZ4wxvtYQPL+Eh0x+MGTXrmyc+WU8QrRao6WXA4zEOUi+EIXkPClcTXRVWwXPScW9+6nIUdzH01yCPO0BYmMMITNygJuVtkr3YpIu4ViYOQyy43F60wL8EuOKkcE9YVHgJtImAQhoGIT5QyaCmLYI7GCi+qq9Ouqsik9L1eG3mDJ8BfwWd0V3ZiaGtbCHNPMSkhiUO4a/vjAXbb9Zjkc+KxG6awCc1D56YK+fUvupmmyIKpZP+Xo2cNMrdEOkGIrAk5jA0c0WBgIA8MSQ8W3x64jx6FtDgbHeQOSqidgPPwQNKlLfUuuTh8hl07GfuiBwsD3SbsUg7V09dG1Qw94AAg1qg5WeWcSxjzIm4enCw8sFzIogzNlshS6m6XigrIfhXeuoNN5Q3yKKJnRYdlms76NKXKVc5OQAEkllbt2o5ny4QUxaeONa+XaeUvz+CdSmhilpiYQkNXImnynH6cW7HWLKp3Rh/Ujyr2tN+hIhCWVGZF/vG1p9/c1OqdeRU8lDZkcDDz3N31SmTKY/uhiTuMYEOpulQlmsjzRJpcMj65ChYW0a8fcTqqwDdnLjD9HM7o3JyUyXJCIxaRuYkZ17Uxq2s+hJGGpqV1n3kSdR8Nwe1MBGl8QSPbJt2JPmBifmbwJ8u+lP6NCQmrsak1QkI5MabWj0thjKUqkeCoqe40USpzF0JvvN37wKHko20ib0c1yBlpehDVU2XJdZZ421XRW/EykfHaUpbVzJSCoiqaEjNZsU/IHf2VxTIW0Ue8DCcRpqLqb682NJoU5/veclhYywJ4GoLs28mld5NpQn0bFZX5OXlQ6JBAKS6JqSo2drmnSkYLwpo13MUwqd34OauJiStkhAApEOmbo0oZ6zj1CCirvt5VHTyF0Iepve3/74qsVh5hkdm9qGPO1NSFssIKHMmFx8+tPPYclUzPEilH54IFnz+WQ9NJhelSfCq6PObHzKVofyZApd0o+auxiTTCggkbYJ2Xu2pilHn5VrY/L95c1IzANB0p62pFVCNlBJP6XHcDb9gv1m86qaT0s6dSqNIlf3J287PZJI9MjO+3taeSHtw/JKq48ynlb4iIto+c1P0m4zPWU0rA22emYRx9j4Xd1jEubZaZrXsRaZyEQkMXSkphODVR5vlNnfq5oOVS6r+PuoFFdzwyjASkot1yZxp6iVAI+owCHalIKgto6YYX8AyZv8wb3RxwEmEatbumKy2TY839NTva+NVfU6V8e2c3CwQHn3Z/g02I7WZ6Iwt76IM0jRhb/Ma1jWrQ2mJQxEeOzP8OZMxMFpg6MqkXccQ22/RvycBzgxwhLcp7+LeUBZ+NmoIVxcjJF5aj8OxdZBc2MRJPqmMJRxb/dxcHBwVO+B2X1cvfMSlBGFTZMW4nHPrRhTjxudfTBuuHcEq1etwvrLxui/9Ud8wZmIg9MGR9WI4sh+kYqMXDmenz+AiHQj+LoYcZObEigyc5HAd/qvGGsXjoBGjrCyskfPrangvpPKwcHBUb2RX/sVfVt9geY9FuFWoxU4vKZTkY3YHADAz3yAW9nemBt2HkGdLbjBAwenDY4qMr9JxbZe9rCyckDD4adhNy4Q01tye3BKovArahwcHBwcHBwcHBwcHNUY7t0zDg4ODg4ODg4ODg5ugsPBwcHBwcHBwcHBwcFNcD5nKBOXNk3GD+siIf8Y5SvvYN/sCfg55Bm3r+pT8SkHx2ffB9NwbHpHtJwcglzOGhyfK1x+5+AofYKTd3cHAr50hYmWCHy+FG2CUop0FgYJq1pAIm2NwMcldKOsBEQeOYorTzXQzViVxaLOaqOUsigdkdtWYvPpRCgqks9TN8FfygOP9+Yn67Eb2Wz+o+Imdi1Zh8O3X6k1ALKpT7nrXLGIj8eh8/HtF84w05VB28gWtX36IuimQn0aU5NP1c3LUxPhZWyO5ouvamDipSY7azAmaNY+GhjjV9U+qIlcQFmIiziByAfpYCoSnzWZC6qaDatsPv2cUdHOlZTfq3fs/Qy1Sk+wwU8KPl8ELRNX+I7cgbt53AQHQBaOzRuD3577Y8vVeDx6lIDd35sVOSmEB7FUAh7EEJdwRKIidj36dxuP3fHKSm8Au7LKrrP6qPyyeMbdEHT1Jm5Gh2FGFTinkk19PkadKW0Pxnw7B+dNB2DNwTCcOLAZ84d1Ql0LQSVorEpFOGQl/IsHL57h7r+PkFdN7Ky5mKBZ+3zOfbDq9Z3qlws+73z6huyY9ehkLYS44ULcVpb/mrLi5qu4o1g5tjt83G1gZOSPwEcfDoqz4/7EoFo6cBofUckDdM3b+dOLvZqwIeHFld8woXMDOBhpQaJtAucmvbH4ZAqLBZcCyM9gjL3w/QJUwZ/QaQLOyQFAjv+OzEU/35ow15FAom0Gtxb9sfxsgad2PDP0+ysBjx7F48pv/kjbPAbzjmV9lhOcwt/BoQw8evwahk06wa+mTQkf+uRBz0AffJEIBjrV5ZBETdZZA2UJDGHvbggwyQjXrgI+YFOfj1BnZXw0YrPs0HPaFHzb9HP6YAEPFv134LrHA4hqeUGbs/NHtc/n3Ae5XFDdcmXVa5c8bjO+azcH0Xxpiccys7mmdHJwe8tgfDM5Ck7fDsaQRSPhZmsDZ+P8uymeXcPeNQsxf9XfuJPFwOYTs/OnGXs1YEPlPWyfPBdnLIfgp98XwVoZh/0Lp2NG9xzY3N6HvuYsyxXWx4SD59A7N39STWkhmPH9AiS2aY0aQgAQQJSdC/3WExE03RFaGbHY/8tPmNSdgdPdbfha/02bZYbmkAGw8O+MpkabcC85HQy0P789KVQQ5UNa95WULEecoFwqmdywkWTrPJ4i8or8Q95pGm0nIABFfnwyHRKcf0/lUzq3Zhi18bQjA5mMjJya0fcrIugp864au6iXjYScBh2iJ2//jnlykAbYy6jWuFOUzqhQVll1fgeTSodHepCRYW0a8fcTYqj8lFiWMoFWtRAT38SRXM11SCLRJau6XWjGP4kkL3idPImOL+hFje31SSo1IAfv3rQgJKnwNe/9JSZp9130uriKZN2iHePaUk1TGYllJuTm04gchGLyWRlPShXawzzZQ0M9bclIS0QCkTaZ12xFAb9dp5eMivVhe01ZlGWfErUhpia/3GPfdjYaY+vTMjQvv7KcOtaxIj2ZDpm5+9PQUd2onoUeGTj40v+OPGZdZ+bJRvKT5Ne1WDszzyh4Rkdq4m5HpnpSEol1ydqrC00/9B/lqeIHNnZWRNMcL3HhmJKzh3pIC+iQdX1yKSl0OQ31q0u2BlISibXI0KYOdVpx7Y2tWfiLlX3YaExdNmTTrirYB5nMa7QpoBW5W+iSWCgmbUNLcvH+kY5lqJYL2LWrDPu87YP57WHoRcQsamJgQE1+OvcmX6iSC9RIaWVp0obM8wsUOL43ta7vSjYmuiQRikimb0N+q/4lBVXdfMqkn6GJXpbUYuF5OjzKliQNFtAtherXlMXrC1OormVbWnkzq6SkQ9fneJNjswG09PBuGl9TTA7jzlLeR9RPmfmdTexlow02GqvCsVcTWmXy8grl+9zwseQgsqKAsNzyO59JpQP9bEhSawKFZ5Z8Wc6hfmQg8qI50YriGk8BVlJquTZJpTHfp0KRCU4SrW0pJeuAsFInOMyTM7RhcwQ9+0AJr+nJvX/p5q4h5CB2oCG7btLt27fp9u1/Ke7xq7fCyaLImfVJx6QJ/RB4hM5dOksHlnYnF6kRtd+U8NYJDL0IG0vuUlNqH3iX8pTJtLOnFWnXn0kXs1Qpi02d33XQczTBWUCAgBzHR1QocJVY1ttELPIcRpsOHqew4D9pXic7Eum2onXx7+SXQafGu5NUpy71X7mPQkL20LK+dUhbUovGncpgP1BhntLBAXYkMmhIQ9fsp+NH/qI1P7Yia4HqExzKi6Ow3Ufo9IUoijofTBtHNCBdkRtNPJ/7EQZXbOxTsjYSnqviWRYaY+XTsjWfc/h7MpQ0o1mnLtKB0XVIJGtKM4LP0vZBbiRx+ZHOs622Ip2S7tym27fO0CzvEuz8rs6Nx9FfR0Mp9Mg2mt3BloTaLWhlnEIt9nlvZzZJllV9lJS8uw/Zi2Tk1H4ird7xN4WEnaDDf/5KOyJfvO3vLPzFxj5sNKY2G7JpV1Xrg3l0boIziSza0qy/TtLFqMt0Puxv+mPjMbqnUDE+l9kuFvYpNMFR0pMTU8jbyIR8ZodTGqNK/lI/JZelSRsSKW4vokZibWocEEi7j4RR+NkzFPrPbjrxb07VzafKR7S7tz059tlDyco8OvVDMZMXNteU6aTn9FcPQ5LYN6Cm7tZkrG9IVrXb0MhNVymjYPsY5o0d5Jdpai3NTHBKtDOb/M5yglO2NthorOrGXk2O/d6WSM92dicjmQ+tuF/+acWrM+PIVWxJffY9K2HSpaCX/52mXzpZk47ndLqQXVzbTtIoGyn5rknkJjjypO3Uw0JGzZffq5Ax5BcnkZvEjSZdlH/o+pTfqIOuEXXdnlrAaem0q4c+SXzXUOL7grPp2sJmpKfTgIaM9iMz/ea0JDpHpbJUjKaUEr6eZs5cR2dSKkkKH6w0EikT15CvWErtNr+xB5O8gfy0xdR40a38FQF5LC1sJCZt/430iGE3UFEmrKGWUin5rLif78tiglu5yDpAfQzE1HRZEZ1oYHClin3UpY1S78PGpyw0n3P4ezKUdaWdr4hyjwwkY1kX2p5JlBs8hMxkHemPF6pqrRQ7F1fnpHXUUiKhtkEpKq9glWofFSY4pdYn9yyNcxKSgV8gxSsqUB8W9mGlMXXZUIV2VZU+SPSaDvYxIJH7aDqRqqi4L0prFxv7vPNFt9/pyu99yE3fiboHRtOrKp16NWjD94NYExp0LFe9ZVVaPlXSw+1dycplGB1LY4iouMkLm2vY9MEQGmYuIscuC2hn6EW6fv087fupDZkLLanv/mIGlxqc4JQ8lGCR31Wa4JStDTbxp1rF3koa++XGbaFuttpUd9JZyiy3gxMpqK0uaTdfRncUxc3Jt1IXHQHxeDzim35FSy6/LOE+/9Haltpk3n0bJcnps+PtK3l5CBlpD33HfjhqNwUrRzhX2rt68uhIXMlKx6FBtpBJpZBKpZBKzdFvfyaUyYl49H5XlhRek7ZicdN72Lz2FBwmB2GCh6QSX9bjw9wnAHPnjkQLc829qcg3d4KjLoOnT9LAAJDHXMb1PDu08HXJ3yAldEVLX3vk3YhCLMtdjYrbNxCjtIV3E7sK+1KZeharhrWFl5MFjAzNYF9vAo6/JuRk52r8tBZ12UejPmWt+Xc34IEHAjEA+HzwwYBhKtfSfDMnOOoSnqc9V21jpIbqwyRdxMWHAjTp2Q32gqqpsfLYkG27qlIfBGTwn7kSvWgL/J3d4NtvGgKD7yCTUX9sUcXveWET0GrwYdjMC8bO4R5VfG+V5mz4kXpwhfIppR3GtKkX4btoPvyMeOW+hlVZr5KRnM6Ha4ch+LZVY3h6NkHXmasxrl4a/v4zFC+roHrUmd+rksY0GXsrY+yXFb0ePVuNRvSXG3FwfnPoltfeMb9h/WkJOo8bCNdi4h5PvzPWXLiIM4c3YUrjeMz2a4+l14o5JJ9vjyHLp8IhuD8c9e0QcPzzOk7trTfF8Jl7BpH7xqFG7CYEns6s8MYuXsmbfkACRwzacQXXr19//7sRcwsxwf9D3QLHHiiTInDiZh4MDESI2fsnorJULKtaIIRQCDBMfrekUuzK3gU88EEVHxgz8Qjq3RGTQrXRc8kuhIaHYl/gSDT+iJse1WIfdemZjU9V0Pyb4gQQCPjgVaQ5PFXrzIdAgEqYSPEh4AMKuUL1/1ewPjw++AD4fL56/FWGfcqnsXLYkE27qmAflNToj603HuDK9gnwZsKxsJsH3L6ajTNpxN4XbNqlgt+FtbtjSAstnJ09EHNOp1X5b4FozIaVGusqh8zgLdjzMAV7+r5bFNKF368PkXftJ3gZtsPGx8TqGlYtFokh4jF4kfYif3AssIGdNR+5T1ORwVRB8bDK7+WNvRXRWDWKvWoelWReWoxOrafgQYftOLnlOziW+7wdBa7u3Ilbxl/j+3aGxbearw/bOg3g02EQFuzdgiF6kVi98dyHp9JROkJWrkeM21jsvRCOeS3En+MEB5CZOMCj42j0rfcUYSduVuz4Q6kMUnqJjGIig8ijMeqJkxB5PRv2NWuiZoFfDSczyN5dmH0NS/uMQYTnMkRcXIs2yb+g/6QQvCD2ZanYi/HkbCB+mrUe4U8+XkQT1WmEeuJEhJ++l/9dFUUcTp1OgNizAWoX7DQ8MSRiHujVS7yi4uyciJMhtyp2FKP8Ji5EZaPOoPmY3ONL1Peoi4bN6sNeWky3K6U+Kl2jLvuoiwpqjLXm3yL224CUlwfQR68ilZZBS8YDpb9A+scc6fFNYW7KR8a9OFSkW/FtGqCBlRIX9h1EklId/irZPprUGKt2VbE+mG8oU3h2HoXFOyJw9+oS1L6yCFO33C+8glqaL1i0SxW/8y1bYe6xCGzt8hwrurTFxBNPq/4HDzVgQ03GOnXlU91Oa3H9Vgyi3y8IRWFjL3OI3EfjwMUN6GHGY3UNq/rIaqKOM3D77Dm8/3yL/A5i7yqh7+QMkyp49BSr/K6m2KuSxqpR7FXn2I95vAfDu83Hk247cXxtF9gIK1CWIgaHj8TDwK8LWmixXCTjA0plMQFSEYtTZ5/Ds88odKrrABPZZzW/KXJMNMSQiIGc7JwKJQahoyfq6KVi/+I5aKFsBTPFI9zO8URAdw8ILXthxui1aLu0M/zTJ2JEOw+YiV4j5W4SjDoFoJ09H8ArRPzUH/OSOmH75RFwNwcC14SgQZ/hmNQ+Chs6GL+f1ZZalkqdOBI/D/wBy+4D21954t/lzfAxDrzlWfXClGEr0G7BtxgsmYXvajGI2T4XC6KdMTS4JywLxhSeAWq5W0O5cQMWbLOEv/5zxKM+hnZxh9DyW0wZvgJ+i7uiOzMTw1rYQ5p5CUkMVGuXsBbqe4iw98/FWOc5HM1stMFkXENSbjEKKa0+qlyjLvuoq5NUUGM8VppXt5B04eHlAmZFEOZstkIX03Q8UNbD8K51VOsXFa6HCVp3bg7J2KUYMc8YY3ytIXh+CQ8ZqFYPcXNMmNMJewb9gJadbmHc9y1Ry0wCReZjxKMBhn6drx9W/irNPmw0pq6RM5t2VbE+CGTjzC/jEaLVGi29HGAkzkHyhSgk50nhaqJbaMWxVF+waZcKfgcASJzRa2MIJPzW6PNtNxiHHMPUhqq/rPb6wly0/WY5HvmsROiuAXBSexfVoA01GOvUlU/5ejZwK7TAI0eKoQg8iQkc3WxhIADA5ho29RF64vthzbDqx1kYusQMs/yNcH/bj1j/oAZGbG6ZvwCVk4p791ORo7iPp7kEedoDxMYYQmbkADcr7UI+q2z98Njkd3XFXhU0Vq1ir9rGfnmIXDYd+6kLAgfbI+1WDNLe6VjXBjXsDSBQoSwm5Rwi7vLRcNwXHyx+gklB8KpNiLeujxrm2qDM/3B+6yJsfGiPwd96f/hpF8pFTg4gkUjwWfLh5q+yj4lmse2Y4vdPoDY1TElLJCSpkTP5TDlOL97t/lI+pQvrR5J/XWvSlwhJKDMi+3rf0Orrb3ZBvY6cSh4yOxp46Gn+hjFlMv3RxZjENSbQ2SwVylLhSL7DI+uQoRqOiVblkAHKPU5DzcVUf37s+yMZSZ5EwXN7UAMbXRJL9Mi2YU+aG5xI8mIPmjlKU9q4kpFURFJDR2o2KTi/7fJkCl3Sj5q7GJNMKCCRtgnZe7amKUefqdS+3PhDNLN7Y3Iy0yWJSEzaBmZk596Uhu388GSOUuujwjWly4udfdS3YbYUjbH1aRmaL3jIQOH9r8PIQtaetqSprkjm2Wma17EWmchEJDF0pKYTg1WrszoOGXjrr2OzviYvKx0SCQQk0TUlR8/WNOnI02JOwSqtPjkUf2wJDWpVm6z0JCQQiEnXsha1nHysyGlZ7GJCifZhozG12rDsdlWpPsg8pdD5PaiJiylpiwQkEOmQqUsT6jn7CCXkqZYL2LWrDPsU64tYWu6rTyKnYXRU5b6jpPvLm5GYB4KkfH2vqtmQ/UbyqppP2RwgUMo1ZdVHmUKnlvSmL+wNSCLWIrPaHWjKwfhChwjIo6aRu/DDY5A/HC9pQD9s83tZsZelNtjHn+oWe9WgVWU8rfARF3NENkjSbvP7T0GwLSv35EiyFjnS+OLOtVbE0c4xHamRsylpi4Qk0bOkWl/2pfn/xFNOsY77vI+J5hFRga8KpSCorSNm2B9A8iZ/iMHBwcHBwfGZLfxlXsOybm0wLWEgwmN/hreIswkHpx+OakbecQy1/Rrxcx7gxAhLfG6fdy78pJJnCBcXY2Se2o9DsXXQ3FgEib4pDGV8TigcHBwcHJ/+mODeEaxetQrrLxuj/9Yf8QU3OOXg9MNRfabXyH6RioxcOZ6fP4CIdCP4uhh9dpMbAEVPGJTAd/qvGGsXjoBGjrCyskfPralVf6MmBwcHBweHOpJi5gPcyvbG3LDzCOps8VkODDg4/XBU1/lNKrb1soeVlQMaDj8Nu3GBmN7y89yDU/gVNQ4ODg4ODg4ODg4OjmoM9+4ZBwcHBwcHBwcHBwc3weHg4ODg4ODg4ODg4OAmOByfJ5SJS5sm44d1kRX7iGx1QHkH+2ZPwM8hz9S7f41eIur36Rj366VP34YcXD/l4OCoHrmJg6MK8n/fXzdDXfXrrwAAAABJRU5ErkJggg==" srcset="" sizes="" width="824"&gt;&lt;/p&gt;&lt;p&gt;The file would be created in the same directory as that of the .py file if you just enter the name of the file in the context manager, to create/save it at a different location we need to give it’s absolute or relative path. Also, the program can generate error for unknown characters in the caption. However, the subtitle file will be created with known characters.&lt;/p&gt;&lt;br&gt;&lt;/div&gt;&lt;/div&gt;</description><author>Vivek Gite</author><pubDate>Sat, 23 Oct 2021 15:11:55 GMT</pubDate><guid isPermaLink="true">https://www.189778.com</guid></item><item><title>Mighty have the fallen</title><link>https://www.674575.com</link><description>674575</description><pubDate>Sat, 23 Oct 2021 14:57:21 GMT</pubDate><guid isPermaLink="true">https://www.674575.com</guid></item><item><title>Tacos Galore</title><link>https://www.130005.com</link><description>130005</description><pubDate>Sat, 23 Oct 2021 14:56:02 GMT</pubDate><guid isPermaLink="true">https://www.130005.com</guid></item></channel></rss>
