<?xml version="1.0" encoding="UTF-8"?>
<rss version="2.0" xmlns:dc="http://purl.org/dc/elements/1.1/"><channel><title>My Reading List</title><link>https://raw.githubusercontent.com/bryan-crompton/custom-rss/main/my-reading-list.xml</link><description>My personal reading list feed created from bookmarks</description><language>en-US</language><lastBuildDate>Sat, 23 Oct 2021 14:13:19 GMT</lastBuildDate><generator>rfeed v1.0.0</generator><docs>https://github.com/svpino/rfeed/blob/master/README.md</docs><item><title>My 10 UNIX Command Line Mistakes</title><link>https://www.{num}.com</link><description>430891</description><pubDate>Sat, 23 Oct 2021 14:13:08 GMT</pubDate><guid isPermaLink="true">https://www.{num}.com</guid></item><item><title>My 10 UNIX Command Line Mistakes</title><link>https://www.{num}.com</link><description>357126</description><pubDate>Sat, 23 Oct 2021 14:13:09 GMT</pubDate><guid isPermaLink="true">https://www.{num}.com</guid></item><item><title>My 10 UNIX Command Line Mistakes</title><link>https://www.{num}.com</link><description>781648</description><pubDate>Sat, 23 Oct 2021 14:13:09 GMT</pubDate><guid isPermaLink="true">https://www.{num}.com</guid></item><item><title>My 10 UNIX Command Line Mistakes</title><link>https://www.{num}.com</link><description>373109</description><pubDate>Sat, 23 Oct 2021 14:13:17 GMT</pubDate><guid isPermaLink="true">https://www.{num}.com</guid></item><item><title>My 10 UNIX Command Line Mistakes</title><link>https://www.{num}.com</link><description>774754</description><author>Vivek Gite</author><pubDate>Sat, 23 Oct 2021 14:13:19 GMT</pubDate><guid isPermaLink="true">https://www.{num}.com</guid></item></channel></rss>
