<?xml version="1.0" encoding="UTF-8"?>
<rss version="2.0" xmlns:dc="http://purl.org/dc/elements/1.1/"><channel><title>My Reading List</title><link>https://raw.githubusercontent.com/bryan-crompton/custom-rss/main/test-feed.xml</link><description>My personal reading list feed created from bookmarks</description><language>en-US</language><lastBuildDate>Sat, 23 Oct 2021 14:56:02 GMT</lastBuildDate><generator>rfeed v1.0.0</generator><docs>https://github.com/svpino/rfeed/blob/master/README.md</docs><item><title>Tacos Galore</title><link>https://www.130005.com</link><description>130005</description><author>Vivek Gite</author><pubDate>Sat, 23 Oct 2021 14:56:02 GMT</pubDate><guid isPermaLink="true">https://www.130005.com</guid></item><item><title>Tacos Galore</title><link>https://www.249104.com</link><description>249104</description><pubDate>Sat, 23 Oct 2021 14:55:58 GMT</pubDate><guid isPermaLink="true">https://www.249104.com</guid></item><item><title>Tacos Galore</title><link>https://www.{num}.com</link><description>423958</description><pubDate>Sat, 23 Oct 2021 14:30:15 GMT</pubDate><guid isPermaLink="true">https://www.{num}.com</guid></item></channel></rss>
