<?xml version="1.0" encoding="UTF-8"?>
<rss version="2.0" xmlns:dc="http://purl.org/dc/elements/1.1/"><channel><title>My Reading List</title><link>https://raw.githubusercontent.com/bryan-crompton/custom-rss/main/my-reading-list.xml</link><description>My personal reading list feed created from bookmarks</description><language>en-US</language><lastBuildDate>Sat, 23 Oct 2021 14:15:45 GMT</lastBuildDate><generator>rfeed v1.0.0</generator><docs>https://github.com/svpino/rfeed/blob/master/README.md</docs><item><title>My 10 UNIX Command Line Mistakes</title><link>https://www.{num}.com</link><description>129085</description><pubDate>Sat, 23 Oct 2021 14:14:41 GMT</pubDate><guid isPermaLink="true">https://www.{num}.com</guid></item><item><title>My 10 UNIX Command Line Mistakes</title><link>https://www.{num}.com</link><description>836957</description><pubDate>Sat, 23 Oct 2021 14:14:47 GMT</pubDate><guid isPermaLink="true">https://www.{num}.com</guid></item><item><title>My 10 UNIX Command Line Mistakes</title><link>https://www.{num}.com</link><description>233632</description><pubDate>Sat, 23 Oct 2021 14:14:53 GMT</pubDate><guid isPermaLink="true">https://www.{num}.com</guid></item><item><title>My 10 UNIX Command Line Mistakes</title><link>https://www.{num}.com</link><description>650741</description><pubDate>Sat, 23 Oct 2021 14:15:13 GMT</pubDate><guid isPermaLink="true">https://www.{num}.com</guid></item><item><title>My 10 UNIX Command Line Mistakes</title><link>https://www.{num}.com</link><description>184666</description><author>Vivek Gite</author><pubDate>Sat, 23 Oct 2021 14:15:45 GMT</pubDate><guid isPermaLink="true">https://www.{num}.com</guid></item></channel></rss>
