<?xml version="1.0" encoding="UTF-8"?>
<rss version="2.0" xmlns:dc="http://purl.org/dc/elements/1.1/"><channel><title>My Reading List</title><link>https://raw.githubusercontent.com/bryan-crompton/custom-rss/main/my-reading-list.xml</link><description>My personal reading list feed created from bookmarks</description><language>en-US</language><lastBuildDate>Sat, 23 Oct 2021 14:20:40 GMT</lastBuildDate><generator>rfeed v1.0.0</generator><docs>https://github.com/svpino/rfeed/blob/master/README.md</docs><item><title>My 10 UNIX Command Line Mistakes</title><link>https://www.{num}.com</link><description>643593</description><pubDate>Sat, 23 Oct 2021 14:15:54 GMT</pubDate><guid isPermaLink="true">https://www.{num}.com</guid></item><item><title>My 10 UNIX Command Line Mistakes</title><link>https://www.{num}.com</link><description>177310</description><pubDate>Sat, 23 Oct 2021 14:18:18 GMT</pubDate><guid isPermaLink="true">https://www.{num}.com</guid></item><item><title>My 10 UNIX Command Line Mistakes</title><link>https://www.{num}.com</link><description>874572</description><pubDate>Sat, 23 Oct 2021 14:18:21 GMT</pubDate><guid isPermaLink="true">https://www.{num}.com</guid></item><item><title>Another one</title><link>https://www.{num}.com</link><description>3499</description><pubDate>Sat, 23 Oct 2021 14:19:04 GMT</pubDate><guid isPermaLink="true">https://www.{num}.com</guid></item><item><title>Another one</title><link>https://www.{num}.com</link><description>107909</description><author>Vivek Gite</author><pubDate>Sat, 23 Oct 2021 14:20:40 GMT</pubDate><guid isPermaLink="true">https://www.{num}.com</guid></item></channel></rss>
