<?xml version="1.0" encoding="UTF-8"?>
<rss version="2.0" xmlns:dc="http://purl.org/dc/elements/1.1/"><channel><title>My Reading List</title><link>https://raw.githubusercontent.com/bryan-crompton/custom-rss/main/my-reading-list.xml</link><description>My personal reading list feed created from bookmarks</description><language>en-US</language><lastBuildDate>Sat, 23 Oct 2021 14:11:36 GMT</lastBuildDate><generator>rfeed v1.0.0</generator><docs>https://github.com/svpino/rfeed/blob/master/README.md</docs><item><title>My 10 UNIX Command Line Mistakes</title><link>https://www.{num}.com</link><description>350240</description><pubDate>Sat, 23 Oct 2021 14:11:27 GMT</pubDate><guid isPermaLink="true">https://www.{num}.com</guid></item><item><title>My 10 UNIX Command Line Mistakes</title><link>https://www.{num}.com</link><description>141797</description><pubDate>Sat, 23 Oct 2021 14:11:29 GMT</pubDate><guid isPermaLink="true">https://www.{num}.com</guid></item><item><title>My 10 UNIX Command Line Mistakes</title><link>https://www.{num}.com</link><description>802586</description><pubDate>Sat, 23 Oct 2021 14:11:33 GMT</pubDate><guid isPermaLink="true">https://www.{num}.com</guid></item><item><title>My 10 UNIX Command Line Mistakes</title><link>https://www.{num}.com</link><description>382698</description><pubDate>Sat, 23 Oct 2021 14:11:35 GMT</pubDate><guid isPermaLink="true">https://www.{num}.com</guid></item><item><title>My 10 UNIX Command Line Mistakes</title><link>https://www.{num}.com</link><description>350847</description><author>Vivek Gite</author><pubDate>Sat, 23 Oct 2021 14:11:36 GMT</pubDate><guid isPermaLink="true">https://www.{num}.com</guid></item></channel></rss>
